<?xml version="1.0" encoding="UTF-8"?>
<testsuite errors="0" failures="0" name="create_formatted_resistance_string_tests.CreateFormattedResistanceStringTests-20181024183402" skipped="0" tests="2" time="0.000" timestamp="2018-10-24T18:34:03">
	<testcase classname="create_formatted_resistance_string_tests.CreateFormattedResistanceStringTests" name="testCreateFormattedResistanceStringFourBandGreenBlueBrownRed" time="0.000" timestamp="2018-10-24T18:34:03"/>
	<testcase classname="create_formatted_resistance_string_tests.CreateFormattedResistanceStringTests" name="testCreateFormattedResistanceStringFourBandRedBrownBlackBrown" time="0.000" timestamp="2018-10-24T18:34:03"/>
	<system-out>
<![CDATA[]]>	</system-out>
	<system-err>
<![CDATA[]]>	</system-err>
</testsuite>
