<?xml version="1.0" encoding="UTF-8"?>
<testsuite errors="0" failures="0" name="decode_significant_figures_tests.TestDecodeSignificantFiguresTests-20181024183746" skipped="0" tests="1102" time="0.082" timestamp="2018-10-24T18:37:46">
	<testcase classname="decode_significant_figures_tests.TestDecodeSignificantFiguresTests" name="testDecodeFiveBandSignificantFigures" time="0.008" timestamp="2018-10-24T18:37:46"/>
	<testcase classname="decode_significant_figures_tests.TestDecodeSignificantFiguresTests" name="testDecodeFourBandSignificantFigures" time="0.001" timestamp="2018-10-24T18:37:46"/>
	<testcase classname="decode_significant_figures_tests.TestDecodeSignificantFiguresTests" name="testDecodeSigFigWhenFiveBandsWithBlackBlackBlack" time="0.000" timestamp="2018-10-24T18:37:46"/>
	<testcase classname="decode_significant_figures_tests.TestDecodeSignificantFiguresTests" name="testDecodeSigFigWhenFiveBandsWithBlackBlackBlue" time="0.000" timestamp="2018-10-24T18:37:46"/>
	<testcase classname="decode_significant_figures_tests.TestDecodeSignificantFiguresTests" name="testDecodeSigFigWhenFiveBandsWithBlackBlackBrown" time="0.000" timestamp="2018-10-24T18:37:46"/>
	<testcase classname="decode_significant_figures_tests.TestDecodeSignificantFiguresTests" name="testDecodeSigFigWhenFiveBandsWithBlackBlackGreen" time="0.000" timestamp="2018-10-24T18:37:46"/>
	<testcase classname="decode_significant_figures_tests.TestDecodeSignificantFiguresTests" name="testDecodeSigFigWhenFiveBandsWithBlackBlackGrey" time="0.000" timestamp="2018-10-24T18:37:46"/>
	<testcase classname="decode_significant_figures_tests.TestDecodeSignificantFiguresTests" name="testDecodeSigFigWhenFiveBandsWithBlackBlackOrange" time="0.000" timestamp="2018-10-24T18:37:46"/>
	<testcase classname="decode_significant_figures_tests.TestDecodeSignificantFiguresTests" name="testDecodeSigFigWhenFiveBandsWithBlackBlackRed" time="0.000" timestamp="2018-10-24T18:37:46"/>
	<testcase classname="decode_significant_figures_tests.TestDecodeSignificantFiguresTests" name="testDecodeSigFigWhenFiveBandsWithBlackBlackViolet" time="0.000" timestamp="2018-10-24T18:37:46"/>
	<testcase classname="decode_significant_figures_tests.TestDecodeSignificantFiguresTests" name="testDecodeSigFigWhenFiveBandsWithBlackBlackWhite" time="0.000" timestamp="2018-10-24T18:37:46"/>
	<testcase classname="decode_significant_figures_tests.TestDecodeSignificantFiguresTests" name="testDecodeSigFigWhenFiveBandsWithBlackBlackYellow" time="0.000" timestamp="2018-10-24T18:37:46"/>
	<testcase classname="decode_significant_figures_tests.TestDecodeSignificantFiguresTests" name="testDecodeSigFigWhenFiveBandsWithBlackBlueBlack" time="0.000" timestamp="2018-10-24T18:37:46"/>
	<testcase classname="decode_significant_figures_tests.TestDecodeSignificantFiguresTests" name="testDecodeSigFigWhenFiveBandsWithBlackBlueBlue" time="0.000" timestamp="2018-10-24T18:37:46"/>
	<testcase classname="decode_significant_figures_tests.TestDecodeSignificantFiguresTests" name="testDecodeSigFigWhenFiveBandsWithBlackBlueBrown" time="0.000" timestamp="2018-10-24T18:37:46"/>
	<testcase classname="decode_significant_figures_tests.TestDecodeSignificantFiguresTests" name="testDecodeSigFigWhenFiveBandsWithBlackBlueGreen" time="0.000" timestamp="2018-10-24T18:37:46"/>
	<testcase classname="decode_significant_figures_tests.TestDecodeSignificantFiguresTests" name="testDecodeSigFigWhenFiveBandsWithBlackBlueGrey" time="0.000" timestamp="2018-10-24T18:37:46"/>
	<testcase classname="decode_significant_figures_tests.TestDecodeSignificantFiguresTests" name="testDecodeSigFigWhenFiveBandsWithBlackBlueOrange" time="0.000" timestamp="2018-10-24T18:37:46"/>
	<testcase classname="decode_significant_figures_tests.TestDecodeSignificantFiguresTests" name="testDecodeSigFigWhenFiveBandsWithBlackBlueRed" time="0.000" timestamp="2018-10-24T18:37:46"/>
	<testcase classname="decode_significant_figures_tests.TestDecodeSignificantFiguresTests" name="testDecodeSigFigWhenFiveBandsWithBlackBlueViolet" time="0.000" timestamp="2018-10-24T18:37:46"/>
	<testcase classname="decode_significant_figures_tests.TestDecodeSignificantFiguresTests" name="testDecodeSigFigWhenFiveBandsWithBlackBlueWhite" time="0.000" timestamp="2018-10-24T18:37:46"/>
	<testcase classname="decode_significant_figures_tests.TestDecodeSignificantFiguresTests" name="testDecodeSigFigWhenFiveBandsWithBlackBlueYellow" time="0.000" timestamp="2018-10-24T18:37:46"/>
	<testcase classname="decode_significant_figures_tests.TestDecodeSignificantFiguresTests" name="testDecodeSigFigWhenFiveBandsWithBlackBrownBlack" time="0.000" timestamp="2018-10-24T18:37:46"/>
	<testcase classname="decode_significant_figures_tests.TestDecodeSignificantFiguresTests" name="testDecodeSigFigWhenFiveBandsWithBlackBrownBlue" time="0.000" timestamp="2018-10-24T18:37:46"/>
	<testcase classname="decode_significant_figures_tests.TestDecodeSignificantFiguresTests" name="testDecodeSigFigWhenFiveBandsWithBlackBrownBrown" time="0.000" timestamp="2018-10-24T18:37:46"/>
	<testcase classname="decode_significant_figures_tests.TestDecodeSignificantFiguresTests" name="testDecodeSigFigWhenFiveBandsWithBlackBrownGreen" time="0.000" timestamp="2018-10-24T18:37:46"/>
	<testcase classname="decode_significant_figures_tests.TestDecodeSignificantFiguresTests" name="testDecodeSigFigWhenFiveBandsWithBlackBrownGrey" time="0.000" timestamp="2018-10-24T18:37:46"/>
	<testcase classname="decode_significant_figures_tests.TestDecodeSignificantFiguresTests" name="testDecodeSigFigWhenFiveBandsWithBlackBrownOrange" time="0.000" timestamp="2018-10-24T18:37:46"/>
	<testcase classname="decode_significant_figures_tests.TestDecodeSignificantFiguresTests" name="testDecodeSigFigWhenFiveBandsWithBlackBrownRed" time="0.000" timestamp="2018-10-24T18:37:46"/>
	<testcase classname="decode_significant_figures_tests.TestDecodeSignificantFiguresTests" name="testDecodeSigFigWhenFiveBandsWithBlackBrownViolet" time="0.000" timestamp="2018-10-24T18:37:46"/>
	<testcase classname="decode_significant_figures_tests.TestDecodeSignificantFiguresTests" name="testDecodeSigFigWhenFiveBandsWithBlackBrownWhite" time="0.000" timestamp="2018-10-24T18:37:46"/>
	<testcase classname="decode_significant_figures_tests.TestDecodeSignificantFiguresTests" name="testDecodeSigFigWhenFiveBandsWithBlackBrownYellow" time="0.000" timestamp="2018-10-24T18:37:46"/>
	<testcase classname="decode_significant_figures_tests.TestDecodeSignificantFiguresTests" name="testDecodeSigFigWhenFiveBandsWithBlackGreenBlack" time="0.000" timestamp="2018-10-24T18:37:46"/>
	<testcase classname="decode_significant_figures_tests.TestDecodeSignificantFiguresTests" name="testDecodeSigFigWhenFiveBandsWithBlackGreenBlue" time="0.000" timestamp="2018-10-24T18:37:46"/>
	<testcase classname="decode_significant_figures_tests.TestDecodeSignificantFiguresTests" name="testDecodeSigFigWhenFiveBandsWithBlackGreenBrown" time="0.000" timestamp="2018-10-24T18:37:46"/>
	<testcase classname="decode_significant_figures_tests.TestDecodeSignificantFiguresTests" name="testDecodeSigFigWhenFiveBandsWithBlackGreenGreen" time="0.000" timestamp="2018-10-24T18:37:46"/>
	<testcase classname="decode_significant_figures_tests.TestDecodeSignificantFiguresTests" name="testDecodeSigFigWhenFiveBandsWithBlackGreenGrey" time="0.000" timestamp="2018-10-24T18:37:46"/>
	<testcase classname="decode_significant_figures_tests.TestDecodeSignificantFiguresTests" name="testDecodeSigFigWhenFiveBandsWithBlackGreenOrange" time="0.000" timestamp="2018-10-24T18:37:46"/>
	<testcase classname="decode_significant_figures_tests.TestDecodeSignificantFiguresTests" name="testDecodeSigFigWhenFiveBandsWithBlackGreenRed" time="0.000" timestamp="2018-10-24T18:37:46"/>
	<testcase classname="decode_significant_figures_tests.TestDecodeSignificantFiguresTests" name="testDecodeSigFigWhenFiveBandsWithBlackGreenViolet" time="0.000" timestamp="2018-10-24T18:37:46"/>
	<testcase classname="decode_significant_figures_tests.TestDecodeSignificantFiguresTests" name="testDecodeSigFigWhenFiveBandsWithBlackGreenWhite" time="0.000" timestamp="2018-10-24T18:37:46"/>
	<testcase classname="decode_significant_figures_tests.TestDecodeSignificantFiguresTests" name="testDecodeSigFigWhenFiveBandsWithBlackGreenYellow" time="0.000" timestamp="2018-10-24T18:37:46"/>
	<testcase classname="decode_significant_figures_tests.TestDecodeSignificantFiguresTests" name="testDecodeSigFigWhenFiveBandsWithBlackGreyBlack" time="0.000" timestamp="2018-10-24T18:37:46"/>
	<testcase classname="decode_significant_figures_tests.TestDecodeSignificantFiguresTests" name="testDecodeSigFigWhenFiveBandsWithBlackGreyBlue" time="0.000" timestamp="2018-10-24T18:37:46"/>
	<testcase classname="decode_significant_figures_tests.TestDecodeSignificantFiguresTests" name="testDecodeSigFigWhenFiveBandsWithBlackGreyBrown" time="0.000" timestamp="2018-10-24T18:37:46"/>
	<testcase classname="decode_significant_figures_tests.TestDecodeSignificantFiguresTests" name="testDecodeSigFigWhenFiveBandsWithBlackGreyGreen" time="0.000" timestamp="2018-10-24T18:37:46"/>
	<testcase classname="decode_significant_figures_tests.TestDecodeSignificantFiguresTests" name="testDecodeSigFigWhenFiveBandsWithBlackGreyGrey" time="0.000" timestamp="2018-10-24T18:37:46"/>
	<testcase classname="decode_significant_figures_tests.TestDecodeSignificantFiguresTests" name="testDecodeSigFigWhenFiveBandsWithBlackGreyOrange" time="0.000" timestamp="2018-10-24T18:37:46"/>
	<testcase classname="decode_significant_figures_tests.TestDecodeSignificantFiguresTests" name="testDecodeSigFigWhenFiveBandsWithBlackGreyRed" time="0.000" timestamp="2018-10-24T18:37:46"/>
	<testcase classname="decode_significant_figures_tests.TestDecodeSignificantFiguresTests" name="testDecodeSigFigWhenFiveBandsWithBlackGreyViolet" time="0.000" timestamp="2018-10-24T18:37:46"/>
	<testcase classname="decode_significant_figures_tests.TestDecodeSignificantFiguresTests" name="testDecodeSigFigWhenFiveBandsWithBlackGreyWhite" time="0.000" timestamp="2018-10-24T18:37:46"/>
	<testcase classname="decode_significant_figures_tests.TestDecodeSignificantFiguresTests" name="testDecodeSigFigWhenFiveBandsWithBlackGreyYellow" time="0.000" timestamp="2018-10-24T18:37:46"/>
	<testcase classname="decode_significant_figures_tests.TestDecodeSignificantFiguresTests" name="testDecodeSigFigWhenFiveBandsWithBlackOrangeBlack" time="0.000" timestamp="2018-10-24T18:37:46"/>
	<testcase classname="decode_significant_figures_tests.TestDecodeSignificantFiguresTests" name="testDecodeSigFigWhenFiveBandsWithBlackOrangeBlue" time="0.000" timestamp="2018-10-24T18:37:46"/>
	<testcase classname="decode_significant_figures_tests.TestDecodeSignificantFiguresTests" name="testDecodeSigFigWhenFiveBandsWithBlackOrangeBrown" time="0.000" timestamp="2018-10-24T18:37:46"/>
	<testcase classname="decode_significant_figures_tests.TestDecodeSignificantFiguresTests" name="testDecodeSigFigWhenFiveBandsWithBlackOrangeGreen" time="0.000" timestamp="2018-10-24T18:37:46"/>
	<testcase classname="decode_significant_figures_tests.TestDecodeSignificantFiguresTests" name="testDecodeSigFigWhenFiveBandsWithBlackOrangeGrey" time="0.000" timestamp="2018-10-24T18:37:46"/>
	<testcase classname="decode_significant_figures_tests.TestDecodeSignificantFiguresTests" name="testDecodeSigFigWhenFiveBandsWithBlackOrangeOrange" time="0.000" timestamp="2018-10-24T18:37:46"/>
	<testcase classname="decode_significant_figures_tests.TestDecodeSignificantFiguresTests" name="testDecodeSigFigWhenFiveBandsWithBlackOrangeRed" time="0.000" timestamp="2018-10-24T18:37:46"/>
	<testcase classname="decode_significant_figures_tests.TestDecodeSignificantFiguresTests" name="testDecodeSigFigWhenFiveBandsWithBlackOrangeViolet" time="0.000" timestamp="2018-10-24T18:37:46"/>
	<testcase classname="decode_significant_figures_tests.TestDecodeSignificantFiguresTests" name="testDecodeSigFigWhenFiveBandsWithBlackOrangeWhite" time="0.000" timestamp="2018-10-24T18:37:46"/>
	<testcase classname="decode_significant_figures_tests.TestDecodeSignificantFiguresTests" name="testDecodeSigFigWhenFiveBandsWithBlackOrangeYellow" time="0.000" timestamp="2018-10-24T18:37:46"/>
	<testcase classname="decode_significant_figures_tests.TestDecodeSignificantFiguresTests" name="testDecodeSigFigWhenFiveBandsWithBlackRedBlack" time="0.000" timestamp="2018-10-24T18:37:46"/>
	<testcase classname="decode_significant_figures_tests.TestDecodeSignificantFiguresTests" name="testDecodeSigFigWhenFiveBandsWithBlackRedBlue" time="0.000" timestamp="2018-10-24T18:37:46"/>
	<testcase classname="decode_significant_figures_tests.TestDecodeSignificantFiguresTests" name="testDecodeSigFigWhenFiveBandsWithBlackRedBrown" time="0.000" timestamp="2018-10-24T18:37:46"/>
	<testcase classname="decode_significant_figures_tests.TestDecodeSignificantFiguresTests" name="testDecodeSigFigWhenFiveBandsWithBlackRedGreen" time="0.000" timestamp="2018-10-24T18:37:46"/>
	<testcase classname="decode_significant_figures_tests.TestDecodeSignificantFiguresTests" name="testDecodeSigFigWhenFiveBandsWithBlackRedGrey" time="0.000" timestamp="2018-10-24T18:37:46"/>
	<testcase classname="decode_significant_figures_tests.TestDecodeSignificantFiguresTests" name="testDecodeSigFigWhenFiveBandsWithBlackRedOrange" time="0.000" timestamp="2018-10-24T18:37:46"/>
	<testcase classname="decode_significant_figures_tests.TestDecodeSignificantFiguresTests" name="testDecodeSigFigWhenFiveBandsWithBlackRedRed" time="0.000" timestamp="2018-10-24T18:37:46"/>
	<testcase classname="decode_significant_figures_tests.TestDecodeSignificantFiguresTests" name="testDecodeSigFigWhenFiveBandsWithBlackRedViolet" time="0.000" timestamp="2018-10-24T18:37:46"/>
	<testcase classname="decode_significant_figures_tests.TestDecodeSignificantFiguresTests" name="testDecodeSigFigWhenFiveBandsWithBlackRedWhite" time="0.000" timestamp="2018-10-24T18:37:46"/>
	<testcase classname="decode_significant_figures_tests.TestDecodeSignificantFiguresTests" name="testDecodeSigFigWhenFiveBandsWithBlackRedYellow" time="0.000" timestamp="2018-10-24T18:37:46"/>
	<testcase classname="decode_significant_figures_tests.TestDecodeSignificantFiguresTests" name="testDecodeSigFigWhenFiveBandsWithBlackVioletBlack" time="0.000" timestamp="2018-10-24T18:37:46"/>
	<testcase classname="decode_significant_figures_tests.TestDecodeSignificantFiguresTests" name="testDecodeSigFigWhenFiveBandsWithBlackVioletBlue" time="0.000" timestamp="2018-10-24T18:37:46"/>
	<testcase classname="decode_significant_figures_tests.TestDecodeSignificantFiguresTests" name="testDecodeSigFigWhenFiveBandsWithBlackVioletBrown" time="0.000" timestamp="2018-10-24T18:37:46"/>
	<testcase classname="decode_significant_figures_tests.TestDecodeSignificantFiguresTests" name="testDecodeSigFigWhenFiveBandsWithBlackVioletGreen" time="0.000" timestamp="2018-10-24T18:37:46"/>
	<testcase classname="decode_significant_figures_tests.TestDecodeSignificantFiguresTests" name="testDecodeSigFigWhenFiveBandsWithBlackVioletGrey" time="0.000" timestamp="2018-10-24T18:37:46"/>
	<testcase classname="decode_significant_figures_tests.TestDecodeSignificantFiguresTests" name="testDecodeSigFigWhenFiveBandsWithBlackVioletOrange" time="0.000" timestamp="2018-10-24T18:37:46"/>
	<testcase classname="decode_significant_figures_tests.TestDecodeSignificantFiguresTests" name="testDecodeSigFigWhenFiveBandsWithBlackVioletRed" time="0.000" timestamp="2018-10-24T18:37:46"/>
	<testcase classname="decode_significant_figures_tests.TestDecodeSignificantFiguresTests" name="testDecodeSigFigWhenFiveBandsWithBlackVioletViolet" time="0.000" timestamp="2018-10-24T18:37:46"/>
	<testcase classname="decode_significant_figures_tests.TestDecodeSignificantFiguresTests" name="testDecodeSigFigWhenFiveBandsWithBlackVioletWhite" time="0.000" timestamp="2018-10-24T18:37:46"/>
	<testcase classname="decode_significant_figures_tests.TestDecodeSignificantFiguresTests" name="testDecodeSigFigWhenFiveBandsWithBlackVioletYellow" time="0.000" timestamp="2018-10-24T18:37:46"/>
	<testcase classname="decode_significant_figures_tests.TestDecodeSignificantFiguresTests" name="testDecodeSigFigWhenFiveBandsWithBlackWhiteBlack" time="0.000" timestamp="2018-10-24T18:37:46"/>
	<testcase classname="decode_significant_figures_tests.TestDecodeSignificantFiguresTests" name="testDecodeSigFigWhenFiveBandsWithBlackWhiteBlue" time="0.000" timestamp="2018-10-24T18:37:46"/>
	<testcase classname="decode_significant_figures_tests.TestDecodeSignificantFiguresTests" name="testDecodeSigFigWhenFiveBandsWithBlackWhiteBrown" time="0.000" timestamp="2018-10-24T18:37:46"/>
	<testcase classname="decode_significant_figures_tests.TestDecodeSignificantFiguresTests" name="testDecodeSigFigWhenFiveBandsWithBlackWhiteGreen" time="0.000" timestamp="2018-10-24T18:37:46"/>
	<testcase classname="decode_significant_figures_tests.TestDecodeSignificantFiguresTests" name="testDecodeSigFigWhenFiveBandsWithBlackWhiteGrey" time="0.000" timestamp="2018-10-24T18:37:46"/>
	<testcase classname="decode_significant_figures_tests.TestDecodeSignificantFiguresTests" name="testDecodeSigFigWhenFiveBandsWithBlackWhiteOrange" time="0.000" timestamp="2018-10-24T18:37:46"/>
	<testcase classname="decode_significant_figures_tests.TestDecodeSignificantFiguresTests" name="testDecodeSigFigWhenFiveBandsWithBlackWhiteRed" time="0.000" timestamp="2018-10-24T18:37:46"/>
	<testcase classname="decode_significant_figures_tests.TestDecodeSignificantFiguresTests" name="testDecodeSigFigWhenFiveBandsWithBlackWhiteViolet" time="0.000" timestamp="2018-10-24T18:37:46"/>
	<testcase classname="decode_significant_figures_tests.TestDecodeSignificantFiguresTests" name="testDecodeSigFigWhenFiveBandsWithBlackWhiteWhite" time="0.000" timestamp="2018-10-24T18:37:46"/>
	<testcase classname="decode_significant_figures_tests.TestDecodeSignificantFiguresTests" name="testDecodeSigFigWhenFiveBandsWithBlackWhiteYellow" time="0.000" timestamp="2018-10-24T18:37:46"/>
	<testcase classname="decode_significant_figures_tests.TestDecodeSignificantFiguresTests" name="testDecodeSigFigWhenFiveBandsWithBlackYellowBlack" time="0.000" timestamp="2018-10-24T18:37:46"/>
	<testcase classname="decode_significant_figures_tests.TestDecodeSignificantFiguresTests" name="testDecodeSigFigWhenFiveBandsWithBlackYellowBlue" time="0.000" timestamp="2018-10-24T18:37:46"/>
	<testcase classname="decode_significant_figures_tests.TestDecodeSignificantFiguresTests" name="testDecodeSigFigWhenFiveBandsWithBlackYellowBrown" time="0.000" timestamp="2018-10-24T18:37:46"/>
	<testcase classname="decode_significant_figures_tests.TestDecodeSignificantFiguresTests" name="testDecodeSigFigWhenFiveBandsWithBlackYellowGreen" time="0.000" timestamp="2018-10-24T18:37:46"/>
	<testcase classname="decode_significant_figures_tests.TestDecodeSignificantFiguresTests" name="testDecodeSigFigWhenFiveBandsWithBlackYellowGrey" time="0.000" timestamp="2018-10-24T18:37:46"/>
	<testcase classname="decode_significant_figures_tests.TestDecodeSignificantFiguresTests" name="testDecodeSigFigWhenFiveBandsWithBlackYellowOrange" time="0.000" timestamp="2018-10-24T18:37:46"/>
	<testcase classname="decode_significant_figures_tests.TestDecodeSignificantFiguresTests" name="testDecodeSigFigWhenFiveBandsWithBlackYellowRed" time="0.000" timestamp="2018-10-24T18:37:46"/>
	<testcase classname="decode_significant_figures_tests.TestDecodeSignificantFiguresTests" name="testDecodeSigFigWhenFiveBandsWithBlackYellowViolet" time="0.000" timestamp="2018-10-24T18:37:46"/>
	<testcase classname="decode_significant_figures_tests.TestDecodeSignificantFiguresTests" name="testDecodeSigFigWhenFiveBandsWithBlackYellowWhite" time="0.000" timestamp="2018-10-24T18:37:46"/>
	<testcase classname="decode_significant_figures_tests.TestDecodeSignificantFiguresTests" name="testDecodeSigFigWhenFiveBandsWithBlackYellowYellow" time="0.000" timestamp="2018-10-24T18:37:46"/>
	<testcase classname="decode_significant_figures_tests.TestDecodeSignificantFiguresTests" name="testDecodeSigFigWhenFiveBandsWithBlueBlackBlack" time="0.000" timestamp="2018-10-24T18:37:46"/>
	<testcase classname="decode_significant_figures_tests.TestDecodeSignificantFiguresTests" name="testDecodeSigFigWhenFiveBandsWithBlueBlackBlue" time="0.000" timestamp="2018-10-24T18:37:46"/>
	<testcase classname="decode_significant_figures_tests.TestDecodeSignificantFiguresTests" name="testDecodeSigFigWhenFiveBandsWithBlueBlackBrown" time="0.000" timestamp="2018-10-24T18:37:46"/>
	<testcase classname="decode_significant_figures_tests.TestDecodeSignificantFiguresTests" name="testDecodeSigFigWhenFiveBandsWithBlueBlackGreen" time="0.000" timestamp="2018-10-24T18:37:46"/>
	<testcase classname="decode_significant_figures_tests.TestDecodeSignificantFiguresTests" name="testDecodeSigFigWhenFiveBandsWithBlueBlackGrey" time="0.000" timestamp="2018-10-24T18:37:46"/>
	<testcase classname="decode_significant_figures_tests.TestDecodeSignificantFiguresTests" name="testDecodeSigFigWhenFiveBandsWithBlueBlackOrange" time="0.000" timestamp="2018-10-24T18:37:46"/>
	<testcase classname="decode_significant_figures_tests.TestDecodeSignificantFiguresTests" name="testDecodeSigFigWhenFiveBandsWithBlueBlackRed" time="0.000" timestamp="2018-10-24T18:37:46"/>
	<testcase classname="decode_significant_figures_tests.TestDecodeSignificantFiguresTests" name="testDecodeSigFigWhenFiveBandsWithBlueBlackViolet" time="0.000" timestamp="2018-10-24T18:37:46"/>
	<testcase classname="decode_significant_figures_tests.TestDecodeSignificantFiguresTests" name="testDecodeSigFigWhenFiveBandsWithBlueBlackWhite" time="0.000" timestamp="2018-10-24T18:37:46"/>
	<testcase classname="decode_significant_figures_tests.TestDecodeSignificantFiguresTests" name="testDecodeSigFigWhenFiveBandsWithBlueBlackYellow" time="0.000" timestamp="2018-10-24T18:37:46"/>
	<testcase classname="decode_significant_figures_tests.TestDecodeSignificantFiguresTests" name="testDecodeSigFigWhenFiveBandsWithBlueBlueBlack" time="0.000" timestamp="2018-10-24T18:37:46"/>
	<testcase classname="decode_significant_figures_tests.TestDecodeSignificantFiguresTests" name="testDecodeSigFigWhenFiveBandsWithBlueBlueBlue" time="0.000" timestamp="2018-10-24T18:37:46"/>
	<testcase classname="decode_significant_figures_tests.TestDecodeSignificantFiguresTests" name="testDecodeSigFigWhenFiveBandsWithBlueBlueBrown" time="0.000" timestamp="2018-10-24T18:37:46"/>
	<testcase classname="decode_significant_figures_tests.TestDecodeSignificantFiguresTests" name="testDecodeSigFigWhenFiveBandsWithBlueBlueGreen" time="0.000" timestamp="2018-10-24T18:37:46"/>
	<testcase classname="decode_significant_figures_tests.TestDecodeSignificantFiguresTests" name="testDecodeSigFigWhenFiveBandsWithBlueBlueGrey" time="0.000" timestamp="2018-10-24T18:37:46"/>
	<testcase classname="decode_significant_figures_tests.TestDecodeSignificantFiguresTests" name="testDecodeSigFigWhenFiveBandsWithBlueBlueOrange" time="0.000" timestamp="2018-10-24T18:37:46"/>
	<testcase classname="decode_significant_figures_tests.TestDecodeSignificantFiguresTests" name="testDecodeSigFigWhenFiveBandsWithBlueBlueRed" time="0.000" timestamp="2018-10-24T18:37:46"/>
	<testcase classname="decode_significant_figures_tests.TestDecodeSignificantFiguresTests" name="testDecodeSigFigWhenFiveBandsWithBlueBlueViolet" time="0.000" timestamp="2018-10-24T18:37:46"/>
	<testcase classname="decode_significant_figures_tests.TestDecodeSignificantFiguresTests" name="testDecodeSigFigWhenFiveBandsWithBlueBlueWhite" time="0.000" timestamp="2018-10-24T18:37:46"/>
	<testcase classname="decode_significant_figures_tests.TestDecodeSignificantFiguresTests" name="testDecodeSigFigWhenFiveBandsWithBlueBlueYellow" time="0.000" timestamp="2018-10-24T18:37:46"/>
	<testcase classname="decode_significant_figures_tests.TestDecodeSignificantFiguresTests" name="testDecodeSigFigWhenFiveBandsWithBlueBrownBlack" time="0.000" timestamp="2018-10-24T18:37:46"/>
	<testcase classname="decode_significant_figures_tests.TestDecodeSignificantFiguresTests" name="testDecodeSigFigWhenFiveBandsWithBlueBrownBlue" time="0.000" timestamp="2018-10-24T18:37:46"/>
	<testcase classname="decode_significant_figures_tests.TestDecodeSignificantFiguresTests" name="testDecodeSigFigWhenFiveBandsWithBlueBrownBrown" time="0.000" timestamp="2018-10-24T18:37:46"/>
	<testcase classname="decode_significant_figures_tests.TestDecodeSignificantFiguresTests" name="testDecodeSigFigWhenFiveBandsWithBlueBrownGreen" time="0.000" timestamp="2018-10-24T18:37:46"/>
	<testcase classname="decode_significant_figures_tests.TestDecodeSignificantFiguresTests" name="testDecodeSigFigWhenFiveBandsWithBlueBrownGrey" time="0.000" timestamp="2018-10-24T18:37:46"/>
	<testcase classname="decode_significant_figures_tests.TestDecodeSignificantFiguresTests" name="testDecodeSigFigWhenFiveBandsWithBlueBrownOrange" time="0.000" timestamp="2018-10-24T18:37:46"/>
	<testcase classname="decode_significant_figures_tests.TestDecodeSignificantFiguresTests" name="testDecodeSigFigWhenFiveBandsWithBlueBrownRed" time="0.000" timestamp="2018-10-24T18:37:46"/>
	<testcase classname="decode_significant_figures_tests.TestDecodeSignificantFiguresTests" name="testDecodeSigFigWhenFiveBandsWithBlueBrownViolet" time="0.000" timestamp="2018-10-24T18:37:46"/>
	<testcase classname="decode_significant_figures_tests.TestDecodeSignificantFiguresTests" name="testDecodeSigFigWhenFiveBandsWithBlueBrownWhite" time="0.000" timestamp="2018-10-24T18:37:46"/>
	<testcase classname="decode_significant_figures_tests.TestDecodeSignificantFiguresTests" name="testDecodeSigFigWhenFiveBandsWithBlueBrownYellow" time="0.000" timestamp="2018-10-24T18:37:46"/>
	<testcase classname="decode_significant_figures_tests.TestDecodeSignificantFiguresTests" name="testDecodeSigFigWhenFiveBandsWithBlueGreenBlack" time="0.000" timestamp="2018-10-24T18:37:46"/>
	<testcase classname="decode_significant_figures_tests.TestDecodeSignificantFiguresTests" name="testDecodeSigFigWhenFiveBandsWithBlueGreenBlue" time="0.000" timestamp="2018-10-24T18:37:46"/>
	<testcase classname="decode_significant_figures_tests.TestDecodeSignificantFiguresTests" name="testDecodeSigFigWhenFiveBandsWithBlueGreenBrown" time="0.000" timestamp="2018-10-24T18:37:46"/>
	<testcase classname="decode_significant_figures_tests.TestDecodeSignificantFiguresTests" name="testDecodeSigFigWhenFiveBandsWithBlueGreenGreen" time="0.000" timestamp="2018-10-24T18:37:46"/>
	<testcase classname="decode_significant_figures_tests.TestDecodeSignificantFiguresTests" name="testDecodeSigFigWhenFiveBandsWithBlueGreenGrey" time="0.000" timestamp="2018-10-24T18:37:46"/>
	<testcase classname="decode_significant_figures_tests.TestDecodeSignificantFiguresTests" name="testDecodeSigFigWhenFiveBandsWithBlueGreenOrange" time="0.000" timestamp="2018-10-24T18:37:46"/>
	<testcase classname="decode_significant_figures_tests.TestDecodeSignificantFiguresTests" name="testDecodeSigFigWhenFiveBandsWithBlueGreenRed" time="0.000" timestamp="2018-10-24T18:37:46"/>
	<testcase classname="decode_significant_figures_tests.TestDecodeSignificantFiguresTests" name="testDecodeSigFigWhenFiveBandsWithBlueGreenViolet" time="0.000" timestamp="2018-10-24T18:37:46"/>
	<testcase classname="decode_significant_figures_tests.TestDecodeSignificantFiguresTests" name="testDecodeSigFigWhenFiveBandsWithBlueGreenWhite" time="0.000" timestamp="2018-10-24T18:37:46"/>
	<testcase classname="decode_significant_figures_tests.TestDecodeSignificantFiguresTests" name="testDecodeSigFigWhenFiveBandsWithBlueGreenYellow" time="0.000" timestamp="2018-10-24T18:37:46"/>
	<testcase classname="decode_significant_figures_tests.TestDecodeSignificantFiguresTests" name="testDecodeSigFigWhenFiveBandsWithBlueGreyBlack" time="0.000" timestamp="2018-10-24T18:37:46"/>
	<testcase classname="decode_significant_figures_tests.TestDecodeSignificantFiguresTests" name="testDecodeSigFigWhenFiveBandsWithBlueGreyBlue" time="0.000" timestamp="2018-10-24T18:37:46"/>
	<testcase classname="decode_significant_figures_tests.TestDecodeSignificantFiguresTests" name="testDecodeSigFigWhenFiveBandsWithBlueGreyBrown" time="0.000" timestamp="2018-10-24T18:37:46"/>
	<testcase classname="decode_significant_figures_tests.TestDecodeSignificantFiguresTests" name="testDecodeSigFigWhenFiveBandsWithBlueGreyGreen" time="0.000" timestamp="2018-10-24T18:37:46"/>
	<testcase classname="decode_significant_figures_tests.TestDecodeSignificantFiguresTests" name="testDecodeSigFigWhenFiveBandsWithBlueGreyGrey" time="0.000" timestamp="2018-10-24T18:37:46"/>
	<testcase classname="decode_significant_figures_tests.TestDecodeSignificantFiguresTests" name="testDecodeSigFigWhenFiveBandsWithBlueGreyOrange" time="0.000" timestamp="2018-10-24T18:37:46"/>
	<testcase classname="decode_significant_figures_tests.TestDecodeSignificantFiguresTests" name="testDecodeSigFigWhenFiveBandsWithBlueGreyRed" time="0.000" timestamp="2018-10-24T18:37:46"/>
	<testcase classname="decode_significant_figures_tests.TestDecodeSignificantFiguresTests" name="testDecodeSigFigWhenFiveBandsWithBlueGreyViolet" time="0.000" timestamp="2018-10-24T18:37:46"/>
	<testcase classname="decode_significant_figures_tests.TestDecodeSignificantFiguresTests" name="testDecodeSigFigWhenFiveBandsWithBlueGreyWhite" time="0.000" timestamp="2018-10-24T18:37:46"/>
	<testcase classname="decode_significant_figures_tests.TestDecodeSignificantFiguresTests" name="testDecodeSigFigWhenFiveBandsWithBlueGreyYellow" time="0.000" timestamp="2018-10-24T18:37:46"/>
	<testcase classname="decode_significant_figures_tests.TestDecodeSignificantFiguresTests" name="testDecodeSigFigWhenFiveBandsWithBlueOrangeBlack" time="0.000" timestamp="2018-10-24T18:37:46"/>
	<testcase classname="decode_significant_figures_tests.TestDecodeSignificantFiguresTests" name="testDecodeSigFigWhenFiveBandsWithBlueOrangeBlue" time="0.000" timestamp="2018-10-24T18:37:46"/>
	<testcase classname="decode_significant_figures_tests.TestDecodeSignificantFiguresTests" name="testDecodeSigFigWhenFiveBandsWithBlueOrangeBrown" time="0.000" timestamp="2018-10-24T18:37:46"/>
	<testcase classname="decode_significant_figures_tests.TestDecodeSignificantFiguresTests" name="testDecodeSigFigWhenFiveBandsWithBlueOrangeGreen" time="0.000" timestamp="2018-10-24T18:37:46"/>
	<testcase classname="decode_significant_figures_tests.TestDecodeSignificantFiguresTests" name="testDecodeSigFigWhenFiveBandsWithBlueOrangeGrey" time="0.000" timestamp="2018-10-24T18:37:46"/>
	<testcase classname="decode_significant_figures_tests.TestDecodeSignificantFiguresTests" name="testDecodeSigFigWhenFiveBandsWithBlueOrangeOrange" time="0.000" timestamp="2018-10-24T18:37:46"/>
	<testcase classname="decode_significant_figures_tests.TestDecodeSignificantFiguresTests" name="testDecodeSigFigWhenFiveBandsWithBlueOrangeRed" time="0.000" timestamp="2018-10-24T18:37:46"/>
	<testcase classname="decode_significant_figures_tests.TestDecodeSignificantFiguresTests" name="testDecodeSigFigWhenFiveBandsWithBlueOrangeViolet" time="0.000" timestamp="2018-10-24T18:37:46"/>
	<testcase classname="decode_significant_figures_tests.TestDecodeSignificantFiguresTests" name="testDecodeSigFigWhenFiveBandsWithBlueOrangeWhite" time="0.000" timestamp="2018-10-24T18:37:46"/>
	<testcase classname="decode_significant_figures_tests.TestDecodeSignificantFiguresTests" name="testDecodeSigFigWhenFiveBandsWithBlueOrangeYellow" time="0.000" timestamp="2018-10-24T18:37:46"/>
	<testcase classname="decode_significant_figures_tests.TestDecodeSignificantFiguresTests" name="testDecodeSigFigWhenFiveBandsWithBlueRedBlack" time="0.000" timestamp="2018-10-24T18:37:46"/>
	<testcase classname="decode_significant_figures_tests.TestDecodeSignificantFiguresTests" name="testDecodeSigFigWhenFiveBandsWithBlueRedBlue" time="0.000" timestamp="2018-10-24T18:37:46"/>
	<testcase classname="decode_significant_figures_tests.TestDecodeSignificantFiguresTests" name="testDecodeSigFigWhenFiveBandsWithBlueRedBrown" time="0.000" timestamp="2018-10-24T18:37:46"/>
	<testcase classname="decode_significant_figures_tests.TestDecodeSignificantFiguresTests" name="testDecodeSigFigWhenFiveBandsWithBlueRedGreen" time="0.000" timestamp="2018-10-24T18:37:46"/>
	<testcase classname="decode_significant_figures_tests.TestDecodeSignificantFiguresTests" name="testDecodeSigFigWhenFiveBandsWithBlueRedGrey" time="0.000" timestamp="2018-10-24T18:37:46"/>
	<testcase classname="decode_significant_figures_tests.TestDecodeSignificantFiguresTests" name="testDecodeSigFigWhenFiveBandsWithBlueRedOrange" time="0.000" timestamp="2018-10-24T18:37:46"/>
	<testcase classname="decode_significant_figures_tests.TestDecodeSignificantFiguresTests" name="testDecodeSigFigWhenFiveBandsWithBlueRedRed" time="0.000" timestamp="2018-10-24T18:37:46"/>
	<testcase classname="decode_significant_figures_tests.TestDecodeSignificantFiguresTests" name="testDecodeSigFigWhenFiveBandsWithBlueRedViolet" time="0.000" timestamp="2018-10-24T18:37:46"/>
	<testcase classname="decode_significant_figures_tests.TestDecodeSignificantFiguresTests" name="testDecodeSigFigWhenFiveBandsWithBlueRedWhite" time="0.000" timestamp="2018-10-24T18:37:46"/>
	<testcase classname="decode_significant_figures_tests.TestDecodeSignificantFiguresTests" name="testDecodeSigFigWhenFiveBandsWithBlueRedYellow" time="0.000" timestamp="2018-10-24T18:37:46"/>
	<testcase classname="decode_significant_figures_tests.TestDecodeSignificantFiguresTests" name="testDecodeSigFigWhenFiveBandsWithBlueVioletBlack" time="0.000" timestamp="2018-10-24T18:37:46"/>
	<testcase classname="decode_significant_figures_tests.TestDecodeSignificantFiguresTests" name="testDecodeSigFigWhenFiveBandsWithBlueVioletBlue" time="0.000" timestamp="2018-10-24T18:37:46"/>
	<testcase classname="decode_significant_figures_tests.TestDecodeSignificantFiguresTests" name="testDecodeSigFigWhenFiveBandsWithBlueVioletBrown" time="0.000" timestamp="2018-10-24T18:37:46"/>
	<testcase classname="decode_significant_figures_tests.TestDecodeSignificantFiguresTests" name="testDecodeSigFigWhenFiveBandsWithBlueVioletGreen" time="0.000" timestamp="2018-10-24T18:37:46"/>
	<testcase classname="decode_significant_figures_tests.TestDecodeSignificantFiguresTests" name="testDecodeSigFigWhenFiveBandsWithBlueVioletGrey" time="0.000" timestamp="2018-10-24T18:37:46"/>
	<testcase classname="decode_significant_figures_tests.TestDecodeSignificantFiguresTests" name="testDecodeSigFigWhenFiveBandsWithBlueVioletOrange" time="0.000" timestamp="2018-10-24T18:37:46"/>
	<testcase classname="decode_significant_figures_tests.TestDecodeSignificantFiguresTests" name="testDecodeSigFigWhenFiveBandsWithBlueVioletRed" time="0.000" timestamp="2018-10-24T18:37:46"/>
	<testcase classname="decode_significant_figures_tests.TestDecodeSignificantFiguresTests" name="testDecodeSigFigWhenFiveBandsWithBlueVioletViolet" time="0.000" timestamp="2018-10-24T18:37:46"/>
	<testcase classname="decode_significant_figures_tests.TestDecodeSignificantFiguresTests" name="testDecodeSigFigWhenFiveBandsWithBlueVioletWhite" time="0.000" timestamp="2018-10-24T18:37:46"/>
	<testcase classname="decode_significant_figures_tests.TestDecodeSignificantFiguresTests" name="testDecodeSigFigWhenFiveBandsWithBlueVioletYellow" time="0.000" timestamp="2018-10-24T18:37:46"/>
	<testcase classname="decode_significant_figures_tests.TestDecodeSignificantFiguresTests" name="testDecodeSigFigWhenFiveBandsWithBlueWhiteBlack" time="0.000" timestamp="2018-10-24T18:37:46"/>
	<testcase classname="decode_significant_figures_tests.TestDecodeSignificantFiguresTests" name="testDecodeSigFigWhenFiveBandsWithBlueWhiteBlue" time="0.000" timestamp="2018-10-24T18:37:46"/>
	<testcase classname="decode_significant_figures_tests.TestDecodeSignificantFiguresTests" name="testDecodeSigFigWhenFiveBandsWithBlueWhiteBrown" time="0.000" timestamp="2018-10-24T18:37:46"/>
	<testcase classname="decode_significant_figures_tests.TestDecodeSignificantFiguresTests" name="testDecodeSigFigWhenFiveBandsWithBlueWhiteGreen" time="0.000" timestamp="2018-10-24T18:37:46"/>
	<testcase classname="decode_significant_figures_tests.TestDecodeSignificantFiguresTests" name="testDecodeSigFigWhenFiveBandsWithBlueWhiteGrey" time="0.000" timestamp="2018-10-24T18:37:46"/>
	<testcase classname="decode_significant_figures_tests.TestDecodeSignificantFiguresTests" name="testDecodeSigFigWhenFiveBandsWithBlueWhiteOrange" time="0.000" timestamp="2018-10-24T18:37:46"/>
	<testcase classname="decode_significant_figures_tests.TestDecodeSignificantFiguresTests" name="testDecodeSigFigWhenFiveBandsWithBlueWhiteRed" time="0.000" timestamp="2018-10-24T18:37:46"/>
	<testcase classname="decode_significant_figures_tests.TestDecodeSignificantFiguresTests" name="testDecodeSigFigWhenFiveBandsWithBlueWhiteViolet" time="0.000" timestamp="2018-10-24T18:37:46"/>
	<testcase classname="decode_significant_figures_tests.TestDecodeSignificantFiguresTests" name="testDecodeSigFigWhenFiveBandsWithBlueWhiteWhite" time="0.000" timestamp="2018-10-24T18:37:46"/>
	<testcase classname="decode_significant_figures_tests.TestDecodeSignificantFiguresTests" name="testDecodeSigFigWhenFiveBandsWithBlueWhiteYellow" time="0.000" timestamp="2018-10-24T18:37:46"/>
	<testcase classname="decode_significant_figures_tests.TestDecodeSignificantFiguresTests" name="testDecodeSigFigWhenFiveBandsWithBlueYellowBlack" time="0.000" timestamp="2018-10-24T18:37:46"/>
	<testcase classname="decode_significant_figures_tests.TestDecodeSignificantFiguresTests" name="testDecodeSigFigWhenFiveBandsWithBlueYellowBlue" time="0.000" timestamp="2018-10-24T18:37:46"/>
	<testcase classname="decode_significant_figures_tests.TestDecodeSignificantFiguresTests" name="testDecodeSigFigWhenFiveBandsWithBlueYellowBrown" time="0.000" timestamp="2018-10-24T18:37:46"/>
	<testcase classname="decode_significant_figures_tests.TestDecodeSignificantFiguresTests" name="testDecodeSigFigWhenFiveBandsWithBlueYellowGreen" time="0.000" timestamp="2018-10-24T18:37:46"/>
	<testcase classname="decode_significant_figures_tests.TestDecodeSignificantFiguresTests" name="testDecodeSigFigWhenFiveBandsWithBlueYellowGrey" time="0.000" timestamp="2018-10-24T18:37:46"/>
	<testcase classname="decode_significant_figures_tests.TestDecodeSignificantFiguresTests" name="testDecodeSigFigWhenFiveBandsWithBlueYellowOrange" time="0.000" timestamp="2018-10-24T18:37:46"/>
	<testcase classname="decode_significant_figures_tests.TestDecodeSignificantFiguresTests" name="testDecodeSigFigWhenFiveBandsWithBlueYellowRed" time="0.000" timestamp="2018-10-24T18:37:46"/>
	<testcase classname="decode_significant_figures_tests.TestDecodeSignificantFiguresTests" name="testDecodeSigFigWhenFiveBandsWithBlueYellowViolet" time="0.000" timestamp="2018-10-24T18:37:46"/>
	<testcase classname="decode_significant_figures_tests.TestDecodeSignificantFiguresTests" name="testDecodeSigFigWhenFiveBandsWithBlueYellowWhite" time="0.000" timestamp="2018-10-24T18:37:46"/>
	<testcase classname="decode_significant_figures_tests.TestDecodeSignificantFiguresTests" name="testDecodeSigFigWhenFiveBandsWithBlueYellowYellow" time="0.000" timestamp="2018-10-24T18:37:46"/>
	<testcase classname="decode_significant_figures_tests.TestDecodeSignificantFiguresTests" name="testDecodeSigFigWhenFiveBandsWithBrownBlackBlack" time="0.000" timestamp="2018-10-24T18:37:46"/>
	<testcase classname="decode_significant_figures_tests.TestDecodeSignificantFiguresTests" name="testDecodeSigFigWhenFiveBandsWithBrownBlackBlue" time="0.000" timestamp="2018-10-24T18:37:46"/>
	<testcase classname="decode_significant_figures_tests.TestDecodeSignificantFiguresTests" name="testDecodeSigFigWhenFiveBandsWithBrownBlackBrown" time="0.000" timestamp="2018-10-24T18:37:46"/>
	<testcase classname="decode_significant_figures_tests.TestDecodeSignificantFiguresTests" name="testDecodeSigFigWhenFiveBandsWithBrownBlackGreen" time="0.000" timestamp="2018-10-24T18:37:46"/>
	<testcase classname="decode_significant_figures_tests.TestDecodeSignificantFiguresTests" name="testDecodeSigFigWhenFiveBandsWithBrownBlackGrey" time="0.000" timestamp="2018-10-24T18:37:46"/>
	<testcase classname="decode_significant_figures_tests.TestDecodeSignificantFiguresTests" name="testDecodeSigFigWhenFiveBandsWithBrownBlackOrange" time="0.000" timestamp="2018-10-24T18:37:46"/>
	<testcase classname="decode_significant_figures_tests.TestDecodeSignificantFiguresTests" name="testDecodeSigFigWhenFiveBandsWithBrownBlackRed" time="0.000" timestamp="2018-10-24T18:37:46"/>
	<testcase classname="decode_significant_figures_tests.TestDecodeSignificantFiguresTests" name="testDecodeSigFigWhenFiveBandsWithBrownBlackViolet" time="0.000" timestamp="2018-10-24T18:37:46"/>
	<testcase classname="decode_significant_figures_tests.TestDecodeSignificantFiguresTests" name="testDecodeSigFigWhenFiveBandsWithBrownBlackWhite" time="0.000" timestamp="2018-10-24T18:37:46"/>
	<testcase classname="decode_significant_figures_tests.TestDecodeSignificantFiguresTests" name="testDecodeSigFigWhenFiveBandsWithBrownBlackYellow" time="0.000" timestamp="2018-10-24T18:37:46"/>
	<testcase classname="decode_significant_figures_tests.TestDecodeSignificantFiguresTests" name="testDecodeSigFigWhenFiveBandsWithBrownBlueBlack" time="0.000" timestamp="2018-10-24T18:37:46"/>
	<testcase classname="decode_significant_figures_tests.TestDecodeSignificantFiguresTests" name="testDecodeSigFigWhenFiveBandsWithBrownBlueBlue" time="0.000" timestamp="2018-10-24T18:37:46"/>
	<testcase classname="decode_significant_figures_tests.TestDecodeSignificantFiguresTests" name="testDecodeSigFigWhenFiveBandsWithBrownBlueBrown" time="0.000" timestamp="2018-10-24T18:37:46"/>
	<testcase classname="decode_significant_figures_tests.TestDecodeSignificantFiguresTests" name="testDecodeSigFigWhenFiveBandsWithBrownBlueGreen" time="0.000" timestamp="2018-10-24T18:37:46"/>
	<testcase classname="decode_significant_figures_tests.TestDecodeSignificantFiguresTests" name="testDecodeSigFigWhenFiveBandsWithBrownBlueGrey" time="0.000" timestamp="2018-10-24T18:37:46"/>
	<testcase classname="decode_significant_figures_tests.TestDecodeSignificantFiguresTests" name="testDecodeSigFigWhenFiveBandsWithBrownBlueOrange" time="0.000" timestamp="2018-10-24T18:37:46"/>
	<testcase classname="decode_significant_figures_tests.TestDecodeSignificantFiguresTests" name="testDecodeSigFigWhenFiveBandsWithBrownBlueRed" time="0.000" timestamp="2018-10-24T18:37:46"/>
	<testcase classname="decode_significant_figures_tests.TestDecodeSignificantFiguresTests" name="testDecodeSigFigWhenFiveBandsWithBrownBlueViolet" time="0.000" timestamp="2018-10-24T18:37:46"/>
	<testcase classname="decode_significant_figures_tests.TestDecodeSignificantFiguresTests" name="testDecodeSigFigWhenFiveBandsWithBrownBlueWhite" time="0.000" timestamp="2018-10-24T18:37:46"/>
	<testcase classname="decode_significant_figures_tests.TestDecodeSignificantFiguresTests" name="testDecodeSigFigWhenFiveBandsWithBrownBlueYellow" time="0.000" timestamp="2018-10-24T18:37:46"/>
	<testcase classname="decode_significant_figures_tests.TestDecodeSignificantFiguresTests" name="testDecodeSigFigWhenFiveBandsWithBrownBrownBlack" time="0.000" timestamp="2018-10-24T18:37:46"/>
	<testcase classname="decode_significant_figures_tests.TestDecodeSignificantFiguresTests" name="testDecodeSigFigWhenFiveBandsWithBrownBrownBlue" time="0.000" timestamp="2018-10-24T18:37:46"/>
	<testcase classname="decode_significant_figures_tests.TestDecodeSignificantFiguresTests" name="testDecodeSigFigWhenFiveBandsWithBrownBrownBrown" time="0.000" timestamp="2018-10-24T18:37:46"/>
	<testcase classname="decode_significant_figures_tests.TestDecodeSignificantFiguresTests" name="testDecodeSigFigWhenFiveBandsWithBrownBrownGreen" time="0.000" timestamp="2018-10-24T18:37:46"/>
	<testcase classname="decode_significant_figures_tests.TestDecodeSignificantFiguresTests" name="testDecodeSigFigWhenFiveBandsWithBrownBrownGrey" time="0.000" timestamp="2018-10-24T18:37:46"/>
	<testcase classname="decode_significant_figures_tests.TestDecodeSignificantFiguresTests" name="testDecodeSigFigWhenFiveBandsWithBrownBrownOrange" time="0.000" timestamp="2018-10-24T18:37:46"/>
	<testcase classname="decode_significant_figures_tests.TestDecodeSignificantFiguresTests" name="testDecodeSigFigWhenFiveBandsWithBrownBrownRed" time="0.000" timestamp="2018-10-24T18:37:46"/>
	<testcase classname="decode_significant_figures_tests.TestDecodeSignificantFiguresTests" name="testDecodeSigFigWhenFiveBandsWithBrownBrownViolet" time="0.000" timestamp="2018-10-24T18:37:46"/>
	<testcase classname="decode_significant_figures_tests.TestDecodeSignificantFiguresTests" name="testDecodeSigFigWhenFiveBandsWithBrownBrownWhite" time="0.000" timestamp="2018-10-24T18:37:46"/>
	<testcase classname="decode_significant_figures_tests.TestDecodeSignificantFiguresTests" name="testDecodeSigFigWhenFiveBandsWithBrownBrownYellow" time="0.000" timestamp="2018-10-24T18:37:46"/>
	<testcase classname="decode_significant_figures_tests.TestDecodeSignificantFiguresTests" name="testDecodeSigFigWhenFiveBandsWithBrownGreenBlack" time="0.000" timestamp="2018-10-24T18:37:46"/>
	<testcase classname="decode_significant_figures_tests.TestDecodeSignificantFiguresTests" name="testDecodeSigFigWhenFiveBandsWithBrownGreenBlue" time="0.000" timestamp="2018-10-24T18:37:46"/>
	<testcase classname="decode_significant_figures_tests.TestDecodeSignificantFiguresTests" name="testDecodeSigFigWhenFiveBandsWithBrownGreenBrown" time="0.000" timestamp="2018-10-24T18:37:46"/>
	<testcase classname="decode_significant_figures_tests.TestDecodeSignificantFiguresTests" name="testDecodeSigFigWhenFiveBandsWithBrownGreenGreen" time="0.000" timestamp="2018-10-24T18:37:46"/>
	<testcase classname="decode_significant_figures_tests.TestDecodeSignificantFiguresTests" name="testDecodeSigFigWhenFiveBandsWithBrownGreenGrey" time="0.000" timestamp="2018-10-24T18:37:46"/>
	<testcase classname="decode_significant_figures_tests.TestDecodeSignificantFiguresTests" name="testDecodeSigFigWhenFiveBandsWithBrownGreenOrange" time="0.000" timestamp="2018-10-24T18:37:46"/>
	<testcase classname="decode_significant_figures_tests.TestDecodeSignificantFiguresTests" name="testDecodeSigFigWhenFiveBandsWithBrownGreenRed" time="0.000" timestamp="2018-10-24T18:37:46"/>
	<testcase classname="decode_significant_figures_tests.TestDecodeSignificantFiguresTests" name="testDecodeSigFigWhenFiveBandsWithBrownGreenViolet" time="0.000" timestamp="2018-10-24T18:37:46"/>
	<testcase classname="decode_significant_figures_tests.TestDecodeSignificantFiguresTests" name="testDecodeSigFigWhenFiveBandsWithBrownGreenWhite" time="0.000" timestamp="2018-10-24T18:37:46"/>
	<testcase classname="decode_significant_figures_tests.TestDecodeSignificantFiguresTests" name="testDecodeSigFigWhenFiveBandsWithBrownGreenYellow" time="0.000" timestamp="2018-10-24T18:37:46"/>
	<testcase classname="decode_significant_figures_tests.TestDecodeSignificantFiguresTests" name="testDecodeSigFigWhenFiveBandsWithBrownGreyBlack" time="0.000" timestamp="2018-10-24T18:37:46"/>
	<testcase classname="decode_significant_figures_tests.TestDecodeSignificantFiguresTests" name="testDecodeSigFigWhenFiveBandsWithBrownGreyBlue" time="0.000" timestamp="2018-10-24T18:37:46"/>
	<testcase classname="decode_significant_figures_tests.TestDecodeSignificantFiguresTests" name="testDecodeSigFigWhenFiveBandsWithBrownGreyBrown" time="0.000" timestamp="2018-10-24T18:37:46"/>
	<testcase classname="decode_significant_figures_tests.TestDecodeSignificantFiguresTests" name="testDecodeSigFigWhenFiveBandsWithBrownGreyGreen" time="0.000" timestamp="2018-10-24T18:37:46"/>
	<testcase classname="decode_significant_figures_tests.TestDecodeSignificantFiguresTests" name="testDecodeSigFigWhenFiveBandsWithBrownGreyGrey" time="0.000" timestamp="2018-10-24T18:37:46"/>
	<testcase classname="decode_significant_figures_tests.TestDecodeSignificantFiguresTests" name="testDecodeSigFigWhenFiveBandsWithBrownGreyOrange" time="0.000" timestamp="2018-10-24T18:37:46"/>
	<testcase classname="decode_significant_figures_tests.TestDecodeSignificantFiguresTests" name="testDecodeSigFigWhenFiveBandsWithBrownGreyRed" time="0.000" timestamp="2018-10-24T18:37:46"/>
	<testcase classname="decode_significant_figures_tests.TestDecodeSignificantFiguresTests" name="testDecodeSigFigWhenFiveBandsWithBrownGreyViolet" time="0.000" timestamp="2018-10-24T18:37:46"/>
	<testcase classname="decode_significant_figures_tests.TestDecodeSignificantFiguresTests" name="testDecodeSigFigWhenFiveBandsWithBrownGreyWhite" time="0.000" timestamp="2018-10-24T18:37:46"/>
	<testcase classname="decode_significant_figures_tests.TestDecodeSignificantFiguresTests" name="testDecodeSigFigWhenFiveBandsWithBrownGreyYellow" time="0.000" timestamp="2018-10-24T18:37:46"/>
	<testcase classname="decode_significant_figures_tests.TestDecodeSignificantFiguresTests" name="testDecodeSigFigWhenFiveBandsWithBrownOrangeBlack" time="0.000" timestamp="2018-10-24T18:37:46"/>
	<testcase classname="decode_significant_figures_tests.TestDecodeSignificantFiguresTests" name="testDecodeSigFigWhenFiveBandsWithBrownOrangeBlue" time="0.000" timestamp="2018-10-24T18:37:46"/>
	<testcase classname="decode_significant_figures_tests.TestDecodeSignificantFiguresTests" name="testDecodeSigFigWhenFiveBandsWithBrownOrangeBrown" time="0.000" timestamp="2018-10-24T18:37:46"/>
	<testcase classname="decode_significant_figures_tests.TestDecodeSignificantFiguresTests" name="testDecodeSigFigWhenFiveBandsWithBrownOrangeGreen" time="0.000" timestamp="2018-10-24T18:37:46"/>
	<testcase classname="decode_significant_figures_tests.TestDecodeSignificantFiguresTests" name="testDecodeSigFigWhenFiveBandsWithBrownOrangeGrey" time="0.000" timestamp="2018-10-24T18:37:46"/>
	<testcase classname="decode_significant_figures_tests.TestDecodeSignificantFiguresTests" name="testDecodeSigFigWhenFiveBandsWithBrownOrangeOrange" time="0.000" timestamp="2018-10-24T18:37:46"/>
	<testcase classname="decode_significant_figures_tests.TestDecodeSignificantFiguresTests" name="testDecodeSigFigWhenFiveBandsWithBrownOrangeRed" time="0.000" timestamp="2018-10-24T18:37:46"/>
	<testcase classname="decode_significant_figures_tests.TestDecodeSignificantFiguresTests" name="testDecodeSigFigWhenFiveBandsWithBrownOrangeViolet" time="0.000" timestamp="2018-10-24T18:37:46"/>
	<testcase classname="decode_significant_figures_tests.TestDecodeSignificantFiguresTests" name="testDecodeSigFigWhenFiveBandsWithBrownOrangeWhite" time="0.000" timestamp="2018-10-24T18:37:46"/>
	<testcase classname="decode_significant_figures_tests.TestDecodeSignificantFiguresTests" name="testDecodeSigFigWhenFiveBandsWithBrownOrangeYellow" time="0.000" timestamp="2018-10-24T18:37:46"/>
	<testcase classname="decode_significant_figures_tests.TestDecodeSignificantFiguresTests" name="testDecodeSigFigWhenFiveBandsWithBrownRedBlack" time="0.000" timestamp="2018-10-24T18:37:46"/>
	<testcase classname="decode_significant_figures_tests.TestDecodeSignificantFiguresTests" name="testDecodeSigFigWhenFiveBandsWithBrownRedBlue" time="0.000" timestamp="2018-10-24T18:37:46"/>
	<testcase classname="decode_significant_figures_tests.TestDecodeSignificantFiguresTests" name="testDecodeSigFigWhenFiveBandsWithBrownRedBrown" time="0.000" timestamp="2018-10-24T18:37:46"/>
	<testcase classname="decode_significant_figures_tests.TestDecodeSignificantFiguresTests" name="testDecodeSigFigWhenFiveBandsWithBrownRedGreen" time="0.000" timestamp="2018-10-24T18:37:46"/>
	<testcase classname="decode_significant_figures_tests.TestDecodeSignificantFiguresTests" name="testDecodeSigFigWhenFiveBandsWithBrownRedGrey" time="0.000" timestamp="2018-10-24T18:37:46"/>
	<testcase classname="decode_significant_figures_tests.TestDecodeSignificantFiguresTests" name="testDecodeSigFigWhenFiveBandsWithBrownRedOrange" time="0.000" timestamp="2018-10-24T18:37:46"/>
	<testcase classname="decode_significant_figures_tests.TestDecodeSignificantFiguresTests" name="testDecodeSigFigWhenFiveBandsWithBrownRedRed" time="0.000" timestamp="2018-10-24T18:37:46"/>
	<testcase classname="decode_significant_figures_tests.TestDecodeSignificantFiguresTests" name="testDecodeSigFigWhenFiveBandsWithBrownRedViolet" time="0.000" timestamp="2018-10-24T18:37:46"/>
	<testcase classname="decode_significant_figures_tests.TestDecodeSignificantFiguresTests" name="testDecodeSigFigWhenFiveBandsWithBrownRedWhite" time="0.000" timestamp="2018-10-24T18:37:46"/>
	<testcase classname="decode_significant_figures_tests.TestDecodeSignificantFiguresTests" name="testDecodeSigFigWhenFiveBandsWithBrownRedYellow" time="0.000" timestamp="2018-10-24T18:37:46"/>
	<testcase classname="decode_significant_figures_tests.TestDecodeSignificantFiguresTests" name="testDecodeSigFigWhenFiveBandsWithBrownVioletBlack" time="0.000" timestamp="2018-10-24T18:37:46"/>
	<testcase classname="decode_significant_figures_tests.TestDecodeSignificantFiguresTests" name="testDecodeSigFigWhenFiveBandsWithBrownVioletBlue" time="0.000" timestamp="2018-10-24T18:37:46"/>
	<testcase classname="decode_significant_figures_tests.TestDecodeSignificantFiguresTests" name="testDecodeSigFigWhenFiveBandsWithBrownVioletBrown" time="0.000" timestamp="2018-10-24T18:37:46"/>
	<testcase classname="decode_significant_figures_tests.TestDecodeSignificantFiguresTests" name="testDecodeSigFigWhenFiveBandsWithBrownVioletGreen" time="0.000" timestamp="2018-10-24T18:37:46"/>
	<testcase classname="decode_significant_figures_tests.TestDecodeSignificantFiguresTests" name="testDecodeSigFigWhenFiveBandsWithBrownVioletGrey" time="0.000" timestamp="2018-10-24T18:37:46"/>
	<testcase classname="decode_significant_figures_tests.TestDecodeSignificantFiguresTests" name="testDecodeSigFigWhenFiveBandsWithBrownVioletOrange" time="0.000" timestamp="2018-10-24T18:37:46"/>
	<testcase classname="decode_significant_figures_tests.TestDecodeSignificantFiguresTests" name="testDecodeSigFigWhenFiveBandsWithBrownVioletRed" time="0.000" timestamp="2018-10-24T18:37:46"/>
	<testcase classname="decode_significant_figures_tests.TestDecodeSignificantFiguresTests" name="testDecodeSigFigWhenFiveBandsWithBrownVioletViolet" time="0.000" timestamp="2018-10-24T18:37:46"/>
	<testcase classname="decode_significant_figures_tests.TestDecodeSignificantFiguresTests" name="testDecodeSigFigWhenFiveBandsWithBrownVioletWhite" time="0.000" timestamp="2018-10-24T18:37:46"/>
	<testcase classname="decode_significant_figures_tests.TestDecodeSignificantFiguresTests" name="testDecodeSigFigWhenFiveBandsWithBrownVioletYellow" time="0.000" timestamp="2018-10-24T18:37:46"/>
	<testcase classname="decode_significant_figures_tests.TestDecodeSignificantFiguresTests" name="testDecodeSigFigWhenFiveBandsWithBrownWhiteBlack" time="0.000" timestamp="2018-10-24T18:37:46"/>
	<testcase classname="decode_significant_figures_tests.TestDecodeSignificantFiguresTests" name="testDecodeSigFigWhenFiveBandsWithBrownWhiteBlue" time="0.000" timestamp="2018-10-24T18:37:46"/>
	<testcase classname="decode_significant_figures_tests.TestDecodeSignificantFiguresTests" name="testDecodeSigFigWhenFiveBandsWithBrownWhiteBrown" time="0.000" timestamp="2018-10-24T18:37:46"/>
	<testcase classname="decode_significant_figures_tests.TestDecodeSignificantFiguresTests" name="testDecodeSigFigWhenFiveBandsWithBrownWhiteGreen" time="0.000" timestamp="2018-10-24T18:37:46"/>
	<testcase classname="decode_significant_figures_tests.TestDecodeSignificantFiguresTests" name="testDecodeSigFigWhenFiveBandsWithBrownWhiteGrey" time="0.000" timestamp="2018-10-24T18:37:46"/>
	<testcase classname="decode_significant_figures_tests.TestDecodeSignificantFiguresTests" name="testDecodeSigFigWhenFiveBandsWithBrownWhiteOrange" time="0.000" timestamp="2018-10-24T18:37:46"/>
	<testcase classname="decode_significant_figures_tests.TestDecodeSignificantFiguresTests" name="testDecodeSigFigWhenFiveBandsWithBrownWhiteRed" time="0.000" timestamp="2018-10-24T18:37:46"/>
	<testcase classname="decode_significant_figures_tests.TestDecodeSignificantFiguresTests" name="testDecodeSigFigWhenFiveBandsWithBrownWhiteViolet" time="0.000" timestamp="2018-10-24T18:37:46"/>
	<testcase classname="decode_significant_figures_tests.TestDecodeSignificantFiguresTests" name="testDecodeSigFigWhenFiveBandsWithBrownWhiteWhite" time="0.000" timestamp="2018-10-24T18:37:46"/>
	<testcase classname="decode_significant_figures_tests.TestDecodeSignificantFiguresTests" name="testDecodeSigFigWhenFiveBandsWithBrownWhiteYellow" time="0.000" timestamp="2018-10-24T18:37:46"/>
	<testcase classname="decode_significant_figures_tests.TestDecodeSignificantFiguresTests" name="testDecodeSigFigWhenFiveBandsWithBrownYellowBlack" time="0.000" timestamp="2018-10-24T18:37:46"/>
	<testcase classname="decode_significant_figures_tests.TestDecodeSignificantFiguresTests" name="testDecodeSigFigWhenFiveBandsWithBrownYellowBlue" time="0.000" timestamp="2018-10-24T18:37:46"/>
	<testcase classname="decode_significant_figures_tests.TestDecodeSignificantFiguresTests" name="testDecodeSigFigWhenFiveBandsWithBrownYellowBrown" time="0.000" timestamp="2018-10-24T18:37:46"/>
	<testcase classname="decode_significant_figures_tests.TestDecodeSignificantFiguresTests" name="testDecodeSigFigWhenFiveBandsWithBrownYellowGreen" time="0.000" timestamp="2018-10-24T18:37:46"/>
	<testcase classname="decode_significant_figures_tests.TestDecodeSignificantFiguresTests" name="testDecodeSigFigWhenFiveBandsWithBrownYellowGrey" time="0.000" timestamp="2018-10-24T18:37:46"/>
	<testcase classname="decode_significant_figures_tests.TestDecodeSignificantFiguresTests" name="testDecodeSigFigWhenFiveBandsWithBrownYellowOrange" time="0.000" timestamp="2018-10-24T18:37:46"/>
	<testcase classname="decode_significant_figures_tests.TestDecodeSignificantFiguresTests" name="testDecodeSigFigWhenFiveBandsWithBrownYellowRed" time="0.000" timestamp="2018-10-24T18:37:46"/>
	<testcase classname="decode_significant_figures_tests.TestDecodeSignificantFiguresTests" name="testDecodeSigFigWhenFiveBandsWithBrownYellowViolet" time="0.000" timestamp="2018-10-24T18:37:46"/>
	<testcase classname="decode_significant_figures_tests.TestDecodeSignificantFiguresTests" name="testDecodeSigFigWhenFiveBandsWithBrownYellowWhite" time="0.000" timestamp="2018-10-24T18:37:46"/>
	<testcase classname="decode_significant_figures_tests.TestDecodeSignificantFiguresTests" name="testDecodeSigFigWhenFiveBandsWithBrownYellowYellow" time="0.000" timestamp="2018-10-24T18:37:46"/>
	<testcase classname="decode_significant_figures_tests.TestDecodeSignificantFiguresTests" name="testDecodeSigFigWhenFiveBandsWithGreenBlackBlack" time="0.000" timestamp="2018-10-24T18:37:46"/>
	<testcase classname="decode_significant_figures_tests.TestDecodeSignificantFiguresTests" name="testDecodeSigFigWhenFiveBandsWithGreenBlackBlue" time="0.000" timestamp="2018-10-24T18:37:46"/>
	<testcase classname="decode_significant_figures_tests.TestDecodeSignificantFiguresTests" name="testDecodeSigFigWhenFiveBandsWithGreenBlackBrown" time="0.000" timestamp="2018-10-24T18:37:46"/>
	<testcase classname="decode_significant_figures_tests.TestDecodeSignificantFiguresTests" name="testDecodeSigFigWhenFiveBandsWithGreenBlackGreen" time="0.000" timestamp="2018-10-24T18:37:46"/>
	<testcase classname="decode_significant_figures_tests.TestDecodeSignificantFiguresTests" name="testDecodeSigFigWhenFiveBandsWithGreenBlackGrey" time="0.000" timestamp="2018-10-24T18:37:46"/>
	<testcase classname="decode_significant_figures_tests.TestDecodeSignificantFiguresTests" name="testDecodeSigFigWhenFiveBandsWithGreenBlackOrange" time="0.000" timestamp="2018-10-24T18:37:46"/>
	<testcase classname="decode_significant_figures_tests.TestDecodeSignificantFiguresTests" name="testDecodeSigFigWhenFiveBandsWithGreenBlackRed" time="0.000" timestamp="2018-10-24T18:37:46"/>
	<testcase classname="decode_significant_figures_tests.TestDecodeSignificantFiguresTests" name="testDecodeSigFigWhenFiveBandsWithGreenBlackViolet" time="0.000" timestamp="2018-10-24T18:37:46"/>
	<testcase classname="decode_significant_figures_tests.TestDecodeSignificantFiguresTests" name="testDecodeSigFigWhenFiveBandsWithGreenBlackWhite" time="0.000" timestamp="2018-10-24T18:37:46"/>
	<testcase classname="decode_significant_figures_tests.TestDecodeSignificantFiguresTests" name="testDecodeSigFigWhenFiveBandsWithGreenBlackYellow" time="0.000" timestamp="2018-10-24T18:37:46"/>
	<testcase classname="decode_significant_figures_tests.TestDecodeSignificantFiguresTests" name="testDecodeSigFigWhenFiveBandsWithGreenBlueBlack" time="0.000" timestamp="2018-10-24T18:37:46"/>
	<testcase classname="decode_significant_figures_tests.TestDecodeSignificantFiguresTests" name="testDecodeSigFigWhenFiveBandsWithGreenBlueBlue" time="0.000" timestamp="2018-10-24T18:37:46"/>
	<testcase classname="decode_significant_figures_tests.TestDecodeSignificantFiguresTests" name="testDecodeSigFigWhenFiveBandsWithGreenBlueBrown" time="0.000" timestamp="2018-10-24T18:37:46"/>
	<testcase classname="decode_significant_figures_tests.TestDecodeSignificantFiguresTests" name="testDecodeSigFigWhenFiveBandsWithGreenBlueGreen" time="0.000" timestamp="2018-10-24T18:37:46"/>
	<testcase classname="decode_significant_figures_tests.TestDecodeSignificantFiguresTests" name="testDecodeSigFigWhenFiveBandsWithGreenBlueGrey" time="0.000" timestamp="2018-10-24T18:37:46"/>
	<testcase classname="decode_significant_figures_tests.TestDecodeSignificantFiguresTests" name="testDecodeSigFigWhenFiveBandsWithGreenBlueOrange" time="0.000" timestamp="2018-10-24T18:37:46"/>
	<testcase classname="decode_significant_figures_tests.TestDecodeSignificantFiguresTests" name="testDecodeSigFigWhenFiveBandsWithGreenBlueRed" time="0.000" timestamp="2018-10-24T18:37:46"/>
	<testcase classname="decode_significant_figures_tests.TestDecodeSignificantFiguresTests" name="testDecodeSigFigWhenFiveBandsWithGreenBlueViolet" time="0.000" timestamp="2018-10-24T18:37:46"/>
	<testcase classname="decode_significant_figures_tests.TestDecodeSignificantFiguresTests" name="testDecodeSigFigWhenFiveBandsWithGreenBlueWhite" time="0.000" timestamp="2018-10-24T18:37:46"/>
	<testcase classname="decode_significant_figures_tests.TestDecodeSignificantFiguresTests" name="testDecodeSigFigWhenFiveBandsWithGreenBlueYellow" time="0.000" timestamp="2018-10-24T18:37:46"/>
	<testcase classname="decode_significant_figures_tests.TestDecodeSignificantFiguresTests" name="testDecodeSigFigWhenFiveBandsWithGreenBrownBlack" time="0.000" timestamp="2018-10-24T18:37:46"/>
	<testcase classname="decode_significant_figures_tests.TestDecodeSignificantFiguresTests" name="testDecodeSigFigWhenFiveBandsWithGreenBrownBlue" time="0.000" timestamp="2018-10-24T18:37:46"/>
	<testcase classname="decode_significant_figures_tests.TestDecodeSignificantFiguresTests" name="testDecodeSigFigWhenFiveBandsWithGreenBrownBrown" time="0.000" timestamp="2018-10-24T18:37:46"/>
	<testcase classname="decode_significant_figures_tests.TestDecodeSignificantFiguresTests" name="testDecodeSigFigWhenFiveBandsWithGreenBrownGreen" time="0.000" timestamp="2018-10-24T18:37:46"/>
	<testcase classname="decode_significant_figures_tests.TestDecodeSignificantFiguresTests" name="testDecodeSigFigWhenFiveBandsWithGreenBrownGrey" time="0.000" timestamp="2018-10-24T18:37:46"/>
	<testcase classname="decode_significant_figures_tests.TestDecodeSignificantFiguresTests" name="testDecodeSigFigWhenFiveBandsWithGreenBrownOrange" time="0.000" timestamp="2018-10-24T18:37:46"/>
	<testcase classname="decode_significant_figures_tests.TestDecodeSignificantFiguresTests" name="testDecodeSigFigWhenFiveBandsWithGreenBrownRed" time="0.000" timestamp="2018-10-24T18:37:46"/>
	<testcase classname="decode_significant_figures_tests.TestDecodeSignificantFiguresTests" name="testDecodeSigFigWhenFiveBandsWithGreenBrownViolet" time="0.000" timestamp="2018-10-24T18:37:46"/>
	<testcase classname="decode_significant_figures_tests.TestDecodeSignificantFiguresTests" name="testDecodeSigFigWhenFiveBandsWithGreenBrownWhite" time="0.000" timestamp="2018-10-24T18:37:46"/>
	<testcase classname="decode_significant_figures_tests.TestDecodeSignificantFiguresTests" name="testDecodeSigFigWhenFiveBandsWithGreenBrownYellow" time="0.000" timestamp="2018-10-24T18:37:46"/>
	<testcase classname="decode_significant_figures_tests.TestDecodeSignificantFiguresTests" name="testDecodeSigFigWhenFiveBandsWithGreenGreenBlack" time="0.000" timestamp="2018-10-24T18:37:46"/>
	<testcase classname="decode_significant_figures_tests.TestDecodeSignificantFiguresTests" name="testDecodeSigFigWhenFiveBandsWithGreenGreenBlue" time="0.000" timestamp="2018-10-24T18:37:46"/>
	<testcase classname="decode_significant_figures_tests.TestDecodeSignificantFiguresTests" name="testDecodeSigFigWhenFiveBandsWithGreenGreenBrown" time="0.000" timestamp="2018-10-24T18:37:46"/>
	<testcase classname="decode_significant_figures_tests.TestDecodeSignificantFiguresTests" name="testDecodeSigFigWhenFiveBandsWithGreenGreenGreen" time="0.000" timestamp="2018-10-24T18:37:46"/>
	<testcase classname="decode_significant_figures_tests.TestDecodeSignificantFiguresTests" name="testDecodeSigFigWhenFiveBandsWithGreenGreenGrey" time="0.000" timestamp="2018-10-24T18:37:46"/>
	<testcase classname="decode_significant_figures_tests.TestDecodeSignificantFiguresTests" name="testDecodeSigFigWhenFiveBandsWithGreenGreenOrange" time="0.000" timestamp="2018-10-24T18:37:46"/>
	<testcase classname="decode_significant_figures_tests.TestDecodeSignificantFiguresTests" name="testDecodeSigFigWhenFiveBandsWithGreenGreenRed" time="0.000" timestamp="2018-10-24T18:37:46"/>
	<testcase classname="decode_significant_figures_tests.TestDecodeSignificantFiguresTests" name="testDecodeSigFigWhenFiveBandsWithGreenGreenViolet" time="0.000" timestamp="2018-10-24T18:37:46"/>
	<testcase classname="decode_significant_figures_tests.TestDecodeSignificantFiguresTests" name="testDecodeSigFigWhenFiveBandsWithGreenGreenWhite" time="0.000" timestamp="2018-10-24T18:37:46"/>
	<testcase classname="decode_significant_figures_tests.TestDecodeSignificantFiguresTests" name="testDecodeSigFigWhenFiveBandsWithGreenGreenYellow" time="0.000" timestamp="2018-10-24T18:37:46"/>
	<testcase classname="decode_significant_figures_tests.TestDecodeSignificantFiguresTests" name="testDecodeSigFigWhenFiveBandsWithGreenGreyBlack" time="0.000" timestamp="2018-10-24T18:37:46"/>
	<testcase classname="decode_significant_figures_tests.TestDecodeSignificantFiguresTests" name="testDecodeSigFigWhenFiveBandsWithGreenGreyBlue" time="0.000" timestamp="2018-10-24T18:37:46"/>
	<testcase classname="decode_significant_figures_tests.TestDecodeSignificantFiguresTests" name="testDecodeSigFigWhenFiveBandsWithGreenGreyBrown" time="0.000" timestamp="2018-10-24T18:37:46"/>
	<testcase classname="decode_significant_figures_tests.TestDecodeSignificantFiguresTests" name="testDecodeSigFigWhenFiveBandsWithGreenGreyGreen" time="0.000" timestamp="2018-10-24T18:37:46"/>
	<testcase classname="decode_significant_figures_tests.TestDecodeSignificantFiguresTests" name="testDecodeSigFigWhenFiveBandsWithGreenGreyGrey" time="0.000" timestamp="2018-10-24T18:37:46"/>
	<testcase classname="decode_significant_figures_tests.TestDecodeSignificantFiguresTests" name="testDecodeSigFigWhenFiveBandsWithGreenGreyOrange" time="0.000" timestamp="2018-10-24T18:37:46"/>
	<testcase classname="decode_significant_figures_tests.TestDecodeSignificantFiguresTests" name="testDecodeSigFigWhenFiveBandsWithGreenGreyRed" time="0.000" timestamp="2018-10-24T18:37:46"/>
	<testcase classname="decode_significant_figures_tests.TestDecodeSignificantFiguresTests" name="testDecodeSigFigWhenFiveBandsWithGreenGreyViolet" time="0.000" timestamp="2018-10-24T18:37:46"/>
	<testcase classname="decode_significant_figures_tests.TestDecodeSignificantFiguresTests" name="testDecodeSigFigWhenFiveBandsWithGreenGreyWhite" time="0.000" timestamp="2018-10-24T18:37:46"/>
	<testcase classname="decode_significant_figures_tests.TestDecodeSignificantFiguresTests" name="testDecodeSigFigWhenFiveBandsWithGreenGreyYellow" time="0.000" timestamp="2018-10-24T18:37:46"/>
	<testcase classname="decode_significant_figures_tests.TestDecodeSignificantFiguresTests" name="testDecodeSigFigWhenFiveBandsWithGreenOrangeBlack" time="0.000" timestamp="2018-10-24T18:37:46"/>
	<testcase classname="decode_significant_figures_tests.TestDecodeSignificantFiguresTests" name="testDecodeSigFigWhenFiveBandsWithGreenOrangeBlue" time="0.000" timestamp="2018-10-24T18:37:46"/>
	<testcase classname="decode_significant_figures_tests.TestDecodeSignificantFiguresTests" name="testDecodeSigFigWhenFiveBandsWithGreenOrangeBrown" time="0.000" timestamp="2018-10-24T18:37:46"/>
	<testcase classname="decode_significant_figures_tests.TestDecodeSignificantFiguresTests" name="testDecodeSigFigWhenFiveBandsWithGreenOrangeGreen" time="0.000" timestamp="2018-10-24T18:37:46"/>
	<testcase classname="decode_significant_figures_tests.TestDecodeSignificantFiguresTests" name="testDecodeSigFigWhenFiveBandsWithGreenOrangeGrey" time="0.000" timestamp="2018-10-24T18:37:46"/>
	<testcase classname="decode_significant_figures_tests.TestDecodeSignificantFiguresTests" name="testDecodeSigFigWhenFiveBandsWithGreenOrangeOrange" time="0.000" timestamp="2018-10-24T18:37:46"/>
	<testcase classname="decode_significant_figures_tests.TestDecodeSignificantFiguresTests" name="testDecodeSigFigWhenFiveBandsWithGreenOrangeRed" time="0.000" timestamp="2018-10-24T18:37:46"/>
	<testcase classname="decode_significant_figures_tests.TestDecodeSignificantFiguresTests" name="testDecodeSigFigWhenFiveBandsWithGreenOrangeViolet" time="0.000" timestamp="2018-10-24T18:37:46"/>
	<testcase classname="decode_significant_figures_tests.TestDecodeSignificantFiguresTests" name="testDecodeSigFigWhenFiveBandsWithGreenOrangeWhite" time="0.000" timestamp="2018-10-24T18:37:46"/>
	<testcase classname="decode_significant_figures_tests.TestDecodeSignificantFiguresTests" name="testDecodeSigFigWhenFiveBandsWithGreenOrangeYellow" time="0.000" timestamp="2018-10-24T18:37:46"/>
	<testcase classname="decode_significant_figures_tests.TestDecodeSignificantFiguresTests" name="testDecodeSigFigWhenFiveBandsWithGreenRedBlack" time="0.000" timestamp="2018-10-24T18:37:46"/>
	<testcase classname="decode_significant_figures_tests.TestDecodeSignificantFiguresTests" name="testDecodeSigFigWhenFiveBandsWithGreenRedBlue" time="0.000" timestamp="2018-10-24T18:37:46"/>
	<testcase classname="decode_significant_figures_tests.TestDecodeSignificantFiguresTests" name="testDecodeSigFigWhenFiveBandsWithGreenRedBrown" time="0.000" timestamp="2018-10-24T18:37:46"/>
	<testcase classname="decode_significant_figures_tests.TestDecodeSignificantFiguresTests" name="testDecodeSigFigWhenFiveBandsWithGreenRedGreen" time="0.000" timestamp="2018-10-24T18:37:46"/>
	<testcase classname="decode_significant_figures_tests.TestDecodeSignificantFiguresTests" name="testDecodeSigFigWhenFiveBandsWithGreenRedGrey" time="0.000" timestamp="2018-10-24T18:37:46"/>
	<testcase classname="decode_significant_figures_tests.TestDecodeSignificantFiguresTests" name="testDecodeSigFigWhenFiveBandsWithGreenRedOrange" time="0.000" timestamp="2018-10-24T18:37:46"/>
	<testcase classname="decode_significant_figures_tests.TestDecodeSignificantFiguresTests" name="testDecodeSigFigWhenFiveBandsWithGreenRedRed" time="0.000" timestamp="2018-10-24T18:37:46"/>
	<testcase classname="decode_significant_figures_tests.TestDecodeSignificantFiguresTests" name="testDecodeSigFigWhenFiveBandsWithGreenRedViolet" time="0.000" timestamp="2018-10-24T18:37:46"/>
	<testcase classname="decode_significant_figures_tests.TestDecodeSignificantFiguresTests" name="testDecodeSigFigWhenFiveBandsWithGreenRedWhite" time="0.000" timestamp="2018-10-24T18:37:46"/>
	<testcase classname="decode_significant_figures_tests.TestDecodeSignificantFiguresTests" name="testDecodeSigFigWhenFiveBandsWithGreenRedYellow" time="0.000" timestamp="2018-10-24T18:37:46"/>
	<testcase classname="decode_significant_figures_tests.TestDecodeSignificantFiguresTests" name="testDecodeSigFigWhenFiveBandsWithGreenVioletBlack" time="0.000" timestamp="2018-10-24T18:37:46"/>
	<testcase classname="decode_significant_figures_tests.TestDecodeSignificantFiguresTests" name="testDecodeSigFigWhenFiveBandsWithGreenVioletBlue" time="0.000" timestamp="2018-10-24T18:37:46"/>
	<testcase classname="decode_significant_figures_tests.TestDecodeSignificantFiguresTests" name="testDecodeSigFigWhenFiveBandsWithGreenVioletBrown" time="0.000" timestamp="2018-10-24T18:37:46"/>
	<testcase classname="decode_significant_figures_tests.TestDecodeSignificantFiguresTests" name="testDecodeSigFigWhenFiveBandsWithGreenVioletGreen" time="0.000" timestamp="2018-10-24T18:37:46"/>
	<testcase classname="decode_significant_figures_tests.TestDecodeSignificantFiguresTests" name="testDecodeSigFigWhenFiveBandsWithGreenVioletGrey" time="0.000" timestamp="2018-10-24T18:37:46"/>
	<testcase classname="decode_significant_figures_tests.TestDecodeSignificantFiguresTests" name="testDecodeSigFigWhenFiveBandsWithGreenVioletOrange" time="0.000" timestamp="2018-10-24T18:37:46"/>
	<testcase classname="decode_significant_figures_tests.TestDecodeSignificantFiguresTests" name="testDecodeSigFigWhenFiveBandsWithGreenVioletRed" time="0.000" timestamp="2018-10-24T18:37:46"/>
	<testcase classname="decode_significant_figures_tests.TestDecodeSignificantFiguresTests" name="testDecodeSigFigWhenFiveBandsWithGreenVioletViolet" time="0.000" timestamp="2018-10-24T18:37:46"/>
	<testcase classname="decode_significant_figures_tests.TestDecodeSignificantFiguresTests" name="testDecodeSigFigWhenFiveBandsWithGreenVioletWhite" time="0.000" timestamp="2018-10-24T18:37:46"/>
	<testcase classname="decode_significant_figures_tests.TestDecodeSignificantFiguresTests" name="testDecodeSigFigWhenFiveBandsWithGreenVioletYellow" time="0.000" timestamp="2018-10-24T18:37:46"/>
	<testcase classname="decode_significant_figures_tests.TestDecodeSignificantFiguresTests" name="testDecodeSigFigWhenFiveBandsWithGreenWhiteBlack" time="0.000" timestamp="2018-10-24T18:37:46"/>
	<testcase classname="decode_significant_figures_tests.TestDecodeSignificantFiguresTests" name="testDecodeSigFigWhenFiveBandsWithGreenWhiteBlue" time="0.000" timestamp="2018-10-24T18:37:46"/>
	<testcase classname="decode_significant_figures_tests.TestDecodeSignificantFiguresTests" name="testDecodeSigFigWhenFiveBandsWithGreenWhiteBrown" time="0.000" timestamp="2018-10-24T18:37:46"/>
	<testcase classname="decode_significant_figures_tests.TestDecodeSignificantFiguresTests" name="testDecodeSigFigWhenFiveBandsWithGreenWhiteGreen" time="0.000" timestamp="2018-10-24T18:37:46"/>
	<testcase classname="decode_significant_figures_tests.TestDecodeSignificantFiguresTests" name="testDecodeSigFigWhenFiveBandsWithGreenWhiteGrey" time="0.000" timestamp="2018-10-24T18:37:46"/>
	<testcase classname="decode_significant_figures_tests.TestDecodeSignificantFiguresTests" name="testDecodeSigFigWhenFiveBandsWithGreenWhiteOrange" time="0.000" timestamp="2018-10-24T18:37:46"/>
	<testcase classname="decode_significant_figures_tests.TestDecodeSignificantFiguresTests" name="testDecodeSigFigWhenFiveBandsWithGreenWhiteRed" time="0.000" timestamp="2018-10-24T18:37:46"/>
	<testcase classname="decode_significant_figures_tests.TestDecodeSignificantFiguresTests" name="testDecodeSigFigWhenFiveBandsWithGreenWhiteViolet" time="0.000" timestamp="2018-10-24T18:37:46"/>
	<testcase classname="decode_significant_figures_tests.TestDecodeSignificantFiguresTests" name="testDecodeSigFigWhenFiveBandsWithGreenWhiteWhite" time="0.000" timestamp="2018-10-24T18:37:46"/>
	<testcase classname="decode_significant_figures_tests.TestDecodeSignificantFiguresTests" name="testDecodeSigFigWhenFiveBandsWithGreenWhiteYellow" time="0.000" timestamp="2018-10-24T18:37:46"/>
	<testcase classname="decode_significant_figures_tests.TestDecodeSignificantFiguresTests" name="testDecodeSigFigWhenFiveBandsWithGreenYellowBlack" time="0.000" timestamp="2018-10-24T18:37:46"/>
	<testcase classname="decode_significant_figures_tests.TestDecodeSignificantFiguresTests" name="testDecodeSigFigWhenFiveBandsWithGreenYellowBlue" time="0.000" timestamp="2018-10-24T18:37:46"/>
	<testcase classname="decode_significant_figures_tests.TestDecodeSignificantFiguresTests" name="testDecodeSigFigWhenFiveBandsWithGreenYellowBrown" time="0.000" timestamp="2018-10-24T18:37:46"/>
	<testcase classname="decode_significant_figures_tests.TestDecodeSignificantFiguresTests" name="testDecodeSigFigWhenFiveBandsWithGreenYellowGreen" time="0.000" timestamp="2018-10-24T18:37:46"/>
	<testcase classname="decode_significant_figures_tests.TestDecodeSignificantFiguresTests" name="testDecodeSigFigWhenFiveBandsWithGreenYellowGrey" time="0.000" timestamp="2018-10-24T18:37:46"/>
	<testcase classname="decode_significant_figures_tests.TestDecodeSignificantFiguresTests" name="testDecodeSigFigWhenFiveBandsWithGreenYellowOrange" time="0.000" timestamp="2018-10-24T18:37:46"/>
	<testcase classname="decode_significant_figures_tests.TestDecodeSignificantFiguresTests" name="testDecodeSigFigWhenFiveBandsWithGreenYellowRed" time="0.000" timestamp="2018-10-24T18:37:46"/>
	<testcase classname="decode_significant_figures_tests.TestDecodeSignificantFiguresTests" name="testDecodeSigFigWhenFiveBandsWithGreenYellowViolet" time="0.000" timestamp="2018-10-24T18:37:46"/>
	<testcase classname="decode_significant_figures_tests.TestDecodeSignificantFiguresTests" name="testDecodeSigFigWhenFiveBandsWithGreenYellowWhite" time="0.000" timestamp="2018-10-24T18:37:46"/>
	<testcase classname="decode_significant_figures_tests.TestDecodeSignificantFiguresTests" name="testDecodeSigFigWhenFiveBandsWithGreenYellowYellow" time="0.000" timestamp="2018-10-24T18:37:46"/>
	<testcase classname="decode_significant_figures_tests.TestDecodeSignificantFiguresTests" name="testDecodeSigFigWhenFiveBandsWithGreyBlackBlack" time="0.000" timestamp="2018-10-24T18:37:46"/>
	<testcase classname="decode_significant_figures_tests.TestDecodeSignificantFiguresTests" name="testDecodeSigFigWhenFiveBandsWithGreyBlackBlue" time="0.000" timestamp="2018-10-24T18:37:46"/>
	<testcase classname="decode_significant_figures_tests.TestDecodeSignificantFiguresTests" name="testDecodeSigFigWhenFiveBandsWithGreyBlackBrown" time="0.000" timestamp="2018-10-24T18:37:46"/>
	<testcase classname="decode_significant_figures_tests.TestDecodeSignificantFiguresTests" name="testDecodeSigFigWhenFiveBandsWithGreyBlackGreen" time="0.000" timestamp="2018-10-24T18:37:46"/>
	<testcase classname="decode_significant_figures_tests.TestDecodeSignificantFiguresTests" name="testDecodeSigFigWhenFiveBandsWithGreyBlackGrey" time="0.000" timestamp="2018-10-24T18:37:46"/>
	<testcase classname="decode_significant_figures_tests.TestDecodeSignificantFiguresTests" name="testDecodeSigFigWhenFiveBandsWithGreyBlackOrange" time="0.000" timestamp="2018-10-24T18:37:46"/>
	<testcase classname="decode_significant_figures_tests.TestDecodeSignificantFiguresTests" name="testDecodeSigFigWhenFiveBandsWithGreyBlackRed" time="0.000" timestamp="2018-10-24T18:37:46"/>
	<testcase classname="decode_significant_figures_tests.TestDecodeSignificantFiguresTests" name="testDecodeSigFigWhenFiveBandsWithGreyBlackViolet" time="0.000" timestamp="2018-10-24T18:37:46"/>
	<testcase classname="decode_significant_figures_tests.TestDecodeSignificantFiguresTests" name="testDecodeSigFigWhenFiveBandsWithGreyBlackWhite" time="0.000" timestamp="2018-10-24T18:37:46"/>
	<testcase classname="decode_significant_figures_tests.TestDecodeSignificantFiguresTests" name="testDecodeSigFigWhenFiveBandsWithGreyBlackYellow" time="0.000" timestamp="2018-10-24T18:37:46"/>
	<testcase classname="decode_significant_figures_tests.TestDecodeSignificantFiguresTests" name="testDecodeSigFigWhenFiveBandsWithGreyBlueBlack" time="0.000" timestamp="2018-10-24T18:37:46"/>
	<testcase classname="decode_significant_figures_tests.TestDecodeSignificantFiguresTests" name="testDecodeSigFigWhenFiveBandsWithGreyBlueBlue" time="0.000" timestamp="2018-10-24T18:37:46"/>
	<testcase classname="decode_significant_figures_tests.TestDecodeSignificantFiguresTests" name="testDecodeSigFigWhenFiveBandsWithGreyBlueBrown" time="0.000" timestamp="2018-10-24T18:37:46"/>
	<testcase classname="decode_significant_figures_tests.TestDecodeSignificantFiguresTests" name="testDecodeSigFigWhenFiveBandsWithGreyBlueGreen" time="0.000" timestamp="2018-10-24T18:37:46"/>
	<testcase classname="decode_significant_figures_tests.TestDecodeSignificantFiguresTests" name="testDecodeSigFigWhenFiveBandsWithGreyBlueGrey" time="0.000" timestamp="2018-10-24T18:37:46"/>
	<testcase classname="decode_significant_figures_tests.TestDecodeSignificantFiguresTests" name="testDecodeSigFigWhenFiveBandsWithGreyBlueOrange" time="0.000" timestamp="2018-10-24T18:37:46"/>
	<testcase classname="decode_significant_figures_tests.TestDecodeSignificantFiguresTests" name="testDecodeSigFigWhenFiveBandsWithGreyBlueRed" time="0.000" timestamp="2018-10-24T18:37:46"/>
	<testcase classname="decode_significant_figures_tests.TestDecodeSignificantFiguresTests" name="testDecodeSigFigWhenFiveBandsWithGreyBlueViolet" time="0.000" timestamp="2018-10-24T18:37:46"/>
	<testcase classname="decode_significant_figures_tests.TestDecodeSignificantFiguresTests" name="testDecodeSigFigWhenFiveBandsWithGreyBlueWhite" time="0.000" timestamp="2018-10-24T18:37:46"/>
	<testcase classname="decode_significant_figures_tests.TestDecodeSignificantFiguresTests" name="testDecodeSigFigWhenFiveBandsWithGreyBlueYellow" time="0.000" timestamp="2018-10-24T18:37:46"/>
	<testcase classname="decode_significant_figures_tests.TestDecodeSignificantFiguresTests" name="testDecodeSigFigWhenFiveBandsWithGreyBrownBlack" time="0.000" timestamp="2018-10-24T18:37:46"/>
	<testcase classname="decode_significant_figures_tests.TestDecodeSignificantFiguresTests" name="testDecodeSigFigWhenFiveBandsWithGreyBrownBlue" time="0.000" timestamp="2018-10-24T18:37:46"/>
	<testcase classname="decode_significant_figures_tests.TestDecodeSignificantFiguresTests" name="testDecodeSigFigWhenFiveBandsWithGreyBrownBrown" time="0.000" timestamp="2018-10-24T18:37:46"/>
	<testcase classname="decode_significant_figures_tests.TestDecodeSignificantFiguresTests" name="testDecodeSigFigWhenFiveBandsWithGreyBrownGreen" time="0.000" timestamp="2018-10-24T18:37:46"/>
	<testcase classname="decode_significant_figures_tests.TestDecodeSignificantFiguresTests" name="testDecodeSigFigWhenFiveBandsWithGreyBrownGrey" time="0.000" timestamp="2018-10-24T18:37:46"/>
	<testcase classname="decode_significant_figures_tests.TestDecodeSignificantFiguresTests" name="testDecodeSigFigWhenFiveBandsWithGreyBrownOrange" time="0.000" timestamp="2018-10-24T18:37:46"/>
	<testcase classname="decode_significant_figures_tests.TestDecodeSignificantFiguresTests" name="testDecodeSigFigWhenFiveBandsWithGreyBrownRed" time="0.000" timestamp="2018-10-24T18:37:46"/>
	<testcase classname="decode_significant_figures_tests.TestDecodeSignificantFiguresTests" name="testDecodeSigFigWhenFiveBandsWithGreyBrownViolet" time="0.000" timestamp="2018-10-24T18:37:46"/>
	<testcase classname="decode_significant_figures_tests.TestDecodeSignificantFiguresTests" name="testDecodeSigFigWhenFiveBandsWithGreyBrownWhite" time="0.000" timestamp="2018-10-24T18:37:46"/>
	<testcase classname="decode_significant_figures_tests.TestDecodeSignificantFiguresTests" name="testDecodeSigFigWhenFiveBandsWithGreyBrownYellow" time="0.000" timestamp="2018-10-24T18:37:46"/>
	<testcase classname="decode_significant_figures_tests.TestDecodeSignificantFiguresTests" name="testDecodeSigFigWhenFiveBandsWithGreyGreenBlack" time="0.000" timestamp="2018-10-24T18:37:46"/>
	<testcase classname="decode_significant_figures_tests.TestDecodeSignificantFiguresTests" name="testDecodeSigFigWhenFiveBandsWithGreyGreenBlue" time="0.000" timestamp="2018-10-24T18:37:46"/>
	<testcase classname="decode_significant_figures_tests.TestDecodeSignificantFiguresTests" name="testDecodeSigFigWhenFiveBandsWithGreyGreenBrown" time="0.000" timestamp="2018-10-24T18:37:46"/>
	<testcase classname="decode_significant_figures_tests.TestDecodeSignificantFiguresTests" name="testDecodeSigFigWhenFiveBandsWithGreyGreenGreen" time="0.000" timestamp="2018-10-24T18:37:46"/>
	<testcase classname="decode_significant_figures_tests.TestDecodeSignificantFiguresTests" name="testDecodeSigFigWhenFiveBandsWithGreyGreenGrey" time="0.000" timestamp="2018-10-24T18:37:46"/>
	<testcase classname="decode_significant_figures_tests.TestDecodeSignificantFiguresTests" name="testDecodeSigFigWhenFiveBandsWithGreyGreenOrange" time="0.000" timestamp="2018-10-24T18:37:46"/>
	<testcase classname="decode_significant_figures_tests.TestDecodeSignificantFiguresTests" name="testDecodeSigFigWhenFiveBandsWithGreyGreenRed" time="0.000" timestamp="2018-10-24T18:37:46"/>
	<testcase classname="decode_significant_figures_tests.TestDecodeSignificantFiguresTests" name="testDecodeSigFigWhenFiveBandsWithGreyGreenViolet" time="0.000" timestamp="2018-10-24T18:37:46"/>
	<testcase classname="decode_significant_figures_tests.TestDecodeSignificantFiguresTests" name="testDecodeSigFigWhenFiveBandsWithGreyGreenWhite" time="0.000" timestamp="2018-10-24T18:37:46"/>
	<testcase classname="decode_significant_figures_tests.TestDecodeSignificantFiguresTests" name="testDecodeSigFigWhenFiveBandsWithGreyGreenYellow" time="0.000" timestamp="2018-10-24T18:37:46"/>
	<testcase classname="decode_significant_figures_tests.TestDecodeSignificantFiguresTests" name="testDecodeSigFigWhenFiveBandsWithGreyGreyBlack" time="0.000" timestamp="2018-10-24T18:37:46"/>
	<testcase classname="decode_significant_figures_tests.TestDecodeSignificantFiguresTests" name="testDecodeSigFigWhenFiveBandsWithGreyGreyBlue" time="0.000" timestamp="2018-10-24T18:37:46"/>
	<testcase classname="decode_significant_figures_tests.TestDecodeSignificantFiguresTests" name="testDecodeSigFigWhenFiveBandsWithGreyGreyBrown" time="0.000" timestamp="2018-10-24T18:37:46"/>
	<testcase classname="decode_significant_figures_tests.TestDecodeSignificantFiguresTests" name="testDecodeSigFigWhenFiveBandsWithGreyGreyGreen" time="0.000" timestamp="2018-10-24T18:37:46"/>
	<testcase classname="decode_significant_figures_tests.TestDecodeSignificantFiguresTests" name="testDecodeSigFigWhenFiveBandsWithGreyGreyGrey" time="0.000" timestamp="2018-10-24T18:37:46"/>
	<testcase classname="decode_significant_figures_tests.TestDecodeSignificantFiguresTests" name="testDecodeSigFigWhenFiveBandsWithGreyGreyOrange" time="0.000" timestamp="2018-10-24T18:37:46"/>
	<testcase classname="decode_significant_figures_tests.TestDecodeSignificantFiguresTests" name="testDecodeSigFigWhenFiveBandsWithGreyGreyRed" time="0.000" timestamp="2018-10-24T18:37:46"/>
	<testcase classname="decode_significant_figures_tests.TestDecodeSignificantFiguresTests" name="testDecodeSigFigWhenFiveBandsWithGreyGreyViolet" time="0.000" timestamp="2018-10-24T18:37:46"/>
	<testcase classname="decode_significant_figures_tests.TestDecodeSignificantFiguresTests" name="testDecodeSigFigWhenFiveBandsWithGreyGreyWhite" time="0.000" timestamp="2018-10-24T18:37:46"/>
	<testcase classname="decode_significant_figures_tests.TestDecodeSignificantFiguresTests" name="testDecodeSigFigWhenFiveBandsWithGreyGreyYellow" time="0.000" timestamp="2018-10-24T18:37:46"/>
	<testcase classname="decode_significant_figures_tests.TestDecodeSignificantFiguresTests" name="testDecodeSigFigWhenFiveBandsWithGreyOrangeBlack" time="0.000" timestamp="2018-10-24T18:37:46"/>
	<testcase classname="decode_significant_figures_tests.TestDecodeSignificantFiguresTests" name="testDecodeSigFigWhenFiveBandsWithGreyOrangeBlue" time="0.000" timestamp="2018-10-24T18:37:46"/>
	<testcase classname="decode_significant_figures_tests.TestDecodeSignificantFiguresTests" name="testDecodeSigFigWhenFiveBandsWithGreyOrangeBrown" time="0.000" timestamp="2018-10-24T18:37:46"/>
	<testcase classname="decode_significant_figures_tests.TestDecodeSignificantFiguresTests" name="testDecodeSigFigWhenFiveBandsWithGreyOrangeGreen" time="0.000" timestamp="2018-10-24T18:37:46"/>
	<testcase classname="decode_significant_figures_tests.TestDecodeSignificantFiguresTests" name="testDecodeSigFigWhenFiveBandsWithGreyOrangeGrey" time="0.000" timestamp="2018-10-24T18:37:46"/>
	<testcase classname="decode_significant_figures_tests.TestDecodeSignificantFiguresTests" name="testDecodeSigFigWhenFiveBandsWithGreyOrangeOrange" time="0.000" timestamp="2018-10-24T18:37:46"/>
	<testcase classname="decode_significant_figures_tests.TestDecodeSignificantFiguresTests" name="testDecodeSigFigWhenFiveBandsWithGreyOrangeRed" time="0.000" timestamp="2018-10-24T18:37:46"/>
	<testcase classname="decode_significant_figures_tests.TestDecodeSignificantFiguresTests" name="testDecodeSigFigWhenFiveBandsWithGreyOrangeViolet" time="0.000" timestamp="2018-10-24T18:37:46"/>
	<testcase classname="decode_significant_figures_tests.TestDecodeSignificantFiguresTests" name="testDecodeSigFigWhenFiveBandsWithGreyOrangeWhite" time="0.000" timestamp="2018-10-24T18:37:46"/>
	<testcase classname="decode_significant_figures_tests.TestDecodeSignificantFiguresTests" name="testDecodeSigFigWhenFiveBandsWithGreyOrangeYellow" time="0.000" timestamp="2018-10-24T18:37:46"/>
	<testcase classname="decode_significant_figures_tests.TestDecodeSignificantFiguresTests" name="testDecodeSigFigWhenFiveBandsWithGreyRedBlack" time="0.000" timestamp="2018-10-24T18:37:46"/>
	<testcase classname="decode_significant_figures_tests.TestDecodeSignificantFiguresTests" name="testDecodeSigFigWhenFiveBandsWithGreyRedBlue" time="0.000" timestamp="2018-10-24T18:37:46"/>
	<testcase classname="decode_significant_figures_tests.TestDecodeSignificantFiguresTests" name="testDecodeSigFigWhenFiveBandsWithGreyRedBrown" time="0.000" timestamp="2018-10-24T18:37:46"/>
	<testcase classname="decode_significant_figures_tests.TestDecodeSignificantFiguresTests" name="testDecodeSigFigWhenFiveBandsWithGreyRedGreen" time="0.000" timestamp="2018-10-24T18:37:46"/>
	<testcase classname="decode_significant_figures_tests.TestDecodeSignificantFiguresTests" name="testDecodeSigFigWhenFiveBandsWithGreyRedGrey" time="0.000" timestamp="2018-10-24T18:37:46"/>
	<testcase classname="decode_significant_figures_tests.TestDecodeSignificantFiguresTests" name="testDecodeSigFigWhenFiveBandsWithGreyRedOrange" time="0.000" timestamp="2018-10-24T18:37:46"/>
	<testcase classname="decode_significant_figures_tests.TestDecodeSignificantFiguresTests" name="testDecodeSigFigWhenFiveBandsWithGreyRedRed" time="0.000" timestamp="2018-10-24T18:37:46"/>
	<testcase classname="decode_significant_figures_tests.TestDecodeSignificantFiguresTests" name="testDecodeSigFigWhenFiveBandsWithGreyRedViolet" time="0.000" timestamp="2018-10-24T18:37:46"/>
	<testcase classname="decode_significant_figures_tests.TestDecodeSignificantFiguresTests" name="testDecodeSigFigWhenFiveBandsWithGreyRedWhite" time="0.000" timestamp="2018-10-24T18:37:46"/>
	<testcase classname="decode_significant_figures_tests.TestDecodeSignificantFiguresTests" name="testDecodeSigFigWhenFiveBandsWithGreyRedYellow" time="0.000" timestamp="2018-10-24T18:37:46"/>
	<testcase classname="decode_significant_figures_tests.TestDecodeSignificantFiguresTests" name="testDecodeSigFigWhenFiveBandsWithGreyVioletBlack" time="0.000" timestamp="2018-10-24T18:37:46"/>
	<testcase classname="decode_significant_figures_tests.TestDecodeSignificantFiguresTests" name="testDecodeSigFigWhenFiveBandsWithGreyVioletBlue" time="0.000" timestamp="2018-10-24T18:37:46"/>
	<testcase classname="decode_significant_figures_tests.TestDecodeSignificantFiguresTests" name="testDecodeSigFigWhenFiveBandsWithGreyVioletBrown" time="0.000" timestamp="2018-10-24T18:37:46"/>
	<testcase classname="decode_significant_figures_tests.TestDecodeSignificantFiguresTests" name="testDecodeSigFigWhenFiveBandsWithGreyVioletGreen" time="0.000" timestamp="2018-10-24T18:37:46"/>
	<testcase classname="decode_significant_figures_tests.TestDecodeSignificantFiguresTests" name="testDecodeSigFigWhenFiveBandsWithGreyVioletGrey" time="0.000" timestamp="2018-10-24T18:37:46"/>
	<testcase classname="decode_significant_figures_tests.TestDecodeSignificantFiguresTests" name="testDecodeSigFigWhenFiveBandsWithGreyVioletOrange" time="0.000" timestamp="2018-10-24T18:37:46"/>
	<testcase classname="decode_significant_figures_tests.TestDecodeSignificantFiguresTests" name="testDecodeSigFigWhenFiveBandsWithGreyVioletRed" time="0.000" timestamp="2018-10-24T18:37:46"/>
	<testcase classname="decode_significant_figures_tests.TestDecodeSignificantFiguresTests" name="testDecodeSigFigWhenFiveBandsWithGreyVioletViolet" time="0.000" timestamp="2018-10-24T18:37:46"/>
	<testcase classname="decode_significant_figures_tests.TestDecodeSignificantFiguresTests" name="testDecodeSigFigWhenFiveBandsWithGreyVioletWhite" time="0.000" timestamp="2018-10-24T18:37:46"/>
	<testcase classname="decode_significant_figures_tests.TestDecodeSignificantFiguresTests" name="testDecodeSigFigWhenFiveBandsWithGreyVioletYellow" time="0.000" timestamp="2018-10-24T18:37:46"/>
	<testcase classname="decode_significant_figures_tests.TestDecodeSignificantFiguresTests" name="testDecodeSigFigWhenFiveBandsWithGreyWhiteBlack" time="0.000" timestamp="2018-10-24T18:37:46"/>
	<testcase classname="decode_significant_figures_tests.TestDecodeSignificantFiguresTests" name="testDecodeSigFigWhenFiveBandsWithGreyWhiteBlue" time="0.000" timestamp="2018-10-24T18:37:46"/>
	<testcase classname="decode_significant_figures_tests.TestDecodeSignificantFiguresTests" name="testDecodeSigFigWhenFiveBandsWithGreyWhiteBrown" time="0.000" timestamp="2018-10-24T18:37:46"/>
	<testcase classname="decode_significant_figures_tests.TestDecodeSignificantFiguresTests" name="testDecodeSigFigWhenFiveBandsWithGreyWhiteGreen" time="0.000" timestamp="2018-10-24T18:37:46"/>
	<testcase classname="decode_significant_figures_tests.TestDecodeSignificantFiguresTests" name="testDecodeSigFigWhenFiveBandsWithGreyWhiteGrey" time="0.000" timestamp="2018-10-24T18:37:46"/>
	<testcase classname="decode_significant_figures_tests.TestDecodeSignificantFiguresTests" name="testDecodeSigFigWhenFiveBandsWithGreyWhiteOrange" time="0.000" timestamp="2018-10-24T18:37:46"/>
	<testcase classname="decode_significant_figures_tests.TestDecodeSignificantFiguresTests" name="testDecodeSigFigWhenFiveBandsWithGreyWhiteRed" time="0.000" timestamp="2018-10-24T18:37:46"/>
	<testcase classname="decode_significant_figures_tests.TestDecodeSignificantFiguresTests" name="testDecodeSigFigWhenFiveBandsWithGreyWhiteViolet" time="0.000" timestamp="2018-10-24T18:37:46"/>
	<testcase classname="decode_significant_figures_tests.TestDecodeSignificantFiguresTests" name="testDecodeSigFigWhenFiveBandsWithGreyWhiteWhite" time="0.000" timestamp="2018-10-24T18:37:46"/>
	<testcase classname="decode_significant_figures_tests.TestDecodeSignificantFiguresTests" name="testDecodeSigFigWhenFiveBandsWithGreyWhiteYellow" time="0.000" timestamp="2018-10-24T18:37:46"/>
	<testcase classname="decode_significant_figures_tests.TestDecodeSignificantFiguresTests" name="testDecodeSigFigWhenFiveBandsWithGreyYellowBlack" time="0.000" timestamp="2018-10-24T18:37:46"/>
	<testcase classname="decode_significant_figures_tests.TestDecodeSignificantFiguresTests" name="testDecodeSigFigWhenFiveBandsWithGreyYellowBlue" time="0.000" timestamp="2018-10-24T18:37:46"/>
	<testcase classname="decode_significant_figures_tests.TestDecodeSignificantFiguresTests" name="testDecodeSigFigWhenFiveBandsWithGreyYellowBrown" time="0.000" timestamp="2018-10-24T18:37:46"/>
	<testcase classname="decode_significant_figures_tests.TestDecodeSignificantFiguresTests" name="testDecodeSigFigWhenFiveBandsWithGreyYellowGreen" time="0.000" timestamp="2018-10-24T18:37:46"/>
	<testcase classname="decode_significant_figures_tests.TestDecodeSignificantFiguresTests" name="testDecodeSigFigWhenFiveBandsWithGreyYellowGrey" time="0.000" timestamp="2018-10-24T18:37:46"/>
	<testcase classname="decode_significant_figures_tests.TestDecodeSignificantFiguresTests" name="testDecodeSigFigWhenFiveBandsWithGreyYellowOrange" time="0.000" timestamp="2018-10-24T18:37:46"/>
	<testcase classname="decode_significant_figures_tests.TestDecodeSignificantFiguresTests" name="testDecodeSigFigWhenFiveBandsWithGreyYellowRed" time="0.000" timestamp="2018-10-24T18:37:46"/>
	<testcase classname="decode_significant_figures_tests.TestDecodeSignificantFiguresTests" name="testDecodeSigFigWhenFiveBandsWithGreyYellowViolet" time="0.000" timestamp="2018-10-24T18:37:46"/>
	<testcase classname="decode_significant_figures_tests.TestDecodeSignificantFiguresTests" name="testDecodeSigFigWhenFiveBandsWithGreyYellowWhite" time="0.000" timestamp="2018-10-24T18:37:46"/>
	<testcase classname="decode_significant_figures_tests.TestDecodeSignificantFiguresTests" name="testDecodeSigFigWhenFiveBandsWithGreyYellowYellow" time="0.000" timestamp="2018-10-24T18:37:46"/>
	<testcase classname="decode_significant_figures_tests.TestDecodeSignificantFiguresTests" name="testDecodeSigFigWhenFiveBandsWithOrangeBlackBlack" time="0.000" timestamp="2018-10-24T18:37:46"/>
	<testcase classname="decode_significant_figures_tests.TestDecodeSignificantFiguresTests" name="testDecodeSigFigWhenFiveBandsWithOrangeBlackBlue" time="0.000" timestamp="2018-10-24T18:37:46"/>
	<testcase classname="decode_significant_figures_tests.TestDecodeSignificantFiguresTests" name="testDecodeSigFigWhenFiveBandsWithOrangeBlackBrown" time="0.000" timestamp="2018-10-24T18:37:46"/>
	<testcase classname="decode_significant_figures_tests.TestDecodeSignificantFiguresTests" name="testDecodeSigFigWhenFiveBandsWithOrangeBlackGreen" time="0.000" timestamp="2018-10-24T18:37:46"/>
	<testcase classname="decode_significant_figures_tests.TestDecodeSignificantFiguresTests" name="testDecodeSigFigWhenFiveBandsWithOrangeBlackGrey" time="0.000" timestamp="2018-10-24T18:37:46"/>
	<testcase classname="decode_significant_figures_tests.TestDecodeSignificantFiguresTests" name="testDecodeSigFigWhenFiveBandsWithOrangeBlackOrange" time="0.000" timestamp="2018-10-24T18:37:46"/>
	<testcase classname="decode_significant_figures_tests.TestDecodeSignificantFiguresTests" name="testDecodeSigFigWhenFiveBandsWithOrangeBlackRed" time="0.000" timestamp="2018-10-24T18:37:46"/>
	<testcase classname="decode_significant_figures_tests.TestDecodeSignificantFiguresTests" name="testDecodeSigFigWhenFiveBandsWithOrangeBlackViolet" time="0.000" timestamp="2018-10-24T18:37:46"/>
	<testcase classname="decode_significant_figures_tests.TestDecodeSignificantFiguresTests" name="testDecodeSigFigWhenFiveBandsWithOrangeBlackWhite" time="0.000" timestamp="2018-10-24T18:37:46"/>
	<testcase classname="decode_significant_figures_tests.TestDecodeSignificantFiguresTests" name="testDecodeSigFigWhenFiveBandsWithOrangeBlackYellow" time="0.000" timestamp="2018-10-24T18:37:46"/>
	<testcase classname="decode_significant_figures_tests.TestDecodeSignificantFiguresTests" name="testDecodeSigFigWhenFiveBandsWithOrangeBlueBlack" time="0.000" timestamp="2018-10-24T18:37:46"/>
	<testcase classname="decode_significant_figures_tests.TestDecodeSignificantFiguresTests" name="testDecodeSigFigWhenFiveBandsWithOrangeBlueBlue" time="0.000" timestamp="2018-10-24T18:37:46"/>
	<testcase classname="decode_significant_figures_tests.TestDecodeSignificantFiguresTests" name="testDecodeSigFigWhenFiveBandsWithOrangeBlueBrown" time="0.000" timestamp="2018-10-24T18:37:46"/>
	<testcase classname="decode_significant_figures_tests.TestDecodeSignificantFiguresTests" name="testDecodeSigFigWhenFiveBandsWithOrangeBlueGreen" time="0.000" timestamp="2018-10-24T18:37:46"/>
	<testcase classname="decode_significant_figures_tests.TestDecodeSignificantFiguresTests" name="testDecodeSigFigWhenFiveBandsWithOrangeBlueGrey" time="0.000" timestamp="2018-10-24T18:37:46"/>
	<testcase classname="decode_significant_figures_tests.TestDecodeSignificantFiguresTests" name="testDecodeSigFigWhenFiveBandsWithOrangeBlueOrange" time="0.000" timestamp="2018-10-24T18:37:46"/>
	<testcase classname="decode_significant_figures_tests.TestDecodeSignificantFiguresTests" name="testDecodeSigFigWhenFiveBandsWithOrangeBlueRed" time="0.000" timestamp="2018-10-24T18:37:46"/>
	<testcase classname="decode_significant_figures_tests.TestDecodeSignificantFiguresTests" name="testDecodeSigFigWhenFiveBandsWithOrangeBlueViolet" time="0.000" timestamp="2018-10-24T18:37:46"/>
	<testcase classname="decode_significant_figures_tests.TestDecodeSignificantFiguresTests" name="testDecodeSigFigWhenFiveBandsWithOrangeBlueWhite" time="0.000" timestamp="2018-10-24T18:37:46"/>
	<testcase classname="decode_significant_figures_tests.TestDecodeSignificantFiguresTests" name="testDecodeSigFigWhenFiveBandsWithOrangeBlueYellow" time="0.000" timestamp="2018-10-24T18:37:46"/>
	<testcase classname="decode_significant_figures_tests.TestDecodeSignificantFiguresTests" name="testDecodeSigFigWhenFiveBandsWithOrangeBrownBlack" time="0.000" timestamp="2018-10-24T18:37:46"/>
	<testcase classname="decode_significant_figures_tests.TestDecodeSignificantFiguresTests" name="testDecodeSigFigWhenFiveBandsWithOrangeBrownBlue" time="0.000" timestamp="2018-10-24T18:37:46"/>
	<testcase classname="decode_significant_figures_tests.TestDecodeSignificantFiguresTests" name="testDecodeSigFigWhenFiveBandsWithOrangeBrownBrown" time="0.000" timestamp="2018-10-24T18:37:46"/>
	<testcase classname="decode_significant_figures_tests.TestDecodeSignificantFiguresTests" name="testDecodeSigFigWhenFiveBandsWithOrangeBrownGreen" time="0.000" timestamp="2018-10-24T18:37:46"/>
	<testcase classname="decode_significant_figures_tests.TestDecodeSignificantFiguresTests" name="testDecodeSigFigWhenFiveBandsWithOrangeBrownGrey" time="0.000" timestamp="2018-10-24T18:37:46"/>
	<testcase classname="decode_significant_figures_tests.TestDecodeSignificantFiguresTests" name="testDecodeSigFigWhenFiveBandsWithOrangeBrownOrange" time="0.000" timestamp="2018-10-24T18:37:46"/>
	<testcase classname="decode_significant_figures_tests.TestDecodeSignificantFiguresTests" name="testDecodeSigFigWhenFiveBandsWithOrangeBrownRed" time="0.000" timestamp="2018-10-24T18:37:46"/>
	<testcase classname="decode_significant_figures_tests.TestDecodeSignificantFiguresTests" name="testDecodeSigFigWhenFiveBandsWithOrangeBrownViolet" time="0.000" timestamp="2018-10-24T18:37:46"/>
	<testcase classname="decode_significant_figures_tests.TestDecodeSignificantFiguresTests" name="testDecodeSigFigWhenFiveBandsWithOrangeBrownWhite" time="0.000" timestamp="2018-10-24T18:37:46"/>
	<testcase classname="decode_significant_figures_tests.TestDecodeSignificantFiguresTests" name="testDecodeSigFigWhenFiveBandsWithOrangeBrownYellow" time="0.000" timestamp="2018-10-24T18:37:46"/>
	<testcase classname="decode_significant_figures_tests.TestDecodeSignificantFiguresTests" name="testDecodeSigFigWhenFiveBandsWithOrangeGreenBlack" time="0.000" timestamp="2018-10-24T18:37:46"/>
	<testcase classname="decode_significant_figures_tests.TestDecodeSignificantFiguresTests" name="testDecodeSigFigWhenFiveBandsWithOrangeGreenBlue" time="0.000" timestamp="2018-10-24T18:37:46"/>
	<testcase classname="decode_significant_figures_tests.TestDecodeSignificantFiguresTests" name="testDecodeSigFigWhenFiveBandsWithOrangeGreenBrown" time="0.000" timestamp="2018-10-24T18:37:46"/>
	<testcase classname="decode_significant_figures_tests.TestDecodeSignificantFiguresTests" name="testDecodeSigFigWhenFiveBandsWithOrangeGreenGreen" time="0.000" timestamp="2018-10-24T18:37:46"/>
	<testcase classname="decode_significant_figures_tests.TestDecodeSignificantFiguresTests" name="testDecodeSigFigWhenFiveBandsWithOrangeGreenGrey" time="0.000" timestamp="2018-10-24T18:37:46"/>
	<testcase classname="decode_significant_figures_tests.TestDecodeSignificantFiguresTests" name="testDecodeSigFigWhenFiveBandsWithOrangeGreenOrange" time="0.000" timestamp="2018-10-24T18:37:46"/>
	<testcase classname="decode_significant_figures_tests.TestDecodeSignificantFiguresTests" name="testDecodeSigFigWhenFiveBandsWithOrangeGreenRed" time="0.000" timestamp="2018-10-24T18:37:46"/>
	<testcase classname="decode_significant_figures_tests.TestDecodeSignificantFiguresTests" name="testDecodeSigFigWhenFiveBandsWithOrangeGreenViolet" time="0.000" timestamp="2018-10-24T18:37:46"/>
	<testcase classname="decode_significant_figures_tests.TestDecodeSignificantFiguresTests" name="testDecodeSigFigWhenFiveBandsWithOrangeGreenWhite" time="0.000" timestamp="2018-10-24T18:37:46"/>
	<testcase classname="decode_significant_figures_tests.TestDecodeSignificantFiguresTests" name="testDecodeSigFigWhenFiveBandsWithOrangeGreenYellow" time="0.000" timestamp="2018-10-24T18:37:46"/>
	<testcase classname="decode_significant_figures_tests.TestDecodeSignificantFiguresTests" name="testDecodeSigFigWhenFiveBandsWithOrangeGreyBlack" time="0.000" timestamp="2018-10-24T18:37:46"/>
	<testcase classname="decode_significant_figures_tests.TestDecodeSignificantFiguresTests" name="testDecodeSigFigWhenFiveBandsWithOrangeGreyBlue" time="0.000" timestamp="2018-10-24T18:37:46"/>
	<testcase classname="decode_significant_figures_tests.TestDecodeSignificantFiguresTests" name="testDecodeSigFigWhenFiveBandsWithOrangeGreyBrown" time="0.000" timestamp="2018-10-24T18:37:46"/>
	<testcase classname="decode_significant_figures_tests.TestDecodeSignificantFiguresTests" name="testDecodeSigFigWhenFiveBandsWithOrangeGreyGreen" time="0.000" timestamp="2018-10-24T18:37:46"/>
	<testcase classname="decode_significant_figures_tests.TestDecodeSignificantFiguresTests" name="testDecodeSigFigWhenFiveBandsWithOrangeGreyGrey" time="0.000" timestamp="2018-10-24T18:37:46"/>
	<testcase classname="decode_significant_figures_tests.TestDecodeSignificantFiguresTests" name="testDecodeSigFigWhenFiveBandsWithOrangeGreyOrange" time="0.000" timestamp="2018-10-24T18:37:46"/>
	<testcase classname="decode_significant_figures_tests.TestDecodeSignificantFiguresTests" name="testDecodeSigFigWhenFiveBandsWithOrangeGreyRed" time="0.000" timestamp="2018-10-24T18:37:46"/>
	<testcase classname="decode_significant_figures_tests.TestDecodeSignificantFiguresTests" name="testDecodeSigFigWhenFiveBandsWithOrangeGreyViolet" time="0.000" timestamp="2018-10-24T18:37:46"/>
	<testcase classname="decode_significant_figures_tests.TestDecodeSignificantFiguresTests" name="testDecodeSigFigWhenFiveBandsWithOrangeGreyWhite" time="0.000" timestamp="2018-10-24T18:37:46"/>
	<testcase classname="decode_significant_figures_tests.TestDecodeSignificantFiguresTests" name="testDecodeSigFigWhenFiveBandsWithOrangeGreyYellow" time="0.000" timestamp="2018-10-24T18:37:46"/>
	<testcase classname="decode_significant_figures_tests.TestDecodeSignificantFiguresTests" name="testDecodeSigFigWhenFiveBandsWithOrangeOrangeBlack" time="0.000" timestamp="2018-10-24T18:37:46"/>
	<testcase classname="decode_significant_figures_tests.TestDecodeSignificantFiguresTests" name="testDecodeSigFigWhenFiveBandsWithOrangeOrangeBlue" time="0.000" timestamp="2018-10-24T18:37:46"/>
	<testcase classname="decode_significant_figures_tests.TestDecodeSignificantFiguresTests" name="testDecodeSigFigWhenFiveBandsWithOrangeOrangeBrown" time="0.000" timestamp="2018-10-24T18:37:46"/>
	<testcase classname="decode_significant_figures_tests.TestDecodeSignificantFiguresTests" name="testDecodeSigFigWhenFiveBandsWithOrangeOrangeGreen" time="0.000" timestamp="2018-10-24T18:37:46"/>
	<testcase classname="decode_significant_figures_tests.TestDecodeSignificantFiguresTests" name="testDecodeSigFigWhenFiveBandsWithOrangeOrangeGrey" time="0.000" timestamp="2018-10-24T18:37:46"/>
	<testcase classname="decode_significant_figures_tests.TestDecodeSignificantFiguresTests" name="testDecodeSigFigWhenFiveBandsWithOrangeOrangeOrange" time="0.000" timestamp="2018-10-24T18:37:46"/>
	<testcase classname="decode_significant_figures_tests.TestDecodeSignificantFiguresTests" name="testDecodeSigFigWhenFiveBandsWithOrangeOrangeRed" time="0.000" timestamp="2018-10-24T18:37:46"/>
	<testcase classname="decode_significant_figures_tests.TestDecodeSignificantFiguresTests" name="testDecodeSigFigWhenFiveBandsWithOrangeOrangeViolet" time="0.000" timestamp="2018-10-24T18:37:46"/>
	<testcase classname="decode_significant_figures_tests.TestDecodeSignificantFiguresTests" name="testDecodeSigFigWhenFiveBandsWithOrangeOrangeWhite" time="0.000" timestamp="2018-10-24T18:37:46"/>
	<testcase classname="decode_significant_figures_tests.TestDecodeSignificantFiguresTests" name="testDecodeSigFigWhenFiveBandsWithOrangeOrangeYellow" time="0.000" timestamp="2018-10-24T18:37:46"/>
	<testcase classname="decode_significant_figures_tests.TestDecodeSignificantFiguresTests" name="testDecodeSigFigWhenFiveBandsWithOrangeRedBlack" time="0.000" timestamp="2018-10-24T18:37:46"/>
	<testcase classname="decode_significant_figures_tests.TestDecodeSignificantFiguresTests" name="testDecodeSigFigWhenFiveBandsWithOrangeRedBlue" time="0.000" timestamp="2018-10-24T18:37:46"/>
	<testcase classname="decode_significant_figures_tests.TestDecodeSignificantFiguresTests" name="testDecodeSigFigWhenFiveBandsWithOrangeRedBrown" time="0.000" timestamp="2018-10-24T18:37:46"/>
	<testcase classname="decode_significant_figures_tests.TestDecodeSignificantFiguresTests" name="testDecodeSigFigWhenFiveBandsWithOrangeRedGreen" time="0.000" timestamp="2018-10-24T18:37:46"/>
	<testcase classname="decode_significant_figures_tests.TestDecodeSignificantFiguresTests" name="testDecodeSigFigWhenFiveBandsWithOrangeRedGrey" time="0.000" timestamp="2018-10-24T18:37:46"/>
	<testcase classname="decode_significant_figures_tests.TestDecodeSignificantFiguresTests" name="testDecodeSigFigWhenFiveBandsWithOrangeRedOrange" time="0.000" timestamp="2018-10-24T18:37:46"/>
	<testcase classname="decode_significant_figures_tests.TestDecodeSignificantFiguresTests" name="testDecodeSigFigWhenFiveBandsWithOrangeRedRed" time="0.000" timestamp="2018-10-24T18:37:46"/>
	<testcase classname="decode_significant_figures_tests.TestDecodeSignificantFiguresTests" name="testDecodeSigFigWhenFiveBandsWithOrangeRedViolet" time="0.000" timestamp="2018-10-24T18:37:46"/>
	<testcase classname="decode_significant_figures_tests.TestDecodeSignificantFiguresTests" name="testDecodeSigFigWhenFiveBandsWithOrangeRedWhite" time="0.000" timestamp="2018-10-24T18:37:46"/>
	<testcase classname="decode_significant_figures_tests.TestDecodeSignificantFiguresTests" name="testDecodeSigFigWhenFiveBandsWithOrangeRedYellow" time="0.000" timestamp="2018-10-24T18:37:46"/>
	<testcase classname="decode_significant_figures_tests.TestDecodeSignificantFiguresTests" name="testDecodeSigFigWhenFiveBandsWithOrangeVioletBlack" time="0.000" timestamp="2018-10-24T18:37:46"/>
	<testcase classname="decode_significant_figures_tests.TestDecodeSignificantFiguresTests" name="testDecodeSigFigWhenFiveBandsWithOrangeVioletBlue" time="0.000" timestamp="2018-10-24T18:37:46"/>
	<testcase classname="decode_significant_figures_tests.TestDecodeSignificantFiguresTests" name="testDecodeSigFigWhenFiveBandsWithOrangeVioletBrown" time="0.000" timestamp="2018-10-24T18:37:46"/>
	<testcase classname="decode_significant_figures_tests.TestDecodeSignificantFiguresTests" name="testDecodeSigFigWhenFiveBandsWithOrangeVioletGreen" time="0.000" timestamp="2018-10-24T18:37:46"/>
	<testcase classname="decode_significant_figures_tests.TestDecodeSignificantFiguresTests" name="testDecodeSigFigWhenFiveBandsWithOrangeVioletGrey" time="0.000" timestamp="2018-10-24T18:37:46"/>
	<testcase classname="decode_significant_figures_tests.TestDecodeSignificantFiguresTests" name="testDecodeSigFigWhenFiveBandsWithOrangeVioletOrange" time="0.000" timestamp="2018-10-24T18:37:46"/>
	<testcase classname="decode_significant_figures_tests.TestDecodeSignificantFiguresTests" name="testDecodeSigFigWhenFiveBandsWithOrangeVioletRed" time="0.000" timestamp="2018-10-24T18:37:46"/>
	<testcase classname="decode_significant_figures_tests.TestDecodeSignificantFiguresTests" name="testDecodeSigFigWhenFiveBandsWithOrangeVioletViolet" time="0.000" timestamp="2018-10-24T18:37:46"/>
	<testcase classname="decode_significant_figures_tests.TestDecodeSignificantFiguresTests" name="testDecodeSigFigWhenFiveBandsWithOrangeVioletWhite" time="0.000" timestamp="2018-10-24T18:37:46"/>
	<testcase classname="decode_significant_figures_tests.TestDecodeSignificantFiguresTests" name="testDecodeSigFigWhenFiveBandsWithOrangeVioletYellow" time="0.000" timestamp="2018-10-24T18:37:46"/>
	<testcase classname="decode_significant_figures_tests.TestDecodeSignificantFiguresTests" name="testDecodeSigFigWhenFiveBandsWithOrangeWhiteBlack" time="0.000" timestamp="2018-10-24T18:37:46"/>
	<testcase classname="decode_significant_figures_tests.TestDecodeSignificantFiguresTests" name="testDecodeSigFigWhenFiveBandsWithOrangeWhiteBlue" time="0.000" timestamp="2018-10-24T18:37:46"/>
	<testcase classname="decode_significant_figures_tests.TestDecodeSignificantFiguresTests" name="testDecodeSigFigWhenFiveBandsWithOrangeWhiteBrown" time="0.000" timestamp="2018-10-24T18:37:46"/>
	<testcase classname="decode_significant_figures_tests.TestDecodeSignificantFiguresTests" name="testDecodeSigFigWhenFiveBandsWithOrangeWhiteGreen" time="0.000" timestamp="2018-10-24T18:37:46"/>
	<testcase classname="decode_significant_figures_tests.TestDecodeSignificantFiguresTests" name="testDecodeSigFigWhenFiveBandsWithOrangeWhiteGrey" time="0.000" timestamp="2018-10-24T18:37:46"/>
	<testcase classname="decode_significant_figures_tests.TestDecodeSignificantFiguresTests" name="testDecodeSigFigWhenFiveBandsWithOrangeWhiteOrange" time="0.000" timestamp="2018-10-24T18:37:46"/>
	<testcase classname="decode_significant_figures_tests.TestDecodeSignificantFiguresTests" name="testDecodeSigFigWhenFiveBandsWithOrangeWhiteRed" time="0.000" timestamp="2018-10-24T18:37:46"/>
	<testcase classname="decode_significant_figures_tests.TestDecodeSignificantFiguresTests" name="testDecodeSigFigWhenFiveBandsWithOrangeWhiteViolet" time="0.000" timestamp="2018-10-24T18:37:46"/>
	<testcase classname="decode_significant_figures_tests.TestDecodeSignificantFiguresTests" name="testDecodeSigFigWhenFiveBandsWithOrangeWhiteWhite" time="0.000" timestamp="2018-10-24T18:37:46"/>
	<testcase classname="decode_significant_figures_tests.TestDecodeSignificantFiguresTests" name="testDecodeSigFigWhenFiveBandsWithOrangeWhiteYellow" time="0.000" timestamp="2018-10-24T18:37:46"/>
	<testcase classname="decode_significant_figures_tests.TestDecodeSignificantFiguresTests" name="testDecodeSigFigWhenFiveBandsWithOrangeYellowBlack" time="0.000" timestamp="2018-10-24T18:37:46"/>
	<testcase classname="decode_significant_figures_tests.TestDecodeSignificantFiguresTests" name="testDecodeSigFigWhenFiveBandsWithOrangeYellowBlue" time="0.000" timestamp="2018-10-24T18:37:46"/>
	<testcase classname="decode_significant_figures_tests.TestDecodeSignificantFiguresTests" name="testDecodeSigFigWhenFiveBandsWithOrangeYellowBrown" time="0.000" timestamp="2018-10-24T18:37:46"/>
	<testcase classname="decode_significant_figures_tests.TestDecodeSignificantFiguresTests" name="testDecodeSigFigWhenFiveBandsWithOrangeYellowGreen" time="0.000" timestamp="2018-10-24T18:37:46"/>
	<testcase classname="decode_significant_figures_tests.TestDecodeSignificantFiguresTests" name="testDecodeSigFigWhenFiveBandsWithOrangeYellowGrey" time="0.000" timestamp="2018-10-24T18:37:46"/>
	<testcase classname="decode_significant_figures_tests.TestDecodeSignificantFiguresTests" name="testDecodeSigFigWhenFiveBandsWithOrangeYellowOrange" time="0.000" timestamp="2018-10-24T18:37:46"/>
	<testcase classname="decode_significant_figures_tests.TestDecodeSignificantFiguresTests" name="testDecodeSigFigWhenFiveBandsWithOrangeYellowRed" time="0.000" timestamp="2018-10-24T18:37:46"/>
	<testcase classname="decode_significant_figures_tests.TestDecodeSignificantFiguresTests" name="testDecodeSigFigWhenFiveBandsWithOrangeYellowViolet" time="0.000" timestamp="2018-10-24T18:37:46"/>
	<testcase classname="decode_significant_figures_tests.TestDecodeSignificantFiguresTests" name="testDecodeSigFigWhenFiveBandsWithOrangeYellowWhite" time="0.000" timestamp="2018-10-24T18:37:46"/>
	<testcase classname="decode_significant_figures_tests.TestDecodeSignificantFiguresTests" name="testDecodeSigFigWhenFiveBandsWithOrangeYellowYellow" time="0.000" timestamp="2018-10-24T18:37:46"/>
	<testcase classname="decode_significant_figures_tests.TestDecodeSignificantFiguresTests" name="testDecodeSigFigWhenFiveBandsWithRedBlackBlack" time="0.000" timestamp="2018-10-24T18:37:46"/>
	<testcase classname="decode_significant_figures_tests.TestDecodeSignificantFiguresTests" name="testDecodeSigFigWhenFiveBandsWithRedBlackBlue" time="0.000" timestamp="2018-10-24T18:37:46"/>
	<testcase classname="decode_significant_figures_tests.TestDecodeSignificantFiguresTests" name="testDecodeSigFigWhenFiveBandsWithRedBlackBrown" time="0.000" timestamp="2018-10-24T18:37:46"/>
	<testcase classname="decode_significant_figures_tests.TestDecodeSignificantFiguresTests" name="testDecodeSigFigWhenFiveBandsWithRedBlackGreen" time="0.000" timestamp="2018-10-24T18:37:46"/>
	<testcase classname="decode_significant_figures_tests.TestDecodeSignificantFiguresTests" name="testDecodeSigFigWhenFiveBandsWithRedBlackGrey" time="0.000" timestamp="2018-10-24T18:37:46"/>
	<testcase classname="decode_significant_figures_tests.TestDecodeSignificantFiguresTests" name="testDecodeSigFigWhenFiveBandsWithRedBlackOrange" time="0.000" timestamp="2018-10-24T18:37:46"/>
	<testcase classname="decode_significant_figures_tests.TestDecodeSignificantFiguresTests" name="testDecodeSigFigWhenFiveBandsWithRedBlackRed" time="0.000" timestamp="2018-10-24T18:37:46"/>
	<testcase classname="decode_significant_figures_tests.TestDecodeSignificantFiguresTests" name="testDecodeSigFigWhenFiveBandsWithRedBlackViolet" time="0.000" timestamp="2018-10-24T18:37:46"/>
	<testcase classname="decode_significant_figures_tests.TestDecodeSignificantFiguresTests" name="testDecodeSigFigWhenFiveBandsWithRedBlackWhite" time="0.000" timestamp="2018-10-24T18:37:46"/>
	<testcase classname="decode_significant_figures_tests.TestDecodeSignificantFiguresTests" name="testDecodeSigFigWhenFiveBandsWithRedBlackYellow" time="0.000" timestamp="2018-10-24T18:37:46"/>
	<testcase classname="decode_significant_figures_tests.TestDecodeSignificantFiguresTests" name="testDecodeSigFigWhenFiveBandsWithRedBlueBlack" time="0.000" timestamp="2018-10-24T18:37:46"/>
	<testcase classname="decode_significant_figures_tests.TestDecodeSignificantFiguresTests" name="testDecodeSigFigWhenFiveBandsWithRedBlueBlue" time="0.000" timestamp="2018-10-24T18:37:46"/>
	<testcase classname="decode_significant_figures_tests.TestDecodeSignificantFiguresTests" name="testDecodeSigFigWhenFiveBandsWithRedBlueBrown" time="0.000" timestamp="2018-10-24T18:37:46"/>
	<testcase classname="decode_significant_figures_tests.TestDecodeSignificantFiguresTests" name="testDecodeSigFigWhenFiveBandsWithRedBlueGreen" time="0.000" timestamp="2018-10-24T18:37:46"/>
	<testcase classname="decode_significant_figures_tests.TestDecodeSignificantFiguresTests" name="testDecodeSigFigWhenFiveBandsWithRedBlueGrey" time="0.000" timestamp="2018-10-24T18:37:46"/>
	<testcase classname="decode_significant_figures_tests.TestDecodeSignificantFiguresTests" name="testDecodeSigFigWhenFiveBandsWithRedBlueOrange" time="0.000" timestamp="2018-10-24T18:37:46"/>
	<testcase classname="decode_significant_figures_tests.TestDecodeSignificantFiguresTests" name="testDecodeSigFigWhenFiveBandsWithRedBlueRed" time="0.000" timestamp="2018-10-24T18:37:46"/>
	<testcase classname="decode_significant_figures_tests.TestDecodeSignificantFiguresTests" name="testDecodeSigFigWhenFiveBandsWithRedBlueViolet" time="0.000" timestamp="2018-10-24T18:37:46"/>
	<testcase classname="decode_significant_figures_tests.TestDecodeSignificantFiguresTests" name="testDecodeSigFigWhenFiveBandsWithRedBlueWhite" time="0.000" timestamp="2018-10-24T18:37:46"/>
	<testcase classname="decode_significant_figures_tests.TestDecodeSignificantFiguresTests" name="testDecodeSigFigWhenFiveBandsWithRedBlueYellow" time="0.000" timestamp="2018-10-24T18:37:46"/>
	<testcase classname="decode_significant_figures_tests.TestDecodeSignificantFiguresTests" name="testDecodeSigFigWhenFiveBandsWithRedBrownBlack" time="0.000" timestamp="2018-10-24T18:37:46"/>
	<testcase classname="decode_significant_figures_tests.TestDecodeSignificantFiguresTests" name="testDecodeSigFigWhenFiveBandsWithRedBrownBlue" time="0.000" timestamp="2018-10-24T18:37:46"/>
	<testcase classname="decode_significant_figures_tests.TestDecodeSignificantFiguresTests" name="testDecodeSigFigWhenFiveBandsWithRedBrownBrown" time="0.000" timestamp="2018-10-24T18:37:46"/>
	<testcase classname="decode_significant_figures_tests.TestDecodeSignificantFiguresTests" name="testDecodeSigFigWhenFiveBandsWithRedBrownGreen" time="0.000" timestamp="2018-10-24T18:37:46"/>
	<testcase classname="decode_significant_figures_tests.TestDecodeSignificantFiguresTests" name="testDecodeSigFigWhenFiveBandsWithRedBrownGrey" time="0.000" timestamp="2018-10-24T18:37:46"/>
	<testcase classname="decode_significant_figures_tests.TestDecodeSignificantFiguresTests" name="testDecodeSigFigWhenFiveBandsWithRedBrownOrange" time="0.000" timestamp="2018-10-24T18:37:46"/>
	<testcase classname="decode_significant_figures_tests.TestDecodeSignificantFiguresTests" name="testDecodeSigFigWhenFiveBandsWithRedBrownRed" time="0.000" timestamp="2018-10-24T18:37:46"/>
	<testcase classname="decode_significant_figures_tests.TestDecodeSignificantFiguresTests" name="testDecodeSigFigWhenFiveBandsWithRedBrownViolet" time="0.000" timestamp="2018-10-24T18:37:46"/>
	<testcase classname="decode_significant_figures_tests.TestDecodeSignificantFiguresTests" name="testDecodeSigFigWhenFiveBandsWithRedBrownWhite" time="0.000" timestamp="2018-10-24T18:37:46"/>
	<testcase classname="decode_significant_figures_tests.TestDecodeSignificantFiguresTests" name="testDecodeSigFigWhenFiveBandsWithRedBrownYellow" time="0.000" timestamp="2018-10-24T18:37:46"/>
	<testcase classname="decode_significant_figures_tests.TestDecodeSignificantFiguresTests" name="testDecodeSigFigWhenFiveBandsWithRedGreenBlack" time="0.000" timestamp="2018-10-24T18:37:46"/>
	<testcase classname="decode_significant_figures_tests.TestDecodeSignificantFiguresTests" name="testDecodeSigFigWhenFiveBandsWithRedGreenBlue" time="0.000" timestamp="2018-10-24T18:37:46"/>
	<testcase classname="decode_significant_figures_tests.TestDecodeSignificantFiguresTests" name="testDecodeSigFigWhenFiveBandsWithRedGreenBrown" time="0.000" timestamp="2018-10-24T18:37:46"/>
	<testcase classname="decode_significant_figures_tests.TestDecodeSignificantFiguresTests" name="testDecodeSigFigWhenFiveBandsWithRedGreenGreen" time="0.000" timestamp="2018-10-24T18:37:46"/>
	<testcase classname="decode_significant_figures_tests.TestDecodeSignificantFiguresTests" name="testDecodeSigFigWhenFiveBandsWithRedGreenGrey" time="0.000" timestamp="2018-10-24T18:37:46"/>
	<testcase classname="decode_significant_figures_tests.TestDecodeSignificantFiguresTests" name="testDecodeSigFigWhenFiveBandsWithRedGreenOrange" time="0.000" timestamp="2018-10-24T18:37:46"/>
	<testcase classname="decode_significant_figures_tests.TestDecodeSignificantFiguresTests" name="testDecodeSigFigWhenFiveBandsWithRedGreenRed" time="0.000" timestamp="2018-10-24T18:37:46"/>
	<testcase classname="decode_significant_figures_tests.TestDecodeSignificantFiguresTests" name="testDecodeSigFigWhenFiveBandsWithRedGreenViolet" time="0.000" timestamp="2018-10-24T18:37:46"/>
	<testcase classname="decode_significant_figures_tests.TestDecodeSignificantFiguresTests" name="testDecodeSigFigWhenFiveBandsWithRedGreenWhite" time="0.000" timestamp="2018-10-24T18:37:46"/>
	<testcase classname="decode_significant_figures_tests.TestDecodeSignificantFiguresTests" name="testDecodeSigFigWhenFiveBandsWithRedGreenYellow" time="0.000" timestamp="2018-10-24T18:37:46"/>
	<testcase classname="decode_significant_figures_tests.TestDecodeSignificantFiguresTests" name="testDecodeSigFigWhenFiveBandsWithRedGreyBlack" time="0.000" timestamp="2018-10-24T18:37:46"/>
	<testcase classname="decode_significant_figures_tests.TestDecodeSignificantFiguresTests" name="testDecodeSigFigWhenFiveBandsWithRedGreyBlue" time="0.000" timestamp="2018-10-24T18:37:46"/>
	<testcase classname="decode_significant_figures_tests.TestDecodeSignificantFiguresTests" name="testDecodeSigFigWhenFiveBandsWithRedGreyBrown" time="0.000" timestamp="2018-10-24T18:37:46"/>
	<testcase classname="decode_significant_figures_tests.TestDecodeSignificantFiguresTests" name="testDecodeSigFigWhenFiveBandsWithRedGreyGreen" time="0.000" timestamp="2018-10-24T18:37:46"/>
	<testcase classname="decode_significant_figures_tests.TestDecodeSignificantFiguresTests" name="testDecodeSigFigWhenFiveBandsWithRedGreyGrey" time="0.000" timestamp="2018-10-24T18:37:46"/>
	<testcase classname="decode_significant_figures_tests.TestDecodeSignificantFiguresTests" name="testDecodeSigFigWhenFiveBandsWithRedGreyOrange" time="0.000" timestamp="2018-10-24T18:37:46"/>
	<testcase classname="decode_significant_figures_tests.TestDecodeSignificantFiguresTests" name="testDecodeSigFigWhenFiveBandsWithRedGreyRed" time="0.000" timestamp="2018-10-24T18:37:46"/>
	<testcase classname="decode_significant_figures_tests.TestDecodeSignificantFiguresTests" name="testDecodeSigFigWhenFiveBandsWithRedGreyViolet" time="0.000" timestamp="2018-10-24T18:37:46"/>
	<testcase classname="decode_significant_figures_tests.TestDecodeSignificantFiguresTests" name="testDecodeSigFigWhenFiveBandsWithRedGreyWhite" time="0.000" timestamp="2018-10-24T18:37:46"/>
	<testcase classname="decode_significant_figures_tests.TestDecodeSignificantFiguresTests" name="testDecodeSigFigWhenFiveBandsWithRedGreyYellow" time="0.000" timestamp="2018-10-24T18:37:46"/>
	<testcase classname="decode_significant_figures_tests.TestDecodeSignificantFiguresTests" name="testDecodeSigFigWhenFiveBandsWithRedOrangeBlack" time="0.000" timestamp="2018-10-24T18:37:46"/>
	<testcase classname="decode_significant_figures_tests.TestDecodeSignificantFiguresTests" name="testDecodeSigFigWhenFiveBandsWithRedOrangeBlue" time="0.000" timestamp="2018-10-24T18:37:46"/>
	<testcase classname="decode_significant_figures_tests.TestDecodeSignificantFiguresTests" name="testDecodeSigFigWhenFiveBandsWithRedOrangeBrown" time="0.000" timestamp="2018-10-24T18:37:46"/>
	<testcase classname="decode_significant_figures_tests.TestDecodeSignificantFiguresTests" name="testDecodeSigFigWhenFiveBandsWithRedOrangeGreen" time="0.000" timestamp="2018-10-24T18:37:46"/>
	<testcase classname="decode_significant_figures_tests.TestDecodeSignificantFiguresTests" name="testDecodeSigFigWhenFiveBandsWithRedOrangeGrey" time="0.000" timestamp="2018-10-24T18:37:46"/>
	<testcase classname="decode_significant_figures_tests.TestDecodeSignificantFiguresTests" name="testDecodeSigFigWhenFiveBandsWithRedOrangeOrange" time="0.000" timestamp="2018-10-24T18:37:46"/>
	<testcase classname="decode_significant_figures_tests.TestDecodeSignificantFiguresTests" name="testDecodeSigFigWhenFiveBandsWithRedOrangeRed" time="0.000" timestamp="2018-10-24T18:37:46"/>
	<testcase classname="decode_significant_figures_tests.TestDecodeSignificantFiguresTests" name="testDecodeSigFigWhenFiveBandsWithRedOrangeViolet" time="0.000" timestamp="2018-10-24T18:37:46"/>
	<testcase classname="decode_significant_figures_tests.TestDecodeSignificantFiguresTests" name="testDecodeSigFigWhenFiveBandsWithRedOrangeWhite" time="0.000" timestamp="2018-10-24T18:37:46"/>
	<testcase classname="decode_significant_figures_tests.TestDecodeSignificantFiguresTests" name="testDecodeSigFigWhenFiveBandsWithRedOrangeYellow" time="0.000" timestamp="2018-10-24T18:37:46"/>
	<testcase classname="decode_significant_figures_tests.TestDecodeSignificantFiguresTests" name="testDecodeSigFigWhenFiveBandsWithRedRedBlack" time="0.000" timestamp="2018-10-24T18:37:46"/>
	<testcase classname="decode_significant_figures_tests.TestDecodeSignificantFiguresTests" name="testDecodeSigFigWhenFiveBandsWithRedRedBlue" time="0.000" timestamp="2018-10-24T18:37:46"/>
	<testcase classname="decode_significant_figures_tests.TestDecodeSignificantFiguresTests" name="testDecodeSigFigWhenFiveBandsWithRedRedBrown" time="0.000" timestamp="2018-10-24T18:37:46"/>
	<testcase classname="decode_significant_figures_tests.TestDecodeSignificantFiguresTests" name="testDecodeSigFigWhenFiveBandsWithRedRedGreen" time="0.000" timestamp="2018-10-24T18:37:46"/>
	<testcase classname="decode_significant_figures_tests.TestDecodeSignificantFiguresTests" name="testDecodeSigFigWhenFiveBandsWithRedRedGrey" time="0.000" timestamp="2018-10-24T18:37:46"/>
	<testcase classname="decode_significant_figures_tests.TestDecodeSignificantFiguresTests" name="testDecodeSigFigWhenFiveBandsWithRedRedOrange" time="0.000" timestamp="2018-10-24T18:37:46"/>
	<testcase classname="decode_significant_figures_tests.TestDecodeSignificantFiguresTests" name="testDecodeSigFigWhenFiveBandsWithRedRedRed" time="0.000" timestamp="2018-10-24T18:37:46"/>
	<testcase classname="decode_significant_figures_tests.TestDecodeSignificantFiguresTests" name="testDecodeSigFigWhenFiveBandsWithRedRedViolet" time="0.000" timestamp="2018-10-24T18:37:46"/>
	<testcase classname="decode_significant_figures_tests.TestDecodeSignificantFiguresTests" name="testDecodeSigFigWhenFiveBandsWithRedRedWhite" time="0.000" timestamp="2018-10-24T18:37:46"/>
	<testcase classname="decode_significant_figures_tests.TestDecodeSignificantFiguresTests" name="testDecodeSigFigWhenFiveBandsWithRedRedYellow" time="0.000" timestamp="2018-10-24T18:37:46"/>
	<testcase classname="decode_significant_figures_tests.TestDecodeSignificantFiguresTests" name="testDecodeSigFigWhenFiveBandsWithRedVioletBlack" time="0.000" timestamp="2018-10-24T18:37:46"/>
	<testcase classname="decode_significant_figures_tests.TestDecodeSignificantFiguresTests" name="testDecodeSigFigWhenFiveBandsWithRedVioletBlue" time="0.000" timestamp="2018-10-24T18:37:46"/>
	<testcase classname="decode_significant_figures_tests.TestDecodeSignificantFiguresTests" name="testDecodeSigFigWhenFiveBandsWithRedVioletBrown" time="0.000" timestamp="2018-10-24T18:37:46"/>
	<testcase classname="decode_significant_figures_tests.TestDecodeSignificantFiguresTests" name="testDecodeSigFigWhenFiveBandsWithRedVioletGreen" time="0.000" timestamp="2018-10-24T18:37:46"/>
	<testcase classname="decode_significant_figures_tests.TestDecodeSignificantFiguresTests" name="testDecodeSigFigWhenFiveBandsWithRedVioletGrey" time="0.000" timestamp="2018-10-24T18:37:46"/>
	<testcase classname="decode_significant_figures_tests.TestDecodeSignificantFiguresTests" name="testDecodeSigFigWhenFiveBandsWithRedVioletOrange" time="0.000" timestamp="2018-10-24T18:37:46"/>
	<testcase classname="decode_significant_figures_tests.TestDecodeSignificantFiguresTests" name="testDecodeSigFigWhenFiveBandsWithRedVioletRed" time="0.000" timestamp="2018-10-24T18:37:46"/>
	<testcase classname="decode_significant_figures_tests.TestDecodeSignificantFiguresTests" name="testDecodeSigFigWhenFiveBandsWithRedVioletViolet" time="0.000" timestamp="2018-10-24T18:37:46"/>
	<testcase classname="decode_significant_figures_tests.TestDecodeSignificantFiguresTests" name="testDecodeSigFigWhenFiveBandsWithRedVioletWhite" time="0.000" timestamp="2018-10-24T18:37:46"/>
	<testcase classname="decode_significant_figures_tests.TestDecodeSignificantFiguresTests" name="testDecodeSigFigWhenFiveBandsWithRedVioletYellow" time="0.000" timestamp="2018-10-24T18:37:46"/>
	<testcase classname="decode_significant_figures_tests.TestDecodeSignificantFiguresTests" name="testDecodeSigFigWhenFiveBandsWithRedWhiteBlack" time="0.000" timestamp="2018-10-24T18:37:46"/>
	<testcase classname="decode_significant_figures_tests.TestDecodeSignificantFiguresTests" name="testDecodeSigFigWhenFiveBandsWithRedWhiteBlue" time="0.000" timestamp="2018-10-24T18:37:46"/>
	<testcase classname="decode_significant_figures_tests.TestDecodeSignificantFiguresTests" name="testDecodeSigFigWhenFiveBandsWithRedWhiteBrown" time="0.000" timestamp="2018-10-24T18:37:46"/>
	<testcase classname="decode_significant_figures_tests.TestDecodeSignificantFiguresTests" name="testDecodeSigFigWhenFiveBandsWithRedWhiteGreen" time="0.000" timestamp="2018-10-24T18:37:46"/>
	<testcase classname="decode_significant_figures_tests.TestDecodeSignificantFiguresTests" name="testDecodeSigFigWhenFiveBandsWithRedWhiteGrey" time="0.000" timestamp="2018-10-24T18:37:46"/>
	<testcase classname="decode_significant_figures_tests.TestDecodeSignificantFiguresTests" name="testDecodeSigFigWhenFiveBandsWithRedWhiteOrange" time="0.000" timestamp="2018-10-24T18:37:46"/>
	<testcase classname="decode_significant_figures_tests.TestDecodeSignificantFiguresTests" name="testDecodeSigFigWhenFiveBandsWithRedWhiteRed" time="0.000" timestamp="2018-10-24T18:37:46"/>
	<testcase classname="decode_significant_figures_tests.TestDecodeSignificantFiguresTests" name="testDecodeSigFigWhenFiveBandsWithRedWhiteViolet" time="0.000" timestamp="2018-10-24T18:37:46"/>
	<testcase classname="decode_significant_figures_tests.TestDecodeSignificantFiguresTests" name="testDecodeSigFigWhenFiveBandsWithRedWhiteWhite" time="0.000" timestamp="2018-10-24T18:37:46"/>
	<testcase classname="decode_significant_figures_tests.TestDecodeSignificantFiguresTests" name="testDecodeSigFigWhenFiveBandsWithRedWhiteYellow" time="0.000" timestamp="2018-10-24T18:37:46"/>
	<testcase classname="decode_significant_figures_tests.TestDecodeSignificantFiguresTests" name="testDecodeSigFigWhenFiveBandsWithRedYellowBlack" time="0.000" timestamp="2018-10-24T18:37:46"/>
	<testcase classname="decode_significant_figures_tests.TestDecodeSignificantFiguresTests" name="testDecodeSigFigWhenFiveBandsWithRedYellowBlue" time="0.000" timestamp="2018-10-24T18:37:46"/>
	<testcase classname="decode_significant_figures_tests.TestDecodeSignificantFiguresTests" name="testDecodeSigFigWhenFiveBandsWithRedYellowBrown" time="0.000" timestamp="2018-10-24T18:37:46"/>
	<testcase classname="decode_significant_figures_tests.TestDecodeSignificantFiguresTests" name="testDecodeSigFigWhenFiveBandsWithRedYellowGreen" time="0.000" timestamp="2018-10-24T18:37:46"/>
	<testcase classname="decode_significant_figures_tests.TestDecodeSignificantFiguresTests" name="testDecodeSigFigWhenFiveBandsWithRedYellowGrey" time="0.000" timestamp="2018-10-24T18:37:46"/>
	<testcase classname="decode_significant_figures_tests.TestDecodeSignificantFiguresTests" name="testDecodeSigFigWhenFiveBandsWithRedYellowOrange" time="0.000" timestamp="2018-10-24T18:37:46"/>
	<testcase classname="decode_significant_figures_tests.TestDecodeSignificantFiguresTests" name="testDecodeSigFigWhenFiveBandsWithRedYellowRed" time="0.000" timestamp="2018-10-24T18:37:46"/>
	<testcase classname="decode_significant_figures_tests.TestDecodeSignificantFiguresTests" name="testDecodeSigFigWhenFiveBandsWithRedYellowViolet" time="0.000" timestamp="2018-10-24T18:37:46"/>
	<testcase classname="decode_significant_figures_tests.TestDecodeSignificantFiguresTests" name="testDecodeSigFigWhenFiveBandsWithRedYellowWhite" time="0.000" timestamp="2018-10-24T18:37:46"/>
	<testcase classname="decode_significant_figures_tests.TestDecodeSignificantFiguresTests" name="testDecodeSigFigWhenFiveBandsWithRedYellowYellow" time="0.000" timestamp="2018-10-24T18:37:46"/>
	<testcase classname="decode_significant_figures_tests.TestDecodeSignificantFiguresTests" name="testDecodeSigFigWhenFiveBandsWithVioletBlackBlack" time="0.000" timestamp="2018-10-24T18:37:46"/>
	<testcase classname="decode_significant_figures_tests.TestDecodeSignificantFiguresTests" name="testDecodeSigFigWhenFiveBandsWithVioletBlackBlue" time="0.000" timestamp="2018-10-24T18:37:46"/>
	<testcase classname="decode_significant_figures_tests.TestDecodeSignificantFiguresTests" name="testDecodeSigFigWhenFiveBandsWithVioletBlackBrown" time="0.000" timestamp="2018-10-24T18:37:46"/>
	<testcase classname="decode_significant_figures_tests.TestDecodeSignificantFiguresTests" name="testDecodeSigFigWhenFiveBandsWithVioletBlackGreen" time="0.000" timestamp="2018-10-24T18:37:46"/>
	<testcase classname="decode_significant_figures_tests.TestDecodeSignificantFiguresTests" name="testDecodeSigFigWhenFiveBandsWithVioletBlackGrey" time="0.000" timestamp="2018-10-24T18:37:46"/>
	<testcase classname="decode_significant_figures_tests.TestDecodeSignificantFiguresTests" name="testDecodeSigFigWhenFiveBandsWithVioletBlackOrange" time="0.000" timestamp="2018-10-24T18:37:46"/>
	<testcase classname="decode_significant_figures_tests.TestDecodeSignificantFiguresTests" name="testDecodeSigFigWhenFiveBandsWithVioletBlackRed" time="0.000" timestamp="2018-10-24T18:37:46"/>
	<testcase classname="decode_significant_figures_tests.TestDecodeSignificantFiguresTests" name="testDecodeSigFigWhenFiveBandsWithVioletBlackViolet" time="0.000" timestamp="2018-10-24T18:37:46"/>
	<testcase classname="decode_significant_figures_tests.TestDecodeSignificantFiguresTests" name="testDecodeSigFigWhenFiveBandsWithVioletBlackWhite" time="0.000" timestamp="2018-10-24T18:37:46"/>
	<testcase classname="decode_significant_figures_tests.TestDecodeSignificantFiguresTests" name="testDecodeSigFigWhenFiveBandsWithVioletBlackYellow" time="0.000" timestamp="2018-10-24T18:37:46"/>
	<testcase classname="decode_significant_figures_tests.TestDecodeSignificantFiguresTests" name="testDecodeSigFigWhenFiveBandsWithVioletBlueBlack" time="0.000" timestamp="2018-10-24T18:37:46"/>
	<testcase classname="decode_significant_figures_tests.TestDecodeSignificantFiguresTests" name="testDecodeSigFigWhenFiveBandsWithVioletBlueBlue" time="0.000" timestamp="2018-10-24T18:37:46"/>
	<testcase classname="decode_significant_figures_tests.TestDecodeSignificantFiguresTests" name="testDecodeSigFigWhenFiveBandsWithVioletBlueBrown" time="0.000" timestamp="2018-10-24T18:37:46"/>
	<testcase classname="decode_significant_figures_tests.TestDecodeSignificantFiguresTests" name="testDecodeSigFigWhenFiveBandsWithVioletBlueGreen" time="0.000" timestamp="2018-10-24T18:37:46"/>
	<testcase classname="decode_significant_figures_tests.TestDecodeSignificantFiguresTests" name="testDecodeSigFigWhenFiveBandsWithVioletBlueGrey" time="0.000" timestamp="2018-10-24T18:37:46"/>
	<testcase classname="decode_significant_figures_tests.TestDecodeSignificantFiguresTests" name="testDecodeSigFigWhenFiveBandsWithVioletBlueOrange" time="0.000" timestamp="2018-10-24T18:37:46"/>
	<testcase classname="decode_significant_figures_tests.TestDecodeSignificantFiguresTests" name="testDecodeSigFigWhenFiveBandsWithVioletBlueRed" time="0.000" timestamp="2018-10-24T18:37:46"/>
	<testcase classname="decode_significant_figures_tests.TestDecodeSignificantFiguresTests" name="testDecodeSigFigWhenFiveBandsWithVioletBlueViolet" time="0.000" timestamp="2018-10-24T18:37:46"/>
	<testcase classname="decode_significant_figures_tests.TestDecodeSignificantFiguresTests" name="testDecodeSigFigWhenFiveBandsWithVioletBlueWhite" time="0.000" timestamp="2018-10-24T18:37:46"/>
	<testcase classname="decode_significant_figures_tests.TestDecodeSignificantFiguresTests" name="testDecodeSigFigWhenFiveBandsWithVioletBlueYellow" time="0.000" timestamp="2018-10-24T18:37:46"/>
	<testcase classname="decode_significant_figures_tests.TestDecodeSignificantFiguresTests" name="testDecodeSigFigWhenFiveBandsWithVioletBrownBlack" time="0.000" timestamp="2018-10-24T18:37:46"/>
	<testcase classname="decode_significant_figures_tests.TestDecodeSignificantFiguresTests" name="testDecodeSigFigWhenFiveBandsWithVioletBrownBlue" time="0.000" timestamp="2018-10-24T18:37:46"/>
	<testcase classname="decode_significant_figures_tests.TestDecodeSignificantFiguresTests" name="testDecodeSigFigWhenFiveBandsWithVioletBrownBrown" time="0.000" timestamp="2018-10-24T18:37:46"/>
	<testcase classname="decode_significant_figures_tests.TestDecodeSignificantFiguresTests" name="testDecodeSigFigWhenFiveBandsWithVioletBrownGreen" time="0.000" timestamp="2018-10-24T18:37:46"/>
	<testcase classname="decode_significant_figures_tests.TestDecodeSignificantFiguresTests" name="testDecodeSigFigWhenFiveBandsWithVioletBrownGrey" time="0.000" timestamp="2018-10-24T18:37:46"/>
	<testcase classname="decode_significant_figures_tests.TestDecodeSignificantFiguresTests" name="testDecodeSigFigWhenFiveBandsWithVioletBrownOrange" time="0.000" timestamp="2018-10-24T18:37:46"/>
	<testcase classname="decode_significant_figures_tests.TestDecodeSignificantFiguresTests" name="testDecodeSigFigWhenFiveBandsWithVioletBrownRed" time="0.000" timestamp="2018-10-24T18:37:46"/>
	<testcase classname="decode_significant_figures_tests.TestDecodeSignificantFiguresTests" name="testDecodeSigFigWhenFiveBandsWithVioletBrownViolet" time="0.000" timestamp="2018-10-24T18:37:46"/>
	<testcase classname="decode_significant_figures_tests.TestDecodeSignificantFiguresTests" name="testDecodeSigFigWhenFiveBandsWithVioletBrownWhite" time="0.000" timestamp="2018-10-24T18:37:46"/>
	<testcase classname="decode_significant_figures_tests.TestDecodeSignificantFiguresTests" name="testDecodeSigFigWhenFiveBandsWithVioletBrownYellow" time="0.000" timestamp="2018-10-24T18:37:46"/>
	<testcase classname="decode_significant_figures_tests.TestDecodeSignificantFiguresTests" name="testDecodeSigFigWhenFiveBandsWithVioletGreenBlack" time="0.000" timestamp="2018-10-24T18:37:46"/>
	<testcase classname="decode_significant_figures_tests.TestDecodeSignificantFiguresTests" name="testDecodeSigFigWhenFiveBandsWithVioletGreenBlue" time="0.000" timestamp="2018-10-24T18:37:46"/>
	<testcase classname="decode_significant_figures_tests.TestDecodeSignificantFiguresTests" name="testDecodeSigFigWhenFiveBandsWithVioletGreenBrown" time="0.000" timestamp="2018-10-24T18:37:46"/>
	<testcase classname="decode_significant_figures_tests.TestDecodeSignificantFiguresTests" name="testDecodeSigFigWhenFiveBandsWithVioletGreenGreen" time="0.000" timestamp="2018-10-24T18:37:46"/>
	<testcase classname="decode_significant_figures_tests.TestDecodeSignificantFiguresTests" name="testDecodeSigFigWhenFiveBandsWithVioletGreenGrey" time="0.000" timestamp="2018-10-24T18:37:46"/>
	<testcase classname="decode_significant_figures_tests.TestDecodeSignificantFiguresTests" name="testDecodeSigFigWhenFiveBandsWithVioletGreenOrange" time="0.000" timestamp="2018-10-24T18:37:46"/>
	<testcase classname="decode_significant_figures_tests.TestDecodeSignificantFiguresTests" name="testDecodeSigFigWhenFiveBandsWithVioletGreenRed" time="0.000" timestamp="2018-10-24T18:37:46"/>
	<testcase classname="decode_significant_figures_tests.TestDecodeSignificantFiguresTests" name="testDecodeSigFigWhenFiveBandsWithVioletGreenViolet" time="0.000" timestamp="2018-10-24T18:37:46"/>
	<testcase classname="decode_significant_figures_tests.TestDecodeSignificantFiguresTests" name="testDecodeSigFigWhenFiveBandsWithVioletGreenWhite" time="0.000" timestamp="2018-10-24T18:37:46"/>
	<testcase classname="decode_significant_figures_tests.TestDecodeSignificantFiguresTests" name="testDecodeSigFigWhenFiveBandsWithVioletGreenYellow" time="0.000" timestamp="2018-10-24T18:37:46"/>
	<testcase classname="decode_significant_figures_tests.TestDecodeSignificantFiguresTests" name="testDecodeSigFigWhenFiveBandsWithVioletGreyBlack" time="0.000" timestamp="2018-10-24T18:37:46"/>
	<testcase classname="decode_significant_figures_tests.TestDecodeSignificantFiguresTests" name="testDecodeSigFigWhenFiveBandsWithVioletGreyBlue" time="0.000" timestamp="2018-10-24T18:37:46"/>
	<testcase classname="decode_significant_figures_tests.TestDecodeSignificantFiguresTests" name="testDecodeSigFigWhenFiveBandsWithVioletGreyBrown" time="0.000" timestamp="2018-10-24T18:37:46"/>
	<testcase classname="decode_significant_figures_tests.TestDecodeSignificantFiguresTests" name="testDecodeSigFigWhenFiveBandsWithVioletGreyGreen" time="0.000" timestamp="2018-10-24T18:37:46"/>
	<testcase classname="decode_significant_figures_tests.TestDecodeSignificantFiguresTests" name="testDecodeSigFigWhenFiveBandsWithVioletGreyGrey" time="0.000" timestamp="2018-10-24T18:37:46"/>
	<testcase classname="decode_significant_figures_tests.TestDecodeSignificantFiguresTests" name="testDecodeSigFigWhenFiveBandsWithVioletGreyOrange" time="0.000" timestamp="2018-10-24T18:37:46"/>
	<testcase classname="decode_significant_figures_tests.TestDecodeSignificantFiguresTests" name="testDecodeSigFigWhenFiveBandsWithVioletGreyRed" time="0.000" timestamp="2018-10-24T18:37:46"/>
	<testcase classname="decode_significant_figures_tests.TestDecodeSignificantFiguresTests" name="testDecodeSigFigWhenFiveBandsWithVioletGreyViolet" time="0.000" timestamp="2018-10-24T18:37:46"/>
	<testcase classname="decode_significant_figures_tests.TestDecodeSignificantFiguresTests" name="testDecodeSigFigWhenFiveBandsWithVioletGreyWhite" time="0.000" timestamp="2018-10-24T18:37:46"/>
	<testcase classname="decode_significant_figures_tests.TestDecodeSignificantFiguresTests" name="testDecodeSigFigWhenFiveBandsWithVioletGreyYellow" time="0.000" timestamp="2018-10-24T18:37:46"/>
	<testcase classname="decode_significant_figures_tests.TestDecodeSignificantFiguresTests" name="testDecodeSigFigWhenFiveBandsWithVioletOrangeBlack" time="0.000" timestamp="2018-10-24T18:37:46"/>
	<testcase classname="decode_significant_figures_tests.TestDecodeSignificantFiguresTests" name="testDecodeSigFigWhenFiveBandsWithVioletOrangeBlue" time="0.000" timestamp="2018-10-24T18:37:46"/>
	<testcase classname="decode_significant_figures_tests.TestDecodeSignificantFiguresTests" name="testDecodeSigFigWhenFiveBandsWithVioletOrangeBrown" time="0.000" timestamp="2018-10-24T18:37:46"/>
	<testcase classname="decode_significant_figures_tests.TestDecodeSignificantFiguresTests" name="testDecodeSigFigWhenFiveBandsWithVioletOrangeGreen" time="0.000" timestamp="2018-10-24T18:37:46"/>
	<testcase classname="decode_significant_figures_tests.TestDecodeSignificantFiguresTests" name="testDecodeSigFigWhenFiveBandsWithVioletOrangeGrey" time="0.000" timestamp="2018-10-24T18:37:46"/>
	<testcase classname="decode_significant_figures_tests.TestDecodeSignificantFiguresTests" name="testDecodeSigFigWhenFiveBandsWithVioletOrangeOrange" time="0.000" timestamp="2018-10-24T18:37:46"/>
	<testcase classname="decode_significant_figures_tests.TestDecodeSignificantFiguresTests" name="testDecodeSigFigWhenFiveBandsWithVioletOrangeRed" time="0.000" timestamp="2018-10-24T18:37:46"/>
	<testcase classname="decode_significant_figures_tests.TestDecodeSignificantFiguresTests" name="testDecodeSigFigWhenFiveBandsWithVioletOrangeViolet" time="0.000" timestamp="2018-10-24T18:37:46"/>
	<testcase classname="decode_significant_figures_tests.TestDecodeSignificantFiguresTests" name="testDecodeSigFigWhenFiveBandsWithVioletOrangeWhite" time="0.000" timestamp="2018-10-24T18:37:46"/>
	<testcase classname="decode_significant_figures_tests.TestDecodeSignificantFiguresTests" name="testDecodeSigFigWhenFiveBandsWithVioletOrangeYellow" time="0.000" timestamp="2018-10-24T18:37:46"/>
	<testcase classname="decode_significant_figures_tests.TestDecodeSignificantFiguresTests" name="testDecodeSigFigWhenFiveBandsWithVioletRedBlack" time="0.000" timestamp="2018-10-24T18:37:46"/>
	<testcase classname="decode_significant_figures_tests.TestDecodeSignificantFiguresTests" name="testDecodeSigFigWhenFiveBandsWithVioletRedBlue" time="0.000" timestamp="2018-10-24T18:37:46"/>
	<testcase classname="decode_significant_figures_tests.TestDecodeSignificantFiguresTests" name="testDecodeSigFigWhenFiveBandsWithVioletRedBrown" time="0.000" timestamp="2018-10-24T18:37:46"/>
	<testcase classname="decode_significant_figures_tests.TestDecodeSignificantFiguresTests" name="testDecodeSigFigWhenFiveBandsWithVioletRedGreen" time="0.000" timestamp="2018-10-24T18:37:46"/>
	<testcase classname="decode_significant_figures_tests.TestDecodeSignificantFiguresTests" name="testDecodeSigFigWhenFiveBandsWithVioletRedGrey" time="0.000" timestamp="2018-10-24T18:37:46"/>
	<testcase classname="decode_significant_figures_tests.TestDecodeSignificantFiguresTests" name="testDecodeSigFigWhenFiveBandsWithVioletRedOrange" time="0.000" timestamp="2018-10-24T18:37:46"/>
	<testcase classname="decode_significant_figures_tests.TestDecodeSignificantFiguresTests" name="testDecodeSigFigWhenFiveBandsWithVioletRedRed" time="0.000" timestamp="2018-10-24T18:37:46"/>
	<testcase classname="decode_significant_figures_tests.TestDecodeSignificantFiguresTests" name="testDecodeSigFigWhenFiveBandsWithVioletRedViolet" time="0.000" timestamp="2018-10-24T18:37:46"/>
	<testcase classname="decode_significant_figures_tests.TestDecodeSignificantFiguresTests" name="testDecodeSigFigWhenFiveBandsWithVioletRedWhite" time="0.000" timestamp="2018-10-24T18:37:46"/>
	<testcase classname="decode_significant_figures_tests.TestDecodeSignificantFiguresTests" name="testDecodeSigFigWhenFiveBandsWithVioletRedYellow" time="0.000" timestamp="2018-10-24T18:37:46"/>
	<testcase classname="decode_significant_figures_tests.TestDecodeSignificantFiguresTests" name="testDecodeSigFigWhenFiveBandsWithVioletVioletBlack" time="0.000" timestamp="2018-10-24T18:37:46"/>
	<testcase classname="decode_significant_figures_tests.TestDecodeSignificantFiguresTests" name="testDecodeSigFigWhenFiveBandsWithVioletVioletBlue" time="0.000" timestamp="2018-10-24T18:37:46"/>
	<testcase classname="decode_significant_figures_tests.TestDecodeSignificantFiguresTests" name="testDecodeSigFigWhenFiveBandsWithVioletVioletBrown" time="0.000" timestamp="2018-10-24T18:37:46"/>
	<testcase classname="decode_significant_figures_tests.TestDecodeSignificantFiguresTests" name="testDecodeSigFigWhenFiveBandsWithVioletVioletGreen" time="0.000" timestamp="2018-10-24T18:37:46"/>
	<testcase classname="decode_significant_figures_tests.TestDecodeSignificantFiguresTests" name="testDecodeSigFigWhenFiveBandsWithVioletVioletGrey" time="0.000" timestamp="2018-10-24T18:37:46"/>
	<testcase classname="decode_significant_figures_tests.TestDecodeSignificantFiguresTests" name="testDecodeSigFigWhenFiveBandsWithVioletVioletOrange" time="0.000" timestamp="2018-10-24T18:37:46"/>
	<testcase classname="decode_significant_figures_tests.TestDecodeSignificantFiguresTests" name="testDecodeSigFigWhenFiveBandsWithVioletVioletRed" time="0.000" timestamp="2018-10-24T18:37:46"/>
	<testcase classname="decode_significant_figures_tests.TestDecodeSignificantFiguresTests" name="testDecodeSigFigWhenFiveBandsWithVioletVioletViolet" time="0.000" timestamp="2018-10-24T18:37:46"/>
	<testcase classname="decode_significant_figures_tests.TestDecodeSignificantFiguresTests" name="testDecodeSigFigWhenFiveBandsWithVioletVioletWhite" time="0.000" timestamp="2018-10-24T18:37:46"/>
	<testcase classname="decode_significant_figures_tests.TestDecodeSignificantFiguresTests" name="testDecodeSigFigWhenFiveBandsWithVioletVioletYellow" time="0.000" timestamp="2018-10-24T18:37:46"/>
	<testcase classname="decode_significant_figures_tests.TestDecodeSignificantFiguresTests" name="testDecodeSigFigWhenFiveBandsWithVioletWhiteBlack" time="0.000" timestamp="2018-10-24T18:37:46"/>
	<testcase classname="decode_significant_figures_tests.TestDecodeSignificantFiguresTests" name="testDecodeSigFigWhenFiveBandsWithVioletWhiteBlue" time="0.000" timestamp="2018-10-24T18:37:46"/>
	<testcase classname="decode_significant_figures_tests.TestDecodeSignificantFiguresTests" name="testDecodeSigFigWhenFiveBandsWithVioletWhiteBrown" time="0.000" timestamp="2018-10-24T18:37:46"/>
	<testcase classname="decode_significant_figures_tests.TestDecodeSignificantFiguresTests" name="testDecodeSigFigWhenFiveBandsWithVioletWhiteGreen" time="0.000" timestamp="2018-10-24T18:37:46"/>
	<testcase classname="decode_significant_figures_tests.TestDecodeSignificantFiguresTests" name="testDecodeSigFigWhenFiveBandsWithVioletWhiteGrey" time="0.000" timestamp="2018-10-24T18:37:46"/>
	<testcase classname="decode_significant_figures_tests.TestDecodeSignificantFiguresTests" name="testDecodeSigFigWhenFiveBandsWithVioletWhiteOrange" time="0.000" timestamp="2018-10-24T18:37:46"/>
	<testcase classname="decode_significant_figures_tests.TestDecodeSignificantFiguresTests" name="testDecodeSigFigWhenFiveBandsWithVioletWhiteRed" time="0.000" timestamp="2018-10-24T18:37:46"/>
	<testcase classname="decode_significant_figures_tests.TestDecodeSignificantFiguresTests" name="testDecodeSigFigWhenFiveBandsWithVioletWhiteViolet" time="0.000" timestamp="2018-10-24T18:37:46"/>
	<testcase classname="decode_significant_figures_tests.TestDecodeSignificantFiguresTests" name="testDecodeSigFigWhenFiveBandsWithVioletWhiteWhite" time="0.000" timestamp="2018-10-24T18:37:46"/>
	<testcase classname="decode_significant_figures_tests.TestDecodeSignificantFiguresTests" name="testDecodeSigFigWhenFiveBandsWithVioletWhiteYellow" time="0.000" timestamp="2018-10-24T18:37:46"/>
	<testcase classname="decode_significant_figures_tests.TestDecodeSignificantFiguresTests" name="testDecodeSigFigWhenFiveBandsWithVioletYellowBlack" time="0.000" timestamp="2018-10-24T18:37:46"/>
	<testcase classname="decode_significant_figures_tests.TestDecodeSignificantFiguresTests" name="testDecodeSigFigWhenFiveBandsWithVioletYellowBlue" time="0.000" timestamp="2018-10-24T18:37:46"/>
	<testcase classname="decode_significant_figures_tests.TestDecodeSignificantFiguresTests" name="testDecodeSigFigWhenFiveBandsWithVioletYellowBrown" time="0.000" timestamp="2018-10-24T18:37:46"/>
	<testcase classname="decode_significant_figures_tests.TestDecodeSignificantFiguresTests" name="testDecodeSigFigWhenFiveBandsWithVioletYellowGreen" time="0.000" timestamp="2018-10-24T18:37:46"/>
	<testcase classname="decode_significant_figures_tests.TestDecodeSignificantFiguresTests" name="testDecodeSigFigWhenFiveBandsWithVioletYellowGrey" time="0.000" timestamp="2018-10-24T18:37:46"/>
	<testcase classname="decode_significant_figures_tests.TestDecodeSignificantFiguresTests" name="testDecodeSigFigWhenFiveBandsWithVioletYellowOrange" time="0.000" timestamp="2018-10-24T18:37:46"/>
	<testcase classname="decode_significant_figures_tests.TestDecodeSignificantFiguresTests" name="testDecodeSigFigWhenFiveBandsWithVioletYellowRed" time="0.000" timestamp="2018-10-24T18:37:46"/>
	<testcase classname="decode_significant_figures_tests.TestDecodeSignificantFiguresTests" name="testDecodeSigFigWhenFiveBandsWithVioletYellowViolet" time="0.000" timestamp="2018-10-24T18:37:46"/>
	<testcase classname="decode_significant_figures_tests.TestDecodeSignificantFiguresTests" name="testDecodeSigFigWhenFiveBandsWithVioletYellowWhite" time="0.000" timestamp="2018-10-24T18:37:46"/>
	<testcase classname="decode_significant_figures_tests.TestDecodeSignificantFiguresTests" name="testDecodeSigFigWhenFiveBandsWithVioletYellowYellow" time="0.000" timestamp="2018-10-24T18:37:46"/>
	<testcase classname="decode_significant_figures_tests.TestDecodeSignificantFiguresTests" name="testDecodeSigFigWhenFiveBandsWithWhiteBlackBlack" time="0.000" timestamp="2018-10-24T18:37:46"/>
	<testcase classname="decode_significant_figures_tests.TestDecodeSignificantFiguresTests" name="testDecodeSigFigWhenFiveBandsWithWhiteBlackBlue" time="0.000" timestamp="2018-10-24T18:37:46"/>
	<testcase classname="decode_significant_figures_tests.TestDecodeSignificantFiguresTests" name="testDecodeSigFigWhenFiveBandsWithWhiteBlackBrown" time="0.000" timestamp="2018-10-24T18:37:46"/>
	<testcase classname="decode_significant_figures_tests.TestDecodeSignificantFiguresTests" name="testDecodeSigFigWhenFiveBandsWithWhiteBlackGreen" time="0.000" timestamp="2018-10-24T18:37:46"/>
	<testcase classname="decode_significant_figures_tests.TestDecodeSignificantFiguresTests" name="testDecodeSigFigWhenFiveBandsWithWhiteBlackGrey" time="0.000" timestamp="2018-10-24T18:37:46"/>
	<testcase classname="decode_significant_figures_tests.TestDecodeSignificantFiguresTests" name="testDecodeSigFigWhenFiveBandsWithWhiteBlackOrange" time="0.000" timestamp="2018-10-24T18:37:46"/>
	<testcase classname="decode_significant_figures_tests.TestDecodeSignificantFiguresTests" name="testDecodeSigFigWhenFiveBandsWithWhiteBlackRed" time="0.000" timestamp="2018-10-24T18:37:46"/>
	<testcase classname="decode_significant_figures_tests.TestDecodeSignificantFiguresTests" name="testDecodeSigFigWhenFiveBandsWithWhiteBlackViolet" time="0.000" timestamp="2018-10-24T18:37:46"/>
	<testcase classname="decode_significant_figures_tests.TestDecodeSignificantFiguresTests" name="testDecodeSigFigWhenFiveBandsWithWhiteBlackWhite" time="0.000" timestamp="2018-10-24T18:37:46"/>
	<testcase classname="decode_significant_figures_tests.TestDecodeSignificantFiguresTests" name="testDecodeSigFigWhenFiveBandsWithWhiteBlackYellow" time="0.000" timestamp="2018-10-24T18:37:46"/>
	<testcase classname="decode_significant_figures_tests.TestDecodeSignificantFiguresTests" name="testDecodeSigFigWhenFiveBandsWithWhiteBlueBlack" time="0.000" timestamp="2018-10-24T18:37:46"/>
	<testcase classname="decode_significant_figures_tests.TestDecodeSignificantFiguresTests" name="testDecodeSigFigWhenFiveBandsWithWhiteBlueBlue" time="0.000" timestamp="2018-10-24T18:37:46"/>
	<testcase classname="decode_significant_figures_tests.TestDecodeSignificantFiguresTests" name="testDecodeSigFigWhenFiveBandsWithWhiteBlueBrown" time="0.000" timestamp="2018-10-24T18:37:46"/>
	<testcase classname="decode_significant_figures_tests.TestDecodeSignificantFiguresTests" name="testDecodeSigFigWhenFiveBandsWithWhiteBlueGreen" time="0.000" timestamp="2018-10-24T18:37:46"/>
	<testcase classname="decode_significant_figures_tests.TestDecodeSignificantFiguresTests" name="testDecodeSigFigWhenFiveBandsWithWhiteBlueGrey" time="0.000" timestamp="2018-10-24T18:37:46"/>
	<testcase classname="decode_significant_figures_tests.TestDecodeSignificantFiguresTests" name="testDecodeSigFigWhenFiveBandsWithWhiteBlueOrange" time="0.000" timestamp="2018-10-24T18:37:46"/>
	<testcase classname="decode_significant_figures_tests.TestDecodeSignificantFiguresTests" name="testDecodeSigFigWhenFiveBandsWithWhiteBlueRed" time="0.000" timestamp="2018-10-24T18:37:46"/>
	<testcase classname="decode_significant_figures_tests.TestDecodeSignificantFiguresTests" name="testDecodeSigFigWhenFiveBandsWithWhiteBlueViolet" time="0.000" timestamp="2018-10-24T18:37:46"/>
	<testcase classname="decode_significant_figures_tests.TestDecodeSignificantFiguresTests" name="testDecodeSigFigWhenFiveBandsWithWhiteBlueWhite" time="0.000" timestamp="2018-10-24T18:37:46"/>
	<testcase classname="decode_significant_figures_tests.TestDecodeSignificantFiguresTests" name="testDecodeSigFigWhenFiveBandsWithWhiteBlueYellow" time="0.000" timestamp="2018-10-24T18:37:46"/>
	<testcase classname="decode_significant_figures_tests.TestDecodeSignificantFiguresTests" name="testDecodeSigFigWhenFiveBandsWithWhiteBrownBlack" time="0.000" timestamp="2018-10-24T18:37:46"/>
	<testcase classname="decode_significant_figures_tests.TestDecodeSignificantFiguresTests" name="testDecodeSigFigWhenFiveBandsWithWhiteBrownBlue" time="0.000" timestamp="2018-10-24T18:37:46"/>
	<testcase classname="decode_significant_figures_tests.TestDecodeSignificantFiguresTests" name="testDecodeSigFigWhenFiveBandsWithWhiteBrownBrown" time="0.000" timestamp="2018-10-24T18:37:46"/>
	<testcase classname="decode_significant_figures_tests.TestDecodeSignificantFiguresTests" name="testDecodeSigFigWhenFiveBandsWithWhiteBrownGreen" time="0.000" timestamp="2018-10-24T18:37:46"/>
	<testcase classname="decode_significant_figures_tests.TestDecodeSignificantFiguresTests" name="testDecodeSigFigWhenFiveBandsWithWhiteBrownGrey" time="0.000" timestamp="2018-10-24T18:37:46"/>
	<testcase classname="decode_significant_figures_tests.TestDecodeSignificantFiguresTests" name="testDecodeSigFigWhenFiveBandsWithWhiteBrownOrange" time="0.000" timestamp="2018-10-24T18:37:46"/>
	<testcase classname="decode_significant_figures_tests.TestDecodeSignificantFiguresTests" name="testDecodeSigFigWhenFiveBandsWithWhiteBrownRed" time="0.000" timestamp="2018-10-24T18:37:46"/>
	<testcase classname="decode_significant_figures_tests.TestDecodeSignificantFiguresTests" name="testDecodeSigFigWhenFiveBandsWithWhiteBrownViolet" time="0.000" timestamp="2018-10-24T18:37:46"/>
	<testcase classname="decode_significant_figures_tests.TestDecodeSignificantFiguresTests" name="testDecodeSigFigWhenFiveBandsWithWhiteBrownWhite" time="0.000" timestamp="2018-10-24T18:37:46"/>
	<testcase classname="decode_significant_figures_tests.TestDecodeSignificantFiguresTests" name="testDecodeSigFigWhenFiveBandsWithWhiteBrownYellow" time="0.000" timestamp="2018-10-24T18:37:46"/>
	<testcase classname="decode_significant_figures_tests.TestDecodeSignificantFiguresTests" name="testDecodeSigFigWhenFiveBandsWithWhiteGreenBlack" time="0.000" timestamp="2018-10-24T18:37:46"/>
	<testcase classname="decode_significant_figures_tests.TestDecodeSignificantFiguresTests" name="testDecodeSigFigWhenFiveBandsWithWhiteGreenBlue" time="0.000" timestamp="2018-10-24T18:37:46"/>
	<testcase classname="decode_significant_figures_tests.TestDecodeSignificantFiguresTests" name="testDecodeSigFigWhenFiveBandsWithWhiteGreenBrown" time="0.000" timestamp="2018-10-24T18:37:46"/>
	<testcase classname="decode_significant_figures_tests.TestDecodeSignificantFiguresTests" name="testDecodeSigFigWhenFiveBandsWithWhiteGreenGreen" time="0.000" timestamp="2018-10-24T18:37:46"/>
	<testcase classname="decode_significant_figures_tests.TestDecodeSignificantFiguresTests" name="testDecodeSigFigWhenFiveBandsWithWhiteGreenGrey" time="0.000" timestamp="2018-10-24T18:37:46"/>
	<testcase classname="decode_significant_figures_tests.TestDecodeSignificantFiguresTests" name="testDecodeSigFigWhenFiveBandsWithWhiteGreenOrange" time="0.000" timestamp="2018-10-24T18:37:46"/>
	<testcase classname="decode_significant_figures_tests.TestDecodeSignificantFiguresTests" name="testDecodeSigFigWhenFiveBandsWithWhiteGreenRed" time="0.000" timestamp="2018-10-24T18:37:46"/>
	<testcase classname="decode_significant_figures_tests.TestDecodeSignificantFiguresTests" name="testDecodeSigFigWhenFiveBandsWithWhiteGreenViolet" time="0.000" timestamp="2018-10-24T18:37:46"/>
	<testcase classname="decode_significant_figures_tests.TestDecodeSignificantFiguresTests" name="testDecodeSigFigWhenFiveBandsWithWhiteGreenWhite" time="0.000" timestamp="2018-10-24T18:37:46"/>
	<testcase classname="decode_significant_figures_tests.TestDecodeSignificantFiguresTests" name="testDecodeSigFigWhenFiveBandsWithWhiteGreenYellow" time="0.000" timestamp="2018-10-24T18:37:46"/>
	<testcase classname="decode_significant_figures_tests.TestDecodeSignificantFiguresTests" name="testDecodeSigFigWhenFiveBandsWithWhiteGreyBlack" time="0.000" timestamp="2018-10-24T18:37:46"/>
	<testcase classname="decode_significant_figures_tests.TestDecodeSignificantFiguresTests" name="testDecodeSigFigWhenFiveBandsWithWhiteGreyBlue" time="0.000" timestamp="2018-10-24T18:37:46"/>
	<testcase classname="decode_significant_figures_tests.TestDecodeSignificantFiguresTests" name="testDecodeSigFigWhenFiveBandsWithWhiteGreyBrown" time="0.000" timestamp="2018-10-24T18:37:46"/>
	<testcase classname="decode_significant_figures_tests.TestDecodeSignificantFiguresTests" name="testDecodeSigFigWhenFiveBandsWithWhiteGreyGreen" time="0.000" timestamp="2018-10-24T18:37:46"/>
	<testcase classname="decode_significant_figures_tests.TestDecodeSignificantFiguresTests" name="testDecodeSigFigWhenFiveBandsWithWhiteGreyGrey" time="0.000" timestamp="2018-10-24T18:37:46"/>
	<testcase classname="decode_significant_figures_tests.TestDecodeSignificantFiguresTests" name="testDecodeSigFigWhenFiveBandsWithWhiteGreyOrange" time="0.000" timestamp="2018-10-24T18:37:46"/>
	<testcase classname="decode_significant_figures_tests.TestDecodeSignificantFiguresTests" name="testDecodeSigFigWhenFiveBandsWithWhiteGreyRed" time="0.000" timestamp="2018-10-24T18:37:46"/>
	<testcase classname="decode_significant_figures_tests.TestDecodeSignificantFiguresTests" name="testDecodeSigFigWhenFiveBandsWithWhiteGreyViolet" time="0.000" timestamp="2018-10-24T18:37:46"/>
	<testcase classname="decode_significant_figures_tests.TestDecodeSignificantFiguresTests" name="testDecodeSigFigWhenFiveBandsWithWhiteGreyWhite" time="0.000" timestamp="2018-10-24T18:37:46"/>
	<testcase classname="decode_significant_figures_tests.TestDecodeSignificantFiguresTests" name="testDecodeSigFigWhenFiveBandsWithWhiteGreyYellow" time="0.000" timestamp="2018-10-24T18:37:46"/>
	<testcase classname="decode_significant_figures_tests.TestDecodeSignificantFiguresTests" name="testDecodeSigFigWhenFiveBandsWithWhiteOrangeBlack" time="0.000" timestamp="2018-10-24T18:37:46"/>
	<testcase classname="decode_significant_figures_tests.TestDecodeSignificantFiguresTests" name="testDecodeSigFigWhenFiveBandsWithWhiteOrangeBlue" time="0.000" timestamp="2018-10-24T18:37:46"/>
	<testcase classname="decode_significant_figures_tests.TestDecodeSignificantFiguresTests" name="testDecodeSigFigWhenFiveBandsWithWhiteOrangeBrown" time="0.000" timestamp="2018-10-24T18:37:46"/>
	<testcase classname="decode_significant_figures_tests.TestDecodeSignificantFiguresTests" name="testDecodeSigFigWhenFiveBandsWithWhiteOrangeGreen" time="0.000" timestamp="2018-10-24T18:37:46"/>
	<testcase classname="decode_significant_figures_tests.TestDecodeSignificantFiguresTests" name="testDecodeSigFigWhenFiveBandsWithWhiteOrangeGrey" time="0.000" timestamp="2018-10-24T18:37:46"/>
	<testcase classname="decode_significant_figures_tests.TestDecodeSignificantFiguresTests" name="testDecodeSigFigWhenFiveBandsWithWhiteOrangeOrange" time="0.000" timestamp="2018-10-24T18:37:46"/>
	<testcase classname="decode_significant_figures_tests.TestDecodeSignificantFiguresTests" name="testDecodeSigFigWhenFiveBandsWithWhiteOrangeRed" time="0.000" timestamp="2018-10-24T18:37:46"/>
	<testcase classname="decode_significant_figures_tests.TestDecodeSignificantFiguresTests" name="testDecodeSigFigWhenFiveBandsWithWhiteOrangeViolet" time="0.000" timestamp="2018-10-24T18:37:46"/>
	<testcase classname="decode_significant_figures_tests.TestDecodeSignificantFiguresTests" name="testDecodeSigFigWhenFiveBandsWithWhiteOrangeWhite" time="0.000" timestamp="2018-10-24T18:37:46"/>
	<testcase classname="decode_significant_figures_tests.TestDecodeSignificantFiguresTests" name="testDecodeSigFigWhenFiveBandsWithWhiteOrangeYellow" time="0.000" timestamp="2018-10-24T18:37:46"/>
	<testcase classname="decode_significant_figures_tests.TestDecodeSignificantFiguresTests" name="testDecodeSigFigWhenFiveBandsWithWhiteRedBlack" time="0.000" timestamp="2018-10-24T18:37:46"/>
	<testcase classname="decode_significant_figures_tests.TestDecodeSignificantFiguresTests" name="testDecodeSigFigWhenFiveBandsWithWhiteRedBlue" time="0.000" timestamp="2018-10-24T18:37:46"/>
	<testcase classname="decode_significant_figures_tests.TestDecodeSignificantFiguresTests" name="testDecodeSigFigWhenFiveBandsWithWhiteRedBrown" time="0.000" timestamp="2018-10-24T18:37:46"/>
	<testcase classname="decode_significant_figures_tests.TestDecodeSignificantFiguresTests" name="testDecodeSigFigWhenFiveBandsWithWhiteRedGreen" time="0.000" timestamp="2018-10-24T18:37:46"/>
	<testcase classname="decode_significant_figures_tests.TestDecodeSignificantFiguresTests" name="testDecodeSigFigWhenFiveBandsWithWhiteRedGrey" time="0.000" timestamp="2018-10-24T18:37:46"/>
	<testcase classname="decode_significant_figures_tests.TestDecodeSignificantFiguresTests" name="testDecodeSigFigWhenFiveBandsWithWhiteRedOrange" time="0.000" timestamp="2018-10-24T18:37:46"/>
	<testcase classname="decode_significant_figures_tests.TestDecodeSignificantFiguresTests" name="testDecodeSigFigWhenFiveBandsWithWhiteRedRed" time="0.000" timestamp="2018-10-24T18:37:46"/>
	<testcase classname="decode_significant_figures_tests.TestDecodeSignificantFiguresTests" name="testDecodeSigFigWhenFiveBandsWithWhiteRedViolet" time="0.000" timestamp="2018-10-24T18:37:46"/>
	<testcase classname="decode_significant_figures_tests.TestDecodeSignificantFiguresTests" name="testDecodeSigFigWhenFiveBandsWithWhiteRedWhite" time="0.000" timestamp="2018-10-24T18:37:46"/>
	<testcase classname="decode_significant_figures_tests.TestDecodeSignificantFiguresTests" name="testDecodeSigFigWhenFiveBandsWithWhiteRedYellow" time="0.000" timestamp="2018-10-24T18:37:46"/>
	<testcase classname="decode_significant_figures_tests.TestDecodeSignificantFiguresTests" name="testDecodeSigFigWhenFiveBandsWithWhiteVioletBlack" time="0.000" timestamp="2018-10-24T18:37:46"/>
	<testcase classname="decode_significant_figures_tests.TestDecodeSignificantFiguresTests" name="testDecodeSigFigWhenFiveBandsWithWhiteVioletBlue" time="0.000" timestamp="2018-10-24T18:37:46"/>
	<testcase classname="decode_significant_figures_tests.TestDecodeSignificantFiguresTests" name="testDecodeSigFigWhenFiveBandsWithWhiteVioletBrown" time="0.000" timestamp="2018-10-24T18:37:46"/>
	<testcase classname="decode_significant_figures_tests.TestDecodeSignificantFiguresTests" name="testDecodeSigFigWhenFiveBandsWithWhiteVioletGreen" time="0.000" timestamp="2018-10-24T18:37:46"/>
	<testcase classname="decode_significant_figures_tests.TestDecodeSignificantFiguresTests" name="testDecodeSigFigWhenFiveBandsWithWhiteVioletGrey" time="0.000" timestamp="2018-10-24T18:37:46"/>
	<testcase classname="decode_significant_figures_tests.TestDecodeSignificantFiguresTests" name="testDecodeSigFigWhenFiveBandsWithWhiteVioletOrange" time="0.000" timestamp="2018-10-24T18:37:46"/>
	<testcase classname="decode_significant_figures_tests.TestDecodeSignificantFiguresTests" name="testDecodeSigFigWhenFiveBandsWithWhiteVioletRed" time="0.000" timestamp="2018-10-24T18:37:46"/>
	<testcase classname="decode_significant_figures_tests.TestDecodeSignificantFiguresTests" name="testDecodeSigFigWhenFiveBandsWithWhiteVioletViolet" time="0.000" timestamp="2018-10-24T18:37:46"/>
	<testcase classname="decode_significant_figures_tests.TestDecodeSignificantFiguresTests" name="testDecodeSigFigWhenFiveBandsWithWhiteVioletWhite" time="0.000" timestamp="2018-10-24T18:37:46"/>
	<testcase classname="decode_significant_figures_tests.TestDecodeSignificantFiguresTests" name="testDecodeSigFigWhenFiveBandsWithWhiteVioletYellow" time="0.000" timestamp="2018-10-24T18:37:46"/>
	<testcase classname="decode_significant_figures_tests.TestDecodeSignificantFiguresTests" name="testDecodeSigFigWhenFiveBandsWithWhiteWhiteBlack" time="0.000" timestamp="2018-10-24T18:37:46"/>
	<testcase classname="decode_significant_figures_tests.TestDecodeSignificantFiguresTests" name="testDecodeSigFigWhenFiveBandsWithWhiteWhiteBlue" time="0.000" timestamp="2018-10-24T18:37:46"/>
	<testcase classname="decode_significant_figures_tests.TestDecodeSignificantFiguresTests" name="testDecodeSigFigWhenFiveBandsWithWhiteWhiteBrown" time="0.000" timestamp="2018-10-24T18:37:46"/>
	<testcase classname="decode_significant_figures_tests.TestDecodeSignificantFiguresTests" name="testDecodeSigFigWhenFiveBandsWithWhiteWhiteGreen" time="0.000" timestamp="2018-10-24T18:37:46"/>
	<testcase classname="decode_significant_figures_tests.TestDecodeSignificantFiguresTests" name="testDecodeSigFigWhenFiveBandsWithWhiteWhiteGrey" time="0.000" timestamp="2018-10-24T18:37:46"/>
	<testcase classname="decode_significant_figures_tests.TestDecodeSignificantFiguresTests" name="testDecodeSigFigWhenFiveBandsWithWhiteWhiteOrange" time="0.000" timestamp="2018-10-24T18:37:46"/>
	<testcase classname="decode_significant_figures_tests.TestDecodeSignificantFiguresTests" name="testDecodeSigFigWhenFiveBandsWithWhiteWhiteRed" time="0.000" timestamp="2018-10-24T18:37:46"/>
	<testcase classname="decode_significant_figures_tests.TestDecodeSignificantFiguresTests" name="testDecodeSigFigWhenFiveBandsWithWhiteWhiteViolet" time="0.000" timestamp="2018-10-24T18:37:46"/>
	<testcase classname="decode_significant_figures_tests.TestDecodeSignificantFiguresTests" name="testDecodeSigFigWhenFiveBandsWithWhiteWhiteWhite" time="0.000" timestamp="2018-10-24T18:37:46"/>
	<testcase classname="decode_significant_figures_tests.TestDecodeSignificantFiguresTests" name="testDecodeSigFigWhenFiveBandsWithWhiteWhiteYellow" time="0.000" timestamp="2018-10-24T18:37:46"/>
	<testcase classname="decode_significant_figures_tests.TestDecodeSignificantFiguresTests" name="testDecodeSigFigWhenFiveBandsWithWhiteYellowBlack" time="0.000" timestamp="2018-10-24T18:37:46"/>
	<testcase classname="decode_significant_figures_tests.TestDecodeSignificantFiguresTests" name="testDecodeSigFigWhenFiveBandsWithWhiteYellowBlue" time="0.000" timestamp="2018-10-24T18:37:46"/>
	<testcase classname="decode_significant_figures_tests.TestDecodeSignificantFiguresTests" name="testDecodeSigFigWhenFiveBandsWithWhiteYellowBrown" time="0.000" timestamp="2018-10-24T18:37:46"/>
	<testcase classname="decode_significant_figures_tests.TestDecodeSignificantFiguresTests" name="testDecodeSigFigWhenFiveBandsWithWhiteYellowGreen" time="0.000" timestamp="2018-10-24T18:37:46"/>
	<testcase classname="decode_significant_figures_tests.TestDecodeSignificantFiguresTests" name="testDecodeSigFigWhenFiveBandsWithWhiteYellowGrey" time="0.000" timestamp="2018-10-24T18:37:46"/>
	<testcase classname="decode_significant_figures_tests.TestDecodeSignificantFiguresTests" name="testDecodeSigFigWhenFiveBandsWithWhiteYellowOrange" time="0.000" timestamp="2018-10-24T18:37:46"/>
	<testcase classname="decode_significant_figures_tests.TestDecodeSignificantFiguresTests" name="testDecodeSigFigWhenFiveBandsWithWhiteYellowRed" time="0.000" timestamp="2018-10-24T18:37:46"/>
	<testcase classname="decode_significant_figures_tests.TestDecodeSignificantFiguresTests" name="testDecodeSigFigWhenFiveBandsWithWhiteYellowViolet" time="0.000" timestamp="2018-10-24T18:37:46"/>
	<testcase classname="decode_significant_figures_tests.TestDecodeSignificantFiguresTests" name="testDecodeSigFigWhenFiveBandsWithWhiteYellowWhite" time="0.000" timestamp="2018-10-24T18:37:46"/>
	<testcase classname="decode_significant_figures_tests.TestDecodeSignificantFiguresTests" name="testDecodeSigFigWhenFiveBandsWithWhiteYellowYellow" time="0.000" timestamp="2018-10-24T18:37:46"/>
	<testcase classname="decode_significant_figures_tests.TestDecodeSignificantFiguresTests" name="testDecodeSigFigWhenFiveBandsWithYellowBlackBlack" time="0.000" timestamp="2018-10-24T18:37:46"/>
	<testcase classname="decode_significant_figures_tests.TestDecodeSignificantFiguresTests" name="testDecodeSigFigWhenFiveBandsWithYellowBlackBlue" time="0.000" timestamp="2018-10-24T18:37:46"/>
	<testcase classname="decode_significant_figures_tests.TestDecodeSignificantFiguresTests" name="testDecodeSigFigWhenFiveBandsWithYellowBlackBrown" time="0.000" timestamp="2018-10-24T18:37:46"/>
	<testcase classname="decode_significant_figures_tests.TestDecodeSignificantFiguresTests" name="testDecodeSigFigWhenFiveBandsWithYellowBlackGreen" time="0.000" timestamp="2018-10-24T18:37:46"/>
	<testcase classname="decode_significant_figures_tests.TestDecodeSignificantFiguresTests" name="testDecodeSigFigWhenFiveBandsWithYellowBlackGrey" time="0.000" timestamp="2018-10-24T18:37:46"/>
	<testcase classname="decode_significant_figures_tests.TestDecodeSignificantFiguresTests" name="testDecodeSigFigWhenFiveBandsWithYellowBlackOrange" time="0.000" timestamp="2018-10-24T18:37:46"/>
	<testcase classname="decode_significant_figures_tests.TestDecodeSignificantFiguresTests" name="testDecodeSigFigWhenFiveBandsWithYellowBlackRed" time="0.000" timestamp="2018-10-24T18:37:46"/>
	<testcase classname="decode_significant_figures_tests.TestDecodeSignificantFiguresTests" name="testDecodeSigFigWhenFiveBandsWithYellowBlackViolet" time="0.000" timestamp="2018-10-24T18:37:46"/>
	<testcase classname="decode_significant_figures_tests.TestDecodeSignificantFiguresTests" name="testDecodeSigFigWhenFiveBandsWithYellowBlackWhite" time="0.000" timestamp="2018-10-24T18:37:46"/>
	<testcase classname="decode_significant_figures_tests.TestDecodeSignificantFiguresTests" name="testDecodeSigFigWhenFiveBandsWithYellowBlackYellow" time="0.000" timestamp="2018-10-24T18:37:46"/>
	<testcase classname="decode_significant_figures_tests.TestDecodeSignificantFiguresTests" name="testDecodeSigFigWhenFiveBandsWithYellowBlueBlack" time="0.000" timestamp="2018-10-24T18:37:46"/>
	<testcase classname="decode_significant_figures_tests.TestDecodeSignificantFiguresTests" name="testDecodeSigFigWhenFiveBandsWithYellowBlueBlue" time="0.000" timestamp="2018-10-24T18:37:46"/>
	<testcase classname="decode_significant_figures_tests.TestDecodeSignificantFiguresTests" name="testDecodeSigFigWhenFiveBandsWithYellowBlueBrown" time="0.000" timestamp="2018-10-24T18:37:46"/>
	<testcase classname="decode_significant_figures_tests.TestDecodeSignificantFiguresTests" name="testDecodeSigFigWhenFiveBandsWithYellowBlueGreen" time="0.000" timestamp="2018-10-24T18:37:46"/>
	<testcase classname="decode_significant_figures_tests.TestDecodeSignificantFiguresTests" name="testDecodeSigFigWhenFiveBandsWithYellowBlueGrey" time="0.000" timestamp="2018-10-24T18:37:46"/>
	<testcase classname="decode_significant_figures_tests.TestDecodeSignificantFiguresTests" name="testDecodeSigFigWhenFiveBandsWithYellowBlueOrange" time="0.000" timestamp="2018-10-24T18:37:46"/>
	<testcase classname="decode_significant_figures_tests.TestDecodeSignificantFiguresTests" name="testDecodeSigFigWhenFiveBandsWithYellowBlueRed" time="0.000" timestamp="2018-10-24T18:37:46"/>
	<testcase classname="decode_significant_figures_tests.TestDecodeSignificantFiguresTests" name="testDecodeSigFigWhenFiveBandsWithYellowBlueViolet" time="0.000" timestamp="2018-10-24T18:37:46"/>
	<testcase classname="decode_significant_figures_tests.TestDecodeSignificantFiguresTests" name="testDecodeSigFigWhenFiveBandsWithYellowBlueWhite" time="0.000" timestamp="2018-10-24T18:37:46"/>
	<testcase classname="decode_significant_figures_tests.TestDecodeSignificantFiguresTests" name="testDecodeSigFigWhenFiveBandsWithYellowBlueYellow" time="0.000" timestamp="2018-10-24T18:37:46"/>
	<testcase classname="decode_significant_figures_tests.TestDecodeSignificantFiguresTests" name="testDecodeSigFigWhenFiveBandsWithYellowBrownBlack" time="0.000" timestamp="2018-10-24T18:37:46"/>
	<testcase classname="decode_significant_figures_tests.TestDecodeSignificantFiguresTests" name="testDecodeSigFigWhenFiveBandsWithYellowBrownBlue" time="0.000" timestamp="2018-10-24T18:37:46"/>
	<testcase classname="decode_significant_figures_tests.TestDecodeSignificantFiguresTests" name="testDecodeSigFigWhenFiveBandsWithYellowBrownBrown" time="0.000" timestamp="2018-10-24T18:37:46"/>
	<testcase classname="decode_significant_figures_tests.TestDecodeSignificantFiguresTests" name="testDecodeSigFigWhenFiveBandsWithYellowBrownGreen" time="0.000" timestamp="2018-10-24T18:37:46"/>
	<testcase classname="decode_significant_figures_tests.TestDecodeSignificantFiguresTests" name="testDecodeSigFigWhenFiveBandsWithYellowBrownGrey" time="0.000" timestamp="2018-10-24T18:37:46"/>
	<testcase classname="decode_significant_figures_tests.TestDecodeSignificantFiguresTests" name="testDecodeSigFigWhenFiveBandsWithYellowBrownOrange" time="0.000" timestamp="2018-10-24T18:37:46"/>
	<testcase classname="decode_significant_figures_tests.TestDecodeSignificantFiguresTests" name="testDecodeSigFigWhenFiveBandsWithYellowBrownRed" time="0.000" timestamp="2018-10-24T18:37:46"/>
	<testcase classname="decode_significant_figures_tests.TestDecodeSignificantFiguresTests" name="testDecodeSigFigWhenFiveBandsWithYellowBrownViolet" time="0.000" timestamp="2018-10-24T18:37:46"/>
	<testcase classname="decode_significant_figures_tests.TestDecodeSignificantFiguresTests" name="testDecodeSigFigWhenFiveBandsWithYellowBrownWhite" time="0.000" timestamp="2018-10-24T18:37:46"/>
	<testcase classname="decode_significant_figures_tests.TestDecodeSignificantFiguresTests" name="testDecodeSigFigWhenFiveBandsWithYellowBrownYellow" time="0.000" timestamp="2018-10-24T18:37:46"/>
	<testcase classname="decode_significant_figures_tests.TestDecodeSignificantFiguresTests" name="testDecodeSigFigWhenFiveBandsWithYellowGreenBlack" time="0.000" timestamp="2018-10-24T18:37:46"/>
	<testcase classname="decode_significant_figures_tests.TestDecodeSignificantFiguresTests" name="testDecodeSigFigWhenFiveBandsWithYellowGreenBlue" time="0.000" timestamp="2018-10-24T18:37:46"/>
	<testcase classname="decode_significant_figures_tests.TestDecodeSignificantFiguresTests" name="testDecodeSigFigWhenFiveBandsWithYellowGreenBrown" time="0.000" timestamp="2018-10-24T18:37:46"/>
	<testcase classname="decode_significant_figures_tests.TestDecodeSignificantFiguresTests" name="testDecodeSigFigWhenFiveBandsWithYellowGreenGreen" time="0.000" timestamp="2018-10-24T18:37:46"/>
	<testcase classname="decode_significant_figures_tests.TestDecodeSignificantFiguresTests" name="testDecodeSigFigWhenFiveBandsWithYellowGreenGrey" time="0.000" timestamp="2018-10-24T18:37:46"/>
	<testcase classname="decode_significant_figures_tests.TestDecodeSignificantFiguresTests" name="testDecodeSigFigWhenFiveBandsWithYellowGreenOrange" time="0.000" timestamp="2018-10-24T18:37:46"/>
	<testcase classname="decode_significant_figures_tests.TestDecodeSignificantFiguresTests" name="testDecodeSigFigWhenFiveBandsWithYellowGreenRed" time="0.000" timestamp="2018-10-24T18:37:46"/>
	<testcase classname="decode_significant_figures_tests.TestDecodeSignificantFiguresTests" name="testDecodeSigFigWhenFiveBandsWithYellowGreenViolet" time="0.000" timestamp="2018-10-24T18:37:46"/>
	<testcase classname="decode_significant_figures_tests.TestDecodeSignificantFiguresTests" name="testDecodeSigFigWhenFiveBandsWithYellowGreenWhite" time="0.000" timestamp="2018-10-24T18:37:46"/>
	<testcase classname="decode_significant_figures_tests.TestDecodeSignificantFiguresTests" name="testDecodeSigFigWhenFiveBandsWithYellowGreenYellow" time="0.000" timestamp="2018-10-24T18:37:46"/>
	<testcase classname="decode_significant_figures_tests.TestDecodeSignificantFiguresTests" name="testDecodeSigFigWhenFiveBandsWithYellowGreyBlack" time="0.000" timestamp="2018-10-24T18:37:46"/>
	<testcase classname="decode_significant_figures_tests.TestDecodeSignificantFiguresTests" name="testDecodeSigFigWhenFiveBandsWithYellowGreyBlue" time="0.000" timestamp="2018-10-24T18:37:46"/>
	<testcase classname="decode_significant_figures_tests.TestDecodeSignificantFiguresTests" name="testDecodeSigFigWhenFiveBandsWithYellowGreyBrown" time="0.000" timestamp="2018-10-24T18:37:46"/>
	<testcase classname="decode_significant_figures_tests.TestDecodeSignificantFiguresTests" name="testDecodeSigFigWhenFiveBandsWithYellowGreyGreen" time="0.000" timestamp="2018-10-24T18:37:46"/>
	<testcase classname="decode_significant_figures_tests.TestDecodeSignificantFiguresTests" name="testDecodeSigFigWhenFiveBandsWithYellowGreyGrey" time="0.000" timestamp="2018-10-24T18:37:46"/>
	<testcase classname="decode_significant_figures_tests.TestDecodeSignificantFiguresTests" name="testDecodeSigFigWhenFiveBandsWithYellowGreyOrange" time="0.000" timestamp="2018-10-24T18:37:46"/>
	<testcase classname="decode_significant_figures_tests.TestDecodeSignificantFiguresTests" name="testDecodeSigFigWhenFiveBandsWithYellowGreyRed" time="0.000" timestamp="2018-10-24T18:37:46"/>
	<testcase classname="decode_significant_figures_tests.TestDecodeSignificantFiguresTests" name="testDecodeSigFigWhenFiveBandsWithYellowGreyViolet" time="0.000" timestamp="2018-10-24T18:37:46"/>
	<testcase classname="decode_significant_figures_tests.TestDecodeSignificantFiguresTests" name="testDecodeSigFigWhenFiveBandsWithYellowGreyWhite" time="0.000" timestamp="2018-10-24T18:37:46"/>
	<testcase classname="decode_significant_figures_tests.TestDecodeSignificantFiguresTests" name="testDecodeSigFigWhenFiveBandsWithYellowGreyYellow" time="0.000" timestamp="2018-10-24T18:37:46"/>
	<testcase classname="decode_significant_figures_tests.TestDecodeSignificantFiguresTests" name="testDecodeSigFigWhenFiveBandsWithYellowOrangeBlack" time="0.000" timestamp="2018-10-24T18:37:46"/>
	<testcase classname="decode_significant_figures_tests.TestDecodeSignificantFiguresTests" name="testDecodeSigFigWhenFiveBandsWithYellowOrangeBlue" time="0.000" timestamp="2018-10-24T18:37:46"/>
	<testcase classname="decode_significant_figures_tests.TestDecodeSignificantFiguresTests" name="testDecodeSigFigWhenFiveBandsWithYellowOrangeBrown" time="0.000" timestamp="2018-10-24T18:37:46"/>
	<testcase classname="decode_significant_figures_tests.TestDecodeSignificantFiguresTests" name="testDecodeSigFigWhenFiveBandsWithYellowOrangeGreen" time="0.000" timestamp="2018-10-24T18:37:46"/>
	<testcase classname="decode_significant_figures_tests.TestDecodeSignificantFiguresTests" name="testDecodeSigFigWhenFiveBandsWithYellowOrangeGrey" time="0.000" timestamp="2018-10-24T18:37:46"/>
	<testcase classname="decode_significant_figures_tests.TestDecodeSignificantFiguresTests" name="testDecodeSigFigWhenFiveBandsWithYellowOrangeOrange" time="0.000" timestamp="2018-10-24T18:37:46"/>
	<testcase classname="decode_significant_figures_tests.TestDecodeSignificantFiguresTests" name="testDecodeSigFigWhenFiveBandsWithYellowOrangeRed" time="0.000" timestamp="2018-10-24T18:37:46"/>
	<testcase classname="decode_significant_figures_tests.TestDecodeSignificantFiguresTests" name="testDecodeSigFigWhenFiveBandsWithYellowOrangeViolet" time="0.000" timestamp="2018-10-24T18:37:46"/>
	<testcase classname="decode_significant_figures_tests.TestDecodeSignificantFiguresTests" name="testDecodeSigFigWhenFiveBandsWithYellowOrangeWhite" time="0.000" timestamp="2018-10-24T18:37:46"/>
	<testcase classname="decode_significant_figures_tests.TestDecodeSignificantFiguresTests" name="testDecodeSigFigWhenFiveBandsWithYellowOrangeYellow" time="0.000" timestamp="2018-10-24T18:37:46"/>
	<testcase classname="decode_significant_figures_tests.TestDecodeSignificantFiguresTests" name="testDecodeSigFigWhenFiveBandsWithYellowRedBlack" time="0.000" timestamp="2018-10-24T18:37:46"/>
	<testcase classname="decode_significant_figures_tests.TestDecodeSignificantFiguresTests" name="testDecodeSigFigWhenFiveBandsWithYellowRedBlue" time="0.000" timestamp="2018-10-24T18:37:46"/>
	<testcase classname="decode_significant_figures_tests.TestDecodeSignificantFiguresTests" name="testDecodeSigFigWhenFiveBandsWithYellowRedBrown" time="0.000" timestamp="2018-10-24T18:37:46"/>
	<testcase classname="decode_significant_figures_tests.TestDecodeSignificantFiguresTests" name="testDecodeSigFigWhenFiveBandsWithYellowRedGreen" time="0.000" timestamp="2018-10-24T18:37:46"/>
	<testcase classname="decode_significant_figures_tests.TestDecodeSignificantFiguresTests" name="testDecodeSigFigWhenFiveBandsWithYellowRedGrey" time="0.000" timestamp="2018-10-24T18:37:46"/>
	<testcase classname="decode_significant_figures_tests.TestDecodeSignificantFiguresTests" name="testDecodeSigFigWhenFiveBandsWithYellowRedOrange" time="0.000" timestamp="2018-10-24T18:37:46"/>
	<testcase classname="decode_significant_figures_tests.TestDecodeSignificantFiguresTests" name="testDecodeSigFigWhenFiveBandsWithYellowRedRed" time="0.000" timestamp="2018-10-24T18:37:46"/>
	<testcase classname="decode_significant_figures_tests.TestDecodeSignificantFiguresTests" name="testDecodeSigFigWhenFiveBandsWithYellowRedViolet" time="0.000" timestamp="2018-10-24T18:37:46"/>
	<testcase classname="decode_significant_figures_tests.TestDecodeSignificantFiguresTests" name="testDecodeSigFigWhenFiveBandsWithYellowRedWhite" time="0.000" timestamp="2018-10-24T18:37:46"/>
	<testcase classname="decode_significant_figures_tests.TestDecodeSignificantFiguresTests" name="testDecodeSigFigWhenFiveBandsWithYellowRedYellow" time="0.000" timestamp="2018-10-24T18:37:46"/>
	<testcase classname="decode_significant_figures_tests.TestDecodeSignificantFiguresTests" name="testDecodeSigFigWhenFiveBandsWithYellowVioletBlack" time="0.000" timestamp="2018-10-24T18:37:46"/>
	<testcase classname="decode_significant_figures_tests.TestDecodeSignificantFiguresTests" name="testDecodeSigFigWhenFiveBandsWithYellowVioletBlue" time="0.000" timestamp="2018-10-24T18:37:46"/>
	<testcase classname="decode_significant_figures_tests.TestDecodeSignificantFiguresTests" name="testDecodeSigFigWhenFiveBandsWithYellowVioletBrown" time="0.000" timestamp="2018-10-24T18:37:46"/>
	<testcase classname="decode_significant_figures_tests.TestDecodeSignificantFiguresTests" name="testDecodeSigFigWhenFiveBandsWithYellowVioletGreen" time="0.000" timestamp="2018-10-24T18:37:46"/>
	<testcase classname="decode_significant_figures_tests.TestDecodeSignificantFiguresTests" name="testDecodeSigFigWhenFiveBandsWithYellowVioletGrey" time="0.000" timestamp="2018-10-24T18:37:46"/>
	<testcase classname="decode_significant_figures_tests.TestDecodeSignificantFiguresTests" name="testDecodeSigFigWhenFiveBandsWithYellowVioletOrange" time="0.000" timestamp="2018-10-24T18:37:46"/>
	<testcase classname="decode_significant_figures_tests.TestDecodeSignificantFiguresTests" name="testDecodeSigFigWhenFiveBandsWithYellowVioletRed" time="0.000" timestamp="2018-10-24T18:37:46"/>
	<testcase classname="decode_significant_figures_tests.TestDecodeSignificantFiguresTests" name="testDecodeSigFigWhenFiveBandsWithYellowVioletViolet" time="0.000" timestamp="2018-10-24T18:37:46"/>
	<testcase classname="decode_significant_figures_tests.TestDecodeSignificantFiguresTests" name="testDecodeSigFigWhenFiveBandsWithYellowVioletWhite" time="0.000" timestamp="2018-10-24T18:37:46"/>
	<testcase classname="decode_significant_figures_tests.TestDecodeSignificantFiguresTests" name="testDecodeSigFigWhenFiveBandsWithYellowVioletYellow" time="0.000" timestamp="2018-10-24T18:37:46"/>
	<testcase classname="decode_significant_figures_tests.TestDecodeSignificantFiguresTests" name="testDecodeSigFigWhenFiveBandsWithYellowWhiteBlack" time="0.000" timestamp="2018-10-24T18:37:46"/>
	<testcase classname="decode_significant_figures_tests.TestDecodeSignificantFiguresTests" name="testDecodeSigFigWhenFiveBandsWithYellowWhiteBlue" time="0.000" timestamp="2018-10-24T18:37:46"/>
	<testcase classname="decode_significant_figures_tests.TestDecodeSignificantFiguresTests" name="testDecodeSigFigWhenFiveBandsWithYellowWhiteBrown" time="0.000" timestamp="2018-10-24T18:37:46"/>
	<testcase classname="decode_significant_figures_tests.TestDecodeSignificantFiguresTests" name="testDecodeSigFigWhenFiveBandsWithYellowWhiteGreen" time="0.000" timestamp="2018-10-24T18:37:46"/>
	<testcase classname="decode_significant_figures_tests.TestDecodeSignificantFiguresTests" name="testDecodeSigFigWhenFiveBandsWithYellowWhiteGrey" time="0.000" timestamp="2018-10-24T18:37:46"/>
	<testcase classname="decode_significant_figures_tests.TestDecodeSignificantFiguresTests" name="testDecodeSigFigWhenFiveBandsWithYellowWhiteOrange" time="0.000" timestamp="2018-10-24T18:37:46"/>
	<testcase classname="decode_significant_figures_tests.TestDecodeSignificantFiguresTests" name="testDecodeSigFigWhenFiveBandsWithYellowWhiteRed" time="0.000" timestamp="2018-10-24T18:37:46"/>
	<testcase classname="decode_significant_figures_tests.TestDecodeSignificantFiguresTests" name="testDecodeSigFigWhenFiveBandsWithYellowWhiteViolet" time="0.000" timestamp="2018-10-24T18:37:46"/>
	<testcase classname="decode_significant_figures_tests.TestDecodeSignificantFiguresTests" name="testDecodeSigFigWhenFiveBandsWithYellowWhiteWhite" time="0.000" timestamp="2018-10-24T18:37:46"/>
	<testcase classname="decode_significant_figures_tests.TestDecodeSignificantFiguresTests" name="testDecodeSigFigWhenFiveBandsWithYellowWhiteYellow" time="0.000" timestamp="2018-10-24T18:37:46"/>
	<testcase classname="decode_significant_figures_tests.TestDecodeSignificantFiguresTests" name="testDecodeSigFigWhenFiveBandsWithYellowYellowBlack" time="0.000" timestamp="2018-10-24T18:37:46"/>
	<testcase classname="decode_significant_figures_tests.TestDecodeSignificantFiguresTests" name="testDecodeSigFigWhenFiveBandsWithYellowYellowBlue" time="0.000" timestamp="2018-10-24T18:37:46"/>
	<testcase classname="decode_significant_figures_tests.TestDecodeSignificantFiguresTests" name="testDecodeSigFigWhenFiveBandsWithYellowYellowBrown" time="0.000" timestamp="2018-10-24T18:37:46"/>
	<testcase classname="decode_significant_figures_tests.TestDecodeSignificantFiguresTests" name="testDecodeSigFigWhenFiveBandsWithYellowYellowGreen" time="0.000" timestamp="2018-10-24T18:37:46"/>
	<testcase classname="decode_significant_figures_tests.TestDecodeSignificantFiguresTests" name="testDecodeSigFigWhenFiveBandsWithYellowYellowGrey" time="0.000" timestamp="2018-10-24T18:37:46"/>
	<testcase classname="decode_significant_figures_tests.TestDecodeSignificantFiguresTests" name="testDecodeSigFigWhenFiveBandsWithYellowYellowOrange" time="0.000" timestamp="2018-10-24T18:37:46"/>
	<testcase classname="decode_significant_figures_tests.TestDecodeSignificantFiguresTests" name="testDecodeSigFigWhenFiveBandsWithYellowYellowRed" time="0.000" timestamp="2018-10-24T18:37:46"/>
	<testcase classname="decode_significant_figures_tests.TestDecodeSignificantFiguresTests" name="testDecodeSigFigWhenFiveBandsWithYellowYellowViolet" time="0.000" timestamp="2018-10-24T18:37:46"/>
	<testcase classname="decode_significant_figures_tests.TestDecodeSignificantFiguresTests" name="testDecodeSigFigWhenFiveBandsWithYellowYellowWhite" time="0.000" timestamp="2018-10-24T18:37:46"/>
	<testcase classname="decode_significant_figures_tests.TestDecodeSignificantFiguresTests" name="testDecodeSigFigWhenFiveBandsWithYellowYellowYellow" time="0.000" timestamp="2018-10-24T18:37:46"/>
	<testcase classname="decode_significant_figures_tests.TestDecodeSignificantFiguresTests" name="testDecodeSigFigWhenFourBandsWithBlackBlack" time="0.000" timestamp="2018-10-24T18:37:46"/>
	<testcase classname="decode_significant_figures_tests.TestDecodeSignificantFiguresTests" name="testDecodeSigFigWhenFourBandsWithBlackBlue" time="0.000" timestamp="2018-10-24T18:37:46"/>
	<testcase classname="decode_significant_figures_tests.TestDecodeSignificantFiguresTests" name="testDecodeSigFigWhenFourBandsWithBlackBrown" time="0.000" timestamp="2018-10-24T18:37:46"/>
	<testcase classname="decode_significant_figures_tests.TestDecodeSignificantFiguresTests" name="testDecodeSigFigWhenFourBandsWithBlackGreen" time="0.000" timestamp="2018-10-24T18:37:46"/>
	<testcase classname="decode_significant_figures_tests.TestDecodeSignificantFiguresTests" name="testDecodeSigFigWhenFourBandsWithBlackGrey" time="0.000" timestamp="2018-10-24T18:37:46"/>
	<testcase classname="decode_significant_figures_tests.TestDecodeSignificantFiguresTests" name="testDecodeSigFigWhenFourBandsWithBlackOrange" time="0.000" timestamp="2018-10-24T18:37:46"/>
	<testcase classname="decode_significant_figures_tests.TestDecodeSignificantFiguresTests" name="testDecodeSigFigWhenFourBandsWithBlackRed" time="0.000" timestamp="2018-10-24T18:37:46"/>
	<testcase classname="decode_significant_figures_tests.TestDecodeSignificantFiguresTests" name="testDecodeSigFigWhenFourBandsWithBlackViolet" time="0.000" timestamp="2018-10-24T18:37:46"/>
	<testcase classname="decode_significant_figures_tests.TestDecodeSignificantFiguresTests" name="testDecodeSigFigWhenFourBandsWithBlackWhite" time="0.000" timestamp="2018-10-24T18:37:46"/>
	<testcase classname="decode_significant_figures_tests.TestDecodeSignificantFiguresTests" name="testDecodeSigFigWhenFourBandsWithBlackYellow" time="0.000" timestamp="2018-10-24T18:37:46"/>
	<testcase classname="decode_significant_figures_tests.TestDecodeSignificantFiguresTests" name="testDecodeSigFigWhenFourBandsWithBlueBlack" time="0.000" timestamp="2018-10-24T18:37:46"/>
	<testcase classname="decode_significant_figures_tests.TestDecodeSignificantFiguresTests" name="testDecodeSigFigWhenFourBandsWithBlueBlue" time="0.000" timestamp="2018-10-24T18:37:46"/>
	<testcase classname="decode_significant_figures_tests.TestDecodeSignificantFiguresTests" name="testDecodeSigFigWhenFourBandsWithBlueBrown" time="0.000" timestamp="2018-10-24T18:37:46"/>
	<testcase classname="decode_significant_figures_tests.TestDecodeSignificantFiguresTests" name="testDecodeSigFigWhenFourBandsWithBlueGreen" time="0.000" timestamp="2018-10-24T18:37:46"/>
	<testcase classname="decode_significant_figures_tests.TestDecodeSignificantFiguresTests" name="testDecodeSigFigWhenFourBandsWithBlueGrey" time="0.000" timestamp="2018-10-24T18:37:46"/>
	<testcase classname="decode_significant_figures_tests.TestDecodeSignificantFiguresTests" name="testDecodeSigFigWhenFourBandsWithBlueOrange" time="0.000" timestamp="2018-10-24T18:37:46"/>
	<testcase classname="decode_significant_figures_tests.TestDecodeSignificantFiguresTests" name="testDecodeSigFigWhenFourBandsWithBlueRed" time="0.000" timestamp="2018-10-24T18:37:46"/>
	<testcase classname="decode_significant_figures_tests.TestDecodeSignificantFiguresTests" name="testDecodeSigFigWhenFourBandsWithBlueViolet" time="0.000" timestamp="2018-10-24T18:37:46"/>
	<testcase classname="decode_significant_figures_tests.TestDecodeSignificantFiguresTests" name="testDecodeSigFigWhenFourBandsWithBlueWhite" time="0.000" timestamp="2018-10-24T18:37:46"/>
	<testcase classname="decode_significant_figures_tests.TestDecodeSignificantFiguresTests" name="testDecodeSigFigWhenFourBandsWithBlueYellow" time="0.000" timestamp="2018-10-24T18:37:46"/>
	<testcase classname="decode_significant_figures_tests.TestDecodeSignificantFiguresTests" name="testDecodeSigFigWhenFourBandsWithBrownBlack" time="0.000" timestamp="2018-10-24T18:37:46"/>
	<testcase classname="decode_significant_figures_tests.TestDecodeSignificantFiguresTests" name="testDecodeSigFigWhenFourBandsWithBrownBlue" time="0.000" timestamp="2018-10-24T18:37:46"/>
	<testcase classname="decode_significant_figures_tests.TestDecodeSignificantFiguresTests" name="testDecodeSigFigWhenFourBandsWithBrownBrown" time="0.000" timestamp="2018-10-24T18:37:46"/>
	<testcase classname="decode_significant_figures_tests.TestDecodeSignificantFiguresTests" name="testDecodeSigFigWhenFourBandsWithBrownGreen" time="0.000" timestamp="2018-10-24T18:37:46"/>
	<testcase classname="decode_significant_figures_tests.TestDecodeSignificantFiguresTests" name="testDecodeSigFigWhenFourBandsWithBrownGrey" time="0.000" timestamp="2018-10-24T18:37:46"/>
	<testcase classname="decode_significant_figures_tests.TestDecodeSignificantFiguresTests" name="testDecodeSigFigWhenFourBandsWithBrownOrange" time="0.000" timestamp="2018-10-24T18:37:46"/>
	<testcase classname="decode_significant_figures_tests.TestDecodeSignificantFiguresTests" name="testDecodeSigFigWhenFourBandsWithBrownRed" time="0.000" timestamp="2018-10-24T18:37:46"/>
	<testcase classname="decode_significant_figures_tests.TestDecodeSignificantFiguresTests" name="testDecodeSigFigWhenFourBandsWithBrownViolet" time="0.000" timestamp="2018-10-24T18:37:46"/>
	<testcase classname="decode_significant_figures_tests.TestDecodeSignificantFiguresTests" name="testDecodeSigFigWhenFourBandsWithBrownWhite" time="0.000" timestamp="2018-10-24T18:37:46"/>
	<testcase classname="decode_significant_figures_tests.TestDecodeSignificantFiguresTests" name="testDecodeSigFigWhenFourBandsWithBrownYellow" time="0.000" timestamp="2018-10-24T18:37:46"/>
	<testcase classname="decode_significant_figures_tests.TestDecodeSignificantFiguresTests" name="testDecodeSigFigWhenFourBandsWithGreenBlack" time="0.000" timestamp="2018-10-24T18:37:46"/>
	<testcase classname="decode_significant_figures_tests.TestDecodeSignificantFiguresTests" name="testDecodeSigFigWhenFourBandsWithGreenBlue" time="0.000" timestamp="2018-10-24T18:37:46"/>
	<testcase classname="decode_significant_figures_tests.TestDecodeSignificantFiguresTests" name="testDecodeSigFigWhenFourBandsWithGreenBrown" time="0.000" timestamp="2018-10-24T18:37:46"/>
	<testcase classname="decode_significant_figures_tests.TestDecodeSignificantFiguresTests" name="testDecodeSigFigWhenFourBandsWithGreenGreen" time="0.000" timestamp="2018-10-24T18:37:46"/>
	<testcase classname="decode_significant_figures_tests.TestDecodeSignificantFiguresTests" name="testDecodeSigFigWhenFourBandsWithGreenGrey" time="0.000" timestamp="2018-10-24T18:37:46"/>
	<testcase classname="decode_significant_figures_tests.TestDecodeSignificantFiguresTests" name="testDecodeSigFigWhenFourBandsWithGreenOrange" time="0.000" timestamp="2018-10-24T18:37:46"/>
	<testcase classname="decode_significant_figures_tests.TestDecodeSignificantFiguresTests" name="testDecodeSigFigWhenFourBandsWithGreenRed" time="0.000" timestamp="2018-10-24T18:37:46"/>
	<testcase classname="decode_significant_figures_tests.TestDecodeSignificantFiguresTests" name="testDecodeSigFigWhenFourBandsWithGreenViolet" time="0.000" timestamp="2018-10-24T18:37:46"/>
	<testcase classname="decode_significant_figures_tests.TestDecodeSignificantFiguresTests" name="testDecodeSigFigWhenFourBandsWithGreenWhite" time="0.000" timestamp="2018-10-24T18:37:46"/>
	<testcase classname="decode_significant_figures_tests.TestDecodeSignificantFiguresTests" name="testDecodeSigFigWhenFourBandsWithGreenYellow" time="0.000" timestamp="2018-10-24T18:37:46"/>
	<testcase classname="decode_significant_figures_tests.TestDecodeSignificantFiguresTests" name="testDecodeSigFigWhenFourBandsWithGreyBlack" time="0.000" timestamp="2018-10-24T18:37:46"/>
	<testcase classname="decode_significant_figures_tests.TestDecodeSignificantFiguresTests" name="testDecodeSigFigWhenFourBandsWithGreyBlue" time="0.000" timestamp="2018-10-24T18:37:46"/>
	<testcase classname="decode_significant_figures_tests.TestDecodeSignificantFiguresTests" name="testDecodeSigFigWhenFourBandsWithGreyBrown" time="0.000" timestamp="2018-10-24T18:37:46"/>
	<testcase classname="decode_significant_figures_tests.TestDecodeSignificantFiguresTests" name="testDecodeSigFigWhenFourBandsWithGreyGreen" time="0.000" timestamp="2018-10-24T18:37:46"/>
	<testcase classname="decode_significant_figures_tests.TestDecodeSignificantFiguresTests" name="testDecodeSigFigWhenFourBandsWithGreyGrey" time="0.000" timestamp="2018-10-24T18:37:46"/>
	<testcase classname="decode_significant_figures_tests.TestDecodeSignificantFiguresTests" name="testDecodeSigFigWhenFourBandsWithGreyOrange" time="0.000" timestamp="2018-10-24T18:37:46"/>
	<testcase classname="decode_significant_figures_tests.TestDecodeSignificantFiguresTests" name="testDecodeSigFigWhenFourBandsWithGreyRed" time="0.000" timestamp="2018-10-24T18:37:46"/>
	<testcase classname="decode_significant_figures_tests.TestDecodeSignificantFiguresTests" name="testDecodeSigFigWhenFourBandsWithGreyViolet" time="0.000" timestamp="2018-10-24T18:37:46"/>
	<testcase classname="decode_significant_figures_tests.TestDecodeSignificantFiguresTests" name="testDecodeSigFigWhenFourBandsWithGreyWhite" time="0.000" timestamp="2018-10-24T18:37:46"/>
	<testcase classname="decode_significant_figures_tests.TestDecodeSignificantFiguresTests" name="testDecodeSigFigWhenFourBandsWithGreyYellow" time="0.000" timestamp="2018-10-24T18:37:46"/>
	<testcase classname="decode_significant_figures_tests.TestDecodeSignificantFiguresTests" name="testDecodeSigFigWhenFourBandsWithOrangeBlack" time="0.000" timestamp="2018-10-24T18:37:46"/>
	<testcase classname="decode_significant_figures_tests.TestDecodeSignificantFiguresTests" name="testDecodeSigFigWhenFourBandsWithOrangeBlue" time="0.000" timestamp="2018-10-24T18:37:46"/>
	<testcase classname="decode_significant_figures_tests.TestDecodeSignificantFiguresTests" name="testDecodeSigFigWhenFourBandsWithOrangeBrown" time="0.000" timestamp="2018-10-24T18:37:46"/>
	<testcase classname="decode_significant_figures_tests.TestDecodeSignificantFiguresTests" name="testDecodeSigFigWhenFourBandsWithOrangeGreen" time="0.000" timestamp="2018-10-24T18:37:46"/>
	<testcase classname="decode_significant_figures_tests.TestDecodeSignificantFiguresTests" name="testDecodeSigFigWhenFourBandsWithOrangeGrey" time="0.000" timestamp="2018-10-24T18:37:46"/>
	<testcase classname="decode_significant_figures_tests.TestDecodeSignificantFiguresTests" name="testDecodeSigFigWhenFourBandsWithOrangeOrange" time="0.000" timestamp="2018-10-24T18:37:46"/>
	<testcase classname="decode_significant_figures_tests.TestDecodeSignificantFiguresTests" name="testDecodeSigFigWhenFourBandsWithOrangeRed" time="0.000" timestamp="2018-10-24T18:37:46"/>
	<testcase classname="decode_significant_figures_tests.TestDecodeSignificantFiguresTests" name="testDecodeSigFigWhenFourBandsWithOrangeViolet" time="0.000" timestamp="2018-10-24T18:37:46"/>
	<testcase classname="decode_significant_figures_tests.TestDecodeSignificantFiguresTests" name="testDecodeSigFigWhenFourBandsWithOrangeWhite" time="0.000" timestamp="2018-10-24T18:37:46"/>
	<testcase classname="decode_significant_figures_tests.TestDecodeSignificantFiguresTests" name="testDecodeSigFigWhenFourBandsWithOrangeYellow" time="0.000" timestamp="2018-10-24T18:37:46"/>
	<testcase classname="decode_significant_figures_tests.TestDecodeSignificantFiguresTests" name="testDecodeSigFigWhenFourBandsWithRedBlack" time="0.000" timestamp="2018-10-24T18:37:46"/>
	<testcase classname="decode_significant_figures_tests.TestDecodeSignificantFiguresTests" name="testDecodeSigFigWhenFourBandsWithRedBlue" time="0.000" timestamp="2018-10-24T18:37:46"/>
	<testcase classname="decode_significant_figures_tests.TestDecodeSignificantFiguresTests" name="testDecodeSigFigWhenFourBandsWithRedBrown" time="0.000" timestamp="2018-10-24T18:37:46"/>
	<testcase classname="decode_significant_figures_tests.TestDecodeSignificantFiguresTests" name="testDecodeSigFigWhenFourBandsWithRedGreen" time="0.000" timestamp="2018-10-24T18:37:46"/>
	<testcase classname="decode_significant_figures_tests.TestDecodeSignificantFiguresTests" name="testDecodeSigFigWhenFourBandsWithRedGrey" time="0.000" timestamp="2018-10-24T18:37:46"/>
	<testcase classname="decode_significant_figures_tests.TestDecodeSignificantFiguresTests" name="testDecodeSigFigWhenFourBandsWithRedOrange" time="0.000" timestamp="2018-10-24T18:37:46"/>
	<testcase classname="decode_significant_figures_tests.TestDecodeSignificantFiguresTests" name="testDecodeSigFigWhenFourBandsWithRedRed" time="0.000" timestamp="2018-10-24T18:37:46"/>
	<testcase classname="decode_significant_figures_tests.TestDecodeSignificantFiguresTests" name="testDecodeSigFigWhenFourBandsWithRedViolet" time="0.000" timestamp="2018-10-24T18:37:46"/>
	<testcase classname="decode_significant_figures_tests.TestDecodeSignificantFiguresTests" name="testDecodeSigFigWhenFourBandsWithRedWhite" time="0.000" timestamp="2018-10-24T18:37:46"/>
	<testcase classname="decode_significant_figures_tests.TestDecodeSignificantFiguresTests" name="testDecodeSigFigWhenFourBandsWithRedYellow" time="0.000" timestamp="2018-10-24T18:37:46"/>
	<testcase classname="decode_significant_figures_tests.TestDecodeSignificantFiguresTests" name="testDecodeSigFigWhenFourBandsWithVioletBlack" time="0.000" timestamp="2018-10-24T18:37:46"/>
	<testcase classname="decode_significant_figures_tests.TestDecodeSignificantFiguresTests" name="testDecodeSigFigWhenFourBandsWithVioletBlue" time="0.000" timestamp="2018-10-24T18:37:46"/>
	<testcase classname="decode_significant_figures_tests.TestDecodeSignificantFiguresTests" name="testDecodeSigFigWhenFourBandsWithVioletBrown" time="0.000" timestamp="2018-10-24T18:37:46"/>
	<testcase classname="decode_significant_figures_tests.TestDecodeSignificantFiguresTests" name="testDecodeSigFigWhenFourBandsWithVioletGreen" time="0.000" timestamp="2018-10-24T18:37:46"/>
	<testcase classname="decode_significant_figures_tests.TestDecodeSignificantFiguresTests" name="testDecodeSigFigWhenFourBandsWithVioletGrey" time="0.000" timestamp="2018-10-24T18:37:46"/>
	<testcase classname="decode_significant_figures_tests.TestDecodeSignificantFiguresTests" name="testDecodeSigFigWhenFourBandsWithVioletOrange" time="0.000" timestamp="2018-10-24T18:37:46"/>
	<testcase classname="decode_significant_figures_tests.TestDecodeSignificantFiguresTests" name="testDecodeSigFigWhenFourBandsWithVioletRed" time="0.000" timestamp="2018-10-24T18:37:46"/>
	<testcase classname="decode_significant_figures_tests.TestDecodeSignificantFiguresTests" name="testDecodeSigFigWhenFourBandsWithVioletViolet" time="0.000" timestamp="2018-10-24T18:37:46"/>
	<testcase classname="decode_significant_figures_tests.TestDecodeSignificantFiguresTests" name="testDecodeSigFigWhenFourBandsWithVioletWhite" time="0.000" timestamp="2018-10-24T18:37:46"/>
	<testcase classname="decode_significant_figures_tests.TestDecodeSignificantFiguresTests" name="testDecodeSigFigWhenFourBandsWithVioletYellow" time="0.000" timestamp="2018-10-24T18:37:46"/>
	<testcase classname="decode_significant_figures_tests.TestDecodeSignificantFiguresTests" name="testDecodeSigFigWhenFourBandsWithWhiteBlack" time="0.000" timestamp="2018-10-24T18:37:46"/>
	<testcase classname="decode_significant_figures_tests.TestDecodeSignificantFiguresTests" name="testDecodeSigFigWhenFourBandsWithWhiteBlue" time="0.000" timestamp="2018-10-24T18:37:46"/>
	<testcase classname="decode_significant_figures_tests.TestDecodeSignificantFiguresTests" name="testDecodeSigFigWhenFourBandsWithWhiteBrown" time="0.000" timestamp="2018-10-24T18:37:46"/>
	<testcase classname="decode_significant_figures_tests.TestDecodeSignificantFiguresTests" name="testDecodeSigFigWhenFourBandsWithWhiteGreen" time="0.000" timestamp="2018-10-24T18:37:46"/>
	<testcase classname="decode_significant_figures_tests.TestDecodeSignificantFiguresTests" name="testDecodeSigFigWhenFourBandsWithWhiteGrey" time="0.000" timestamp="2018-10-24T18:37:46"/>
	<testcase classname="decode_significant_figures_tests.TestDecodeSignificantFiguresTests" name="testDecodeSigFigWhenFourBandsWithWhiteOrange" time="0.000" timestamp="2018-10-24T18:37:46"/>
	<testcase classname="decode_significant_figures_tests.TestDecodeSignificantFiguresTests" name="testDecodeSigFigWhenFourBandsWithWhiteRed" time="0.000" timestamp="2018-10-24T18:37:46"/>
	<testcase classname="decode_significant_figures_tests.TestDecodeSignificantFiguresTests" name="testDecodeSigFigWhenFourBandsWithWhiteViolet" time="0.000" timestamp="2018-10-24T18:37:46"/>
	<testcase classname="decode_significant_figures_tests.TestDecodeSignificantFiguresTests" name="testDecodeSigFigWhenFourBandsWithWhiteWhite" time="0.000" timestamp="2018-10-24T18:37:46"/>
	<testcase classname="decode_significant_figures_tests.TestDecodeSignificantFiguresTests" name="testDecodeSigFigWhenFourBandsWithWhiteYellow" time="0.000" timestamp="2018-10-24T18:37:46"/>
	<testcase classname="decode_significant_figures_tests.TestDecodeSignificantFiguresTests" name="testDecodeSigFigWhenFourBandsWithYellowBlack" time="0.000" timestamp="2018-10-24T18:37:46"/>
	<testcase classname="decode_significant_figures_tests.TestDecodeSignificantFiguresTests" name="testDecodeSigFigWhenFourBandsWithYellowBlue" time="0.000" timestamp="2018-10-24T18:37:46"/>
	<testcase classname="decode_significant_figures_tests.TestDecodeSignificantFiguresTests" name="testDecodeSigFigWhenFourBandsWithYellowBrown" time="0.000" timestamp="2018-10-24T18:37:46"/>
	<testcase classname="decode_significant_figures_tests.TestDecodeSignificantFiguresTests" name="testDecodeSigFigWhenFourBandsWithYellowGreen" time="0.000" timestamp="2018-10-24T18:37:46"/>
	<testcase classname="decode_significant_figures_tests.TestDecodeSignificantFiguresTests" name="testDecodeSigFigWhenFourBandsWithYellowGrey" time="0.000" timestamp="2018-10-24T18:37:46"/>
	<testcase classname="decode_significant_figures_tests.TestDecodeSignificantFiguresTests" name="testDecodeSigFigWhenFourBandsWithYellowOrange" time="0.000" timestamp="2018-10-24T18:37:46"/>
	<testcase classname="decode_significant_figures_tests.TestDecodeSignificantFiguresTests" name="testDecodeSigFigWhenFourBandsWithYellowRed" time="0.000" timestamp="2018-10-24T18:37:46"/>
	<testcase classname="decode_significant_figures_tests.TestDecodeSignificantFiguresTests" name="testDecodeSigFigWhenFourBandsWithYellowViolet" time="0.000" timestamp="2018-10-24T18:37:46"/>
	<testcase classname="decode_significant_figures_tests.TestDecodeSignificantFiguresTests" name="testDecodeSigFigWhenFourBandsWithYellowWhite" time="0.000" timestamp="2018-10-24T18:37:46"/>
	<testcase classname="decode_significant_figures_tests.TestDecodeSignificantFiguresTests" name="testDecodeSigFigWhenFourBandsWithYellowYellow" time="0.000" timestamp="2018-10-24T18:37:46"/>
	<system-out>
<![CDATA[]]>	</system-out>
	<system-err>
<![CDATA[]]>	</system-err>
</testsuite>
