<?xml version="1.0" encoding="UTF-8"?>
<testsuite errors="0" failures="1" name="create_formatted_resistance_string_tests.CreateFormattedResistanceStringTests-20181019184907" skipped="0" tests="13" time="0.002" timestamp="2018-10-19T18:49:07">
	<testcase classname="create_formatted_resistance_string_tests.CreateFormattedResistanceStringTests" name="testCreateFormattedResistanceStringFourBandBlackBlackBlackBlue" time="0.000" timestamp="2018-10-19T18:49:07"/>
	<testcase classname="create_formatted_resistance_string_tests.CreateFormattedResistanceStringTests" name="testCreateFormattedResistanceStringFourBandBlackBlackBlackBrown" time="0.000" timestamp="2018-10-19T18:49:07"/>
	<testcase classname="create_formatted_resistance_string_tests.CreateFormattedResistanceStringTests" name="testCreateFormattedResistanceStringFourBandBlackBlackBlackGold" time="0.000" timestamp="2018-10-19T18:49:07"/>
	<testcase classname="create_formatted_resistance_string_tests.CreateFormattedResistanceStringTests" name="testCreateFormattedResistanceStringFourBandBlackBlackBlackGreen" time="0.000" timestamp="2018-10-19T18:49:07"/>
	<testcase classname="create_formatted_resistance_string_tests.CreateFormattedResistanceStringTests" name="testCreateFormattedResistanceStringFourBandBlackBlackBlackGrey" time="0.000" timestamp="2018-10-19T18:49:07"/>
	<testcase classname="create_formatted_resistance_string_tests.CreateFormattedResistanceStringTests" name="testCreateFormattedResistanceStringFourBandBlackBlackBlackNone" time="0.000" timestamp="2018-10-19T18:49:07"/>
	<testcase classname="create_formatted_resistance_string_tests.CreateFormattedResistanceStringTests" name="testCreateFormattedResistanceStringFourBandBlackBlackBlackRed" time="0.000" timestamp="2018-10-19T18:49:07"/>
	<testcase classname="create_formatted_resistance_string_tests.CreateFormattedResistanceStringTests" name="testCreateFormattedResistanceStringFourBandBlackBlackBlackSilver" time="0.000" timestamp="2018-10-19T18:49:07"/>
	<testcase classname="create_formatted_resistance_string_tests.CreateFormattedResistanceStringTests" name="testCreateFormattedResistanceStringFourBandBlackBlackBlackViolet" time="0.000" timestamp="2018-10-19T18:49:07"/>
	<testcase classname="create_formatted_resistance_string_tests.CreateFormattedResistanceStringTests" name="testCreateFormattedResistanceStringFourBandBrownBlackBlackBrown" time="0.000" timestamp="2018-10-19T18:49:07"/>
	<testcase classname="create_formatted_resistance_string_tests.CreateFormattedResistanceStringTests" name="testCreateFormattedResistanceStringFourBandBrownBlackBlackRed" time="0.000" timestamp="2018-10-19T18:49:07"/>
	<testcase classname="create_formatted_resistance_string_tests.CreateFormattedResistanceStringTests" name="testCreateFormattedResistanceStringFourBandOrangeYellowBrownGrey" time="0.000" timestamp="2018-10-19T18:49:07"/>
	<testcase classname="create_formatted_resistance_string_tests.CreateFormattedResistanceStringTests" name="testCreateFormattedResistanceStringFourBandGreenGreenGreenRed" time="0.001" timestamp="2018-10-19T18:49:07">
		<failure message="'5500K ohms +/- 2.0%' != '10 ohms +/- 2.0%'
- 5500K ohms +/- 2.0%
? ^^ --
+ 10 ohms +/- 2.0%
? ^
" type="AssertionError">
<![CDATA[Traceback (most recent call last):
  File "/Users/ras/Projects/Python/cs3280/project2/src/unittest/python/create_formatted_resistance_string_tests.py", line 70, in testCreateFormattedResistanceStringFourBandGreenGreenGreenRed
    self.assertEquals("5500K ohms +/- 2.0%", result)
AssertionError: '5500K ohms +/- 2.0%' != '10 ohms +/- 2.0%'
- 5500K ohms +/- 2.0%
? ^^ --
+ 10 ohms +/- 2.0%
? ^

]]>		</failure>
	</testcase>
	<system-out>
<![CDATA[]]>	</system-out>
	<system-err>
<![CDATA[]]>	</system-err>
</testsuite>
