<?xml version="1.0" encoding="UTF-8"?>
<testsuite errors="0" failures="0" name="decoded_resistance_tests.DecodeResistanceTests-20181030114535" skipped="0" tests="4" time="0.000" timestamp="2018-10-30T11:45:36">
	<testcase classname="decoded_resistance_tests.DecodeResistanceTests" name="testDecodeResistanceOnValidFourBandResistorGohms" time="0.000" timestamp="2018-10-30T11:45:36"/>
	<testcase classname="decoded_resistance_tests.DecodeResistanceTests" name="testDecodeResistanceOnValidFourBandResistorKohms" time="0.000" timestamp="2018-10-30T11:45:36"/>
	<testcase classname="decoded_resistance_tests.DecodeResistanceTests" name="testDecodeResistanceOnValidFourBandResistorMohms" time="0.000" timestamp="2018-10-30T11:45:36"/>
	<testcase classname="decoded_resistance_tests.DecodeResistanceTests" name="testDecodeResistanceOnValidFourBandResistorOhms" time="0.000" timestamp="2018-10-30T11:45:36"/>
	<system-out>
<![CDATA[]]>	</system-out>
	<system-err>
<![CDATA[]]>	</system-err>
</testsuite>
