<?xml version="1.0" encoding="UTF-8"?>
<testsuite errors="0" failures="0" name="create_formatted_resistance_string_tests.CreateFormattedResistanceStringTests-20181019182730" skipped="0" tests="3" time="0.000" timestamp="2018-10-19T18:27:30">
	<testcase classname="create_formatted_resistance_string_tests.CreateFormattedResistanceStringTests" name="testCreateFormattedResistanceStringFourBandBlackBlackBlackBrown" time="0.000" timestamp="2018-10-19T18:27:30"/>
	<testcase classname="create_formatted_resistance_string_tests.CreateFormattedResistanceStringTests" name="testCreateFormattedResistanceStringFourBandBlackBlackBlackGreen" time="0.000" timestamp="2018-10-19T18:27:30"/>
	<testcase classname="create_formatted_resistance_string_tests.CreateFormattedResistanceStringTests" name="testCreateFormattedResistanceStringFourBandBlackBlackBlackRed" time="0.000" timestamp="2018-10-19T18:27:30"/>
	<system-out>
<![CDATA[0
0
0
]]>	</system-out>
	<system-err>
<![CDATA[]]>	</system-err>
</testsuite>
