<?xml version="1.0" encoding="UTF-8"?>
<testsuite errors="0" failures="0" name="validate_colors_list_tests.TestValidateColorsList-20181018075508" skipped="0" tests="22" time="0.002" timestamp="2018-10-18T07:55:08">
	<testcase classname="validate_colors_list_tests.TestValidateColorsList" name="testAllFourColorsInvalidInColorsListWithFourColors" time="0.000" timestamp="2018-10-18T07:55:08"/>
	<testcase classname="validate_colors_list_tests.TestValidateColorsList" name="testGoldInFirstBandInColorsListWithFourColors" time="0.000" timestamp="2018-10-18T07:55:08"/>
	<testcase classname="validate_colors_list_tests.TestValidateColorsList" name="testGoldInFirstBandSilverInSecondAndLastTwoValidColors" time="0.000" timestamp="2018-10-18T07:55:08"/>
	<testcase classname="validate_colors_list_tests.TestValidateColorsList" name="testGoldInFourthBandInColorsList" time="0.000" timestamp="2018-10-18T07:55:08"/>
	<testcase classname="validate_colors_list_tests.TestValidateColorsList" name="testGoldInSecondBandInColorsListWithFourColors" time="0.000" timestamp="2018-10-18T07:55:08"/>
	<testcase classname="validate_colors_list_tests.TestValidateColorsList" name="testGoldInThirdBandInColorsList" time="0.000" timestamp="2018-10-18T07:55:08"/>
	<testcase classname="validate_colors_list_tests.TestValidateColorsList" name="testInvalidFirstBandInColorsListWithFourColors" time="0.000" timestamp="2018-10-18T07:55:08"/>
	<testcase classname="validate_colors_list_tests.TestValidateColorsList" name="testInvalidFourthColorInColorsListWithFourColors" time="0.000" timestamp="2018-10-18T07:55:08"/>
	<testcase classname="validate_colors_list_tests.TestValidateColorsList" name="testInvalidSecondBandInColorsListWithFourColors" time="0.000" timestamp="2018-10-18T07:55:08"/>
	<testcase classname="validate_colors_list_tests.TestValidateColorsList" name="testInvalidThirdBandInColorsListWithFourColors" time="0.000" timestamp="2018-10-18T07:55:08"/>
	<testcase classname="validate_colors_list_tests.TestValidateColorsList" name="testSilverInFirstBandGoldInSecondAndLastTwoValidColors" time="0.000" timestamp="2018-10-18T07:55:08"/>
	<testcase classname="validate_colors_list_tests.TestValidateColorsList" name="testSilverInFirstBandInColorsListWithFourColors" time="0.000" timestamp="2018-10-18T07:55:08"/>
	<testcase classname="validate_colors_list_tests.TestValidateColorsList" name="testSilverInFourthBandInColorsList" time="0.000" timestamp="2018-10-18T07:55:08"/>
	<testcase classname="validate_colors_list_tests.TestValidateColorsList" name="testSilverInSecondBandInColorsListWithOthersValide" time="0.000" timestamp="2018-10-18T07:55:08"/>
	<testcase classname="validate_colors_list_tests.TestValidateColorsList" name="testSilverInThirdBandInColorsList" time="0.000" timestamp="2018-10-18T07:55:08"/>
	<testcase classname="validate_colors_list_tests.TestValidateColorsList" name="testValidFourBandResistor" time="0.000" timestamp="2018-10-18T07:55:08"/>
	<testcase classname="validate_colors_list_tests.TestValidateColorsList" name="testValidateColorsListWhenColorsListContainsOneColor" time="0.000" timestamp="2018-10-18T07:55:08"/>
	<testcase classname="validate_colors_list_tests.TestValidateColorsList" name="testValidateColorsListWhenColorsListContainsSixColors" time="0.000" timestamp="2018-10-18T07:55:08"/>
	<testcase classname="validate_colors_list_tests.TestValidateColorsList" name="testValidateColorsListWhenColorsListContainsThreeColors" time="0.000" timestamp="2018-10-18T07:55:08"/>
	<testcase classname="validate_colors_list_tests.TestValidateColorsList" name="testValidateColorsListWhenColorsListContainsTwoColors" time="0.000" timestamp="2018-10-18T07:55:08"/>
	<testcase classname="validate_colors_list_tests.TestValidateColorsList" name="testValidateColorsListWhenColorsListIsEmpty" time="0.000" timestamp="2018-10-18T07:55:08"/>
	<testcase classname="validate_colors_list_tests.TestValidateColorsList" name="testValidateColorsListWhenColorsListIsNone" time="0.000" timestamp="2018-10-18T07:55:08"/>
	<system-out>
<![CDATA[]]>	</system-out>
	<system-err>
<![CDATA[]]>	</system-err>
</testsuite>
