<?xml version="1.0" encoding="UTF-8"?>
<testsuite errors="0" failures="0" name="create_formatted_resistance_string_tests.CreateFormattedResistanceStringTests-20181024190555" skipped="0" tests="14" time="0.001" timestamp="2018-10-24T19:05:55">
	<testcase classname="create_formatted_resistance_string_tests.CreateFormattedResistanceStringTests" name="testCreateFormattedResistanceStringFiveBandGreenYellowRedBrownRed" time="0.000" timestamp="2018-10-24T19:05:55"/>
	<testcase classname="create_formatted_resistance_string_tests.CreateFormattedResistanceStringTests" name="testCreateFormattedResistanceStringFiveBandRedOrangeBlackBlackBrown" time="0.000" timestamp="2018-10-24T19:05:55"/>
	<testcase classname="create_formatted_resistance_string_tests.CreateFormattedResistanceStringTests" name="testCreateFormattedResistanceStringFourBandBlueOrangeGreenGrey" time="0.000" timestamp="2018-10-24T19:05:55"/>
	<testcase classname="create_formatted_resistance_string_tests.CreateFormattedResistanceStringTests" name="testCreateFormattedResistanceStringFourBandGreenBlueBrownRed" time="0.000" timestamp="2018-10-24T19:05:55"/>
	<testcase classname="create_formatted_resistance_string_tests.CreateFormattedResistanceStringTests" name="testCreateFormattedResistanceStringFourBandGreenWhiteBlueGold" time="0.000" timestamp="2018-10-24T19:05:55"/>
	<testcase classname="create_formatted_resistance_string_tests.CreateFormattedResistanceStringTests" name="testCreateFormattedResistanceStringFourBandGreyBlackGreyBrown" time="0.000" timestamp="2018-10-24T19:05:55"/>
	<testcase classname="create_formatted_resistance_string_tests.CreateFormattedResistanceStringTests" name="testCreateFormattedResistanceStringFourBandOrangeBlueWhiteRed" time="0.000" timestamp="2018-10-24T19:05:55"/>
	<testcase classname="create_formatted_resistance_string_tests.CreateFormattedResistanceStringTests" name="testCreateFormattedResistanceStringFourBandRedBrownBlackBrown" time="0.000" timestamp="2018-10-24T19:05:55"/>
	<testcase classname="create_formatted_resistance_string_tests.CreateFormattedResistanceStringTests" name="testCreateFormattedResistanceStringFourBandRedGreyYellowViolet" time="0.000" timestamp="2018-10-24T19:05:55"/>
	<testcase classname="create_formatted_resistance_string_tests.CreateFormattedResistanceStringTests" name="testCreateFormattedResistanceStringFourBandVioletGreyRedGreen" time="0.000" timestamp="2018-10-24T19:05:55"/>
	<testcase classname="create_formatted_resistance_string_tests.CreateFormattedResistanceStringTests" name="testCreateFormattedResistanceStringFourBandVioletRedVioletSilver" time="0.000" timestamp="2018-10-24T19:05:55"/>
	<testcase classname="create_formatted_resistance_string_tests.CreateFormattedResistanceStringTests" name="testCreateFormattedResistanceStringFourBandVioletVioletGoldGreen" time="0.000" timestamp="2018-10-24T19:05:55"/>
	<testcase classname="create_formatted_resistance_string_tests.CreateFormattedResistanceStringTests" name="testCreateFormattedResistanceStringFourBandWhiteBlackSilverBlue" time="0.000" timestamp="2018-10-24T19:05:55"/>
	<testcase classname="create_formatted_resistance_string_tests.CreateFormattedResistanceStringTests" name="testCreateFormattedResistanceStringFourBandWhiteOrangeOrangeBlue" time="0.000" timestamp="2018-10-24T19:05:55"/>
	<system-out>
<![CDATA[]]>	</system-out>
	<system-err>
<![CDATA[]]>	</system-err>
</testsuite>
