<?xml version="1.0" encoding="UTF-8"?>
<testsuite errors="0" failures="0" name="decode_multiplier_tests.TestDecodeToleranceTests-20181018141235" skipped="0" tests="2" time="0.000" timestamp="2018-10-18T14:12:35">
	<testcase classname="decode_multiplier_tests.TestDecodeToleranceTests" name="testDecodeMultiplierWhenMultiplerBandIsBrown" time="0.000" timestamp="2018-10-18T14:12:35"/>
	<testcase classname="decode_multiplier_tests.TestDecodeToleranceTests" name="testDecodeMultiplierWhenMultiplierBandIsBlack" time="0.000" timestamp="2018-10-18T14:12:35"/>
	<system-out>
<![CDATA[]]>	</system-out>
	<system-err>
<![CDATA[]]>	</system-err>
</testsuite>
