<?xml version="1.0" encoding="UTF-8"?>
<testsuite errors="0" failures="0" name="validate_colors_list_tests.TestValidateColorsList-20181017211546" skipped="0" tests="6" time="0.001" timestamp="2018-10-17T21:15:46">
	<testcase classname="validate_colors_list_tests.TestValidateColorsList" name="testValidateColorsListWhenColorsListContainsOneColor" time="0.000" timestamp="2018-10-17T21:15:46"/>
	<testcase classname="validate_colors_list_tests.TestValidateColorsList" name="testValidateColorsListWhenColorsListContainsSixColors" time="0.000" timestamp="2018-10-17T21:15:46"/>
	<testcase classname="validate_colors_list_tests.TestValidateColorsList" name="testValidateColorsListWhenColorsListContainsThreeColors" time="0.000" timestamp="2018-10-17T21:15:46"/>
	<testcase classname="validate_colors_list_tests.TestValidateColorsList" name="testValidateColorsListWhenColorsListContainsTwoColors" time="0.000" timestamp="2018-10-17T21:15:46"/>
	<testcase classname="validate_colors_list_tests.TestValidateColorsList" name="testValidateColorsListWhenColorsListIsEmpty" time="0.000" timestamp="2018-10-17T21:15:46"/>
	<testcase classname="validate_colors_list_tests.TestValidateColorsList" name="testValidateColorsListWhenColorsListIsNone" time="0.000" timestamp="2018-10-17T21:15:46"/>
	<system-out>
<![CDATA[]]>	</system-out>
	<system-err>
<![CDATA[]]>	</system-err>
</testsuite>
