<?xml version="1.0" encoding="UTF-8"?>
<testsuite errors="0" failures="0" name="create_formatted_resistance_string_tests.CreateFormattedResistanceStringTests-20181019183238" skipped="0" tests="6" time="0.000" timestamp="2018-10-19T18:32:39">
	<testcase classname="create_formatted_resistance_string_tests.CreateFormattedResistanceStringTests" name="testCreateFormattedResistanceStringFourBandBlackBlackBlackBlue" time="0.000" timestamp="2018-10-19T18:32:39"/>
	<testcase classname="create_formatted_resistance_string_tests.CreateFormattedResistanceStringTests" name="testCreateFormattedResistanceStringFourBandBlackBlackBlackBrown" time="0.000" timestamp="2018-10-19T18:32:39"/>
	<testcase classname="create_formatted_resistance_string_tests.CreateFormattedResistanceStringTests" name="testCreateFormattedResistanceStringFourBandBlackBlackBlackGreen" time="0.000" timestamp="2018-10-19T18:32:39"/>
	<testcase classname="create_formatted_resistance_string_tests.CreateFormattedResistanceStringTests" name="testCreateFormattedResistanceStringFourBandBlackBlackBlackGrey" time="0.000" timestamp="2018-10-19T18:32:39"/>
	<testcase classname="create_formatted_resistance_string_tests.CreateFormattedResistanceStringTests" name="testCreateFormattedResistanceStringFourBandBlackBlackBlackRed" time="0.000" timestamp="2018-10-19T18:32:39"/>
	<testcase classname="create_formatted_resistance_string_tests.CreateFormattedResistanceStringTests" name="testCreateFormattedResistanceStringFourBandBlackBlackBlackViolet" time="0.000" timestamp="2018-10-19T18:32:39"/>
	<system-out>
<![CDATA[]]>	</system-out>
	<system-err>
<![CDATA[]]>	</system-err>
</testsuite>
