<?xml version="1.0" encoding="UTF-8"?>
<testsuite errors="0" failures="0" name="create_formatted_resistance_string_tests.CreateFormattedResistanceStringTests-20181019203257" skipped="0" tests="10800" time="0.852" timestamp="2018-10-19T20:33:02">
	<testcase classname="create_formatted_resistance_string_tests.CreateFormattedResistanceStringTests" name="testCreateFormattedResistanceStringFourBandBlackBlackBlackBlue" time="0.000" timestamp="2018-10-19T20:32:58"/>
	<testcase classname="create_formatted_resistance_string_tests.CreateFormattedResistanceStringTests" name="testCreateFormattedResistanceStringFourBandBlackBlackBlackBrown" time="0.000" timestamp="2018-10-19T20:32:58"/>
	<testcase classname="create_formatted_resistance_string_tests.CreateFormattedResistanceStringTests" name="testCreateFormattedResistanceStringFourBandBlackBlackBlackGold" time="0.000" timestamp="2018-10-19T20:32:58"/>
	<testcase classname="create_formatted_resistance_string_tests.CreateFormattedResistanceStringTests" name="testCreateFormattedResistanceStringFourBandBlackBlackBlackGreen" time="0.000" timestamp="2018-10-19T20:32:58"/>
	<testcase classname="create_formatted_resistance_string_tests.CreateFormattedResistanceStringTests" name="testCreateFormattedResistanceStringFourBandBlackBlackBlackGrey" time="0.000" timestamp="2018-10-19T20:32:58"/>
	<testcase classname="create_formatted_resistance_string_tests.CreateFormattedResistanceStringTests" name="testCreateFormattedResistanceStringFourBandBlackBlackBlackNone" time="0.000" timestamp="2018-10-19T20:32:58"/>
	<testcase classname="create_formatted_resistance_string_tests.CreateFormattedResistanceStringTests" name="testCreateFormattedResistanceStringFourBandBlackBlackBlackRed" time="0.000" timestamp="2018-10-19T20:32:58"/>
	<testcase classname="create_formatted_resistance_string_tests.CreateFormattedResistanceStringTests" name="testCreateFormattedResistanceStringFourBandBlackBlackBlackSilver" time="0.000" timestamp="2018-10-19T20:32:58"/>
	<testcase classname="create_formatted_resistance_string_tests.CreateFormattedResistanceStringTests" name="testCreateFormattedResistanceStringFourBandBlackBlackBlackViolet" time="0.000" timestamp="2018-10-19T20:32:58"/>
	<testcase classname="create_formatted_resistance_string_tests.CreateFormattedResistanceStringTests" name="testCreateFormattedResistanceStringFourBandBlackBlackBlueBlue" time="0.000" timestamp="2018-10-19T20:32:58"/>
	<testcase classname="create_formatted_resistance_string_tests.CreateFormattedResistanceStringTests" name="testCreateFormattedResistanceStringFourBandBlackBlackBlueBrown" time="0.000" timestamp="2018-10-19T20:32:58"/>
	<testcase classname="create_formatted_resistance_string_tests.CreateFormattedResistanceStringTests" name="testCreateFormattedResistanceStringFourBandBlackBlackBlueGold" time="0.000" timestamp="2018-10-19T20:32:58"/>
	<testcase classname="create_formatted_resistance_string_tests.CreateFormattedResistanceStringTests" name="testCreateFormattedResistanceStringFourBandBlackBlackBlueGreen" time="0.000" timestamp="2018-10-19T20:32:58"/>
	<testcase classname="create_formatted_resistance_string_tests.CreateFormattedResistanceStringTests" name="testCreateFormattedResistanceStringFourBandBlackBlackBlueGrey" time="0.000" timestamp="2018-10-19T20:32:58"/>
	<testcase classname="create_formatted_resistance_string_tests.CreateFormattedResistanceStringTests" name="testCreateFormattedResistanceStringFourBandBlackBlackBlueNone" time="0.000" timestamp="2018-10-19T20:32:58"/>
	<testcase classname="create_formatted_resistance_string_tests.CreateFormattedResistanceStringTests" name="testCreateFormattedResistanceStringFourBandBlackBlackBlueRed" time="0.000" timestamp="2018-10-19T20:32:58"/>
	<testcase classname="create_formatted_resistance_string_tests.CreateFormattedResistanceStringTests" name="testCreateFormattedResistanceStringFourBandBlackBlackBlueSilver" time="0.000" timestamp="2018-10-19T20:32:58"/>
	<testcase classname="create_formatted_resistance_string_tests.CreateFormattedResistanceStringTests" name="testCreateFormattedResistanceStringFourBandBlackBlackBlueViolet" time="0.000" timestamp="2018-10-19T20:32:58"/>
	<testcase classname="create_formatted_resistance_string_tests.CreateFormattedResistanceStringTests" name="testCreateFormattedResistanceStringFourBandBlackBlackBrownBlue" time="0.000" timestamp="2018-10-19T20:32:58"/>
	<testcase classname="create_formatted_resistance_string_tests.CreateFormattedResistanceStringTests" name="testCreateFormattedResistanceStringFourBandBlackBlackBrownBrown" time="0.000" timestamp="2018-10-19T20:32:58"/>
	<testcase classname="create_formatted_resistance_string_tests.CreateFormattedResistanceStringTests" name="testCreateFormattedResistanceStringFourBandBlackBlackBrownGold" time="0.000" timestamp="2018-10-19T20:32:58"/>
	<testcase classname="create_formatted_resistance_string_tests.CreateFormattedResistanceStringTests" name="testCreateFormattedResistanceStringFourBandBlackBlackBrownGreen" time="0.000" timestamp="2018-10-19T20:32:58"/>
	<testcase classname="create_formatted_resistance_string_tests.CreateFormattedResistanceStringTests" name="testCreateFormattedResistanceStringFourBandBlackBlackBrownGrey" time="0.000" timestamp="2018-10-19T20:32:58"/>
	<testcase classname="create_formatted_resistance_string_tests.CreateFormattedResistanceStringTests" name="testCreateFormattedResistanceStringFourBandBlackBlackBrownNone" time="0.000" timestamp="2018-10-19T20:32:58"/>
	<testcase classname="create_formatted_resistance_string_tests.CreateFormattedResistanceStringTests" name="testCreateFormattedResistanceStringFourBandBlackBlackBrownRed" time="0.000" timestamp="2018-10-19T20:32:58"/>
	<testcase classname="create_formatted_resistance_string_tests.CreateFormattedResistanceStringTests" name="testCreateFormattedResistanceStringFourBandBlackBlackBrownSilver" time="0.000" timestamp="2018-10-19T20:32:58"/>
	<testcase classname="create_formatted_resistance_string_tests.CreateFormattedResistanceStringTests" name="testCreateFormattedResistanceStringFourBandBlackBlackBrownViolet" time="0.000" timestamp="2018-10-19T20:32:58"/>
	<testcase classname="create_formatted_resistance_string_tests.CreateFormattedResistanceStringTests" name="testCreateFormattedResistanceStringFourBandBlackBlackGoldBlue" time="0.000" timestamp="2018-10-19T20:32:58"/>
	<testcase classname="create_formatted_resistance_string_tests.CreateFormattedResistanceStringTests" name="testCreateFormattedResistanceStringFourBandBlackBlackGoldBrown" time="0.000" timestamp="2018-10-19T20:32:58"/>
	<testcase classname="create_formatted_resistance_string_tests.CreateFormattedResistanceStringTests" name="testCreateFormattedResistanceStringFourBandBlackBlackGoldGold" time="0.000" timestamp="2018-10-19T20:32:58"/>
	<testcase classname="create_formatted_resistance_string_tests.CreateFormattedResistanceStringTests" name="testCreateFormattedResistanceStringFourBandBlackBlackGoldGreen" time="0.000" timestamp="2018-10-19T20:32:58"/>
	<testcase classname="create_formatted_resistance_string_tests.CreateFormattedResistanceStringTests" name="testCreateFormattedResistanceStringFourBandBlackBlackGoldGrey" time="0.000" timestamp="2018-10-19T20:32:58"/>
	<testcase classname="create_formatted_resistance_string_tests.CreateFormattedResistanceStringTests" name="testCreateFormattedResistanceStringFourBandBlackBlackGoldNone" time="0.000" timestamp="2018-10-19T20:32:58"/>
	<testcase classname="create_formatted_resistance_string_tests.CreateFormattedResistanceStringTests" name="testCreateFormattedResistanceStringFourBandBlackBlackGoldRed" time="0.000" timestamp="2018-10-19T20:32:58"/>
	<testcase classname="create_formatted_resistance_string_tests.CreateFormattedResistanceStringTests" name="testCreateFormattedResistanceStringFourBandBlackBlackGoldSilver" time="0.000" timestamp="2018-10-19T20:32:58"/>
	<testcase classname="create_formatted_resistance_string_tests.CreateFormattedResistanceStringTests" name="testCreateFormattedResistanceStringFourBandBlackBlackGoldViolet" time="0.000" timestamp="2018-10-19T20:32:58"/>
	<testcase classname="create_formatted_resistance_string_tests.CreateFormattedResistanceStringTests" name="testCreateFormattedResistanceStringFourBandBlackBlackGreenBlue" time="0.000" timestamp="2018-10-19T20:32:58"/>
	<testcase classname="create_formatted_resistance_string_tests.CreateFormattedResistanceStringTests" name="testCreateFormattedResistanceStringFourBandBlackBlackGreenBrown" time="0.000" timestamp="2018-10-19T20:32:58"/>
	<testcase classname="create_formatted_resistance_string_tests.CreateFormattedResistanceStringTests" name="testCreateFormattedResistanceStringFourBandBlackBlackGreenGold" time="0.000" timestamp="2018-10-19T20:32:58"/>
	<testcase classname="create_formatted_resistance_string_tests.CreateFormattedResistanceStringTests" name="testCreateFormattedResistanceStringFourBandBlackBlackGreenGreen" time="0.000" timestamp="2018-10-19T20:32:58"/>
	<testcase classname="create_formatted_resistance_string_tests.CreateFormattedResistanceStringTests" name="testCreateFormattedResistanceStringFourBandBlackBlackGreenGrey" time="0.000" timestamp="2018-10-19T20:32:58"/>
	<testcase classname="create_formatted_resistance_string_tests.CreateFormattedResistanceStringTests" name="testCreateFormattedResistanceStringFourBandBlackBlackGreenNone" time="0.000" timestamp="2018-10-19T20:32:58"/>
	<testcase classname="create_formatted_resistance_string_tests.CreateFormattedResistanceStringTests" name="testCreateFormattedResistanceStringFourBandBlackBlackGreenRed" time="0.000" timestamp="2018-10-19T20:32:58"/>
	<testcase classname="create_formatted_resistance_string_tests.CreateFormattedResistanceStringTests" name="testCreateFormattedResistanceStringFourBandBlackBlackGreenSilver" time="0.000" timestamp="2018-10-19T20:32:58"/>
	<testcase classname="create_formatted_resistance_string_tests.CreateFormattedResistanceStringTests" name="testCreateFormattedResistanceStringFourBandBlackBlackGreenViolet" time="0.000" timestamp="2018-10-19T20:32:58"/>
	<testcase classname="create_formatted_resistance_string_tests.CreateFormattedResistanceStringTests" name="testCreateFormattedResistanceStringFourBandBlackBlackGreyBlue" time="0.000" timestamp="2018-10-19T20:32:58"/>
	<testcase classname="create_formatted_resistance_string_tests.CreateFormattedResistanceStringTests" name="testCreateFormattedResistanceStringFourBandBlackBlackGreyBrown" time="0.000" timestamp="2018-10-19T20:32:58"/>
	<testcase classname="create_formatted_resistance_string_tests.CreateFormattedResistanceStringTests" name="testCreateFormattedResistanceStringFourBandBlackBlackGreyGold" time="0.000" timestamp="2018-10-19T20:32:58"/>
	<testcase classname="create_formatted_resistance_string_tests.CreateFormattedResistanceStringTests" name="testCreateFormattedResistanceStringFourBandBlackBlackGreyGreen" time="0.000" timestamp="2018-10-19T20:32:58"/>
	<testcase classname="create_formatted_resistance_string_tests.CreateFormattedResistanceStringTests" name="testCreateFormattedResistanceStringFourBandBlackBlackGreyGrey" time="0.000" timestamp="2018-10-19T20:32:58"/>
	<testcase classname="create_formatted_resistance_string_tests.CreateFormattedResistanceStringTests" name="testCreateFormattedResistanceStringFourBandBlackBlackGreyNone" time="0.000" timestamp="2018-10-19T20:32:58"/>
	<testcase classname="create_formatted_resistance_string_tests.CreateFormattedResistanceStringTests" name="testCreateFormattedResistanceStringFourBandBlackBlackGreyRed" time="0.000" timestamp="2018-10-19T20:32:58"/>
	<testcase classname="create_formatted_resistance_string_tests.CreateFormattedResistanceStringTests" name="testCreateFormattedResistanceStringFourBandBlackBlackGreySilver" time="0.000" timestamp="2018-10-19T20:32:58"/>
	<testcase classname="create_formatted_resistance_string_tests.CreateFormattedResistanceStringTests" name="testCreateFormattedResistanceStringFourBandBlackBlackGreyViolet" time="0.000" timestamp="2018-10-19T20:32:58"/>
	<testcase classname="create_formatted_resistance_string_tests.CreateFormattedResistanceStringTests" name="testCreateFormattedResistanceStringFourBandBlackBlackOrangeBlue" time="0.000" timestamp="2018-10-19T20:32:58"/>
	<testcase classname="create_formatted_resistance_string_tests.CreateFormattedResistanceStringTests" name="testCreateFormattedResistanceStringFourBandBlackBlackOrangeBrown" time="0.000" timestamp="2018-10-19T20:32:58"/>
	<testcase classname="create_formatted_resistance_string_tests.CreateFormattedResistanceStringTests" name="testCreateFormattedResistanceStringFourBandBlackBlackOrangeGold" time="0.000" timestamp="2018-10-19T20:32:58"/>
	<testcase classname="create_formatted_resistance_string_tests.CreateFormattedResistanceStringTests" name="testCreateFormattedResistanceStringFourBandBlackBlackOrangeGreen" time="0.000" timestamp="2018-10-19T20:32:58"/>
	<testcase classname="create_formatted_resistance_string_tests.CreateFormattedResistanceStringTests" name="testCreateFormattedResistanceStringFourBandBlackBlackOrangeGrey" time="0.000" timestamp="2018-10-19T20:32:58"/>
	<testcase classname="create_formatted_resistance_string_tests.CreateFormattedResistanceStringTests" name="testCreateFormattedResistanceStringFourBandBlackBlackOrangeNone" time="0.000" timestamp="2018-10-19T20:32:58"/>
	<testcase classname="create_formatted_resistance_string_tests.CreateFormattedResistanceStringTests" name="testCreateFormattedResistanceStringFourBandBlackBlackOrangeRed" time="0.000" timestamp="2018-10-19T20:32:58"/>
	<testcase classname="create_formatted_resistance_string_tests.CreateFormattedResistanceStringTests" name="testCreateFormattedResistanceStringFourBandBlackBlackOrangeSilver" time="0.000" timestamp="2018-10-19T20:32:58"/>
	<testcase classname="create_formatted_resistance_string_tests.CreateFormattedResistanceStringTests" name="testCreateFormattedResistanceStringFourBandBlackBlackOrangeViolet" time="0.000" timestamp="2018-10-19T20:32:58"/>
	<testcase classname="create_formatted_resistance_string_tests.CreateFormattedResistanceStringTests" name="testCreateFormattedResistanceStringFourBandBlackBlackRedBlue" time="0.000" timestamp="2018-10-19T20:32:58"/>
	<testcase classname="create_formatted_resistance_string_tests.CreateFormattedResistanceStringTests" name="testCreateFormattedResistanceStringFourBandBlackBlackRedBrown" time="0.000" timestamp="2018-10-19T20:32:58"/>
	<testcase classname="create_formatted_resistance_string_tests.CreateFormattedResistanceStringTests" name="testCreateFormattedResistanceStringFourBandBlackBlackRedGold" time="0.000" timestamp="2018-10-19T20:32:58"/>
	<testcase classname="create_formatted_resistance_string_tests.CreateFormattedResistanceStringTests" name="testCreateFormattedResistanceStringFourBandBlackBlackRedGreen" time="0.000" timestamp="2018-10-19T20:32:58"/>
	<testcase classname="create_formatted_resistance_string_tests.CreateFormattedResistanceStringTests" name="testCreateFormattedResistanceStringFourBandBlackBlackRedGrey" time="0.000" timestamp="2018-10-19T20:32:58"/>
	<testcase classname="create_formatted_resistance_string_tests.CreateFormattedResistanceStringTests" name="testCreateFormattedResistanceStringFourBandBlackBlackRedNone" time="0.000" timestamp="2018-10-19T20:32:58"/>
	<testcase classname="create_formatted_resistance_string_tests.CreateFormattedResistanceStringTests" name="testCreateFormattedResistanceStringFourBandBlackBlackRedRed" time="0.000" timestamp="2018-10-19T20:32:58"/>
	<testcase classname="create_formatted_resistance_string_tests.CreateFormattedResistanceStringTests" name="testCreateFormattedResistanceStringFourBandBlackBlackRedSilver" time="0.000" timestamp="2018-10-19T20:32:58"/>
	<testcase classname="create_formatted_resistance_string_tests.CreateFormattedResistanceStringTests" name="testCreateFormattedResistanceStringFourBandBlackBlackRedViolet" time="0.000" timestamp="2018-10-19T20:32:58"/>
	<testcase classname="create_formatted_resistance_string_tests.CreateFormattedResistanceStringTests" name="testCreateFormattedResistanceStringFourBandBlackBlackSilverBlue" time="0.000" timestamp="2018-10-19T20:32:58"/>
	<testcase classname="create_formatted_resistance_string_tests.CreateFormattedResistanceStringTests" name="testCreateFormattedResistanceStringFourBandBlackBlackSilverBrown" time="0.000" timestamp="2018-10-19T20:32:58"/>
	<testcase classname="create_formatted_resistance_string_tests.CreateFormattedResistanceStringTests" name="testCreateFormattedResistanceStringFourBandBlackBlackSilverGold" time="0.000" timestamp="2018-10-19T20:32:58"/>
	<testcase classname="create_formatted_resistance_string_tests.CreateFormattedResistanceStringTests" name="testCreateFormattedResistanceStringFourBandBlackBlackSilverGreen" time="0.000" timestamp="2018-10-19T20:32:58"/>
	<testcase classname="create_formatted_resistance_string_tests.CreateFormattedResistanceStringTests" name="testCreateFormattedResistanceStringFourBandBlackBlackSilverGrey" time="0.000" timestamp="2018-10-19T20:32:58"/>
	<testcase classname="create_formatted_resistance_string_tests.CreateFormattedResistanceStringTests" name="testCreateFormattedResistanceStringFourBandBlackBlackSilverNone" time="0.000" timestamp="2018-10-19T20:32:58"/>
	<testcase classname="create_formatted_resistance_string_tests.CreateFormattedResistanceStringTests" name="testCreateFormattedResistanceStringFourBandBlackBlackSilverRed" time="0.000" timestamp="2018-10-19T20:32:58"/>
	<testcase classname="create_formatted_resistance_string_tests.CreateFormattedResistanceStringTests" name="testCreateFormattedResistanceStringFourBandBlackBlackSilverSilver" time="0.000" timestamp="2018-10-19T20:32:58"/>
	<testcase classname="create_formatted_resistance_string_tests.CreateFormattedResistanceStringTests" name="testCreateFormattedResistanceStringFourBandBlackBlackSilverViolet" time="0.000" timestamp="2018-10-19T20:32:58"/>
	<testcase classname="create_formatted_resistance_string_tests.CreateFormattedResistanceStringTests" name="testCreateFormattedResistanceStringFourBandBlackBlackVioletBlue" time="0.000" timestamp="2018-10-19T20:32:58"/>
	<testcase classname="create_formatted_resistance_string_tests.CreateFormattedResistanceStringTests" name="testCreateFormattedResistanceStringFourBandBlackBlackVioletBrown" time="0.000" timestamp="2018-10-19T20:32:58"/>
	<testcase classname="create_formatted_resistance_string_tests.CreateFormattedResistanceStringTests" name="testCreateFormattedResistanceStringFourBandBlackBlackVioletGold" time="0.000" timestamp="2018-10-19T20:32:58"/>
	<testcase classname="create_formatted_resistance_string_tests.CreateFormattedResistanceStringTests" name="testCreateFormattedResistanceStringFourBandBlackBlackVioletGreen" time="0.000" timestamp="2018-10-19T20:32:58"/>
	<testcase classname="create_formatted_resistance_string_tests.CreateFormattedResistanceStringTests" name="testCreateFormattedResistanceStringFourBandBlackBlackVioletGrey" time="0.000" timestamp="2018-10-19T20:32:58"/>
	<testcase classname="create_formatted_resistance_string_tests.CreateFormattedResistanceStringTests" name="testCreateFormattedResistanceStringFourBandBlackBlackVioletNone" time="0.000" timestamp="2018-10-19T20:32:58"/>
	<testcase classname="create_formatted_resistance_string_tests.CreateFormattedResistanceStringTests" name="testCreateFormattedResistanceStringFourBandBlackBlackVioletRed" time="0.000" timestamp="2018-10-19T20:32:58"/>
	<testcase classname="create_formatted_resistance_string_tests.CreateFormattedResistanceStringTests" name="testCreateFormattedResistanceStringFourBandBlackBlackVioletSilver" time="0.000" timestamp="2018-10-19T20:32:58"/>
	<testcase classname="create_formatted_resistance_string_tests.CreateFormattedResistanceStringTests" name="testCreateFormattedResistanceStringFourBandBlackBlackVioletViolet" time="0.000" timestamp="2018-10-19T20:32:58"/>
	<testcase classname="create_formatted_resistance_string_tests.CreateFormattedResistanceStringTests" name="testCreateFormattedResistanceStringFourBandBlackBlackWhiteBlue" time="0.000" timestamp="2018-10-19T20:32:58"/>
	<testcase classname="create_formatted_resistance_string_tests.CreateFormattedResistanceStringTests" name="testCreateFormattedResistanceStringFourBandBlackBlackWhiteBrown" time="0.000" timestamp="2018-10-19T20:32:58"/>
	<testcase classname="create_formatted_resistance_string_tests.CreateFormattedResistanceStringTests" name="testCreateFormattedResistanceStringFourBandBlackBlackWhiteGold" time="0.000" timestamp="2018-10-19T20:32:58"/>
	<testcase classname="create_formatted_resistance_string_tests.CreateFormattedResistanceStringTests" name="testCreateFormattedResistanceStringFourBandBlackBlackWhiteGreen" time="0.000" timestamp="2018-10-19T20:32:58"/>
	<testcase classname="create_formatted_resistance_string_tests.CreateFormattedResistanceStringTests" name="testCreateFormattedResistanceStringFourBandBlackBlackWhiteGrey" time="0.000" timestamp="2018-10-19T20:32:58"/>
	<testcase classname="create_formatted_resistance_string_tests.CreateFormattedResistanceStringTests" name="testCreateFormattedResistanceStringFourBandBlackBlackWhiteNone" time="0.000" timestamp="2018-10-19T20:32:58"/>
	<testcase classname="create_formatted_resistance_string_tests.CreateFormattedResistanceStringTests" name="testCreateFormattedResistanceStringFourBandBlackBlackWhiteRed" time="0.000" timestamp="2018-10-19T20:32:58"/>
	<testcase classname="create_formatted_resistance_string_tests.CreateFormattedResistanceStringTests" name="testCreateFormattedResistanceStringFourBandBlackBlackWhiteSilver" time="0.000" timestamp="2018-10-19T20:32:58"/>
	<testcase classname="create_formatted_resistance_string_tests.CreateFormattedResistanceStringTests" name="testCreateFormattedResistanceStringFourBandBlackBlackWhiteViolet" time="0.000" timestamp="2018-10-19T20:32:58"/>
	<testcase classname="create_formatted_resistance_string_tests.CreateFormattedResistanceStringTests" name="testCreateFormattedResistanceStringFourBandBlackBlackYellowBlue" time="0.000" timestamp="2018-10-19T20:32:58"/>
	<testcase classname="create_formatted_resistance_string_tests.CreateFormattedResistanceStringTests" name="testCreateFormattedResistanceStringFourBandBlackBlackYellowBrown" time="0.000" timestamp="2018-10-19T20:32:58"/>
	<testcase classname="create_formatted_resistance_string_tests.CreateFormattedResistanceStringTests" name="testCreateFormattedResistanceStringFourBandBlackBlackYellowGold" time="0.000" timestamp="2018-10-19T20:32:58"/>
	<testcase classname="create_formatted_resistance_string_tests.CreateFormattedResistanceStringTests" name="testCreateFormattedResistanceStringFourBandBlackBlackYellowGreen" time="0.000" timestamp="2018-10-19T20:32:58"/>
	<testcase classname="create_formatted_resistance_string_tests.CreateFormattedResistanceStringTests" name="testCreateFormattedResistanceStringFourBandBlackBlackYellowGrey" time="0.000" timestamp="2018-10-19T20:32:58"/>
	<testcase classname="create_formatted_resistance_string_tests.CreateFormattedResistanceStringTests" name="testCreateFormattedResistanceStringFourBandBlackBlackYellowNone" time="0.000" timestamp="2018-10-19T20:32:58"/>
	<testcase classname="create_formatted_resistance_string_tests.CreateFormattedResistanceStringTests" name="testCreateFormattedResistanceStringFourBandBlackBlackYellowRed" time="0.000" timestamp="2018-10-19T20:32:58"/>
	<testcase classname="create_formatted_resistance_string_tests.CreateFormattedResistanceStringTests" name="testCreateFormattedResistanceStringFourBandBlackBlackYellowSilver" time="0.000" timestamp="2018-10-19T20:32:58"/>
	<testcase classname="create_formatted_resistance_string_tests.CreateFormattedResistanceStringTests" name="testCreateFormattedResistanceStringFourBandBlackBlackYellowViolet" time="0.000" timestamp="2018-10-19T20:32:58"/>
	<testcase classname="create_formatted_resistance_string_tests.CreateFormattedResistanceStringTests" name="testCreateFormattedResistanceStringFourBandBlackBlueBlackBlue" time="0.000" timestamp="2018-10-19T20:32:58"/>
	<testcase classname="create_formatted_resistance_string_tests.CreateFormattedResistanceStringTests" name="testCreateFormattedResistanceStringFourBandBlackBlueBlackBrown" time="0.000" timestamp="2018-10-19T20:32:58"/>
	<testcase classname="create_formatted_resistance_string_tests.CreateFormattedResistanceStringTests" name="testCreateFormattedResistanceStringFourBandBlackBlueBlackGold" time="0.000" timestamp="2018-10-19T20:32:58"/>
	<testcase classname="create_formatted_resistance_string_tests.CreateFormattedResistanceStringTests" name="testCreateFormattedResistanceStringFourBandBlackBlueBlackGreen" time="0.000" timestamp="2018-10-19T20:32:58"/>
	<testcase classname="create_formatted_resistance_string_tests.CreateFormattedResistanceStringTests" name="testCreateFormattedResistanceStringFourBandBlackBlueBlackGrey" time="0.000" timestamp="2018-10-19T20:32:58"/>
	<testcase classname="create_formatted_resistance_string_tests.CreateFormattedResistanceStringTests" name="testCreateFormattedResistanceStringFourBandBlackBlueBlackNone" time="0.000" timestamp="2018-10-19T20:32:58"/>
	<testcase classname="create_formatted_resistance_string_tests.CreateFormattedResistanceStringTests" name="testCreateFormattedResistanceStringFourBandBlackBlueBlackRed" time="0.000" timestamp="2018-10-19T20:32:58"/>
	<testcase classname="create_formatted_resistance_string_tests.CreateFormattedResistanceStringTests" name="testCreateFormattedResistanceStringFourBandBlackBlueBlackSilver" time="0.000" timestamp="2018-10-19T20:32:58"/>
	<testcase classname="create_formatted_resistance_string_tests.CreateFormattedResistanceStringTests" name="testCreateFormattedResistanceStringFourBandBlackBlueBlackViolet" time="0.000" timestamp="2018-10-19T20:32:58"/>
	<testcase classname="create_formatted_resistance_string_tests.CreateFormattedResistanceStringTests" name="testCreateFormattedResistanceStringFourBandBlackBlueBlueBlue" time="0.000" timestamp="2018-10-19T20:32:58"/>
	<testcase classname="create_formatted_resistance_string_tests.CreateFormattedResistanceStringTests" name="testCreateFormattedResistanceStringFourBandBlackBlueBlueBrown" time="0.000" timestamp="2018-10-19T20:32:58"/>
	<testcase classname="create_formatted_resistance_string_tests.CreateFormattedResistanceStringTests" name="testCreateFormattedResistanceStringFourBandBlackBlueBlueGold" time="0.000" timestamp="2018-10-19T20:32:58"/>
	<testcase classname="create_formatted_resistance_string_tests.CreateFormattedResistanceStringTests" name="testCreateFormattedResistanceStringFourBandBlackBlueBlueGreen" time="0.000" timestamp="2018-10-19T20:32:58"/>
	<testcase classname="create_formatted_resistance_string_tests.CreateFormattedResistanceStringTests" name="testCreateFormattedResistanceStringFourBandBlackBlueBlueGrey" time="0.000" timestamp="2018-10-19T20:32:58"/>
	<testcase classname="create_formatted_resistance_string_tests.CreateFormattedResistanceStringTests" name="testCreateFormattedResistanceStringFourBandBlackBlueBlueNone" time="0.000" timestamp="2018-10-19T20:32:58"/>
	<testcase classname="create_formatted_resistance_string_tests.CreateFormattedResistanceStringTests" name="testCreateFormattedResistanceStringFourBandBlackBlueBlueRed" time="0.000" timestamp="2018-10-19T20:32:58"/>
	<testcase classname="create_formatted_resistance_string_tests.CreateFormattedResistanceStringTests" name="testCreateFormattedResistanceStringFourBandBlackBlueBlueSilver" time="0.000" timestamp="2018-10-19T20:32:58"/>
	<testcase classname="create_formatted_resistance_string_tests.CreateFormattedResistanceStringTests" name="testCreateFormattedResistanceStringFourBandBlackBlueBlueViolet" time="0.000" timestamp="2018-10-19T20:32:58"/>
	<testcase classname="create_formatted_resistance_string_tests.CreateFormattedResistanceStringTests" name="testCreateFormattedResistanceStringFourBandBlackBlueBrownBlue" time="0.000" timestamp="2018-10-19T20:32:58"/>
	<testcase classname="create_formatted_resistance_string_tests.CreateFormattedResistanceStringTests" name="testCreateFormattedResistanceStringFourBandBlackBlueBrownBrown" time="0.000" timestamp="2018-10-19T20:32:58"/>
	<testcase classname="create_formatted_resistance_string_tests.CreateFormattedResistanceStringTests" name="testCreateFormattedResistanceStringFourBandBlackBlueBrownGold" time="0.000" timestamp="2018-10-19T20:32:58"/>
	<testcase classname="create_formatted_resistance_string_tests.CreateFormattedResistanceStringTests" name="testCreateFormattedResistanceStringFourBandBlackBlueBrownGreen" time="0.000" timestamp="2018-10-19T20:32:58"/>
	<testcase classname="create_formatted_resistance_string_tests.CreateFormattedResistanceStringTests" name="testCreateFormattedResistanceStringFourBandBlackBlueBrownGrey" time="0.000" timestamp="2018-10-19T20:32:58"/>
	<testcase classname="create_formatted_resistance_string_tests.CreateFormattedResistanceStringTests" name="testCreateFormattedResistanceStringFourBandBlackBlueBrownNone" time="0.000" timestamp="2018-10-19T20:32:58"/>
	<testcase classname="create_formatted_resistance_string_tests.CreateFormattedResistanceStringTests" name="testCreateFormattedResistanceStringFourBandBlackBlueBrownRed" time="0.000" timestamp="2018-10-19T20:32:58"/>
	<testcase classname="create_formatted_resistance_string_tests.CreateFormattedResistanceStringTests" name="testCreateFormattedResistanceStringFourBandBlackBlueBrownSilver" time="0.000" timestamp="2018-10-19T20:32:58"/>
	<testcase classname="create_formatted_resistance_string_tests.CreateFormattedResistanceStringTests" name="testCreateFormattedResistanceStringFourBandBlackBlueBrownViolet" time="0.000" timestamp="2018-10-19T20:32:58"/>
	<testcase classname="create_formatted_resistance_string_tests.CreateFormattedResistanceStringTests" name="testCreateFormattedResistanceStringFourBandBlackBlueGoldBlue" time="0.000" timestamp="2018-10-19T20:32:58"/>
	<testcase classname="create_formatted_resistance_string_tests.CreateFormattedResistanceStringTests" name="testCreateFormattedResistanceStringFourBandBlackBlueGoldBrown" time="0.000" timestamp="2018-10-19T20:32:58"/>
	<testcase classname="create_formatted_resistance_string_tests.CreateFormattedResistanceStringTests" name="testCreateFormattedResistanceStringFourBandBlackBlueGoldGold" time="0.000" timestamp="2018-10-19T20:32:58"/>
	<testcase classname="create_formatted_resistance_string_tests.CreateFormattedResistanceStringTests" name="testCreateFormattedResistanceStringFourBandBlackBlueGoldGreen" time="0.000" timestamp="2018-10-19T20:32:58"/>
	<testcase classname="create_formatted_resistance_string_tests.CreateFormattedResistanceStringTests" name="testCreateFormattedResistanceStringFourBandBlackBlueGoldGrey" time="0.000" timestamp="2018-10-19T20:32:58"/>
	<testcase classname="create_formatted_resistance_string_tests.CreateFormattedResistanceStringTests" name="testCreateFormattedResistanceStringFourBandBlackBlueGoldNone" time="0.000" timestamp="2018-10-19T20:32:58"/>
	<testcase classname="create_formatted_resistance_string_tests.CreateFormattedResistanceStringTests" name="testCreateFormattedResistanceStringFourBandBlackBlueGoldRed" time="0.000" timestamp="2018-10-19T20:32:58"/>
	<testcase classname="create_formatted_resistance_string_tests.CreateFormattedResistanceStringTests" name="testCreateFormattedResistanceStringFourBandBlackBlueGoldSilver" time="0.000" timestamp="2018-10-19T20:32:58"/>
	<testcase classname="create_formatted_resistance_string_tests.CreateFormattedResistanceStringTests" name="testCreateFormattedResistanceStringFourBandBlackBlueGoldViolet" time="0.000" timestamp="2018-10-19T20:32:58"/>
	<testcase classname="create_formatted_resistance_string_tests.CreateFormattedResistanceStringTests" name="testCreateFormattedResistanceStringFourBandBlackBlueGreenBlue" time="0.000" timestamp="2018-10-19T20:32:58"/>
	<testcase classname="create_formatted_resistance_string_tests.CreateFormattedResistanceStringTests" name="testCreateFormattedResistanceStringFourBandBlackBlueGreenBrown" time="0.000" timestamp="2018-10-19T20:32:58"/>
	<testcase classname="create_formatted_resistance_string_tests.CreateFormattedResistanceStringTests" name="testCreateFormattedResistanceStringFourBandBlackBlueGreenGold" time="0.000" timestamp="2018-10-19T20:32:58"/>
	<testcase classname="create_formatted_resistance_string_tests.CreateFormattedResistanceStringTests" name="testCreateFormattedResistanceStringFourBandBlackBlueGreenGreen" time="0.000" timestamp="2018-10-19T20:32:58"/>
	<testcase classname="create_formatted_resistance_string_tests.CreateFormattedResistanceStringTests" name="testCreateFormattedResistanceStringFourBandBlackBlueGreenGrey" time="0.000" timestamp="2018-10-19T20:32:58"/>
	<testcase classname="create_formatted_resistance_string_tests.CreateFormattedResistanceStringTests" name="testCreateFormattedResistanceStringFourBandBlackBlueGreenNone" time="0.000" timestamp="2018-10-19T20:32:58"/>
	<testcase classname="create_formatted_resistance_string_tests.CreateFormattedResistanceStringTests" name="testCreateFormattedResistanceStringFourBandBlackBlueGreenRed" time="0.000" timestamp="2018-10-19T20:32:58"/>
	<testcase classname="create_formatted_resistance_string_tests.CreateFormattedResistanceStringTests" name="testCreateFormattedResistanceStringFourBandBlackBlueGreenSilver" time="0.000" timestamp="2018-10-19T20:32:58"/>
	<testcase classname="create_formatted_resistance_string_tests.CreateFormattedResistanceStringTests" name="testCreateFormattedResistanceStringFourBandBlackBlueGreenViolet" time="0.000" timestamp="2018-10-19T20:32:58"/>
	<testcase classname="create_formatted_resistance_string_tests.CreateFormattedResistanceStringTests" name="testCreateFormattedResistanceStringFourBandBlackBlueGreyBlue" time="0.000" timestamp="2018-10-19T20:32:58"/>
	<testcase classname="create_formatted_resistance_string_tests.CreateFormattedResistanceStringTests" name="testCreateFormattedResistanceStringFourBandBlackBlueGreyBrown" time="0.000" timestamp="2018-10-19T20:32:58"/>
	<testcase classname="create_formatted_resistance_string_tests.CreateFormattedResistanceStringTests" name="testCreateFormattedResistanceStringFourBandBlackBlueGreyGold" time="0.000" timestamp="2018-10-19T20:32:58"/>
	<testcase classname="create_formatted_resistance_string_tests.CreateFormattedResistanceStringTests" name="testCreateFormattedResistanceStringFourBandBlackBlueGreyGreen" time="0.000" timestamp="2018-10-19T20:32:58"/>
	<testcase classname="create_formatted_resistance_string_tests.CreateFormattedResistanceStringTests" name="testCreateFormattedResistanceStringFourBandBlackBlueGreyGrey" time="0.000" timestamp="2018-10-19T20:32:58"/>
	<testcase classname="create_formatted_resistance_string_tests.CreateFormattedResistanceStringTests" name="testCreateFormattedResistanceStringFourBandBlackBlueGreyNone" time="0.000" timestamp="2018-10-19T20:32:58"/>
	<testcase classname="create_formatted_resistance_string_tests.CreateFormattedResistanceStringTests" name="testCreateFormattedResistanceStringFourBandBlackBlueGreyRed" time="0.000" timestamp="2018-10-19T20:32:58"/>
	<testcase classname="create_formatted_resistance_string_tests.CreateFormattedResistanceStringTests" name="testCreateFormattedResistanceStringFourBandBlackBlueGreySilver" time="0.000" timestamp="2018-10-19T20:32:58"/>
	<testcase classname="create_formatted_resistance_string_tests.CreateFormattedResistanceStringTests" name="testCreateFormattedResistanceStringFourBandBlackBlueGreyViolet" time="0.000" timestamp="2018-10-19T20:32:58"/>
	<testcase classname="create_formatted_resistance_string_tests.CreateFormattedResistanceStringTests" name="testCreateFormattedResistanceStringFourBandBlackBlueOrangeBlue" time="0.000" timestamp="2018-10-19T20:32:58"/>
	<testcase classname="create_formatted_resistance_string_tests.CreateFormattedResistanceStringTests" name="testCreateFormattedResistanceStringFourBandBlackBlueOrangeBrown" time="0.000" timestamp="2018-10-19T20:32:58"/>
	<testcase classname="create_formatted_resistance_string_tests.CreateFormattedResistanceStringTests" name="testCreateFormattedResistanceStringFourBandBlackBlueOrangeGold" time="0.000" timestamp="2018-10-19T20:32:58"/>
	<testcase classname="create_formatted_resistance_string_tests.CreateFormattedResistanceStringTests" name="testCreateFormattedResistanceStringFourBandBlackBlueOrangeGreen" time="0.000" timestamp="2018-10-19T20:32:58"/>
	<testcase classname="create_formatted_resistance_string_tests.CreateFormattedResistanceStringTests" name="testCreateFormattedResistanceStringFourBandBlackBlueOrangeGrey" time="0.000" timestamp="2018-10-19T20:32:58"/>
	<testcase classname="create_formatted_resistance_string_tests.CreateFormattedResistanceStringTests" name="testCreateFormattedResistanceStringFourBandBlackBlueOrangeNone" time="0.000" timestamp="2018-10-19T20:32:58"/>
	<testcase classname="create_formatted_resistance_string_tests.CreateFormattedResistanceStringTests" name="testCreateFormattedResistanceStringFourBandBlackBlueOrangeRed" time="0.000" timestamp="2018-10-19T20:32:58"/>
	<testcase classname="create_formatted_resistance_string_tests.CreateFormattedResistanceStringTests" name="testCreateFormattedResistanceStringFourBandBlackBlueOrangeSilver" time="0.000" timestamp="2018-10-19T20:32:58"/>
	<testcase classname="create_formatted_resistance_string_tests.CreateFormattedResistanceStringTests" name="testCreateFormattedResistanceStringFourBandBlackBlueOrangeViolet" time="0.000" timestamp="2018-10-19T20:32:58"/>
	<testcase classname="create_formatted_resistance_string_tests.CreateFormattedResistanceStringTests" name="testCreateFormattedResistanceStringFourBandBlackBlueRedBlue" time="0.000" timestamp="2018-10-19T20:32:58"/>
	<testcase classname="create_formatted_resistance_string_tests.CreateFormattedResistanceStringTests" name="testCreateFormattedResistanceStringFourBandBlackBlueRedBrown" time="0.000" timestamp="2018-10-19T20:32:58"/>
	<testcase classname="create_formatted_resistance_string_tests.CreateFormattedResistanceStringTests" name="testCreateFormattedResistanceStringFourBandBlackBlueRedGold" time="0.000" timestamp="2018-10-19T20:32:58"/>
	<testcase classname="create_formatted_resistance_string_tests.CreateFormattedResistanceStringTests" name="testCreateFormattedResistanceStringFourBandBlackBlueRedGreen" time="0.000" timestamp="2018-10-19T20:32:58"/>
	<testcase classname="create_formatted_resistance_string_tests.CreateFormattedResistanceStringTests" name="testCreateFormattedResistanceStringFourBandBlackBlueRedGrey" time="0.000" timestamp="2018-10-19T20:32:58"/>
	<testcase classname="create_formatted_resistance_string_tests.CreateFormattedResistanceStringTests" name="testCreateFormattedResistanceStringFourBandBlackBlueRedNone" time="0.000" timestamp="2018-10-19T20:32:58"/>
	<testcase classname="create_formatted_resistance_string_tests.CreateFormattedResistanceStringTests" name="testCreateFormattedResistanceStringFourBandBlackBlueRedRed" time="0.000" timestamp="2018-10-19T20:32:58"/>
	<testcase classname="create_formatted_resistance_string_tests.CreateFormattedResistanceStringTests" name="testCreateFormattedResistanceStringFourBandBlackBlueRedSilver" time="0.000" timestamp="2018-10-19T20:32:58"/>
	<testcase classname="create_formatted_resistance_string_tests.CreateFormattedResistanceStringTests" name="testCreateFormattedResistanceStringFourBandBlackBlueRedViolet" time="0.000" timestamp="2018-10-19T20:32:58"/>
	<testcase classname="create_formatted_resistance_string_tests.CreateFormattedResistanceStringTests" name="testCreateFormattedResistanceStringFourBandBlackBlueSilverBlue" time="0.000" timestamp="2018-10-19T20:32:58"/>
	<testcase classname="create_formatted_resistance_string_tests.CreateFormattedResistanceStringTests" name="testCreateFormattedResistanceStringFourBandBlackBlueSilverBrown" time="0.000" timestamp="2018-10-19T20:32:58"/>
	<testcase classname="create_formatted_resistance_string_tests.CreateFormattedResistanceStringTests" name="testCreateFormattedResistanceStringFourBandBlackBlueSilverGold" time="0.000" timestamp="2018-10-19T20:32:58"/>
	<testcase classname="create_formatted_resistance_string_tests.CreateFormattedResistanceStringTests" name="testCreateFormattedResistanceStringFourBandBlackBlueSilverGreen" time="0.000" timestamp="2018-10-19T20:32:58"/>
	<testcase classname="create_formatted_resistance_string_tests.CreateFormattedResistanceStringTests" name="testCreateFormattedResistanceStringFourBandBlackBlueSilverGrey" time="0.000" timestamp="2018-10-19T20:32:58"/>
	<testcase classname="create_formatted_resistance_string_tests.CreateFormattedResistanceStringTests" name="testCreateFormattedResistanceStringFourBandBlackBlueSilverNone" time="0.000" timestamp="2018-10-19T20:32:58"/>
	<testcase classname="create_formatted_resistance_string_tests.CreateFormattedResistanceStringTests" name="testCreateFormattedResistanceStringFourBandBlackBlueSilverRed" time="0.000" timestamp="2018-10-19T20:32:58"/>
	<testcase classname="create_formatted_resistance_string_tests.CreateFormattedResistanceStringTests" name="testCreateFormattedResistanceStringFourBandBlackBlueSilverSilver" time="0.000" timestamp="2018-10-19T20:32:58"/>
	<testcase classname="create_formatted_resistance_string_tests.CreateFormattedResistanceStringTests" name="testCreateFormattedResistanceStringFourBandBlackBlueSilverViolet" time="0.000" timestamp="2018-10-19T20:32:58"/>
	<testcase classname="create_formatted_resistance_string_tests.CreateFormattedResistanceStringTests" name="testCreateFormattedResistanceStringFourBandBlackBlueVioletBlue" time="0.000" timestamp="2018-10-19T20:32:58"/>
	<testcase classname="create_formatted_resistance_string_tests.CreateFormattedResistanceStringTests" name="testCreateFormattedResistanceStringFourBandBlackBlueVioletBrown" time="0.000" timestamp="2018-10-19T20:32:58"/>
	<testcase classname="create_formatted_resistance_string_tests.CreateFormattedResistanceStringTests" name="testCreateFormattedResistanceStringFourBandBlackBlueVioletGold" time="0.000" timestamp="2018-10-19T20:32:58"/>
	<testcase classname="create_formatted_resistance_string_tests.CreateFormattedResistanceStringTests" name="testCreateFormattedResistanceStringFourBandBlackBlueVioletGreen" time="0.000" timestamp="2018-10-19T20:32:58"/>
	<testcase classname="create_formatted_resistance_string_tests.CreateFormattedResistanceStringTests" name="testCreateFormattedResistanceStringFourBandBlackBlueVioletGrey" time="0.000" timestamp="2018-10-19T20:32:58"/>
	<testcase classname="create_formatted_resistance_string_tests.CreateFormattedResistanceStringTests" name="testCreateFormattedResistanceStringFourBandBlackBlueVioletNone" time="0.000" timestamp="2018-10-19T20:32:58"/>
	<testcase classname="create_formatted_resistance_string_tests.CreateFormattedResistanceStringTests" name="testCreateFormattedResistanceStringFourBandBlackBlueVioletRed" time="0.000" timestamp="2018-10-19T20:32:58"/>
	<testcase classname="create_formatted_resistance_string_tests.CreateFormattedResistanceStringTests" name="testCreateFormattedResistanceStringFourBandBlackBlueVioletSilver" time="0.000" timestamp="2018-10-19T20:32:58"/>
	<testcase classname="create_formatted_resistance_string_tests.CreateFormattedResistanceStringTests" name="testCreateFormattedResistanceStringFourBandBlackBlueVioletViolet" time="0.000" timestamp="2018-10-19T20:32:58"/>
	<testcase classname="create_formatted_resistance_string_tests.CreateFormattedResistanceStringTests" name="testCreateFormattedResistanceStringFourBandBlackBlueWhiteBlue" time="0.000" timestamp="2018-10-19T20:32:58"/>
	<testcase classname="create_formatted_resistance_string_tests.CreateFormattedResistanceStringTests" name="testCreateFormattedResistanceStringFourBandBlackBlueWhiteBrown" time="0.000" timestamp="2018-10-19T20:32:58"/>
	<testcase classname="create_formatted_resistance_string_tests.CreateFormattedResistanceStringTests" name="testCreateFormattedResistanceStringFourBandBlackBlueWhiteGold" time="0.000" timestamp="2018-10-19T20:32:58"/>
	<testcase classname="create_formatted_resistance_string_tests.CreateFormattedResistanceStringTests" name="testCreateFormattedResistanceStringFourBandBlackBlueWhiteGreen" time="0.000" timestamp="2018-10-19T20:32:58"/>
	<testcase classname="create_formatted_resistance_string_tests.CreateFormattedResistanceStringTests" name="testCreateFormattedResistanceStringFourBandBlackBlueWhiteGrey" time="0.000" timestamp="2018-10-19T20:32:58"/>
	<testcase classname="create_formatted_resistance_string_tests.CreateFormattedResistanceStringTests" name="testCreateFormattedResistanceStringFourBandBlackBlueWhiteNone" time="0.000" timestamp="2018-10-19T20:32:58"/>
	<testcase classname="create_formatted_resistance_string_tests.CreateFormattedResistanceStringTests" name="testCreateFormattedResistanceStringFourBandBlackBlueWhiteRed" time="0.000" timestamp="2018-10-19T20:32:58"/>
	<testcase classname="create_formatted_resistance_string_tests.CreateFormattedResistanceStringTests" name="testCreateFormattedResistanceStringFourBandBlackBlueWhiteSilver" time="0.000" timestamp="2018-10-19T20:32:58"/>
	<testcase classname="create_formatted_resistance_string_tests.CreateFormattedResistanceStringTests" name="testCreateFormattedResistanceStringFourBandBlackBlueWhiteViolet" time="0.000" timestamp="2018-10-19T20:32:58"/>
	<testcase classname="create_formatted_resistance_string_tests.CreateFormattedResistanceStringTests" name="testCreateFormattedResistanceStringFourBandBlackBlueYellowBlue" time="0.000" timestamp="2018-10-19T20:32:58"/>
	<testcase classname="create_formatted_resistance_string_tests.CreateFormattedResistanceStringTests" name="testCreateFormattedResistanceStringFourBandBlackBlueYellowBrown" time="0.000" timestamp="2018-10-19T20:32:58"/>
	<testcase classname="create_formatted_resistance_string_tests.CreateFormattedResistanceStringTests" name="testCreateFormattedResistanceStringFourBandBlackBlueYellowGold" time="0.000" timestamp="2018-10-19T20:32:58"/>
	<testcase classname="create_formatted_resistance_string_tests.CreateFormattedResistanceStringTests" name="testCreateFormattedResistanceStringFourBandBlackBlueYellowGreen" time="0.000" timestamp="2018-10-19T20:32:58"/>
	<testcase classname="create_formatted_resistance_string_tests.CreateFormattedResistanceStringTests" name="testCreateFormattedResistanceStringFourBandBlackBlueYellowGrey" time="0.000" timestamp="2018-10-19T20:32:58"/>
	<testcase classname="create_formatted_resistance_string_tests.CreateFormattedResistanceStringTests" name="testCreateFormattedResistanceStringFourBandBlackBlueYellowNone" time="0.000" timestamp="2018-10-19T20:32:58"/>
	<testcase classname="create_formatted_resistance_string_tests.CreateFormattedResistanceStringTests" name="testCreateFormattedResistanceStringFourBandBlackBlueYellowRed" time="0.000" timestamp="2018-10-19T20:32:58"/>
	<testcase classname="create_formatted_resistance_string_tests.CreateFormattedResistanceStringTests" name="testCreateFormattedResistanceStringFourBandBlackBlueYellowSilver" time="0.000" timestamp="2018-10-19T20:32:58"/>
	<testcase classname="create_formatted_resistance_string_tests.CreateFormattedResistanceStringTests" name="testCreateFormattedResistanceStringFourBandBlackBlueYellowViolet" time="0.000" timestamp="2018-10-19T20:32:58"/>
	<testcase classname="create_formatted_resistance_string_tests.CreateFormattedResistanceStringTests" name="testCreateFormattedResistanceStringFourBandBlackBrownBlackBlue" time="0.000" timestamp="2018-10-19T20:32:58"/>
	<testcase classname="create_formatted_resistance_string_tests.CreateFormattedResistanceStringTests" name="testCreateFormattedResistanceStringFourBandBlackBrownBlackBrown" time="0.000" timestamp="2018-10-19T20:32:58"/>
	<testcase classname="create_formatted_resistance_string_tests.CreateFormattedResistanceStringTests" name="testCreateFormattedResistanceStringFourBandBlackBrownBlackGold" time="0.000" timestamp="2018-10-19T20:32:58"/>
	<testcase classname="create_formatted_resistance_string_tests.CreateFormattedResistanceStringTests" name="testCreateFormattedResistanceStringFourBandBlackBrownBlackGreen" time="0.000" timestamp="2018-10-19T20:32:58"/>
	<testcase classname="create_formatted_resistance_string_tests.CreateFormattedResistanceStringTests" name="testCreateFormattedResistanceStringFourBandBlackBrownBlackGrey" time="0.000" timestamp="2018-10-19T20:32:58"/>
	<testcase classname="create_formatted_resistance_string_tests.CreateFormattedResistanceStringTests" name="testCreateFormattedResistanceStringFourBandBlackBrownBlackNone" time="0.000" timestamp="2018-10-19T20:32:58"/>
	<testcase classname="create_formatted_resistance_string_tests.CreateFormattedResistanceStringTests" name="testCreateFormattedResistanceStringFourBandBlackBrownBlackRed" time="0.000" timestamp="2018-10-19T20:32:58"/>
	<testcase classname="create_formatted_resistance_string_tests.CreateFormattedResistanceStringTests" name="testCreateFormattedResistanceStringFourBandBlackBrownBlackSilver" time="0.000" timestamp="2018-10-19T20:32:58"/>
	<testcase classname="create_formatted_resistance_string_tests.CreateFormattedResistanceStringTests" name="testCreateFormattedResistanceStringFourBandBlackBrownBlackViolet" time="0.000" timestamp="2018-10-19T20:32:58"/>
	<testcase classname="create_formatted_resistance_string_tests.CreateFormattedResistanceStringTests" name="testCreateFormattedResistanceStringFourBandBlackBrownBlueBlue" time="0.000" timestamp="2018-10-19T20:32:58"/>
	<testcase classname="create_formatted_resistance_string_tests.CreateFormattedResistanceStringTests" name="testCreateFormattedResistanceStringFourBandBlackBrownBlueBrown" time="0.000" timestamp="2018-10-19T20:32:58"/>
	<testcase classname="create_formatted_resistance_string_tests.CreateFormattedResistanceStringTests" name="testCreateFormattedResistanceStringFourBandBlackBrownBlueGold" time="0.000" timestamp="2018-10-19T20:32:58"/>
	<testcase classname="create_formatted_resistance_string_tests.CreateFormattedResistanceStringTests" name="testCreateFormattedResistanceStringFourBandBlackBrownBlueGreen" time="0.000" timestamp="2018-10-19T20:32:58"/>
	<testcase classname="create_formatted_resistance_string_tests.CreateFormattedResistanceStringTests" name="testCreateFormattedResistanceStringFourBandBlackBrownBlueGrey" time="0.000" timestamp="2018-10-19T20:32:58"/>
	<testcase classname="create_formatted_resistance_string_tests.CreateFormattedResistanceStringTests" name="testCreateFormattedResistanceStringFourBandBlackBrownBlueNone" time="0.000" timestamp="2018-10-19T20:32:58"/>
	<testcase classname="create_formatted_resistance_string_tests.CreateFormattedResistanceStringTests" name="testCreateFormattedResistanceStringFourBandBlackBrownBlueRed" time="0.000" timestamp="2018-10-19T20:32:58"/>
	<testcase classname="create_formatted_resistance_string_tests.CreateFormattedResistanceStringTests" name="testCreateFormattedResistanceStringFourBandBlackBrownBlueSilver" time="0.000" timestamp="2018-10-19T20:32:58"/>
	<testcase classname="create_formatted_resistance_string_tests.CreateFormattedResistanceStringTests" name="testCreateFormattedResistanceStringFourBandBlackBrownBlueViolet" time="0.000" timestamp="2018-10-19T20:32:58"/>
	<testcase classname="create_formatted_resistance_string_tests.CreateFormattedResistanceStringTests" name="testCreateFormattedResistanceStringFourBandBlackBrownBrownBlue" time="0.000" timestamp="2018-10-19T20:32:58"/>
	<testcase classname="create_formatted_resistance_string_tests.CreateFormattedResistanceStringTests" name="testCreateFormattedResistanceStringFourBandBlackBrownBrownBrown" time="0.000" timestamp="2018-10-19T20:32:58"/>
	<testcase classname="create_formatted_resistance_string_tests.CreateFormattedResistanceStringTests" name="testCreateFormattedResistanceStringFourBandBlackBrownBrownGold" time="0.000" timestamp="2018-10-19T20:32:58"/>
	<testcase classname="create_formatted_resistance_string_tests.CreateFormattedResistanceStringTests" name="testCreateFormattedResistanceStringFourBandBlackBrownBrownGreen" time="0.000" timestamp="2018-10-19T20:32:58"/>
	<testcase classname="create_formatted_resistance_string_tests.CreateFormattedResistanceStringTests" name="testCreateFormattedResistanceStringFourBandBlackBrownBrownGrey" time="0.000" timestamp="2018-10-19T20:32:58"/>
	<testcase classname="create_formatted_resistance_string_tests.CreateFormattedResistanceStringTests" name="testCreateFormattedResistanceStringFourBandBlackBrownBrownNone" time="0.000" timestamp="2018-10-19T20:32:58"/>
	<testcase classname="create_formatted_resistance_string_tests.CreateFormattedResistanceStringTests" name="testCreateFormattedResistanceStringFourBandBlackBrownBrownRed" time="0.000" timestamp="2018-10-19T20:32:58"/>
	<testcase classname="create_formatted_resistance_string_tests.CreateFormattedResistanceStringTests" name="testCreateFormattedResistanceStringFourBandBlackBrownBrownSilver" time="0.000" timestamp="2018-10-19T20:32:58"/>
	<testcase classname="create_formatted_resistance_string_tests.CreateFormattedResistanceStringTests" name="testCreateFormattedResistanceStringFourBandBlackBrownBrownViolet" time="0.000" timestamp="2018-10-19T20:32:58"/>
	<testcase classname="create_formatted_resistance_string_tests.CreateFormattedResistanceStringTests" name="testCreateFormattedResistanceStringFourBandBlackBrownGoldBlue" time="0.000" timestamp="2018-10-19T20:32:58"/>
	<testcase classname="create_formatted_resistance_string_tests.CreateFormattedResistanceStringTests" name="testCreateFormattedResistanceStringFourBandBlackBrownGoldBrown" time="0.000" timestamp="2018-10-19T20:32:58"/>
	<testcase classname="create_formatted_resistance_string_tests.CreateFormattedResistanceStringTests" name="testCreateFormattedResistanceStringFourBandBlackBrownGoldGold" time="0.000" timestamp="2018-10-19T20:32:58"/>
	<testcase classname="create_formatted_resistance_string_tests.CreateFormattedResistanceStringTests" name="testCreateFormattedResistanceStringFourBandBlackBrownGoldGreen" time="0.000" timestamp="2018-10-19T20:32:58"/>
	<testcase classname="create_formatted_resistance_string_tests.CreateFormattedResistanceStringTests" name="testCreateFormattedResistanceStringFourBandBlackBrownGoldGrey" time="0.000" timestamp="2018-10-19T20:32:58"/>
	<testcase classname="create_formatted_resistance_string_tests.CreateFormattedResistanceStringTests" name="testCreateFormattedResistanceStringFourBandBlackBrownGoldNone" time="0.000" timestamp="2018-10-19T20:32:58"/>
	<testcase classname="create_formatted_resistance_string_tests.CreateFormattedResistanceStringTests" name="testCreateFormattedResistanceStringFourBandBlackBrownGoldRed" time="0.000" timestamp="2018-10-19T20:32:58"/>
	<testcase classname="create_formatted_resistance_string_tests.CreateFormattedResistanceStringTests" name="testCreateFormattedResistanceStringFourBandBlackBrownGoldSilver" time="0.000" timestamp="2018-10-19T20:32:58"/>
	<testcase classname="create_formatted_resistance_string_tests.CreateFormattedResistanceStringTests" name="testCreateFormattedResistanceStringFourBandBlackBrownGoldViolet" time="0.000" timestamp="2018-10-19T20:32:58"/>
	<testcase classname="create_formatted_resistance_string_tests.CreateFormattedResistanceStringTests" name="testCreateFormattedResistanceStringFourBandBlackBrownGreenBlue" time="0.000" timestamp="2018-10-19T20:32:58"/>
	<testcase classname="create_formatted_resistance_string_tests.CreateFormattedResistanceStringTests" name="testCreateFormattedResistanceStringFourBandBlackBrownGreenBrown" time="0.000" timestamp="2018-10-19T20:32:58"/>
	<testcase classname="create_formatted_resistance_string_tests.CreateFormattedResistanceStringTests" name="testCreateFormattedResistanceStringFourBandBlackBrownGreenGold" time="0.000" timestamp="2018-10-19T20:32:58"/>
	<testcase classname="create_formatted_resistance_string_tests.CreateFormattedResistanceStringTests" name="testCreateFormattedResistanceStringFourBandBlackBrownGreenGreen" time="0.000" timestamp="2018-10-19T20:32:58"/>
	<testcase classname="create_formatted_resistance_string_tests.CreateFormattedResistanceStringTests" name="testCreateFormattedResistanceStringFourBandBlackBrownGreenGrey" time="0.000" timestamp="2018-10-19T20:32:58"/>
	<testcase classname="create_formatted_resistance_string_tests.CreateFormattedResistanceStringTests" name="testCreateFormattedResistanceStringFourBandBlackBrownGreenNone" time="0.000" timestamp="2018-10-19T20:32:58"/>
	<testcase classname="create_formatted_resistance_string_tests.CreateFormattedResistanceStringTests" name="testCreateFormattedResistanceStringFourBandBlackBrownGreenRed" time="0.000" timestamp="2018-10-19T20:32:58"/>
	<testcase classname="create_formatted_resistance_string_tests.CreateFormattedResistanceStringTests" name="testCreateFormattedResistanceStringFourBandBlackBrownGreenSilver" time="0.000" timestamp="2018-10-19T20:32:58"/>
	<testcase classname="create_formatted_resistance_string_tests.CreateFormattedResistanceStringTests" name="testCreateFormattedResistanceStringFourBandBlackBrownGreenViolet" time="0.000" timestamp="2018-10-19T20:32:58"/>
	<testcase classname="create_formatted_resistance_string_tests.CreateFormattedResistanceStringTests" name="testCreateFormattedResistanceStringFourBandBlackBrownGreyBlue" time="0.000" timestamp="2018-10-19T20:32:58"/>
	<testcase classname="create_formatted_resistance_string_tests.CreateFormattedResistanceStringTests" name="testCreateFormattedResistanceStringFourBandBlackBrownGreyBrown" time="0.000" timestamp="2018-10-19T20:32:58"/>
	<testcase classname="create_formatted_resistance_string_tests.CreateFormattedResistanceStringTests" name="testCreateFormattedResistanceStringFourBandBlackBrownGreyGold" time="0.000" timestamp="2018-10-19T20:32:58"/>
	<testcase classname="create_formatted_resistance_string_tests.CreateFormattedResistanceStringTests" name="testCreateFormattedResistanceStringFourBandBlackBrownGreyGreen" time="0.000" timestamp="2018-10-19T20:32:58"/>
	<testcase classname="create_formatted_resistance_string_tests.CreateFormattedResistanceStringTests" name="testCreateFormattedResistanceStringFourBandBlackBrownGreyGrey" time="0.000" timestamp="2018-10-19T20:32:58"/>
	<testcase classname="create_formatted_resistance_string_tests.CreateFormattedResistanceStringTests" name="testCreateFormattedResistanceStringFourBandBlackBrownGreyNone" time="0.000" timestamp="2018-10-19T20:32:58"/>
	<testcase classname="create_formatted_resistance_string_tests.CreateFormattedResistanceStringTests" name="testCreateFormattedResistanceStringFourBandBlackBrownGreyRed" time="0.000" timestamp="2018-10-19T20:32:58"/>
	<testcase classname="create_formatted_resistance_string_tests.CreateFormattedResistanceStringTests" name="testCreateFormattedResistanceStringFourBandBlackBrownGreySilver" time="0.000" timestamp="2018-10-19T20:32:58"/>
	<testcase classname="create_formatted_resistance_string_tests.CreateFormattedResistanceStringTests" name="testCreateFormattedResistanceStringFourBandBlackBrownGreyViolet" time="0.000" timestamp="2018-10-19T20:32:58"/>
	<testcase classname="create_formatted_resistance_string_tests.CreateFormattedResistanceStringTests" name="testCreateFormattedResistanceStringFourBandBlackBrownOrangeBlue" time="0.000" timestamp="2018-10-19T20:32:58"/>
	<testcase classname="create_formatted_resistance_string_tests.CreateFormattedResistanceStringTests" name="testCreateFormattedResistanceStringFourBandBlackBrownOrangeBrown" time="0.000" timestamp="2018-10-19T20:32:58"/>
	<testcase classname="create_formatted_resistance_string_tests.CreateFormattedResistanceStringTests" name="testCreateFormattedResistanceStringFourBandBlackBrownOrangeGold" time="0.000" timestamp="2018-10-19T20:32:58"/>
	<testcase classname="create_formatted_resistance_string_tests.CreateFormattedResistanceStringTests" name="testCreateFormattedResistanceStringFourBandBlackBrownOrangeGreen" time="0.000" timestamp="2018-10-19T20:32:58"/>
	<testcase classname="create_formatted_resistance_string_tests.CreateFormattedResistanceStringTests" name="testCreateFormattedResistanceStringFourBandBlackBrownOrangeGrey" time="0.000" timestamp="2018-10-19T20:32:58"/>
	<testcase classname="create_formatted_resistance_string_tests.CreateFormattedResistanceStringTests" name="testCreateFormattedResistanceStringFourBandBlackBrownOrangeNone" time="0.000" timestamp="2018-10-19T20:32:58"/>
	<testcase classname="create_formatted_resistance_string_tests.CreateFormattedResistanceStringTests" name="testCreateFormattedResistanceStringFourBandBlackBrownOrangeRed" time="0.000" timestamp="2018-10-19T20:32:58"/>
	<testcase classname="create_formatted_resistance_string_tests.CreateFormattedResistanceStringTests" name="testCreateFormattedResistanceStringFourBandBlackBrownOrangeSilver" time="0.000" timestamp="2018-10-19T20:32:58"/>
	<testcase classname="create_formatted_resistance_string_tests.CreateFormattedResistanceStringTests" name="testCreateFormattedResistanceStringFourBandBlackBrownOrangeViolet" time="0.000" timestamp="2018-10-19T20:32:58"/>
	<testcase classname="create_formatted_resistance_string_tests.CreateFormattedResistanceStringTests" name="testCreateFormattedResistanceStringFourBandBlackBrownRedBlue" time="0.000" timestamp="2018-10-19T20:32:58"/>
	<testcase classname="create_formatted_resistance_string_tests.CreateFormattedResistanceStringTests" name="testCreateFormattedResistanceStringFourBandBlackBrownRedBrown" time="0.000" timestamp="2018-10-19T20:32:58"/>
	<testcase classname="create_formatted_resistance_string_tests.CreateFormattedResistanceStringTests" name="testCreateFormattedResistanceStringFourBandBlackBrownRedGold" time="0.000" timestamp="2018-10-19T20:32:58"/>
	<testcase classname="create_formatted_resistance_string_tests.CreateFormattedResistanceStringTests" name="testCreateFormattedResistanceStringFourBandBlackBrownRedGreen" time="0.000" timestamp="2018-10-19T20:32:58"/>
	<testcase classname="create_formatted_resistance_string_tests.CreateFormattedResistanceStringTests" name="testCreateFormattedResistanceStringFourBandBlackBrownRedGrey" time="0.000" timestamp="2018-10-19T20:32:58"/>
	<testcase classname="create_formatted_resistance_string_tests.CreateFormattedResistanceStringTests" name="testCreateFormattedResistanceStringFourBandBlackBrownRedNone" time="0.000" timestamp="2018-10-19T20:32:58"/>
	<testcase classname="create_formatted_resistance_string_tests.CreateFormattedResistanceStringTests" name="testCreateFormattedResistanceStringFourBandBlackBrownRedRed" time="0.000" timestamp="2018-10-19T20:32:58"/>
	<testcase classname="create_formatted_resistance_string_tests.CreateFormattedResistanceStringTests" name="testCreateFormattedResistanceStringFourBandBlackBrownRedSilver" time="0.000" timestamp="2018-10-19T20:32:58"/>
	<testcase classname="create_formatted_resistance_string_tests.CreateFormattedResistanceStringTests" name="testCreateFormattedResistanceStringFourBandBlackBrownRedViolet" time="0.000" timestamp="2018-10-19T20:32:58"/>
	<testcase classname="create_formatted_resistance_string_tests.CreateFormattedResistanceStringTests" name="testCreateFormattedResistanceStringFourBandBlackBrownSilverBlue" time="0.000" timestamp="2018-10-19T20:32:58"/>
	<testcase classname="create_formatted_resistance_string_tests.CreateFormattedResistanceStringTests" name="testCreateFormattedResistanceStringFourBandBlackBrownSilverBrown" time="0.000" timestamp="2018-10-19T20:32:58"/>
	<testcase classname="create_formatted_resistance_string_tests.CreateFormattedResistanceStringTests" name="testCreateFormattedResistanceStringFourBandBlackBrownSilverGold" time="0.000" timestamp="2018-10-19T20:32:58"/>
	<testcase classname="create_formatted_resistance_string_tests.CreateFormattedResistanceStringTests" name="testCreateFormattedResistanceStringFourBandBlackBrownSilverGreen" time="0.000" timestamp="2018-10-19T20:32:58"/>
	<testcase classname="create_formatted_resistance_string_tests.CreateFormattedResistanceStringTests" name="testCreateFormattedResistanceStringFourBandBlackBrownSilverGrey" time="0.000" timestamp="2018-10-19T20:32:58"/>
	<testcase classname="create_formatted_resistance_string_tests.CreateFormattedResistanceStringTests" name="testCreateFormattedResistanceStringFourBandBlackBrownSilverNone" time="0.000" timestamp="2018-10-19T20:32:58"/>
	<testcase classname="create_formatted_resistance_string_tests.CreateFormattedResistanceStringTests" name="testCreateFormattedResistanceStringFourBandBlackBrownSilverRed" time="0.000" timestamp="2018-10-19T20:32:58"/>
	<testcase classname="create_formatted_resistance_string_tests.CreateFormattedResistanceStringTests" name="testCreateFormattedResistanceStringFourBandBlackBrownSilverSilver" time="0.000" timestamp="2018-10-19T20:32:58"/>
	<testcase classname="create_formatted_resistance_string_tests.CreateFormattedResistanceStringTests" name="testCreateFormattedResistanceStringFourBandBlackBrownSilverViolet" time="0.000" timestamp="2018-10-19T20:32:58"/>
	<testcase classname="create_formatted_resistance_string_tests.CreateFormattedResistanceStringTests" name="testCreateFormattedResistanceStringFourBandBlackBrownVioletBlue" time="0.000" timestamp="2018-10-19T20:32:58"/>
	<testcase classname="create_formatted_resistance_string_tests.CreateFormattedResistanceStringTests" name="testCreateFormattedResistanceStringFourBandBlackBrownVioletBrown" time="0.000" timestamp="2018-10-19T20:32:58"/>
	<testcase classname="create_formatted_resistance_string_tests.CreateFormattedResistanceStringTests" name="testCreateFormattedResistanceStringFourBandBlackBrownVioletGold" time="0.000" timestamp="2018-10-19T20:32:58"/>
	<testcase classname="create_formatted_resistance_string_tests.CreateFormattedResistanceStringTests" name="testCreateFormattedResistanceStringFourBandBlackBrownVioletGreen" time="0.000" timestamp="2018-10-19T20:32:58"/>
	<testcase classname="create_formatted_resistance_string_tests.CreateFormattedResistanceStringTests" name="testCreateFormattedResistanceStringFourBandBlackBrownVioletGrey" time="0.000" timestamp="2018-10-19T20:32:58"/>
	<testcase classname="create_formatted_resistance_string_tests.CreateFormattedResistanceStringTests" name="testCreateFormattedResistanceStringFourBandBlackBrownVioletNone" time="0.000" timestamp="2018-10-19T20:32:58"/>
	<testcase classname="create_formatted_resistance_string_tests.CreateFormattedResistanceStringTests" name="testCreateFormattedResistanceStringFourBandBlackBrownVioletRed" time="0.000" timestamp="2018-10-19T20:32:58"/>
	<testcase classname="create_formatted_resistance_string_tests.CreateFormattedResistanceStringTests" name="testCreateFormattedResistanceStringFourBandBlackBrownVioletSilver" time="0.000" timestamp="2018-10-19T20:32:58"/>
	<testcase classname="create_formatted_resistance_string_tests.CreateFormattedResistanceStringTests" name="testCreateFormattedResistanceStringFourBandBlackBrownVioletViolet" time="0.000" timestamp="2018-10-19T20:32:58"/>
	<testcase classname="create_formatted_resistance_string_tests.CreateFormattedResistanceStringTests" name="testCreateFormattedResistanceStringFourBandBlackBrownWhiteBlue" time="0.000" timestamp="2018-10-19T20:32:58"/>
	<testcase classname="create_formatted_resistance_string_tests.CreateFormattedResistanceStringTests" name="testCreateFormattedResistanceStringFourBandBlackBrownWhiteBrown" time="0.000" timestamp="2018-10-19T20:32:58"/>
	<testcase classname="create_formatted_resistance_string_tests.CreateFormattedResistanceStringTests" name="testCreateFormattedResistanceStringFourBandBlackBrownWhiteGold" time="0.000" timestamp="2018-10-19T20:32:58"/>
	<testcase classname="create_formatted_resistance_string_tests.CreateFormattedResistanceStringTests" name="testCreateFormattedResistanceStringFourBandBlackBrownWhiteGreen" time="0.000" timestamp="2018-10-19T20:32:58"/>
	<testcase classname="create_formatted_resistance_string_tests.CreateFormattedResistanceStringTests" name="testCreateFormattedResistanceStringFourBandBlackBrownWhiteGrey" time="0.000" timestamp="2018-10-19T20:32:58"/>
	<testcase classname="create_formatted_resistance_string_tests.CreateFormattedResistanceStringTests" name="testCreateFormattedResistanceStringFourBandBlackBrownWhiteNone" time="0.000" timestamp="2018-10-19T20:32:58"/>
	<testcase classname="create_formatted_resistance_string_tests.CreateFormattedResistanceStringTests" name="testCreateFormattedResistanceStringFourBandBlackBrownWhiteRed" time="0.000" timestamp="2018-10-19T20:32:58"/>
	<testcase classname="create_formatted_resistance_string_tests.CreateFormattedResistanceStringTests" name="testCreateFormattedResistanceStringFourBandBlackBrownWhiteSilver" time="0.000" timestamp="2018-10-19T20:32:58"/>
	<testcase classname="create_formatted_resistance_string_tests.CreateFormattedResistanceStringTests" name="testCreateFormattedResistanceStringFourBandBlackBrownWhiteViolet" time="0.000" timestamp="2018-10-19T20:32:58"/>
	<testcase classname="create_formatted_resistance_string_tests.CreateFormattedResistanceStringTests" name="testCreateFormattedResistanceStringFourBandBlackBrownYellowBlue" time="0.000" timestamp="2018-10-19T20:32:58"/>
	<testcase classname="create_formatted_resistance_string_tests.CreateFormattedResistanceStringTests" name="testCreateFormattedResistanceStringFourBandBlackBrownYellowBrown" time="0.000" timestamp="2018-10-19T20:32:58"/>
	<testcase classname="create_formatted_resistance_string_tests.CreateFormattedResistanceStringTests" name="testCreateFormattedResistanceStringFourBandBlackBrownYellowGold" time="0.000" timestamp="2018-10-19T20:32:58"/>
	<testcase classname="create_formatted_resistance_string_tests.CreateFormattedResistanceStringTests" name="testCreateFormattedResistanceStringFourBandBlackBrownYellowGreen" time="0.000" timestamp="2018-10-19T20:32:58"/>
	<testcase classname="create_formatted_resistance_string_tests.CreateFormattedResistanceStringTests" name="testCreateFormattedResistanceStringFourBandBlackBrownYellowGrey" time="0.000" timestamp="2018-10-19T20:32:58"/>
	<testcase classname="create_formatted_resistance_string_tests.CreateFormattedResistanceStringTests" name="testCreateFormattedResistanceStringFourBandBlackBrownYellowNone" time="0.000" timestamp="2018-10-19T20:32:58"/>
	<testcase classname="create_formatted_resistance_string_tests.CreateFormattedResistanceStringTests" name="testCreateFormattedResistanceStringFourBandBlackBrownYellowRed" time="0.000" timestamp="2018-10-19T20:32:58"/>
	<testcase classname="create_formatted_resistance_string_tests.CreateFormattedResistanceStringTests" name="testCreateFormattedResistanceStringFourBandBlackBrownYellowSilver" time="0.000" timestamp="2018-10-19T20:32:58"/>
	<testcase classname="create_formatted_resistance_string_tests.CreateFormattedResistanceStringTests" name="testCreateFormattedResistanceStringFourBandBlackBrownYellowViolet" time="0.000" timestamp="2018-10-19T20:32:58"/>
	<testcase classname="create_formatted_resistance_string_tests.CreateFormattedResistanceStringTests" name="testCreateFormattedResistanceStringFourBandBlackGreenBlackBlue" time="0.000" timestamp="2018-10-19T20:32:58"/>
	<testcase classname="create_formatted_resistance_string_tests.CreateFormattedResistanceStringTests" name="testCreateFormattedResistanceStringFourBandBlackGreenBlackBrown" time="0.000" timestamp="2018-10-19T20:32:58"/>
	<testcase classname="create_formatted_resistance_string_tests.CreateFormattedResistanceStringTests" name="testCreateFormattedResistanceStringFourBandBlackGreenBlackGold" time="0.000" timestamp="2018-10-19T20:32:58"/>
	<testcase classname="create_formatted_resistance_string_tests.CreateFormattedResistanceStringTests" name="testCreateFormattedResistanceStringFourBandBlackGreenBlackGreen" time="0.000" timestamp="2018-10-19T20:32:58"/>
	<testcase classname="create_formatted_resistance_string_tests.CreateFormattedResistanceStringTests" name="testCreateFormattedResistanceStringFourBandBlackGreenBlackGrey" time="0.000" timestamp="2018-10-19T20:32:58"/>
	<testcase classname="create_formatted_resistance_string_tests.CreateFormattedResistanceStringTests" name="testCreateFormattedResistanceStringFourBandBlackGreenBlackNone" time="0.000" timestamp="2018-10-19T20:32:58"/>
	<testcase classname="create_formatted_resistance_string_tests.CreateFormattedResistanceStringTests" name="testCreateFormattedResistanceStringFourBandBlackGreenBlackRed" time="0.000" timestamp="2018-10-19T20:32:58"/>
	<testcase classname="create_formatted_resistance_string_tests.CreateFormattedResistanceStringTests" name="testCreateFormattedResistanceStringFourBandBlackGreenBlackSilver" time="0.000" timestamp="2018-10-19T20:32:58"/>
	<testcase classname="create_formatted_resistance_string_tests.CreateFormattedResistanceStringTests" name="testCreateFormattedResistanceStringFourBandBlackGreenBlackViolet" time="0.000" timestamp="2018-10-19T20:32:58"/>
	<testcase classname="create_formatted_resistance_string_tests.CreateFormattedResistanceStringTests" name="testCreateFormattedResistanceStringFourBandBlackGreenBlueBlue" time="0.000" timestamp="2018-10-19T20:32:58"/>
	<testcase classname="create_formatted_resistance_string_tests.CreateFormattedResistanceStringTests" name="testCreateFormattedResistanceStringFourBandBlackGreenBlueBrown" time="0.000" timestamp="2018-10-19T20:32:58"/>
	<testcase classname="create_formatted_resistance_string_tests.CreateFormattedResistanceStringTests" name="testCreateFormattedResistanceStringFourBandBlackGreenBlueGold" time="0.000" timestamp="2018-10-19T20:32:58"/>
	<testcase classname="create_formatted_resistance_string_tests.CreateFormattedResistanceStringTests" name="testCreateFormattedResistanceStringFourBandBlackGreenBlueGreen" time="0.000" timestamp="2018-10-19T20:32:58"/>
	<testcase classname="create_formatted_resistance_string_tests.CreateFormattedResistanceStringTests" name="testCreateFormattedResistanceStringFourBandBlackGreenBlueGrey" time="0.000" timestamp="2018-10-19T20:32:58"/>
	<testcase classname="create_formatted_resistance_string_tests.CreateFormattedResistanceStringTests" name="testCreateFormattedResistanceStringFourBandBlackGreenBlueNone" time="0.000" timestamp="2018-10-19T20:32:58"/>
	<testcase classname="create_formatted_resistance_string_tests.CreateFormattedResistanceStringTests" name="testCreateFormattedResistanceStringFourBandBlackGreenBlueRed" time="0.000" timestamp="2018-10-19T20:32:58"/>
	<testcase classname="create_formatted_resistance_string_tests.CreateFormattedResistanceStringTests" name="testCreateFormattedResistanceStringFourBandBlackGreenBlueSilver" time="0.000" timestamp="2018-10-19T20:32:58"/>
	<testcase classname="create_formatted_resistance_string_tests.CreateFormattedResistanceStringTests" name="testCreateFormattedResistanceStringFourBandBlackGreenBlueViolet" time="0.000" timestamp="2018-10-19T20:32:58"/>
	<testcase classname="create_formatted_resistance_string_tests.CreateFormattedResistanceStringTests" name="testCreateFormattedResistanceStringFourBandBlackGreenBrownBlue" time="0.000" timestamp="2018-10-19T20:32:58"/>
	<testcase classname="create_formatted_resistance_string_tests.CreateFormattedResistanceStringTests" name="testCreateFormattedResistanceStringFourBandBlackGreenBrownBrown" time="0.000" timestamp="2018-10-19T20:32:58"/>
	<testcase classname="create_formatted_resistance_string_tests.CreateFormattedResistanceStringTests" name="testCreateFormattedResistanceStringFourBandBlackGreenBrownGold" time="0.000" timestamp="2018-10-19T20:32:58"/>
	<testcase classname="create_formatted_resistance_string_tests.CreateFormattedResistanceStringTests" name="testCreateFormattedResistanceStringFourBandBlackGreenBrownGreen" time="0.000" timestamp="2018-10-19T20:32:58"/>
	<testcase classname="create_formatted_resistance_string_tests.CreateFormattedResistanceStringTests" name="testCreateFormattedResistanceStringFourBandBlackGreenBrownGrey" time="0.000" timestamp="2018-10-19T20:32:58"/>
	<testcase classname="create_formatted_resistance_string_tests.CreateFormattedResistanceStringTests" name="testCreateFormattedResistanceStringFourBandBlackGreenBrownNone" time="0.000" timestamp="2018-10-19T20:32:58"/>
	<testcase classname="create_formatted_resistance_string_tests.CreateFormattedResistanceStringTests" name="testCreateFormattedResistanceStringFourBandBlackGreenBrownRed" time="0.000" timestamp="2018-10-19T20:32:58"/>
	<testcase classname="create_formatted_resistance_string_tests.CreateFormattedResistanceStringTests" name="testCreateFormattedResistanceStringFourBandBlackGreenBrownSilver" time="0.000" timestamp="2018-10-19T20:32:58"/>
	<testcase classname="create_formatted_resistance_string_tests.CreateFormattedResistanceStringTests" name="testCreateFormattedResistanceStringFourBandBlackGreenBrownViolet" time="0.000" timestamp="2018-10-19T20:32:58"/>
	<testcase classname="create_formatted_resistance_string_tests.CreateFormattedResistanceStringTests" name="testCreateFormattedResistanceStringFourBandBlackGreenGoldBlue" time="0.000" timestamp="2018-10-19T20:32:58"/>
	<testcase classname="create_formatted_resistance_string_tests.CreateFormattedResistanceStringTests" name="testCreateFormattedResistanceStringFourBandBlackGreenGoldBrown" time="0.000" timestamp="2018-10-19T20:32:58"/>
	<testcase classname="create_formatted_resistance_string_tests.CreateFormattedResistanceStringTests" name="testCreateFormattedResistanceStringFourBandBlackGreenGoldGold" time="0.000" timestamp="2018-10-19T20:32:58"/>
	<testcase classname="create_formatted_resistance_string_tests.CreateFormattedResistanceStringTests" name="testCreateFormattedResistanceStringFourBandBlackGreenGoldGreen" time="0.000" timestamp="2018-10-19T20:32:58"/>
	<testcase classname="create_formatted_resistance_string_tests.CreateFormattedResistanceStringTests" name="testCreateFormattedResistanceStringFourBandBlackGreenGoldGrey" time="0.000" timestamp="2018-10-19T20:32:58"/>
	<testcase classname="create_formatted_resistance_string_tests.CreateFormattedResistanceStringTests" name="testCreateFormattedResistanceStringFourBandBlackGreenGoldNone" time="0.000" timestamp="2018-10-19T20:32:58"/>
	<testcase classname="create_formatted_resistance_string_tests.CreateFormattedResistanceStringTests" name="testCreateFormattedResistanceStringFourBandBlackGreenGoldRed" time="0.000" timestamp="2018-10-19T20:32:58"/>
	<testcase classname="create_formatted_resistance_string_tests.CreateFormattedResistanceStringTests" name="testCreateFormattedResistanceStringFourBandBlackGreenGoldSilver" time="0.000" timestamp="2018-10-19T20:32:58"/>
	<testcase classname="create_formatted_resistance_string_tests.CreateFormattedResistanceStringTests" name="testCreateFormattedResistanceStringFourBandBlackGreenGoldViolet" time="0.000" timestamp="2018-10-19T20:32:58"/>
	<testcase classname="create_formatted_resistance_string_tests.CreateFormattedResistanceStringTests" name="testCreateFormattedResistanceStringFourBandBlackGreenGreenBlue" time="0.000" timestamp="2018-10-19T20:32:58"/>
	<testcase classname="create_formatted_resistance_string_tests.CreateFormattedResistanceStringTests" name="testCreateFormattedResistanceStringFourBandBlackGreenGreenBrown" time="0.000" timestamp="2018-10-19T20:32:58"/>
	<testcase classname="create_formatted_resistance_string_tests.CreateFormattedResistanceStringTests" name="testCreateFormattedResistanceStringFourBandBlackGreenGreenGold" time="0.000" timestamp="2018-10-19T20:32:58"/>
	<testcase classname="create_formatted_resistance_string_tests.CreateFormattedResistanceStringTests" name="testCreateFormattedResistanceStringFourBandBlackGreenGreenGreen" time="0.000" timestamp="2018-10-19T20:32:58"/>
	<testcase classname="create_formatted_resistance_string_tests.CreateFormattedResistanceStringTests" name="testCreateFormattedResistanceStringFourBandBlackGreenGreenGrey" time="0.000" timestamp="2018-10-19T20:32:58"/>
	<testcase classname="create_formatted_resistance_string_tests.CreateFormattedResistanceStringTests" name="testCreateFormattedResistanceStringFourBandBlackGreenGreenNone" time="0.000" timestamp="2018-10-19T20:32:58"/>
	<testcase classname="create_formatted_resistance_string_tests.CreateFormattedResistanceStringTests" name="testCreateFormattedResistanceStringFourBandBlackGreenGreenRed" time="0.000" timestamp="2018-10-19T20:32:58"/>
	<testcase classname="create_formatted_resistance_string_tests.CreateFormattedResistanceStringTests" name="testCreateFormattedResistanceStringFourBandBlackGreenGreenSilver" time="0.000" timestamp="2018-10-19T20:32:58"/>
	<testcase classname="create_formatted_resistance_string_tests.CreateFormattedResistanceStringTests" name="testCreateFormattedResistanceStringFourBandBlackGreenGreenViolet" time="0.000" timestamp="2018-10-19T20:32:58"/>
	<testcase classname="create_formatted_resistance_string_tests.CreateFormattedResistanceStringTests" name="testCreateFormattedResistanceStringFourBandBlackGreenGreyBlue" time="0.000" timestamp="2018-10-19T20:32:58"/>
	<testcase classname="create_formatted_resistance_string_tests.CreateFormattedResistanceStringTests" name="testCreateFormattedResistanceStringFourBandBlackGreenGreyBrown" time="0.000" timestamp="2018-10-19T20:32:58"/>
	<testcase classname="create_formatted_resistance_string_tests.CreateFormattedResistanceStringTests" name="testCreateFormattedResistanceStringFourBandBlackGreenGreyGold" time="0.000" timestamp="2018-10-19T20:32:58"/>
	<testcase classname="create_formatted_resistance_string_tests.CreateFormattedResistanceStringTests" name="testCreateFormattedResistanceStringFourBandBlackGreenGreyGreen" time="0.000" timestamp="2018-10-19T20:32:58"/>
	<testcase classname="create_formatted_resistance_string_tests.CreateFormattedResistanceStringTests" name="testCreateFormattedResistanceStringFourBandBlackGreenGreyGrey" time="0.000" timestamp="2018-10-19T20:32:58"/>
	<testcase classname="create_formatted_resistance_string_tests.CreateFormattedResistanceStringTests" name="testCreateFormattedResistanceStringFourBandBlackGreenGreyNone" time="0.000" timestamp="2018-10-19T20:32:58"/>
	<testcase classname="create_formatted_resistance_string_tests.CreateFormattedResistanceStringTests" name="testCreateFormattedResistanceStringFourBandBlackGreenGreyRed" time="0.000" timestamp="2018-10-19T20:32:58"/>
	<testcase classname="create_formatted_resistance_string_tests.CreateFormattedResistanceStringTests" name="testCreateFormattedResistanceStringFourBandBlackGreenGreySilver" time="0.000" timestamp="2018-10-19T20:32:58"/>
	<testcase classname="create_formatted_resistance_string_tests.CreateFormattedResistanceStringTests" name="testCreateFormattedResistanceStringFourBandBlackGreenGreyViolet" time="0.000" timestamp="2018-10-19T20:32:58"/>
	<testcase classname="create_formatted_resistance_string_tests.CreateFormattedResistanceStringTests" name="testCreateFormattedResistanceStringFourBandBlackGreenOrangeBlue" time="0.000" timestamp="2018-10-19T20:32:58"/>
	<testcase classname="create_formatted_resistance_string_tests.CreateFormattedResistanceStringTests" name="testCreateFormattedResistanceStringFourBandBlackGreenOrangeBrown" time="0.000" timestamp="2018-10-19T20:32:58"/>
	<testcase classname="create_formatted_resistance_string_tests.CreateFormattedResistanceStringTests" name="testCreateFormattedResistanceStringFourBandBlackGreenOrangeGold" time="0.000" timestamp="2018-10-19T20:32:58"/>
	<testcase classname="create_formatted_resistance_string_tests.CreateFormattedResistanceStringTests" name="testCreateFormattedResistanceStringFourBandBlackGreenOrangeGreen" time="0.000" timestamp="2018-10-19T20:32:58"/>
	<testcase classname="create_formatted_resistance_string_tests.CreateFormattedResistanceStringTests" name="testCreateFormattedResistanceStringFourBandBlackGreenOrangeGrey" time="0.000" timestamp="2018-10-19T20:32:58"/>
	<testcase classname="create_formatted_resistance_string_tests.CreateFormattedResistanceStringTests" name="testCreateFormattedResistanceStringFourBandBlackGreenOrangeNone" time="0.000" timestamp="2018-10-19T20:32:58"/>
	<testcase classname="create_formatted_resistance_string_tests.CreateFormattedResistanceStringTests" name="testCreateFormattedResistanceStringFourBandBlackGreenOrangeRed" time="0.000" timestamp="2018-10-19T20:32:58"/>
	<testcase classname="create_formatted_resistance_string_tests.CreateFormattedResistanceStringTests" name="testCreateFormattedResistanceStringFourBandBlackGreenOrangeSilver" time="0.000" timestamp="2018-10-19T20:32:58"/>
	<testcase classname="create_formatted_resistance_string_tests.CreateFormattedResistanceStringTests" name="testCreateFormattedResistanceStringFourBandBlackGreenOrangeViolet" time="0.000" timestamp="2018-10-19T20:32:58"/>
	<testcase classname="create_formatted_resistance_string_tests.CreateFormattedResistanceStringTests" name="testCreateFormattedResistanceStringFourBandBlackGreenRedBlue" time="0.000" timestamp="2018-10-19T20:32:58"/>
	<testcase classname="create_formatted_resistance_string_tests.CreateFormattedResistanceStringTests" name="testCreateFormattedResistanceStringFourBandBlackGreenRedBrown" time="0.000" timestamp="2018-10-19T20:32:58"/>
	<testcase classname="create_formatted_resistance_string_tests.CreateFormattedResistanceStringTests" name="testCreateFormattedResistanceStringFourBandBlackGreenRedGold" time="0.000" timestamp="2018-10-19T20:32:58"/>
	<testcase classname="create_formatted_resistance_string_tests.CreateFormattedResistanceStringTests" name="testCreateFormattedResistanceStringFourBandBlackGreenRedGreen" time="0.000" timestamp="2018-10-19T20:32:58"/>
	<testcase classname="create_formatted_resistance_string_tests.CreateFormattedResistanceStringTests" name="testCreateFormattedResistanceStringFourBandBlackGreenRedGrey" time="0.000" timestamp="2018-10-19T20:32:58"/>
	<testcase classname="create_formatted_resistance_string_tests.CreateFormattedResistanceStringTests" name="testCreateFormattedResistanceStringFourBandBlackGreenRedNone" time="0.000" timestamp="2018-10-19T20:32:58"/>
	<testcase classname="create_formatted_resistance_string_tests.CreateFormattedResistanceStringTests" name="testCreateFormattedResistanceStringFourBandBlackGreenRedRed" time="0.000" timestamp="2018-10-19T20:32:58"/>
	<testcase classname="create_formatted_resistance_string_tests.CreateFormattedResistanceStringTests" name="testCreateFormattedResistanceStringFourBandBlackGreenRedSilver" time="0.000" timestamp="2018-10-19T20:32:58"/>
	<testcase classname="create_formatted_resistance_string_tests.CreateFormattedResistanceStringTests" name="testCreateFormattedResistanceStringFourBandBlackGreenRedViolet" time="0.000" timestamp="2018-10-19T20:32:58"/>
	<testcase classname="create_formatted_resistance_string_tests.CreateFormattedResistanceStringTests" name="testCreateFormattedResistanceStringFourBandBlackGreenSilverBlue" time="0.000" timestamp="2018-10-19T20:32:58"/>
	<testcase classname="create_formatted_resistance_string_tests.CreateFormattedResistanceStringTests" name="testCreateFormattedResistanceStringFourBandBlackGreenSilverBrown" time="0.000" timestamp="2018-10-19T20:32:58"/>
	<testcase classname="create_formatted_resistance_string_tests.CreateFormattedResistanceStringTests" name="testCreateFormattedResistanceStringFourBandBlackGreenSilverGold" time="0.000" timestamp="2018-10-19T20:32:58"/>
	<testcase classname="create_formatted_resistance_string_tests.CreateFormattedResistanceStringTests" name="testCreateFormattedResistanceStringFourBandBlackGreenSilverGreen" time="0.000" timestamp="2018-10-19T20:32:58"/>
	<testcase classname="create_formatted_resistance_string_tests.CreateFormattedResistanceStringTests" name="testCreateFormattedResistanceStringFourBandBlackGreenSilverGrey" time="0.000" timestamp="2018-10-19T20:32:58"/>
	<testcase classname="create_formatted_resistance_string_tests.CreateFormattedResistanceStringTests" name="testCreateFormattedResistanceStringFourBandBlackGreenSilverNone" time="0.000" timestamp="2018-10-19T20:32:58"/>
	<testcase classname="create_formatted_resistance_string_tests.CreateFormattedResistanceStringTests" name="testCreateFormattedResistanceStringFourBandBlackGreenSilverRed" time="0.000" timestamp="2018-10-19T20:32:58"/>
	<testcase classname="create_formatted_resistance_string_tests.CreateFormattedResistanceStringTests" name="testCreateFormattedResistanceStringFourBandBlackGreenSilverSilver" time="0.000" timestamp="2018-10-19T20:32:58"/>
	<testcase classname="create_formatted_resistance_string_tests.CreateFormattedResistanceStringTests" name="testCreateFormattedResistanceStringFourBandBlackGreenSilverViolet" time="0.000" timestamp="2018-10-19T20:32:58"/>
	<testcase classname="create_formatted_resistance_string_tests.CreateFormattedResistanceStringTests" name="testCreateFormattedResistanceStringFourBandBlackGreenVioletBlue" time="0.000" timestamp="2018-10-19T20:32:58"/>
	<testcase classname="create_formatted_resistance_string_tests.CreateFormattedResistanceStringTests" name="testCreateFormattedResistanceStringFourBandBlackGreenVioletBrown" time="0.000" timestamp="2018-10-19T20:32:58"/>
	<testcase classname="create_formatted_resistance_string_tests.CreateFormattedResistanceStringTests" name="testCreateFormattedResistanceStringFourBandBlackGreenVioletGold" time="0.000" timestamp="2018-10-19T20:32:58"/>
	<testcase classname="create_formatted_resistance_string_tests.CreateFormattedResistanceStringTests" name="testCreateFormattedResistanceStringFourBandBlackGreenVioletGreen" time="0.000" timestamp="2018-10-19T20:32:58"/>
	<testcase classname="create_formatted_resistance_string_tests.CreateFormattedResistanceStringTests" name="testCreateFormattedResistanceStringFourBandBlackGreenVioletGrey" time="0.000" timestamp="2018-10-19T20:32:58"/>
	<testcase classname="create_formatted_resistance_string_tests.CreateFormattedResistanceStringTests" name="testCreateFormattedResistanceStringFourBandBlackGreenVioletNone" time="0.000" timestamp="2018-10-19T20:32:58"/>
	<testcase classname="create_formatted_resistance_string_tests.CreateFormattedResistanceStringTests" name="testCreateFormattedResistanceStringFourBandBlackGreenVioletRed" time="0.000" timestamp="2018-10-19T20:32:58"/>
	<testcase classname="create_formatted_resistance_string_tests.CreateFormattedResistanceStringTests" name="testCreateFormattedResistanceStringFourBandBlackGreenVioletSilver" time="0.000" timestamp="2018-10-19T20:32:58"/>
	<testcase classname="create_formatted_resistance_string_tests.CreateFormattedResistanceStringTests" name="testCreateFormattedResistanceStringFourBandBlackGreenVioletViolet" time="0.000" timestamp="2018-10-19T20:32:58"/>
	<testcase classname="create_formatted_resistance_string_tests.CreateFormattedResistanceStringTests" name="testCreateFormattedResistanceStringFourBandBlackGreenWhiteBlue" time="0.000" timestamp="2018-10-19T20:32:58"/>
	<testcase classname="create_formatted_resistance_string_tests.CreateFormattedResistanceStringTests" name="testCreateFormattedResistanceStringFourBandBlackGreenWhiteBrown" time="0.000" timestamp="2018-10-19T20:32:58"/>
	<testcase classname="create_formatted_resistance_string_tests.CreateFormattedResistanceStringTests" name="testCreateFormattedResistanceStringFourBandBlackGreenWhiteGold" time="0.000" timestamp="2018-10-19T20:32:58"/>
	<testcase classname="create_formatted_resistance_string_tests.CreateFormattedResistanceStringTests" name="testCreateFormattedResistanceStringFourBandBlackGreenWhiteGreen" time="0.000" timestamp="2018-10-19T20:32:58"/>
	<testcase classname="create_formatted_resistance_string_tests.CreateFormattedResistanceStringTests" name="testCreateFormattedResistanceStringFourBandBlackGreenWhiteGrey" time="0.000" timestamp="2018-10-19T20:32:58"/>
	<testcase classname="create_formatted_resistance_string_tests.CreateFormattedResistanceStringTests" name="testCreateFormattedResistanceStringFourBandBlackGreenWhiteNone" time="0.000" timestamp="2018-10-19T20:32:58"/>
	<testcase classname="create_formatted_resistance_string_tests.CreateFormattedResistanceStringTests" name="testCreateFormattedResistanceStringFourBandBlackGreenWhiteRed" time="0.000" timestamp="2018-10-19T20:32:58"/>
	<testcase classname="create_formatted_resistance_string_tests.CreateFormattedResistanceStringTests" name="testCreateFormattedResistanceStringFourBandBlackGreenWhiteSilver" time="0.000" timestamp="2018-10-19T20:32:58"/>
	<testcase classname="create_formatted_resistance_string_tests.CreateFormattedResistanceStringTests" name="testCreateFormattedResistanceStringFourBandBlackGreenWhiteViolet" time="0.000" timestamp="2018-10-19T20:32:58"/>
	<testcase classname="create_formatted_resistance_string_tests.CreateFormattedResistanceStringTests" name="testCreateFormattedResistanceStringFourBandBlackGreenYellowBlue" time="0.000" timestamp="2018-10-19T20:32:58"/>
	<testcase classname="create_formatted_resistance_string_tests.CreateFormattedResistanceStringTests" name="testCreateFormattedResistanceStringFourBandBlackGreenYellowBrown" time="0.000" timestamp="2018-10-19T20:32:58"/>
	<testcase classname="create_formatted_resistance_string_tests.CreateFormattedResistanceStringTests" name="testCreateFormattedResistanceStringFourBandBlackGreenYellowGold" time="0.000" timestamp="2018-10-19T20:32:58"/>
	<testcase classname="create_formatted_resistance_string_tests.CreateFormattedResistanceStringTests" name="testCreateFormattedResistanceStringFourBandBlackGreenYellowGreen" time="0.000" timestamp="2018-10-19T20:32:58"/>
	<testcase classname="create_formatted_resistance_string_tests.CreateFormattedResistanceStringTests" name="testCreateFormattedResistanceStringFourBandBlackGreenYellowGrey" time="0.000" timestamp="2018-10-19T20:32:58"/>
	<testcase classname="create_formatted_resistance_string_tests.CreateFormattedResistanceStringTests" name="testCreateFormattedResistanceStringFourBandBlackGreenYellowNone" time="0.000" timestamp="2018-10-19T20:32:58"/>
	<testcase classname="create_formatted_resistance_string_tests.CreateFormattedResistanceStringTests" name="testCreateFormattedResistanceStringFourBandBlackGreenYellowRed" time="0.000" timestamp="2018-10-19T20:32:58"/>
	<testcase classname="create_formatted_resistance_string_tests.CreateFormattedResistanceStringTests" name="testCreateFormattedResistanceStringFourBandBlackGreenYellowSilver" time="0.000" timestamp="2018-10-19T20:32:58"/>
	<testcase classname="create_formatted_resistance_string_tests.CreateFormattedResistanceStringTests" name="testCreateFormattedResistanceStringFourBandBlackGreenYellowViolet" time="0.000" timestamp="2018-10-19T20:32:58"/>
	<testcase classname="create_formatted_resistance_string_tests.CreateFormattedResistanceStringTests" name="testCreateFormattedResistanceStringFourBandBlackGreyBlackBlue" time="0.000" timestamp="2018-10-19T20:32:58"/>
	<testcase classname="create_formatted_resistance_string_tests.CreateFormattedResistanceStringTests" name="testCreateFormattedResistanceStringFourBandBlackGreyBlackBrown" time="0.000" timestamp="2018-10-19T20:32:58"/>
	<testcase classname="create_formatted_resistance_string_tests.CreateFormattedResistanceStringTests" name="testCreateFormattedResistanceStringFourBandBlackGreyBlackGold" time="0.000" timestamp="2018-10-19T20:32:58"/>
	<testcase classname="create_formatted_resistance_string_tests.CreateFormattedResistanceStringTests" name="testCreateFormattedResistanceStringFourBandBlackGreyBlackGreen" time="0.000" timestamp="2018-10-19T20:32:58"/>
	<testcase classname="create_formatted_resistance_string_tests.CreateFormattedResistanceStringTests" name="testCreateFormattedResistanceStringFourBandBlackGreyBlackGrey" time="0.000" timestamp="2018-10-19T20:32:58"/>
	<testcase classname="create_formatted_resistance_string_tests.CreateFormattedResistanceStringTests" name="testCreateFormattedResistanceStringFourBandBlackGreyBlackNone" time="0.000" timestamp="2018-10-19T20:32:58"/>
	<testcase classname="create_formatted_resistance_string_tests.CreateFormattedResistanceStringTests" name="testCreateFormattedResistanceStringFourBandBlackGreyBlackRed" time="0.000" timestamp="2018-10-19T20:32:58"/>
	<testcase classname="create_formatted_resistance_string_tests.CreateFormattedResistanceStringTests" name="testCreateFormattedResistanceStringFourBandBlackGreyBlackSilver" time="0.000" timestamp="2018-10-19T20:32:58"/>
	<testcase classname="create_formatted_resistance_string_tests.CreateFormattedResistanceStringTests" name="testCreateFormattedResistanceStringFourBandBlackGreyBlackViolet" time="0.000" timestamp="2018-10-19T20:32:58"/>
	<testcase classname="create_formatted_resistance_string_tests.CreateFormattedResistanceStringTests" name="testCreateFormattedResistanceStringFourBandBlackGreyBlueBlue" time="0.000" timestamp="2018-10-19T20:32:58"/>
	<testcase classname="create_formatted_resistance_string_tests.CreateFormattedResistanceStringTests" name="testCreateFormattedResistanceStringFourBandBlackGreyBlueBrown" time="0.000" timestamp="2018-10-19T20:32:58"/>
	<testcase classname="create_formatted_resistance_string_tests.CreateFormattedResistanceStringTests" name="testCreateFormattedResistanceStringFourBandBlackGreyBlueGold" time="0.000" timestamp="2018-10-19T20:32:58"/>
	<testcase classname="create_formatted_resistance_string_tests.CreateFormattedResistanceStringTests" name="testCreateFormattedResistanceStringFourBandBlackGreyBlueGreen" time="0.000" timestamp="2018-10-19T20:32:58"/>
	<testcase classname="create_formatted_resistance_string_tests.CreateFormattedResistanceStringTests" name="testCreateFormattedResistanceStringFourBandBlackGreyBlueGrey" time="0.000" timestamp="2018-10-19T20:32:58"/>
	<testcase classname="create_formatted_resistance_string_tests.CreateFormattedResistanceStringTests" name="testCreateFormattedResistanceStringFourBandBlackGreyBlueNone" time="0.000" timestamp="2018-10-19T20:32:58"/>
	<testcase classname="create_formatted_resistance_string_tests.CreateFormattedResistanceStringTests" name="testCreateFormattedResistanceStringFourBandBlackGreyBlueRed" time="0.000" timestamp="2018-10-19T20:32:58"/>
	<testcase classname="create_formatted_resistance_string_tests.CreateFormattedResistanceStringTests" name="testCreateFormattedResistanceStringFourBandBlackGreyBlueSilver" time="0.000" timestamp="2018-10-19T20:32:58"/>
	<testcase classname="create_formatted_resistance_string_tests.CreateFormattedResistanceStringTests" name="testCreateFormattedResistanceStringFourBandBlackGreyBlueViolet" time="0.000" timestamp="2018-10-19T20:32:58"/>
	<testcase classname="create_formatted_resistance_string_tests.CreateFormattedResistanceStringTests" name="testCreateFormattedResistanceStringFourBandBlackGreyBrownBlue" time="0.000" timestamp="2018-10-19T20:32:58"/>
	<testcase classname="create_formatted_resistance_string_tests.CreateFormattedResistanceStringTests" name="testCreateFormattedResistanceStringFourBandBlackGreyBrownBrown" time="0.000" timestamp="2018-10-19T20:32:58"/>
	<testcase classname="create_formatted_resistance_string_tests.CreateFormattedResistanceStringTests" name="testCreateFormattedResistanceStringFourBandBlackGreyBrownGold" time="0.000" timestamp="2018-10-19T20:32:58"/>
	<testcase classname="create_formatted_resistance_string_tests.CreateFormattedResistanceStringTests" name="testCreateFormattedResistanceStringFourBandBlackGreyBrownGreen" time="0.000" timestamp="2018-10-19T20:32:58"/>
	<testcase classname="create_formatted_resistance_string_tests.CreateFormattedResistanceStringTests" name="testCreateFormattedResistanceStringFourBandBlackGreyBrownGrey" time="0.000" timestamp="2018-10-19T20:32:58"/>
	<testcase classname="create_formatted_resistance_string_tests.CreateFormattedResistanceStringTests" name="testCreateFormattedResistanceStringFourBandBlackGreyBrownNone" time="0.000" timestamp="2018-10-19T20:32:58"/>
	<testcase classname="create_formatted_resistance_string_tests.CreateFormattedResistanceStringTests" name="testCreateFormattedResistanceStringFourBandBlackGreyBrownRed" time="0.000" timestamp="2018-10-19T20:32:58"/>
	<testcase classname="create_formatted_resistance_string_tests.CreateFormattedResistanceStringTests" name="testCreateFormattedResistanceStringFourBandBlackGreyBrownSilver" time="0.000" timestamp="2018-10-19T20:32:58"/>
	<testcase classname="create_formatted_resistance_string_tests.CreateFormattedResistanceStringTests" name="testCreateFormattedResistanceStringFourBandBlackGreyBrownViolet" time="0.000" timestamp="2018-10-19T20:32:58"/>
	<testcase classname="create_formatted_resistance_string_tests.CreateFormattedResistanceStringTests" name="testCreateFormattedResistanceStringFourBandBlackGreyGoldBlue" time="0.000" timestamp="2018-10-19T20:32:58"/>
	<testcase classname="create_formatted_resistance_string_tests.CreateFormattedResistanceStringTests" name="testCreateFormattedResistanceStringFourBandBlackGreyGoldBrown" time="0.000" timestamp="2018-10-19T20:32:58"/>
	<testcase classname="create_formatted_resistance_string_tests.CreateFormattedResistanceStringTests" name="testCreateFormattedResistanceStringFourBandBlackGreyGoldGold" time="0.000" timestamp="2018-10-19T20:32:58"/>
	<testcase classname="create_formatted_resistance_string_tests.CreateFormattedResistanceStringTests" name="testCreateFormattedResistanceStringFourBandBlackGreyGoldGreen" time="0.000" timestamp="2018-10-19T20:32:58"/>
	<testcase classname="create_formatted_resistance_string_tests.CreateFormattedResistanceStringTests" name="testCreateFormattedResistanceStringFourBandBlackGreyGoldGrey" time="0.000" timestamp="2018-10-19T20:32:58"/>
	<testcase classname="create_formatted_resistance_string_tests.CreateFormattedResistanceStringTests" name="testCreateFormattedResistanceStringFourBandBlackGreyGoldNone" time="0.000" timestamp="2018-10-19T20:32:58"/>
	<testcase classname="create_formatted_resistance_string_tests.CreateFormattedResistanceStringTests" name="testCreateFormattedResistanceStringFourBandBlackGreyGoldRed" time="0.000" timestamp="2018-10-19T20:32:58"/>
	<testcase classname="create_formatted_resistance_string_tests.CreateFormattedResistanceStringTests" name="testCreateFormattedResistanceStringFourBandBlackGreyGoldSilver" time="0.000" timestamp="2018-10-19T20:32:58"/>
	<testcase classname="create_formatted_resistance_string_tests.CreateFormattedResistanceStringTests" name="testCreateFormattedResistanceStringFourBandBlackGreyGoldViolet" time="0.000" timestamp="2018-10-19T20:32:58"/>
	<testcase classname="create_formatted_resistance_string_tests.CreateFormattedResistanceStringTests" name="testCreateFormattedResistanceStringFourBandBlackGreyGreenBlue" time="0.000" timestamp="2018-10-19T20:32:58"/>
	<testcase classname="create_formatted_resistance_string_tests.CreateFormattedResistanceStringTests" name="testCreateFormattedResistanceStringFourBandBlackGreyGreenBrown" time="0.000" timestamp="2018-10-19T20:32:58"/>
	<testcase classname="create_formatted_resistance_string_tests.CreateFormattedResistanceStringTests" name="testCreateFormattedResistanceStringFourBandBlackGreyGreenGold" time="0.000" timestamp="2018-10-19T20:32:58"/>
	<testcase classname="create_formatted_resistance_string_tests.CreateFormattedResistanceStringTests" name="testCreateFormattedResistanceStringFourBandBlackGreyGreenGreen" time="0.000" timestamp="2018-10-19T20:32:58"/>
	<testcase classname="create_formatted_resistance_string_tests.CreateFormattedResistanceStringTests" name="testCreateFormattedResistanceStringFourBandBlackGreyGreenGrey" time="0.000" timestamp="2018-10-19T20:32:58"/>
	<testcase classname="create_formatted_resistance_string_tests.CreateFormattedResistanceStringTests" name="testCreateFormattedResistanceStringFourBandBlackGreyGreenNone" time="0.000" timestamp="2018-10-19T20:32:58"/>
	<testcase classname="create_formatted_resistance_string_tests.CreateFormattedResistanceStringTests" name="testCreateFormattedResistanceStringFourBandBlackGreyGreenRed" time="0.000" timestamp="2018-10-19T20:32:58"/>
	<testcase classname="create_formatted_resistance_string_tests.CreateFormattedResistanceStringTests" name="testCreateFormattedResistanceStringFourBandBlackGreyGreenSilver" time="0.000" timestamp="2018-10-19T20:32:58"/>
	<testcase classname="create_formatted_resistance_string_tests.CreateFormattedResistanceStringTests" name="testCreateFormattedResistanceStringFourBandBlackGreyGreenViolet" time="0.000" timestamp="2018-10-19T20:32:58"/>
	<testcase classname="create_formatted_resistance_string_tests.CreateFormattedResistanceStringTests" name="testCreateFormattedResistanceStringFourBandBlackGreyGreyBlue" time="0.000" timestamp="2018-10-19T20:32:58"/>
	<testcase classname="create_formatted_resistance_string_tests.CreateFormattedResistanceStringTests" name="testCreateFormattedResistanceStringFourBandBlackGreyGreyBrown" time="0.000" timestamp="2018-10-19T20:32:58"/>
	<testcase classname="create_formatted_resistance_string_tests.CreateFormattedResistanceStringTests" name="testCreateFormattedResistanceStringFourBandBlackGreyGreyGold" time="0.000" timestamp="2018-10-19T20:32:58"/>
	<testcase classname="create_formatted_resistance_string_tests.CreateFormattedResistanceStringTests" name="testCreateFormattedResistanceStringFourBandBlackGreyGreyGreen" time="0.000" timestamp="2018-10-19T20:32:58"/>
	<testcase classname="create_formatted_resistance_string_tests.CreateFormattedResistanceStringTests" name="testCreateFormattedResistanceStringFourBandBlackGreyGreyGrey" time="0.000" timestamp="2018-10-19T20:32:58"/>
	<testcase classname="create_formatted_resistance_string_tests.CreateFormattedResistanceStringTests" name="testCreateFormattedResistanceStringFourBandBlackGreyGreyNone" time="0.000" timestamp="2018-10-19T20:32:58"/>
	<testcase classname="create_formatted_resistance_string_tests.CreateFormattedResistanceStringTests" name="testCreateFormattedResistanceStringFourBandBlackGreyGreyRed" time="0.000" timestamp="2018-10-19T20:32:58"/>
	<testcase classname="create_formatted_resistance_string_tests.CreateFormattedResistanceStringTests" name="testCreateFormattedResistanceStringFourBandBlackGreyGreySilver" time="0.000" timestamp="2018-10-19T20:32:58"/>
	<testcase classname="create_formatted_resistance_string_tests.CreateFormattedResistanceStringTests" name="testCreateFormattedResistanceStringFourBandBlackGreyGreyViolet" time="0.000" timestamp="2018-10-19T20:32:58"/>
	<testcase classname="create_formatted_resistance_string_tests.CreateFormattedResistanceStringTests" name="testCreateFormattedResistanceStringFourBandBlackGreyOrangeBlue" time="0.000" timestamp="2018-10-19T20:32:58"/>
	<testcase classname="create_formatted_resistance_string_tests.CreateFormattedResistanceStringTests" name="testCreateFormattedResistanceStringFourBandBlackGreyOrangeBrown" time="0.000" timestamp="2018-10-19T20:32:58"/>
	<testcase classname="create_formatted_resistance_string_tests.CreateFormattedResistanceStringTests" name="testCreateFormattedResistanceStringFourBandBlackGreyOrangeGold" time="0.000" timestamp="2018-10-19T20:32:58"/>
	<testcase classname="create_formatted_resistance_string_tests.CreateFormattedResistanceStringTests" name="testCreateFormattedResistanceStringFourBandBlackGreyOrangeGreen" time="0.000" timestamp="2018-10-19T20:32:58"/>
	<testcase classname="create_formatted_resistance_string_tests.CreateFormattedResistanceStringTests" name="testCreateFormattedResistanceStringFourBandBlackGreyOrangeGrey" time="0.000" timestamp="2018-10-19T20:32:58"/>
	<testcase classname="create_formatted_resistance_string_tests.CreateFormattedResistanceStringTests" name="testCreateFormattedResistanceStringFourBandBlackGreyOrangeNone" time="0.000" timestamp="2018-10-19T20:32:58"/>
	<testcase classname="create_formatted_resistance_string_tests.CreateFormattedResistanceStringTests" name="testCreateFormattedResistanceStringFourBandBlackGreyOrangeRed" time="0.000" timestamp="2018-10-19T20:32:58"/>
	<testcase classname="create_formatted_resistance_string_tests.CreateFormattedResistanceStringTests" name="testCreateFormattedResistanceStringFourBandBlackGreyOrangeSilver" time="0.000" timestamp="2018-10-19T20:32:58"/>
	<testcase classname="create_formatted_resistance_string_tests.CreateFormattedResistanceStringTests" name="testCreateFormattedResistanceStringFourBandBlackGreyOrangeViolet" time="0.000" timestamp="2018-10-19T20:32:58"/>
	<testcase classname="create_formatted_resistance_string_tests.CreateFormattedResistanceStringTests" name="testCreateFormattedResistanceStringFourBandBlackGreyRedBlue" time="0.000" timestamp="2018-10-19T20:32:58"/>
	<testcase classname="create_formatted_resistance_string_tests.CreateFormattedResistanceStringTests" name="testCreateFormattedResistanceStringFourBandBlackGreyRedBrown" time="0.000" timestamp="2018-10-19T20:32:58"/>
	<testcase classname="create_formatted_resistance_string_tests.CreateFormattedResistanceStringTests" name="testCreateFormattedResistanceStringFourBandBlackGreyRedGold" time="0.000" timestamp="2018-10-19T20:32:58"/>
	<testcase classname="create_formatted_resistance_string_tests.CreateFormattedResistanceStringTests" name="testCreateFormattedResistanceStringFourBandBlackGreyRedGreen" time="0.000" timestamp="2018-10-19T20:32:58"/>
	<testcase classname="create_formatted_resistance_string_tests.CreateFormattedResistanceStringTests" name="testCreateFormattedResistanceStringFourBandBlackGreyRedGrey" time="0.000" timestamp="2018-10-19T20:32:58"/>
	<testcase classname="create_formatted_resistance_string_tests.CreateFormattedResistanceStringTests" name="testCreateFormattedResistanceStringFourBandBlackGreyRedNone" time="0.000" timestamp="2018-10-19T20:32:58"/>
	<testcase classname="create_formatted_resistance_string_tests.CreateFormattedResistanceStringTests" name="testCreateFormattedResistanceStringFourBandBlackGreyRedRed" time="0.000" timestamp="2018-10-19T20:32:58"/>
	<testcase classname="create_formatted_resistance_string_tests.CreateFormattedResistanceStringTests" name="testCreateFormattedResistanceStringFourBandBlackGreyRedSilver" time="0.000" timestamp="2018-10-19T20:32:58"/>
	<testcase classname="create_formatted_resistance_string_tests.CreateFormattedResistanceStringTests" name="testCreateFormattedResistanceStringFourBandBlackGreyRedViolet" time="0.000" timestamp="2018-10-19T20:32:58"/>
	<testcase classname="create_formatted_resistance_string_tests.CreateFormattedResistanceStringTests" name="testCreateFormattedResistanceStringFourBandBlackGreySilverBlue" time="0.000" timestamp="2018-10-19T20:32:58"/>
	<testcase classname="create_formatted_resistance_string_tests.CreateFormattedResistanceStringTests" name="testCreateFormattedResistanceStringFourBandBlackGreySilverBrown" time="0.000" timestamp="2018-10-19T20:32:58"/>
	<testcase classname="create_formatted_resistance_string_tests.CreateFormattedResistanceStringTests" name="testCreateFormattedResistanceStringFourBandBlackGreySilverGold" time="0.000" timestamp="2018-10-19T20:32:58"/>
	<testcase classname="create_formatted_resistance_string_tests.CreateFormattedResistanceStringTests" name="testCreateFormattedResistanceStringFourBandBlackGreySilverGreen" time="0.000" timestamp="2018-10-19T20:32:58"/>
	<testcase classname="create_formatted_resistance_string_tests.CreateFormattedResistanceStringTests" name="testCreateFormattedResistanceStringFourBandBlackGreySilverGrey" time="0.000" timestamp="2018-10-19T20:32:58"/>
	<testcase classname="create_formatted_resistance_string_tests.CreateFormattedResistanceStringTests" name="testCreateFormattedResistanceStringFourBandBlackGreySilverNone" time="0.000" timestamp="2018-10-19T20:32:58"/>
	<testcase classname="create_formatted_resistance_string_tests.CreateFormattedResistanceStringTests" name="testCreateFormattedResistanceStringFourBandBlackGreySilverRed" time="0.000" timestamp="2018-10-19T20:32:58"/>
	<testcase classname="create_formatted_resistance_string_tests.CreateFormattedResistanceStringTests" name="testCreateFormattedResistanceStringFourBandBlackGreySilverSilver" time="0.000" timestamp="2018-10-19T20:32:58"/>
	<testcase classname="create_formatted_resistance_string_tests.CreateFormattedResistanceStringTests" name="testCreateFormattedResistanceStringFourBandBlackGreySilverViolet" time="0.000" timestamp="2018-10-19T20:32:58"/>
	<testcase classname="create_formatted_resistance_string_tests.CreateFormattedResistanceStringTests" name="testCreateFormattedResistanceStringFourBandBlackGreyVioletBlue" time="0.000" timestamp="2018-10-19T20:32:58"/>
	<testcase classname="create_formatted_resistance_string_tests.CreateFormattedResistanceStringTests" name="testCreateFormattedResistanceStringFourBandBlackGreyVioletBrown" time="0.000" timestamp="2018-10-19T20:32:58"/>
	<testcase classname="create_formatted_resistance_string_tests.CreateFormattedResistanceStringTests" name="testCreateFormattedResistanceStringFourBandBlackGreyVioletGold" time="0.000" timestamp="2018-10-19T20:32:58"/>
	<testcase classname="create_formatted_resistance_string_tests.CreateFormattedResistanceStringTests" name="testCreateFormattedResistanceStringFourBandBlackGreyVioletGreen" time="0.000" timestamp="2018-10-19T20:32:58"/>
	<testcase classname="create_formatted_resistance_string_tests.CreateFormattedResistanceStringTests" name="testCreateFormattedResistanceStringFourBandBlackGreyVioletGrey" time="0.000" timestamp="2018-10-19T20:32:58"/>
	<testcase classname="create_formatted_resistance_string_tests.CreateFormattedResistanceStringTests" name="testCreateFormattedResistanceStringFourBandBlackGreyVioletNone" time="0.000" timestamp="2018-10-19T20:32:58"/>
	<testcase classname="create_formatted_resistance_string_tests.CreateFormattedResistanceStringTests" name="testCreateFormattedResistanceStringFourBandBlackGreyVioletRed" time="0.000" timestamp="2018-10-19T20:32:58"/>
	<testcase classname="create_formatted_resistance_string_tests.CreateFormattedResistanceStringTests" name="testCreateFormattedResistanceStringFourBandBlackGreyVioletSilver" time="0.000" timestamp="2018-10-19T20:32:58"/>
	<testcase classname="create_formatted_resistance_string_tests.CreateFormattedResistanceStringTests" name="testCreateFormattedResistanceStringFourBandBlackGreyVioletViolet" time="0.000" timestamp="2018-10-19T20:32:58"/>
	<testcase classname="create_formatted_resistance_string_tests.CreateFormattedResistanceStringTests" name="testCreateFormattedResistanceStringFourBandBlackGreyWhiteBlue" time="0.000" timestamp="2018-10-19T20:32:58"/>
	<testcase classname="create_formatted_resistance_string_tests.CreateFormattedResistanceStringTests" name="testCreateFormattedResistanceStringFourBandBlackGreyWhiteBrown" time="0.000" timestamp="2018-10-19T20:32:58"/>
	<testcase classname="create_formatted_resistance_string_tests.CreateFormattedResistanceStringTests" name="testCreateFormattedResistanceStringFourBandBlackGreyWhiteGold" time="0.000" timestamp="2018-10-19T20:32:58"/>
	<testcase classname="create_formatted_resistance_string_tests.CreateFormattedResistanceStringTests" name="testCreateFormattedResistanceStringFourBandBlackGreyWhiteGreen" time="0.000" timestamp="2018-10-19T20:32:58"/>
	<testcase classname="create_formatted_resistance_string_tests.CreateFormattedResistanceStringTests" name="testCreateFormattedResistanceStringFourBandBlackGreyWhiteGrey" time="0.000" timestamp="2018-10-19T20:32:58"/>
	<testcase classname="create_formatted_resistance_string_tests.CreateFormattedResistanceStringTests" name="testCreateFormattedResistanceStringFourBandBlackGreyWhiteNone" time="0.000" timestamp="2018-10-19T20:32:58"/>
	<testcase classname="create_formatted_resistance_string_tests.CreateFormattedResistanceStringTests" name="testCreateFormattedResistanceStringFourBandBlackGreyWhiteRed" time="0.000" timestamp="2018-10-19T20:32:58"/>
	<testcase classname="create_formatted_resistance_string_tests.CreateFormattedResistanceStringTests" name="testCreateFormattedResistanceStringFourBandBlackGreyWhiteSilver" time="0.000" timestamp="2018-10-19T20:32:58"/>
	<testcase classname="create_formatted_resistance_string_tests.CreateFormattedResistanceStringTests" name="testCreateFormattedResistanceStringFourBandBlackGreyWhiteViolet" time="0.000" timestamp="2018-10-19T20:32:58"/>
	<testcase classname="create_formatted_resistance_string_tests.CreateFormattedResistanceStringTests" name="testCreateFormattedResistanceStringFourBandBlackGreyYellowBlue" time="0.000" timestamp="2018-10-19T20:32:58"/>
	<testcase classname="create_formatted_resistance_string_tests.CreateFormattedResistanceStringTests" name="testCreateFormattedResistanceStringFourBandBlackGreyYellowBrown" time="0.000" timestamp="2018-10-19T20:32:58"/>
	<testcase classname="create_formatted_resistance_string_tests.CreateFormattedResistanceStringTests" name="testCreateFormattedResistanceStringFourBandBlackGreyYellowGold" time="0.000" timestamp="2018-10-19T20:32:58"/>
	<testcase classname="create_formatted_resistance_string_tests.CreateFormattedResistanceStringTests" name="testCreateFormattedResistanceStringFourBandBlackGreyYellowGreen" time="0.000" timestamp="2018-10-19T20:32:58"/>
	<testcase classname="create_formatted_resistance_string_tests.CreateFormattedResistanceStringTests" name="testCreateFormattedResistanceStringFourBandBlackGreyYellowGrey" time="0.000" timestamp="2018-10-19T20:32:58"/>
	<testcase classname="create_formatted_resistance_string_tests.CreateFormattedResistanceStringTests" name="testCreateFormattedResistanceStringFourBandBlackGreyYellowNone" time="0.000" timestamp="2018-10-19T20:32:58"/>
	<testcase classname="create_formatted_resistance_string_tests.CreateFormattedResistanceStringTests" name="testCreateFormattedResistanceStringFourBandBlackGreyYellowRed" time="0.000" timestamp="2018-10-19T20:32:58"/>
	<testcase classname="create_formatted_resistance_string_tests.CreateFormattedResistanceStringTests" name="testCreateFormattedResistanceStringFourBandBlackGreyYellowSilver" time="0.000" timestamp="2018-10-19T20:32:58"/>
	<testcase classname="create_formatted_resistance_string_tests.CreateFormattedResistanceStringTests" name="testCreateFormattedResistanceStringFourBandBlackGreyYellowViolet" time="0.000" timestamp="2018-10-19T20:32:58"/>
	<testcase classname="create_formatted_resistance_string_tests.CreateFormattedResistanceStringTests" name="testCreateFormattedResistanceStringFourBandBlackOrangeBlackBlue" time="0.000" timestamp="2018-10-19T20:32:58"/>
	<testcase classname="create_formatted_resistance_string_tests.CreateFormattedResistanceStringTests" name="testCreateFormattedResistanceStringFourBandBlackOrangeBlackBrown" time="0.000" timestamp="2018-10-19T20:32:58"/>
	<testcase classname="create_formatted_resistance_string_tests.CreateFormattedResistanceStringTests" name="testCreateFormattedResistanceStringFourBandBlackOrangeBlackGold" time="0.000" timestamp="2018-10-19T20:32:58"/>
	<testcase classname="create_formatted_resistance_string_tests.CreateFormattedResistanceStringTests" name="testCreateFormattedResistanceStringFourBandBlackOrangeBlackGreen" time="0.000" timestamp="2018-10-19T20:32:58"/>
	<testcase classname="create_formatted_resistance_string_tests.CreateFormattedResistanceStringTests" name="testCreateFormattedResistanceStringFourBandBlackOrangeBlackGrey" time="0.000" timestamp="2018-10-19T20:32:58"/>
	<testcase classname="create_formatted_resistance_string_tests.CreateFormattedResistanceStringTests" name="testCreateFormattedResistanceStringFourBandBlackOrangeBlackNone" time="0.000" timestamp="2018-10-19T20:32:58"/>
	<testcase classname="create_formatted_resistance_string_tests.CreateFormattedResistanceStringTests" name="testCreateFormattedResistanceStringFourBandBlackOrangeBlackRed" time="0.000" timestamp="2018-10-19T20:32:58"/>
	<testcase classname="create_formatted_resistance_string_tests.CreateFormattedResistanceStringTests" name="testCreateFormattedResistanceStringFourBandBlackOrangeBlackSilver" time="0.000" timestamp="2018-10-19T20:32:58"/>
	<testcase classname="create_formatted_resistance_string_tests.CreateFormattedResistanceStringTests" name="testCreateFormattedResistanceStringFourBandBlackOrangeBlackViolet" time="0.000" timestamp="2018-10-19T20:32:58"/>
	<testcase classname="create_formatted_resistance_string_tests.CreateFormattedResistanceStringTests" name="testCreateFormattedResistanceStringFourBandBlackOrangeBlueBlue" time="0.000" timestamp="2018-10-19T20:32:58"/>
	<testcase classname="create_formatted_resistance_string_tests.CreateFormattedResistanceStringTests" name="testCreateFormattedResistanceStringFourBandBlackOrangeBlueBrown" time="0.000" timestamp="2018-10-19T20:32:58"/>
	<testcase classname="create_formatted_resistance_string_tests.CreateFormattedResistanceStringTests" name="testCreateFormattedResistanceStringFourBandBlackOrangeBlueGold" time="0.000" timestamp="2018-10-19T20:32:58"/>
	<testcase classname="create_formatted_resistance_string_tests.CreateFormattedResistanceStringTests" name="testCreateFormattedResistanceStringFourBandBlackOrangeBlueGreen" time="0.000" timestamp="2018-10-19T20:32:58"/>
	<testcase classname="create_formatted_resistance_string_tests.CreateFormattedResistanceStringTests" name="testCreateFormattedResistanceStringFourBandBlackOrangeBlueGrey" time="0.000" timestamp="2018-10-19T20:32:58"/>
	<testcase classname="create_formatted_resistance_string_tests.CreateFormattedResistanceStringTests" name="testCreateFormattedResistanceStringFourBandBlackOrangeBlueNone" time="0.000" timestamp="2018-10-19T20:32:58"/>
	<testcase classname="create_formatted_resistance_string_tests.CreateFormattedResistanceStringTests" name="testCreateFormattedResistanceStringFourBandBlackOrangeBlueRed" time="0.000" timestamp="2018-10-19T20:32:58"/>
	<testcase classname="create_formatted_resistance_string_tests.CreateFormattedResistanceStringTests" name="testCreateFormattedResistanceStringFourBandBlackOrangeBlueSilver" time="0.000" timestamp="2018-10-19T20:32:58"/>
	<testcase classname="create_formatted_resistance_string_tests.CreateFormattedResistanceStringTests" name="testCreateFormattedResistanceStringFourBandBlackOrangeBlueViolet" time="0.000" timestamp="2018-10-19T20:32:58"/>
	<testcase classname="create_formatted_resistance_string_tests.CreateFormattedResistanceStringTests" name="testCreateFormattedResistanceStringFourBandBlackOrangeBrownBlue" time="0.000" timestamp="2018-10-19T20:32:58"/>
	<testcase classname="create_formatted_resistance_string_tests.CreateFormattedResistanceStringTests" name="testCreateFormattedResistanceStringFourBandBlackOrangeBrownBrown" time="0.000" timestamp="2018-10-19T20:32:58"/>
	<testcase classname="create_formatted_resistance_string_tests.CreateFormattedResistanceStringTests" name="testCreateFormattedResistanceStringFourBandBlackOrangeBrownGold" time="0.000" timestamp="2018-10-19T20:32:58"/>
	<testcase classname="create_formatted_resistance_string_tests.CreateFormattedResistanceStringTests" name="testCreateFormattedResistanceStringFourBandBlackOrangeBrownGreen" time="0.000" timestamp="2018-10-19T20:32:58"/>
	<testcase classname="create_formatted_resistance_string_tests.CreateFormattedResistanceStringTests" name="testCreateFormattedResistanceStringFourBandBlackOrangeBrownGrey" time="0.000" timestamp="2018-10-19T20:32:58"/>
	<testcase classname="create_formatted_resistance_string_tests.CreateFormattedResistanceStringTests" name="testCreateFormattedResistanceStringFourBandBlackOrangeBrownNone" time="0.000" timestamp="2018-10-19T20:32:58"/>
	<testcase classname="create_formatted_resistance_string_tests.CreateFormattedResistanceStringTests" name="testCreateFormattedResistanceStringFourBandBlackOrangeBrownRed" time="0.000" timestamp="2018-10-19T20:32:58"/>
	<testcase classname="create_formatted_resistance_string_tests.CreateFormattedResistanceStringTests" name="testCreateFormattedResistanceStringFourBandBlackOrangeBrownSilver" time="0.000" timestamp="2018-10-19T20:32:58"/>
	<testcase classname="create_formatted_resistance_string_tests.CreateFormattedResistanceStringTests" name="testCreateFormattedResistanceStringFourBandBlackOrangeBrownViolet" time="0.000" timestamp="2018-10-19T20:32:58"/>
	<testcase classname="create_formatted_resistance_string_tests.CreateFormattedResistanceStringTests" name="testCreateFormattedResistanceStringFourBandBlackOrangeGoldBlue" time="0.000" timestamp="2018-10-19T20:32:58"/>
	<testcase classname="create_formatted_resistance_string_tests.CreateFormattedResistanceStringTests" name="testCreateFormattedResistanceStringFourBandBlackOrangeGoldBrown" time="0.000" timestamp="2018-10-19T20:32:58"/>
	<testcase classname="create_formatted_resistance_string_tests.CreateFormattedResistanceStringTests" name="testCreateFormattedResistanceStringFourBandBlackOrangeGoldGold" time="0.000" timestamp="2018-10-19T20:32:58"/>
	<testcase classname="create_formatted_resistance_string_tests.CreateFormattedResistanceStringTests" name="testCreateFormattedResistanceStringFourBandBlackOrangeGoldGreen" time="0.000" timestamp="2018-10-19T20:32:58"/>
	<testcase classname="create_formatted_resistance_string_tests.CreateFormattedResistanceStringTests" name="testCreateFormattedResistanceStringFourBandBlackOrangeGoldGrey" time="0.000" timestamp="2018-10-19T20:32:58"/>
	<testcase classname="create_formatted_resistance_string_tests.CreateFormattedResistanceStringTests" name="testCreateFormattedResistanceStringFourBandBlackOrangeGoldNone" time="0.000" timestamp="2018-10-19T20:32:58"/>
	<testcase classname="create_formatted_resistance_string_tests.CreateFormattedResistanceStringTests" name="testCreateFormattedResistanceStringFourBandBlackOrangeGoldRed" time="0.000" timestamp="2018-10-19T20:32:58"/>
	<testcase classname="create_formatted_resistance_string_tests.CreateFormattedResistanceStringTests" name="testCreateFormattedResistanceStringFourBandBlackOrangeGoldSilver" time="0.000" timestamp="2018-10-19T20:32:58"/>
	<testcase classname="create_formatted_resistance_string_tests.CreateFormattedResistanceStringTests" name="testCreateFormattedResistanceStringFourBandBlackOrangeGoldViolet" time="0.000" timestamp="2018-10-19T20:32:58"/>
	<testcase classname="create_formatted_resistance_string_tests.CreateFormattedResistanceStringTests" name="testCreateFormattedResistanceStringFourBandBlackOrangeGreenBlue" time="0.000" timestamp="2018-10-19T20:32:58"/>
	<testcase classname="create_formatted_resistance_string_tests.CreateFormattedResistanceStringTests" name="testCreateFormattedResistanceStringFourBandBlackOrangeGreenBrown" time="0.000" timestamp="2018-10-19T20:32:58"/>
	<testcase classname="create_formatted_resistance_string_tests.CreateFormattedResistanceStringTests" name="testCreateFormattedResistanceStringFourBandBlackOrangeGreenGold" time="0.000" timestamp="2018-10-19T20:32:58"/>
	<testcase classname="create_formatted_resistance_string_tests.CreateFormattedResistanceStringTests" name="testCreateFormattedResistanceStringFourBandBlackOrangeGreenGreen" time="0.000" timestamp="2018-10-19T20:32:58"/>
	<testcase classname="create_formatted_resistance_string_tests.CreateFormattedResistanceStringTests" name="testCreateFormattedResistanceStringFourBandBlackOrangeGreenGrey" time="0.000" timestamp="2018-10-19T20:32:58"/>
	<testcase classname="create_formatted_resistance_string_tests.CreateFormattedResistanceStringTests" name="testCreateFormattedResistanceStringFourBandBlackOrangeGreenNone" time="0.000" timestamp="2018-10-19T20:32:58"/>
	<testcase classname="create_formatted_resistance_string_tests.CreateFormattedResistanceStringTests" name="testCreateFormattedResistanceStringFourBandBlackOrangeGreenRed" time="0.000" timestamp="2018-10-19T20:32:58"/>
	<testcase classname="create_formatted_resistance_string_tests.CreateFormattedResistanceStringTests" name="testCreateFormattedResistanceStringFourBandBlackOrangeGreenSilver" time="0.000" timestamp="2018-10-19T20:32:58"/>
	<testcase classname="create_formatted_resistance_string_tests.CreateFormattedResistanceStringTests" name="testCreateFormattedResistanceStringFourBandBlackOrangeGreenViolet" time="0.000" timestamp="2018-10-19T20:32:58"/>
	<testcase classname="create_formatted_resistance_string_tests.CreateFormattedResistanceStringTests" name="testCreateFormattedResistanceStringFourBandBlackOrangeGreyBlue" time="0.000" timestamp="2018-10-19T20:32:58"/>
	<testcase classname="create_formatted_resistance_string_tests.CreateFormattedResistanceStringTests" name="testCreateFormattedResistanceStringFourBandBlackOrangeGreyBrown" time="0.000" timestamp="2018-10-19T20:32:58"/>
	<testcase classname="create_formatted_resistance_string_tests.CreateFormattedResistanceStringTests" name="testCreateFormattedResistanceStringFourBandBlackOrangeGreyGold" time="0.000" timestamp="2018-10-19T20:32:58"/>
	<testcase classname="create_formatted_resistance_string_tests.CreateFormattedResistanceStringTests" name="testCreateFormattedResistanceStringFourBandBlackOrangeGreyGreen" time="0.000" timestamp="2018-10-19T20:32:58"/>
	<testcase classname="create_formatted_resistance_string_tests.CreateFormattedResistanceStringTests" name="testCreateFormattedResistanceStringFourBandBlackOrangeGreyGrey" time="0.000" timestamp="2018-10-19T20:32:58"/>
	<testcase classname="create_formatted_resistance_string_tests.CreateFormattedResistanceStringTests" name="testCreateFormattedResistanceStringFourBandBlackOrangeGreyNone" time="0.000" timestamp="2018-10-19T20:32:58"/>
	<testcase classname="create_formatted_resistance_string_tests.CreateFormattedResistanceStringTests" name="testCreateFormattedResistanceStringFourBandBlackOrangeGreyRed" time="0.000" timestamp="2018-10-19T20:32:58"/>
	<testcase classname="create_formatted_resistance_string_tests.CreateFormattedResistanceStringTests" name="testCreateFormattedResistanceStringFourBandBlackOrangeGreySilver" time="0.000" timestamp="2018-10-19T20:32:58"/>
	<testcase classname="create_formatted_resistance_string_tests.CreateFormattedResistanceStringTests" name="testCreateFormattedResistanceStringFourBandBlackOrangeGreyViolet" time="0.000" timestamp="2018-10-19T20:32:58"/>
	<testcase classname="create_formatted_resistance_string_tests.CreateFormattedResistanceStringTests" name="testCreateFormattedResistanceStringFourBandBlackOrangeOrangeBlue" time="0.000" timestamp="2018-10-19T20:32:58"/>
	<testcase classname="create_formatted_resistance_string_tests.CreateFormattedResistanceStringTests" name="testCreateFormattedResistanceStringFourBandBlackOrangeOrangeBrown" time="0.000" timestamp="2018-10-19T20:32:58"/>
	<testcase classname="create_formatted_resistance_string_tests.CreateFormattedResistanceStringTests" name="testCreateFormattedResistanceStringFourBandBlackOrangeOrangeGold" time="0.000" timestamp="2018-10-19T20:32:58"/>
	<testcase classname="create_formatted_resistance_string_tests.CreateFormattedResistanceStringTests" name="testCreateFormattedResistanceStringFourBandBlackOrangeOrangeGreen" time="0.000" timestamp="2018-10-19T20:32:58"/>
	<testcase classname="create_formatted_resistance_string_tests.CreateFormattedResistanceStringTests" name="testCreateFormattedResistanceStringFourBandBlackOrangeOrangeGrey" time="0.000" timestamp="2018-10-19T20:32:58"/>
	<testcase classname="create_formatted_resistance_string_tests.CreateFormattedResistanceStringTests" name="testCreateFormattedResistanceStringFourBandBlackOrangeOrangeNone" time="0.000" timestamp="2018-10-19T20:32:58"/>
	<testcase classname="create_formatted_resistance_string_tests.CreateFormattedResistanceStringTests" name="testCreateFormattedResistanceStringFourBandBlackOrangeOrangeRed" time="0.000" timestamp="2018-10-19T20:32:58"/>
	<testcase classname="create_formatted_resistance_string_tests.CreateFormattedResistanceStringTests" name="testCreateFormattedResistanceStringFourBandBlackOrangeOrangeSilver" time="0.000" timestamp="2018-10-19T20:32:58"/>
	<testcase classname="create_formatted_resistance_string_tests.CreateFormattedResistanceStringTests" name="testCreateFormattedResistanceStringFourBandBlackOrangeOrangeViolet" time="0.000" timestamp="2018-10-19T20:32:58"/>
	<testcase classname="create_formatted_resistance_string_tests.CreateFormattedResistanceStringTests" name="testCreateFormattedResistanceStringFourBandBlackOrangeRedBlue" time="0.000" timestamp="2018-10-19T20:32:58"/>
	<testcase classname="create_formatted_resistance_string_tests.CreateFormattedResistanceStringTests" name="testCreateFormattedResistanceStringFourBandBlackOrangeRedBrown" time="0.000" timestamp="2018-10-19T20:32:58"/>
	<testcase classname="create_formatted_resistance_string_tests.CreateFormattedResistanceStringTests" name="testCreateFormattedResistanceStringFourBandBlackOrangeRedGold" time="0.000" timestamp="2018-10-19T20:32:58"/>
	<testcase classname="create_formatted_resistance_string_tests.CreateFormattedResistanceStringTests" name="testCreateFormattedResistanceStringFourBandBlackOrangeRedGreen" time="0.000" timestamp="2018-10-19T20:32:58"/>
	<testcase classname="create_formatted_resistance_string_tests.CreateFormattedResistanceStringTests" name="testCreateFormattedResistanceStringFourBandBlackOrangeRedGrey" time="0.000" timestamp="2018-10-19T20:32:58"/>
	<testcase classname="create_formatted_resistance_string_tests.CreateFormattedResistanceStringTests" name="testCreateFormattedResistanceStringFourBandBlackOrangeRedNone" time="0.000" timestamp="2018-10-19T20:32:58"/>
	<testcase classname="create_formatted_resistance_string_tests.CreateFormattedResistanceStringTests" name="testCreateFormattedResistanceStringFourBandBlackOrangeRedRed" time="0.000" timestamp="2018-10-19T20:32:58"/>
	<testcase classname="create_formatted_resistance_string_tests.CreateFormattedResistanceStringTests" name="testCreateFormattedResistanceStringFourBandBlackOrangeRedSilver" time="0.000" timestamp="2018-10-19T20:32:58"/>
	<testcase classname="create_formatted_resistance_string_tests.CreateFormattedResistanceStringTests" name="testCreateFormattedResistanceStringFourBandBlackOrangeRedViolet" time="0.000" timestamp="2018-10-19T20:32:58"/>
	<testcase classname="create_formatted_resistance_string_tests.CreateFormattedResistanceStringTests" name="testCreateFormattedResistanceStringFourBandBlackOrangeSilverBlue" time="0.000" timestamp="2018-10-19T20:32:58"/>
	<testcase classname="create_formatted_resistance_string_tests.CreateFormattedResistanceStringTests" name="testCreateFormattedResistanceStringFourBandBlackOrangeSilverBrown" time="0.000" timestamp="2018-10-19T20:32:58"/>
	<testcase classname="create_formatted_resistance_string_tests.CreateFormattedResistanceStringTests" name="testCreateFormattedResistanceStringFourBandBlackOrangeSilverGold" time="0.000" timestamp="2018-10-19T20:32:58"/>
	<testcase classname="create_formatted_resistance_string_tests.CreateFormattedResistanceStringTests" name="testCreateFormattedResistanceStringFourBandBlackOrangeSilverGreen" time="0.000" timestamp="2018-10-19T20:32:58"/>
	<testcase classname="create_formatted_resistance_string_tests.CreateFormattedResistanceStringTests" name="testCreateFormattedResistanceStringFourBandBlackOrangeSilverGrey" time="0.000" timestamp="2018-10-19T20:32:58"/>
	<testcase classname="create_formatted_resistance_string_tests.CreateFormattedResistanceStringTests" name="testCreateFormattedResistanceStringFourBandBlackOrangeSilverNone" time="0.000" timestamp="2018-10-19T20:32:58"/>
	<testcase classname="create_formatted_resistance_string_tests.CreateFormattedResistanceStringTests" name="testCreateFormattedResistanceStringFourBandBlackOrangeSilverRed" time="0.000" timestamp="2018-10-19T20:32:58"/>
	<testcase classname="create_formatted_resistance_string_tests.CreateFormattedResistanceStringTests" name="testCreateFormattedResistanceStringFourBandBlackOrangeSilverSilver" time="0.000" timestamp="2018-10-19T20:32:58"/>
	<testcase classname="create_formatted_resistance_string_tests.CreateFormattedResistanceStringTests" name="testCreateFormattedResistanceStringFourBandBlackOrangeSilverViolet" time="0.000" timestamp="2018-10-19T20:32:58"/>
	<testcase classname="create_formatted_resistance_string_tests.CreateFormattedResistanceStringTests" name="testCreateFormattedResistanceStringFourBandBlackOrangeVioletBlue" time="0.000" timestamp="2018-10-19T20:32:58"/>
	<testcase classname="create_formatted_resistance_string_tests.CreateFormattedResistanceStringTests" name="testCreateFormattedResistanceStringFourBandBlackOrangeVioletBrown" time="0.000" timestamp="2018-10-19T20:32:58"/>
	<testcase classname="create_formatted_resistance_string_tests.CreateFormattedResistanceStringTests" name="testCreateFormattedResistanceStringFourBandBlackOrangeVioletGold" time="0.000" timestamp="2018-10-19T20:32:58"/>
	<testcase classname="create_formatted_resistance_string_tests.CreateFormattedResistanceStringTests" name="testCreateFormattedResistanceStringFourBandBlackOrangeVioletGreen" time="0.000" timestamp="2018-10-19T20:32:58"/>
	<testcase classname="create_formatted_resistance_string_tests.CreateFormattedResistanceStringTests" name="testCreateFormattedResistanceStringFourBandBlackOrangeVioletGrey" time="0.000" timestamp="2018-10-19T20:32:58"/>
	<testcase classname="create_formatted_resistance_string_tests.CreateFormattedResistanceStringTests" name="testCreateFormattedResistanceStringFourBandBlackOrangeVioletNone" time="0.000" timestamp="2018-10-19T20:32:58"/>
	<testcase classname="create_formatted_resistance_string_tests.CreateFormattedResistanceStringTests" name="testCreateFormattedResistanceStringFourBandBlackOrangeVioletRed" time="0.000" timestamp="2018-10-19T20:32:58"/>
	<testcase classname="create_formatted_resistance_string_tests.CreateFormattedResistanceStringTests" name="testCreateFormattedResistanceStringFourBandBlackOrangeVioletSilver" time="0.000" timestamp="2018-10-19T20:32:58"/>
	<testcase classname="create_formatted_resistance_string_tests.CreateFormattedResistanceStringTests" name="testCreateFormattedResistanceStringFourBandBlackOrangeVioletViolet" time="0.000" timestamp="2018-10-19T20:32:58"/>
	<testcase classname="create_formatted_resistance_string_tests.CreateFormattedResistanceStringTests" name="testCreateFormattedResistanceStringFourBandBlackOrangeWhiteBlue" time="0.000" timestamp="2018-10-19T20:32:58"/>
	<testcase classname="create_formatted_resistance_string_tests.CreateFormattedResistanceStringTests" name="testCreateFormattedResistanceStringFourBandBlackOrangeWhiteBrown" time="0.000" timestamp="2018-10-19T20:32:58"/>
	<testcase classname="create_formatted_resistance_string_tests.CreateFormattedResistanceStringTests" name="testCreateFormattedResistanceStringFourBandBlackOrangeWhiteGold" time="0.000" timestamp="2018-10-19T20:32:58"/>
	<testcase classname="create_formatted_resistance_string_tests.CreateFormattedResistanceStringTests" name="testCreateFormattedResistanceStringFourBandBlackOrangeWhiteGreen" time="0.000" timestamp="2018-10-19T20:32:58"/>
	<testcase classname="create_formatted_resistance_string_tests.CreateFormattedResistanceStringTests" name="testCreateFormattedResistanceStringFourBandBlackOrangeWhiteGrey" time="0.000" timestamp="2018-10-19T20:32:58"/>
	<testcase classname="create_formatted_resistance_string_tests.CreateFormattedResistanceStringTests" name="testCreateFormattedResistanceStringFourBandBlackOrangeWhiteNone" time="0.000" timestamp="2018-10-19T20:32:58"/>
	<testcase classname="create_formatted_resistance_string_tests.CreateFormattedResistanceStringTests" name="testCreateFormattedResistanceStringFourBandBlackOrangeWhiteRed" time="0.000" timestamp="2018-10-19T20:32:58"/>
	<testcase classname="create_formatted_resistance_string_tests.CreateFormattedResistanceStringTests" name="testCreateFormattedResistanceStringFourBandBlackOrangeWhiteSilver" time="0.000" timestamp="2018-10-19T20:32:58"/>
	<testcase classname="create_formatted_resistance_string_tests.CreateFormattedResistanceStringTests" name="testCreateFormattedResistanceStringFourBandBlackOrangeWhiteViolet" time="0.000" timestamp="2018-10-19T20:32:58"/>
	<testcase classname="create_formatted_resistance_string_tests.CreateFormattedResistanceStringTests" name="testCreateFormattedResistanceStringFourBandBlackOrangeYellowBlue" time="0.000" timestamp="2018-10-19T20:32:58"/>
	<testcase classname="create_formatted_resistance_string_tests.CreateFormattedResistanceStringTests" name="testCreateFormattedResistanceStringFourBandBlackOrangeYellowBrown" time="0.000" timestamp="2018-10-19T20:32:58"/>
	<testcase classname="create_formatted_resistance_string_tests.CreateFormattedResistanceStringTests" name="testCreateFormattedResistanceStringFourBandBlackOrangeYellowGold" time="0.000" timestamp="2018-10-19T20:32:58"/>
	<testcase classname="create_formatted_resistance_string_tests.CreateFormattedResistanceStringTests" name="testCreateFormattedResistanceStringFourBandBlackOrangeYellowGreen" time="0.000" timestamp="2018-10-19T20:32:58"/>
	<testcase classname="create_formatted_resistance_string_tests.CreateFormattedResistanceStringTests" name="testCreateFormattedResistanceStringFourBandBlackOrangeYellowGrey" time="0.000" timestamp="2018-10-19T20:32:58"/>
	<testcase classname="create_formatted_resistance_string_tests.CreateFormattedResistanceStringTests" name="testCreateFormattedResistanceStringFourBandBlackOrangeYellowNone" time="0.000" timestamp="2018-10-19T20:32:58"/>
	<testcase classname="create_formatted_resistance_string_tests.CreateFormattedResistanceStringTests" name="testCreateFormattedResistanceStringFourBandBlackOrangeYellowRed" time="0.000" timestamp="2018-10-19T20:32:58"/>
	<testcase classname="create_formatted_resistance_string_tests.CreateFormattedResistanceStringTests" name="testCreateFormattedResistanceStringFourBandBlackOrangeYellowSilver" time="0.000" timestamp="2018-10-19T20:32:58"/>
	<testcase classname="create_formatted_resistance_string_tests.CreateFormattedResistanceStringTests" name="testCreateFormattedResistanceStringFourBandBlackOrangeYellowViolet" time="0.000" timestamp="2018-10-19T20:32:58"/>
	<testcase classname="create_formatted_resistance_string_tests.CreateFormattedResistanceStringTests" name="testCreateFormattedResistanceStringFourBandBlackRedBlackBlue" time="0.000" timestamp="2018-10-19T20:32:58"/>
	<testcase classname="create_formatted_resistance_string_tests.CreateFormattedResistanceStringTests" name="testCreateFormattedResistanceStringFourBandBlackRedBlackBrown" time="0.000" timestamp="2018-10-19T20:32:58"/>
	<testcase classname="create_formatted_resistance_string_tests.CreateFormattedResistanceStringTests" name="testCreateFormattedResistanceStringFourBandBlackRedBlackGold" time="0.000" timestamp="2018-10-19T20:32:58"/>
	<testcase classname="create_formatted_resistance_string_tests.CreateFormattedResistanceStringTests" name="testCreateFormattedResistanceStringFourBandBlackRedBlackGreen" time="0.000" timestamp="2018-10-19T20:32:58"/>
	<testcase classname="create_formatted_resistance_string_tests.CreateFormattedResistanceStringTests" name="testCreateFormattedResistanceStringFourBandBlackRedBlackGrey" time="0.000" timestamp="2018-10-19T20:32:58"/>
	<testcase classname="create_formatted_resistance_string_tests.CreateFormattedResistanceStringTests" name="testCreateFormattedResistanceStringFourBandBlackRedBlackNone" time="0.000" timestamp="2018-10-19T20:32:58"/>
	<testcase classname="create_formatted_resistance_string_tests.CreateFormattedResistanceStringTests" name="testCreateFormattedResistanceStringFourBandBlackRedBlackRed" time="0.000" timestamp="2018-10-19T20:32:58"/>
	<testcase classname="create_formatted_resistance_string_tests.CreateFormattedResistanceStringTests" name="testCreateFormattedResistanceStringFourBandBlackRedBlackSilver" time="0.000" timestamp="2018-10-19T20:32:58"/>
	<testcase classname="create_formatted_resistance_string_tests.CreateFormattedResistanceStringTests" name="testCreateFormattedResistanceStringFourBandBlackRedBlackViolet" time="0.000" timestamp="2018-10-19T20:32:58"/>
	<testcase classname="create_formatted_resistance_string_tests.CreateFormattedResistanceStringTests" name="testCreateFormattedResistanceStringFourBandBlackRedBlueBlue" time="0.000" timestamp="2018-10-19T20:32:58"/>
	<testcase classname="create_formatted_resistance_string_tests.CreateFormattedResistanceStringTests" name="testCreateFormattedResistanceStringFourBandBlackRedBlueBrown" time="0.000" timestamp="2018-10-19T20:32:58"/>
	<testcase classname="create_formatted_resistance_string_tests.CreateFormattedResistanceStringTests" name="testCreateFormattedResistanceStringFourBandBlackRedBlueGold" time="0.000" timestamp="2018-10-19T20:32:58"/>
	<testcase classname="create_formatted_resistance_string_tests.CreateFormattedResistanceStringTests" name="testCreateFormattedResistanceStringFourBandBlackRedBlueGreen" time="0.000" timestamp="2018-10-19T20:32:58"/>
	<testcase classname="create_formatted_resistance_string_tests.CreateFormattedResistanceStringTests" name="testCreateFormattedResistanceStringFourBandBlackRedBlueGrey" time="0.000" timestamp="2018-10-19T20:32:58"/>
	<testcase classname="create_formatted_resistance_string_tests.CreateFormattedResistanceStringTests" name="testCreateFormattedResistanceStringFourBandBlackRedBlueNone" time="0.000" timestamp="2018-10-19T20:32:58"/>
	<testcase classname="create_formatted_resistance_string_tests.CreateFormattedResistanceStringTests" name="testCreateFormattedResistanceStringFourBandBlackRedBlueRed" time="0.000" timestamp="2018-10-19T20:32:58"/>
	<testcase classname="create_formatted_resistance_string_tests.CreateFormattedResistanceStringTests" name="testCreateFormattedResistanceStringFourBandBlackRedBlueSilver" time="0.000" timestamp="2018-10-19T20:32:58"/>
	<testcase classname="create_formatted_resistance_string_tests.CreateFormattedResistanceStringTests" name="testCreateFormattedResistanceStringFourBandBlackRedBlueViolet" time="0.000" timestamp="2018-10-19T20:32:58"/>
	<testcase classname="create_formatted_resistance_string_tests.CreateFormattedResistanceStringTests" name="testCreateFormattedResistanceStringFourBandBlackRedBrownBlue" time="0.000" timestamp="2018-10-19T20:32:58"/>
	<testcase classname="create_formatted_resistance_string_tests.CreateFormattedResistanceStringTests" name="testCreateFormattedResistanceStringFourBandBlackRedBrownBrown" time="0.000" timestamp="2018-10-19T20:32:58"/>
	<testcase classname="create_formatted_resistance_string_tests.CreateFormattedResistanceStringTests" name="testCreateFormattedResistanceStringFourBandBlackRedBrownGold" time="0.000" timestamp="2018-10-19T20:32:58"/>
	<testcase classname="create_formatted_resistance_string_tests.CreateFormattedResistanceStringTests" name="testCreateFormattedResistanceStringFourBandBlackRedBrownGreen" time="0.000" timestamp="2018-10-19T20:32:58"/>
	<testcase classname="create_formatted_resistance_string_tests.CreateFormattedResistanceStringTests" name="testCreateFormattedResistanceStringFourBandBlackRedBrownGrey" time="0.000" timestamp="2018-10-19T20:32:58"/>
	<testcase classname="create_formatted_resistance_string_tests.CreateFormattedResistanceStringTests" name="testCreateFormattedResistanceStringFourBandBlackRedBrownNone" time="0.000" timestamp="2018-10-19T20:32:58"/>
	<testcase classname="create_formatted_resistance_string_tests.CreateFormattedResistanceStringTests" name="testCreateFormattedResistanceStringFourBandBlackRedBrownRed" time="0.000" timestamp="2018-10-19T20:32:58"/>
	<testcase classname="create_formatted_resistance_string_tests.CreateFormattedResistanceStringTests" name="testCreateFormattedResistanceStringFourBandBlackRedBrownSilver" time="0.000" timestamp="2018-10-19T20:32:58"/>
	<testcase classname="create_formatted_resistance_string_tests.CreateFormattedResistanceStringTests" name="testCreateFormattedResistanceStringFourBandBlackRedBrownViolet" time="0.000" timestamp="2018-10-19T20:32:58"/>
	<testcase classname="create_formatted_resistance_string_tests.CreateFormattedResistanceStringTests" name="testCreateFormattedResistanceStringFourBandBlackRedGoldBlue" time="0.000" timestamp="2018-10-19T20:32:58"/>
	<testcase classname="create_formatted_resistance_string_tests.CreateFormattedResistanceStringTests" name="testCreateFormattedResistanceStringFourBandBlackRedGoldBrown" time="0.000" timestamp="2018-10-19T20:32:58"/>
	<testcase classname="create_formatted_resistance_string_tests.CreateFormattedResistanceStringTests" name="testCreateFormattedResistanceStringFourBandBlackRedGoldGold" time="0.000" timestamp="2018-10-19T20:32:58"/>
	<testcase classname="create_formatted_resistance_string_tests.CreateFormattedResistanceStringTests" name="testCreateFormattedResistanceStringFourBandBlackRedGoldGreen" time="0.000" timestamp="2018-10-19T20:32:58"/>
	<testcase classname="create_formatted_resistance_string_tests.CreateFormattedResistanceStringTests" name="testCreateFormattedResistanceStringFourBandBlackRedGoldGrey" time="0.000" timestamp="2018-10-19T20:32:58"/>
	<testcase classname="create_formatted_resistance_string_tests.CreateFormattedResistanceStringTests" name="testCreateFormattedResistanceStringFourBandBlackRedGoldNone" time="0.000" timestamp="2018-10-19T20:32:58"/>
	<testcase classname="create_formatted_resistance_string_tests.CreateFormattedResistanceStringTests" name="testCreateFormattedResistanceStringFourBandBlackRedGoldRed" time="0.000" timestamp="2018-10-19T20:32:58"/>
	<testcase classname="create_formatted_resistance_string_tests.CreateFormattedResistanceStringTests" name="testCreateFormattedResistanceStringFourBandBlackRedGoldSilver" time="0.000" timestamp="2018-10-19T20:32:58"/>
	<testcase classname="create_formatted_resistance_string_tests.CreateFormattedResistanceStringTests" name="testCreateFormattedResistanceStringFourBandBlackRedGoldViolet" time="0.000" timestamp="2018-10-19T20:32:58"/>
	<testcase classname="create_formatted_resistance_string_tests.CreateFormattedResistanceStringTests" name="testCreateFormattedResistanceStringFourBandBlackRedGreenBlue" time="0.000" timestamp="2018-10-19T20:32:58"/>
	<testcase classname="create_formatted_resistance_string_tests.CreateFormattedResistanceStringTests" name="testCreateFormattedResistanceStringFourBandBlackRedGreenBrown" time="0.000" timestamp="2018-10-19T20:32:58"/>
	<testcase classname="create_formatted_resistance_string_tests.CreateFormattedResistanceStringTests" name="testCreateFormattedResistanceStringFourBandBlackRedGreenGold" time="0.000" timestamp="2018-10-19T20:32:58"/>
	<testcase classname="create_formatted_resistance_string_tests.CreateFormattedResistanceStringTests" name="testCreateFormattedResistanceStringFourBandBlackRedGreenGreen" time="0.000" timestamp="2018-10-19T20:32:58"/>
	<testcase classname="create_formatted_resistance_string_tests.CreateFormattedResistanceStringTests" name="testCreateFormattedResistanceStringFourBandBlackRedGreenGrey" time="0.000" timestamp="2018-10-19T20:32:58"/>
	<testcase classname="create_formatted_resistance_string_tests.CreateFormattedResistanceStringTests" name="testCreateFormattedResistanceStringFourBandBlackRedGreenNone" time="0.000" timestamp="2018-10-19T20:32:58"/>
	<testcase classname="create_formatted_resistance_string_tests.CreateFormattedResistanceStringTests" name="testCreateFormattedResistanceStringFourBandBlackRedGreenRed" time="0.000" timestamp="2018-10-19T20:32:58"/>
	<testcase classname="create_formatted_resistance_string_tests.CreateFormattedResistanceStringTests" name="testCreateFormattedResistanceStringFourBandBlackRedGreenSilver" time="0.000" timestamp="2018-10-19T20:32:58"/>
	<testcase classname="create_formatted_resistance_string_tests.CreateFormattedResistanceStringTests" name="testCreateFormattedResistanceStringFourBandBlackRedGreenViolet" time="0.000" timestamp="2018-10-19T20:32:58"/>
	<testcase classname="create_formatted_resistance_string_tests.CreateFormattedResistanceStringTests" name="testCreateFormattedResistanceStringFourBandBlackRedGreyBlue" time="0.000" timestamp="2018-10-19T20:32:58"/>
	<testcase classname="create_formatted_resistance_string_tests.CreateFormattedResistanceStringTests" name="testCreateFormattedResistanceStringFourBandBlackRedGreyBrown" time="0.000" timestamp="2018-10-19T20:32:58"/>
	<testcase classname="create_formatted_resistance_string_tests.CreateFormattedResistanceStringTests" name="testCreateFormattedResistanceStringFourBandBlackRedGreyGold" time="0.000" timestamp="2018-10-19T20:32:58"/>
	<testcase classname="create_formatted_resistance_string_tests.CreateFormattedResistanceStringTests" name="testCreateFormattedResistanceStringFourBandBlackRedGreyGreen" time="0.000" timestamp="2018-10-19T20:32:58"/>
	<testcase classname="create_formatted_resistance_string_tests.CreateFormattedResistanceStringTests" name="testCreateFormattedResistanceStringFourBandBlackRedGreyGrey" time="0.000" timestamp="2018-10-19T20:32:58"/>
	<testcase classname="create_formatted_resistance_string_tests.CreateFormattedResistanceStringTests" name="testCreateFormattedResistanceStringFourBandBlackRedGreyNone" time="0.000" timestamp="2018-10-19T20:32:58"/>
	<testcase classname="create_formatted_resistance_string_tests.CreateFormattedResistanceStringTests" name="testCreateFormattedResistanceStringFourBandBlackRedGreyRed" time="0.000" timestamp="2018-10-19T20:32:58"/>
	<testcase classname="create_formatted_resistance_string_tests.CreateFormattedResistanceStringTests" name="testCreateFormattedResistanceStringFourBandBlackRedGreySilver" time="0.000" timestamp="2018-10-19T20:32:58"/>
	<testcase classname="create_formatted_resistance_string_tests.CreateFormattedResistanceStringTests" name="testCreateFormattedResistanceStringFourBandBlackRedGreyViolet" time="0.000" timestamp="2018-10-19T20:32:58"/>
	<testcase classname="create_formatted_resistance_string_tests.CreateFormattedResistanceStringTests" name="testCreateFormattedResistanceStringFourBandBlackRedOrangeBlue" time="0.000" timestamp="2018-10-19T20:32:58"/>
	<testcase classname="create_formatted_resistance_string_tests.CreateFormattedResistanceStringTests" name="testCreateFormattedResistanceStringFourBandBlackRedOrangeBrown" time="0.000" timestamp="2018-10-19T20:32:58"/>
	<testcase classname="create_formatted_resistance_string_tests.CreateFormattedResistanceStringTests" name="testCreateFormattedResistanceStringFourBandBlackRedOrangeGold" time="0.000" timestamp="2018-10-19T20:32:58"/>
	<testcase classname="create_formatted_resistance_string_tests.CreateFormattedResistanceStringTests" name="testCreateFormattedResistanceStringFourBandBlackRedOrangeGreen" time="0.000" timestamp="2018-10-19T20:32:58"/>
	<testcase classname="create_formatted_resistance_string_tests.CreateFormattedResistanceStringTests" name="testCreateFormattedResistanceStringFourBandBlackRedOrangeGrey" time="0.000" timestamp="2018-10-19T20:32:58"/>
	<testcase classname="create_formatted_resistance_string_tests.CreateFormattedResistanceStringTests" name="testCreateFormattedResistanceStringFourBandBlackRedOrangeNone" time="0.000" timestamp="2018-10-19T20:32:58"/>
	<testcase classname="create_formatted_resistance_string_tests.CreateFormattedResistanceStringTests" name="testCreateFormattedResistanceStringFourBandBlackRedOrangeRed" time="0.000" timestamp="2018-10-19T20:32:58"/>
	<testcase classname="create_formatted_resistance_string_tests.CreateFormattedResistanceStringTests" name="testCreateFormattedResistanceStringFourBandBlackRedOrangeSilver" time="0.000" timestamp="2018-10-19T20:32:58"/>
	<testcase classname="create_formatted_resistance_string_tests.CreateFormattedResistanceStringTests" name="testCreateFormattedResistanceStringFourBandBlackRedOrangeViolet" time="0.000" timestamp="2018-10-19T20:32:58"/>
	<testcase classname="create_formatted_resistance_string_tests.CreateFormattedResistanceStringTests" name="testCreateFormattedResistanceStringFourBandBlackRedRedBlue" time="0.000" timestamp="2018-10-19T20:32:58"/>
	<testcase classname="create_formatted_resistance_string_tests.CreateFormattedResistanceStringTests" name="testCreateFormattedResistanceStringFourBandBlackRedRedBrown" time="0.000" timestamp="2018-10-19T20:32:58"/>
	<testcase classname="create_formatted_resistance_string_tests.CreateFormattedResistanceStringTests" name="testCreateFormattedResistanceStringFourBandBlackRedRedGold" time="0.000" timestamp="2018-10-19T20:32:58"/>
	<testcase classname="create_formatted_resistance_string_tests.CreateFormattedResistanceStringTests" name="testCreateFormattedResistanceStringFourBandBlackRedRedGreen" time="0.000" timestamp="2018-10-19T20:32:58"/>
	<testcase classname="create_formatted_resistance_string_tests.CreateFormattedResistanceStringTests" name="testCreateFormattedResistanceStringFourBandBlackRedRedGrey" time="0.000" timestamp="2018-10-19T20:32:58"/>
	<testcase classname="create_formatted_resistance_string_tests.CreateFormattedResistanceStringTests" name="testCreateFormattedResistanceStringFourBandBlackRedRedNone" time="0.000" timestamp="2018-10-19T20:32:58"/>
	<testcase classname="create_formatted_resistance_string_tests.CreateFormattedResistanceStringTests" name="testCreateFormattedResistanceStringFourBandBlackRedRedRed" time="0.000" timestamp="2018-10-19T20:32:58"/>
	<testcase classname="create_formatted_resistance_string_tests.CreateFormattedResistanceStringTests" name="testCreateFormattedResistanceStringFourBandBlackRedRedSilver" time="0.000" timestamp="2018-10-19T20:32:58"/>
	<testcase classname="create_formatted_resistance_string_tests.CreateFormattedResistanceStringTests" name="testCreateFormattedResistanceStringFourBandBlackRedRedViolet" time="0.000" timestamp="2018-10-19T20:32:58"/>
	<testcase classname="create_formatted_resistance_string_tests.CreateFormattedResistanceStringTests" name="testCreateFormattedResistanceStringFourBandBlackRedSilverBlue" time="0.000" timestamp="2018-10-19T20:32:58"/>
	<testcase classname="create_formatted_resistance_string_tests.CreateFormattedResistanceStringTests" name="testCreateFormattedResistanceStringFourBandBlackRedSilverBrown" time="0.000" timestamp="2018-10-19T20:32:58"/>
	<testcase classname="create_formatted_resistance_string_tests.CreateFormattedResistanceStringTests" name="testCreateFormattedResistanceStringFourBandBlackRedSilverGold" time="0.000" timestamp="2018-10-19T20:32:58"/>
	<testcase classname="create_formatted_resistance_string_tests.CreateFormattedResistanceStringTests" name="testCreateFormattedResistanceStringFourBandBlackRedSilverGreen" time="0.000" timestamp="2018-10-19T20:32:58"/>
	<testcase classname="create_formatted_resistance_string_tests.CreateFormattedResistanceStringTests" name="testCreateFormattedResistanceStringFourBandBlackRedSilverGrey" time="0.000" timestamp="2018-10-19T20:32:58"/>
	<testcase classname="create_formatted_resistance_string_tests.CreateFormattedResistanceStringTests" name="testCreateFormattedResistanceStringFourBandBlackRedSilverNone" time="0.000" timestamp="2018-10-19T20:32:58"/>
	<testcase classname="create_formatted_resistance_string_tests.CreateFormattedResistanceStringTests" name="testCreateFormattedResistanceStringFourBandBlackRedSilverRed" time="0.000" timestamp="2018-10-19T20:32:58"/>
	<testcase classname="create_formatted_resistance_string_tests.CreateFormattedResistanceStringTests" name="testCreateFormattedResistanceStringFourBandBlackRedSilverSilver" time="0.000" timestamp="2018-10-19T20:32:58"/>
	<testcase classname="create_formatted_resistance_string_tests.CreateFormattedResistanceStringTests" name="testCreateFormattedResistanceStringFourBandBlackRedSilverViolet" time="0.000" timestamp="2018-10-19T20:32:58"/>
	<testcase classname="create_formatted_resistance_string_tests.CreateFormattedResistanceStringTests" name="testCreateFormattedResistanceStringFourBandBlackRedVioletBlue" time="0.000" timestamp="2018-10-19T20:32:58"/>
	<testcase classname="create_formatted_resistance_string_tests.CreateFormattedResistanceStringTests" name="testCreateFormattedResistanceStringFourBandBlackRedVioletBrown" time="0.000" timestamp="2018-10-19T20:32:58"/>
	<testcase classname="create_formatted_resistance_string_tests.CreateFormattedResistanceStringTests" name="testCreateFormattedResistanceStringFourBandBlackRedVioletGold" time="0.000" timestamp="2018-10-19T20:32:58"/>
	<testcase classname="create_formatted_resistance_string_tests.CreateFormattedResistanceStringTests" name="testCreateFormattedResistanceStringFourBandBlackRedVioletGreen" time="0.000" timestamp="2018-10-19T20:32:58"/>
	<testcase classname="create_formatted_resistance_string_tests.CreateFormattedResistanceStringTests" name="testCreateFormattedResistanceStringFourBandBlackRedVioletGrey" time="0.000" timestamp="2018-10-19T20:32:58"/>
	<testcase classname="create_formatted_resistance_string_tests.CreateFormattedResistanceStringTests" name="testCreateFormattedResistanceStringFourBandBlackRedVioletNone" time="0.000" timestamp="2018-10-19T20:32:58"/>
	<testcase classname="create_formatted_resistance_string_tests.CreateFormattedResistanceStringTests" name="testCreateFormattedResistanceStringFourBandBlackRedVioletRed" time="0.000" timestamp="2018-10-19T20:32:58"/>
	<testcase classname="create_formatted_resistance_string_tests.CreateFormattedResistanceStringTests" name="testCreateFormattedResistanceStringFourBandBlackRedVioletSilver" time="0.000" timestamp="2018-10-19T20:32:58"/>
	<testcase classname="create_formatted_resistance_string_tests.CreateFormattedResistanceStringTests" name="testCreateFormattedResistanceStringFourBandBlackRedVioletViolet" time="0.000" timestamp="2018-10-19T20:32:58"/>
	<testcase classname="create_formatted_resistance_string_tests.CreateFormattedResistanceStringTests" name="testCreateFormattedResistanceStringFourBandBlackRedWhiteBlue" time="0.000" timestamp="2018-10-19T20:32:58"/>
	<testcase classname="create_formatted_resistance_string_tests.CreateFormattedResistanceStringTests" name="testCreateFormattedResistanceStringFourBandBlackRedWhiteBrown" time="0.000" timestamp="2018-10-19T20:32:58"/>
	<testcase classname="create_formatted_resistance_string_tests.CreateFormattedResistanceStringTests" name="testCreateFormattedResistanceStringFourBandBlackRedWhiteGold" time="0.000" timestamp="2018-10-19T20:32:58"/>
	<testcase classname="create_formatted_resistance_string_tests.CreateFormattedResistanceStringTests" name="testCreateFormattedResistanceStringFourBandBlackRedWhiteGreen" time="0.000" timestamp="2018-10-19T20:32:58"/>
	<testcase classname="create_formatted_resistance_string_tests.CreateFormattedResistanceStringTests" name="testCreateFormattedResistanceStringFourBandBlackRedWhiteGrey" time="0.000" timestamp="2018-10-19T20:32:58"/>
	<testcase classname="create_formatted_resistance_string_tests.CreateFormattedResistanceStringTests" name="testCreateFormattedResistanceStringFourBandBlackRedWhiteNone" time="0.000" timestamp="2018-10-19T20:32:58"/>
	<testcase classname="create_formatted_resistance_string_tests.CreateFormattedResistanceStringTests" name="testCreateFormattedResistanceStringFourBandBlackRedWhiteRed" time="0.000" timestamp="2018-10-19T20:32:58"/>
	<testcase classname="create_formatted_resistance_string_tests.CreateFormattedResistanceStringTests" name="testCreateFormattedResistanceStringFourBandBlackRedWhiteSilver" time="0.000" timestamp="2018-10-19T20:32:58"/>
	<testcase classname="create_formatted_resistance_string_tests.CreateFormattedResistanceStringTests" name="testCreateFormattedResistanceStringFourBandBlackRedWhiteViolet" time="0.000" timestamp="2018-10-19T20:32:58"/>
	<testcase classname="create_formatted_resistance_string_tests.CreateFormattedResistanceStringTests" name="testCreateFormattedResistanceStringFourBandBlackRedYellowBlue" time="0.000" timestamp="2018-10-19T20:32:58"/>
	<testcase classname="create_formatted_resistance_string_tests.CreateFormattedResistanceStringTests" name="testCreateFormattedResistanceStringFourBandBlackRedYellowBrown" time="0.000" timestamp="2018-10-19T20:32:58"/>
	<testcase classname="create_formatted_resistance_string_tests.CreateFormattedResistanceStringTests" name="testCreateFormattedResistanceStringFourBandBlackRedYellowGold" time="0.000" timestamp="2018-10-19T20:32:58"/>
	<testcase classname="create_formatted_resistance_string_tests.CreateFormattedResistanceStringTests" name="testCreateFormattedResistanceStringFourBandBlackRedYellowGreen" time="0.000" timestamp="2018-10-19T20:32:58"/>
	<testcase classname="create_formatted_resistance_string_tests.CreateFormattedResistanceStringTests" name="testCreateFormattedResistanceStringFourBandBlackRedYellowGrey" time="0.000" timestamp="2018-10-19T20:32:58"/>
	<testcase classname="create_formatted_resistance_string_tests.CreateFormattedResistanceStringTests" name="testCreateFormattedResistanceStringFourBandBlackRedYellowNone" time="0.000" timestamp="2018-10-19T20:32:58"/>
	<testcase classname="create_formatted_resistance_string_tests.CreateFormattedResistanceStringTests" name="testCreateFormattedResistanceStringFourBandBlackRedYellowRed" time="0.000" timestamp="2018-10-19T20:32:58"/>
	<testcase classname="create_formatted_resistance_string_tests.CreateFormattedResistanceStringTests" name="testCreateFormattedResistanceStringFourBandBlackRedYellowSilver" time="0.000" timestamp="2018-10-19T20:32:58"/>
	<testcase classname="create_formatted_resistance_string_tests.CreateFormattedResistanceStringTests" name="testCreateFormattedResistanceStringFourBandBlackRedYellowViolet" time="0.000" timestamp="2018-10-19T20:32:58"/>
	<testcase classname="create_formatted_resistance_string_tests.CreateFormattedResistanceStringTests" name="testCreateFormattedResistanceStringFourBandBlackVioletBlackBlue" time="0.000" timestamp="2018-10-19T20:32:58"/>
	<testcase classname="create_formatted_resistance_string_tests.CreateFormattedResistanceStringTests" name="testCreateFormattedResistanceStringFourBandBlackVioletBlackBrown" time="0.000" timestamp="2018-10-19T20:32:58"/>
	<testcase classname="create_formatted_resistance_string_tests.CreateFormattedResistanceStringTests" name="testCreateFormattedResistanceStringFourBandBlackVioletBlackGold" time="0.000" timestamp="2018-10-19T20:32:58"/>
	<testcase classname="create_formatted_resistance_string_tests.CreateFormattedResistanceStringTests" name="testCreateFormattedResistanceStringFourBandBlackVioletBlackGreen" time="0.000" timestamp="2018-10-19T20:32:58"/>
	<testcase classname="create_formatted_resistance_string_tests.CreateFormattedResistanceStringTests" name="testCreateFormattedResistanceStringFourBandBlackVioletBlackGrey" time="0.000" timestamp="2018-10-19T20:32:58"/>
	<testcase classname="create_formatted_resistance_string_tests.CreateFormattedResistanceStringTests" name="testCreateFormattedResistanceStringFourBandBlackVioletBlackNone" time="0.000" timestamp="2018-10-19T20:32:58"/>
	<testcase classname="create_formatted_resistance_string_tests.CreateFormattedResistanceStringTests" name="testCreateFormattedResistanceStringFourBandBlackVioletBlackRed" time="0.000" timestamp="2018-10-19T20:32:58"/>
	<testcase classname="create_formatted_resistance_string_tests.CreateFormattedResistanceStringTests" name="testCreateFormattedResistanceStringFourBandBlackVioletBlackSilver" time="0.000" timestamp="2018-10-19T20:32:58"/>
	<testcase classname="create_formatted_resistance_string_tests.CreateFormattedResistanceStringTests" name="testCreateFormattedResistanceStringFourBandBlackVioletBlackViolet" time="0.000" timestamp="2018-10-19T20:32:58"/>
	<testcase classname="create_formatted_resistance_string_tests.CreateFormattedResistanceStringTests" name="testCreateFormattedResistanceStringFourBandBlackVioletBlueBlue" time="0.000" timestamp="2018-10-19T20:32:58"/>
	<testcase classname="create_formatted_resistance_string_tests.CreateFormattedResistanceStringTests" name="testCreateFormattedResistanceStringFourBandBlackVioletBlueBrown" time="0.000" timestamp="2018-10-19T20:32:58"/>
	<testcase classname="create_formatted_resistance_string_tests.CreateFormattedResistanceStringTests" name="testCreateFormattedResistanceStringFourBandBlackVioletBlueGold" time="0.000" timestamp="2018-10-19T20:32:58"/>
	<testcase classname="create_formatted_resistance_string_tests.CreateFormattedResistanceStringTests" name="testCreateFormattedResistanceStringFourBandBlackVioletBlueGreen" time="0.000" timestamp="2018-10-19T20:32:58"/>
	<testcase classname="create_formatted_resistance_string_tests.CreateFormattedResistanceStringTests" name="testCreateFormattedResistanceStringFourBandBlackVioletBlueGrey" time="0.000" timestamp="2018-10-19T20:32:58"/>
	<testcase classname="create_formatted_resistance_string_tests.CreateFormattedResistanceStringTests" name="testCreateFormattedResistanceStringFourBandBlackVioletBlueNone" time="0.000" timestamp="2018-10-19T20:32:58"/>
	<testcase classname="create_formatted_resistance_string_tests.CreateFormattedResistanceStringTests" name="testCreateFormattedResistanceStringFourBandBlackVioletBlueRed" time="0.000" timestamp="2018-10-19T20:32:58"/>
	<testcase classname="create_formatted_resistance_string_tests.CreateFormattedResistanceStringTests" name="testCreateFormattedResistanceStringFourBandBlackVioletBlueSilver" time="0.000" timestamp="2018-10-19T20:32:58"/>
	<testcase classname="create_formatted_resistance_string_tests.CreateFormattedResistanceStringTests" name="testCreateFormattedResistanceStringFourBandBlackVioletBlueViolet" time="0.000" timestamp="2018-10-19T20:32:58"/>
	<testcase classname="create_formatted_resistance_string_tests.CreateFormattedResistanceStringTests" name="testCreateFormattedResistanceStringFourBandBlackVioletBrownBlue" time="0.000" timestamp="2018-10-19T20:32:58"/>
	<testcase classname="create_formatted_resistance_string_tests.CreateFormattedResistanceStringTests" name="testCreateFormattedResistanceStringFourBandBlackVioletBrownBrown" time="0.000" timestamp="2018-10-19T20:32:58"/>
	<testcase classname="create_formatted_resistance_string_tests.CreateFormattedResistanceStringTests" name="testCreateFormattedResistanceStringFourBandBlackVioletBrownGold" time="0.000" timestamp="2018-10-19T20:32:58"/>
	<testcase classname="create_formatted_resistance_string_tests.CreateFormattedResistanceStringTests" name="testCreateFormattedResistanceStringFourBandBlackVioletBrownGreen" time="0.000" timestamp="2018-10-19T20:32:58"/>
	<testcase classname="create_formatted_resistance_string_tests.CreateFormattedResistanceStringTests" name="testCreateFormattedResistanceStringFourBandBlackVioletBrownGrey" time="0.000" timestamp="2018-10-19T20:32:58"/>
	<testcase classname="create_formatted_resistance_string_tests.CreateFormattedResistanceStringTests" name="testCreateFormattedResistanceStringFourBandBlackVioletBrownNone" time="0.000" timestamp="2018-10-19T20:32:58"/>
	<testcase classname="create_formatted_resistance_string_tests.CreateFormattedResistanceStringTests" name="testCreateFormattedResistanceStringFourBandBlackVioletBrownRed" time="0.000" timestamp="2018-10-19T20:32:58"/>
	<testcase classname="create_formatted_resistance_string_tests.CreateFormattedResistanceStringTests" name="testCreateFormattedResistanceStringFourBandBlackVioletBrownSilver" time="0.000" timestamp="2018-10-19T20:32:58"/>
	<testcase classname="create_formatted_resistance_string_tests.CreateFormattedResistanceStringTests" name="testCreateFormattedResistanceStringFourBandBlackVioletBrownViolet" time="0.000" timestamp="2018-10-19T20:32:58"/>
	<testcase classname="create_formatted_resistance_string_tests.CreateFormattedResistanceStringTests" name="testCreateFormattedResistanceStringFourBandBlackVioletGoldBlue" time="0.000" timestamp="2018-10-19T20:32:58"/>
	<testcase classname="create_formatted_resistance_string_tests.CreateFormattedResistanceStringTests" name="testCreateFormattedResistanceStringFourBandBlackVioletGoldBrown" time="0.000" timestamp="2018-10-19T20:32:58"/>
	<testcase classname="create_formatted_resistance_string_tests.CreateFormattedResistanceStringTests" name="testCreateFormattedResistanceStringFourBandBlackVioletGoldGold" time="0.000" timestamp="2018-10-19T20:32:58"/>
	<testcase classname="create_formatted_resistance_string_tests.CreateFormattedResistanceStringTests" name="testCreateFormattedResistanceStringFourBandBlackVioletGoldGreen" time="0.000" timestamp="2018-10-19T20:32:58"/>
	<testcase classname="create_formatted_resistance_string_tests.CreateFormattedResistanceStringTests" name="testCreateFormattedResistanceStringFourBandBlackVioletGoldGrey" time="0.000" timestamp="2018-10-19T20:32:58"/>
	<testcase classname="create_formatted_resistance_string_tests.CreateFormattedResistanceStringTests" name="testCreateFormattedResistanceStringFourBandBlackVioletGoldNone" time="0.000" timestamp="2018-10-19T20:32:58"/>
	<testcase classname="create_formatted_resistance_string_tests.CreateFormattedResistanceStringTests" name="testCreateFormattedResistanceStringFourBandBlackVioletGoldRed" time="0.000" timestamp="2018-10-19T20:32:58"/>
	<testcase classname="create_formatted_resistance_string_tests.CreateFormattedResistanceStringTests" name="testCreateFormattedResistanceStringFourBandBlackVioletGoldSilver" time="0.000" timestamp="2018-10-19T20:32:58"/>
	<testcase classname="create_formatted_resistance_string_tests.CreateFormattedResistanceStringTests" name="testCreateFormattedResistanceStringFourBandBlackVioletGoldViolet" time="0.000" timestamp="2018-10-19T20:32:58"/>
	<testcase classname="create_formatted_resistance_string_tests.CreateFormattedResistanceStringTests" name="testCreateFormattedResistanceStringFourBandBlackVioletGreenBlue" time="0.000" timestamp="2018-10-19T20:32:58"/>
	<testcase classname="create_formatted_resistance_string_tests.CreateFormattedResistanceStringTests" name="testCreateFormattedResistanceStringFourBandBlackVioletGreenBrown" time="0.000" timestamp="2018-10-19T20:32:58"/>
	<testcase classname="create_formatted_resistance_string_tests.CreateFormattedResistanceStringTests" name="testCreateFormattedResistanceStringFourBandBlackVioletGreenGold" time="0.000" timestamp="2018-10-19T20:32:58"/>
	<testcase classname="create_formatted_resistance_string_tests.CreateFormattedResistanceStringTests" name="testCreateFormattedResistanceStringFourBandBlackVioletGreenGreen" time="0.000" timestamp="2018-10-19T20:32:58"/>
	<testcase classname="create_formatted_resistance_string_tests.CreateFormattedResistanceStringTests" name="testCreateFormattedResistanceStringFourBandBlackVioletGreenGrey" time="0.000" timestamp="2018-10-19T20:32:58"/>
	<testcase classname="create_formatted_resistance_string_tests.CreateFormattedResistanceStringTests" name="testCreateFormattedResistanceStringFourBandBlackVioletGreenNone" time="0.000" timestamp="2018-10-19T20:32:58"/>
	<testcase classname="create_formatted_resistance_string_tests.CreateFormattedResistanceStringTests" name="testCreateFormattedResistanceStringFourBandBlackVioletGreenRed" time="0.000" timestamp="2018-10-19T20:32:58"/>
	<testcase classname="create_formatted_resistance_string_tests.CreateFormattedResistanceStringTests" name="testCreateFormattedResistanceStringFourBandBlackVioletGreenSilver" time="0.000" timestamp="2018-10-19T20:32:58"/>
	<testcase classname="create_formatted_resistance_string_tests.CreateFormattedResistanceStringTests" name="testCreateFormattedResistanceStringFourBandBlackVioletGreenViolet" time="0.000" timestamp="2018-10-19T20:32:58"/>
	<testcase classname="create_formatted_resistance_string_tests.CreateFormattedResistanceStringTests" name="testCreateFormattedResistanceStringFourBandBlackVioletGreyBlue" time="0.000" timestamp="2018-10-19T20:32:58"/>
	<testcase classname="create_formatted_resistance_string_tests.CreateFormattedResistanceStringTests" name="testCreateFormattedResistanceStringFourBandBlackVioletGreyBrown" time="0.000" timestamp="2018-10-19T20:32:58"/>
	<testcase classname="create_formatted_resistance_string_tests.CreateFormattedResistanceStringTests" name="testCreateFormattedResistanceStringFourBandBlackVioletGreyGold" time="0.000" timestamp="2018-10-19T20:32:58"/>
	<testcase classname="create_formatted_resistance_string_tests.CreateFormattedResistanceStringTests" name="testCreateFormattedResistanceStringFourBandBlackVioletGreyGreen" time="0.000" timestamp="2018-10-19T20:32:58"/>
	<testcase classname="create_formatted_resistance_string_tests.CreateFormattedResistanceStringTests" name="testCreateFormattedResistanceStringFourBandBlackVioletGreyGrey" time="0.000" timestamp="2018-10-19T20:32:58"/>
	<testcase classname="create_formatted_resistance_string_tests.CreateFormattedResistanceStringTests" name="testCreateFormattedResistanceStringFourBandBlackVioletGreyNone" time="0.000" timestamp="2018-10-19T20:32:58"/>
	<testcase classname="create_formatted_resistance_string_tests.CreateFormattedResistanceStringTests" name="testCreateFormattedResistanceStringFourBandBlackVioletGreyRed" time="0.000" timestamp="2018-10-19T20:32:58"/>
	<testcase classname="create_formatted_resistance_string_tests.CreateFormattedResistanceStringTests" name="testCreateFormattedResistanceStringFourBandBlackVioletGreySilver" time="0.000" timestamp="2018-10-19T20:32:58"/>
	<testcase classname="create_formatted_resistance_string_tests.CreateFormattedResistanceStringTests" name="testCreateFormattedResistanceStringFourBandBlackVioletGreyViolet" time="0.000" timestamp="2018-10-19T20:32:58"/>
	<testcase classname="create_formatted_resistance_string_tests.CreateFormattedResistanceStringTests" name="testCreateFormattedResistanceStringFourBandBlackVioletOrangeBlue" time="0.000" timestamp="2018-10-19T20:32:58"/>
	<testcase classname="create_formatted_resistance_string_tests.CreateFormattedResistanceStringTests" name="testCreateFormattedResistanceStringFourBandBlackVioletOrangeBrown" time="0.000" timestamp="2018-10-19T20:32:58"/>
	<testcase classname="create_formatted_resistance_string_tests.CreateFormattedResistanceStringTests" name="testCreateFormattedResistanceStringFourBandBlackVioletOrangeGold" time="0.000" timestamp="2018-10-19T20:32:58"/>
	<testcase classname="create_formatted_resistance_string_tests.CreateFormattedResistanceStringTests" name="testCreateFormattedResistanceStringFourBandBlackVioletOrangeGreen" time="0.000" timestamp="2018-10-19T20:32:58"/>
	<testcase classname="create_formatted_resistance_string_tests.CreateFormattedResistanceStringTests" name="testCreateFormattedResistanceStringFourBandBlackVioletOrangeGrey" time="0.000" timestamp="2018-10-19T20:32:58"/>
	<testcase classname="create_formatted_resistance_string_tests.CreateFormattedResistanceStringTests" name="testCreateFormattedResistanceStringFourBandBlackVioletOrangeNone" time="0.000" timestamp="2018-10-19T20:32:58"/>
	<testcase classname="create_formatted_resistance_string_tests.CreateFormattedResistanceStringTests" name="testCreateFormattedResistanceStringFourBandBlackVioletOrangeRed" time="0.000" timestamp="2018-10-19T20:32:58"/>
	<testcase classname="create_formatted_resistance_string_tests.CreateFormattedResistanceStringTests" name="testCreateFormattedResistanceStringFourBandBlackVioletOrangeSilver" time="0.000" timestamp="2018-10-19T20:32:58"/>
	<testcase classname="create_formatted_resistance_string_tests.CreateFormattedResistanceStringTests" name="testCreateFormattedResistanceStringFourBandBlackVioletOrangeViolet" time="0.000" timestamp="2018-10-19T20:32:58"/>
	<testcase classname="create_formatted_resistance_string_tests.CreateFormattedResistanceStringTests" name="testCreateFormattedResistanceStringFourBandBlackVioletRedBlue" time="0.000" timestamp="2018-10-19T20:32:58"/>
	<testcase classname="create_formatted_resistance_string_tests.CreateFormattedResistanceStringTests" name="testCreateFormattedResistanceStringFourBandBlackVioletRedBrown" time="0.000" timestamp="2018-10-19T20:32:58"/>
	<testcase classname="create_formatted_resistance_string_tests.CreateFormattedResistanceStringTests" name="testCreateFormattedResistanceStringFourBandBlackVioletRedGold" time="0.000" timestamp="2018-10-19T20:32:58"/>
	<testcase classname="create_formatted_resistance_string_tests.CreateFormattedResistanceStringTests" name="testCreateFormattedResistanceStringFourBandBlackVioletRedGreen" time="0.000" timestamp="2018-10-19T20:32:58"/>
	<testcase classname="create_formatted_resistance_string_tests.CreateFormattedResistanceStringTests" name="testCreateFormattedResistanceStringFourBandBlackVioletRedGrey" time="0.000" timestamp="2018-10-19T20:32:58"/>
	<testcase classname="create_formatted_resistance_string_tests.CreateFormattedResistanceStringTests" name="testCreateFormattedResistanceStringFourBandBlackVioletRedNone" time="0.000" timestamp="2018-10-19T20:32:58"/>
	<testcase classname="create_formatted_resistance_string_tests.CreateFormattedResistanceStringTests" name="testCreateFormattedResistanceStringFourBandBlackVioletRedRed" time="0.000" timestamp="2018-10-19T20:32:58"/>
	<testcase classname="create_formatted_resistance_string_tests.CreateFormattedResistanceStringTests" name="testCreateFormattedResistanceStringFourBandBlackVioletRedSilver" time="0.000" timestamp="2018-10-19T20:32:58"/>
	<testcase classname="create_formatted_resistance_string_tests.CreateFormattedResistanceStringTests" name="testCreateFormattedResistanceStringFourBandBlackVioletRedViolet" time="0.000" timestamp="2018-10-19T20:32:58"/>
	<testcase classname="create_formatted_resistance_string_tests.CreateFormattedResistanceStringTests" name="testCreateFormattedResistanceStringFourBandBlackVioletSilverBlue" time="0.000" timestamp="2018-10-19T20:32:58"/>
	<testcase classname="create_formatted_resistance_string_tests.CreateFormattedResistanceStringTests" name="testCreateFormattedResistanceStringFourBandBlackVioletSilverBrown" time="0.000" timestamp="2018-10-19T20:32:58"/>
	<testcase classname="create_formatted_resistance_string_tests.CreateFormattedResistanceStringTests" name="testCreateFormattedResistanceStringFourBandBlackVioletSilverGold" time="0.000" timestamp="2018-10-19T20:32:58"/>
	<testcase classname="create_formatted_resistance_string_tests.CreateFormattedResistanceStringTests" name="testCreateFormattedResistanceStringFourBandBlackVioletSilverGreen" time="0.000" timestamp="2018-10-19T20:32:58"/>
	<testcase classname="create_formatted_resistance_string_tests.CreateFormattedResistanceStringTests" name="testCreateFormattedResistanceStringFourBandBlackVioletSilverGrey" time="0.000" timestamp="2018-10-19T20:32:58"/>
	<testcase classname="create_formatted_resistance_string_tests.CreateFormattedResistanceStringTests" name="testCreateFormattedResistanceStringFourBandBlackVioletSilverNone" time="0.000" timestamp="2018-10-19T20:32:58"/>
	<testcase classname="create_formatted_resistance_string_tests.CreateFormattedResistanceStringTests" name="testCreateFormattedResistanceStringFourBandBlackVioletSilverRed" time="0.000" timestamp="2018-10-19T20:32:58"/>
	<testcase classname="create_formatted_resistance_string_tests.CreateFormattedResistanceStringTests" name="testCreateFormattedResistanceStringFourBandBlackVioletSilverSilver" time="0.000" timestamp="2018-10-19T20:32:58"/>
	<testcase classname="create_formatted_resistance_string_tests.CreateFormattedResistanceStringTests" name="testCreateFormattedResistanceStringFourBandBlackVioletSilverViolet" time="0.000" timestamp="2018-10-19T20:32:58"/>
	<testcase classname="create_formatted_resistance_string_tests.CreateFormattedResistanceStringTests" name="testCreateFormattedResistanceStringFourBandBlackVioletVioletBlue" time="0.000" timestamp="2018-10-19T20:32:58"/>
	<testcase classname="create_formatted_resistance_string_tests.CreateFormattedResistanceStringTests" name="testCreateFormattedResistanceStringFourBandBlackVioletVioletBrown" time="0.000" timestamp="2018-10-19T20:32:58"/>
	<testcase classname="create_formatted_resistance_string_tests.CreateFormattedResistanceStringTests" name="testCreateFormattedResistanceStringFourBandBlackVioletVioletGold" time="0.000" timestamp="2018-10-19T20:32:58"/>
	<testcase classname="create_formatted_resistance_string_tests.CreateFormattedResistanceStringTests" name="testCreateFormattedResistanceStringFourBandBlackVioletVioletGreen" time="0.000" timestamp="2018-10-19T20:32:58"/>
	<testcase classname="create_formatted_resistance_string_tests.CreateFormattedResistanceStringTests" name="testCreateFormattedResistanceStringFourBandBlackVioletVioletGrey" time="0.000" timestamp="2018-10-19T20:32:58"/>
	<testcase classname="create_formatted_resistance_string_tests.CreateFormattedResistanceStringTests" name="testCreateFormattedResistanceStringFourBandBlackVioletVioletNone" time="0.000" timestamp="2018-10-19T20:32:58"/>
	<testcase classname="create_formatted_resistance_string_tests.CreateFormattedResistanceStringTests" name="testCreateFormattedResistanceStringFourBandBlackVioletVioletRed" time="0.000" timestamp="2018-10-19T20:32:58"/>
	<testcase classname="create_formatted_resistance_string_tests.CreateFormattedResistanceStringTests" name="testCreateFormattedResistanceStringFourBandBlackVioletVioletSilver" time="0.000" timestamp="2018-10-19T20:32:58"/>
	<testcase classname="create_formatted_resistance_string_tests.CreateFormattedResistanceStringTests" name="testCreateFormattedResistanceStringFourBandBlackVioletVioletViolet" time="0.000" timestamp="2018-10-19T20:32:58"/>
	<testcase classname="create_formatted_resistance_string_tests.CreateFormattedResistanceStringTests" name="testCreateFormattedResistanceStringFourBandBlackVioletWhiteBlue" time="0.000" timestamp="2018-10-19T20:32:58"/>
	<testcase classname="create_formatted_resistance_string_tests.CreateFormattedResistanceStringTests" name="testCreateFormattedResistanceStringFourBandBlackVioletWhiteBrown" time="0.000" timestamp="2018-10-19T20:32:58"/>
	<testcase classname="create_formatted_resistance_string_tests.CreateFormattedResistanceStringTests" name="testCreateFormattedResistanceStringFourBandBlackVioletWhiteGold" time="0.000" timestamp="2018-10-19T20:32:58"/>
	<testcase classname="create_formatted_resistance_string_tests.CreateFormattedResistanceStringTests" name="testCreateFormattedResistanceStringFourBandBlackVioletWhiteGreen" time="0.000" timestamp="2018-10-19T20:32:58"/>
	<testcase classname="create_formatted_resistance_string_tests.CreateFormattedResistanceStringTests" name="testCreateFormattedResistanceStringFourBandBlackVioletWhiteGrey" time="0.000" timestamp="2018-10-19T20:32:58"/>
	<testcase classname="create_formatted_resistance_string_tests.CreateFormattedResistanceStringTests" name="testCreateFormattedResistanceStringFourBandBlackVioletWhiteNone" time="0.000" timestamp="2018-10-19T20:32:58"/>
	<testcase classname="create_formatted_resistance_string_tests.CreateFormattedResistanceStringTests" name="testCreateFormattedResistanceStringFourBandBlackVioletWhiteRed" time="0.000" timestamp="2018-10-19T20:32:58"/>
	<testcase classname="create_formatted_resistance_string_tests.CreateFormattedResistanceStringTests" name="testCreateFormattedResistanceStringFourBandBlackVioletWhiteSilver" time="0.000" timestamp="2018-10-19T20:32:58"/>
	<testcase classname="create_formatted_resistance_string_tests.CreateFormattedResistanceStringTests" name="testCreateFormattedResistanceStringFourBandBlackVioletWhiteViolet" time="0.000" timestamp="2018-10-19T20:32:58"/>
	<testcase classname="create_formatted_resistance_string_tests.CreateFormattedResistanceStringTests" name="testCreateFormattedResistanceStringFourBandBlackVioletYellowBlue" time="0.000" timestamp="2018-10-19T20:32:58"/>
	<testcase classname="create_formatted_resistance_string_tests.CreateFormattedResistanceStringTests" name="testCreateFormattedResistanceStringFourBandBlackVioletYellowBrown" time="0.000" timestamp="2018-10-19T20:32:58"/>
	<testcase classname="create_formatted_resistance_string_tests.CreateFormattedResistanceStringTests" name="testCreateFormattedResistanceStringFourBandBlackVioletYellowGold" time="0.000" timestamp="2018-10-19T20:32:58"/>
	<testcase classname="create_formatted_resistance_string_tests.CreateFormattedResistanceStringTests" name="testCreateFormattedResistanceStringFourBandBlackVioletYellowGreen" time="0.000" timestamp="2018-10-19T20:32:58"/>
	<testcase classname="create_formatted_resistance_string_tests.CreateFormattedResistanceStringTests" name="testCreateFormattedResistanceStringFourBandBlackVioletYellowGrey" time="0.000" timestamp="2018-10-19T20:32:58"/>
	<testcase classname="create_formatted_resistance_string_tests.CreateFormattedResistanceStringTests" name="testCreateFormattedResistanceStringFourBandBlackVioletYellowNone" time="0.000" timestamp="2018-10-19T20:32:58"/>
	<testcase classname="create_formatted_resistance_string_tests.CreateFormattedResistanceStringTests" name="testCreateFormattedResistanceStringFourBandBlackVioletYellowRed" time="0.000" timestamp="2018-10-19T20:32:58"/>
	<testcase classname="create_formatted_resistance_string_tests.CreateFormattedResistanceStringTests" name="testCreateFormattedResistanceStringFourBandBlackVioletYellowSilver" time="0.000" timestamp="2018-10-19T20:32:58"/>
	<testcase classname="create_formatted_resistance_string_tests.CreateFormattedResistanceStringTests" name="testCreateFormattedResistanceStringFourBandBlackVioletYellowViolet" time="0.000" timestamp="2018-10-19T20:32:58"/>
	<testcase classname="create_formatted_resistance_string_tests.CreateFormattedResistanceStringTests" name="testCreateFormattedResistanceStringFourBandBlackWhiteBlackBlue" time="0.000" timestamp="2018-10-19T20:32:58"/>
	<testcase classname="create_formatted_resistance_string_tests.CreateFormattedResistanceStringTests" name="testCreateFormattedResistanceStringFourBandBlackWhiteBlackBrown" time="0.000" timestamp="2018-10-19T20:32:58"/>
	<testcase classname="create_formatted_resistance_string_tests.CreateFormattedResistanceStringTests" name="testCreateFormattedResistanceStringFourBandBlackWhiteBlackGold" time="0.000" timestamp="2018-10-19T20:32:58"/>
	<testcase classname="create_formatted_resistance_string_tests.CreateFormattedResistanceStringTests" name="testCreateFormattedResistanceStringFourBandBlackWhiteBlackGreen" time="0.000" timestamp="2018-10-19T20:32:58"/>
	<testcase classname="create_formatted_resistance_string_tests.CreateFormattedResistanceStringTests" name="testCreateFormattedResistanceStringFourBandBlackWhiteBlackGrey" time="0.000" timestamp="2018-10-19T20:32:58"/>
	<testcase classname="create_formatted_resistance_string_tests.CreateFormattedResistanceStringTests" name="testCreateFormattedResistanceStringFourBandBlackWhiteBlackNone" time="0.000" timestamp="2018-10-19T20:32:58"/>
	<testcase classname="create_formatted_resistance_string_tests.CreateFormattedResistanceStringTests" name="testCreateFormattedResistanceStringFourBandBlackWhiteBlackRed" time="0.000" timestamp="2018-10-19T20:32:58"/>
	<testcase classname="create_formatted_resistance_string_tests.CreateFormattedResistanceStringTests" name="testCreateFormattedResistanceStringFourBandBlackWhiteBlackSilver" time="0.000" timestamp="2018-10-19T20:32:58"/>
	<testcase classname="create_formatted_resistance_string_tests.CreateFormattedResistanceStringTests" name="testCreateFormattedResistanceStringFourBandBlackWhiteBlackViolet" time="0.000" timestamp="2018-10-19T20:32:58"/>
	<testcase classname="create_formatted_resistance_string_tests.CreateFormattedResistanceStringTests" name="testCreateFormattedResistanceStringFourBandBlackWhiteBlueBlue" time="0.000" timestamp="2018-10-19T20:32:58"/>
	<testcase classname="create_formatted_resistance_string_tests.CreateFormattedResistanceStringTests" name="testCreateFormattedResistanceStringFourBandBlackWhiteBlueBrown" time="0.000" timestamp="2018-10-19T20:32:58"/>
	<testcase classname="create_formatted_resistance_string_tests.CreateFormattedResistanceStringTests" name="testCreateFormattedResistanceStringFourBandBlackWhiteBlueGold" time="0.000" timestamp="2018-10-19T20:32:58"/>
	<testcase classname="create_formatted_resistance_string_tests.CreateFormattedResistanceStringTests" name="testCreateFormattedResistanceStringFourBandBlackWhiteBlueGreen" time="0.000" timestamp="2018-10-19T20:32:58"/>
	<testcase classname="create_formatted_resistance_string_tests.CreateFormattedResistanceStringTests" name="testCreateFormattedResistanceStringFourBandBlackWhiteBlueGrey" time="0.000" timestamp="2018-10-19T20:32:58"/>
	<testcase classname="create_formatted_resistance_string_tests.CreateFormattedResistanceStringTests" name="testCreateFormattedResistanceStringFourBandBlackWhiteBlueNone" time="0.000" timestamp="2018-10-19T20:32:58"/>
	<testcase classname="create_formatted_resistance_string_tests.CreateFormattedResistanceStringTests" name="testCreateFormattedResistanceStringFourBandBlackWhiteBlueRed" time="0.000" timestamp="2018-10-19T20:32:58"/>
	<testcase classname="create_formatted_resistance_string_tests.CreateFormattedResistanceStringTests" name="testCreateFormattedResistanceStringFourBandBlackWhiteBlueSilver" time="0.000" timestamp="2018-10-19T20:32:58"/>
	<testcase classname="create_formatted_resistance_string_tests.CreateFormattedResistanceStringTests" name="testCreateFormattedResistanceStringFourBandBlackWhiteBlueViolet" time="0.000" timestamp="2018-10-19T20:32:58"/>
	<testcase classname="create_formatted_resistance_string_tests.CreateFormattedResistanceStringTests" name="testCreateFormattedResistanceStringFourBandBlackWhiteBrownBlue" time="0.000" timestamp="2018-10-19T20:32:58"/>
	<testcase classname="create_formatted_resistance_string_tests.CreateFormattedResistanceStringTests" name="testCreateFormattedResistanceStringFourBandBlackWhiteBrownBrown" time="0.000" timestamp="2018-10-19T20:32:58"/>
	<testcase classname="create_formatted_resistance_string_tests.CreateFormattedResistanceStringTests" name="testCreateFormattedResistanceStringFourBandBlackWhiteBrownGold" time="0.000" timestamp="2018-10-19T20:32:58"/>
	<testcase classname="create_formatted_resistance_string_tests.CreateFormattedResistanceStringTests" name="testCreateFormattedResistanceStringFourBandBlackWhiteBrownGreen" time="0.000" timestamp="2018-10-19T20:32:58"/>
	<testcase classname="create_formatted_resistance_string_tests.CreateFormattedResistanceStringTests" name="testCreateFormattedResistanceStringFourBandBlackWhiteBrownGrey" time="0.000" timestamp="2018-10-19T20:32:58"/>
	<testcase classname="create_formatted_resistance_string_tests.CreateFormattedResistanceStringTests" name="testCreateFormattedResistanceStringFourBandBlackWhiteBrownNone" time="0.000" timestamp="2018-10-19T20:32:58"/>
	<testcase classname="create_formatted_resistance_string_tests.CreateFormattedResistanceStringTests" name="testCreateFormattedResistanceStringFourBandBlackWhiteBrownRed" time="0.000" timestamp="2018-10-19T20:32:58"/>
	<testcase classname="create_formatted_resistance_string_tests.CreateFormattedResistanceStringTests" name="testCreateFormattedResistanceStringFourBandBlackWhiteBrownSilver" time="0.000" timestamp="2018-10-19T20:32:58"/>
	<testcase classname="create_formatted_resistance_string_tests.CreateFormattedResistanceStringTests" name="testCreateFormattedResistanceStringFourBandBlackWhiteBrownViolet" time="0.000" timestamp="2018-10-19T20:32:58"/>
	<testcase classname="create_formatted_resistance_string_tests.CreateFormattedResistanceStringTests" name="testCreateFormattedResistanceStringFourBandBlackWhiteGoldBlue" time="0.000" timestamp="2018-10-19T20:32:58"/>
	<testcase classname="create_formatted_resistance_string_tests.CreateFormattedResistanceStringTests" name="testCreateFormattedResistanceStringFourBandBlackWhiteGoldBrown" time="0.000" timestamp="2018-10-19T20:32:58"/>
	<testcase classname="create_formatted_resistance_string_tests.CreateFormattedResistanceStringTests" name="testCreateFormattedResistanceStringFourBandBlackWhiteGoldGold" time="0.000" timestamp="2018-10-19T20:32:58"/>
	<testcase classname="create_formatted_resistance_string_tests.CreateFormattedResistanceStringTests" name="testCreateFormattedResistanceStringFourBandBlackWhiteGoldGreen" time="0.000" timestamp="2018-10-19T20:32:58"/>
	<testcase classname="create_formatted_resistance_string_tests.CreateFormattedResistanceStringTests" name="testCreateFormattedResistanceStringFourBandBlackWhiteGoldGrey" time="0.000" timestamp="2018-10-19T20:32:58"/>
	<testcase classname="create_formatted_resistance_string_tests.CreateFormattedResistanceStringTests" name="testCreateFormattedResistanceStringFourBandBlackWhiteGoldNone" time="0.000" timestamp="2018-10-19T20:32:58"/>
	<testcase classname="create_formatted_resistance_string_tests.CreateFormattedResistanceStringTests" name="testCreateFormattedResistanceStringFourBandBlackWhiteGoldRed" time="0.000" timestamp="2018-10-19T20:32:58"/>
	<testcase classname="create_formatted_resistance_string_tests.CreateFormattedResistanceStringTests" name="testCreateFormattedResistanceStringFourBandBlackWhiteGoldSilver" time="0.000" timestamp="2018-10-19T20:32:58"/>
	<testcase classname="create_formatted_resistance_string_tests.CreateFormattedResistanceStringTests" name="testCreateFormattedResistanceStringFourBandBlackWhiteGoldViolet" time="0.000" timestamp="2018-10-19T20:32:58"/>
	<testcase classname="create_formatted_resistance_string_tests.CreateFormattedResistanceStringTests" name="testCreateFormattedResistanceStringFourBandBlackWhiteGreenBlue" time="0.000" timestamp="2018-10-19T20:32:58"/>
	<testcase classname="create_formatted_resistance_string_tests.CreateFormattedResistanceStringTests" name="testCreateFormattedResistanceStringFourBandBlackWhiteGreenBrown" time="0.000" timestamp="2018-10-19T20:32:58"/>
	<testcase classname="create_formatted_resistance_string_tests.CreateFormattedResistanceStringTests" name="testCreateFormattedResistanceStringFourBandBlackWhiteGreenGold" time="0.000" timestamp="2018-10-19T20:32:58"/>
	<testcase classname="create_formatted_resistance_string_tests.CreateFormattedResistanceStringTests" name="testCreateFormattedResistanceStringFourBandBlackWhiteGreenGreen" time="0.000" timestamp="2018-10-19T20:32:58"/>
	<testcase classname="create_formatted_resistance_string_tests.CreateFormattedResistanceStringTests" name="testCreateFormattedResistanceStringFourBandBlackWhiteGreenGrey" time="0.000" timestamp="2018-10-19T20:32:58"/>
	<testcase classname="create_formatted_resistance_string_tests.CreateFormattedResistanceStringTests" name="testCreateFormattedResistanceStringFourBandBlackWhiteGreenNone" time="0.000" timestamp="2018-10-19T20:32:58"/>
	<testcase classname="create_formatted_resistance_string_tests.CreateFormattedResistanceStringTests" name="testCreateFormattedResistanceStringFourBandBlackWhiteGreenRed" time="0.000" timestamp="2018-10-19T20:32:58"/>
	<testcase classname="create_formatted_resistance_string_tests.CreateFormattedResistanceStringTests" name="testCreateFormattedResistanceStringFourBandBlackWhiteGreenSilver" time="0.000" timestamp="2018-10-19T20:32:58"/>
	<testcase classname="create_formatted_resistance_string_tests.CreateFormattedResistanceStringTests" name="testCreateFormattedResistanceStringFourBandBlackWhiteGreenViolet" time="0.000" timestamp="2018-10-19T20:32:58"/>
	<testcase classname="create_formatted_resistance_string_tests.CreateFormattedResistanceStringTests" name="testCreateFormattedResistanceStringFourBandBlackWhiteGreyBlue" time="0.000" timestamp="2018-10-19T20:32:58"/>
	<testcase classname="create_formatted_resistance_string_tests.CreateFormattedResistanceStringTests" name="testCreateFormattedResistanceStringFourBandBlackWhiteGreyBrown" time="0.000" timestamp="2018-10-19T20:32:58"/>
	<testcase classname="create_formatted_resistance_string_tests.CreateFormattedResistanceStringTests" name="testCreateFormattedResistanceStringFourBandBlackWhiteGreyGold" time="0.000" timestamp="2018-10-19T20:32:58"/>
	<testcase classname="create_formatted_resistance_string_tests.CreateFormattedResistanceStringTests" name="testCreateFormattedResistanceStringFourBandBlackWhiteGreyGreen" time="0.000" timestamp="2018-10-19T20:32:58"/>
	<testcase classname="create_formatted_resistance_string_tests.CreateFormattedResistanceStringTests" name="testCreateFormattedResistanceStringFourBandBlackWhiteGreyGrey" time="0.000" timestamp="2018-10-19T20:32:58"/>
	<testcase classname="create_formatted_resistance_string_tests.CreateFormattedResistanceStringTests" name="testCreateFormattedResistanceStringFourBandBlackWhiteGreyNone" time="0.000" timestamp="2018-10-19T20:32:58"/>
	<testcase classname="create_formatted_resistance_string_tests.CreateFormattedResistanceStringTests" name="testCreateFormattedResistanceStringFourBandBlackWhiteGreyRed" time="0.000" timestamp="2018-10-19T20:32:58"/>
	<testcase classname="create_formatted_resistance_string_tests.CreateFormattedResistanceStringTests" name="testCreateFormattedResistanceStringFourBandBlackWhiteGreySilver" time="0.000" timestamp="2018-10-19T20:32:58"/>
	<testcase classname="create_formatted_resistance_string_tests.CreateFormattedResistanceStringTests" name="testCreateFormattedResistanceStringFourBandBlackWhiteGreyViolet" time="0.000" timestamp="2018-10-19T20:32:58"/>
	<testcase classname="create_formatted_resistance_string_tests.CreateFormattedResistanceStringTests" name="testCreateFormattedResistanceStringFourBandBlackWhiteOrangeBlue" time="0.000" timestamp="2018-10-19T20:32:58"/>
	<testcase classname="create_formatted_resistance_string_tests.CreateFormattedResistanceStringTests" name="testCreateFormattedResistanceStringFourBandBlackWhiteOrangeBrown" time="0.000" timestamp="2018-10-19T20:32:58"/>
	<testcase classname="create_formatted_resistance_string_tests.CreateFormattedResistanceStringTests" name="testCreateFormattedResistanceStringFourBandBlackWhiteOrangeGold" time="0.000" timestamp="2018-10-19T20:32:58"/>
	<testcase classname="create_formatted_resistance_string_tests.CreateFormattedResistanceStringTests" name="testCreateFormattedResistanceStringFourBandBlackWhiteOrangeGreen" time="0.000" timestamp="2018-10-19T20:32:58"/>
	<testcase classname="create_formatted_resistance_string_tests.CreateFormattedResistanceStringTests" name="testCreateFormattedResistanceStringFourBandBlackWhiteOrangeGrey" time="0.000" timestamp="2018-10-19T20:32:58"/>
	<testcase classname="create_formatted_resistance_string_tests.CreateFormattedResistanceStringTests" name="testCreateFormattedResistanceStringFourBandBlackWhiteOrangeNone" time="0.000" timestamp="2018-10-19T20:32:58"/>
	<testcase classname="create_formatted_resistance_string_tests.CreateFormattedResistanceStringTests" name="testCreateFormattedResistanceStringFourBandBlackWhiteOrangeRed" time="0.000" timestamp="2018-10-19T20:32:58"/>
	<testcase classname="create_formatted_resistance_string_tests.CreateFormattedResistanceStringTests" name="testCreateFormattedResistanceStringFourBandBlackWhiteOrangeSilver" time="0.000" timestamp="2018-10-19T20:32:58"/>
	<testcase classname="create_formatted_resistance_string_tests.CreateFormattedResistanceStringTests" name="testCreateFormattedResistanceStringFourBandBlackWhiteOrangeViolet" time="0.000" timestamp="2018-10-19T20:32:58"/>
	<testcase classname="create_formatted_resistance_string_tests.CreateFormattedResistanceStringTests" name="testCreateFormattedResistanceStringFourBandBlackWhiteRedBlue" time="0.000" timestamp="2018-10-19T20:32:58"/>
	<testcase classname="create_formatted_resistance_string_tests.CreateFormattedResistanceStringTests" name="testCreateFormattedResistanceStringFourBandBlackWhiteRedBrown" time="0.000" timestamp="2018-10-19T20:32:58"/>
	<testcase classname="create_formatted_resistance_string_tests.CreateFormattedResistanceStringTests" name="testCreateFormattedResistanceStringFourBandBlackWhiteRedGold" time="0.000" timestamp="2018-10-19T20:32:58"/>
	<testcase classname="create_formatted_resistance_string_tests.CreateFormattedResistanceStringTests" name="testCreateFormattedResistanceStringFourBandBlackWhiteRedGreen" time="0.000" timestamp="2018-10-19T20:32:58"/>
	<testcase classname="create_formatted_resistance_string_tests.CreateFormattedResistanceStringTests" name="testCreateFormattedResistanceStringFourBandBlackWhiteRedGrey" time="0.000" timestamp="2018-10-19T20:32:58"/>
	<testcase classname="create_formatted_resistance_string_tests.CreateFormattedResistanceStringTests" name="testCreateFormattedResistanceStringFourBandBlackWhiteRedNone" time="0.000" timestamp="2018-10-19T20:32:58"/>
	<testcase classname="create_formatted_resistance_string_tests.CreateFormattedResistanceStringTests" name="testCreateFormattedResistanceStringFourBandBlackWhiteRedRed" time="0.000" timestamp="2018-10-19T20:32:58"/>
	<testcase classname="create_formatted_resistance_string_tests.CreateFormattedResistanceStringTests" name="testCreateFormattedResistanceStringFourBandBlackWhiteRedSilver" time="0.000" timestamp="2018-10-19T20:32:58"/>
	<testcase classname="create_formatted_resistance_string_tests.CreateFormattedResistanceStringTests" name="testCreateFormattedResistanceStringFourBandBlackWhiteRedViolet" time="0.000" timestamp="2018-10-19T20:32:58"/>
	<testcase classname="create_formatted_resistance_string_tests.CreateFormattedResistanceStringTests" name="testCreateFormattedResistanceStringFourBandBlackWhiteSilverBlue" time="0.000" timestamp="2018-10-19T20:32:58"/>
	<testcase classname="create_formatted_resistance_string_tests.CreateFormattedResistanceStringTests" name="testCreateFormattedResistanceStringFourBandBlackWhiteSilverBrown" time="0.000" timestamp="2018-10-19T20:32:58"/>
	<testcase classname="create_formatted_resistance_string_tests.CreateFormattedResistanceStringTests" name="testCreateFormattedResistanceStringFourBandBlackWhiteSilverGold" time="0.000" timestamp="2018-10-19T20:32:58"/>
	<testcase classname="create_formatted_resistance_string_tests.CreateFormattedResistanceStringTests" name="testCreateFormattedResistanceStringFourBandBlackWhiteSilverGreen" time="0.000" timestamp="2018-10-19T20:32:58"/>
	<testcase classname="create_formatted_resistance_string_tests.CreateFormattedResistanceStringTests" name="testCreateFormattedResistanceStringFourBandBlackWhiteSilverGrey" time="0.000" timestamp="2018-10-19T20:32:58"/>
	<testcase classname="create_formatted_resistance_string_tests.CreateFormattedResistanceStringTests" name="testCreateFormattedResistanceStringFourBandBlackWhiteSilverNone" time="0.000" timestamp="2018-10-19T20:32:58"/>
	<testcase classname="create_formatted_resistance_string_tests.CreateFormattedResistanceStringTests" name="testCreateFormattedResistanceStringFourBandBlackWhiteSilverRed" time="0.000" timestamp="2018-10-19T20:32:58"/>
	<testcase classname="create_formatted_resistance_string_tests.CreateFormattedResistanceStringTests" name="testCreateFormattedResistanceStringFourBandBlackWhiteSilverSilver" time="0.000" timestamp="2018-10-19T20:32:58"/>
	<testcase classname="create_formatted_resistance_string_tests.CreateFormattedResistanceStringTests" name="testCreateFormattedResistanceStringFourBandBlackWhiteSilverViolet" time="0.000" timestamp="2018-10-19T20:32:58"/>
	<testcase classname="create_formatted_resistance_string_tests.CreateFormattedResistanceStringTests" name="testCreateFormattedResistanceStringFourBandBlackWhiteVioletBlue" time="0.000" timestamp="2018-10-19T20:32:58"/>
	<testcase classname="create_formatted_resistance_string_tests.CreateFormattedResistanceStringTests" name="testCreateFormattedResistanceStringFourBandBlackWhiteVioletBrown" time="0.000" timestamp="2018-10-19T20:32:58"/>
	<testcase classname="create_formatted_resistance_string_tests.CreateFormattedResistanceStringTests" name="testCreateFormattedResistanceStringFourBandBlackWhiteVioletGold" time="0.000" timestamp="2018-10-19T20:32:58"/>
	<testcase classname="create_formatted_resistance_string_tests.CreateFormattedResistanceStringTests" name="testCreateFormattedResistanceStringFourBandBlackWhiteVioletGreen" time="0.000" timestamp="2018-10-19T20:32:58"/>
	<testcase classname="create_formatted_resistance_string_tests.CreateFormattedResistanceStringTests" name="testCreateFormattedResistanceStringFourBandBlackWhiteVioletGrey" time="0.000" timestamp="2018-10-19T20:32:58"/>
	<testcase classname="create_formatted_resistance_string_tests.CreateFormattedResistanceStringTests" name="testCreateFormattedResistanceStringFourBandBlackWhiteVioletNone" time="0.000" timestamp="2018-10-19T20:32:58"/>
	<testcase classname="create_formatted_resistance_string_tests.CreateFormattedResistanceStringTests" name="testCreateFormattedResistanceStringFourBandBlackWhiteVioletRed" time="0.000" timestamp="2018-10-19T20:32:58"/>
	<testcase classname="create_formatted_resistance_string_tests.CreateFormattedResistanceStringTests" name="testCreateFormattedResistanceStringFourBandBlackWhiteVioletSilver" time="0.000" timestamp="2018-10-19T20:32:58"/>
	<testcase classname="create_formatted_resistance_string_tests.CreateFormattedResistanceStringTests" name="testCreateFormattedResistanceStringFourBandBlackWhiteVioletViolet" time="0.000" timestamp="2018-10-19T20:32:58"/>
	<testcase classname="create_formatted_resistance_string_tests.CreateFormattedResistanceStringTests" name="testCreateFormattedResistanceStringFourBandBlackWhiteWhiteBlue" time="0.000" timestamp="2018-10-19T20:32:58"/>
	<testcase classname="create_formatted_resistance_string_tests.CreateFormattedResistanceStringTests" name="testCreateFormattedResistanceStringFourBandBlackWhiteWhiteBrown" time="0.000" timestamp="2018-10-19T20:32:58"/>
	<testcase classname="create_formatted_resistance_string_tests.CreateFormattedResistanceStringTests" name="testCreateFormattedResistanceStringFourBandBlackWhiteWhiteGold" time="0.000" timestamp="2018-10-19T20:32:58"/>
	<testcase classname="create_formatted_resistance_string_tests.CreateFormattedResistanceStringTests" name="testCreateFormattedResistanceStringFourBandBlackWhiteWhiteGreen" time="0.000" timestamp="2018-10-19T20:32:58"/>
	<testcase classname="create_formatted_resistance_string_tests.CreateFormattedResistanceStringTests" name="testCreateFormattedResistanceStringFourBandBlackWhiteWhiteGrey" time="0.000" timestamp="2018-10-19T20:32:58"/>
	<testcase classname="create_formatted_resistance_string_tests.CreateFormattedResistanceStringTests" name="testCreateFormattedResistanceStringFourBandBlackWhiteWhiteNone" time="0.000" timestamp="2018-10-19T20:32:58"/>
	<testcase classname="create_formatted_resistance_string_tests.CreateFormattedResistanceStringTests" name="testCreateFormattedResistanceStringFourBandBlackWhiteWhiteRed" time="0.000" timestamp="2018-10-19T20:32:58"/>
	<testcase classname="create_formatted_resistance_string_tests.CreateFormattedResistanceStringTests" name="testCreateFormattedResistanceStringFourBandBlackWhiteWhiteSilver" time="0.000" timestamp="2018-10-19T20:32:58"/>
	<testcase classname="create_formatted_resistance_string_tests.CreateFormattedResistanceStringTests" name="testCreateFormattedResistanceStringFourBandBlackWhiteWhiteViolet" time="0.000" timestamp="2018-10-19T20:32:58"/>
	<testcase classname="create_formatted_resistance_string_tests.CreateFormattedResistanceStringTests" name="testCreateFormattedResistanceStringFourBandBlackWhiteYellowBlue" time="0.000" timestamp="2018-10-19T20:32:58"/>
	<testcase classname="create_formatted_resistance_string_tests.CreateFormattedResistanceStringTests" name="testCreateFormattedResistanceStringFourBandBlackWhiteYellowBrown" time="0.000" timestamp="2018-10-19T20:32:58"/>
	<testcase classname="create_formatted_resistance_string_tests.CreateFormattedResistanceStringTests" name="testCreateFormattedResistanceStringFourBandBlackWhiteYellowGold" time="0.000" timestamp="2018-10-19T20:32:58"/>
	<testcase classname="create_formatted_resistance_string_tests.CreateFormattedResistanceStringTests" name="testCreateFormattedResistanceStringFourBandBlackWhiteYellowGreen" time="0.000" timestamp="2018-10-19T20:32:58"/>
	<testcase classname="create_formatted_resistance_string_tests.CreateFormattedResistanceStringTests" name="testCreateFormattedResistanceStringFourBandBlackWhiteYellowGrey" time="0.000" timestamp="2018-10-19T20:32:58"/>
	<testcase classname="create_formatted_resistance_string_tests.CreateFormattedResistanceStringTests" name="testCreateFormattedResistanceStringFourBandBlackWhiteYellowNone" time="0.000" timestamp="2018-10-19T20:32:58"/>
	<testcase classname="create_formatted_resistance_string_tests.CreateFormattedResistanceStringTests" name="testCreateFormattedResistanceStringFourBandBlackWhiteYellowRed" time="0.000" timestamp="2018-10-19T20:32:58"/>
	<testcase classname="create_formatted_resistance_string_tests.CreateFormattedResistanceStringTests" name="testCreateFormattedResistanceStringFourBandBlackWhiteYellowSilver" time="0.000" timestamp="2018-10-19T20:32:58"/>
	<testcase classname="create_formatted_resistance_string_tests.CreateFormattedResistanceStringTests" name="testCreateFormattedResistanceStringFourBandBlackWhiteYellowViolet" time="0.000" timestamp="2018-10-19T20:32:58"/>
	<testcase classname="create_formatted_resistance_string_tests.CreateFormattedResistanceStringTests" name="testCreateFormattedResistanceStringFourBandBlackYellowBlackBlue" time="0.000" timestamp="2018-10-19T20:32:58"/>
	<testcase classname="create_formatted_resistance_string_tests.CreateFormattedResistanceStringTests" name="testCreateFormattedResistanceStringFourBandBlackYellowBlackBrown" time="0.000" timestamp="2018-10-19T20:32:58"/>
	<testcase classname="create_formatted_resistance_string_tests.CreateFormattedResistanceStringTests" name="testCreateFormattedResistanceStringFourBandBlackYellowBlackGold" time="0.000" timestamp="2018-10-19T20:32:58"/>
	<testcase classname="create_formatted_resistance_string_tests.CreateFormattedResistanceStringTests" name="testCreateFormattedResistanceStringFourBandBlackYellowBlackGreen" time="0.000" timestamp="2018-10-19T20:32:58"/>
	<testcase classname="create_formatted_resistance_string_tests.CreateFormattedResistanceStringTests" name="testCreateFormattedResistanceStringFourBandBlackYellowBlackGrey" time="0.000" timestamp="2018-10-19T20:32:58"/>
	<testcase classname="create_formatted_resistance_string_tests.CreateFormattedResistanceStringTests" name="testCreateFormattedResistanceStringFourBandBlackYellowBlackNone" time="0.000" timestamp="2018-10-19T20:32:58"/>
	<testcase classname="create_formatted_resistance_string_tests.CreateFormattedResistanceStringTests" name="testCreateFormattedResistanceStringFourBandBlackYellowBlackRed" time="0.000" timestamp="2018-10-19T20:32:58"/>
	<testcase classname="create_formatted_resistance_string_tests.CreateFormattedResistanceStringTests" name="testCreateFormattedResistanceStringFourBandBlackYellowBlackSilver" time="0.000" timestamp="2018-10-19T20:32:58"/>
	<testcase classname="create_formatted_resistance_string_tests.CreateFormattedResistanceStringTests" name="testCreateFormattedResistanceStringFourBandBlackYellowBlackViolet" time="0.000" timestamp="2018-10-19T20:32:58"/>
	<testcase classname="create_formatted_resistance_string_tests.CreateFormattedResistanceStringTests" name="testCreateFormattedResistanceStringFourBandBlackYellowBlueBlue" time="0.000" timestamp="2018-10-19T20:32:58"/>
	<testcase classname="create_formatted_resistance_string_tests.CreateFormattedResistanceStringTests" name="testCreateFormattedResistanceStringFourBandBlackYellowBlueBrown" time="0.000" timestamp="2018-10-19T20:32:58"/>
	<testcase classname="create_formatted_resistance_string_tests.CreateFormattedResistanceStringTests" name="testCreateFormattedResistanceStringFourBandBlackYellowBlueGold" time="0.000" timestamp="2018-10-19T20:32:58"/>
	<testcase classname="create_formatted_resistance_string_tests.CreateFormattedResistanceStringTests" name="testCreateFormattedResistanceStringFourBandBlackYellowBlueGreen" time="0.000" timestamp="2018-10-19T20:32:58"/>
	<testcase classname="create_formatted_resistance_string_tests.CreateFormattedResistanceStringTests" name="testCreateFormattedResistanceStringFourBandBlackYellowBlueGrey" time="0.000" timestamp="2018-10-19T20:32:58"/>
	<testcase classname="create_formatted_resistance_string_tests.CreateFormattedResistanceStringTests" name="testCreateFormattedResistanceStringFourBandBlackYellowBlueNone" time="0.000" timestamp="2018-10-19T20:32:58"/>
	<testcase classname="create_formatted_resistance_string_tests.CreateFormattedResistanceStringTests" name="testCreateFormattedResistanceStringFourBandBlackYellowBlueRed" time="0.000" timestamp="2018-10-19T20:32:58"/>
	<testcase classname="create_formatted_resistance_string_tests.CreateFormattedResistanceStringTests" name="testCreateFormattedResistanceStringFourBandBlackYellowBlueSilver" time="0.000" timestamp="2018-10-19T20:32:58"/>
	<testcase classname="create_formatted_resistance_string_tests.CreateFormattedResistanceStringTests" name="testCreateFormattedResistanceStringFourBandBlackYellowBlueViolet" time="0.000" timestamp="2018-10-19T20:32:58"/>
	<testcase classname="create_formatted_resistance_string_tests.CreateFormattedResistanceStringTests" name="testCreateFormattedResistanceStringFourBandBlackYellowBrownBlue" time="0.000" timestamp="2018-10-19T20:32:58"/>
	<testcase classname="create_formatted_resistance_string_tests.CreateFormattedResistanceStringTests" name="testCreateFormattedResistanceStringFourBandBlackYellowBrownBrown" time="0.000" timestamp="2018-10-19T20:32:58"/>
	<testcase classname="create_formatted_resistance_string_tests.CreateFormattedResistanceStringTests" name="testCreateFormattedResistanceStringFourBandBlackYellowBrownGold" time="0.000" timestamp="2018-10-19T20:32:58"/>
	<testcase classname="create_formatted_resistance_string_tests.CreateFormattedResistanceStringTests" name="testCreateFormattedResistanceStringFourBandBlackYellowBrownGreen" time="0.000" timestamp="2018-10-19T20:32:58"/>
	<testcase classname="create_formatted_resistance_string_tests.CreateFormattedResistanceStringTests" name="testCreateFormattedResistanceStringFourBandBlackYellowBrownGrey" time="0.000" timestamp="2018-10-19T20:32:58"/>
	<testcase classname="create_formatted_resistance_string_tests.CreateFormattedResistanceStringTests" name="testCreateFormattedResistanceStringFourBandBlackYellowBrownNone" time="0.000" timestamp="2018-10-19T20:32:58"/>
	<testcase classname="create_formatted_resistance_string_tests.CreateFormattedResistanceStringTests" name="testCreateFormattedResistanceStringFourBandBlackYellowBrownRed" time="0.000" timestamp="2018-10-19T20:32:58"/>
	<testcase classname="create_formatted_resistance_string_tests.CreateFormattedResistanceStringTests" name="testCreateFormattedResistanceStringFourBandBlackYellowBrownSilver" time="0.000" timestamp="2018-10-19T20:32:58"/>
	<testcase classname="create_formatted_resistance_string_tests.CreateFormattedResistanceStringTests" name="testCreateFormattedResistanceStringFourBandBlackYellowBrownViolet" time="0.000" timestamp="2018-10-19T20:32:58"/>
	<testcase classname="create_formatted_resistance_string_tests.CreateFormattedResistanceStringTests" name="testCreateFormattedResistanceStringFourBandBlackYellowGoldBlue" time="0.000" timestamp="2018-10-19T20:32:58"/>
	<testcase classname="create_formatted_resistance_string_tests.CreateFormattedResistanceStringTests" name="testCreateFormattedResistanceStringFourBandBlackYellowGoldBrown" time="0.000" timestamp="2018-10-19T20:32:58"/>
	<testcase classname="create_formatted_resistance_string_tests.CreateFormattedResistanceStringTests" name="testCreateFormattedResistanceStringFourBandBlackYellowGoldGold" time="0.000" timestamp="2018-10-19T20:32:58"/>
	<testcase classname="create_formatted_resistance_string_tests.CreateFormattedResistanceStringTests" name="testCreateFormattedResistanceStringFourBandBlackYellowGoldGreen" time="0.000" timestamp="2018-10-19T20:32:58"/>
	<testcase classname="create_formatted_resistance_string_tests.CreateFormattedResistanceStringTests" name="testCreateFormattedResistanceStringFourBandBlackYellowGoldGrey" time="0.000" timestamp="2018-10-19T20:32:58"/>
	<testcase classname="create_formatted_resistance_string_tests.CreateFormattedResistanceStringTests" name="testCreateFormattedResistanceStringFourBandBlackYellowGoldNone" time="0.000" timestamp="2018-10-19T20:32:58"/>
	<testcase classname="create_formatted_resistance_string_tests.CreateFormattedResistanceStringTests" name="testCreateFormattedResistanceStringFourBandBlackYellowGoldRed" time="0.000" timestamp="2018-10-19T20:32:58"/>
	<testcase classname="create_formatted_resistance_string_tests.CreateFormattedResistanceStringTests" name="testCreateFormattedResistanceStringFourBandBlackYellowGoldSilver" time="0.000" timestamp="2018-10-19T20:32:58"/>
	<testcase classname="create_formatted_resistance_string_tests.CreateFormattedResistanceStringTests" name="testCreateFormattedResistanceStringFourBandBlackYellowGoldViolet" time="0.000" timestamp="2018-10-19T20:32:58"/>
	<testcase classname="create_formatted_resistance_string_tests.CreateFormattedResistanceStringTests" name="testCreateFormattedResistanceStringFourBandBlackYellowGreenBlue" time="0.000" timestamp="2018-10-19T20:32:58"/>
	<testcase classname="create_formatted_resistance_string_tests.CreateFormattedResistanceStringTests" name="testCreateFormattedResistanceStringFourBandBlackYellowGreenBrown" time="0.000" timestamp="2018-10-19T20:32:58"/>
	<testcase classname="create_formatted_resistance_string_tests.CreateFormattedResistanceStringTests" name="testCreateFormattedResistanceStringFourBandBlackYellowGreenGold" time="0.000" timestamp="2018-10-19T20:32:58"/>
	<testcase classname="create_formatted_resistance_string_tests.CreateFormattedResistanceStringTests" name="testCreateFormattedResistanceStringFourBandBlackYellowGreenGreen" time="0.000" timestamp="2018-10-19T20:32:58"/>
	<testcase classname="create_formatted_resistance_string_tests.CreateFormattedResistanceStringTests" name="testCreateFormattedResistanceStringFourBandBlackYellowGreenGrey" time="0.000" timestamp="2018-10-19T20:32:58"/>
	<testcase classname="create_formatted_resistance_string_tests.CreateFormattedResistanceStringTests" name="testCreateFormattedResistanceStringFourBandBlackYellowGreenNone" time="0.000" timestamp="2018-10-19T20:32:58"/>
	<testcase classname="create_formatted_resistance_string_tests.CreateFormattedResistanceStringTests" name="testCreateFormattedResistanceStringFourBandBlackYellowGreenRed" time="0.000" timestamp="2018-10-19T20:32:58"/>
	<testcase classname="create_formatted_resistance_string_tests.CreateFormattedResistanceStringTests" name="testCreateFormattedResistanceStringFourBandBlackYellowGreenSilver" time="0.000" timestamp="2018-10-19T20:32:58"/>
	<testcase classname="create_formatted_resistance_string_tests.CreateFormattedResistanceStringTests" name="testCreateFormattedResistanceStringFourBandBlackYellowGreenViolet" time="0.000" timestamp="2018-10-19T20:32:58"/>
	<testcase classname="create_formatted_resistance_string_tests.CreateFormattedResistanceStringTests" name="testCreateFormattedResistanceStringFourBandBlackYellowGreyBlue" time="0.000" timestamp="2018-10-19T20:32:58"/>
	<testcase classname="create_formatted_resistance_string_tests.CreateFormattedResistanceStringTests" name="testCreateFormattedResistanceStringFourBandBlackYellowGreyBrown" time="0.000" timestamp="2018-10-19T20:32:58"/>
	<testcase classname="create_formatted_resistance_string_tests.CreateFormattedResistanceStringTests" name="testCreateFormattedResistanceStringFourBandBlackYellowGreyGold" time="0.000" timestamp="2018-10-19T20:32:58"/>
	<testcase classname="create_formatted_resistance_string_tests.CreateFormattedResistanceStringTests" name="testCreateFormattedResistanceStringFourBandBlackYellowGreyGreen" time="0.000" timestamp="2018-10-19T20:32:58"/>
	<testcase classname="create_formatted_resistance_string_tests.CreateFormattedResistanceStringTests" name="testCreateFormattedResistanceStringFourBandBlackYellowGreyGrey" time="0.000" timestamp="2018-10-19T20:32:58"/>
	<testcase classname="create_formatted_resistance_string_tests.CreateFormattedResistanceStringTests" name="testCreateFormattedResistanceStringFourBandBlackYellowGreyNone" time="0.000" timestamp="2018-10-19T20:32:58"/>
	<testcase classname="create_formatted_resistance_string_tests.CreateFormattedResistanceStringTests" name="testCreateFormattedResistanceStringFourBandBlackYellowGreyRed" time="0.000" timestamp="2018-10-19T20:32:58"/>
	<testcase classname="create_formatted_resistance_string_tests.CreateFormattedResistanceStringTests" name="testCreateFormattedResistanceStringFourBandBlackYellowGreySilver" time="0.000" timestamp="2018-10-19T20:32:58"/>
	<testcase classname="create_formatted_resistance_string_tests.CreateFormattedResistanceStringTests" name="testCreateFormattedResistanceStringFourBandBlackYellowGreyViolet" time="0.000" timestamp="2018-10-19T20:32:58"/>
	<testcase classname="create_formatted_resistance_string_tests.CreateFormattedResistanceStringTests" name="testCreateFormattedResistanceStringFourBandBlackYellowOrangeBlue" time="0.000" timestamp="2018-10-19T20:32:58"/>
	<testcase classname="create_formatted_resistance_string_tests.CreateFormattedResistanceStringTests" name="testCreateFormattedResistanceStringFourBandBlackYellowOrangeBrown" time="0.000" timestamp="2018-10-19T20:32:58"/>
	<testcase classname="create_formatted_resistance_string_tests.CreateFormattedResistanceStringTests" name="testCreateFormattedResistanceStringFourBandBlackYellowOrangeGold" time="0.000" timestamp="2018-10-19T20:32:58"/>
	<testcase classname="create_formatted_resistance_string_tests.CreateFormattedResistanceStringTests" name="testCreateFormattedResistanceStringFourBandBlackYellowOrangeGreen" time="0.000" timestamp="2018-10-19T20:32:58"/>
	<testcase classname="create_formatted_resistance_string_tests.CreateFormattedResistanceStringTests" name="testCreateFormattedResistanceStringFourBandBlackYellowOrangeGrey" time="0.000" timestamp="2018-10-19T20:32:58"/>
	<testcase classname="create_formatted_resistance_string_tests.CreateFormattedResistanceStringTests" name="testCreateFormattedResistanceStringFourBandBlackYellowOrangeNone" time="0.000" timestamp="2018-10-19T20:32:58"/>
	<testcase classname="create_formatted_resistance_string_tests.CreateFormattedResistanceStringTests" name="testCreateFormattedResistanceStringFourBandBlackYellowOrangeRed" time="0.000" timestamp="2018-10-19T20:32:58"/>
	<testcase classname="create_formatted_resistance_string_tests.CreateFormattedResistanceStringTests" name="testCreateFormattedResistanceStringFourBandBlackYellowOrangeSilver" time="0.000" timestamp="2018-10-19T20:32:58"/>
	<testcase classname="create_formatted_resistance_string_tests.CreateFormattedResistanceStringTests" name="testCreateFormattedResistanceStringFourBandBlackYellowOrangeViolet" time="0.000" timestamp="2018-10-19T20:32:58"/>
	<testcase classname="create_formatted_resistance_string_tests.CreateFormattedResistanceStringTests" name="testCreateFormattedResistanceStringFourBandBlackYellowRedBlue" time="0.000" timestamp="2018-10-19T20:32:58"/>
	<testcase classname="create_formatted_resistance_string_tests.CreateFormattedResistanceStringTests" name="testCreateFormattedResistanceStringFourBandBlackYellowRedBrown" time="0.000" timestamp="2018-10-19T20:32:58"/>
	<testcase classname="create_formatted_resistance_string_tests.CreateFormattedResistanceStringTests" name="testCreateFormattedResistanceStringFourBandBlackYellowRedGold" time="0.000" timestamp="2018-10-19T20:32:58"/>
	<testcase classname="create_formatted_resistance_string_tests.CreateFormattedResistanceStringTests" name="testCreateFormattedResistanceStringFourBandBlackYellowRedGreen" time="0.000" timestamp="2018-10-19T20:32:58"/>
	<testcase classname="create_formatted_resistance_string_tests.CreateFormattedResistanceStringTests" name="testCreateFormattedResistanceStringFourBandBlackYellowRedGrey" time="0.000" timestamp="2018-10-19T20:32:58"/>
	<testcase classname="create_formatted_resistance_string_tests.CreateFormattedResistanceStringTests" name="testCreateFormattedResistanceStringFourBandBlackYellowRedNone" time="0.000" timestamp="2018-10-19T20:32:58"/>
	<testcase classname="create_formatted_resistance_string_tests.CreateFormattedResistanceStringTests" name="testCreateFormattedResistanceStringFourBandBlackYellowRedRed" time="0.000" timestamp="2018-10-19T20:32:58"/>
	<testcase classname="create_formatted_resistance_string_tests.CreateFormattedResistanceStringTests" name="testCreateFormattedResistanceStringFourBandBlackYellowRedSilver" time="0.000" timestamp="2018-10-19T20:32:58"/>
	<testcase classname="create_formatted_resistance_string_tests.CreateFormattedResistanceStringTests" name="testCreateFormattedResistanceStringFourBandBlackYellowRedViolet" time="0.000" timestamp="2018-10-19T20:32:58"/>
	<testcase classname="create_formatted_resistance_string_tests.CreateFormattedResistanceStringTests" name="testCreateFormattedResistanceStringFourBandBlackYellowSilverBlue" time="0.000" timestamp="2018-10-19T20:32:58"/>
	<testcase classname="create_formatted_resistance_string_tests.CreateFormattedResistanceStringTests" name="testCreateFormattedResistanceStringFourBandBlackYellowSilverBrown" time="0.000" timestamp="2018-10-19T20:32:58"/>
	<testcase classname="create_formatted_resistance_string_tests.CreateFormattedResistanceStringTests" name="testCreateFormattedResistanceStringFourBandBlackYellowSilverGold" time="0.000" timestamp="2018-10-19T20:32:58"/>
	<testcase classname="create_formatted_resistance_string_tests.CreateFormattedResistanceStringTests" name="testCreateFormattedResistanceStringFourBandBlackYellowSilverGreen" time="0.000" timestamp="2018-10-19T20:32:58"/>
	<testcase classname="create_formatted_resistance_string_tests.CreateFormattedResistanceStringTests" name="testCreateFormattedResistanceStringFourBandBlackYellowSilverGrey" time="0.000" timestamp="2018-10-19T20:32:58"/>
	<testcase classname="create_formatted_resistance_string_tests.CreateFormattedResistanceStringTests" name="testCreateFormattedResistanceStringFourBandBlackYellowSilverNone" time="0.000" timestamp="2018-10-19T20:32:58"/>
	<testcase classname="create_formatted_resistance_string_tests.CreateFormattedResistanceStringTests" name="testCreateFormattedResistanceStringFourBandBlackYellowSilverRed" time="0.000" timestamp="2018-10-19T20:32:58"/>
	<testcase classname="create_formatted_resistance_string_tests.CreateFormattedResistanceStringTests" name="testCreateFormattedResistanceStringFourBandBlackYellowSilverSilver" time="0.000" timestamp="2018-10-19T20:32:58"/>
	<testcase classname="create_formatted_resistance_string_tests.CreateFormattedResistanceStringTests" name="testCreateFormattedResistanceStringFourBandBlackYellowSilverViolet" time="0.000" timestamp="2018-10-19T20:32:58"/>
	<testcase classname="create_formatted_resistance_string_tests.CreateFormattedResistanceStringTests" name="testCreateFormattedResistanceStringFourBandBlackYellowVioletBlue" time="0.000" timestamp="2018-10-19T20:32:58"/>
	<testcase classname="create_formatted_resistance_string_tests.CreateFormattedResistanceStringTests" name="testCreateFormattedResistanceStringFourBandBlackYellowVioletBrown" time="0.000" timestamp="2018-10-19T20:32:58"/>
	<testcase classname="create_formatted_resistance_string_tests.CreateFormattedResistanceStringTests" name="testCreateFormattedResistanceStringFourBandBlackYellowVioletGold" time="0.000" timestamp="2018-10-19T20:32:58"/>
	<testcase classname="create_formatted_resistance_string_tests.CreateFormattedResistanceStringTests" name="testCreateFormattedResistanceStringFourBandBlackYellowVioletGreen" time="0.000" timestamp="2018-10-19T20:32:58"/>
	<testcase classname="create_formatted_resistance_string_tests.CreateFormattedResistanceStringTests" name="testCreateFormattedResistanceStringFourBandBlackYellowVioletGrey" time="0.000" timestamp="2018-10-19T20:32:58"/>
	<testcase classname="create_formatted_resistance_string_tests.CreateFormattedResistanceStringTests" name="testCreateFormattedResistanceStringFourBandBlackYellowVioletNone" time="0.000" timestamp="2018-10-19T20:32:58"/>
	<testcase classname="create_formatted_resistance_string_tests.CreateFormattedResistanceStringTests" name="testCreateFormattedResistanceStringFourBandBlackYellowVioletRed" time="0.000" timestamp="2018-10-19T20:32:58"/>
	<testcase classname="create_formatted_resistance_string_tests.CreateFormattedResistanceStringTests" name="testCreateFormattedResistanceStringFourBandBlackYellowVioletSilver" time="0.000" timestamp="2018-10-19T20:32:58"/>
	<testcase classname="create_formatted_resistance_string_tests.CreateFormattedResistanceStringTests" name="testCreateFormattedResistanceStringFourBandBlackYellowVioletViolet" time="0.000" timestamp="2018-10-19T20:32:58"/>
	<testcase classname="create_formatted_resistance_string_tests.CreateFormattedResistanceStringTests" name="testCreateFormattedResistanceStringFourBandBlackYellowWhiteBlue" time="0.000" timestamp="2018-10-19T20:32:58"/>
	<testcase classname="create_formatted_resistance_string_tests.CreateFormattedResistanceStringTests" name="testCreateFormattedResistanceStringFourBandBlackYellowWhiteBrown" time="0.000" timestamp="2018-10-19T20:32:58"/>
	<testcase classname="create_formatted_resistance_string_tests.CreateFormattedResistanceStringTests" name="testCreateFormattedResistanceStringFourBandBlackYellowWhiteGold" time="0.000" timestamp="2018-10-19T20:32:58"/>
	<testcase classname="create_formatted_resistance_string_tests.CreateFormattedResistanceStringTests" name="testCreateFormattedResistanceStringFourBandBlackYellowWhiteGreen" time="0.000" timestamp="2018-10-19T20:32:58"/>
	<testcase classname="create_formatted_resistance_string_tests.CreateFormattedResistanceStringTests" name="testCreateFormattedResistanceStringFourBandBlackYellowWhiteGrey" time="0.000" timestamp="2018-10-19T20:32:58"/>
	<testcase classname="create_formatted_resistance_string_tests.CreateFormattedResistanceStringTests" name="testCreateFormattedResistanceStringFourBandBlackYellowWhiteNone" time="0.000" timestamp="2018-10-19T20:32:58"/>
	<testcase classname="create_formatted_resistance_string_tests.CreateFormattedResistanceStringTests" name="testCreateFormattedResistanceStringFourBandBlackYellowWhiteRed" time="0.000" timestamp="2018-10-19T20:32:58"/>
	<testcase classname="create_formatted_resistance_string_tests.CreateFormattedResistanceStringTests" name="testCreateFormattedResistanceStringFourBandBlackYellowWhiteSilver" time="0.000" timestamp="2018-10-19T20:32:58"/>
	<testcase classname="create_formatted_resistance_string_tests.CreateFormattedResistanceStringTests" name="testCreateFormattedResistanceStringFourBandBlackYellowWhiteViolet" time="0.000" timestamp="2018-10-19T20:32:58"/>
	<testcase classname="create_formatted_resistance_string_tests.CreateFormattedResistanceStringTests" name="testCreateFormattedResistanceStringFourBandBlackYellowYellowBlue" time="0.000" timestamp="2018-10-19T20:32:58"/>
	<testcase classname="create_formatted_resistance_string_tests.CreateFormattedResistanceStringTests" name="testCreateFormattedResistanceStringFourBandBlackYellowYellowBrown" time="0.000" timestamp="2018-10-19T20:32:58"/>
	<testcase classname="create_formatted_resistance_string_tests.CreateFormattedResistanceStringTests" name="testCreateFormattedResistanceStringFourBandBlackYellowYellowGold" time="0.000" timestamp="2018-10-19T20:32:58"/>
	<testcase classname="create_formatted_resistance_string_tests.CreateFormattedResistanceStringTests" name="testCreateFormattedResistanceStringFourBandBlackYellowYellowGreen" time="0.000" timestamp="2018-10-19T20:32:58"/>
	<testcase classname="create_formatted_resistance_string_tests.CreateFormattedResistanceStringTests" name="testCreateFormattedResistanceStringFourBandBlackYellowYellowGrey" time="0.000" timestamp="2018-10-19T20:32:58"/>
	<testcase classname="create_formatted_resistance_string_tests.CreateFormattedResistanceStringTests" name="testCreateFormattedResistanceStringFourBandBlackYellowYellowNone" time="0.000" timestamp="2018-10-19T20:32:58"/>
	<testcase classname="create_formatted_resistance_string_tests.CreateFormattedResistanceStringTests" name="testCreateFormattedResistanceStringFourBandBlackYellowYellowRed" time="0.000" timestamp="2018-10-19T20:32:58"/>
	<testcase classname="create_formatted_resistance_string_tests.CreateFormattedResistanceStringTests" name="testCreateFormattedResistanceStringFourBandBlackYellowYellowSilver" time="0.000" timestamp="2018-10-19T20:32:58"/>
	<testcase classname="create_formatted_resistance_string_tests.CreateFormattedResistanceStringTests" name="testCreateFormattedResistanceStringFourBandBlackYellowYellowViolet" time="0.000" timestamp="2018-10-19T20:32:58"/>
	<testcase classname="create_formatted_resistance_string_tests.CreateFormattedResistanceStringTests" name="testCreateFormattedResistanceStringFourBandBlueBlackBlackBlue" time="0.000" timestamp="2018-10-19T20:32:58"/>
	<testcase classname="create_formatted_resistance_string_tests.CreateFormattedResistanceStringTests" name="testCreateFormattedResistanceStringFourBandBlueBlackBlackBrown" time="0.000" timestamp="2018-10-19T20:32:58"/>
	<testcase classname="create_formatted_resistance_string_tests.CreateFormattedResistanceStringTests" name="testCreateFormattedResistanceStringFourBandBlueBlackBlackGold" time="0.000" timestamp="2018-10-19T20:32:58"/>
	<testcase classname="create_formatted_resistance_string_tests.CreateFormattedResistanceStringTests" name="testCreateFormattedResistanceStringFourBandBlueBlackBlackGreen" time="0.000" timestamp="2018-10-19T20:32:58"/>
	<testcase classname="create_formatted_resistance_string_tests.CreateFormattedResistanceStringTests" name="testCreateFormattedResistanceStringFourBandBlueBlackBlackGrey" time="0.000" timestamp="2018-10-19T20:32:58"/>
	<testcase classname="create_formatted_resistance_string_tests.CreateFormattedResistanceStringTests" name="testCreateFormattedResistanceStringFourBandBlueBlackBlackNone" time="0.000" timestamp="2018-10-19T20:32:58"/>
	<testcase classname="create_formatted_resistance_string_tests.CreateFormattedResistanceStringTests" name="testCreateFormattedResistanceStringFourBandBlueBlackBlackRed" time="0.000" timestamp="2018-10-19T20:32:58"/>
	<testcase classname="create_formatted_resistance_string_tests.CreateFormattedResistanceStringTests" name="testCreateFormattedResistanceStringFourBandBlueBlackBlackSilver" time="0.000" timestamp="2018-10-19T20:32:58"/>
	<testcase classname="create_formatted_resistance_string_tests.CreateFormattedResistanceStringTests" name="testCreateFormattedResistanceStringFourBandBlueBlackBlackViolet" time="0.000" timestamp="2018-10-19T20:32:58"/>
	<testcase classname="create_formatted_resistance_string_tests.CreateFormattedResistanceStringTests" name="testCreateFormattedResistanceStringFourBandBlueBlackBlueBlue" time="0.000" timestamp="2018-10-19T20:32:58"/>
	<testcase classname="create_formatted_resistance_string_tests.CreateFormattedResistanceStringTests" name="testCreateFormattedResistanceStringFourBandBlueBlackBlueBrown" time="0.000" timestamp="2018-10-19T20:32:58"/>
	<testcase classname="create_formatted_resistance_string_tests.CreateFormattedResistanceStringTests" name="testCreateFormattedResistanceStringFourBandBlueBlackBlueGold" time="0.000" timestamp="2018-10-19T20:32:58"/>
	<testcase classname="create_formatted_resistance_string_tests.CreateFormattedResistanceStringTests" name="testCreateFormattedResistanceStringFourBandBlueBlackBlueGreen" time="0.000" timestamp="2018-10-19T20:32:58"/>
	<testcase classname="create_formatted_resistance_string_tests.CreateFormattedResistanceStringTests" name="testCreateFormattedResistanceStringFourBandBlueBlackBlueGrey" time="0.000" timestamp="2018-10-19T20:32:58"/>
	<testcase classname="create_formatted_resistance_string_tests.CreateFormattedResistanceStringTests" name="testCreateFormattedResistanceStringFourBandBlueBlackBlueNone" time="0.000" timestamp="2018-10-19T20:32:58"/>
	<testcase classname="create_formatted_resistance_string_tests.CreateFormattedResistanceStringTests" name="testCreateFormattedResistanceStringFourBandBlueBlackBlueRed" time="0.000" timestamp="2018-10-19T20:32:58"/>
	<testcase classname="create_formatted_resistance_string_tests.CreateFormattedResistanceStringTests" name="testCreateFormattedResistanceStringFourBandBlueBlackBlueSilver" time="0.000" timestamp="2018-10-19T20:32:58"/>
	<testcase classname="create_formatted_resistance_string_tests.CreateFormattedResistanceStringTests" name="testCreateFormattedResistanceStringFourBandBlueBlackBlueViolet" time="0.000" timestamp="2018-10-19T20:32:58"/>
	<testcase classname="create_formatted_resistance_string_tests.CreateFormattedResistanceStringTests" name="testCreateFormattedResistanceStringFourBandBlueBlackBrownBlue" time="0.000" timestamp="2018-10-19T20:32:58"/>
	<testcase classname="create_formatted_resistance_string_tests.CreateFormattedResistanceStringTests" name="testCreateFormattedResistanceStringFourBandBlueBlackBrownBrown" time="0.000" timestamp="2018-10-19T20:32:58"/>
	<testcase classname="create_formatted_resistance_string_tests.CreateFormattedResistanceStringTests" name="testCreateFormattedResistanceStringFourBandBlueBlackBrownGold" time="0.000" timestamp="2018-10-19T20:32:58"/>
	<testcase classname="create_formatted_resistance_string_tests.CreateFormattedResistanceStringTests" name="testCreateFormattedResistanceStringFourBandBlueBlackBrownGreen" time="0.000" timestamp="2018-10-19T20:32:58"/>
	<testcase classname="create_formatted_resistance_string_tests.CreateFormattedResistanceStringTests" name="testCreateFormattedResistanceStringFourBandBlueBlackBrownGrey" time="0.000" timestamp="2018-10-19T20:32:58"/>
	<testcase classname="create_formatted_resistance_string_tests.CreateFormattedResistanceStringTests" name="testCreateFormattedResistanceStringFourBandBlueBlackBrownNone" time="0.000" timestamp="2018-10-19T20:32:58"/>
	<testcase classname="create_formatted_resistance_string_tests.CreateFormattedResistanceStringTests" name="testCreateFormattedResistanceStringFourBandBlueBlackBrownRed" time="0.000" timestamp="2018-10-19T20:32:58"/>
	<testcase classname="create_formatted_resistance_string_tests.CreateFormattedResistanceStringTests" name="testCreateFormattedResistanceStringFourBandBlueBlackBrownSilver" time="0.000" timestamp="2018-10-19T20:32:58"/>
	<testcase classname="create_formatted_resistance_string_tests.CreateFormattedResistanceStringTests" name="testCreateFormattedResistanceStringFourBandBlueBlackBrownViolet" time="0.000" timestamp="2018-10-19T20:32:58"/>
	<testcase classname="create_formatted_resistance_string_tests.CreateFormattedResistanceStringTests" name="testCreateFormattedResistanceStringFourBandBlueBlackGoldBlue" time="0.000" timestamp="2018-10-19T20:32:58"/>
	<testcase classname="create_formatted_resistance_string_tests.CreateFormattedResistanceStringTests" name="testCreateFormattedResistanceStringFourBandBlueBlackGoldBrown" time="0.000" timestamp="2018-10-19T20:32:58"/>
	<testcase classname="create_formatted_resistance_string_tests.CreateFormattedResistanceStringTests" name="testCreateFormattedResistanceStringFourBandBlueBlackGoldGold" time="0.000" timestamp="2018-10-19T20:32:58"/>
	<testcase classname="create_formatted_resistance_string_tests.CreateFormattedResistanceStringTests" name="testCreateFormattedResistanceStringFourBandBlueBlackGoldGreen" time="0.000" timestamp="2018-10-19T20:32:58"/>
	<testcase classname="create_formatted_resistance_string_tests.CreateFormattedResistanceStringTests" name="testCreateFormattedResistanceStringFourBandBlueBlackGoldGrey" time="0.000" timestamp="2018-10-19T20:32:58"/>
	<testcase classname="create_formatted_resistance_string_tests.CreateFormattedResistanceStringTests" name="testCreateFormattedResistanceStringFourBandBlueBlackGoldNone" time="0.000" timestamp="2018-10-19T20:32:58"/>
	<testcase classname="create_formatted_resistance_string_tests.CreateFormattedResistanceStringTests" name="testCreateFormattedResistanceStringFourBandBlueBlackGoldRed" time="0.000" timestamp="2018-10-19T20:32:58"/>
	<testcase classname="create_formatted_resistance_string_tests.CreateFormattedResistanceStringTests" name="testCreateFormattedResistanceStringFourBandBlueBlackGoldSilver" time="0.000" timestamp="2018-10-19T20:32:58"/>
	<testcase classname="create_formatted_resistance_string_tests.CreateFormattedResistanceStringTests" name="testCreateFormattedResistanceStringFourBandBlueBlackGoldViolet" time="0.000" timestamp="2018-10-19T20:32:58"/>
	<testcase classname="create_formatted_resistance_string_tests.CreateFormattedResistanceStringTests" name="testCreateFormattedResistanceStringFourBandBlueBlackGreenBlue" time="0.000" timestamp="2018-10-19T20:32:58"/>
	<testcase classname="create_formatted_resistance_string_tests.CreateFormattedResistanceStringTests" name="testCreateFormattedResistanceStringFourBandBlueBlackGreenBrown" time="0.000" timestamp="2018-10-19T20:32:58"/>
	<testcase classname="create_formatted_resistance_string_tests.CreateFormattedResistanceStringTests" name="testCreateFormattedResistanceStringFourBandBlueBlackGreenGold" time="0.000" timestamp="2018-10-19T20:32:58"/>
	<testcase classname="create_formatted_resistance_string_tests.CreateFormattedResistanceStringTests" name="testCreateFormattedResistanceStringFourBandBlueBlackGreenGreen" time="0.000" timestamp="2018-10-19T20:32:58"/>
	<testcase classname="create_formatted_resistance_string_tests.CreateFormattedResistanceStringTests" name="testCreateFormattedResistanceStringFourBandBlueBlackGreenGrey" time="0.000" timestamp="2018-10-19T20:32:58"/>
	<testcase classname="create_formatted_resistance_string_tests.CreateFormattedResistanceStringTests" name="testCreateFormattedResistanceStringFourBandBlueBlackGreenNone" time="0.000" timestamp="2018-10-19T20:32:58"/>
	<testcase classname="create_formatted_resistance_string_tests.CreateFormattedResistanceStringTests" name="testCreateFormattedResistanceStringFourBandBlueBlackGreenRed" time="0.000" timestamp="2018-10-19T20:32:58"/>
	<testcase classname="create_formatted_resistance_string_tests.CreateFormattedResistanceStringTests" name="testCreateFormattedResistanceStringFourBandBlueBlackGreenSilver" time="0.000" timestamp="2018-10-19T20:32:58"/>
	<testcase classname="create_formatted_resistance_string_tests.CreateFormattedResistanceStringTests" name="testCreateFormattedResistanceStringFourBandBlueBlackGreenViolet" time="0.000" timestamp="2018-10-19T20:32:58"/>
	<testcase classname="create_formatted_resistance_string_tests.CreateFormattedResistanceStringTests" name="testCreateFormattedResistanceStringFourBandBlueBlackGreyBlue" time="0.000" timestamp="2018-10-19T20:32:58"/>
	<testcase classname="create_formatted_resistance_string_tests.CreateFormattedResistanceStringTests" name="testCreateFormattedResistanceStringFourBandBlueBlackGreyBrown" time="0.000" timestamp="2018-10-19T20:32:58"/>
	<testcase classname="create_formatted_resistance_string_tests.CreateFormattedResistanceStringTests" name="testCreateFormattedResistanceStringFourBandBlueBlackGreyGold" time="0.000" timestamp="2018-10-19T20:32:58"/>
	<testcase classname="create_formatted_resistance_string_tests.CreateFormattedResistanceStringTests" name="testCreateFormattedResistanceStringFourBandBlueBlackGreyGreen" time="0.000" timestamp="2018-10-19T20:32:58"/>
	<testcase classname="create_formatted_resistance_string_tests.CreateFormattedResistanceStringTests" name="testCreateFormattedResistanceStringFourBandBlueBlackGreyGrey" time="0.000" timestamp="2018-10-19T20:32:58"/>
	<testcase classname="create_formatted_resistance_string_tests.CreateFormattedResistanceStringTests" name="testCreateFormattedResistanceStringFourBandBlueBlackGreyNone" time="0.000" timestamp="2018-10-19T20:32:58"/>
	<testcase classname="create_formatted_resistance_string_tests.CreateFormattedResistanceStringTests" name="testCreateFormattedResistanceStringFourBandBlueBlackGreyRed" time="0.000" timestamp="2018-10-19T20:32:58"/>
	<testcase classname="create_formatted_resistance_string_tests.CreateFormattedResistanceStringTests" name="testCreateFormattedResistanceStringFourBandBlueBlackGreySilver" time="0.000" timestamp="2018-10-19T20:32:58"/>
	<testcase classname="create_formatted_resistance_string_tests.CreateFormattedResistanceStringTests" name="testCreateFormattedResistanceStringFourBandBlueBlackGreyViolet" time="0.000" timestamp="2018-10-19T20:32:58"/>
	<testcase classname="create_formatted_resistance_string_tests.CreateFormattedResistanceStringTests" name="testCreateFormattedResistanceStringFourBandBlueBlackOrangeBlue" time="0.000" timestamp="2018-10-19T20:32:58"/>
	<testcase classname="create_formatted_resistance_string_tests.CreateFormattedResistanceStringTests" name="testCreateFormattedResistanceStringFourBandBlueBlackOrangeBrown" time="0.000" timestamp="2018-10-19T20:32:58"/>
	<testcase classname="create_formatted_resistance_string_tests.CreateFormattedResistanceStringTests" name="testCreateFormattedResistanceStringFourBandBlueBlackOrangeGold" time="0.000" timestamp="2018-10-19T20:32:58"/>
	<testcase classname="create_formatted_resistance_string_tests.CreateFormattedResistanceStringTests" name="testCreateFormattedResistanceStringFourBandBlueBlackOrangeGreen" time="0.000" timestamp="2018-10-19T20:32:58"/>
	<testcase classname="create_formatted_resistance_string_tests.CreateFormattedResistanceStringTests" name="testCreateFormattedResistanceStringFourBandBlueBlackOrangeGrey" time="0.000" timestamp="2018-10-19T20:32:58"/>
	<testcase classname="create_formatted_resistance_string_tests.CreateFormattedResistanceStringTests" name="testCreateFormattedResistanceStringFourBandBlueBlackOrangeNone" time="0.000" timestamp="2018-10-19T20:32:58"/>
	<testcase classname="create_formatted_resistance_string_tests.CreateFormattedResistanceStringTests" name="testCreateFormattedResistanceStringFourBandBlueBlackOrangeRed" time="0.000" timestamp="2018-10-19T20:32:58"/>
	<testcase classname="create_formatted_resistance_string_tests.CreateFormattedResistanceStringTests" name="testCreateFormattedResistanceStringFourBandBlueBlackOrangeSilver" time="0.000" timestamp="2018-10-19T20:32:58"/>
	<testcase classname="create_formatted_resistance_string_tests.CreateFormattedResistanceStringTests" name="testCreateFormattedResistanceStringFourBandBlueBlackOrangeViolet" time="0.000" timestamp="2018-10-19T20:32:58"/>
	<testcase classname="create_formatted_resistance_string_tests.CreateFormattedResistanceStringTests" name="testCreateFormattedResistanceStringFourBandBlueBlackRedBlue" time="0.000" timestamp="2018-10-19T20:32:58"/>
	<testcase classname="create_formatted_resistance_string_tests.CreateFormattedResistanceStringTests" name="testCreateFormattedResistanceStringFourBandBlueBlackRedBrown" time="0.000" timestamp="2018-10-19T20:32:58"/>
	<testcase classname="create_formatted_resistance_string_tests.CreateFormattedResistanceStringTests" name="testCreateFormattedResistanceStringFourBandBlueBlackRedGold" time="0.000" timestamp="2018-10-19T20:32:58"/>
	<testcase classname="create_formatted_resistance_string_tests.CreateFormattedResistanceStringTests" name="testCreateFormattedResistanceStringFourBandBlueBlackRedGreen" time="0.000" timestamp="2018-10-19T20:32:58"/>
	<testcase classname="create_formatted_resistance_string_tests.CreateFormattedResistanceStringTests" name="testCreateFormattedResistanceStringFourBandBlueBlackRedGrey" time="0.000" timestamp="2018-10-19T20:32:58"/>
	<testcase classname="create_formatted_resistance_string_tests.CreateFormattedResistanceStringTests" name="testCreateFormattedResistanceStringFourBandBlueBlackRedNone" time="0.000" timestamp="2018-10-19T20:32:58"/>
	<testcase classname="create_formatted_resistance_string_tests.CreateFormattedResistanceStringTests" name="testCreateFormattedResistanceStringFourBandBlueBlackRedRed" time="0.000" timestamp="2018-10-19T20:32:58"/>
	<testcase classname="create_formatted_resistance_string_tests.CreateFormattedResistanceStringTests" name="testCreateFormattedResistanceStringFourBandBlueBlackRedSilver" time="0.000" timestamp="2018-10-19T20:32:58"/>
	<testcase classname="create_formatted_resistance_string_tests.CreateFormattedResistanceStringTests" name="testCreateFormattedResistanceStringFourBandBlueBlackRedViolet" time="0.000" timestamp="2018-10-19T20:32:58"/>
	<testcase classname="create_formatted_resistance_string_tests.CreateFormattedResistanceStringTests" name="testCreateFormattedResistanceStringFourBandBlueBlackSilverBlue" time="0.000" timestamp="2018-10-19T20:32:58"/>
	<testcase classname="create_formatted_resistance_string_tests.CreateFormattedResistanceStringTests" name="testCreateFormattedResistanceStringFourBandBlueBlackSilverBrown" time="0.000" timestamp="2018-10-19T20:32:58"/>
	<testcase classname="create_formatted_resistance_string_tests.CreateFormattedResistanceStringTests" name="testCreateFormattedResistanceStringFourBandBlueBlackSilverGold" time="0.000" timestamp="2018-10-19T20:32:58"/>
	<testcase classname="create_formatted_resistance_string_tests.CreateFormattedResistanceStringTests" name="testCreateFormattedResistanceStringFourBandBlueBlackSilverGreen" time="0.000" timestamp="2018-10-19T20:32:58"/>
	<testcase classname="create_formatted_resistance_string_tests.CreateFormattedResistanceStringTests" name="testCreateFormattedResistanceStringFourBandBlueBlackSilverGrey" time="0.000" timestamp="2018-10-19T20:32:58"/>
	<testcase classname="create_formatted_resistance_string_tests.CreateFormattedResistanceStringTests" name="testCreateFormattedResistanceStringFourBandBlueBlackSilverNone" time="0.000" timestamp="2018-10-19T20:32:58"/>
	<testcase classname="create_formatted_resistance_string_tests.CreateFormattedResistanceStringTests" name="testCreateFormattedResistanceStringFourBandBlueBlackSilverRed" time="0.000" timestamp="2018-10-19T20:32:58"/>
	<testcase classname="create_formatted_resistance_string_tests.CreateFormattedResistanceStringTests" name="testCreateFormattedResistanceStringFourBandBlueBlackSilverSilver" time="0.000" timestamp="2018-10-19T20:32:58"/>
	<testcase classname="create_formatted_resistance_string_tests.CreateFormattedResistanceStringTests" name="testCreateFormattedResistanceStringFourBandBlueBlackSilverViolet" time="0.000" timestamp="2018-10-19T20:32:58"/>
	<testcase classname="create_formatted_resistance_string_tests.CreateFormattedResistanceStringTests" name="testCreateFormattedResistanceStringFourBandBlueBlackVioletBlue" time="0.000" timestamp="2018-10-19T20:32:58"/>
	<testcase classname="create_formatted_resistance_string_tests.CreateFormattedResistanceStringTests" name="testCreateFormattedResistanceStringFourBandBlueBlackVioletBrown" time="0.000" timestamp="2018-10-19T20:32:58"/>
	<testcase classname="create_formatted_resistance_string_tests.CreateFormattedResistanceStringTests" name="testCreateFormattedResistanceStringFourBandBlueBlackVioletGold" time="0.000" timestamp="2018-10-19T20:32:58"/>
	<testcase classname="create_formatted_resistance_string_tests.CreateFormattedResistanceStringTests" name="testCreateFormattedResistanceStringFourBandBlueBlackVioletGreen" time="0.000" timestamp="2018-10-19T20:32:58"/>
	<testcase classname="create_formatted_resistance_string_tests.CreateFormattedResistanceStringTests" name="testCreateFormattedResistanceStringFourBandBlueBlackVioletGrey" time="0.000" timestamp="2018-10-19T20:32:58"/>
	<testcase classname="create_formatted_resistance_string_tests.CreateFormattedResistanceStringTests" name="testCreateFormattedResistanceStringFourBandBlueBlackVioletNone" time="0.000" timestamp="2018-10-19T20:32:58"/>
	<testcase classname="create_formatted_resistance_string_tests.CreateFormattedResistanceStringTests" name="testCreateFormattedResistanceStringFourBandBlueBlackVioletRed" time="0.000" timestamp="2018-10-19T20:32:58"/>
	<testcase classname="create_formatted_resistance_string_tests.CreateFormattedResistanceStringTests" name="testCreateFormattedResistanceStringFourBandBlueBlackVioletSilver" time="0.000" timestamp="2018-10-19T20:32:58"/>
	<testcase classname="create_formatted_resistance_string_tests.CreateFormattedResistanceStringTests" name="testCreateFormattedResistanceStringFourBandBlueBlackVioletViolet" time="0.000" timestamp="2018-10-19T20:32:58"/>
	<testcase classname="create_formatted_resistance_string_tests.CreateFormattedResistanceStringTests" name="testCreateFormattedResistanceStringFourBandBlueBlackWhiteBlue" time="0.000" timestamp="2018-10-19T20:32:58"/>
	<testcase classname="create_formatted_resistance_string_tests.CreateFormattedResistanceStringTests" name="testCreateFormattedResistanceStringFourBandBlueBlackWhiteBrown" time="0.000" timestamp="2018-10-19T20:32:58"/>
	<testcase classname="create_formatted_resistance_string_tests.CreateFormattedResistanceStringTests" name="testCreateFormattedResistanceStringFourBandBlueBlackWhiteGold" time="0.000" timestamp="2018-10-19T20:32:58"/>
	<testcase classname="create_formatted_resistance_string_tests.CreateFormattedResistanceStringTests" name="testCreateFormattedResistanceStringFourBandBlueBlackWhiteGreen" time="0.000" timestamp="2018-10-19T20:32:58"/>
	<testcase classname="create_formatted_resistance_string_tests.CreateFormattedResistanceStringTests" name="testCreateFormattedResistanceStringFourBandBlueBlackWhiteGrey" time="0.000" timestamp="2018-10-19T20:32:58"/>
	<testcase classname="create_formatted_resistance_string_tests.CreateFormattedResistanceStringTests" name="testCreateFormattedResistanceStringFourBandBlueBlackWhiteNone" time="0.000" timestamp="2018-10-19T20:32:58"/>
	<testcase classname="create_formatted_resistance_string_tests.CreateFormattedResistanceStringTests" name="testCreateFormattedResistanceStringFourBandBlueBlackWhiteRed" time="0.000" timestamp="2018-10-19T20:32:58"/>
	<testcase classname="create_formatted_resistance_string_tests.CreateFormattedResistanceStringTests" name="testCreateFormattedResistanceStringFourBandBlueBlackWhiteSilver" time="0.000" timestamp="2018-10-19T20:32:58"/>
	<testcase classname="create_formatted_resistance_string_tests.CreateFormattedResistanceStringTests" name="testCreateFormattedResistanceStringFourBandBlueBlackWhiteViolet" time="0.000" timestamp="2018-10-19T20:32:58"/>
	<testcase classname="create_formatted_resistance_string_tests.CreateFormattedResistanceStringTests" name="testCreateFormattedResistanceStringFourBandBlueBlackYellowBlue" time="0.000" timestamp="2018-10-19T20:32:58"/>
	<testcase classname="create_formatted_resistance_string_tests.CreateFormattedResistanceStringTests" name="testCreateFormattedResistanceStringFourBandBlueBlackYellowBrown" time="0.000" timestamp="2018-10-19T20:32:58"/>
	<testcase classname="create_formatted_resistance_string_tests.CreateFormattedResistanceStringTests" name="testCreateFormattedResistanceStringFourBandBlueBlackYellowGold" time="0.000" timestamp="2018-10-19T20:32:58"/>
	<testcase classname="create_formatted_resistance_string_tests.CreateFormattedResistanceStringTests" name="testCreateFormattedResistanceStringFourBandBlueBlackYellowGreen" time="0.000" timestamp="2018-10-19T20:32:58"/>
	<testcase classname="create_formatted_resistance_string_tests.CreateFormattedResistanceStringTests" name="testCreateFormattedResistanceStringFourBandBlueBlackYellowGrey" time="0.000" timestamp="2018-10-19T20:32:58"/>
	<testcase classname="create_formatted_resistance_string_tests.CreateFormattedResistanceStringTests" name="testCreateFormattedResistanceStringFourBandBlueBlackYellowNone" time="0.000" timestamp="2018-10-19T20:32:58"/>
	<testcase classname="create_formatted_resistance_string_tests.CreateFormattedResistanceStringTests" name="testCreateFormattedResistanceStringFourBandBlueBlackYellowRed" time="0.000" timestamp="2018-10-19T20:32:58"/>
	<testcase classname="create_formatted_resistance_string_tests.CreateFormattedResistanceStringTests" name="testCreateFormattedResistanceStringFourBandBlueBlackYellowSilver" time="0.000" timestamp="2018-10-19T20:32:58"/>
	<testcase classname="create_formatted_resistance_string_tests.CreateFormattedResistanceStringTests" name="testCreateFormattedResistanceStringFourBandBlueBlackYellowViolet" time="0.000" timestamp="2018-10-19T20:32:58"/>
	<testcase classname="create_formatted_resistance_string_tests.CreateFormattedResistanceStringTests" name="testCreateFormattedResistanceStringFourBandBlueBlueBlackBlue" time="0.000" timestamp="2018-10-19T20:32:58"/>
	<testcase classname="create_formatted_resistance_string_tests.CreateFormattedResistanceStringTests" name="testCreateFormattedResistanceStringFourBandBlueBlueBlackBrown" time="0.000" timestamp="2018-10-19T20:32:58"/>
	<testcase classname="create_formatted_resistance_string_tests.CreateFormattedResistanceStringTests" name="testCreateFormattedResistanceStringFourBandBlueBlueBlackGold" time="0.000" timestamp="2018-10-19T20:32:58"/>
	<testcase classname="create_formatted_resistance_string_tests.CreateFormattedResistanceStringTests" name="testCreateFormattedResistanceStringFourBandBlueBlueBlackGreen" time="0.000" timestamp="2018-10-19T20:32:58"/>
	<testcase classname="create_formatted_resistance_string_tests.CreateFormattedResistanceStringTests" name="testCreateFormattedResistanceStringFourBandBlueBlueBlackGrey" time="0.000" timestamp="2018-10-19T20:32:58"/>
	<testcase classname="create_formatted_resistance_string_tests.CreateFormattedResistanceStringTests" name="testCreateFormattedResistanceStringFourBandBlueBlueBlackNone" time="0.000" timestamp="2018-10-19T20:32:58"/>
	<testcase classname="create_formatted_resistance_string_tests.CreateFormattedResistanceStringTests" name="testCreateFormattedResistanceStringFourBandBlueBlueBlackRed" time="0.000" timestamp="2018-10-19T20:32:58"/>
	<testcase classname="create_formatted_resistance_string_tests.CreateFormattedResistanceStringTests" name="testCreateFormattedResistanceStringFourBandBlueBlueBlackSilver" time="0.000" timestamp="2018-10-19T20:32:58"/>
	<testcase classname="create_formatted_resistance_string_tests.CreateFormattedResistanceStringTests" name="testCreateFormattedResistanceStringFourBandBlueBlueBlackViolet" time="0.000" timestamp="2018-10-19T20:32:58"/>
	<testcase classname="create_formatted_resistance_string_tests.CreateFormattedResistanceStringTests" name="testCreateFormattedResistanceStringFourBandBlueBlueBlueBlue" time="0.000" timestamp="2018-10-19T20:32:58"/>
	<testcase classname="create_formatted_resistance_string_tests.CreateFormattedResistanceStringTests" name="testCreateFormattedResistanceStringFourBandBlueBlueBlueBrown" time="0.000" timestamp="2018-10-19T20:32:58"/>
	<testcase classname="create_formatted_resistance_string_tests.CreateFormattedResistanceStringTests" name="testCreateFormattedResistanceStringFourBandBlueBlueBlueGold" time="0.000" timestamp="2018-10-19T20:32:58"/>
	<testcase classname="create_formatted_resistance_string_tests.CreateFormattedResistanceStringTests" name="testCreateFormattedResistanceStringFourBandBlueBlueBlueGreen" time="0.000" timestamp="2018-10-19T20:32:58"/>
	<testcase classname="create_formatted_resistance_string_tests.CreateFormattedResistanceStringTests" name="testCreateFormattedResistanceStringFourBandBlueBlueBlueGrey" time="0.000" timestamp="2018-10-19T20:32:58"/>
	<testcase classname="create_formatted_resistance_string_tests.CreateFormattedResistanceStringTests" name="testCreateFormattedResistanceStringFourBandBlueBlueBlueNone" time="0.000" timestamp="2018-10-19T20:32:58"/>
	<testcase classname="create_formatted_resistance_string_tests.CreateFormattedResistanceStringTests" name="testCreateFormattedResistanceStringFourBandBlueBlueBlueRed" time="0.000" timestamp="2018-10-19T20:32:58"/>
	<testcase classname="create_formatted_resistance_string_tests.CreateFormattedResistanceStringTests" name="testCreateFormattedResistanceStringFourBandBlueBlueBlueSilver" time="0.000" timestamp="2018-10-19T20:32:58"/>
	<testcase classname="create_formatted_resistance_string_tests.CreateFormattedResistanceStringTests" name="testCreateFormattedResistanceStringFourBandBlueBlueBlueViolet" time="0.000" timestamp="2018-10-19T20:32:58"/>
	<testcase classname="create_formatted_resistance_string_tests.CreateFormattedResistanceStringTests" name="testCreateFormattedResistanceStringFourBandBlueBlueBrownBlue" time="0.000" timestamp="2018-10-19T20:32:58"/>
	<testcase classname="create_formatted_resistance_string_tests.CreateFormattedResistanceStringTests" name="testCreateFormattedResistanceStringFourBandBlueBlueBrownBrown" time="0.000" timestamp="2018-10-19T20:32:58"/>
	<testcase classname="create_formatted_resistance_string_tests.CreateFormattedResistanceStringTests" name="testCreateFormattedResistanceStringFourBandBlueBlueBrownGold" time="0.000" timestamp="2018-10-19T20:32:58"/>
	<testcase classname="create_formatted_resistance_string_tests.CreateFormattedResistanceStringTests" name="testCreateFormattedResistanceStringFourBandBlueBlueBrownGreen" time="0.000" timestamp="2018-10-19T20:32:58"/>
	<testcase classname="create_formatted_resistance_string_tests.CreateFormattedResistanceStringTests" name="testCreateFormattedResistanceStringFourBandBlueBlueBrownGrey" time="0.000" timestamp="2018-10-19T20:32:58"/>
	<testcase classname="create_formatted_resistance_string_tests.CreateFormattedResistanceStringTests" name="testCreateFormattedResistanceStringFourBandBlueBlueBrownNone" time="0.000" timestamp="2018-10-19T20:32:58"/>
	<testcase classname="create_formatted_resistance_string_tests.CreateFormattedResistanceStringTests" name="testCreateFormattedResistanceStringFourBandBlueBlueBrownRed" time="0.000" timestamp="2018-10-19T20:32:58"/>
	<testcase classname="create_formatted_resistance_string_tests.CreateFormattedResistanceStringTests" name="testCreateFormattedResistanceStringFourBandBlueBlueBrownSilver" time="0.000" timestamp="2018-10-19T20:32:58"/>
	<testcase classname="create_formatted_resistance_string_tests.CreateFormattedResistanceStringTests" name="testCreateFormattedResistanceStringFourBandBlueBlueBrownViolet" time="0.000" timestamp="2018-10-19T20:32:58"/>
	<testcase classname="create_formatted_resistance_string_tests.CreateFormattedResistanceStringTests" name="testCreateFormattedResistanceStringFourBandBlueBlueGoldBlue" time="0.000" timestamp="2018-10-19T20:32:58"/>
	<testcase classname="create_formatted_resistance_string_tests.CreateFormattedResistanceStringTests" name="testCreateFormattedResistanceStringFourBandBlueBlueGoldBrown" time="0.000" timestamp="2018-10-19T20:32:58"/>
	<testcase classname="create_formatted_resistance_string_tests.CreateFormattedResistanceStringTests" name="testCreateFormattedResistanceStringFourBandBlueBlueGoldGold" time="0.000" timestamp="2018-10-19T20:32:58"/>
	<testcase classname="create_formatted_resistance_string_tests.CreateFormattedResistanceStringTests" name="testCreateFormattedResistanceStringFourBandBlueBlueGoldGreen" time="0.000" timestamp="2018-10-19T20:32:58"/>
	<testcase classname="create_formatted_resistance_string_tests.CreateFormattedResistanceStringTests" name="testCreateFormattedResistanceStringFourBandBlueBlueGoldGrey" time="0.000" timestamp="2018-10-19T20:32:58"/>
	<testcase classname="create_formatted_resistance_string_tests.CreateFormattedResistanceStringTests" name="testCreateFormattedResistanceStringFourBandBlueBlueGoldNone" time="0.000" timestamp="2018-10-19T20:32:58"/>
	<testcase classname="create_formatted_resistance_string_tests.CreateFormattedResistanceStringTests" name="testCreateFormattedResistanceStringFourBandBlueBlueGoldRed" time="0.000" timestamp="2018-10-19T20:32:58"/>
	<testcase classname="create_formatted_resistance_string_tests.CreateFormattedResistanceStringTests" name="testCreateFormattedResistanceStringFourBandBlueBlueGoldSilver" time="0.000" timestamp="2018-10-19T20:32:58"/>
	<testcase classname="create_formatted_resistance_string_tests.CreateFormattedResistanceStringTests" name="testCreateFormattedResistanceStringFourBandBlueBlueGoldViolet" time="0.000" timestamp="2018-10-19T20:32:58"/>
	<testcase classname="create_formatted_resistance_string_tests.CreateFormattedResistanceStringTests" name="testCreateFormattedResistanceStringFourBandBlueBlueGreenBlue" time="0.000" timestamp="2018-10-19T20:32:58"/>
	<testcase classname="create_formatted_resistance_string_tests.CreateFormattedResistanceStringTests" name="testCreateFormattedResistanceStringFourBandBlueBlueGreenBrown" time="0.000" timestamp="2018-10-19T20:32:58"/>
	<testcase classname="create_formatted_resistance_string_tests.CreateFormattedResistanceStringTests" name="testCreateFormattedResistanceStringFourBandBlueBlueGreenGold" time="0.000" timestamp="2018-10-19T20:32:58"/>
	<testcase classname="create_formatted_resistance_string_tests.CreateFormattedResistanceStringTests" name="testCreateFormattedResistanceStringFourBandBlueBlueGreenGreen" time="0.000" timestamp="2018-10-19T20:32:58"/>
	<testcase classname="create_formatted_resistance_string_tests.CreateFormattedResistanceStringTests" name="testCreateFormattedResistanceStringFourBandBlueBlueGreenGrey" time="0.000" timestamp="2018-10-19T20:32:58"/>
	<testcase classname="create_formatted_resistance_string_tests.CreateFormattedResistanceStringTests" name="testCreateFormattedResistanceStringFourBandBlueBlueGreenNone" time="0.000" timestamp="2018-10-19T20:32:58"/>
	<testcase classname="create_formatted_resistance_string_tests.CreateFormattedResistanceStringTests" name="testCreateFormattedResistanceStringFourBandBlueBlueGreenRed" time="0.000" timestamp="2018-10-19T20:32:58"/>
	<testcase classname="create_formatted_resistance_string_tests.CreateFormattedResistanceStringTests" name="testCreateFormattedResistanceStringFourBandBlueBlueGreenSilver" time="0.000" timestamp="2018-10-19T20:32:58"/>
	<testcase classname="create_formatted_resistance_string_tests.CreateFormattedResistanceStringTests" name="testCreateFormattedResistanceStringFourBandBlueBlueGreenViolet" time="0.000" timestamp="2018-10-19T20:32:58"/>
	<testcase classname="create_formatted_resistance_string_tests.CreateFormattedResistanceStringTests" name="testCreateFormattedResistanceStringFourBandBlueBlueGreyBlue" time="0.000" timestamp="2018-10-19T20:32:58"/>
	<testcase classname="create_formatted_resistance_string_tests.CreateFormattedResistanceStringTests" name="testCreateFormattedResistanceStringFourBandBlueBlueGreyBrown" time="0.000" timestamp="2018-10-19T20:32:58"/>
	<testcase classname="create_formatted_resistance_string_tests.CreateFormattedResistanceStringTests" name="testCreateFormattedResistanceStringFourBandBlueBlueGreyGold" time="0.000" timestamp="2018-10-19T20:32:58"/>
	<testcase classname="create_formatted_resistance_string_tests.CreateFormattedResistanceStringTests" name="testCreateFormattedResistanceStringFourBandBlueBlueGreyGreen" time="0.000" timestamp="2018-10-19T20:32:58"/>
	<testcase classname="create_formatted_resistance_string_tests.CreateFormattedResistanceStringTests" name="testCreateFormattedResistanceStringFourBandBlueBlueGreyGrey" time="0.000" timestamp="2018-10-19T20:32:58"/>
	<testcase classname="create_formatted_resistance_string_tests.CreateFormattedResistanceStringTests" name="testCreateFormattedResistanceStringFourBandBlueBlueGreyNone" time="0.000" timestamp="2018-10-19T20:32:58"/>
	<testcase classname="create_formatted_resistance_string_tests.CreateFormattedResistanceStringTests" name="testCreateFormattedResistanceStringFourBandBlueBlueGreyRed" time="0.000" timestamp="2018-10-19T20:32:58"/>
	<testcase classname="create_formatted_resistance_string_tests.CreateFormattedResistanceStringTests" name="testCreateFormattedResistanceStringFourBandBlueBlueGreySilver" time="0.000" timestamp="2018-10-19T20:32:58"/>
	<testcase classname="create_formatted_resistance_string_tests.CreateFormattedResistanceStringTests" name="testCreateFormattedResistanceStringFourBandBlueBlueGreyViolet" time="0.000" timestamp="2018-10-19T20:32:58"/>
	<testcase classname="create_formatted_resistance_string_tests.CreateFormattedResistanceStringTests" name="testCreateFormattedResistanceStringFourBandBlueBlueOrangeBlue" time="0.000" timestamp="2018-10-19T20:32:58"/>
	<testcase classname="create_formatted_resistance_string_tests.CreateFormattedResistanceStringTests" name="testCreateFormattedResistanceStringFourBandBlueBlueOrangeBrown" time="0.000" timestamp="2018-10-19T20:32:58"/>
	<testcase classname="create_formatted_resistance_string_tests.CreateFormattedResistanceStringTests" name="testCreateFormattedResistanceStringFourBandBlueBlueOrangeGold" time="0.000" timestamp="2018-10-19T20:32:58"/>
	<testcase classname="create_formatted_resistance_string_tests.CreateFormattedResistanceStringTests" name="testCreateFormattedResistanceStringFourBandBlueBlueOrangeGreen" time="0.000" timestamp="2018-10-19T20:32:58"/>
	<testcase classname="create_formatted_resistance_string_tests.CreateFormattedResistanceStringTests" name="testCreateFormattedResistanceStringFourBandBlueBlueOrangeGrey" time="0.000" timestamp="2018-10-19T20:32:58"/>
	<testcase classname="create_formatted_resistance_string_tests.CreateFormattedResistanceStringTests" name="testCreateFormattedResistanceStringFourBandBlueBlueOrangeNone" time="0.000" timestamp="2018-10-19T20:32:58"/>
	<testcase classname="create_formatted_resistance_string_tests.CreateFormattedResistanceStringTests" name="testCreateFormattedResistanceStringFourBandBlueBlueOrangeRed" time="0.000" timestamp="2018-10-19T20:32:58"/>
	<testcase classname="create_formatted_resistance_string_tests.CreateFormattedResistanceStringTests" name="testCreateFormattedResistanceStringFourBandBlueBlueOrangeSilver" time="0.000" timestamp="2018-10-19T20:32:58"/>
	<testcase classname="create_formatted_resistance_string_tests.CreateFormattedResistanceStringTests" name="testCreateFormattedResistanceStringFourBandBlueBlueOrangeViolet" time="0.000" timestamp="2018-10-19T20:32:58"/>
	<testcase classname="create_formatted_resistance_string_tests.CreateFormattedResistanceStringTests" name="testCreateFormattedResistanceStringFourBandBlueBlueRedBlue" time="0.000" timestamp="2018-10-19T20:32:58"/>
	<testcase classname="create_formatted_resistance_string_tests.CreateFormattedResistanceStringTests" name="testCreateFormattedResistanceStringFourBandBlueBlueRedBrown" time="0.000" timestamp="2018-10-19T20:32:58"/>
	<testcase classname="create_formatted_resistance_string_tests.CreateFormattedResistanceStringTests" name="testCreateFormattedResistanceStringFourBandBlueBlueRedGold" time="0.000" timestamp="2018-10-19T20:32:58"/>
	<testcase classname="create_formatted_resistance_string_tests.CreateFormattedResistanceStringTests" name="testCreateFormattedResistanceStringFourBandBlueBlueRedGreen" time="0.000" timestamp="2018-10-19T20:32:58"/>
	<testcase classname="create_formatted_resistance_string_tests.CreateFormattedResistanceStringTests" name="testCreateFormattedResistanceStringFourBandBlueBlueRedGrey" time="0.000" timestamp="2018-10-19T20:32:58"/>
	<testcase classname="create_formatted_resistance_string_tests.CreateFormattedResistanceStringTests" name="testCreateFormattedResistanceStringFourBandBlueBlueRedNone" time="0.000" timestamp="2018-10-19T20:32:58"/>
	<testcase classname="create_formatted_resistance_string_tests.CreateFormattedResistanceStringTests" name="testCreateFormattedResistanceStringFourBandBlueBlueRedRed" time="0.000" timestamp="2018-10-19T20:32:58"/>
	<testcase classname="create_formatted_resistance_string_tests.CreateFormattedResistanceStringTests" name="testCreateFormattedResistanceStringFourBandBlueBlueRedSilver" time="0.000" timestamp="2018-10-19T20:32:58"/>
	<testcase classname="create_formatted_resistance_string_tests.CreateFormattedResistanceStringTests" name="testCreateFormattedResistanceStringFourBandBlueBlueRedViolet" time="0.000" timestamp="2018-10-19T20:32:58"/>
	<testcase classname="create_formatted_resistance_string_tests.CreateFormattedResistanceStringTests" name="testCreateFormattedResistanceStringFourBandBlueBlueSilverBlue" time="0.000" timestamp="2018-10-19T20:32:58"/>
	<testcase classname="create_formatted_resistance_string_tests.CreateFormattedResistanceStringTests" name="testCreateFormattedResistanceStringFourBandBlueBlueSilverBrown" time="0.000" timestamp="2018-10-19T20:32:58"/>
	<testcase classname="create_formatted_resistance_string_tests.CreateFormattedResistanceStringTests" name="testCreateFormattedResistanceStringFourBandBlueBlueSilverGold" time="0.000" timestamp="2018-10-19T20:32:58"/>
	<testcase classname="create_formatted_resistance_string_tests.CreateFormattedResistanceStringTests" name="testCreateFormattedResistanceStringFourBandBlueBlueSilverGreen" time="0.000" timestamp="2018-10-19T20:32:58"/>
	<testcase classname="create_formatted_resistance_string_tests.CreateFormattedResistanceStringTests" name="testCreateFormattedResistanceStringFourBandBlueBlueSilverGrey" time="0.000" timestamp="2018-10-19T20:32:58"/>
	<testcase classname="create_formatted_resistance_string_tests.CreateFormattedResistanceStringTests" name="testCreateFormattedResistanceStringFourBandBlueBlueSilverNone" time="0.000" timestamp="2018-10-19T20:32:58"/>
	<testcase classname="create_formatted_resistance_string_tests.CreateFormattedResistanceStringTests" name="testCreateFormattedResistanceStringFourBandBlueBlueSilverRed" time="0.000" timestamp="2018-10-19T20:32:58"/>
	<testcase classname="create_formatted_resistance_string_tests.CreateFormattedResistanceStringTests" name="testCreateFormattedResistanceStringFourBandBlueBlueSilverSilver" time="0.000" timestamp="2018-10-19T20:32:58"/>
	<testcase classname="create_formatted_resistance_string_tests.CreateFormattedResistanceStringTests" name="testCreateFormattedResistanceStringFourBandBlueBlueSilverViolet" time="0.000" timestamp="2018-10-19T20:32:58"/>
	<testcase classname="create_formatted_resistance_string_tests.CreateFormattedResistanceStringTests" name="testCreateFormattedResistanceStringFourBandBlueBlueVioletBlue" time="0.000" timestamp="2018-10-19T20:32:58"/>
	<testcase classname="create_formatted_resistance_string_tests.CreateFormattedResistanceStringTests" name="testCreateFormattedResistanceStringFourBandBlueBlueVioletBrown" time="0.000" timestamp="2018-10-19T20:32:58"/>
	<testcase classname="create_formatted_resistance_string_tests.CreateFormattedResistanceStringTests" name="testCreateFormattedResistanceStringFourBandBlueBlueVioletGold" time="0.000" timestamp="2018-10-19T20:32:58"/>
	<testcase classname="create_formatted_resistance_string_tests.CreateFormattedResistanceStringTests" name="testCreateFormattedResistanceStringFourBandBlueBlueVioletGreen" time="0.000" timestamp="2018-10-19T20:32:58"/>
	<testcase classname="create_formatted_resistance_string_tests.CreateFormattedResistanceStringTests" name="testCreateFormattedResistanceStringFourBandBlueBlueVioletGrey" time="0.000" timestamp="2018-10-19T20:32:58"/>
	<testcase classname="create_formatted_resistance_string_tests.CreateFormattedResistanceStringTests" name="testCreateFormattedResistanceStringFourBandBlueBlueVioletNone" time="0.000" timestamp="2018-10-19T20:32:58"/>
	<testcase classname="create_formatted_resistance_string_tests.CreateFormattedResistanceStringTests" name="testCreateFormattedResistanceStringFourBandBlueBlueVioletRed" time="0.000" timestamp="2018-10-19T20:32:58"/>
	<testcase classname="create_formatted_resistance_string_tests.CreateFormattedResistanceStringTests" name="testCreateFormattedResistanceStringFourBandBlueBlueVioletSilver" time="0.000" timestamp="2018-10-19T20:32:58"/>
	<testcase classname="create_formatted_resistance_string_tests.CreateFormattedResistanceStringTests" name="testCreateFormattedResistanceStringFourBandBlueBlueVioletViolet" time="0.000" timestamp="2018-10-19T20:32:58"/>
	<testcase classname="create_formatted_resistance_string_tests.CreateFormattedResistanceStringTests" name="testCreateFormattedResistanceStringFourBandBlueBlueWhiteBlue" time="0.000" timestamp="2018-10-19T20:32:58"/>
	<testcase classname="create_formatted_resistance_string_tests.CreateFormattedResistanceStringTests" name="testCreateFormattedResistanceStringFourBandBlueBlueWhiteBrown" time="0.000" timestamp="2018-10-19T20:32:58"/>
	<testcase classname="create_formatted_resistance_string_tests.CreateFormattedResistanceStringTests" name="testCreateFormattedResistanceStringFourBandBlueBlueWhiteGold" time="0.000" timestamp="2018-10-19T20:32:58"/>
	<testcase classname="create_formatted_resistance_string_tests.CreateFormattedResistanceStringTests" name="testCreateFormattedResistanceStringFourBandBlueBlueWhiteGreen" time="0.000" timestamp="2018-10-19T20:32:58"/>
	<testcase classname="create_formatted_resistance_string_tests.CreateFormattedResistanceStringTests" name="testCreateFormattedResistanceStringFourBandBlueBlueWhiteGrey" time="0.000" timestamp="2018-10-19T20:32:58"/>
	<testcase classname="create_formatted_resistance_string_tests.CreateFormattedResistanceStringTests" name="testCreateFormattedResistanceStringFourBandBlueBlueWhiteNone" time="0.000" timestamp="2018-10-19T20:32:58"/>
	<testcase classname="create_formatted_resistance_string_tests.CreateFormattedResistanceStringTests" name="testCreateFormattedResistanceStringFourBandBlueBlueWhiteRed" time="0.000" timestamp="2018-10-19T20:32:58"/>
	<testcase classname="create_formatted_resistance_string_tests.CreateFormattedResistanceStringTests" name="testCreateFormattedResistanceStringFourBandBlueBlueWhiteSilver" time="0.000" timestamp="2018-10-19T20:32:58"/>
	<testcase classname="create_formatted_resistance_string_tests.CreateFormattedResistanceStringTests" name="testCreateFormattedResistanceStringFourBandBlueBlueWhiteViolet" time="0.000" timestamp="2018-10-19T20:32:58"/>
	<testcase classname="create_formatted_resistance_string_tests.CreateFormattedResistanceStringTests" name="testCreateFormattedResistanceStringFourBandBlueBlueYellowBlue" time="0.000" timestamp="2018-10-19T20:32:58"/>
	<testcase classname="create_formatted_resistance_string_tests.CreateFormattedResistanceStringTests" name="testCreateFormattedResistanceStringFourBandBlueBlueYellowBrown" time="0.000" timestamp="2018-10-19T20:32:58"/>
	<testcase classname="create_formatted_resistance_string_tests.CreateFormattedResistanceStringTests" name="testCreateFormattedResistanceStringFourBandBlueBlueYellowGold" time="0.000" timestamp="2018-10-19T20:32:58"/>
	<testcase classname="create_formatted_resistance_string_tests.CreateFormattedResistanceStringTests" name="testCreateFormattedResistanceStringFourBandBlueBlueYellowGreen" time="0.000" timestamp="2018-10-19T20:32:58"/>
	<testcase classname="create_formatted_resistance_string_tests.CreateFormattedResistanceStringTests" name="testCreateFormattedResistanceStringFourBandBlueBlueYellowGrey" time="0.000" timestamp="2018-10-19T20:32:58"/>
	<testcase classname="create_formatted_resistance_string_tests.CreateFormattedResistanceStringTests" name="testCreateFormattedResistanceStringFourBandBlueBlueYellowNone" time="0.000" timestamp="2018-10-19T20:32:58"/>
	<testcase classname="create_formatted_resistance_string_tests.CreateFormattedResistanceStringTests" name="testCreateFormattedResistanceStringFourBandBlueBlueYellowRed" time="0.000" timestamp="2018-10-19T20:32:58"/>
	<testcase classname="create_formatted_resistance_string_tests.CreateFormattedResistanceStringTests" name="testCreateFormattedResistanceStringFourBandBlueBlueYellowSilver" time="0.000" timestamp="2018-10-19T20:32:58"/>
	<testcase classname="create_formatted_resistance_string_tests.CreateFormattedResistanceStringTests" name="testCreateFormattedResistanceStringFourBandBlueBlueYellowViolet" time="0.000" timestamp="2018-10-19T20:32:58"/>
	<testcase classname="create_formatted_resistance_string_tests.CreateFormattedResistanceStringTests" name="testCreateFormattedResistanceStringFourBandBlueBrownBlackBlue" time="0.000" timestamp="2018-10-19T20:32:58"/>
	<testcase classname="create_formatted_resistance_string_tests.CreateFormattedResistanceStringTests" name="testCreateFormattedResistanceStringFourBandBlueBrownBlackBrown" time="0.000" timestamp="2018-10-19T20:32:58"/>
	<testcase classname="create_formatted_resistance_string_tests.CreateFormattedResistanceStringTests" name="testCreateFormattedResistanceStringFourBandBlueBrownBlackGold" time="0.000" timestamp="2018-10-19T20:32:58"/>
	<testcase classname="create_formatted_resistance_string_tests.CreateFormattedResistanceStringTests" name="testCreateFormattedResistanceStringFourBandBlueBrownBlackGreen" time="0.000" timestamp="2018-10-19T20:32:58"/>
	<testcase classname="create_formatted_resistance_string_tests.CreateFormattedResistanceStringTests" name="testCreateFormattedResistanceStringFourBandBlueBrownBlackGrey" time="0.000" timestamp="2018-10-19T20:32:58"/>
	<testcase classname="create_formatted_resistance_string_tests.CreateFormattedResistanceStringTests" name="testCreateFormattedResistanceStringFourBandBlueBrownBlackNone" time="0.000" timestamp="2018-10-19T20:32:58"/>
	<testcase classname="create_formatted_resistance_string_tests.CreateFormattedResistanceStringTests" name="testCreateFormattedResistanceStringFourBandBlueBrownBlackRed" time="0.000" timestamp="2018-10-19T20:32:58"/>
	<testcase classname="create_formatted_resistance_string_tests.CreateFormattedResistanceStringTests" name="testCreateFormattedResistanceStringFourBandBlueBrownBlackSilver" time="0.000" timestamp="2018-10-19T20:32:58"/>
	<testcase classname="create_formatted_resistance_string_tests.CreateFormattedResistanceStringTests" name="testCreateFormattedResistanceStringFourBandBlueBrownBlackViolet" time="0.000" timestamp="2018-10-19T20:32:58"/>
	<testcase classname="create_formatted_resistance_string_tests.CreateFormattedResistanceStringTests" name="testCreateFormattedResistanceStringFourBandBlueBrownBlueBlue" time="0.000" timestamp="2018-10-19T20:32:58"/>
	<testcase classname="create_formatted_resistance_string_tests.CreateFormattedResistanceStringTests" name="testCreateFormattedResistanceStringFourBandBlueBrownBlueBrown" time="0.000" timestamp="2018-10-19T20:32:58"/>
	<testcase classname="create_formatted_resistance_string_tests.CreateFormattedResistanceStringTests" name="testCreateFormattedResistanceStringFourBandBlueBrownBlueGold" time="0.000" timestamp="2018-10-19T20:32:58"/>
	<testcase classname="create_formatted_resistance_string_tests.CreateFormattedResistanceStringTests" name="testCreateFormattedResistanceStringFourBandBlueBrownBlueGreen" time="0.000" timestamp="2018-10-19T20:32:58"/>
	<testcase classname="create_formatted_resistance_string_tests.CreateFormattedResistanceStringTests" name="testCreateFormattedResistanceStringFourBandBlueBrownBlueGrey" time="0.000" timestamp="2018-10-19T20:32:58"/>
	<testcase classname="create_formatted_resistance_string_tests.CreateFormattedResistanceStringTests" name="testCreateFormattedResistanceStringFourBandBlueBrownBlueNone" time="0.000" timestamp="2018-10-19T20:32:58"/>
	<testcase classname="create_formatted_resistance_string_tests.CreateFormattedResistanceStringTests" name="testCreateFormattedResistanceStringFourBandBlueBrownBlueRed" time="0.000" timestamp="2018-10-19T20:32:58"/>
	<testcase classname="create_formatted_resistance_string_tests.CreateFormattedResistanceStringTests" name="testCreateFormattedResistanceStringFourBandBlueBrownBlueSilver" time="0.000" timestamp="2018-10-19T20:32:58"/>
	<testcase classname="create_formatted_resistance_string_tests.CreateFormattedResistanceStringTests" name="testCreateFormattedResistanceStringFourBandBlueBrownBlueViolet" time="0.000" timestamp="2018-10-19T20:32:58"/>
	<testcase classname="create_formatted_resistance_string_tests.CreateFormattedResistanceStringTests" name="testCreateFormattedResistanceStringFourBandBlueBrownBrownBlue" time="0.000" timestamp="2018-10-19T20:32:58"/>
	<testcase classname="create_formatted_resistance_string_tests.CreateFormattedResistanceStringTests" name="testCreateFormattedResistanceStringFourBandBlueBrownBrownBrown" time="0.000" timestamp="2018-10-19T20:32:58"/>
	<testcase classname="create_formatted_resistance_string_tests.CreateFormattedResistanceStringTests" name="testCreateFormattedResistanceStringFourBandBlueBrownBrownGold" time="0.000" timestamp="2018-10-19T20:32:58"/>
	<testcase classname="create_formatted_resistance_string_tests.CreateFormattedResistanceStringTests" name="testCreateFormattedResistanceStringFourBandBlueBrownBrownGreen" time="0.000" timestamp="2018-10-19T20:32:58"/>
	<testcase classname="create_formatted_resistance_string_tests.CreateFormattedResistanceStringTests" name="testCreateFormattedResistanceStringFourBandBlueBrownBrownGrey" time="0.000" timestamp="2018-10-19T20:32:58"/>
	<testcase classname="create_formatted_resistance_string_tests.CreateFormattedResistanceStringTests" name="testCreateFormattedResistanceStringFourBandBlueBrownBrownNone" time="0.000" timestamp="2018-10-19T20:32:58"/>
	<testcase classname="create_formatted_resistance_string_tests.CreateFormattedResistanceStringTests" name="testCreateFormattedResistanceStringFourBandBlueBrownBrownRed" time="0.000" timestamp="2018-10-19T20:32:58"/>
	<testcase classname="create_formatted_resistance_string_tests.CreateFormattedResistanceStringTests" name="testCreateFormattedResistanceStringFourBandBlueBrownBrownSilver" time="0.000" timestamp="2018-10-19T20:32:58"/>
	<testcase classname="create_formatted_resistance_string_tests.CreateFormattedResistanceStringTests" name="testCreateFormattedResistanceStringFourBandBlueBrownBrownViolet" time="0.000" timestamp="2018-10-19T20:32:58"/>
	<testcase classname="create_formatted_resistance_string_tests.CreateFormattedResistanceStringTests" name="testCreateFormattedResistanceStringFourBandBlueBrownGoldBlue" time="0.000" timestamp="2018-10-19T20:32:58"/>
	<testcase classname="create_formatted_resistance_string_tests.CreateFormattedResistanceStringTests" name="testCreateFormattedResistanceStringFourBandBlueBrownGoldBrown" time="0.000" timestamp="2018-10-19T20:32:58"/>
	<testcase classname="create_formatted_resistance_string_tests.CreateFormattedResistanceStringTests" name="testCreateFormattedResistanceStringFourBandBlueBrownGoldGold" time="0.000" timestamp="2018-10-19T20:32:58"/>
	<testcase classname="create_formatted_resistance_string_tests.CreateFormattedResistanceStringTests" name="testCreateFormattedResistanceStringFourBandBlueBrownGoldGreen" time="0.000" timestamp="2018-10-19T20:32:58"/>
	<testcase classname="create_formatted_resistance_string_tests.CreateFormattedResistanceStringTests" name="testCreateFormattedResistanceStringFourBandBlueBrownGoldGrey" time="0.000" timestamp="2018-10-19T20:32:58"/>
	<testcase classname="create_formatted_resistance_string_tests.CreateFormattedResistanceStringTests" name="testCreateFormattedResistanceStringFourBandBlueBrownGoldNone" time="0.000" timestamp="2018-10-19T20:32:58"/>
	<testcase classname="create_formatted_resistance_string_tests.CreateFormattedResistanceStringTests" name="testCreateFormattedResistanceStringFourBandBlueBrownGoldRed" time="0.000" timestamp="2018-10-19T20:32:58"/>
	<testcase classname="create_formatted_resistance_string_tests.CreateFormattedResistanceStringTests" name="testCreateFormattedResistanceStringFourBandBlueBrownGoldSilver" time="0.000" timestamp="2018-10-19T20:32:58"/>
	<testcase classname="create_formatted_resistance_string_tests.CreateFormattedResistanceStringTests" name="testCreateFormattedResistanceStringFourBandBlueBrownGoldViolet" time="0.000" timestamp="2018-10-19T20:32:58"/>
	<testcase classname="create_formatted_resistance_string_tests.CreateFormattedResistanceStringTests" name="testCreateFormattedResistanceStringFourBandBlueBrownGreenBlue" time="0.000" timestamp="2018-10-19T20:32:58"/>
	<testcase classname="create_formatted_resistance_string_tests.CreateFormattedResistanceStringTests" name="testCreateFormattedResistanceStringFourBandBlueBrownGreenBrown" time="0.000" timestamp="2018-10-19T20:32:58"/>
	<testcase classname="create_formatted_resistance_string_tests.CreateFormattedResistanceStringTests" name="testCreateFormattedResistanceStringFourBandBlueBrownGreenGold" time="0.000" timestamp="2018-10-19T20:32:58"/>
	<testcase classname="create_formatted_resistance_string_tests.CreateFormattedResistanceStringTests" name="testCreateFormattedResistanceStringFourBandBlueBrownGreenGreen" time="0.000" timestamp="2018-10-19T20:32:58"/>
	<testcase classname="create_formatted_resistance_string_tests.CreateFormattedResistanceStringTests" name="testCreateFormattedResistanceStringFourBandBlueBrownGreenGrey" time="0.000" timestamp="2018-10-19T20:32:58"/>
	<testcase classname="create_formatted_resistance_string_tests.CreateFormattedResistanceStringTests" name="testCreateFormattedResistanceStringFourBandBlueBrownGreenNone" time="0.000" timestamp="2018-10-19T20:32:58"/>
	<testcase classname="create_formatted_resistance_string_tests.CreateFormattedResistanceStringTests" name="testCreateFormattedResistanceStringFourBandBlueBrownGreenRed" time="0.000" timestamp="2018-10-19T20:32:58"/>
	<testcase classname="create_formatted_resistance_string_tests.CreateFormattedResistanceStringTests" name="testCreateFormattedResistanceStringFourBandBlueBrownGreenSilver" time="0.000" timestamp="2018-10-19T20:32:58"/>
	<testcase classname="create_formatted_resistance_string_tests.CreateFormattedResistanceStringTests" name="testCreateFormattedResistanceStringFourBandBlueBrownGreenViolet" time="0.000" timestamp="2018-10-19T20:32:58"/>
	<testcase classname="create_formatted_resistance_string_tests.CreateFormattedResistanceStringTests" name="testCreateFormattedResistanceStringFourBandBlueBrownGreyBlue" time="0.000" timestamp="2018-10-19T20:32:58"/>
	<testcase classname="create_formatted_resistance_string_tests.CreateFormattedResistanceStringTests" name="testCreateFormattedResistanceStringFourBandBlueBrownGreyBrown" time="0.000" timestamp="2018-10-19T20:32:58"/>
	<testcase classname="create_formatted_resistance_string_tests.CreateFormattedResistanceStringTests" name="testCreateFormattedResistanceStringFourBandBlueBrownGreyGold" time="0.000" timestamp="2018-10-19T20:32:58"/>
	<testcase classname="create_formatted_resistance_string_tests.CreateFormattedResistanceStringTests" name="testCreateFormattedResistanceStringFourBandBlueBrownGreyGreen" time="0.000" timestamp="2018-10-19T20:32:58"/>
	<testcase classname="create_formatted_resistance_string_tests.CreateFormattedResistanceStringTests" name="testCreateFormattedResistanceStringFourBandBlueBrownGreyGrey" time="0.000" timestamp="2018-10-19T20:32:58"/>
	<testcase classname="create_formatted_resistance_string_tests.CreateFormattedResistanceStringTests" name="testCreateFormattedResistanceStringFourBandBlueBrownGreyNone" time="0.000" timestamp="2018-10-19T20:32:58"/>
	<testcase classname="create_formatted_resistance_string_tests.CreateFormattedResistanceStringTests" name="testCreateFormattedResistanceStringFourBandBlueBrownGreyRed" time="0.000" timestamp="2018-10-19T20:32:58"/>
	<testcase classname="create_formatted_resistance_string_tests.CreateFormattedResistanceStringTests" name="testCreateFormattedResistanceStringFourBandBlueBrownGreySilver" time="0.000" timestamp="2018-10-19T20:32:58"/>
	<testcase classname="create_formatted_resistance_string_tests.CreateFormattedResistanceStringTests" name="testCreateFormattedResistanceStringFourBandBlueBrownGreyViolet" time="0.000" timestamp="2018-10-19T20:32:58"/>
	<testcase classname="create_formatted_resistance_string_tests.CreateFormattedResistanceStringTests" name="testCreateFormattedResistanceStringFourBandBlueBrownOrangeBlue" time="0.000" timestamp="2018-10-19T20:32:58"/>
	<testcase classname="create_formatted_resistance_string_tests.CreateFormattedResistanceStringTests" name="testCreateFormattedResistanceStringFourBandBlueBrownOrangeBrown" time="0.000" timestamp="2018-10-19T20:32:58"/>
	<testcase classname="create_formatted_resistance_string_tests.CreateFormattedResistanceStringTests" name="testCreateFormattedResistanceStringFourBandBlueBrownOrangeGold" time="0.000" timestamp="2018-10-19T20:32:58"/>
	<testcase classname="create_formatted_resistance_string_tests.CreateFormattedResistanceStringTests" name="testCreateFormattedResistanceStringFourBandBlueBrownOrangeGreen" time="0.000" timestamp="2018-10-19T20:32:58"/>
	<testcase classname="create_formatted_resistance_string_tests.CreateFormattedResistanceStringTests" name="testCreateFormattedResistanceStringFourBandBlueBrownOrangeGrey" time="0.000" timestamp="2018-10-19T20:32:58"/>
	<testcase classname="create_formatted_resistance_string_tests.CreateFormattedResistanceStringTests" name="testCreateFormattedResistanceStringFourBandBlueBrownOrangeNone" time="0.000" timestamp="2018-10-19T20:32:58"/>
	<testcase classname="create_formatted_resistance_string_tests.CreateFormattedResistanceStringTests" name="testCreateFormattedResistanceStringFourBandBlueBrownOrangeRed" time="0.000" timestamp="2018-10-19T20:32:58"/>
	<testcase classname="create_formatted_resistance_string_tests.CreateFormattedResistanceStringTests" name="testCreateFormattedResistanceStringFourBandBlueBrownOrangeSilver" time="0.000" timestamp="2018-10-19T20:32:58"/>
	<testcase classname="create_formatted_resistance_string_tests.CreateFormattedResistanceStringTests" name="testCreateFormattedResistanceStringFourBandBlueBrownOrangeViolet" time="0.000" timestamp="2018-10-19T20:32:58"/>
	<testcase classname="create_formatted_resistance_string_tests.CreateFormattedResistanceStringTests" name="testCreateFormattedResistanceStringFourBandBlueBrownRedBlue" time="0.000" timestamp="2018-10-19T20:32:58"/>
	<testcase classname="create_formatted_resistance_string_tests.CreateFormattedResistanceStringTests" name="testCreateFormattedResistanceStringFourBandBlueBrownRedBrown" time="0.000" timestamp="2018-10-19T20:32:58"/>
	<testcase classname="create_formatted_resistance_string_tests.CreateFormattedResistanceStringTests" name="testCreateFormattedResistanceStringFourBandBlueBrownRedGold" time="0.000" timestamp="2018-10-19T20:32:58"/>
	<testcase classname="create_formatted_resistance_string_tests.CreateFormattedResistanceStringTests" name="testCreateFormattedResistanceStringFourBandBlueBrownRedGreen" time="0.000" timestamp="2018-10-19T20:32:58"/>
	<testcase classname="create_formatted_resistance_string_tests.CreateFormattedResistanceStringTests" name="testCreateFormattedResistanceStringFourBandBlueBrownRedGrey" time="0.000" timestamp="2018-10-19T20:32:58"/>
	<testcase classname="create_formatted_resistance_string_tests.CreateFormattedResistanceStringTests" name="testCreateFormattedResistanceStringFourBandBlueBrownRedNone" time="0.000" timestamp="2018-10-19T20:32:58"/>
	<testcase classname="create_formatted_resistance_string_tests.CreateFormattedResistanceStringTests" name="testCreateFormattedResistanceStringFourBandBlueBrownRedRed" time="0.000" timestamp="2018-10-19T20:32:58"/>
	<testcase classname="create_formatted_resistance_string_tests.CreateFormattedResistanceStringTests" name="testCreateFormattedResistanceStringFourBandBlueBrownRedSilver" time="0.000" timestamp="2018-10-19T20:32:58"/>
	<testcase classname="create_formatted_resistance_string_tests.CreateFormattedResistanceStringTests" name="testCreateFormattedResistanceStringFourBandBlueBrownRedViolet" time="0.000" timestamp="2018-10-19T20:32:58"/>
	<testcase classname="create_formatted_resistance_string_tests.CreateFormattedResistanceStringTests" name="testCreateFormattedResistanceStringFourBandBlueBrownSilverBlue" time="0.000" timestamp="2018-10-19T20:32:58"/>
	<testcase classname="create_formatted_resistance_string_tests.CreateFormattedResistanceStringTests" name="testCreateFormattedResistanceStringFourBandBlueBrownSilverBrown" time="0.000" timestamp="2018-10-19T20:32:58"/>
	<testcase classname="create_formatted_resistance_string_tests.CreateFormattedResistanceStringTests" name="testCreateFormattedResistanceStringFourBandBlueBrownSilverGold" time="0.000" timestamp="2018-10-19T20:32:58"/>
	<testcase classname="create_formatted_resistance_string_tests.CreateFormattedResistanceStringTests" name="testCreateFormattedResistanceStringFourBandBlueBrownSilverGreen" time="0.000" timestamp="2018-10-19T20:32:58"/>
	<testcase classname="create_formatted_resistance_string_tests.CreateFormattedResistanceStringTests" name="testCreateFormattedResistanceStringFourBandBlueBrownSilverGrey" time="0.000" timestamp="2018-10-19T20:32:58"/>
	<testcase classname="create_formatted_resistance_string_tests.CreateFormattedResistanceStringTests" name="testCreateFormattedResistanceStringFourBandBlueBrownSilverNone" time="0.000" timestamp="2018-10-19T20:32:58"/>
	<testcase classname="create_formatted_resistance_string_tests.CreateFormattedResistanceStringTests" name="testCreateFormattedResistanceStringFourBandBlueBrownSilverRed" time="0.000" timestamp="2018-10-19T20:32:58"/>
	<testcase classname="create_formatted_resistance_string_tests.CreateFormattedResistanceStringTests" name="testCreateFormattedResistanceStringFourBandBlueBrownSilverSilver" time="0.000" timestamp="2018-10-19T20:32:58"/>
	<testcase classname="create_formatted_resistance_string_tests.CreateFormattedResistanceStringTests" name="testCreateFormattedResistanceStringFourBandBlueBrownSilverViolet" time="0.000" timestamp="2018-10-19T20:32:58"/>
	<testcase classname="create_formatted_resistance_string_tests.CreateFormattedResistanceStringTests" name="testCreateFormattedResistanceStringFourBandBlueBrownVioletBlue" time="0.000" timestamp="2018-10-19T20:32:58"/>
	<testcase classname="create_formatted_resistance_string_tests.CreateFormattedResistanceStringTests" name="testCreateFormattedResistanceStringFourBandBlueBrownVioletBrown" time="0.000" timestamp="2018-10-19T20:32:58"/>
	<testcase classname="create_formatted_resistance_string_tests.CreateFormattedResistanceStringTests" name="testCreateFormattedResistanceStringFourBandBlueBrownVioletGold" time="0.000" timestamp="2018-10-19T20:32:58"/>
	<testcase classname="create_formatted_resistance_string_tests.CreateFormattedResistanceStringTests" name="testCreateFormattedResistanceStringFourBandBlueBrownVioletGreen" time="0.000" timestamp="2018-10-19T20:32:58"/>
	<testcase classname="create_formatted_resistance_string_tests.CreateFormattedResistanceStringTests" name="testCreateFormattedResistanceStringFourBandBlueBrownVioletGrey" time="0.000" timestamp="2018-10-19T20:32:58"/>
	<testcase classname="create_formatted_resistance_string_tests.CreateFormattedResistanceStringTests" name="testCreateFormattedResistanceStringFourBandBlueBrownVioletNone" time="0.000" timestamp="2018-10-19T20:32:58"/>
	<testcase classname="create_formatted_resistance_string_tests.CreateFormattedResistanceStringTests" name="testCreateFormattedResistanceStringFourBandBlueBrownVioletRed" time="0.000" timestamp="2018-10-19T20:32:58"/>
	<testcase classname="create_formatted_resistance_string_tests.CreateFormattedResistanceStringTests" name="testCreateFormattedResistanceStringFourBandBlueBrownVioletSilver" time="0.000" timestamp="2018-10-19T20:32:58"/>
	<testcase classname="create_formatted_resistance_string_tests.CreateFormattedResistanceStringTests" name="testCreateFormattedResistanceStringFourBandBlueBrownVioletViolet" time="0.000" timestamp="2018-10-19T20:32:58"/>
	<testcase classname="create_formatted_resistance_string_tests.CreateFormattedResistanceStringTests" name="testCreateFormattedResistanceStringFourBandBlueBrownWhiteBlue" time="0.000" timestamp="2018-10-19T20:32:58"/>
	<testcase classname="create_formatted_resistance_string_tests.CreateFormattedResistanceStringTests" name="testCreateFormattedResistanceStringFourBandBlueBrownWhiteBrown" time="0.000" timestamp="2018-10-19T20:32:58"/>
	<testcase classname="create_formatted_resistance_string_tests.CreateFormattedResistanceStringTests" name="testCreateFormattedResistanceStringFourBandBlueBrownWhiteGold" time="0.000" timestamp="2018-10-19T20:32:58"/>
	<testcase classname="create_formatted_resistance_string_tests.CreateFormattedResistanceStringTests" name="testCreateFormattedResistanceStringFourBandBlueBrownWhiteGreen" time="0.000" timestamp="2018-10-19T20:32:58"/>
	<testcase classname="create_formatted_resistance_string_tests.CreateFormattedResistanceStringTests" name="testCreateFormattedResistanceStringFourBandBlueBrownWhiteGrey" time="0.000" timestamp="2018-10-19T20:32:58"/>
	<testcase classname="create_formatted_resistance_string_tests.CreateFormattedResistanceStringTests" name="testCreateFormattedResistanceStringFourBandBlueBrownWhiteNone" time="0.000" timestamp="2018-10-19T20:32:58"/>
	<testcase classname="create_formatted_resistance_string_tests.CreateFormattedResistanceStringTests" name="testCreateFormattedResistanceStringFourBandBlueBrownWhiteRed" time="0.000" timestamp="2018-10-19T20:32:58"/>
	<testcase classname="create_formatted_resistance_string_tests.CreateFormattedResistanceStringTests" name="testCreateFormattedResistanceStringFourBandBlueBrownWhiteSilver" time="0.000" timestamp="2018-10-19T20:32:58"/>
	<testcase classname="create_formatted_resistance_string_tests.CreateFormattedResistanceStringTests" name="testCreateFormattedResistanceStringFourBandBlueBrownWhiteViolet" time="0.000" timestamp="2018-10-19T20:32:58"/>
	<testcase classname="create_formatted_resistance_string_tests.CreateFormattedResistanceStringTests" name="testCreateFormattedResistanceStringFourBandBlueBrownYellowBlue" time="0.000" timestamp="2018-10-19T20:32:58"/>
	<testcase classname="create_formatted_resistance_string_tests.CreateFormattedResistanceStringTests" name="testCreateFormattedResistanceStringFourBandBlueBrownYellowBrown" time="0.000" timestamp="2018-10-19T20:32:58"/>
	<testcase classname="create_formatted_resistance_string_tests.CreateFormattedResistanceStringTests" name="testCreateFormattedResistanceStringFourBandBlueBrownYellowGold" time="0.000" timestamp="2018-10-19T20:32:58"/>
	<testcase classname="create_formatted_resistance_string_tests.CreateFormattedResistanceStringTests" name="testCreateFormattedResistanceStringFourBandBlueBrownYellowGreen" time="0.000" timestamp="2018-10-19T20:32:58"/>
	<testcase classname="create_formatted_resistance_string_tests.CreateFormattedResistanceStringTests" name="testCreateFormattedResistanceStringFourBandBlueBrownYellowGrey" time="0.000" timestamp="2018-10-19T20:32:58"/>
	<testcase classname="create_formatted_resistance_string_tests.CreateFormattedResistanceStringTests" name="testCreateFormattedResistanceStringFourBandBlueBrownYellowNone" time="0.000" timestamp="2018-10-19T20:32:58"/>
	<testcase classname="create_formatted_resistance_string_tests.CreateFormattedResistanceStringTests" name="testCreateFormattedResistanceStringFourBandBlueBrownYellowRed" time="0.000" timestamp="2018-10-19T20:32:58"/>
	<testcase classname="create_formatted_resistance_string_tests.CreateFormattedResistanceStringTests" name="testCreateFormattedResistanceStringFourBandBlueBrownYellowSilver" time="0.000" timestamp="2018-10-19T20:32:58"/>
	<testcase classname="create_formatted_resistance_string_tests.CreateFormattedResistanceStringTests" name="testCreateFormattedResistanceStringFourBandBlueBrownYellowViolet" time="0.000" timestamp="2018-10-19T20:32:58"/>
	<testcase classname="create_formatted_resistance_string_tests.CreateFormattedResistanceStringTests" name="testCreateFormattedResistanceStringFourBandBlueGreenBlackBlue" time="0.000" timestamp="2018-10-19T20:32:58"/>
	<testcase classname="create_formatted_resistance_string_tests.CreateFormattedResistanceStringTests" name="testCreateFormattedResistanceStringFourBandBlueGreenBlackBrown" time="0.000" timestamp="2018-10-19T20:32:58"/>
	<testcase classname="create_formatted_resistance_string_tests.CreateFormattedResistanceStringTests" name="testCreateFormattedResistanceStringFourBandBlueGreenBlackGold" time="0.000" timestamp="2018-10-19T20:32:58"/>
	<testcase classname="create_formatted_resistance_string_tests.CreateFormattedResistanceStringTests" name="testCreateFormattedResistanceStringFourBandBlueGreenBlackGreen" time="0.000" timestamp="2018-10-19T20:32:58"/>
	<testcase classname="create_formatted_resistance_string_tests.CreateFormattedResistanceStringTests" name="testCreateFormattedResistanceStringFourBandBlueGreenBlackGrey" time="0.000" timestamp="2018-10-19T20:32:58"/>
	<testcase classname="create_formatted_resistance_string_tests.CreateFormattedResistanceStringTests" name="testCreateFormattedResistanceStringFourBandBlueGreenBlackNone" time="0.000" timestamp="2018-10-19T20:32:58"/>
	<testcase classname="create_formatted_resistance_string_tests.CreateFormattedResistanceStringTests" name="testCreateFormattedResistanceStringFourBandBlueGreenBlackRed" time="0.000" timestamp="2018-10-19T20:32:58"/>
	<testcase classname="create_formatted_resistance_string_tests.CreateFormattedResistanceStringTests" name="testCreateFormattedResistanceStringFourBandBlueGreenBlackSilver" time="0.000" timestamp="2018-10-19T20:32:58"/>
	<testcase classname="create_formatted_resistance_string_tests.CreateFormattedResistanceStringTests" name="testCreateFormattedResistanceStringFourBandBlueGreenBlackViolet" time="0.000" timestamp="2018-10-19T20:32:58"/>
	<testcase classname="create_formatted_resistance_string_tests.CreateFormattedResistanceStringTests" name="testCreateFormattedResistanceStringFourBandBlueGreenBlueBlue" time="0.000" timestamp="2018-10-19T20:32:58"/>
	<testcase classname="create_formatted_resistance_string_tests.CreateFormattedResistanceStringTests" name="testCreateFormattedResistanceStringFourBandBlueGreenBlueBrown" time="0.000" timestamp="2018-10-19T20:32:58"/>
	<testcase classname="create_formatted_resistance_string_tests.CreateFormattedResistanceStringTests" name="testCreateFormattedResistanceStringFourBandBlueGreenBlueGold" time="0.000" timestamp="2018-10-19T20:32:58"/>
	<testcase classname="create_formatted_resistance_string_tests.CreateFormattedResistanceStringTests" name="testCreateFormattedResistanceStringFourBandBlueGreenBlueGreen" time="0.000" timestamp="2018-10-19T20:32:58"/>
	<testcase classname="create_formatted_resistance_string_tests.CreateFormattedResistanceStringTests" name="testCreateFormattedResistanceStringFourBandBlueGreenBlueGrey" time="0.000" timestamp="2018-10-19T20:32:58"/>
	<testcase classname="create_formatted_resistance_string_tests.CreateFormattedResistanceStringTests" name="testCreateFormattedResistanceStringFourBandBlueGreenBlueNone" time="0.000" timestamp="2018-10-19T20:32:58"/>
	<testcase classname="create_formatted_resistance_string_tests.CreateFormattedResistanceStringTests" name="testCreateFormattedResistanceStringFourBandBlueGreenBlueRed" time="0.000" timestamp="2018-10-19T20:32:58"/>
	<testcase classname="create_formatted_resistance_string_tests.CreateFormattedResistanceStringTests" name="testCreateFormattedResistanceStringFourBandBlueGreenBlueSilver" time="0.000" timestamp="2018-10-19T20:32:58"/>
	<testcase classname="create_formatted_resistance_string_tests.CreateFormattedResistanceStringTests" name="testCreateFormattedResistanceStringFourBandBlueGreenBlueViolet" time="0.000" timestamp="2018-10-19T20:32:58"/>
	<testcase classname="create_formatted_resistance_string_tests.CreateFormattedResistanceStringTests" name="testCreateFormattedResistanceStringFourBandBlueGreenBrownBlue" time="0.000" timestamp="2018-10-19T20:32:58"/>
	<testcase classname="create_formatted_resistance_string_tests.CreateFormattedResistanceStringTests" name="testCreateFormattedResistanceStringFourBandBlueGreenBrownBrown" time="0.000" timestamp="2018-10-19T20:32:58"/>
	<testcase classname="create_formatted_resistance_string_tests.CreateFormattedResistanceStringTests" name="testCreateFormattedResistanceStringFourBandBlueGreenBrownGold" time="0.000" timestamp="2018-10-19T20:32:58"/>
	<testcase classname="create_formatted_resistance_string_tests.CreateFormattedResistanceStringTests" name="testCreateFormattedResistanceStringFourBandBlueGreenBrownGreen" time="0.000" timestamp="2018-10-19T20:32:58"/>
	<testcase classname="create_formatted_resistance_string_tests.CreateFormattedResistanceStringTests" name="testCreateFormattedResistanceStringFourBandBlueGreenBrownGrey" time="0.000" timestamp="2018-10-19T20:32:58"/>
	<testcase classname="create_formatted_resistance_string_tests.CreateFormattedResistanceStringTests" name="testCreateFormattedResistanceStringFourBandBlueGreenBrownNone" time="0.000" timestamp="2018-10-19T20:32:58"/>
	<testcase classname="create_formatted_resistance_string_tests.CreateFormattedResistanceStringTests" name="testCreateFormattedResistanceStringFourBandBlueGreenBrownRed" time="0.000" timestamp="2018-10-19T20:32:58"/>
	<testcase classname="create_formatted_resistance_string_tests.CreateFormattedResistanceStringTests" name="testCreateFormattedResistanceStringFourBandBlueGreenBrownSilver" time="0.000" timestamp="2018-10-19T20:32:58"/>
	<testcase classname="create_formatted_resistance_string_tests.CreateFormattedResistanceStringTests" name="testCreateFormattedResistanceStringFourBandBlueGreenBrownViolet" time="0.000" timestamp="2018-10-19T20:32:58"/>
	<testcase classname="create_formatted_resistance_string_tests.CreateFormattedResistanceStringTests" name="testCreateFormattedResistanceStringFourBandBlueGreenGoldBlue" time="0.000" timestamp="2018-10-19T20:32:58"/>
	<testcase classname="create_formatted_resistance_string_tests.CreateFormattedResistanceStringTests" name="testCreateFormattedResistanceStringFourBandBlueGreenGoldBrown" time="0.000" timestamp="2018-10-19T20:32:58"/>
	<testcase classname="create_formatted_resistance_string_tests.CreateFormattedResistanceStringTests" name="testCreateFormattedResistanceStringFourBandBlueGreenGoldGold" time="0.000" timestamp="2018-10-19T20:32:58"/>
	<testcase classname="create_formatted_resistance_string_tests.CreateFormattedResistanceStringTests" name="testCreateFormattedResistanceStringFourBandBlueGreenGoldGreen" time="0.000" timestamp="2018-10-19T20:32:58"/>
	<testcase classname="create_formatted_resistance_string_tests.CreateFormattedResistanceStringTests" name="testCreateFormattedResistanceStringFourBandBlueGreenGoldGrey" time="0.000" timestamp="2018-10-19T20:32:58"/>
	<testcase classname="create_formatted_resistance_string_tests.CreateFormattedResistanceStringTests" name="testCreateFormattedResistanceStringFourBandBlueGreenGoldNone" time="0.000" timestamp="2018-10-19T20:32:58"/>
	<testcase classname="create_formatted_resistance_string_tests.CreateFormattedResistanceStringTests" name="testCreateFormattedResistanceStringFourBandBlueGreenGoldRed" time="0.000" timestamp="2018-10-19T20:32:58"/>
	<testcase classname="create_formatted_resistance_string_tests.CreateFormattedResistanceStringTests" name="testCreateFormattedResistanceStringFourBandBlueGreenGoldSilver" time="0.000" timestamp="2018-10-19T20:32:58"/>
	<testcase classname="create_formatted_resistance_string_tests.CreateFormattedResistanceStringTests" name="testCreateFormattedResistanceStringFourBandBlueGreenGoldViolet" time="0.000" timestamp="2018-10-19T20:32:58"/>
	<testcase classname="create_formatted_resistance_string_tests.CreateFormattedResistanceStringTests" name="testCreateFormattedResistanceStringFourBandBlueGreenGreenBlue" time="0.000" timestamp="2018-10-19T20:32:58"/>
	<testcase classname="create_formatted_resistance_string_tests.CreateFormattedResistanceStringTests" name="testCreateFormattedResistanceStringFourBandBlueGreenGreenBrown" time="0.000" timestamp="2018-10-19T20:32:58"/>
	<testcase classname="create_formatted_resistance_string_tests.CreateFormattedResistanceStringTests" name="testCreateFormattedResistanceStringFourBandBlueGreenGreenGold" time="0.000" timestamp="2018-10-19T20:32:58"/>
	<testcase classname="create_formatted_resistance_string_tests.CreateFormattedResistanceStringTests" name="testCreateFormattedResistanceStringFourBandBlueGreenGreenGreen" time="0.000" timestamp="2018-10-19T20:32:58"/>
	<testcase classname="create_formatted_resistance_string_tests.CreateFormattedResistanceStringTests" name="testCreateFormattedResistanceStringFourBandBlueGreenGreenGrey" time="0.000" timestamp="2018-10-19T20:32:58"/>
	<testcase classname="create_formatted_resistance_string_tests.CreateFormattedResistanceStringTests" name="testCreateFormattedResistanceStringFourBandBlueGreenGreenNone" time="0.000" timestamp="2018-10-19T20:32:58"/>
	<testcase classname="create_formatted_resistance_string_tests.CreateFormattedResistanceStringTests" name="testCreateFormattedResistanceStringFourBandBlueGreenGreenRed" time="0.000" timestamp="2018-10-19T20:32:58"/>
	<testcase classname="create_formatted_resistance_string_tests.CreateFormattedResistanceStringTests" name="testCreateFormattedResistanceStringFourBandBlueGreenGreenSilver" time="0.000" timestamp="2018-10-19T20:32:58"/>
	<testcase classname="create_formatted_resistance_string_tests.CreateFormattedResistanceStringTests" name="testCreateFormattedResistanceStringFourBandBlueGreenGreenViolet" time="0.000" timestamp="2018-10-19T20:32:58"/>
	<testcase classname="create_formatted_resistance_string_tests.CreateFormattedResistanceStringTests" name="testCreateFormattedResistanceStringFourBandBlueGreenGreyBlue" time="0.000" timestamp="2018-10-19T20:32:58"/>
	<testcase classname="create_formatted_resistance_string_tests.CreateFormattedResistanceStringTests" name="testCreateFormattedResistanceStringFourBandBlueGreenGreyBrown" time="0.000" timestamp="2018-10-19T20:32:58"/>
	<testcase classname="create_formatted_resistance_string_tests.CreateFormattedResistanceStringTests" name="testCreateFormattedResistanceStringFourBandBlueGreenGreyGold" time="0.000" timestamp="2018-10-19T20:32:58"/>
	<testcase classname="create_formatted_resistance_string_tests.CreateFormattedResistanceStringTests" name="testCreateFormattedResistanceStringFourBandBlueGreenGreyGreen" time="0.000" timestamp="2018-10-19T20:32:58"/>
	<testcase classname="create_formatted_resistance_string_tests.CreateFormattedResistanceStringTests" name="testCreateFormattedResistanceStringFourBandBlueGreenGreyGrey" time="0.000" timestamp="2018-10-19T20:32:58"/>
	<testcase classname="create_formatted_resistance_string_tests.CreateFormattedResistanceStringTests" name="testCreateFormattedResistanceStringFourBandBlueGreenGreyNone" time="0.000" timestamp="2018-10-19T20:32:58"/>
	<testcase classname="create_formatted_resistance_string_tests.CreateFormattedResistanceStringTests" name="testCreateFormattedResistanceStringFourBandBlueGreenGreyRed" time="0.000" timestamp="2018-10-19T20:32:58"/>
	<testcase classname="create_formatted_resistance_string_tests.CreateFormattedResistanceStringTests" name="testCreateFormattedResistanceStringFourBandBlueGreenGreySilver" time="0.000" timestamp="2018-10-19T20:32:58"/>
	<testcase classname="create_formatted_resistance_string_tests.CreateFormattedResistanceStringTests" name="testCreateFormattedResistanceStringFourBandBlueGreenGreyViolet" time="0.000" timestamp="2018-10-19T20:32:58"/>
	<testcase classname="create_formatted_resistance_string_tests.CreateFormattedResistanceStringTests" name="testCreateFormattedResistanceStringFourBandBlueGreenOrangeBlue" time="0.000" timestamp="2018-10-19T20:32:58"/>
	<testcase classname="create_formatted_resistance_string_tests.CreateFormattedResistanceStringTests" name="testCreateFormattedResistanceStringFourBandBlueGreenOrangeBrown" time="0.000" timestamp="2018-10-19T20:32:58"/>
	<testcase classname="create_formatted_resistance_string_tests.CreateFormattedResistanceStringTests" name="testCreateFormattedResistanceStringFourBandBlueGreenOrangeGold" time="0.000" timestamp="2018-10-19T20:32:58"/>
	<testcase classname="create_formatted_resistance_string_tests.CreateFormattedResistanceStringTests" name="testCreateFormattedResistanceStringFourBandBlueGreenOrangeGreen" time="0.000" timestamp="2018-10-19T20:32:58"/>
	<testcase classname="create_formatted_resistance_string_tests.CreateFormattedResistanceStringTests" name="testCreateFormattedResistanceStringFourBandBlueGreenOrangeGrey" time="0.000" timestamp="2018-10-19T20:32:58"/>
	<testcase classname="create_formatted_resistance_string_tests.CreateFormattedResistanceStringTests" name="testCreateFormattedResistanceStringFourBandBlueGreenOrangeNone" time="0.000" timestamp="2018-10-19T20:32:58"/>
	<testcase classname="create_formatted_resistance_string_tests.CreateFormattedResistanceStringTests" name="testCreateFormattedResistanceStringFourBandBlueGreenOrangeRed" time="0.000" timestamp="2018-10-19T20:32:58"/>
	<testcase classname="create_formatted_resistance_string_tests.CreateFormattedResistanceStringTests" name="testCreateFormattedResistanceStringFourBandBlueGreenOrangeSilver" time="0.000" timestamp="2018-10-19T20:32:58"/>
	<testcase classname="create_formatted_resistance_string_tests.CreateFormattedResistanceStringTests" name="testCreateFormattedResistanceStringFourBandBlueGreenOrangeViolet" time="0.000" timestamp="2018-10-19T20:32:58"/>
	<testcase classname="create_formatted_resistance_string_tests.CreateFormattedResistanceStringTests" name="testCreateFormattedResistanceStringFourBandBlueGreenRedBlue" time="0.000" timestamp="2018-10-19T20:32:58"/>
	<testcase classname="create_formatted_resistance_string_tests.CreateFormattedResistanceStringTests" name="testCreateFormattedResistanceStringFourBandBlueGreenRedBrown" time="0.000" timestamp="2018-10-19T20:32:58"/>
	<testcase classname="create_formatted_resistance_string_tests.CreateFormattedResistanceStringTests" name="testCreateFormattedResistanceStringFourBandBlueGreenRedGold" time="0.000" timestamp="2018-10-19T20:32:58"/>
	<testcase classname="create_formatted_resistance_string_tests.CreateFormattedResistanceStringTests" name="testCreateFormattedResistanceStringFourBandBlueGreenRedGreen" time="0.000" timestamp="2018-10-19T20:32:58"/>
	<testcase classname="create_formatted_resistance_string_tests.CreateFormattedResistanceStringTests" name="testCreateFormattedResistanceStringFourBandBlueGreenRedGrey" time="0.000" timestamp="2018-10-19T20:32:58"/>
	<testcase classname="create_formatted_resistance_string_tests.CreateFormattedResistanceStringTests" name="testCreateFormattedResistanceStringFourBandBlueGreenRedNone" time="0.000" timestamp="2018-10-19T20:32:58"/>
	<testcase classname="create_formatted_resistance_string_tests.CreateFormattedResistanceStringTests" name="testCreateFormattedResistanceStringFourBandBlueGreenRedRed" time="0.000" timestamp="2018-10-19T20:32:58"/>
	<testcase classname="create_formatted_resistance_string_tests.CreateFormattedResistanceStringTests" name="testCreateFormattedResistanceStringFourBandBlueGreenRedSilver" time="0.000" timestamp="2018-10-19T20:32:58"/>
	<testcase classname="create_formatted_resistance_string_tests.CreateFormattedResistanceStringTests" name="testCreateFormattedResistanceStringFourBandBlueGreenRedViolet" time="0.000" timestamp="2018-10-19T20:32:58"/>
	<testcase classname="create_formatted_resistance_string_tests.CreateFormattedResistanceStringTests" name="testCreateFormattedResistanceStringFourBandBlueGreenSilverBlue" time="0.000" timestamp="2018-10-19T20:32:58"/>
	<testcase classname="create_formatted_resistance_string_tests.CreateFormattedResistanceStringTests" name="testCreateFormattedResistanceStringFourBandBlueGreenSilverBrown" time="0.000" timestamp="2018-10-19T20:32:58"/>
	<testcase classname="create_formatted_resistance_string_tests.CreateFormattedResistanceStringTests" name="testCreateFormattedResistanceStringFourBandBlueGreenSilverGold" time="0.000" timestamp="2018-10-19T20:32:58"/>
	<testcase classname="create_formatted_resistance_string_tests.CreateFormattedResistanceStringTests" name="testCreateFormattedResistanceStringFourBandBlueGreenSilverGreen" time="0.000" timestamp="2018-10-19T20:32:58"/>
	<testcase classname="create_formatted_resistance_string_tests.CreateFormattedResistanceStringTests" name="testCreateFormattedResistanceStringFourBandBlueGreenSilverGrey" time="0.000" timestamp="2018-10-19T20:32:58"/>
	<testcase classname="create_formatted_resistance_string_tests.CreateFormattedResistanceStringTests" name="testCreateFormattedResistanceStringFourBandBlueGreenSilverNone" time="0.000" timestamp="2018-10-19T20:32:58"/>
	<testcase classname="create_formatted_resistance_string_tests.CreateFormattedResistanceStringTests" name="testCreateFormattedResistanceStringFourBandBlueGreenSilverRed" time="0.000" timestamp="2018-10-19T20:32:58"/>
	<testcase classname="create_formatted_resistance_string_tests.CreateFormattedResistanceStringTests" name="testCreateFormattedResistanceStringFourBandBlueGreenSilverSilver" time="0.000" timestamp="2018-10-19T20:32:58"/>
	<testcase classname="create_formatted_resistance_string_tests.CreateFormattedResistanceStringTests" name="testCreateFormattedResistanceStringFourBandBlueGreenSilverViolet" time="0.000" timestamp="2018-10-19T20:32:58"/>
	<testcase classname="create_formatted_resistance_string_tests.CreateFormattedResistanceStringTests" name="testCreateFormattedResistanceStringFourBandBlueGreenVioletBlue" time="0.000" timestamp="2018-10-19T20:32:58"/>
	<testcase classname="create_formatted_resistance_string_tests.CreateFormattedResistanceStringTests" name="testCreateFormattedResistanceStringFourBandBlueGreenVioletBrown" time="0.000" timestamp="2018-10-19T20:32:58"/>
	<testcase classname="create_formatted_resistance_string_tests.CreateFormattedResistanceStringTests" name="testCreateFormattedResistanceStringFourBandBlueGreenVioletGold" time="0.000" timestamp="2018-10-19T20:32:58"/>
	<testcase classname="create_formatted_resistance_string_tests.CreateFormattedResistanceStringTests" name="testCreateFormattedResistanceStringFourBandBlueGreenVioletGreen" time="0.000" timestamp="2018-10-19T20:32:58"/>
	<testcase classname="create_formatted_resistance_string_tests.CreateFormattedResistanceStringTests" name="testCreateFormattedResistanceStringFourBandBlueGreenVioletGrey" time="0.000" timestamp="2018-10-19T20:32:58"/>
	<testcase classname="create_formatted_resistance_string_tests.CreateFormattedResistanceStringTests" name="testCreateFormattedResistanceStringFourBandBlueGreenVioletNone" time="0.000" timestamp="2018-10-19T20:32:58"/>
	<testcase classname="create_formatted_resistance_string_tests.CreateFormattedResistanceStringTests" name="testCreateFormattedResistanceStringFourBandBlueGreenVioletRed" time="0.000" timestamp="2018-10-19T20:32:58"/>
	<testcase classname="create_formatted_resistance_string_tests.CreateFormattedResistanceStringTests" name="testCreateFormattedResistanceStringFourBandBlueGreenVioletSilver" time="0.000" timestamp="2018-10-19T20:32:58"/>
	<testcase classname="create_formatted_resistance_string_tests.CreateFormattedResistanceStringTests" name="testCreateFormattedResistanceStringFourBandBlueGreenVioletViolet" time="0.000" timestamp="2018-10-19T20:32:58"/>
	<testcase classname="create_formatted_resistance_string_tests.CreateFormattedResistanceStringTests" name="testCreateFormattedResistanceStringFourBandBlueGreenWhiteBlue" time="0.000" timestamp="2018-10-19T20:32:58"/>
	<testcase classname="create_formatted_resistance_string_tests.CreateFormattedResistanceStringTests" name="testCreateFormattedResistanceStringFourBandBlueGreenWhiteBrown" time="0.000" timestamp="2018-10-19T20:32:58"/>
	<testcase classname="create_formatted_resistance_string_tests.CreateFormattedResistanceStringTests" name="testCreateFormattedResistanceStringFourBandBlueGreenWhiteGold" time="0.000" timestamp="2018-10-19T20:32:58"/>
	<testcase classname="create_formatted_resistance_string_tests.CreateFormattedResistanceStringTests" name="testCreateFormattedResistanceStringFourBandBlueGreenWhiteGreen" time="0.000" timestamp="2018-10-19T20:32:58"/>
	<testcase classname="create_formatted_resistance_string_tests.CreateFormattedResistanceStringTests" name="testCreateFormattedResistanceStringFourBandBlueGreenWhiteGrey" time="0.000" timestamp="2018-10-19T20:32:58"/>
	<testcase classname="create_formatted_resistance_string_tests.CreateFormattedResistanceStringTests" name="testCreateFormattedResistanceStringFourBandBlueGreenWhiteNone" time="0.000" timestamp="2018-10-19T20:32:58"/>
	<testcase classname="create_formatted_resistance_string_tests.CreateFormattedResistanceStringTests" name="testCreateFormattedResistanceStringFourBandBlueGreenWhiteRed" time="0.000" timestamp="2018-10-19T20:32:58"/>
	<testcase classname="create_formatted_resistance_string_tests.CreateFormattedResistanceStringTests" name="testCreateFormattedResistanceStringFourBandBlueGreenWhiteSilver" time="0.000" timestamp="2018-10-19T20:32:58"/>
	<testcase classname="create_formatted_resistance_string_tests.CreateFormattedResistanceStringTests" name="testCreateFormattedResistanceStringFourBandBlueGreenWhiteViolet" time="0.000" timestamp="2018-10-19T20:32:58"/>
	<testcase classname="create_formatted_resistance_string_tests.CreateFormattedResistanceStringTests" name="testCreateFormattedResistanceStringFourBandBlueGreenYellowBlue" time="0.000" timestamp="2018-10-19T20:32:58"/>
	<testcase classname="create_formatted_resistance_string_tests.CreateFormattedResistanceStringTests" name="testCreateFormattedResistanceStringFourBandBlueGreenYellowBrown" time="0.000" timestamp="2018-10-19T20:32:58"/>
	<testcase classname="create_formatted_resistance_string_tests.CreateFormattedResistanceStringTests" name="testCreateFormattedResistanceStringFourBandBlueGreenYellowGold" time="0.000" timestamp="2018-10-19T20:32:58"/>
	<testcase classname="create_formatted_resistance_string_tests.CreateFormattedResistanceStringTests" name="testCreateFormattedResistanceStringFourBandBlueGreenYellowGreen" time="0.000" timestamp="2018-10-19T20:32:58"/>
	<testcase classname="create_formatted_resistance_string_tests.CreateFormattedResistanceStringTests" name="testCreateFormattedResistanceStringFourBandBlueGreenYellowGrey" time="0.000" timestamp="2018-10-19T20:32:58"/>
	<testcase classname="create_formatted_resistance_string_tests.CreateFormattedResistanceStringTests" name="testCreateFormattedResistanceStringFourBandBlueGreenYellowNone" time="0.000" timestamp="2018-10-19T20:32:58"/>
	<testcase classname="create_formatted_resistance_string_tests.CreateFormattedResistanceStringTests" name="testCreateFormattedResistanceStringFourBandBlueGreenYellowRed" time="0.000" timestamp="2018-10-19T20:32:58"/>
	<testcase classname="create_formatted_resistance_string_tests.CreateFormattedResistanceStringTests" name="testCreateFormattedResistanceStringFourBandBlueGreenYellowSilver" time="0.000" timestamp="2018-10-19T20:32:58"/>
	<testcase classname="create_formatted_resistance_string_tests.CreateFormattedResistanceStringTests" name="testCreateFormattedResistanceStringFourBandBlueGreenYellowViolet" time="0.000" timestamp="2018-10-19T20:32:58"/>
	<testcase classname="create_formatted_resistance_string_tests.CreateFormattedResistanceStringTests" name="testCreateFormattedResistanceStringFourBandBlueGreyBlackBlue" time="0.000" timestamp="2018-10-19T20:32:58"/>
	<testcase classname="create_formatted_resistance_string_tests.CreateFormattedResistanceStringTests" name="testCreateFormattedResistanceStringFourBandBlueGreyBlackBrown" time="0.000" timestamp="2018-10-19T20:32:58"/>
	<testcase classname="create_formatted_resistance_string_tests.CreateFormattedResistanceStringTests" name="testCreateFormattedResistanceStringFourBandBlueGreyBlackGold" time="0.000" timestamp="2018-10-19T20:32:58"/>
	<testcase classname="create_formatted_resistance_string_tests.CreateFormattedResistanceStringTests" name="testCreateFormattedResistanceStringFourBandBlueGreyBlackGreen" time="0.000" timestamp="2018-10-19T20:32:58"/>
	<testcase classname="create_formatted_resistance_string_tests.CreateFormattedResistanceStringTests" name="testCreateFormattedResistanceStringFourBandBlueGreyBlackGrey" time="0.000" timestamp="2018-10-19T20:32:58"/>
	<testcase classname="create_formatted_resistance_string_tests.CreateFormattedResistanceStringTests" name="testCreateFormattedResistanceStringFourBandBlueGreyBlackNone" time="0.000" timestamp="2018-10-19T20:32:58"/>
	<testcase classname="create_formatted_resistance_string_tests.CreateFormattedResistanceStringTests" name="testCreateFormattedResistanceStringFourBandBlueGreyBlackRed" time="0.000" timestamp="2018-10-19T20:32:58"/>
	<testcase classname="create_formatted_resistance_string_tests.CreateFormattedResistanceStringTests" name="testCreateFormattedResistanceStringFourBandBlueGreyBlackSilver" time="0.000" timestamp="2018-10-19T20:32:58"/>
	<testcase classname="create_formatted_resistance_string_tests.CreateFormattedResistanceStringTests" name="testCreateFormattedResistanceStringFourBandBlueGreyBlackViolet" time="0.000" timestamp="2018-10-19T20:32:58"/>
	<testcase classname="create_formatted_resistance_string_tests.CreateFormattedResistanceStringTests" name="testCreateFormattedResistanceStringFourBandBlueGreyBlueBlue" time="0.000" timestamp="2018-10-19T20:32:58"/>
	<testcase classname="create_formatted_resistance_string_tests.CreateFormattedResistanceStringTests" name="testCreateFormattedResistanceStringFourBandBlueGreyBlueBrown" time="0.000" timestamp="2018-10-19T20:32:58"/>
	<testcase classname="create_formatted_resistance_string_tests.CreateFormattedResistanceStringTests" name="testCreateFormattedResistanceStringFourBandBlueGreyBlueGold" time="0.000" timestamp="2018-10-19T20:32:58"/>
	<testcase classname="create_formatted_resistance_string_tests.CreateFormattedResistanceStringTests" name="testCreateFormattedResistanceStringFourBandBlueGreyBlueGreen" time="0.000" timestamp="2018-10-19T20:32:58"/>
	<testcase classname="create_formatted_resistance_string_tests.CreateFormattedResistanceStringTests" name="testCreateFormattedResistanceStringFourBandBlueGreyBlueGrey" time="0.000" timestamp="2018-10-19T20:32:58"/>
	<testcase classname="create_formatted_resistance_string_tests.CreateFormattedResistanceStringTests" name="testCreateFormattedResistanceStringFourBandBlueGreyBlueNone" time="0.000" timestamp="2018-10-19T20:32:58"/>
	<testcase classname="create_formatted_resistance_string_tests.CreateFormattedResistanceStringTests" name="testCreateFormattedResistanceStringFourBandBlueGreyBlueRed" time="0.000" timestamp="2018-10-19T20:32:58"/>
	<testcase classname="create_formatted_resistance_string_tests.CreateFormattedResistanceStringTests" name="testCreateFormattedResistanceStringFourBandBlueGreyBlueSilver" time="0.000" timestamp="2018-10-19T20:32:58"/>
	<testcase classname="create_formatted_resistance_string_tests.CreateFormattedResistanceStringTests" name="testCreateFormattedResistanceStringFourBandBlueGreyBlueViolet" time="0.000" timestamp="2018-10-19T20:32:58"/>
	<testcase classname="create_formatted_resistance_string_tests.CreateFormattedResistanceStringTests" name="testCreateFormattedResistanceStringFourBandBlueGreyBrownBlue" time="0.000" timestamp="2018-10-19T20:32:58"/>
	<testcase classname="create_formatted_resistance_string_tests.CreateFormattedResistanceStringTests" name="testCreateFormattedResistanceStringFourBandBlueGreyBrownBrown" time="0.000" timestamp="2018-10-19T20:32:58"/>
	<testcase classname="create_formatted_resistance_string_tests.CreateFormattedResistanceStringTests" name="testCreateFormattedResistanceStringFourBandBlueGreyBrownGold" time="0.000" timestamp="2018-10-19T20:32:58"/>
	<testcase classname="create_formatted_resistance_string_tests.CreateFormattedResistanceStringTests" name="testCreateFormattedResistanceStringFourBandBlueGreyBrownGreen" time="0.000" timestamp="2018-10-19T20:32:58"/>
	<testcase classname="create_formatted_resistance_string_tests.CreateFormattedResistanceStringTests" name="testCreateFormattedResistanceStringFourBandBlueGreyBrownGrey" time="0.000" timestamp="2018-10-19T20:32:58"/>
	<testcase classname="create_formatted_resistance_string_tests.CreateFormattedResistanceStringTests" name="testCreateFormattedResistanceStringFourBandBlueGreyBrownNone" time="0.000" timestamp="2018-10-19T20:32:58"/>
	<testcase classname="create_formatted_resistance_string_tests.CreateFormattedResistanceStringTests" name="testCreateFormattedResistanceStringFourBandBlueGreyBrownRed" time="0.000" timestamp="2018-10-19T20:32:58"/>
	<testcase classname="create_formatted_resistance_string_tests.CreateFormattedResistanceStringTests" name="testCreateFormattedResistanceStringFourBandBlueGreyBrownSilver" time="0.000" timestamp="2018-10-19T20:32:58"/>
	<testcase classname="create_formatted_resistance_string_tests.CreateFormattedResistanceStringTests" name="testCreateFormattedResistanceStringFourBandBlueGreyBrownViolet" time="0.000" timestamp="2018-10-19T20:32:58"/>
	<testcase classname="create_formatted_resistance_string_tests.CreateFormattedResistanceStringTests" name="testCreateFormattedResistanceStringFourBandBlueGreyGoldBlue" time="0.000" timestamp="2018-10-19T20:32:58"/>
	<testcase classname="create_formatted_resistance_string_tests.CreateFormattedResistanceStringTests" name="testCreateFormattedResistanceStringFourBandBlueGreyGoldBrown" time="0.000" timestamp="2018-10-19T20:32:58"/>
	<testcase classname="create_formatted_resistance_string_tests.CreateFormattedResistanceStringTests" name="testCreateFormattedResistanceStringFourBandBlueGreyGoldGold" time="0.000" timestamp="2018-10-19T20:32:58"/>
	<testcase classname="create_formatted_resistance_string_tests.CreateFormattedResistanceStringTests" name="testCreateFormattedResistanceStringFourBandBlueGreyGoldGreen" time="0.000" timestamp="2018-10-19T20:32:58"/>
	<testcase classname="create_formatted_resistance_string_tests.CreateFormattedResistanceStringTests" name="testCreateFormattedResistanceStringFourBandBlueGreyGoldGrey" time="0.000" timestamp="2018-10-19T20:32:58"/>
	<testcase classname="create_formatted_resistance_string_tests.CreateFormattedResistanceStringTests" name="testCreateFormattedResistanceStringFourBandBlueGreyGoldNone" time="0.000" timestamp="2018-10-19T20:32:58"/>
	<testcase classname="create_formatted_resistance_string_tests.CreateFormattedResistanceStringTests" name="testCreateFormattedResistanceStringFourBandBlueGreyGoldRed" time="0.000" timestamp="2018-10-19T20:32:58"/>
	<testcase classname="create_formatted_resistance_string_tests.CreateFormattedResistanceStringTests" name="testCreateFormattedResistanceStringFourBandBlueGreyGoldSilver" time="0.000" timestamp="2018-10-19T20:32:58"/>
	<testcase classname="create_formatted_resistance_string_tests.CreateFormattedResistanceStringTests" name="testCreateFormattedResistanceStringFourBandBlueGreyGoldViolet" time="0.000" timestamp="2018-10-19T20:32:58"/>
	<testcase classname="create_formatted_resistance_string_tests.CreateFormattedResistanceStringTests" name="testCreateFormattedResistanceStringFourBandBlueGreyGreenBlue" time="0.000" timestamp="2018-10-19T20:32:58"/>
	<testcase classname="create_formatted_resistance_string_tests.CreateFormattedResistanceStringTests" name="testCreateFormattedResistanceStringFourBandBlueGreyGreenBrown" time="0.000" timestamp="2018-10-19T20:32:58"/>
	<testcase classname="create_formatted_resistance_string_tests.CreateFormattedResistanceStringTests" name="testCreateFormattedResistanceStringFourBandBlueGreyGreenGold" time="0.000" timestamp="2018-10-19T20:32:58"/>
	<testcase classname="create_formatted_resistance_string_tests.CreateFormattedResistanceStringTests" name="testCreateFormattedResistanceStringFourBandBlueGreyGreenGreen" time="0.000" timestamp="2018-10-19T20:32:58"/>
	<testcase classname="create_formatted_resistance_string_tests.CreateFormattedResistanceStringTests" name="testCreateFormattedResistanceStringFourBandBlueGreyGreenGrey" time="0.000" timestamp="2018-10-19T20:32:58"/>
	<testcase classname="create_formatted_resistance_string_tests.CreateFormattedResistanceStringTests" name="testCreateFormattedResistanceStringFourBandBlueGreyGreenNone" time="0.000" timestamp="2018-10-19T20:32:58"/>
	<testcase classname="create_formatted_resistance_string_tests.CreateFormattedResistanceStringTests" name="testCreateFormattedResistanceStringFourBandBlueGreyGreenRed" time="0.000" timestamp="2018-10-19T20:32:58"/>
	<testcase classname="create_formatted_resistance_string_tests.CreateFormattedResistanceStringTests" name="testCreateFormattedResistanceStringFourBandBlueGreyGreenSilver" time="0.000" timestamp="2018-10-19T20:32:58"/>
	<testcase classname="create_formatted_resistance_string_tests.CreateFormattedResistanceStringTests" name="testCreateFormattedResistanceStringFourBandBlueGreyGreenViolet" time="0.000" timestamp="2018-10-19T20:32:58"/>
	<testcase classname="create_formatted_resistance_string_tests.CreateFormattedResistanceStringTests" name="testCreateFormattedResistanceStringFourBandBlueGreyGreyBlue" time="0.000" timestamp="2018-10-19T20:32:58"/>
	<testcase classname="create_formatted_resistance_string_tests.CreateFormattedResistanceStringTests" name="testCreateFormattedResistanceStringFourBandBlueGreyGreyBrown" time="0.000" timestamp="2018-10-19T20:32:58"/>
	<testcase classname="create_formatted_resistance_string_tests.CreateFormattedResistanceStringTests" name="testCreateFormattedResistanceStringFourBandBlueGreyGreyGold" time="0.000" timestamp="2018-10-19T20:32:58"/>
	<testcase classname="create_formatted_resistance_string_tests.CreateFormattedResistanceStringTests" name="testCreateFormattedResistanceStringFourBandBlueGreyGreyGreen" time="0.000" timestamp="2018-10-19T20:32:58"/>
	<testcase classname="create_formatted_resistance_string_tests.CreateFormattedResistanceStringTests" name="testCreateFormattedResistanceStringFourBandBlueGreyGreyGrey" time="0.000" timestamp="2018-10-19T20:32:58"/>
	<testcase classname="create_formatted_resistance_string_tests.CreateFormattedResistanceStringTests" name="testCreateFormattedResistanceStringFourBandBlueGreyGreyNone" time="0.000" timestamp="2018-10-19T20:32:58"/>
	<testcase classname="create_formatted_resistance_string_tests.CreateFormattedResistanceStringTests" name="testCreateFormattedResistanceStringFourBandBlueGreyGreyRed" time="0.000" timestamp="2018-10-19T20:32:58"/>
	<testcase classname="create_formatted_resistance_string_tests.CreateFormattedResistanceStringTests" name="testCreateFormattedResistanceStringFourBandBlueGreyGreySilver" time="0.000" timestamp="2018-10-19T20:32:58"/>
	<testcase classname="create_formatted_resistance_string_tests.CreateFormattedResistanceStringTests" name="testCreateFormattedResistanceStringFourBandBlueGreyGreyViolet" time="0.000" timestamp="2018-10-19T20:32:58"/>
	<testcase classname="create_formatted_resistance_string_tests.CreateFormattedResistanceStringTests" name="testCreateFormattedResistanceStringFourBandBlueGreyOrangeBlue" time="0.000" timestamp="2018-10-19T20:32:58"/>
	<testcase classname="create_formatted_resistance_string_tests.CreateFormattedResistanceStringTests" name="testCreateFormattedResistanceStringFourBandBlueGreyOrangeBrown" time="0.000" timestamp="2018-10-19T20:32:58"/>
	<testcase classname="create_formatted_resistance_string_tests.CreateFormattedResistanceStringTests" name="testCreateFormattedResistanceStringFourBandBlueGreyOrangeGold" time="0.000" timestamp="2018-10-19T20:32:58"/>
	<testcase classname="create_formatted_resistance_string_tests.CreateFormattedResistanceStringTests" name="testCreateFormattedResistanceStringFourBandBlueGreyOrangeGreen" time="0.000" timestamp="2018-10-19T20:32:58"/>
	<testcase classname="create_formatted_resistance_string_tests.CreateFormattedResistanceStringTests" name="testCreateFormattedResistanceStringFourBandBlueGreyOrangeGrey" time="0.000" timestamp="2018-10-19T20:32:58"/>
	<testcase classname="create_formatted_resistance_string_tests.CreateFormattedResistanceStringTests" name="testCreateFormattedResistanceStringFourBandBlueGreyOrangeNone" time="0.000" timestamp="2018-10-19T20:32:58"/>
	<testcase classname="create_formatted_resistance_string_tests.CreateFormattedResistanceStringTests" name="testCreateFormattedResistanceStringFourBandBlueGreyOrangeRed" time="0.000" timestamp="2018-10-19T20:32:58"/>
	<testcase classname="create_formatted_resistance_string_tests.CreateFormattedResistanceStringTests" name="testCreateFormattedResistanceStringFourBandBlueGreyOrangeSilver" time="0.000" timestamp="2018-10-19T20:32:58"/>
	<testcase classname="create_formatted_resistance_string_tests.CreateFormattedResistanceStringTests" name="testCreateFormattedResistanceStringFourBandBlueGreyOrangeViolet" time="0.000" timestamp="2018-10-19T20:32:58"/>
	<testcase classname="create_formatted_resistance_string_tests.CreateFormattedResistanceStringTests" name="testCreateFormattedResistanceStringFourBandBlueGreyRedBlue" time="0.000" timestamp="2018-10-19T20:32:58"/>
	<testcase classname="create_formatted_resistance_string_tests.CreateFormattedResistanceStringTests" name="testCreateFormattedResistanceStringFourBandBlueGreyRedBrown" time="0.000" timestamp="2018-10-19T20:32:58"/>
	<testcase classname="create_formatted_resistance_string_tests.CreateFormattedResistanceStringTests" name="testCreateFormattedResistanceStringFourBandBlueGreyRedGold" time="0.000" timestamp="2018-10-19T20:32:58"/>
	<testcase classname="create_formatted_resistance_string_tests.CreateFormattedResistanceStringTests" name="testCreateFormattedResistanceStringFourBandBlueGreyRedGreen" time="0.000" timestamp="2018-10-19T20:32:58"/>
	<testcase classname="create_formatted_resistance_string_tests.CreateFormattedResistanceStringTests" name="testCreateFormattedResistanceStringFourBandBlueGreyRedGrey" time="0.000" timestamp="2018-10-19T20:32:58"/>
	<testcase classname="create_formatted_resistance_string_tests.CreateFormattedResistanceStringTests" name="testCreateFormattedResistanceStringFourBandBlueGreyRedNone" time="0.000" timestamp="2018-10-19T20:32:58"/>
	<testcase classname="create_formatted_resistance_string_tests.CreateFormattedResistanceStringTests" name="testCreateFormattedResistanceStringFourBandBlueGreyRedRed" time="0.000" timestamp="2018-10-19T20:32:58"/>
	<testcase classname="create_formatted_resistance_string_tests.CreateFormattedResistanceStringTests" name="testCreateFormattedResistanceStringFourBandBlueGreyRedSilver" time="0.000" timestamp="2018-10-19T20:32:58"/>
	<testcase classname="create_formatted_resistance_string_tests.CreateFormattedResistanceStringTests" name="testCreateFormattedResistanceStringFourBandBlueGreyRedViolet" time="0.000" timestamp="2018-10-19T20:32:58"/>
	<testcase classname="create_formatted_resistance_string_tests.CreateFormattedResistanceStringTests" name="testCreateFormattedResistanceStringFourBandBlueGreySilverBlue" time="0.000" timestamp="2018-10-19T20:32:58"/>
	<testcase classname="create_formatted_resistance_string_tests.CreateFormattedResistanceStringTests" name="testCreateFormattedResistanceStringFourBandBlueGreySilverBrown" time="0.000" timestamp="2018-10-19T20:32:58"/>
	<testcase classname="create_formatted_resistance_string_tests.CreateFormattedResistanceStringTests" name="testCreateFormattedResistanceStringFourBandBlueGreySilverGold" time="0.000" timestamp="2018-10-19T20:32:58"/>
	<testcase classname="create_formatted_resistance_string_tests.CreateFormattedResistanceStringTests" name="testCreateFormattedResistanceStringFourBandBlueGreySilverGreen" time="0.000" timestamp="2018-10-19T20:32:58"/>
	<testcase classname="create_formatted_resistance_string_tests.CreateFormattedResistanceStringTests" name="testCreateFormattedResistanceStringFourBandBlueGreySilverGrey" time="0.000" timestamp="2018-10-19T20:32:58"/>
	<testcase classname="create_formatted_resistance_string_tests.CreateFormattedResistanceStringTests" name="testCreateFormattedResistanceStringFourBandBlueGreySilverNone" time="0.000" timestamp="2018-10-19T20:32:58"/>
	<testcase classname="create_formatted_resistance_string_tests.CreateFormattedResistanceStringTests" name="testCreateFormattedResistanceStringFourBandBlueGreySilverRed" time="0.000" timestamp="2018-10-19T20:32:58"/>
	<testcase classname="create_formatted_resistance_string_tests.CreateFormattedResistanceStringTests" name="testCreateFormattedResistanceStringFourBandBlueGreySilverSilver" time="0.000" timestamp="2018-10-19T20:32:58"/>
	<testcase classname="create_formatted_resistance_string_tests.CreateFormattedResistanceStringTests" name="testCreateFormattedResistanceStringFourBandBlueGreySilverViolet" time="0.000" timestamp="2018-10-19T20:32:58"/>
	<testcase classname="create_formatted_resistance_string_tests.CreateFormattedResistanceStringTests" name="testCreateFormattedResistanceStringFourBandBlueGreyVioletBlue" time="0.000" timestamp="2018-10-19T20:32:58"/>
	<testcase classname="create_formatted_resistance_string_tests.CreateFormattedResistanceStringTests" name="testCreateFormattedResistanceStringFourBandBlueGreyVioletBrown" time="0.000" timestamp="2018-10-19T20:32:58"/>
	<testcase classname="create_formatted_resistance_string_tests.CreateFormattedResistanceStringTests" name="testCreateFormattedResistanceStringFourBandBlueGreyVioletGold" time="0.000" timestamp="2018-10-19T20:32:58"/>
	<testcase classname="create_formatted_resistance_string_tests.CreateFormattedResistanceStringTests" name="testCreateFormattedResistanceStringFourBandBlueGreyVioletGreen" time="0.000" timestamp="2018-10-19T20:32:58"/>
	<testcase classname="create_formatted_resistance_string_tests.CreateFormattedResistanceStringTests" name="testCreateFormattedResistanceStringFourBandBlueGreyVioletGrey" time="0.000" timestamp="2018-10-19T20:32:58"/>
	<testcase classname="create_formatted_resistance_string_tests.CreateFormattedResistanceStringTests" name="testCreateFormattedResistanceStringFourBandBlueGreyVioletNone" time="0.000" timestamp="2018-10-19T20:32:58"/>
	<testcase classname="create_formatted_resistance_string_tests.CreateFormattedResistanceStringTests" name="testCreateFormattedResistanceStringFourBandBlueGreyVioletRed" time="0.000" timestamp="2018-10-19T20:32:58"/>
	<testcase classname="create_formatted_resistance_string_tests.CreateFormattedResistanceStringTests" name="testCreateFormattedResistanceStringFourBandBlueGreyVioletSilver" time="0.000" timestamp="2018-10-19T20:32:58"/>
	<testcase classname="create_formatted_resistance_string_tests.CreateFormattedResistanceStringTests" name="testCreateFormattedResistanceStringFourBandBlueGreyVioletViolet" time="0.000" timestamp="2018-10-19T20:32:58"/>
	<testcase classname="create_formatted_resistance_string_tests.CreateFormattedResistanceStringTests" name="testCreateFormattedResistanceStringFourBandBlueGreyWhiteBlue" time="0.000" timestamp="2018-10-19T20:32:58"/>
	<testcase classname="create_formatted_resistance_string_tests.CreateFormattedResistanceStringTests" name="testCreateFormattedResistanceStringFourBandBlueGreyWhiteBrown" time="0.000" timestamp="2018-10-19T20:32:58"/>
	<testcase classname="create_formatted_resistance_string_tests.CreateFormattedResistanceStringTests" name="testCreateFormattedResistanceStringFourBandBlueGreyWhiteGold" time="0.000" timestamp="2018-10-19T20:32:58"/>
	<testcase classname="create_formatted_resistance_string_tests.CreateFormattedResistanceStringTests" name="testCreateFormattedResistanceStringFourBandBlueGreyWhiteGreen" time="0.000" timestamp="2018-10-19T20:32:58"/>
	<testcase classname="create_formatted_resistance_string_tests.CreateFormattedResistanceStringTests" name="testCreateFormattedResistanceStringFourBandBlueGreyWhiteGrey" time="0.000" timestamp="2018-10-19T20:32:58"/>
	<testcase classname="create_formatted_resistance_string_tests.CreateFormattedResistanceStringTests" name="testCreateFormattedResistanceStringFourBandBlueGreyWhiteNone" time="0.000" timestamp="2018-10-19T20:32:58"/>
	<testcase classname="create_formatted_resistance_string_tests.CreateFormattedResistanceStringTests" name="testCreateFormattedResistanceStringFourBandBlueGreyWhiteRed" time="0.000" timestamp="2018-10-19T20:32:58"/>
	<testcase classname="create_formatted_resistance_string_tests.CreateFormattedResistanceStringTests" name="testCreateFormattedResistanceStringFourBandBlueGreyWhiteSilver" time="0.000" timestamp="2018-10-19T20:32:58"/>
	<testcase classname="create_formatted_resistance_string_tests.CreateFormattedResistanceStringTests" name="testCreateFormattedResistanceStringFourBandBlueGreyWhiteViolet" time="0.000" timestamp="2018-10-19T20:32:58"/>
	<testcase classname="create_formatted_resistance_string_tests.CreateFormattedResistanceStringTests" name="testCreateFormattedResistanceStringFourBandBlueGreyYellowBlue" time="0.000" timestamp="2018-10-19T20:32:58"/>
	<testcase classname="create_formatted_resistance_string_tests.CreateFormattedResistanceStringTests" name="testCreateFormattedResistanceStringFourBandBlueGreyYellowBrown" time="0.000" timestamp="2018-10-19T20:32:58"/>
	<testcase classname="create_formatted_resistance_string_tests.CreateFormattedResistanceStringTests" name="testCreateFormattedResistanceStringFourBandBlueGreyYellowGold" time="0.000" timestamp="2018-10-19T20:32:58"/>
	<testcase classname="create_formatted_resistance_string_tests.CreateFormattedResistanceStringTests" name="testCreateFormattedResistanceStringFourBandBlueGreyYellowGreen" time="0.000" timestamp="2018-10-19T20:32:58"/>
	<testcase classname="create_formatted_resistance_string_tests.CreateFormattedResistanceStringTests" name="testCreateFormattedResistanceStringFourBandBlueGreyYellowGrey" time="0.000" timestamp="2018-10-19T20:32:58"/>
	<testcase classname="create_formatted_resistance_string_tests.CreateFormattedResistanceStringTests" name="testCreateFormattedResistanceStringFourBandBlueGreyYellowNone" time="0.000" timestamp="2018-10-19T20:32:58"/>
	<testcase classname="create_formatted_resistance_string_tests.CreateFormattedResistanceStringTests" name="testCreateFormattedResistanceStringFourBandBlueGreyYellowRed" time="0.000" timestamp="2018-10-19T20:32:58"/>
	<testcase classname="create_formatted_resistance_string_tests.CreateFormattedResistanceStringTests" name="testCreateFormattedResistanceStringFourBandBlueGreyYellowSilver" time="0.000" timestamp="2018-10-19T20:32:58"/>
	<testcase classname="create_formatted_resistance_string_tests.CreateFormattedResistanceStringTests" name="testCreateFormattedResistanceStringFourBandBlueGreyYellowViolet" time="0.000" timestamp="2018-10-19T20:32:58"/>
	<testcase classname="create_formatted_resistance_string_tests.CreateFormattedResistanceStringTests" name="testCreateFormattedResistanceStringFourBandBlueOrangeBlackBlue" time="0.001" timestamp="2018-10-19T20:32:58"/>
	<testcase classname="create_formatted_resistance_string_tests.CreateFormattedResistanceStringTests" name="testCreateFormattedResistanceStringFourBandBlueOrangeBlackBrown" time="0.000" timestamp="2018-10-19T20:32:58"/>
	<testcase classname="create_formatted_resistance_string_tests.CreateFormattedResistanceStringTests" name="testCreateFormattedResistanceStringFourBandBlueOrangeBlackGold" time="0.000" timestamp="2018-10-19T20:32:58"/>
	<testcase classname="create_formatted_resistance_string_tests.CreateFormattedResistanceStringTests" name="testCreateFormattedResistanceStringFourBandBlueOrangeBlackGreen" time="0.000" timestamp="2018-10-19T20:32:58"/>
	<testcase classname="create_formatted_resistance_string_tests.CreateFormattedResistanceStringTests" name="testCreateFormattedResistanceStringFourBandBlueOrangeBlackGrey" time="0.000" timestamp="2018-10-19T20:32:58"/>
	<testcase classname="create_formatted_resistance_string_tests.CreateFormattedResistanceStringTests" name="testCreateFormattedResistanceStringFourBandBlueOrangeBlackNone" time="0.000" timestamp="2018-10-19T20:32:58"/>
	<testcase classname="create_formatted_resistance_string_tests.CreateFormattedResistanceStringTests" name="testCreateFormattedResistanceStringFourBandBlueOrangeBlackRed" time="0.000" timestamp="2018-10-19T20:32:58"/>
	<testcase classname="create_formatted_resistance_string_tests.CreateFormattedResistanceStringTests" name="testCreateFormattedResistanceStringFourBandBlueOrangeBlackSilver" time="0.000" timestamp="2018-10-19T20:32:58"/>
	<testcase classname="create_formatted_resistance_string_tests.CreateFormattedResistanceStringTests" name="testCreateFormattedResistanceStringFourBandBlueOrangeBlackViolet" time="0.000" timestamp="2018-10-19T20:32:58"/>
	<testcase classname="create_formatted_resistance_string_tests.CreateFormattedResistanceStringTests" name="testCreateFormattedResistanceStringFourBandBlueOrangeBlueBlue" time="0.000" timestamp="2018-10-19T20:32:58"/>
	<testcase classname="create_formatted_resistance_string_tests.CreateFormattedResistanceStringTests" name="testCreateFormattedResistanceStringFourBandBlueOrangeBlueBrown" time="0.000" timestamp="2018-10-19T20:32:58"/>
	<testcase classname="create_formatted_resistance_string_tests.CreateFormattedResistanceStringTests" name="testCreateFormattedResistanceStringFourBandBlueOrangeBlueGold" time="0.000" timestamp="2018-10-19T20:32:58"/>
	<testcase classname="create_formatted_resistance_string_tests.CreateFormattedResistanceStringTests" name="testCreateFormattedResistanceStringFourBandBlueOrangeBlueGreen" time="0.000" timestamp="2018-10-19T20:32:58"/>
	<testcase classname="create_formatted_resistance_string_tests.CreateFormattedResistanceStringTests" name="testCreateFormattedResistanceStringFourBandBlueOrangeBlueGrey" time="0.000" timestamp="2018-10-19T20:32:58"/>
	<testcase classname="create_formatted_resistance_string_tests.CreateFormattedResistanceStringTests" name="testCreateFormattedResistanceStringFourBandBlueOrangeBlueNone" time="0.000" timestamp="2018-10-19T20:32:58"/>
	<testcase classname="create_formatted_resistance_string_tests.CreateFormattedResistanceStringTests" name="testCreateFormattedResistanceStringFourBandBlueOrangeBlueRed" time="0.000" timestamp="2018-10-19T20:32:58"/>
	<testcase classname="create_formatted_resistance_string_tests.CreateFormattedResistanceStringTests" name="testCreateFormattedResistanceStringFourBandBlueOrangeBlueSilver" time="0.000" timestamp="2018-10-19T20:32:58"/>
	<testcase classname="create_formatted_resistance_string_tests.CreateFormattedResistanceStringTests" name="testCreateFormattedResistanceStringFourBandBlueOrangeBlueViolet" time="0.000" timestamp="2018-10-19T20:32:58"/>
	<testcase classname="create_formatted_resistance_string_tests.CreateFormattedResistanceStringTests" name="testCreateFormattedResistanceStringFourBandBlueOrangeBrownBlue" time="0.000" timestamp="2018-10-19T20:32:58"/>
	<testcase classname="create_formatted_resistance_string_tests.CreateFormattedResistanceStringTests" name="testCreateFormattedResistanceStringFourBandBlueOrangeBrownBrown" time="0.000" timestamp="2018-10-19T20:32:58"/>
	<testcase classname="create_formatted_resistance_string_tests.CreateFormattedResistanceStringTests" name="testCreateFormattedResistanceStringFourBandBlueOrangeBrownGold" time="0.000" timestamp="2018-10-19T20:32:58"/>
	<testcase classname="create_formatted_resistance_string_tests.CreateFormattedResistanceStringTests" name="testCreateFormattedResistanceStringFourBandBlueOrangeBrownGreen" time="0.000" timestamp="2018-10-19T20:32:58"/>
	<testcase classname="create_formatted_resistance_string_tests.CreateFormattedResistanceStringTests" name="testCreateFormattedResistanceStringFourBandBlueOrangeBrownGrey" time="0.000" timestamp="2018-10-19T20:32:58"/>
	<testcase classname="create_formatted_resistance_string_tests.CreateFormattedResistanceStringTests" name="testCreateFormattedResistanceStringFourBandBlueOrangeBrownNone" time="0.000" timestamp="2018-10-19T20:32:58"/>
	<testcase classname="create_formatted_resistance_string_tests.CreateFormattedResistanceStringTests" name="testCreateFormattedResistanceStringFourBandBlueOrangeBrownRed" time="0.000" timestamp="2018-10-19T20:32:58"/>
	<testcase classname="create_formatted_resistance_string_tests.CreateFormattedResistanceStringTests" name="testCreateFormattedResistanceStringFourBandBlueOrangeBrownSilver" time="0.000" timestamp="2018-10-19T20:32:58"/>
	<testcase classname="create_formatted_resistance_string_tests.CreateFormattedResistanceStringTests" name="testCreateFormattedResistanceStringFourBandBlueOrangeBrownViolet" time="0.000" timestamp="2018-10-19T20:32:58"/>
	<testcase classname="create_formatted_resistance_string_tests.CreateFormattedResistanceStringTests" name="testCreateFormattedResistanceStringFourBandBlueOrangeGoldBlue" time="0.000" timestamp="2018-10-19T20:32:58"/>
	<testcase classname="create_formatted_resistance_string_tests.CreateFormattedResistanceStringTests" name="testCreateFormattedResistanceStringFourBandBlueOrangeGoldBrown" time="0.000" timestamp="2018-10-19T20:32:58"/>
	<testcase classname="create_formatted_resistance_string_tests.CreateFormattedResistanceStringTests" name="testCreateFormattedResistanceStringFourBandBlueOrangeGoldGold" time="0.000" timestamp="2018-10-19T20:32:58"/>
	<testcase classname="create_formatted_resistance_string_tests.CreateFormattedResistanceStringTests" name="testCreateFormattedResistanceStringFourBandBlueOrangeGoldGreen" time="0.000" timestamp="2018-10-19T20:32:58"/>
	<testcase classname="create_formatted_resistance_string_tests.CreateFormattedResistanceStringTests" name="testCreateFormattedResistanceStringFourBandBlueOrangeGoldGrey" time="0.000" timestamp="2018-10-19T20:32:58"/>
	<testcase classname="create_formatted_resistance_string_tests.CreateFormattedResistanceStringTests" name="testCreateFormattedResistanceStringFourBandBlueOrangeGoldNone" time="0.000" timestamp="2018-10-19T20:32:58"/>
	<testcase classname="create_formatted_resistance_string_tests.CreateFormattedResistanceStringTests" name="testCreateFormattedResistanceStringFourBandBlueOrangeGoldRed" time="0.000" timestamp="2018-10-19T20:32:58"/>
	<testcase classname="create_formatted_resistance_string_tests.CreateFormattedResistanceStringTests" name="testCreateFormattedResistanceStringFourBandBlueOrangeGoldSilver" time="0.000" timestamp="2018-10-19T20:32:58"/>
	<testcase classname="create_formatted_resistance_string_tests.CreateFormattedResistanceStringTests" name="testCreateFormattedResistanceStringFourBandBlueOrangeGoldViolet" time="0.000" timestamp="2018-10-19T20:32:58"/>
	<testcase classname="create_formatted_resistance_string_tests.CreateFormattedResistanceStringTests" name="testCreateFormattedResistanceStringFourBandBlueOrangeGreenBlue" time="0.000" timestamp="2018-10-19T20:32:58"/>
	<testcase classname="create_formatted_resistance_string_tests.CreateFormattedResistanceStringTests" name="testCreateFormattedResistanceStringFourBandBlueOrangeGreenBrown" time="0.000" timestamp="2018-10-19T20:32:58"/>
	<testcase classname="create_formatted_resistance_string_tests.CreateFormattedResistanceStringTests" name="testCreateFormattedResistanceStringFourBandBlueOrangeGreenGold" time="0.000" timestamp="2018-10-19T20:32:58"/>
	<testcase classname="create_formatted_resistance_string_tests.CreateFormattedResistanceStringTests" name="testCreateFormattedResistanceStringFourBandBlueOrangeGreenGreen" time="0.000" timestamp="2018-10-19T20:32:58"/>
	<testcase classname="create_formatted_resistance_string_tests.CreateFormattedResistanceStringTests" name="testCreateFormattedResistanceStringFourBandBlueOrangeGreenGrey" time="0.000" timestamp="2018-10-19T20:32:58"/>
	<testcase classname="create_formatted_resistance_string_tests.CreateFormattedResistanceStringTests" name="testCreateFormattedResistanceStringFourBandBlueOrangeGreenNone" time="0.000" timestamp="2018-10-19T20:32:58"/>
	<testcase classname="create_formatted_resistance_string_tests.CreateFormattedResistanceStringTests" name="testCreateFormattedResistanceStringFourBandBlueOrangeGreenRed" time="0.000" timestamp="2018-10-19T20:32:58"/>
	<testcase classname="create_formatted_resistance_string_tests.CreateFormattedResistanceStringTests" name="testCreateFormattedResistanceStringFourBandBlueOrangeGreenSilver" time="0.000" timestamp="2018-10-19T20:32:58"/>
	<testcase classname="create_formatted_resistance_string_tests.CreateFormattedResistanceStringTests" name="testCreateFormattedResistanceStringFourBandBlueOrangeGreenViolet" time="0.000" timestamp="2018-10-19T20:32:58"/>
	<testcase classname="create_formatted_resistance_string_tests.CreateFormattedResistanceStringTests" name="testCreateFormattedResistanceStringFourBandBlueOrangeGreyBlue" time="0.000" timestamp="2018-10-19T20:32:58"/>
	<testcase classname="create_formatted_resistance_string_tests.CreateFormattedResistanceStringTests" name="testCreateFormattedResistanceStringFourBandBlueOrangeGreyBrown" time="0.000" timestamp="2018-10-19T20:32:58"/>
	<testcase classname="create_formatted_resistance_string_tests.CreateFormattedResistanceStringTests" name="testCreateFormattedResistanceStringFourBandBlueOrangeGreyGold" time="0.000" timestamp="2018-10-19T20:32:58"/>
	<testcase classname="create_formatted_resistance_string_tests.CreateFormattedResistanceStringTests" name="testCreateFormattedResistanceStringFourBandBlueOrangeGreyGreen" time="0.000" timestamp="2018-10-19T20:32:58"/>
	<testcase classname="create_formatted_resistance_string_tests.CreateFormattedResistanceStringTests" name="testCreateFormattedResistanceStringFourBandBlueOrangeGreyGrey" time="0.000" timestamp="2018-10-19T20:32:58"/>
	<testcase classname="create_formatted_resistance_string_tests.CreateFormattedResistanceStringTests" name="testCreateFormattedResistanceStringFourBandBlueOrangeGreyNone" time="0.000" timestamp="2018-10-19T20:32:58"/>
	<testcase classname="create_formatted_resistance_string_tests.CreateFormattedResistanceStringTests" name="testCreateFormattedResistanceStringFourBandBlueOrangeGreyRed" time="0.000" timestamp="2018-10-19T20:32:58"/>
	<testcase classname="create_formatted_resistance_string_tests.CreateFormattedResistanceStringTests" name="testCreateFormattedResistanceStringFourBandBlueOrangeGreySilver" time="0.000" timestamp="2018-10-19T20:32:58"/>
	<testcase classname="create_formatted_resistance_string_tests.CreateFormattedResistanceStringTests" name="testCreateFormattedResistanceStringFourBandBlueOrangeGreyViolet" time="0.000" timestamp="2018-10-19T20:32:58"/>
	<testcase classname="create_formatted_resistance_string_tests.CreateFormattedResistanceStringTests" name="testCreateFormattedResistanceStringFourBandBlueOrangeOrangeBlue" time="0.000" timestamp="2018-10-19T20:32:58"/>
	<testcase classname="create_formatted_resistance_string_tests.CreateFormattedResistanceStringTests" name="testCreateFormattedResistanceStringFourBandBlueOrangeOrangeBrown" time="0.000" timestamp="2018-10-19T20:32:58"/>
	<testcase classname="create_formatted_resistance_string_tests.CreateFormattedResistanceStringTests" name="testCreateFormattedResistanceStringFourBandBlueOrangeOrangeGold" time="0.000" timestamp="2018-10-19T20:32:58"/>
	<testcase classname="create_formatted_resistance_string_tests.CreateFormattedResistanceStringTests" name="testCreateFormattedResistanceStringFourBandBlueOrangeOrangeGreen" time="0.000" timestamp="2018-10-19T20:32:58"/>
	<testcase classname="create_formatted_resistance_string_tests.CreateFormattedResistanceStringTests" name="testCreateFormattedResistanceStringFourBandBlueOrangeOrangeGrey" time="0.000" timestamp="2018-10-19T20:32:58"/>
	<testcase classname="create_formatted_resistance_string_tests.CreateFormattedResistanceStringTests" name="testCreateFormattedResistanceStringFourBandBlueOrangeOrangeNone" time="0.000" timestamp="2018-10-19T20:32:58"/>
	<testcase classname="create_formatted_resistance_string_tests.CreateFormattedResistanceStringTests" name="testCreateFormattedResistanceStringFourBandBlueOrangeOrangeRed" time="0.000" timestamp="2018-10-19T20:32:58"/>
	<testcase classname="create_formatted_resistance_string_tests.CreateFormattedResistanceStringTests" name="testCreateFormattedResistanceStringFourBandBlueOrangeOrangeSilver" time="0.000" timestamp="2018-10-19T20:32:58"/>
	<testcase classname="create_formatted_resistance_string_tests.CreateFormattedResistanceStringTests" name="testCreateFormattedResistanceStringFourBandBlueOrangeOrangeViolet" time="0.000" timestamp="2018-10-19T20:32:58"/>
	<testcase classname="create_formatted_resistance_string_tests.CreateFormattedResistanceStringTests" name="testCreateFormattedResistanceStringFourBandBlueOrangeRedBlue" time="0.000" timestamp="2018-10-19T20:32:58"/>
	<testcase classname="create_formatted_resistance_string_tests.CreateFormattedResistanceStringTests" name="testCreateFormattedResistanceStringFourBandBlueOrangeRedBrown" time="0.000" timestamp="2018-10-19T20:32:58"/>
	<testcase classname="create_formatted_resistance_string_tests.CreateFormattedResistanceStringTests" name="testCreateFormattedResistanceStringFourBandBlueOrangeRedGold" time="0.000" timestamp="2018-10-19T20:32:58"/>
	<testcase classname="create_formatted_resistance_string_tests.CreateFormattedResistanceStringTests" name="testCreateFormattedResistanceStringFourBandBlueOrangeRedGreen" time="0.000" timestamp="2018-10-19T20:32:58"/>
	<testcase classname="create_formatted_resistance_string_tests.CreateFormattedResistanceStringTests" name="testCreateFormattedResistanceStringFourBandBlueOrangeRedGrey" time="0.000" timestamp="2018-10-19T20:32:58"/>
	<testcase classname="create_formatted_resistance_string_tests.CreateFormattedResistanceStringTests" name="testCreateFormattedResistanceStringFourBandBlueOrangeRedNone" time="0.000" timestamp="2018-10-19T20:32:58"/>
	<testcase classname="create_formatted_resistance_string_tests.CreateFormattedResistanceStringTests" name="testCreateFormattedResistanceStringFourBandBlueOrangeRedRed" time="0.000" timestamp="2018-10-19T20:32:58"/>
	<testcase classname="create_formatted_resistance_string_tests.CreateFormattedResistanceStringTests" name="testCreateFormattedResistanceStringFourBandBlueOrangeRedSilver" time="0.000" timestamp="2018-10-19T20:32:58"/>
	<testcase classname="create_formatted_resistance_string_tests.CreateFormattedResistanceStringTests" name="testCreateFormattedResistanceStringFourBandBlueOrangeRedViolet" time="0.000" timestamp="2018-10-19T20:32:58"/>
	<testcase classname="create_formatted_resistance_string_tests.CreateFormattedResistanceStringTests" name="testCreateFormattedResistanceStringFourBandBlueOrangeSilverBlue" time="0.000" timestamp="2018-10-19T20:32:58"/>
	<testcase classname="create_formatted_resistance_string_tests.CreateFormattedResistanceStringTests" name="testCreateFormattedResistanceStringFourBandBlueOrangeSilverBrown" time="0.000" timestamp="2018-10-19T20:32:58"/>
	<testcase classname="create_formatted_resistance_string_tests.CreateFormattedResistanceStringTests" name="testCreateFormattedResistanceStringFourBandBlueOrangeSilverGold" time="0.000" timestamp="2018-10-19T20:32:58"/>
	<testcase classname="create_formatted_resistance_string_tests.CreateFormattedResistanceStringTests" name="testCreateFormattedResistanceStringFourBandBlueOrangeSilverGreen" time="0.000" timestamp="2018-10-19T20:32:58"/>
	<testcase classname="create_formatted_resistance_string_tests.CreateFormattedResistanceStringTests" name="testCreateFormattedResistanceStringFourBandBlueOrangeSilverGrey" time="0.000" timestamp="2018-10-19T20:32:58"/>
	<testcase classname="create_formatted_resistance_string_tests.CreateFormattedResistanceStringTests" name="testCreateFormattedResistanceStringFourBandBlueOrangeSilverNone" time="0.000" timestamp="2018-10-19T20:32:58"/>
	<testcase classname="create_formatted_resistance_string_tests.CreateFormattedResistanceStringTests" name="testCreateFormattedResistanceStringFourBandBlueOrangeSilverRed" time="0.000" timestamp="2018-10-19T20:32:58"/>
	<testcase classname="create_formatted_resistance_string_tests.CreateFormattedResistanceStringTests" name="testCreateFormattedResistanceStringFourBandBlueOrangeSilverSilver" time="0.000" timestamp="2018-10-19T20:32:58"/>
	<testcase classname="create_formatted_resistance_string_tests.CreateFormattedResistanceStringTests" name="testCreateFormattedResistanceStringFourBandBlueOrangeSilverViolet" time="0.000" timestamp="2018-10-19T20:32:58"/>
	<testcase classname="create_formatted_resistance_string_tests.CreateFormattedResistanceStringTests" name="testCreateFormattedResistanceStringFourBandBlueOrangeVioletBlue" time="0.000" timestamp="2018-10-19T20:32:58"/>
	<testcase classname="create_formatted_resistance_string_tests.CreateFormattedResistanceStringTests" name="testCreateFormattedResistanceStringFourBandBlueOrangeVioletBrown" time="0.000" timestamp="2018-10-19T20:32:58"/>
	<testcase classname="create_formatted_resistance_string_tests.CreateFormattedResistanceStringTests" name="testCreateFormattedResistanceStringFourBandBlueOrangeVioletGold" time="0.000" timestamp="2018-10-19T20:32:58"/>
	<testcase classname="create_formatted_resistance_string_tests.CreateFormattedResistanceStringTests" name="testCreateFormattedResistanceStringFourBandBlueOrangeVioletGreen" time="0.000" timestamp="2018-10-19T20:32:58"/>
	<testcase classname="create_formatted_resistance_string_tests.CreateFormattedResistanceStringTests" name="testCreateFormattedResistanceStringFourBandBlueOrangeVioletGrey" time="0.000" timestamp="2018-10-19T20:32:58"/>
	<testcase classname="create_formatted_resistance_string_tests.CreateFormattedResistanceStringTests" name="testCreateFormattedResistanceStringFourBandBlueOrangeVioletNone" time="0.000" timestamp="2018-10-19T20:32:58"/>
	<testcase classname="create_formatted_resistance_string_tests.CreateFormattedResistanceStringTests" name="testCreateFormattedResistanceStringFourBandBlueOrangeVioletRed" time="0.000" timestamp="2018-10-19T20:32:58"/>
	<testcase classname="create_formatted_resistance_string_tests.CreateFormattedResistanceStringTests" name="testCreateFormattedResistanceStringFourBandBlueOrangeVioletSilver" time="0.000" timestamp="2018-10-19T20:32:58"/>
	<testcase classname="create_formatted_resistance_string_tests.CreateFormattedResistanceStringTests" name="testCreateFormattedResistanceStringFourBandBlueOrangeVioletViolet" time="0.000" timestamp="2018-10-19T20:32:58"/>
	<testcase classname="create_formatted_resistance_string_tests.CreateFormattedResistanceStringTests" name="testCreateFormattedResistanceStringFourBandBlueOrangeWhiteBlue" time="0.000" timestamp="2018-10-19T20:32:58"/>
	<testcase classname="create_formatted_resistance_string_tests.CreateFormattedResistanceStringTests" name="testCreateFormattedResistanceStringFourBandBlueOrangeWhiteBrown" time="0.000" timestamp="2018-10-19T20:32:58"/>
	<testcase classname="create_formatted_resistance_string_tests.CreateFormattedResistanceStringTests" name="testCreateFormattedResistanceStringFourBandBlueOrangeWhiteGold" time="0.000" timestamp="2018-10-19T20:32:58"/>
	<testcase classname="create_formatted_resistance_string_tests.CreateFormattedResistanceStringTests" name="testCreateFormattedResistanceStringFourBandBlueOrangeWhiteGreen" time="0.000" timestamp="2018-10-19T20:32:58"/>
	<testcase classname="create_formatted_resistance_string_tests.CreateFormattedResistanceStringTests" name="testCreateFormattedResistanceStringFourBandBlueOrangeWhiteGrey" time="0.000" timestamp="2018-10-19T20:32:58"/>
	<testcase classname="create_formatted_resistance_string_tests.CreateFormattedResistanceStringTests" name="testCreateFormattedResistanceStringFourBandBlueOrangeWhiteNone" time="0.000" timestamp="2018-10-19T20:32:58"/>
	<testcase classname="create_formatted_resistance_string_tests.CreateFormattedResistanceStringTests" name="testCreateFormattedResistanceStringFourBandBlueOrangeWhiteRed" time="0.000" timestamp="2018-10-19T20:32:58"/>
	<testcase classname="create_formatted_resistance_string_tests.CreateFormattedResistanceStringTests" name="testCreateFormattedResistanceStringFourBandBlueOrangeWhiteSilver" time="0.000" timestamp="2018-10-19T20:32:58"/>
	<testcase classname="create_formatted_resistance_string_tests.CreateFormattedResistanceStringTests" name="testCreateFormattedResistanceStringFourBandBlueOrangeWhiteViolet" time="0.000" timestamp="2018-10-19T20:32:58"/>
	<testcase classname="create_formatted_resistance_string_tests.CreateFormattedResistanceStringTests" name="testCreateFormattedResistanceStringFourBandBlueOrangeYellowBlue" time="0.000" timestamp="2018-10-19T20:32:58"/>
	<testcase classname="create_formatted_resistance_string_tests.CreateFormattedResistanceStringTests" name="testCreateFormattedResistanceStringFourBandBlueOrangeYellowBrown" time="0.000" timestamp="2018-10-19T20:32:58"/>
	<testcase classname="create_formatted_resistance_string_tests.CreateFormattedResistanceStringTests" name="testCreateFormattedResistanceStringFourBandBlueOrangeYellowGold" time="0.000" timestamp="2018-10-19T20:32:58"/>
	<testcase classname="create_formatted_resistance_string_tests.CreateFormattedResistanceStringTests" name="testCreateFormattedResistanceStringFourBandBlueOrangeYellowGreen" time="0.000" timestamp="2018-10-19T20:32:58"/>
	<testcase classname="create_formatted_resistance_string_tests.CreateFormattedResistanceStringTests" name="testCreateFormattedResistanceStringFourBandBlueOrangeYellowGrey" time="0.000" timestamp="2018-10-19T20:32:58"/>
	<testcase classname="create_formatted_resistance_string_tests.CreateFormattedResistanceStringTests" name="testCreateFormattedResistanceStringFourBandBlueOrangeYellowNone" time="0.000" timestamp="2018-10-19T20:32:58"/>
	<testcase classname="create_formatted_resistance_string_tests.CreateFormattedResistanceStringTests" name="testCreateFormattedResistanceStringFourBandBlueOrangeYellowRed" time="0.000" timestamp="2018-10-19T20:32:58"/>
	<testcase classname="create_formatted_resistance_string_tests.CreateFormattedResistanceStringTests" name="testCreateFormattedResistanceStringFourBandBlueOrangeYellowSilver" time="0.000" timestamp="2018-10-19T20:32:58"/>
	<testcase classname="create_formatted_resistance_string_tests.CreateFormattedResistanceStringTests" name="testCreateFormattedResistanceStringFourBandBlueOrangeYellowViolet" time="0.000" timestamp="2018-10-19T20:32:58"/>
	<testcase classname="create_formatted_resistance_string_tests.CreateFormattedResistanceStringTests" name="testCreateFormattedResistanceStringFourBandBlueRedBlackBlue" time="0.000" timestamp="2018-10-19T20:32:58"/>
	<testcase classname="create_formatted_resistance_string_tests.CreateFormattedResistanceStringTests" name="testCreateFormattedResistanceStringFourBandBlueRedBlackBrown" time="0.000" timestamp="2018-10-19T20:32:58"/>
	<testcase classname="create_formatted_resistance_string_tests.CreateFormattedResistanceStringTests" name="testCreateFormattedResistanceStringFourBandBlueRedBlackGold" time="0.000" timestamp="2018-10-19T20:32:58"/>
	<testcase classname="create_formatted_resistance_string_tests.CreateFormattedResistanceStringTests" name="testCreateFormattedResistanceStringFourBandBlueRedBlackGreen" time="0.000" timestamp="2018-10-19T20:32:58"/>
	<testcase classname="create_formatted_resistance_string_tests.CreateFormattedResistanceStringTests" name="testCreateFormattedResistanceStringFourBandBlueRedBlackGrey" time="0.000" timestamp="2018-10-19T20:32:58"/>
	<testcase classname="create_formatted_resistance_string_tests.CreateFormattedResistanceStringTests" name="testCreateFormattedResistanceStringFourBandBlueRedBlackNone" time="0.000" timestamp="2018-10-19T20:32:58"/>
	<testcase classname="create_formatted_resistance_string_tests.CreateFormattedResistanceStringTests" name="testCreateFormattedResistanceStringFourBandBlueRedBlackRed" time="0.000" timestamp="2018-10-19T20:32:58"/>
	<testcase classname="create_formatted_resistance_string_tests.CreateFormattedResistanceStringTests" name="testCreateFormattedResistanceStringFourBandBlueRedBlackSilver" time="0.000" timestamp="2018-10-19T20:32:58"/>
	<testcase classname="create_formatted_resistance_string_tests.CreateFormattedResistanceStringTests" name="testCreateFormattedResistanceStringFourBandBlueRedBlackViolet" time="0.000" timestamp="2018-10-19T20:32:58"/>
	<testcase classname="create_formatted_resistance_string_tests.CreateFormattedResistanceStringTests" name="testCreateFormattedResistanceStringFourBandBlueRedBlueBlue" time="0.000" timestamp="2018-10-19T20:32:58"/>
	<testcase classname="create_formatted_resistance_string_tests.CreateFormattedResistanceStringTests" name="testCreateFormattedResistanceStringFourBandBlueRedBlueBrown" time="0.000" timestamp="2018-10-19T20:32:58"/>
	<testcase classname="create_formatted_resistance_string_tests.CreateFormattedResistanceStringTests" name="testCreateFormattedResistanceStringFourBandBlueRedBlueGold" time="0.000" timestamp="2018-10-19T20:32:58"/>
	<testcase classname="create_formatted_resistance_string_tests.CreateFormattedResistanceStringTests" name="testCreateFormattedResistanceStringFourBandBlueRedBlueGreen" time="0.000" timestamp="2018-10-19T20:32:58"/>
	<testcase classname="create_formatted_resistance_string_tests.CreateFormattedResistanceStringTests" name="testCreateFormattedResistanceStringFourBandBlueRedBlueGrey" time="0.000" timestamp="2018-10-19T20:32:58"/>
	<testcase classname="create_formatted_resistance_string_tests.CreateFormattedResistanceStringTests" name="testCreateFormattedResistanceStringFourBandBlueRedBlueNone" time="0.000" timestamp="2018-10-19T20:32:58"/>
	<testcase classname="create_formatted_resistance_string_tests.CreateFormattedResistanceStringTests" name="testCreateFormattedResistanceStringFourBandBlueRedBlueRed" time="0.000" timestamp="2018-10-19T20:32:58"/>
	<testcase classname="create_formatted_resistance_string_tests.CreateFormattedResistanceStringTests" name="testCreateFormattedResistanceStringFourBandBlueRedBlueSilver" time="0.000" timestamp="2018-10-19T20:32:58"/>
	<testcase classname="create_formatted_resistance_string_tests.CreateFormattedResistanceStringTests" name="testCreateFormattedResistanceStringFourBandBlueRedBlueViolet" time="0.000" timestamp="2018-10-19T20:32:58"/>
	<testcase classname="create_formatted_resistance_string_tests.CreateFormattedResistanceStringTests" name="testCreateFormattedResistanceStringFourBandBlueRedBrownBlue" time="0.000" timestamp="2018-10-19T20:32:58"/>
	<testcase classname="create_formatted_resistance_string_tests.CreateFormattedResistanceStringTests" name="testCreateFormattedResistanceStringFourBandBlueRedBrownBrown" time="0.000" timestamp="2018-10-19T20:32:58"/>
	<testcase classname="create_formatted_resistance_string_tests.CreateFormattedResistanceStringTests" name="testCreateFormattedResistanceStringFourBandBlueRedBrownGold" time="0.000" timestamp="2018-10-19T20:32:58"/>
	<testcase classname="create_formatted_resistance_string_tests.CreateFormattedResistanceStringTests" name="testCreateFormattedResistanceStringFourBandBlueRedBrownGreen" time="0.000" timestamp="2018-10-19T20:32:58"/>
	<testcase classname="create_formatted_resistance_string_tests.CreateFormattedResistanceStringTests" name="testCreateFormattedResistanceStringFourBandBlueRedBrownGrey" time="0.000" timestamp="2018-10-19T20:32:58"/>
	<testcase classname="create_formatted_resistance_string_tests.CreateFormattedResistanceStringTests" name="testCreateFormattedResistanceStringFourBandBlueRedBrownNone" time="0.000" timestamp="2018-10-19T20:32:58"/>
	<testcase classname="create_formatted_resistance_string_tests.CreateFormattedResistanceStringTests" name="testCreateFormattedResistanceStringFourBandBlueRedBrownRed" time="0.000" timestamp="2018-10-19T20:32:58"/>
	<testcase classname="create_formatted_resistance_string_tests.CreateFormattedResistanceStringTests" name="testCreateFormattedResistanceStringFourBandBlueRedBrownSilver" time="0.000" timestamp="2018-10-19T20:32:58"/>
	<testcase classname="create_formatted_resistance_string_tests.CreateFormattedResistanceStringTests" name="testCreateFormattedResistanceStringFourBandBlueRedBrownViolet" time="0.000" timestamp="2018-10-19T20:32:58"/>
	<testcase classname="create_formatted_resistance_string_tests.CreateFormattedResistanceStringTests" name="testCreateFormattedResistanceStringFourBandBlueRedGoldBlue" time="0.000" timestamp="2018-10-19T20:32:58"/>
	<testcase classname="create_formatted_resistance_string_tests.CreateFormattedResistanceStringTests" name="testCreateFormattedResistanceStringFourBandBlueRedGoldBrown" time="0.000" timestamp="2018-10-19T20:32:58"/>
	<testcase classname="create_formatted_resistance_string_tests.CreateFormattedResistanceStringTests" name="testCreateFormattedResistanceStringFourBandBlueRedGoldGold" time="0.000" timestamp="2018-10-19T20:32:58"/>
	<testcase classname="create_formatted_resistance_string_tests.CreateFormattedResistanceStringTests" name="testCreateFormattedResistanceStringFourBandBlueRedGoldGreen" time="0.000" timestamp="2018-10-19T20:32:58"/>
	<testcase classname="create_formatted_resistance_string_tests.CreateFormattedResistanceStringTests" name="testCreateFormattedResistanceStringFourBandBlueRedGoldGrey" time="0.000" timestamp="2018-10-19T20:32:58"/>
	<testcase classname="create_formatted_resistance_string_tests.CreateFormattedResistanceStringTests" name="testCreateFormattedResistanceStringFourBandBlueRedGoldNone" time="0.000" timestamp="2018-10-19T20:32:58"/>
	<testcase classname="create_formatted_resistance_string_tests.CreateFormattedResistanceStringTests" name="testCreateFormattedResistanceStringFourBandBlueRedGoldRed" time="0.000" timestamp="2018-10-19T20:32:58"/>
	<testcase classname="create_formatted_resistance_string_tests.CreateFormattedResistanceStringTests" name="testCreateFormattedResistanceStringFourBandBlueRedGoldSilver" time="0.000" timestamp="2018-10-19T20:32:58"/>
	<testcase classname="create_formatted_resistance_string_tests.CreateFormattedResistanceStringTests" name="testCreateFormattedResistanceStringFourBandBlueRedGoldViolet" time="0.000" timestamp="2018-10-19T20:32:58"/>
	<testcase classname="create_formatted_resistance_string_tests.CreateFormattedResistanceStringTests" name="testCreateFormattedResistanceStringFourBandBlueRedGreenBlue" time="0.000" timestamp="2018-10-19T20:32:58"/>
	<testcase classname="create_formatted_resistance_string_tests.CreateFormattedResistanceStringTests" name="testCreateFormattedResistanceStringFourBandBlueRedGreenBrown" time="0.000" timestamp="2018-10-19T20:32:58"/>
	<testcase classname="create_formatted_resistance_string_tests.CreateFormattedResistanceStringTests" name="testCreateFormattedResistanceStringFourBandBlueRedGreenGold" time="0.000" timestamp="2018-10-19T20:32:58"/>
	<testcase classname="create_formatted_resistance_string_tests.CreateFormattedResistanceStringTests" name="testCreateFormattedResistanceStringFourBandBlueRedGreenGreen" time="0.000" timestamp="2018-10-19T20:32:58"/>
	<testcase classname="create_formatted_resistance_string_tests.CreateFormattedResistanceStringTests" name="testCreateFormattedResistanceStringFourBandBlueRedGreenGrey" time="0.000" timestamp="2018-10-19T20:32:58"/>
	<testcase classname="create_formatted_resistance_string_tests.CreateFormattedResistanceStringTests" name="testCreateFormattedResistanceStringFourBandBlueRedGreenNone" time="0.000" timestamp="2018-10-19T20:32:58"/>
	<testcase classname="create_formatted_resistance_string_tests.CreateFormattedResistanceStringTests" name="testCreateFormattedResistanceStringFourBandBlueRedGreenRed" time="0.000" timestamp="2018-10-19T20:32:58"/>
	<testcase classname="create_formatted_resistance_string_tests.CreateFormattedResistanceStringTests" name="testCreateFormattedResistanceStringFourBandBlueRedGreenSilver" time="0.000" timestamp="2018-10-19T20:32:58"/>
	<testcase classname="create_formatted_resistance_string_tests.CreateFormattedResistanceStringTests" name="testCreateFormattedResistanceStringFourBandBlueRedGreenViolet" time="0.000" timestamp="2018-10-19T20:32:58"/>
	<testcase classname="create_formatted_resistance_string_tests.CreateFormattedResistanceStringTests" name="testCreateFormattedResistanceStringFourBandBlueRedGreyBlue" time="0.000" timestamp="2018-10-19T20:32:58"/>
	<testcase classname="create_formatted_resistance_string_tests.CreateFormattedResistanceStringTests" name="testCreateFormattedResistanceStringFourBandBlueRedGreyBrown" time="0.000" timestamp="2018-10-19T20:32:58"/>
	<testcase classname="create_formatted_resistance_string_tests.CreateFormattedResistanceStringTests" name="testCreateFormattedResistanceStringFourBandBlueRedGreyGold" time="0.000" timestamp="2018-10-19T20:32:58"/>
	<testcase classname="create_formatted_resistance_string_tests.CreateFormattedResistanceStringTests" name="testCreateFormattedResistanceStringFourBandBlueRedGreyGreen" time="0.000" timestamp="2018-10-19T20:32:58"/>
	<testcase classname="create_formatted_resistance_string_tests.CreateFormattedResistanceStringTests" name="testCreateFormattedResistanceStringFourBandBlueRedGreyGrey" time="0.000" timestamp="2018-10-19T20:32:58"/>
	<testcase classname="create_formatted_resistance_string_tests.CreateFormattedResistanceStringTests" name="testCreateFormattedResistanceStringFourBandBlueRedGreyNone" time="0.000" timestamp="2018-10-19T20:32:58"/>
	<testcase classname="create_formatted_resistance_string_tests.CreateFormattedResistanceStringTests" name="testCreateFormattedResistanceStringFourBandBlueRedGreyRed" time="0.000" timestamp="2018-10-19T20:32:58"/>
	<testcase classname="create_formatted_resistance_string_tests.CreateFormattedResistanceStringTests" name="testCreateFormattedResistanceStringFourBandBlueRedGreySilver" time="0.000" timestamp="2018-10-19T20:32:58"/>
	<testcase classname="create_formatted_resistance_string_tests.CreateFormattedResistanceStringTests" name="testCreateFormattedResistanceStringFourBandBlueRedGreyViolet" time="0.000" timestamp="2018-10-19T20:32:58"/>
	<testcase classname="create_formatted_resistance_string_tests.CreateFormattedResistanceStringTests" name="testCreateFormattedResistanceStringFourBandBlueRedOrangeBlue" time="0.000" timestamp="2018-10-19T20:32:58"/>
	<testcase classname="create_formatted_resistance_string_tests.CreateFormattedResistanceStringTests" name="testCreateFormattedResistanceStringFourBandBlueRedOrangeBrown" time="0.000" timestamp="2018-10-19T20:32:58"/>
	<testcase classname="create_formatted_resistance_string_tests.CreateFormattedResistanceStringTests" name="testCreateFormattedResistanceStringFourBandBlueRedOrangeGold" time="0.000" timestamp="2018-10-19T20:32:58"/>
	<testcase classname="create_formatted_resistance_string_tests.CreateFormattedResistanceStringTests" name="testCreateFormattedResistanceStringFourBandBlueRedOrangeGreen" time="0.000" timestamp="2018-10-19T20:32:58"/>
	<testcase classname="create_formatted_resistance_string_tests.CreateFormattedResistanceStringTests" name="testCreateFormattedResistanceStringFourBandBlueRedOrangeGrey" time="0.000" timestamp="2018-10-19T20:32:58"/>
	<testcase classname="create_formatted_resistance_string_tests.CreateFormattedResistanceStringTests" name="testCreateFormattedResistanceStringFourBandBlueRedOrangeNone" time="0.000" timestamp="2018-10-19T20:32:58"/>
	<testcase classname="create_formatted_resistance_string_tests.CreateFormattedResistanceStringTests" name="testCreateFormattedResistanceStringFourBandBlueRedOrangeRed" time="0.000" timestamp="2018-10-19T20:32:58"/>
	<testcase classname="create_formatted_resistance_string_tests.CreateFormattedResistanceStringTests" name="testCreateFormattedResistanceStringFourBandBlueRedOrangeSilver" time="0.000" timestamp="2018-10-19T20:32:58"/>
	<testcase classname="create_formatted_resistance_string_tests.CreateFormattedResistanceStringTests" name="testCreateFormattedResistanceStringFourBandBlueRedOrangeViolet" time="0.000" timestamp="2018-10-19T20:32:58"/>
	<testcase classname="create_formatted_resistance_string_tests.CreateFormattedResistanceStringTests" name="testCreateFormattedResistanceStringFourBandBlueRedRedBlue" time="0.000" timestamp="2018-10-19T20:32:58"/>
	<testcase classname="create_formatted_resistance_string_tests.CreateFormattedResistanceStringTests" name="testCreateFormattedResistanceStringFourBandBlueRedRedBrown" time="0.000" timestamp="2018-10-19T20:32:58"/>
	<testcase classname="create_formatted_resistance_string_tests.CreateFormattedResistanceStringTests" name="testCreateFormattedResistanceStringFourBandBlueRedRedGold" time="0.000" timestamp="2018-10-19T20:32:58"/>
	<testcase classname="create_formatted_resistance_string_tests.CreateFormattedResistanceStringTests" name="testCreateFormattedResistanceStringFourBandBlueRedRedGreen" time="0.000" timestamp="2018-10-19T20:32:58"/>
	<testcase classname="create_formatted_resistance_string_tests.CreateFormattedResistanceStringTests" name="testCreateFormattedResistanceStringFourBandBlueRedRedGrey" time="0.000" timestamp="2018-10-19T20:32:58"/>
	<testcase classname="create_formatted_resistance_string_tests.CreateFormattedResistanceStringTests" name="testCreateFormattedResistanceStringFourBandBlueRedRedNone" time="0.000" timestamp="2018-10-19T20:32:58"/>
	<testcase classname="create_formatted_resistance_string_tests.CreateFormattedResistanceStringTests" name="testCreateFormattedResistanceStringFourBandBlueRedRedRed" time="0.000" timestamp="2018-10-19T20:32:58"/>
	<testcase classname="create_formatted_resistance_string_tests.CreateFormattedResistanceStringTests" name="testCreateFormattedResistanceStringFourBandBlueRedRedSilver" time="0.000" timestamp="2018-10-19T20:32:58"/>
	<testcase classname="create_formatted_resistance_string_tests.CreateFormattedResistanceStringTests" name="testCreateFormattedResistanceStringFourBandBlueRedRedViolet" time="0.000" timestamp="2018-10-19T20:32:58"/>
	<testcase classname="create_formatted_resistance_string_tests.CreateFormattedResistanceStringTests" name="testCreateFormattedResistanceStringFourBandBlueRedSilverBlue" time="0.000" timestamp="2018-10-19T20:32:58"/>
	<testcase classname="create_formatted_resistance_string_tests.CreateFormattedResistanceStringTests" name="testCreateFormattedResistanceStringFourBandBlueRedSilverBrown" time="0.000" timestamp="2018-10-19T20:32:58"/>
	<testcase classname="create_formatted_resistance_string_tests.CreateFormattedResistanceStringTests" name="testCreateFormattedResistanceStringFourBandBlueRedSilverGold" time="0.000" timestamp="2018-10-19T20:32:58"/>
	<testcase classname="create_formatted_resistance_string_tests.CreateFormattedResistanceStringTests" name="testCreateFormattedResistanceStringFourBandBlueRedSilverGreen" time="0.000" timestamp="2018-10-19T20:32:58"/>
	<testcase classname="create_formatted_resistance_string_tests.CreateFormattedResistanceStringTests" name="testCreateFormattedResistanceStringFourBandBlueRedSilverGrey" time="0.000" timestamp="2018-10-19T20:32:58"/>
	<testcase classname="create_formatted_resistance_string_tests.CreateFormattedResistanceStringTests" name="testCreateFormattedResistanceStringFourBandBlueRedSilverNone" time="0.000" timestamp="2018-10-19T20:32:58"/>
	<testcase classname="create_formatted_resistance_string_tests.CreateFormattedResistanceStringTests" name="testCreateFormattedResistanceStringFourBandBlueRedSilverRed" time="0.000" timestamp="2018-10-19T20:32:58"/>
	<testcase classname="create_formatted_resistance_string_tests.CreateFormattedResistanceStringTests" name="testCreateFormattedResistanceStringFourBandBlueRedSilverSilver" time="0.000" timestamp="2018-10-19T20:32:58"/>
	<testcase classname="create_formatted_resistance_string_tests.CreateFormattedResistanceStringTests" name="testCreateFormattedResistanceStringFourBandBlueRedSilverViolet" time="0.000" timestamp="2018-10-19T20:32:58"/>
	<testcase classname="create_formatted_resistance_string_tests.CreateFormattedResistanceStringTests" name="testCreateFormattedResistanceStringFourBandBlueRedVioletBlue" time="0.000" timestamp="2018-10-19T20:32:58"/>
	<testcase classname="create_formatted_resistance_string_tests.CreateFormattedResistanceStringTests" name="testCreateFormattedResistanceStringFourBandBlueRedVioletBrown" time="0.000" timestamp="2018-10-19T20:32:58"/>
	<testcase classname="create_formatted_resistance_string_tests.CreateFormattedResistanceStringTests" name="testCreateFormattedResistanceStringFourBandBlueRedVioletGold" time="0.000" timestamp="2018-10-19T20:32:58"/>
	<testcase classname="create_formatted_resistance_string_tests.CreateFormattedResistanceStringTests" name="testCreateFormattedResistanceStringFourBandBlueRedVioletGreen" time="0.000" timestamp="2018-10-19T20:32:58"/>
	<testcase classname="create_formatted_resistance_string_tests.CreateFormattedResistanceStringTests" name="testCreateFormattedResistanceStringFourBandBlueRedVioletGrey" time="0.000" timestamp="2018-10-19T20:32:58"/>
	<testcase classname="create_formatted_resistance_string_tests.CreateFormattedResistanceStringTests" name="testCreateFormattedResistanceStringFourBandBlueRedVioletNone" time="0.000" timestamp="2018-10-19T20:32:58"/>
	<testcase classname="create_formatted_resistance_string_tests.CreateFormattedResistanceStringTests" name="testCreateFormattedResistanceStringFourBandBlueRedVioletRed" time="0.000" timestamp="2018-10-19T20:32:58"/>
	<testcase classname="create_formatted_resistance_string_tests.CreateFormattedResistanceStringTests" name="testCreateFormattedResistanceStringFourBandBlueRedVioletSilver" time="0.000" timestamp="2018-10-19T20:32:58"/>
	<testcase classname="create_formatted_resistance_string_tests.CreateFormattedResistanceStringTests" name="testCreateFormattedResistanceStringFourBandBlueRedVioletViolet" time="0.000" timestamp="2018-10-19T20:32:58"/>
	<testcase classname="create_formatted_resistance_string_tests.CreateFormattedResistanceStringTests" name="testCreateFormattedResistanceStringFourBandBlueRedWhiteBlue" time="0.000" timestamp="2018-10-19T20:32:58"/>
	<testcase classname="create_formatted_resistance_string_tests.CreateFormattedResistanceStringTests" name="testCreateFormattedResistanceStringFourBandBlueRedWhiteBrown" time="0.000" timestamp="2018-10-19T20:32:58"/>
	<testcase classname="create_formatted_resistance_string_tests.CreateFormattedResistanceStringTests" name="testCreateFormattedResistanceStringFourBandBlueRedWhiteGold" time="0.000" timestamp="2018-10-19T20:32:58"/>
	<testcase classname="create_formatted_resistance_string_tests.CreateFormattedResistanceStringTests" name="testCreateFormattedResistanceStringFourBandBlueRedWhiteGreen" time="0.000" timestamp="2018-10-19T20:32:58"/>
	<testcase classname="create_formatted_resistance_string_tests.CreateFormattedResistanceStringTests" name="testCreateFormattedResistanceStringFourBandBlueRedWhiteGrey" time="0.000" timestamp="2018-10-19T20:32:58"/>
	<testcase classname="create_formatted_resistance_string_tests.CreateFormattedResistanceStringTests" name="testCreateFormattedResistanceStringFourBandBlueRedWhiteNone" time="0.000" timestamp="2018-10-19T20:32:58"/>
	<testcase classname="create_formatted_resistance_string_tests.CreateFormattedResistanceStringTests" name="testCreateFormattedResistanceStringFourBandBlueRedWhiteRed" time="0.000" timestamp="2018-10-19T20:32:58"/>
	<testcase classname="create_formatted_resistance_string_tests.CreateFormattedResistanceStringTests" name="testCreateFormattedResistanceStringFourBandBlueRedWhiteSilver" time="0.000" timestamp="2018-10-19T20:32:58"/>
	<testcase classname="create_formatted_resistance_string_tests.CreateFormattedResistanceStringTests" name="testCreateFormattedResistanceStringFourBandBlueRedWhiteViolet" time="0.000" timestamp="2018-10-19T20:32:58"/>
	<testcase classname="create_formatted_resistance_string_tests.CreateFormattedResistanceStringTests" name="testCreateFormattedResistanceStringFourBandBlueRedYellowBlue" time="0.000" timestamp="2018-10-19T20:32:58"/>
	<testcase classname="create_formatted_resistance_string_tests.CreateFormattedResistanceStringTests" name="testCreateFormattedResistanceStringFourBandBlueRedYellowBrown" time="0.000" timestamp="2018-10-19T20:32:58"/>
	<testcase classname="create_formatted_resistance_string_tests.CreateFormattedResistanceStringTests" name="testCreateFormattedResistanceStringFourBandBlueRedYellowGold" time="0.000" timestamp="2018-10-19T20:32:58"/>
	<testcase classname="create_formatted_resistance_string_tests.CreateFormattedResistanceStringTests" name="testCreateFormattedResistanceStringFourBandBlueRedYellowGreen" time="0.000" timestamp="2018-10-19T20:32:58"/>
	<testcase classname="create_formatted_resistance_string_tests.CreateFormattedResistanceStringTests" name="testCreateFormattedResistanceStringFourBandBlueRedYellowGrey" time="0.000" timestamp="2018-10-19T20:32:58"/>
	<testcase classname="create_formatted_resistance_string_tests.CreateFormattedResistanceStringTests" name="testCreateFormattedResistanceStringFourBandBlueRedYellowNone" time="0.000" timestamp="2018-10-19T20:32:58"/>
	<testcase classname="create_formatted_resistance_string_tests.CreateFormattedResistanceStringTests" name="testCreateFormattedResistanceStringFourBandBlueRedYellowRed" time="0.000" timestamp="2018-10-19T20:32:58"/>
	<testcase classname="create_formatted_resistance_string_tests.CreateFormattedResistanceStringTests" name="testCreateFormattedResistanceStringFourBandBlueRedYellowSilver" time="0.000" timestamp="2018-10-19T20:32:58"/>
	<testcase classname="create_formatted_resistance_string_tests.CreateFormattedResistanceStringTests" name="testCreateFormattedResistanceStringFourBandBlueRedYellowViolet" time="0.000" timestamp="2018-10-19T20:32:58"/>
	<testcase classname="create_formatted_resistance_string_tests.CreateFormattedResistanceStringTests" name="testCreateFormattedResistanceStringFourBandBlueVioletBlackBlue" time="0.000" timestamp="2018-10-19T20:32:58"/>
	<testcase classname="create_formatted_resistance_string_tests.CreateFormattedResistanceStringTests" name="testCreateFormattedResistanceStringFourBandBlueVioletBlackBrown" time="0.000" timestamp="2018-10-19T20:32:58"/>
	<testcase classname="create_formatted_resistance_string_tests.CreateFormattedResistanceStringTests" name="testCreateFormattedResistanceStringFourBandBlueVioletBlackGold" time="0.000" timestamp="2018-10-19T20:32:58"/>
	<testcase classname="create_formatted_resistance_string_tests.CreateFormattedResistanceStringTests" name="testCreateFormattedResistanceStringFourBandBlueVioletBlackGreen" time="0.000" timestamp="2018-10-19T20:32:58"/>
	<testcase classname="create_formatted_resistance_string_tests.CreateFormattedResistanceStringTests" name="testCreateFormattedResistanceStringFourBandBlueVioletBlackGrey" time="0.000" timestamp="2018-10-19T20:32:58"/>
	<testcase classname="create_formatted_resistance_string_tests.CreateFormattedResistanceStringTests" name="testCreateFormattedResistanceStringFourBandBlueVioletBlackNone" time="0.000" timestamp="2018-10-19T20:32:58"/>
	<testcase classname="create_formatted_resistance_string_tests.CreateFormattedResistanceStringTests" name="testCreateFormattedResistanceStringFourBandBlueVioletBlackRed" time="0.000" timestamp="2018-10-19T20:32:58"/>
	<testcase classname="create_formatted_resistance_string_tests.CreateFormattedResistanceStringTests" name="testCreateFormattedResistanceStringFourBandBlueVioletBlackSilver" time="0.000" timestamp="2018-10-19T20:32:58"/>
	<testcase classname="create_formatted_resistance_string_tests.CreateFormattedResistanceStringTests" name="testCreateFormattedResistanceStringFourBandBlueVioletBlackViolet" time="0.000" timestamp="2018-10-19T20:32:58"/>
	<testcase classname="create_formatted_resistance_string_tests.CreateFormattedResistanceStringTests" name="testCreateFormattedResistanceStringFourBandBlueVioletBlueBlue" time="0.000" timestamp="2018-10-19T20:32:58"/>
	<testcase classname="create_formatted_resistance_string_tests.CreateFormattedResistanceStringTests" name="testCreateFormattedResistanceStringFourBandBlueVioletBlueBrown" time="0.000" timestamp="2018-10-19T20:32:58"/>
	<testcase classname="create_formatted_resistance_string_tests.CreateFormattedResistanceStringTests" name="testCreateFormattedResistanceStringFourBandBlueVioletBlueGold" time="0.000" timestamp="2018-10-19T20:32:58"/>
	<testcase classname="create_formatted_resistance_string_tests.CreateFormattedResistanceStringTests" name="testCreateFormattedResistanceStringFourBandBlueVioletBlueGreen" time="0.000" timestamp="2018-10-19T20:32:58"/>
	<testcase classname="create_formatted_resistance_string_tests.CreateFormattedResistanceStringTests" name="testCreateFormattedResistanceStringFourBandBlueVioletBlueGrey" time="0.000" timestamp="2018-10-19T20:32:58"/>
	<testcase classname="create_formatted_resistance_string_tests.CreateFormattedResistanceStringTests" name="testCreateFormattedResistanceStringFourBandBlueVioletBlueNone" time="0.000" timestamp="2018-10-19T20:32:58"/>
	<testcase classname="create_formatted_resistance_string_tests.CreateFormattedResistanceStringTests" name="testCreateFormattedResistanceStringFourBandBlueVioletBlueRed" time="0.000" timestamp="2018-10-19T20:32:58"/>
	<testcase classname="create_formatted_resistance_string_tests.CreateFormattedResistanceStringTests" name="testCreateFormattedResistanceStringFourBandBlueVioletBlueSilver" time="0.000" timestamp="2018-10-19T20:32:58"/>
	<testcase classname="create_formatted_resistance_string_tests.CreateFormattedResistanceStringTests" name="testCreateFormattedResistanceStringFourBandBlueVioletBlueViolet" time="0.000" timestamp="2018-10-19T20:32:58"/>
	<testcase classname="create_formatted_resistance_string_tests.CreateFormattedResistanceStringTests" name="testCreateFormattedResistanceStringFourBandBlueVioletBrownBlue" time="0.000" timestamp="2018-10-19T20:32:58"/>
	<testcase classname="create_formatted_resistance_string_tests.CreateFormattedResistanceStringTests" name="testCreateFormattedResistanceStringFourBandBlueVioletBrownBrown" time="0.000" timestamp="2018-10-19T20:32:58"/>
	<testcase classname="create_formatted_resistance_string_tests.CreateFormattedResistanceStringTests" name="testCreateFormattedResistanceStringFourBandBlueVioletBrownGold" time="0.000" timestamp="2018-10-19T20:32:58"/>
	<testcase classname="create_formatted_resistance_string_tests.CreateFormattedResistanceStringTests" name="testCreateFormattedResistanceStringFourBandBlueVioletBrownGreen" time="0.000" timestamp="2018-10-19T20:32:58"/>
	<testcase classname="create_formatted_resistance_string_tests.CreateFormattedResistanceStringTests" name="testCreateFormattedResistanceStringFourBandBlueVioletBrownGrey" time="0.000" timestamp="2018-10-19T20:32:58"/>
	<testcase classname="create_formatted_resistance_string_tests.CreateFormattedResistanceStringTests" name="testCreateFormattedResistanceStringFourBandBlueVioletBrownNone" time="0.000" timestamp="2018-10-19T20:32:58"/>
	<testcase classname="create_formatted_resistance_string_tests.CreateFormattedResistanceStringTests" name="testCreateFormattedResistanceStringFourBandBlueVioletBrownRed" time="0.000" timestamp="2018-10-19T20:32:58"/>
	<testcase classname="create_formatted_resistance_string_tests.CreateFormattedResistanceStringTests" name="testCreateFormattedResistanceStringFourBandBlueVioletBrownSilver" time="0.000" timestamp="2018-10-19T20:32:58"/>
	<testcase classname="create_formatted_resistance_string_tests.CreateFormattedResistanceStringTests" name="testCreateFormattedResistanceStringFourBandBlueVioletBrownViolet" time="0.000" timestamp="2018-10-19T20:32:58"/>
	<testcase classname="create_formatted_resistance_string_tests.CreateFormattedResistanceStringTests" name="testCreateFormattedResistanceStringFourBandBlueVioletGoldBlue" time="0.000" timestamp="2018-10-19T20:32:58"/>
	<testcase classname="create_formatted_resistance_string_tests.CreateFormattedResistanceStringTests" name="testCreateFormattedResistanceStringFourBandBlueVioletGoldBrown" time="0.000" timestamp="2018-10-19T20:32:58"/>
	<testcase classname="create_formatted_resistance_string_tests.CreateFormattedResistanceStringTests" name="testCreateFormattedResistanceStringFourBandBlueVioletGoldGold" time="0.000" timestamp="2018-10-19T20:32:58"/>
	<testcase classname="create_formatted_resistance_string_tests.CreateFormattedResistanceStringTests" name="testCreateFormattedResistanceStringFourBandBlueVioletGoldGreen" time="0.000" timestamp="2018-10-19T20:32:58"/>
	<testcase classname="create_formatted_resistance_string_tests.CreateFormattedResistanceStringTests" name="testCreateFormattedResistanceStringFourBandBlueVioletGoldGrey" time="0.000" timestamp="2018-10-19T20:32:58"/>
	<testcase classname="create_formatted_resistance_string_tests.CreateFormattedResistanceStringTests" name="testCreateFormattedResistanceStringFourBandBlueVioletGoldNone" time="0.000" timestamp="2018-10-19T20:32:58"/>
	<testcase classname="create_formatted_resistance_string_tests.CreateFormattedResistanceStringTests" name="testCreateFormattedResistanceStringFourBandBlueVioletGoldRed" time="0.000" timestamp="2018-10-19T20:32:58"/>
	<testcase classname="create_formatted_resistance_string_tests.CreateFormattedResistanceStringTests" name="testCreateFormattedResistanceStringFourBandBlueVioletGoldSilver" time="0.000" timestamp="2018-10-19T20:32:58"/>
	<testcase classname="create_formatted_resistance_string_tests.CreateFormattedResistanceStringTests" name="testCreateFormattedResistanceStringFourBandBlueVioletGoldViolet" time="0.000" timestamp="2018-10-19T20:32:58"/>
	<testcase classname="create_formatted_resistance_string_tests.CreateFormattedResistanceStringTests" name="testCreateFormattedResistanceStringFourBandBlueVioletGreenBlue" time="0.000" timestamp="2018-10-19T20:32:58"/>
	<testcase classname="create_formatted_resistance_string_tests.CreateFormattedResistanceStringTests" name="testCreateFormattedResistanceStringFourBandBlueVioletGreenBrown" time="0.000" timestamp="2018-10-19T20:32:58"/>
	<testcase classname="create_formatted_resistance_string_tests.CreateFormattedResistanceStringTests" name="testCreateFormattedResistanceStringFourBandBlueVioletGreenGold" time="0.000" timestamp="2018-10-19T20:32:58"/>
	<testcase classname="create_formatted_resistance_string_tests.CreateFormattedResistanceStringTests" name="testCreateFormattedResistanceStringFourBandBlueVioletGreenGreen" time="0.000" timestamp="2018-10-19T20:32:58"/>
	<testcase classname="create_formatted_resistance_string_tests.CreateFormattedResistanceStringTests" name="testCreateFormattedResistanceStringFourBandBlueVioletGreenGrey" time="0.000" timestamp="2018-10-19T20:32:58"/>
	<testcase classname="create_formatted_resistance_string_tests.CreateFormattedResistanceStringTests" name="testCreateFormattedResistanceStringFourBandBlueVioletGreenNone" time="0.000" timestamp="2018-10-19T20:32:58"/>
	<testcase classname="create_formatted_resistance_string_tests.CreateFormattedResistanceStringTests" name="testCreateFormattedResistanceStringFourBandBlueVioletGreenRed" time="0.000" timestamp="2018-10-19T20:32:58"/>
	<testcase classname="create_formatted_resistance_string_tests.CreateFormattedResistanceStringTests" name="testCreateFormattedResistanceStringFourBandBlueVioletGreenSilver" time="0.000" timestamp="2018-10-19T20:32:58"/>
	<testcase classname="create_formatted_resistance_string_tests.CreateFormattedResistanceStringTests" name="testCreateFormattedResistanceStringFourBandBlueVioletGreenViolet" time="0.000" timestamp="2018-10-19T20:32:58"/>
	<testcase classname="create_formatted_resistance_string_tests.CreateFormattedResistanceStringTests" name="testCreateFormattedResistanceStringFourBandBlueVioletGreyBlue" time="0.000" timestamp="2018-10-19T20:32:58"/>
	<testcase classname="create_formatted_resistance_string_tests.CreateFormattedResistanceStringTests" name="testCreateFormattedResistanceStringFourBandBlueVioletGreyBrown" time="0.000" timestamp="2018-10-19T20:32:58"/>
	<testcase classname="create_formatted_resistance_string_tests.CreateFormattedResistanceStringTests" name="testCreateFormattedResistanceStringFourBandBlueVioletGreyGold" time="0.000" timestamp="2018-10-19T20:32:58"/>
	<testcase classname="create_formatted_resistance_string_tests.CreateFormattedResistanceStringTests" name="testCreateFormattedResistanceStringFourBandBlueVioletGreyGreen" time="0.000" timestamp="2018-10-19T20:32:58"/>
	<testcase classname="create_formatted_resistance_string_tests.CreateFormattedResistanceStringTests" name="testCreateFormattedResistanceStringFourBandBlueVioletGreyGrey" time="0.000" timestamp="2018-10-19T20:32:58"/>
	<testcase classname="create_formatted_resistance_string_tests.CreateFormattedResistanceStringTests" name="testCreateFormattedResistanceStringFourBandBlueVioletGreyNone" time="0.000" timestamp="2018-10-19T20:32:58"/>
	<testcase classname="create_formatted_resistance_string_tests.CreateFormattedResistanceStringTests" name="testCreateFormattedResistanceStringFourBandBlueVioletGreyRed" time="0.000" timestamp="2018-10-19T20:32:58"/>
	<testcase classname="create_formatted_resistance_string_tests.CreateFormattedResistanceStringTests" name="testCreateFormattedResistanceStringFourBandBlueVioletGreySilver" time="0.000" timestamp="2018-10-19T20:32:58"/>
	<testcase classname="create_formatted_resistance_string_tests.CreateFormattedResistanceStringTests" name="testCreateFormattedResistanceStringFourBandBlueVioletGreyViolet" time="0.000" timestamp="2018-10-19T20:32:58"/>
	<testcase classname="create_formatted_resistance_string_tests.CreateFormattedResistanceStringTests" name="testCreateFormattedResistanceStringFourBandBlueVioletOrangeBlue" time="0.000" timestamp="2018-10-19T20:32:58"/>
	<testcase classname="create_formatted_resistance_string_tests.CreateFormattedResistanceStringTests" name="testCreateFormattedResistanceStringFourBandBlueVioletOrangeBrown" time="0.000" timestamp="2018-10-19T20:32:58"/>
	<testcase classname="create_formatted_resistance_string_tests.CreateFormattedResistanceStringTests" name="testCreateFormattedResistanceStringFourBandBlueVioletOrangeGold" time="0.000" timestamp="2018-10-19T20:32:58"/>
	<testcase classname="create_formatted_resistance_string_tests.CreateFormattedResistanceStringTests" name="testCreateFormattedResistanceStringFourBandBlueVioletOrangeGreen" time="0.000" timestamp="2018-10-19T20:32:58"/>
	<testcase classname="create_formatted_resistance_string_tests.CreateFormattedResistanceStringTests" name="testCreateFormattedResistanceStringFourBandBlueVioletOrangeGrey" time="0.000" timestamp="2018-10-19T20:32:58"/>
	<testcase classname="create_formatted_resistance_string_tests.CreateFormattedResistanceStringTests" name="testCreateFormattedResistanceStringFourBandBlueVioletOrangeNone" time="0.000" timestamp="2018-10-19T20:32:58"/>
	<testcase classname="create_formatted_resistance_string_tests.CreateFormattedResistanceStringTests" name="testCreateFormattedResistanceStringFourBandBlueVioletOrangeRed" time="0.000" timestamp="2018-10-19T20:32:58"/>
	<testcase classname="create_formatted_resistance_string_tests.CreateFormattedResistanceStringTests" name="testCreateFormattedResistanceStringFourBandBlueVioletOrangeSilver" time="0.000" timestamp="2018-10-19T20:32:58"/>
	<testcase classname="create_formatted_resistance_string_tests.CreateFormattedResistanceStringTests" name="testCreateFormattedResistanceStringFourBandBlueVioletOrangeViolet" time="0.000" timestamp="2018-10-19T20:32:58"/>
	<testcase classname="create_formatted_resistance_string_tests.CreateFormattedResistanceStringTests" name="testCreateFormattedResistanceStringFourBandBlueVioletRedBlue" time="0.000" timestamp="2018-10-19T20:32:58"/>
	<testcase classname="create_formatted_resistance_string_tests.CreateFormattedResistanceStringTests" name="testCreateFormattedResistanceStringFourBandBlueVioletRedBrown" time="0.000" timestamp="2018-10-19T20:32:58"/>
	<testcase classname="create_formatted_resistance_string_tests.CreateFormattedResistanceStringTests" name="testCreateFormattedResistanceStringFourBandBlueVioletRedGold" time="0.000" timestamp="2018-10-19T20:32:58"/>
	<testcase classname="create_formatted_resistance_string_tests.CreateFormattedResistanceStringTests" name="testCreateFormattedResistanceStringFourBandBlueVioletRedGreen" time="0.000" timestamp="2018-10-19T20:32:58"/>
	<testcase classname="create_formatted_resistance_string_tests.CreateFormattedResistanceStringTests" name="testCreateFormattedResistanceStringFourBandBlueVioletRedGrey" time="0.000" timestamp="2018-10-19T20:32:58"/>
	<testcase classname="create_formatted_resistance_string_tests.CreateFormattedResistanceStringTests" name="testCreateFormattedResistanceStringFourBandBlueVioletRedNone" time="0.000" timestamp="2018-10-19T20:32:58"/>
	<testcase classname="create_formatted_resistance_string_tests.CreateFormattedResistanceStringTests" name="testCreateFormattedResistanceStringFourBandBlueVioletRedRed" time="0.000" timestamp="2018-10-19T20:32:58"/>
	<testcase classname="create_formatted_resistance_string_tests.CreateFormattedResistanceStringTests" name="testCreateFormattedResistanceStringFourBandBlueVioletRedSilver" time="0.000" timestamp="2018-10-19T20:32:58"/>
	<testcase classname="create_formatted_resistance_string_tests.CreateFormattedResistanceStringTests" name="testCreateFormattedResistanceStringFourBandBlueVioletRedViolet" time="0.000" timestamp="2018-10-19T20:32:58"/>
	<testcase classname="create_formatted_resistance_string_tests.CreateFormattedResistanceStringTests" name="testCreateFormattedResistanceStringFourBandBlueVioletSilverBlue" time="0.000" timestamp="2018-10-19T20:32:58"/>
	<testcase classname="create_formatted_resistance_string_tests.CreateFormattedResistanceStringTests" name="testCreateFormattedResistanceStringFourBandBlueVioletSilverBrown" time="0.000" timestamp="2018-10-19T20:32:58"/>
	<testcase classname="create_formatted_resistance_string_tests.CreateFormattedResistanceStringTests" name="testCreateFormattedResistanceStringFourBandBlueVioletSilverGold" time="0.000" timestamp="2018-10-19T20:32:58"/>
	<testcase classname="create_formatted_resistance_string_tests.CreateFormattedResistanceStringTests" name="testCreateFormattedResistanceStringFourBandBlueVioletSilverGreen" time="0.000" timestamp="2018-10-19T20:32:58"/>
	<testcase classname="create_formatted_resistance_string_tests.CreateFormattedResistanceStringTests" name="testCreateFormattedResistanceStringFourBandBlueVioletSilverGrey" time="0.000" timestamp="2018-10-19T20:32:58"/>
	<testcase classname="create_formatted_resistance_string_tests.CreateFormattedResistanceStringTests" name="testCreateFormattedResistanceStringFourBandBlueVioletSilverNone" time="0.000" timestamp="2018-10-19T20:32:58"/>
	<testcase classname="create_formatted_resistance_string_tests.CreateFormattedResistanceStringTests" name="testCreateFormattedResistanceStringFourBandBlueVioletSilverRed" time="0.000" timestamp="2018-10-19T20:32:58"/>
	<testcase classname="create_formatted_resistance_string_tests.CreateFormattedResistanceStringTests" name="testCreateFormattedResistanceStringFourBandBlueVioletSilverSilver" time="0.000" timestamp="2018-10-19T20:32:58"/>
	<testcase classname="create_formatted_resistance_string_tests.CreateFormattedResistanceStringTests" name="testCreateFormattedResistanceStringFourBandBlueVioletSilverViolet" time="0.000" timestamp="2018-10-19T20:32:58"/>
	<testcase classname="create_formatted_resistance_string_tests.CreateFormattedResistanceStringTests" name="testCreateFormattedResistanceStringFourBandBlueVioletVioletBlue" time="0.000" timestamp="2018-10-19T20:32:58"/>
	<testcase classname="create_formatted_resistance_string_tests.CreateFormattedResistanceStringTests" name="testCreateFormattedResistanceStringFourBandBlueVioletVioletBrown" time="0.000" timestamp="2018-10-19T20:32:58"/>
	<testcase classname="create_formatted_resistance_string_tests.CreateFormattedResistanceStringTests" name="testCreateFormattedResistanceStringFourBandBlueVioletVioletGold" time="0.000" timestamp="2018-10-19T20:32:58"/>
	<testcase classname="create_formatted_resistance_string_tests.CreateFormattedResistanceStringTests" name="testCreateFormattedResistanceStringFourBandBlueVioletVioletGreen" time="0.000" timestamp="2018-10-19T20:32:58"/>
	<testcase classname="create_formatted_resistance_string_tests.CreateFormattedResistanceStringTests" name="testCreateFormattedResistanceStringFourBandBlueVioletVioletGrey" time="0.000" timestamp="2018-10-19T20:32:58"/>
	<testcase classname="create_formatted_resistance_string_tests.CreateFormattedResistanceStringTests" name="testCreateFormattedResistanceStringFourBandBlueVioletVioletNone" time="0.000" timestamp="2018-10-19T20:32:58"/>
	<testcase classname="create_formatted_resistance_string_tests.CreateFormattedResistanceStringTests" name="testCreateFormattedResistanceStringFourBandBlueVioletVioletRed" time="0.000" timestamp="2018-10-19T20:32:58"/>
	<testcase classname="create_formatted_resistance_string_tests.CreateFormattedResistanceStringTests" name="testCreateFormattedResistanceStringFourBandBlueVioletVioletSilver" time="0.000" timestamp="2018-10-19T20:32:58"/>
	<testcase classname="create_formatted_resistance_string_tests.CreateFormattedResistanceStringTests" name="testCreateFormattedResistanceStringFourBandBlueVioletVioletViolet" time="0.000" timestamp="2018-10-19T20:32:58"/>
	<testcase classname="create_formatted_resistance_string_tests.CreateFormattedResistanceStringTests" name="testCreateFormattedResistanceStringFourBandBlueVioletWhiteBlue" time="0.000" timestamp="2018-10-19T20:32:58"/>
	<testcase classname="create_formatted_resistance_string_tests.CreateFormattedResistanceStringTests" name="testCreateFormattedResistanceStringFourBandBlueVioletWhiteBrown" time="0.000" timestamp="2018-10-19T20:32:58"/>
	<testcase classname="create_formatted_resistance_string_tests.CreateFormattedResistanceStringTests" name="testCreateFormattedResistanceStringFourBandBlueVioletWhiteGold" time="0.000" timestamp="2018-10-19T20:32:58"/>
	<testcase classname="create_formatted_resistance_string_tests.CreateFormattedResistanceStringTests" name="testCreateFormattedResistanceStringFourBandBlueVioletWhiteGreen" time="0.000" timestamp="2018-10-19T20:32:58"/>
	<testcase classname="create_formatted_resistance_string_tests.CreateFormattedResistanceStringTests" name="testCreateFormattedResistanceStringFourBandBlueVioletWhiteGrey" time="0.000" timestamp="2018-10-19T20:32:58"/>
	<testcase classname="create_formatted_resistance_string_tests.CreateFormattedResistanceStringTests" name="testCreateFormattedResistanceStringFourBandBlueVioletWhiteNone" time="0.000" timestamp="2018-10-19T20:32:58"/>
	<testcase classname="create_formatted_resistance_string_tests.CreateFormattedResistanceStringTests" name="testCreateFormattedResistanceStringFourBandBlueVioletWhiteRed" time="0.000" timestamp="2018-10-19T20:32:58"/>
	<testcase classname="create_formatted_resistance_string_tests.CreateFormattedResistanceStringTests" name="testCreateFormattedResistanceStringFourBandBlueVioletWhiteSilver" time="0.000" timestamp="2018-10-19T20:32:58"/>
	<testcase classname="create_formatted_resistance_string_tests.CreateFormattedResistanceStringTests" name="testCreateFormattedResistanceStringFourBandBlueVioletWhiteViolet" time="0.000" timestamp="2018-10-19T20:32:58"/>
	<testcase classname="create_formatted_resistance_string_tests.CreateFormattedResistanceStringTests" name="testCreateFormattedResistanceStringFourBandBlueVioletYellowBlue" time="0.000" timestamp="2018-10-19T20:32:58"/>
	<testcase classname="create_formatted_resistance_string_tests.CreateFormattedResistanceStringTests" name="testCreateFormattedResistanceStringFourBandBlueVioletYellowBrown" time="0.000" timestamp="2018-10-19T20:32:58"/>
	<testcase classname="create_formatted_resistance_string_tests.CreateFormattedResistanceStringTests" name="testCreateFormattedResistanceStringFourBandBlueVioletYellowGold" time="0.000" timestamp="2018-10-19T20:32:58"/>
	<testcase classname="create_formatted_resistance_string_tests.CreateFormattedResistanceStringTests" name="testCreateFormattedResistanceStringFourBandBlueVioletYellowGreen" time="0.000" timestamp="2018-10-19T20:32:58"/>
	<testcase classname="create_formatted_resistance_string_tests.CreateFormattedResistanceStringTests" name="testCreateFormattedResistanceStringFourBandBlueVioletYellowGrey" time="0.000" timestamp="2018-10-19T20:32:58"/>
	<testcase classname="create_formatted_resistance_string_tests.CreateFormattedResistanceStringTests" name="testCreateFormattedResistanceStringFourBandBlueVioletYellowNone" time="0.000" timestamp="2018-10-19T20:32:58"/>
	<testcase classname="create_formatted_resistance_string_tests.CreateFormattedResistanceStringTests" name="testCreateFormattedResistanceStringFourBandBlueVioletYellowRed" time="0.000" timestamp="2018-10-19T20:32:58"/>
	<testcase classname="create_formatted_resistance_string_tests.CreateFormattedResistanceStringTests" name="testCreateFormattedResistanceStringFourBandBlueVioletYellowSilver" time="0.000" timestamp="2018-10-19T20:32:58"/>
	<testcase classname="create_formatted_resistance_string_tests.CreateFormattedResistanceStringTests" name="testCreateFormattedResistanceStringFourBandBlueVioletYellowViolet" time="0.000" timestamp="2018-10-19T20:32:58"/>
	<testcase classname="create_formatted_resistance_string_tests.CreateFormattedResistanceStringTests" name="testCreateFormattedResistanceStringFourBandBlueWhiteBlackBlue" time="0.000" timestamp="2018-10-19T20:32:58"/>
	<testcase classname="create_formatted_resistance_string_tests.CreateFormattedResistanceStringTests" name="testCreateFormattedResistanceStringFourBandBlueWhiteBlackBrown" time="0.000" timestamp="2018-10-19T20:32:58"/>
	<testcase classname="create_formatted_resistance_string_tests.CreateFormattedResistanceStringTests" name="testCreateFormattedResistanceStringFourBandBlueWhiteBlackGold" time="0.000" timestamp="2018-10-19T20:32:58"/>
	<testcase classname="create_formatted_resistance_string_tests.CreateFormattedResistanceStringTests" name="testCreateFormattedResistanceStringFourBandBlueWhiteBlackGreen" time="0.000" timestamp="2018-10-19T20:32:58"/>
	<testcase classname="create_formatted_resistance_string_tests.CreateFormattedResistanceStringTests" name="testCreateFormattedResistanceStringFourBandBlueWhiteBlackGrey" time="0.000" timestamp="2018-10-19T20:32:58"/>
	<testcase classname="create_formatted_resistance_string_tests.CreateFormattedResistanceStringTests" name="testCreateFormattedResistanceStringFourBandBlueWhiteBlackNone" time="0.000" timestamp="2018-10-19T20:32:58"/>
	<testcase classname="create_formatted_resistance_string_tests.CreateFormattedResistanceStringTests" name="testCreateFormattedResistanceStringFourBandBlueWhiteBlackRed" time="0.000" timestamp="2018-10-19T20:32:58"/>
	<testcase classname="create_formatted_resistance_string_tests.CreateFormattedResistanceStringTests" name="testCreateFormattedResistanceStringFourBandBlueWhiteBlackSilver" time="0.000" timestamp="2018-10-19T20:32:58"/>
	<testcase classname="create_formatted_resistance_string_tests.CreateFormattedResistanceStringTests" name="testCreateFormattedResistanceStringFourBandBlueWhiteBlackViolet" time="0.000" timestamp="2018-10-19T20:32:58"/>
	<testcase classname="create_formatted_resistance_string_tests.CreateFormattedResistanceStringTests" name="testCreateFormattedResistanceStringFourBandBlueWhiteBlueBlue" time="0.000" timestamp="2018-10-19T20:32:58"/>
	<testcase classname="create_formatted_resistance_string_tests.CreateFormattedResistanceStringTests" name="testCreateFormattedResistanceStringFourBandBlueWhiteBlueBrown" time="0.000" timestamp="2018-10-19T20:32:58"/>
	<testcase classname="create_formatted_resistance_string_tests.CreateFormattedResistanceStringTests" name="testCreateFormattedResistanceStringFourBandBlueWhiteBlueGold" time="0.000" timestamp="2018-10-19T20:32:58"/>
	<testcase classname="create_formatted_resistance_string_tests.CreateFormattedResistanceStringTests" name="testCreateFormattedResistanceStringFourBandBlueWhiteBlueGreen" time="0.000" timestamp="2018-10-19T20:32:58"/>
	<testcase classname="create_formatted_resistance_string_tests.CreateFormattedResistanceStringTests" name="testCreateFormattedResistanceStringFourBandBlueWhiteBlueGrey" time="0.000" timestamp="2018-10-19T20:32:58"/>
	<testcase classname="create_formatted_resistance_string_tests.CreateFormattedResistanceStringTests" name="testCreateFormattedResistanceStringFourBandBlueWhiteBlueNone" time="0.000" timestamp="2018-10-19T20:32:58"/>
	<testcase classname="create_formatted_resistance_string_tests.CreateFormattedResistanceStringTests" name="testCreateFormattedResistanceStringFourBandBlueWhiteBlueRed" time="0.000" timestamp="2018-10-19T20:32:58"/>
	<testcase classname="create_formatted_resistance_string_tests.CreateFormattedResistanceStringTests" name="testCreateFormattedResistanceStringFourBandBlueWhiteBlueSilver" time="0.000" timestamp="2018-10-19T20:32:58"/>
	<testcase classname="create_formatted_resistance_string_tests.CreateFormattedResistanceStringTests" name="testCreateFormattedResistanceStringFourBandBlueWhiteBlueViolet" time="0.000" timestamp="2018-10-19T20:32:58"/>
	<testcase classname="create_formatted_resistance_string_tests.CreateFormattedResistanceStringTests" name="testCreateFormattedResistanceStringFourBandBlueWhiteBrownBlue" time="0.000" timestamp="2018-10-19T20:32:58"/>
	<testcase classname="create_formatted_resistance_string_tests.CreateFormattedResistanceStringTests" name="testCreateFormattedResistanceStringFourBandBlueWhiteBrownBrown" time="0.000" timestamp="2018-10-19T20:32:58"/>
	<testcase classname="create_formatted_resistance_string_tests.CreateFormattedResistanceStringTests" name="testCreateFormattedResistanceStringFourBandBlueWhiteBrownGold" time="0.000" timestamp="2018-10-19T20:32:58"/>
	<testcase classname="create_formatted_resistance_string_tests.CreateFormattedResistanceStringTests" name="testCreateFormattedResistanceStringFourBandBlueWhiteBrownGreen" time="0.000" timestamp="2018-10-19T20:32:58"/>
	<testcase classname="create_formatted_resistance_string_tests.CreateFormattedResistanceStringTests" name="testCreateFormattedResistanceStringFourBandBlueWhiteBrownGrey" time="0.000" timestamp="2018-10-19T20:32:58"/>
	<testcase classname="create_formatted_resistance_string_tests.CreateFormattedResistanceStringTests" name="testCreateFormattedResistanceStringFourBandBlueWhiteBrownNone" time="0.000" timestamp="2018-10-19T20:32:58"/>
	<testcase classname="create_formatted_resistance_string_tests.CreateFormattedResistanceStringTests" name="testCreateFormattedResistanceStringFourBandBlueWhiteBrownRed" time="0.000" timestamp="2018-10-19T20:32:58"/>
	<testcase classname="create_formatted_resistance_string_tests.CreateFormattedResistanceStringTests" name="testCreateFormattedResistanceStringFourBandBlueWhiteBrownSilver" time="0.000" timestamp="2018-10-19T20:32:58"/>
	<testcase classname="create_formatted_resistance_string_tests.CreateFormattedResistanceStringTests" name="testCreateFormattedResistanceStringFourBandBlueWhiteBrownViolet" time="0.000" timestamp="2018-10-19T20:32:58"/>
	<testcase classname="create_formatted_resistance_string_tests.CreateFormattedResistanceStringTests" name="testCreateFormattedResistanceStringFourBandBlueWhiteGoldBlue" time="0.000" timestamp="2018-10-19T20:32:58"/>
	<testcase classname="create_formatted_resistance_string_tests.CreateFormattedResistanceStringTests" name="testCreateFormattedResistanceStringFourBandBlueWhiteGoldBrown" time="0.000" timestamp="2018-10-19T20:32:58"/>
	<testcase classname="create_formatted_resistance_string_tests.CreateFormattedResistanceStringTests" name="testCreateFormattedResistanceStringFourBandBlueWhiteGoldGold" time="0.000" timestamp="2018-10-19T20:32:58"/>
	<testcase classname="create_formatted_resistance_string_tests.CreateFormattedResistanceStringTests" name="testCreateFormattedResistanceStringFourBandBlueWhiteGoldGreen" time="0.000" timestamp="2018-10-19T20:32:58"/>
	<testcase classname="create_formatted_resistance_string_tests.CreateFormattedResistanceStringTests" name="testCreateFormattedResistanceStringFourBandBlueWhiteGoldGrey" time="0.000" timestamp="2018-10-19T20:32:58"/>
	<testcase classname="create_formatted_resistance_string_tests.CreateFormattedResistanceStringTests" name="testCreateFormattedResistanceStringFourBandBlueWhiteGoldNone" time="0.000" timestamp="2018-10-19T20:32:58"/>
	<testcase classname="create_formatted_resistance_string_tests.CreateFormattedResistanceStringTests" name="testCreateFormattedResistanceStringFourBandBlueWhiteGoldRed" time="0.000" timestamp="2018-10-19T20:32:58"/>
	<testcase classname="create_formatted_resistance_string_tests.CreateFormattedResistanceStringTests" name="testCreateFormattedResistanceStringFourBandBlueWhiteGoldSilver" time="0.000" timestamp="2018-10-19T20:32:58"/>
	<testcase classname="create_formatted_resistance_string_tests.CreateFormattedResistanceStringTests" name="testCreateFormattedResistanceStringFourBandBlueWhiteGoldViolet" time="0.000" timestamp="2018-10-19T20:32:58"/>
	<testcase classname="create_formatted_resistance_string_tests.CreateFormattedResistanceStringTests" name="testCreateFormattedResistanceStringFourBandBlueWhiteGreenBlue" time="0.000" timestamp="2018-10-19T20:32:58"/>
	<testcase classname="create_formatted_resistance_string_tests.CreateFormattedResistanceStringTests" name="testCreateFormattedResistanceStringFourBandBlueWhiteGreenBrown" time="0.000" timestamp="2018-10-19T20:32:58"/>
	<testcase classname="create_formatted_resistance_string_tests.CreateFormattedResistanceStringTests" name="testCreateFormattedResistanceStringFourBandBlueWhiteGreenGold" time="0.000" timestamp="2018-10-19T20:32:58"/>
	<testcase classname="create_formatted_resistance_string_tests.CreateFormattedResistanceStringTests" name="testCreateFormattedResistanceStringFourBandBlueWhiteGreenGreen" time="0.000" timestamp="2018-10-19T20:32:58"/>
	<testcase classname="create_formatted_resistance_string_tests.CreateFormattedResistanceStringTests" name="testCreateFormattedResistanceStringFourBandBlueWhiteGreenGrey" time="0.000" timestamp="2018-10-19T20:32:58"/>
	<testcase classname="create_formatted_resistance_string_tests.CreateFormattedResistanceStringTests" name="testCreateFormattedResistanceStringFourBandBlueWhiteGreenNone" time="0.000" timestamp="2018-10-19T20:32:58"/>
	<testcase classname="create_formatted_resistance_string_tests.CreateFormattedResistanceStringTests" name="testCreateFormattedResistanceStringFourBandBlueWhiteGreenRed" time="0.000" timestamp="2018-10-19T20:32:58"/>
	<testcase classname="create_formatted_resistance_string_tests.CreateFormattedResistanceStringTests" name="testCreateFormattedResistanceStringFourBandBlueWhiteGreenSilver" time="0.000" timestamp="2018-10-19T20:32:58"/>
	<testcase classname="create_formatted_resistance_string_tests.CreateFormattedResistanceStringTests" name="testCreateFormattedResistanceStringFourBandBlueWhiteGreenViolet" time="0.000" timestamp="2018-10-19T20:32:58"/>
	<testcase classname="create_formatted_resistance_string_tests.CreateFormattedResistanceStringTests" name="testCreateFormattedResistanceStringFourBandBlueWhiteGreyBlue" time="0.000" timestamp="2018-10-19T20:32:58"/>
	<testcase classname="create_formatted_resistance_string_tests.CreateFormattedResistanceStringTests" name="testCreateFormattedResistanceStringFourBandBlueWhiteGreyBrown" time="0.000" timestamp="2018-10-19T20:32:58"/>
	<testcase classname="create_formatted_resistance_string_tests.CreateFormattedResistanceStringTests" name="testCreateFormattedResistanceStringFourBandBlueWhiteGreyGold" time="0.000" timestamp="2018-10-19T20:32:58"/>
	<testcase classname="create_formatted_resistance_string_tests.CreateFormattedResistanceStringTests" name="testCreateFormattedResistanceStringFourBandBlueWhiteGreyGreen" time="0.000" timestamp="2018-10-19T20:32:58"/>
	<testcase classname="create_formatted_resistance_string_tests.CreateFormattedResistanceStringTests" name="testCreateFormattedResistanceStringFourBandBlueWhiteGreyGrey" time="0.000" timestamp="2018-10-19T20:32:58"/>
	<testcase classname="create_formatted_resistance_string_tests.CreateFormattedResistanceStringTests" name="testCreateFormattedResistanceStringFourBandBlueWhiteGreyNone" time="0.000" timestamp="2018-10-19T20:32:58"/>
	<testcase classname="create_formatted_resistance_string_tests.CreateFormattedResistanceStringTests" name="testCreateFormattedResistanceStringFourBandBlueWhiteGreyRed" time="0.000" timestamp="2018-10-19T20:32:58"/>
	<testcase classname="create_formatted_resistance_string_tests.CreateFormattedResistanceStringTests" name="testCreateFormattedResistanceStringFourBandBlueWhiteGreySilver" time="0.000" timestamp="2018-10-19T20:32:58"/>
	<testcase classname="create_formatted_resistance_string_tests.CreateFormattedResistanceStringTests" name="testCreateFormattedResistanceStringFourBandBlueWhiteGreyViolet" time="0.000" timestamp="2018-10-19T20:32:58"/>
	<testcase classname="create_formatted_resistance_string_tests.CreateFormattedResistanceStringTests" name="testCreateFormattedResistanceStringFourBandBlueWhiteOrangeBlue" time="0.000" timestamp="2018-10-19T20:32:58"/>
	<testcase classname="create_formatted_resistance_string_tests.CreateFormattedResistanceStringTests" name="testCreateFormattedResistanceStringFourBandBlueWhiteOrangeBrown" time="0.000" timestamp="2018-10-19T20:32:58"/>
	<testcase classname="create_formatted_resistance_string_tests.CreateFormattedResistanceStringTests" name="testCreateFormattedResistanceStringFourBandBlueWhiteOrangeGold" time="0.000" timestamp="2018-10-19T20:32:58"/>
	<testcase classname="create_formatted_resistance_string_tests.CreateFormattedResistanceStringTests" name="testCreateFormattedResistanceStringFourBandBlueWhiteOrangeGreen" time="0.000" timestamp="2018-10-19T20:32:58"/>
	<testcase classname="create_formatted_resistance_string_tests.CreateFormattedResistanceStringTests" name="testCreateFormattedResistanceStringFourBandBlueWhiteOrangeGrey" time="0.000" timestamp="2018-10-19T20:32:58"/>
	<testcase classname="create_formatted_resistance_string_tests.CreateFormattedResistanceStringTests" name="testCreateFormattedResistanceStringFourBandBlueWhiteOrangeNone" time="0.000" timestamp="2018-10-19T20:32:58"/>
	<testcase classname="create_formatted_resistance_string_tests.CreateFormattedResistanceStringTests" name="testCreateFormattedResistanceStringFourBandBlueWhiteOrangeRed" time="0.000" timestamp="2018-10-19T20:32:58"/>
	<testcase classname="create_formatted_resistance_string_tests.CreateFormattedResistanceStringTests" name="testCreateFormattedResistanceStringFourBandBlueWhiteOrangeSilver" time="0.000" timestamp="2018-10-19T20:32:58"/>
	<testcase classname="create_formatted_resistance_string_tests.CreateFormattedResistanceStringTests" name="testCreateFormattedResistanceStringFourBandBlueWhiteOrangeViolet" time="0.000" timestamp="2018-10-19T20:32:58"/>
	<testcase classname="create_formatted_resistance_string_tests.CreateFormattedResistanceStringTests" name="testCreateFormattedResistanceStringFourBandBlueWhiteRedBlue" time="0.000" timestamp="2018-10-19T20:32:58"/>
	<testcase classname="create_formatted_resistance_string_tests.CreateFormattedResistanceStringTests" name="testCreateFormattedResistanceStringFourBandBlueWhiteRedBrown" time="0.000" timestamp="2018-10-19T20:32:58"/>
	<testcase classname="create_formatted_resistance_string_tests.CreateFormattedResistanceStringTests" name="testCreateFormattedResistanceStringFourBandBlueWhiteRedGold" time="0.000" timestamp="2018-10-19T20:32:58"/>
	<testcase classname="create_formatted_resistance_string_tests.CreateFormattedResistanceStringTests" name="testCreateFormattedResistanceStringFourBandBlueWhiteRedGreen" time="0.000" timestamp="2018-10-19T20:32:58"/>
	<testcase classname="create_formatted_resistance_string_tests.CreateFormattedResistanceStringTests" name="testCreateFormattedResistanceStringFourBandBlueWhiteRedGrey" time="0.000" timestamp="2018-10-19T20:32:58"/>
	<testcase classname="create_formatted_resistance_string_tests.CreateFormattedResistanceStringTests" name="testCreateFormattedResistanceStringFourBandBlueWhiteRedNone" time="0.000" timestamp="2018-10-19T20:32:58"/>
	<testcase classname="create_formatted_resistance_string_tests.CreateFormattedResistanceStringTests" name="testCreateFormattedResistanceStringFourBandBlueWhiteRedRed" time="0.000" timestamp="2018-10-19T20:32:58"/>
	<testcase classname="create_formatted_resistance_string_tests.CreateFormattedResistanceStringTests" name="testCreateFormattedResistanceStringFourBandBlueWhiteRedSilver" time="0.000" timestamp="2018-10-19T20:32:58"/>
	<testcase classname="create_formatted_resistance_string_tests.CreateFormattedResistanceStringTests" name="testCreateFormattedResistanceStringFourBandBlueWhiteRedViolet" time="0.000" timestamp="2018-10-19T20:32:58"/>
	<testcase classname="create_formatted_resistance_string_tests.CreateFormattedResistanceStringTests" name="testCreateFormattedResistanceStringFourBandBlueWhiteSilverBlue" time="0.000" timestamp="2018-10-19T20:32:58"/>
	<testcase classname="create_formatted_resistance_string_tests.CreateFormattedResistanceStringTests" name="testCreateFormattedResistanceStringFourBandBlueWhiteSilverBrown" time="0.000" timestamp="2018-10-19T20:32:58"/>
	<testcase classname="create_formatted_resistance_string_tests.CreateFormattedResistanceStringTests" name="testCreateFormattedResistanceStringFourBandBlueWhiteSilverGold" time="0.000" timestamp="2018-10-19T20:32:58"/>
	<testcase classname="create_formatted_resistance_string_tests.CreateFormattedResistanceStringTests" name="testCreateFormattedResistanceStringFourBandBlueWhiteSilverGreen" time="0.000" timestamp="2018-10-19T20:32:58"/>
	<testcase classname="create_formatted_resistance_string_tests.CreateFormattedResistanceStringTests" name="testCreateFormattedResistanceStringFourBandBlueWhiteSilverGrey" time="0.000" timestamp="2018-10-19T20:32:58"/>
	<testcase classname="create_formatted_resistance_string_tests.CreateFormattedResistanceStringTests" name="testCreateFormattedResistanceStringFourBandBlueWhiteSilverNone" time="0.000" timestamp="2018-10-19T20:32:58"/>
	<testcase classname="create_formatted_resistance_string_tests.CreateFormattedResistanceStringTests" name="testCreateFormattedResistanceStringFourBandBlueWhiteSilverRed" time="0.000" timestamp="2018-10-19T20:32:58"/>
	<testcase classname="create_formatted_resistance_string_tests.CreateFormattedResistanceStringTests" name="testCreateFormattedResistanceStringFourBandBlueWhiteSilverSilver" time="0.000" timestamp="2018-10-19T20:32:58"/>
	<testcase classname="create_formatted_resistance_string_tests.CreateFormattedResistanceStringTests" name="testCreateFormattedResistanceStringFourBandBlueWhiteSilverViolet" time="0.000" timestamp="2018-10-19T20:32:58"/>
	<testcase classname="create_formatted_resistance_string_tests.CreateFormattedResistanceStringTests" name="testCreateFormattedResistanceStringFourBandBlueWhiteVioletBlue" time="0.000" timestamp="2018-10-19T20:32:58"/>
	<testcase classname="create_formatted_resistance_string_tests.CreateFormattedResistanceStringTests" name="testCreateFormattedResistanceStringFourBandBlueWhiteVioletBrown" time="0.000" timestamp="2018-10-19T20:32:58"/>
	<testcase classname="create_formatted_resistance_string_tests.CreateFormattedResistanceStringTests" name="testCreateFormattedResistanceStringFourBandBlueWhiteVioletGold" time="0.000" timestamp="2018-10-19T20:32:58"/>
	<testcase classname="create_formatted_resistance_string_tests.CreateFormattedResistanceStringTests" name="testCreateFormattedResistanceStringFourBandBlueWhiteVioletGreen" time="0.000" timestamp="2018-10-19T20:32:58"/>
	<testcase classname="create_formatted_resistance_string_tests.CreateFormattedResistanceStringTests" name="testCreateFormattedResistanceStringFourBandBlueWhiteVioletGrey" time="0.000" timestamp="2018-10-19T20:32:58"/>
	<testcase classname="create_formatted_resistance_string_tests.CreateFormattedResistanceStringTests" name="testCreateFormattedResistanceStringFourBandBlueWhiteVioletNone" time="0.000" timestamp="2018-10-19T20:32:58"/>
	<testcase classname="create_formatted_resistance_string_tests.CreateFormattedResistanceStringTests" name="testCreateFormattedResistanceStringFourBandBlueWhiteVioletRed" time="0.000" timestamp="2018-10-19T20:32:58"/>
	<testcase classname="create_formatted_resistance_string_tests.CreateFormattedResistanceStringTests" name="testCreateFormattedResistanceStringFourBandBlueWhiteVioletSilver" time="0.000" timestamp="2018-10-19T20:32:58"/>
	<testcase classname="create_formatted_resistance_string_tests.CreateFormattedResistanceStringTests" name="testCreateFormattedResistanceStringFourBandBlueWhiteVioletViolet" time="0.000" timestamp="2018-10-19T20:32:58"/>
	<testcase classname="create_formatted_resistance_string_tests.CreateFormattedResistanceStringTests" name="testCreateFormattedResistanceStringFourBandBlueWhiteWhiteBlue" time="0.000" timestamp="2018-10-19T20:32:58"/>
	<testcase classname="create_formatted_resistance_string_tests.CreateFormattedResistanceStringTests" name="testCreateFormattedResistanceStringFourBandBlueWhiteWhiteBrown" time="0.000" timestamp="2018-10-19T20:32:58"/>
	<testcase classname="create_formatted_resistance_string_tests.CreateFormattedResistanceStringTests" name="testCreateFormattedResistanceStringFourBandBlueWhiteWhiteGold" time="0.000" timestamp="2018-10-19T20:32:58"/>
	<testcase classname="create_formatted_resistance_string_tests.CreateFormattedResistanceStringTests" name="testCreateFormattedResistanceStringFourBandBlueWhiteWhiteGreen" time="0.000" timestamp="2018-10-19T20:32:58"/>
	<testcase classname="create_formatted_resistance_string_tests.CreateFormattedResistanceStringTests" name="testCreateFormattedResistanceStringFourBandBlueWhiteWhiteGrey" time="0.000" timestamp="2018-10-19T20:32:58"/>
	<testcase classname="create_formatted_resistance_string_tests.CreateFormattedResistanceStringTests" name="testCreateFormattedResistanceStringFourBandBlueWhiteWhiteNone" time="0.000" timestamp="2018-10-19T20:32:58"/>
	<testcase classname="create_formatted_resistance_string_tests.CreateFormattedResistanceStringTests" name="testCreateFormattedResistanceStringFourBandBlueWhiteWhiteRed" time="0.000" timestamp="2018-10-19T20:32:58"/>
	<testcase classname="create_formatted_resistance_string_tests.CreateFormattedResistanceStringTests" name="testCreateFormattedResistanceStringFourBandBlueWhiteWhiteSilver" time="0.000" timestamp="2018-10-19T20:32:58"/>
	<testcase classname="create_formatted_resistance_string_tests.CreateFormattedResistanceStringTests" name="testCreateFormattedResistanceStringFourBandBlueWhiteWhiteViolet" time="0.000" timestamp="2018-10-19T20:32:58"/>
	<testcase classname="create_formatted_resistance_string_tests.CreateFormattedResistanceStringTests" name="testCreateFormattedResistanceStringFourBandBlueWhiteYellowBlue" time="0.000" timestamp="2018-10-19T20:32:58"/>
	<testcase classname="create_formatted_resistance_string_tests.CreateFormattedResistanceStringTests" name="testCreateFormattedResistanceStringFourBandBlueWhiteYellowBrown" time="0.000" timestamp="2018-10-19T20:32:58"/>
	<testcase classname="create_formatted_resistance_string_tests.CreateFormattedResistanceStringTests" name="testCreateFormattedResistanceStringFourBandBlueWhiteYellowGold" time="0.000" timestamp="2018-10-19T20:32:58"/>
	<testcase classname="create_formatted_resistance_string_tests.CreateFormattedResistanceStringTests" name="testCreateFormattedResistanceStringFourBandBlueWhiteYellowGreen" time="0.000" timestamp="2018-10-19T20:32:58"/>
	<testcase classname="create_formatted_resistance_string_tests.CreateFormattedResistanceStringTests" name="testCreateFormattedResistanceStringFourBandBlueWhiteYellowGrey" time="0.000" timestamp="2018-10-19T20:32:58"/>
	<testcase classname="create_formatted_resistance_string_tests.CreateFormattedResistanceStringTests" name="testCreateFormattedResistanceStringFourBandBlueWhiteYellowNone" time="0.000" timestamp="2018-10-19T20:32:58"/>
	<testcase classname="create_formatted_resistance_string_tests.CreateFormattedResistanceStringTests" name="testCreateFormattedResistanceStringFourBandBlueWhiteYellowRed" time="0.000" timestamp="2018-10-19T20:32:58"/>
	<testcase classname="create_formatted_resistance_string_tests.CreateFormattedResistanceStringTests" name="testCreateFormattedResistanceStringFourBandBlueWhiteYellowSilver" time="0.000" timestamp="2018-10-19T20:32:58"/>
	<testcase classname="create_formatted_resistance_string_tests.CreateFormattedResistanceStringTests" name="testCreateFormattedResistanceStringFourBandBlueWhiteYellowViolet" time="0.000" timestamp="2018-10-19T20:32:58"/>
	<testcase classname="create_formatted_resistance_string_tests.CreateFormattedResistanceStringTests" name="testCreateFormattedResistanceStringFourBandBlueYellowBlackBlue" time="0.000" timestamp="2018-10-19T20:32:58"/>
	<testcase classname="create_formatted_resistance_string_tests.CreateFormattedResistanceStringTests" name="testCreateFormattedResistanceStringFourBandBlueYellowBlackBrown" time="0.000" timestamp="2018-10-19T20:32:58"/>
	<testcase classname="create_formatted_resistance_string_tests.CreateFormattedResistanceStringTests" name="testCreateFormattedResistanceStringFourBandBlueYellowBlackGold" time="0.000" timestamp="2018-10-19T20:32:58"/>
	<testcase classname="create_formatted_resistance_string_tests.CreateFormattedResistanceStringTests" name="testCreateFormattedResistanceStringFourBandBlueYellowBlackGreen" time="0.000" timestamp="2018-10-19T20:32:58"/>
	<testcase classname="create_formatted_resistance_string_tests.CreateFormattedResistanceStringTests" name="testCreateFormattedResistanceStringFourBandBlueYellowBlackGrey" time="0.000" timestamp="2018-10-19T20:32:58"/>
	<testcase classname="create_formatted_resistance_string_tests.CreateFormattedResistanceStringTests" name="testCreateFormattedResistanceStringFourBandBlueYellowBlackNone" time="0.000" timestamp="2018-10-19T20:32:58"/>
	<testcase classname="create_formatted_resistance_string_tests.CreateFormattedResistanceStringTests" name="testCreateFormattedResistanceStringFourBandBlueYellowBlackRed" time="0.000" timestamp="2018-10-19T20:32:58"/>
	<testcase classname="create_formatted_resistance_string_tests.CreateFormattedResistanceStringTests" name="testCreateFormattedResistanceStringFourBandBlueYellowBlackSilver" time="0.000" timestamp="2018-10-19T20:32:58"/>
	<testcase classname="create_formatted_resistance_string_tests.CreateFormattedResistanceStringTests" name="testCreateFormattedResistanceStringFourBandBlueYellowBlackViolet" time="0.000" timestamp="2018-10-19T20:32:58"/>
	<testcase classname="create_formatted_resistance_string_tests.CreateFormattedResistanceStringTests" name="testCreateFormattedResistanceStringFourBandBlueYellowBlueBlue" time="0.000" timestamp="2018-10-19T20:32:58"/>
	<testcase classname="create_formatted_resistance_string_tests.CreateFormattedResistanceStringTests" name="testCreateFormattedResistanceStringFourBandBlueYellowBlueBrown" time="0.000" timestamp="2018-10-19T20:32:58"/>
	<testcase classname="create_formatted_resistance_string_tests.CreateFormattedResistanceStringTests" name="testCreateFormattedResistanceStringFourBandBlueYellowBlueGold" time="0.000" timestamp="2018-10-19T20:32:58"/>
	<testcase classname="create_formatted_resistance_string_tests.CreateFormattedResistanceStringTests" name="testCreateFormattedResistanceStringFourBandBlueYellowBlueGreen" time="0.000" timestamp="2018-10-19T20:32:58"/>
	<testcase classname="create_formatted_resistance_string_tests.CreateFormattedResistanceStringTests" name="testCreateFormattedResistanceStringFourBandBlueYellowBlueGrey" time="0.000" timestamp="2018-10-19T20:32:58"/>
	<testcase classname="create_formatted_resistance_string_tests.CreateFormattedResistanceStringTests" name="testCreateFormattedResistanceStringFourBandBlueYellowBlueNone" time="0.000" timestamp="2018-10-19T20:32:58"/>
	<testcase classname="create_formatted_resistance_string_tests.CreateFormattedResistanceStringTests" name="testCreateFormattedResistanceStringFourBandBlueYellowBlueRed" time="0.000" timestamp="2018-10-19T20:32:58"/>
	<testcase classname="create_formatted_resistance_string_tests.CreateFormattedResistanceStringTests" name="testCreateFormattedResistanceStringFourBandBlueYellowBlueSilver" time="0.000" timestamp="2018-10-19T20:32:58"/>
	<testcase classname="create_formatted_resistance_string_tests.CreateFormattedResistanceStringTests" name="testCreateFormattedResistanceStringFourBandBlueYellowBlueViolet" time="0.000" timestamp="2018-10-19T20:32:58"/>
	<testcase classname="create_formatted_resistance_string_tests.CreateFormattedResistanceStringTests" name="testCreateFormattedResistanceStringFourBandBlueYellowBrownBlue" time="0.000" timestamp="2018-10-19T20:32:58"/>
	<testcase classname="create_formatted_resistance_string_tests.CreateFormattedResistanceStringTests" name="testCreateFormattedResistanceStringFourBandBlueYellowBrownBrown" time="0.000" timestamp="2018-10-19T20:32:58"/>
	<testcase classname="create_formatted_resistance_string_tests.CreateFormattedResistanceStringTests" name="testCreateFormattedResistanceStringFourBandBlueYellowBrownGold" time="0.000" timestamp="2018-10-19T20:32:58"/>
	<testcase classname="create_formatted_resistance_string_tests.CreateFormattedResistanceStringTests" name="testCreateFormattedResistanceStringFourBandBlueYellowBrownGreen" time="0.000" timestamp="2018-10-19T20:32:58"/>
	<testcase classname="create_formatted_resistance_string_tests.CreateFormattedResistanceStringTests" name="testCreateFormattedResistanceStringFourBandBlueYellowBrownGrey" time="0.000" timestamp="2018-10-19T20:32:58"/>
	<testcase classname="create_formatted_resistance_string_tests.CreateFormattedResistanceStringTests" name="testCreateFormattedResistanceStringFourBandBlueYellowBrownNone" time="0.000" timestamp="2018-10-19T20:32:58"/>
	<testcase classname="create_formatted_resistance_string_tests.CreateFormattedResistanceStringTests" name="testCreateFormattedResistanceStringFourBandBlueYellowBrownRed" time="0.000" timestamp="2018-10-19T20:32:58"/>
	<testcase classname="create_formatted_resistance_string_tests.CreateFormattedResistanceStringTests" name="testCreateFormattedResistanceStringFourBandBlueYellowBrownSilver" time="0.000" timestamp="2018-10-19T20:32:58"/>
	<testcase classname="create_formatted_resistance_string_tests.CreateFormattedResistanceStringTests" name="testCreateFormattedResistanceStringFourBandBlueYellowBrownViolet" time="0.000" timestamp="2018-10-19T20:32:58"/>
	<testcase classname="create_formatted_resistance_string_tests.CreateFormattedResistanceStringTests" name="testCreateFormattedResistanceStringFourBandBlueYellowGoldBlue" time="0.000" timestamp="2018-10-19T20:32:58"/>
	<testcase classname="create_formatted_resistance_string_tests.CreateFormattedResistanceStringTests" name="testCreateFormattedResistanceStringFourBandBlueYellowGoldBrown" time="0.000" timestamp="2018-10-19T20:32:58"/>
	<testcase classname="create_formatted_resistance_string_tests.CreateFormattedResistanceStringTests" name="testCreateFormattedResistanceStringFourBandBlueYellowGoldGold" time="0.000" timestamp="2018-10-19T20:32:58"/>
	<testcase classname="create_formatted_resistance_string_tests.CreateFormattedResistanceStringTests" name="testCreateFormattedResistanceStringFourBandBlueYellowGoldGreen" time="0.000" timestamp="2018-10-19T20:32:58"/>
	<testcase classname="create_formatted_resistance_string_tests.CreateFormattedResistanceStringTests" name="testCreateFormattedResistanceStringFourBandBlueYellowGoldGrey" time="0.000" timestamp="2018-10-19T20:32:58"/>
	<testcase classname="create_formatted_resistance_string_tests.CreateFormattedResistanceStringTests" name="testCreateFormattedResistanceStringFourBandBlueYellowGoldNone" time="0.000" timestamp="2018-10-19T20:32:58"/>
	<testcase classname="create_formatted_resistance_string_tests.CreateFormattedResistanceStringTests" name="testCreateFormattedResistanceStringFourBandBlueYellowGoldRed" time="0.000" timestamp="2018-10-19T20:32:58"/>
	<testcase classname="create_formatted_resistance_string_tests.CreateFormattedResistanceStringTests" name="testCreateFormattedResistanceStringFourBandBlueYellowGoldSilver" time="0.000" timestamp="2018-10-19T20:32:58"/>
	<testcase classname="create_formatted_resistance_string_tests.CreateFormattedResistanceStringTests" name="testCreateFormattedResistanceStringFourBandBlueYellowGoldViolet" time="0.000" timestamp="2018-10-19T20:32:58"/>
	<testcase classname="create_formatted_resistance_string_tests.CreateFormattedResistanceStringTests" name="testCreateFormattedResistanceStringFourBandBlueYellowGreenBlue" time="0.000" timestamp="2018-10-19T20:32:58"/>
	<testcase classname="create_formatted_resistance_string_tests.CreateFormattedResistanceStringTests" name="testCreateFormattedResistanceStringFourBandBlueYellowGreenBrown" time="0.000" timestamp="2018-10-19T20:32:58"/>
	<testcase classname="create_formatted_resistance_string_tests.CreateFormattedResistanceStringTests" name="testCreateFormattedResistanceStringFourBandBlueYellowGreenGold" time="0.000" timestamp="2018-10-19T20:32:58"/>
	<testcase classname="create_formatted_resistance_string_tests.CreateFormattedResistanceStringTests" name="testCreateFormattedResistanceStringFourBandBlueYellowGreenGreen" time="0.000" timestamp="2018-10-19T20:32:58"/>
	<testcase classname="create_formatted_resistance_string_tests.CreateFormattedResistanceStringTests" name="testCreateFormattedResistanceStringFourBandBlueYellowGreenGrey" time="0.000" timestamp="2018-10-19T20:32:58"/>
	<testcase classname="create_formatted_resistance_string_tests.CreateFormattedResistanceStringTests" name="testCreateFormattedResistanceStringFourBandBlueYellowGreenNone" time="0.000" timestamp="2018-10-19T20:32:58"/>
	<testcase classname="create_formatted_resistance_string_tests.CreateFormattedResistanceStringTests" name="testCreateFormattedResistanceStringFourBandBlueYellowGreenRed" time="0.000" timestamp="2018-10-19T20:32:58"/>
	<testcase classname="create_formatted_resistance_string_tests.CreateFormattedResistanceStringTests" name="testCreateFormattedResistanceStringFourBandBlueYellowGreenSilver" time="0.000" timestamp="2018-10-19T20:32:58"/>
	<testcase classname="create_formatted_resistance_string_tests.CreateFormattedResistanceStringTests" name="testCreateFormattedResistanceStringFourBandBlueYellowGreenViolet" time="0.000" timestamp="2018-10-19T20:32:58"/>
	<testcase classname="create_formatted_resistance_string_tests.CreateFormattedResistanceStringTests" name="testCreateFormattedResistanceStringFourBandBlueYellowGreyBlue" time="0.000" timestamp="2018-10-19T20:32:58"/>
	<testcase classname="create_formatted_resistance_string_tests.CreateFormattedResistanceStringTests" name="testCreateFormattedResistanceStringFourBandBlueYellowGreyBrown" time="0.000" timestamp="2018-10-19T20:32:58"/>
	<testcase classname="create_formatted_resistance_string_tests.CreateFormattedResistanceStringTests" name="testCreateFormattedResistanceStringFourBandBlueYellowGreyGold" time="0.000" timestamp="2018-10-19T20:32:58"/>
	<testcase classname="create_formatted_resistance_string_tests.CreateFormattedResistanceStringTests" name="testCreateFormattedResistanceStringFourBandBlueYellowGreyGreen" time="0.000" timestamp="2018-10-19T20:32:58"/>
	<testcase classname="create_formatted_resistance_string_tests.CreateFormattedResistanceStringTests" name="testCreateFormattedResistanceStringFourBandBlueYellowGreyGrey" time="0.000" timestamp="2018-10-19T20:32:58"/>
	<testcase classname="create_formatted_resistance_string_tests.CreateFormattedResistanceStringTests" name="testCreateFormattedResistanceStringFourBandBlueYellowGreyNone" time="0.000" timestamp="2018-10-19T20:32:58"/>
	<testcase classname="create_formatted_resistance_string_tests.CreateFormattedResistanceStringTests" name="testCreateFormattedResistanceStringFourBandBlueYellowGreyRed" time="0.000" timestamp="2018-10-19T20:32:58"/>
	<testcase classname="create_formatted_resistance_string_tests.CreateFormattedResistanceStringTests" name="testCreateFormattedResistanceStringFourBandBlueYellowGreySilver" time="0.000" timestamp="2018-10-19T20:32:58"/>
	<testcase classname="create_formatted_resistance_string_tests.CreateFormattedResistanceStringTests" name="testCreateFormattedResistanceStringFourBandBlueYellowGreyViolet" time="0.000" timestamp="2018-10-19T20:32:58"/>
	<testcase classname="create_formatted_resistance_string_tests.CreateFormattedResistanceStringTests" name="testCreateFormattedResistanceStringFourBandBlueYellowOrangeBlue" time="0.000" timestamp="2018-10-19T20:32:58"/>
	<testcase classname="create_formatted_resistance_string_tests.CreateFormattedResistanceStringTests" name="testCreateFormattedResistanceStringFourBandBlueYellowOrangeBrown" time="0.000" timestamp="2018-10-19T20:32:58"/>
	<testcase classname="create_formatted_resistance_string_tests.CreateFormattedResistanceStringTests" name="testCreateFormattedResistanceStringFourBandBlueYellowOrangeGold" time="0.000" timestamp="2018-10-19T20:32:58"/>
	<testcase classname="create_formatted_resistance_string_tests.CreateFormattedResistanceStringTests" name="testCreateFormattedResistanceStringFourBandBlueYellowOrangeGreen" time="0.000" timestamp="2018-10-19T20:32:58"/>
	<testcase classname="create_formatted_resistance_string_tests.CreateFormattedResistanceStringTests" name="testCreateFormattedResistanceStringFourBandBlueYellowOrangeGrey" time="0.000" timestamp="2018-10-19T20:32:58"/>
	<testcase classname="create_formatted_resistance_string_tests.CreateFormattedResistanceStringTests" name="testCreateFormattedResistanceStringFourBandBlueYellowOrangeNone" time="0.000" timestamp="2018-10-19T20:32:58"/>
	<testcase classname="create_formatted_resistance_string_tests.CreateFormattedResistanceStringTests" name="testCreateFormattedResistanceStringFourBandBlueYellowOrangeRed" time="0.000" timestamp="2018-10-19T20:32:58"/>
	<testcase classname="create_formatted_resistance_string_tests.CreateFormattedResistanceStringTests" name="testCreateFormattedResistanceStringFourBandBlueYellowOrangeSilver" time="0.000" timestamp="2018-10-19T20:32:58"/>
	<testcase classname="create_formatted_resistance_string_tests.CreateFormattedResistanceStringTests" name="testCreateFormattedResistanceStringFourBandBlueYellowOrangeViolet" time="0.000" timestamp="2018-10-19T20:32:58"/>
	<testcase classname="create_formatted_resistance_string_tests.CreateFormattedResistanceStringTests" name="testCreateFormattedResistanceStringFourBandBlueYellowRedBlue" time="0.000" timestamp="2018-10-19T20:32:58"/>
	<testcase classname="create_formatted_resistance_string_tests.CreateFormattedResistanceStringTests" name="testCreateFormattedResistanceStringFourBandBlueYellowRedBrown" time="0.000" timestamp="2018-10-19T20:32:58"/>
	<testcase classname="create_formatted_resistance_string_tests.CreateFormattedResistanceStringTests" name="testCreateFormattedResistanceStringFourBandBlueYellowRedGold" time="0.000" timestamp="2018-10-19T20:32:58"/>
	<testcase classname="create_formatted_resistance_string_tests.CreateFormattedResistanceStringTests" name="testCreateFormattedResistanceStringFourBandBlueYellowRedGreen" time="0.000" timestamp="2018-10-19T20:32:58"/>
	<testcase classname="create_formatted_resistance_string_tests.CreateFormattedResistanceStringTests" name="testCreateFormattedResistanceStringFourBandBlueYellowRedGrey" time="0.000" timestamp="2018-10-19T20:32:58"/>
	<testcase classname="create_formatted_resistance_string_tests.CreateFormattedResistanceStringTests" name="testCreateFormattedResistanceStringFourBandBlueYellowRedNone" time="0.000" timestamp="2018-10-19T20:32:58"/>
	<testcase classname="create_formatted_resistance_string_tests.CreateFormattedResistanceStringTests" name="testCreateFormattedResistanceStringFourBandBlueYellowRedRed" time="0.000" timestamp="2018-10-19T20:32:58"/>
	<testcase classname="create_formatted_resistance_string_tests.CreateFormattedResistanceStringTests" name="testCreateFormattedResistanceStringFourBandBlueYellowRedSilver" time="0.000" timestamp="2018-10-19T20:32:58"/>
	<testcase classname="create_formatted_resistance_string_tests.CreateFormattedResistanceStringTests" name="testCreateFormattedResistanceStringFourBandBlueYellowRedViolet" time="0.000" timestamp="2018-10-19T20:32:58"/>
	<testcase classname="create_formatted_resistance_string_tests.CreateFormattedResistanceStringTests" name="testCreateFormattedResistanceStringFourBandBlueYellowSilverBlue" time="0.000" timestamp="2018-10-19T20:32:58"/>
	<testcase classname="create_formatted_resistance_string_tests.CreateFormattedResistanceStringTests" name="testCreateFormattedResistanceStringFourBandBlueYellowSilverBrown" time="0.000" timestamp="2018-10-19T20:32:58"/>
	<testcase classname="create_formatted_resistance_string_tests.CreateFormattedResistanceStringTests" name="testCreateFormattedResistanceStringFourBandBlueYellowSilverGold" time="0.000" timestamp="2018-10-19T20:32:58"/>
	<testcase classname="create_formatted_resistance_string_tests.CreateFormattedResistanceStringTests" name="testCreateFormattedResistanceStringFourBandBlueYellowSilverGreen" time="0.000" timestamp="2018-10-19T20:32:58"/>
	<testcase classname="create_formatted_resistance_string_tests.CreateFormattedResistanceStringTests" name="testCreateFormattedResistanceStringFourBandBlueYellowSilverGrey" time="0.000" timestamp="2018-10-19T20:32:58"/>
	<testcase classname="create_formatted_resistance_string_tests.CreateFormattedResistanceStringTests" name="testCreateFormattedResistanceStringFourBandBlueYellowSilverNone" time="0.000" timestamp="2018-10-19T20:32:58"/>
	<testcase classname="create_formatted_resistance_string_tests.CreateFormattedResistanceStringTests" name="testCreateFormattedResistanceStringFourBandBlueYellowSilverRed" time="0.000" timestamp="2018-10-19T20:32:58"/>
	<testcase classname="create_formatted_resistance_string_tests.CreateFormattedResistanceStringTests" name="testCreateFormattedResistanceStringFourBandBlueYellowSilverSilver" time="0.000" timestamp="2018-10-19T20:32:58"/>
	<testcase classname="create_formatted_resistance_string_tests.CreateFormattedResistanceStringTests" name="testCreateFormattedResistanceStringFourBandBlueYellowSilverViolet" time="0.000" timestamp="2018-10-19T20:32:58"/>
	<testcase classname="create_formatted_resistance_string_tests.CreateFormattedResistanceStringTests" name="testCreateFormattedResistanceStringFourBandBlueYellowVioletBlue" time="0.000" timestamp="2018-10-19T20:32:58"/>
	<testcase classname="create_formatted_resistance_string_tests.CreateFormattedResistanceStringTests" name="testCreateFormattedResistanceStringFourBandBlueYellowVioletBrown" time="0.000" timestamp="2018-10-19T20:32:58"/>
	<testcase classname="create_formatted_resistance_string_tests.CreateFormattedResistanceStringTests" name="testCreateFormattedResistanceStringFourBandBlueYellowVioletGold" time="0.000" timestamp="2018-10-19T20:32:58"/>
	<testcase classname="create_formatted_resistance_string_tests.CreateFormattedResistanceStringTests" name="testCreateFormattedResistanceStringFourBandBlueYellowVioletGreen" time="0.000" timestamp="2018-10-19T20:32:58"/>
	<testcase classname="create_formatted_resistance_string_tests.CreateFormattedResistanceStringTests" name="testCreateFormattedResistanceStringFourBandBlueYellowVioletGrey" time="0.000" timestamp="2018-10-19T20:32:58"/>
	<testcase classname="create_formatted_resistance_string_tests.CreateFormattedResistanceStringTests" name="testCreateFormattedResistanceStringFourBandBlueYellowVioletNone" time="0.000" timestamp="2018-10-19T20:32:58"/>
	<testcase classname="create_formatted_resistance_string_tests.CreateFormattedResistanceStringTests" name="testCreateFormattedResistanceStringFourBandBlueYellowVioletRed" time="0.000" timestamp="2018-10-19T20:32:58"/>
	<testcase classname="create_formatted_resistance_string_tests.CreateFormattedResistanceStringTests" name="testCreateFormattedResistanceStringFourBandBlueYellowVioletSilver" time="0.000" timestamp="2018-10-19T20:32:58"/>
	<testcase classname="create_formatted_resistance_string_tests.CreateFormattedResistanceStringTests" name="testCreateFormattedResistanceStringFourBandBlueYellowVioletViolet" time="0.000" timestamp="2018-10-19T20:32:58"/>
	<testcase classname="create_formatted_resistance_string_tests.CreateFormattedResistanceStringTests" name="testCreateFormattedResistanceStringFourBandBlueYellowWhiteBlue" time="0.000" timestamp="2018-10-19T20:32:58"/>
	<testcase classname="create_formatted_resistance_string_tests.CreateFormattedResistanceStringTests" name="testCreateFormattedResistanceStringFourBandBlueYellowWhiteBrown" time="0.000" timestamp="2018-10-19T20:32:58"/>
	<testcase classname="create_formatted_resistance_string_tests.CreateFormattedResistanceStringTests" name="testCreateFormattedResistanceStringFourBandBlueYellowWhiteGold" time="0.000" timestamp="2018-10-19T20:32:58"/>
	<testcase classname="create_formatted_resistance_string_tests.CreateFormattedResistanceStringTests" name="testCreateFormattedResistanceStringFourBandBlueYellowWhiteGreen" time="0.000" timestamp="2018-10-19T20:32:58"/>
	<testcase classname="create_formatted_resistance_string_tests.CreateFormattedResistanceStringTests" name="testCreateFormattedResistanceStringFourBandBlueYellowWhiteGrey" time="0.000" timestamp="2018-10-19T20:32:58"/>
	<testcase classname="create_formatted_resistance_string_tests.CreateFormattedResistanceStringTests" name="testCreateFormattedResistanceStringFourBandBlueYellowWhiteNone" time="0.000" timestamp="2018-10-19T20:32:58"/>
	<testcase classname="create_formatted_resistance_string_tests.CreateFormattedResistanceStringTests" name="testCreateFormattedResistanceStringFourBandBlueYellowWhiteRed" time="0.000" timestamp="2018-10-19T20:32:58"/>
	<testcase classname="create_formatted_resistance_string_tests.CreateFormattedResistanceStringTests" name="testCreateFormattedResistanceStringFourBandBlueYellowWhiteSilver" time="0.000" timestamp="2018-10-19T20:32:58"/>
	<testcase classname="create_formatted_resistance_string_tests.CreateFormattedResistanceStringTests" name="testCreateFormattedResistanceStringFourBandBlueYellowWhiteViolet" time="0.000" timestamp="2018-10-19T20:32:58"/>
	<testcase classname="create_formatted_resistance_string_tests.CreateFormattedResistanceStringTests" name="testCreateFormattedResistanceStringFourBandBlueYellowYellowBlue" time="0.000" timestamp="2018-10-19T20:32:58"/>
	<testcase classname="create_formatted_resistance_string_tests.CreateFormattedResistanceStringTests" name="testCreateFormattedResistanceStringFourBandBlueYellowYellowBrown" time="0.000" timestamp="2018-10-19T20:32:58"/>
	<testcase classname="create_formatted_resistance_string_tests.CreateFormattedResistanceStringTests" name="testCreateFormattedResistanceStringFourBandBlueYellowYellowGold" time="0.000" timestamp="2018-10-19T20:32:58"/>
	<testcase classname="create_formatted_resistance_string_tests.CreateFormattedResistanceStringTests" name="testCreateFormattedResistanceStringFourBandBlueYellowYellowGreen" time="0.000" timestamp="2018-10-19T20:32:58"/>
	<testcase classname="create_formatted_resistance_string_tests.CreateFormattedResistanceStringTests" name="testCreateFormattedResistanceStringFourBandBlueYellowYellowGrey" time="0.000" timestamp="2018-10-19T20:32:58"/>
	<testcase classname="create_formatted_resistance_string_tests.CreateFormattedResistanceStringTests" name="testCreateFormattedResistanceStringFourBandBlueYellowYellowNone" time="0.000" timestamp="2018-10-19T20:32:58"/>
	<testcase classname="create_formatted_resistance_string_tests.CreateFormattedResistanceStringTests" name="testCreateFormattedResistanceStringFourBandBlueYellowYellowRed" time="0.000" timestamp="2018-10-19T20:32:58"/>
	<testcase classname="create_formatted_resistance_string_tests.CreateFormattedResistanceStringTests" name="testCreateFormattedResistanceStringFourBandBlueYellowYellowSilver" time="0.000" timestamp="2018-10-19T20:32:58"/>
	<testcase classname="create_formatted_resistance_string_tests.CreateFormattedResistanceStringTests" name="testCreateFormattedResistanceStringFourBandBlueYellowYellowViolet" time="0.000" timestamp="2018-10-19T20:32:58"/>
	<testcase classname="create_formatted_resistance_string_tests.CreateFormattedResistanceStringTests" name="testCreateFormattedResistanceStringFourBandBrownBlackBlackBlue" time="0.000" timestamp="2018-10-19T20:32:58"/>
	<testcase classname="create_formatted_resistance_string_tests.CreateFormattedResistanceStringTests" name="testCreateFormattedResistanceStringFourBandBrownBlackBlackBrown" time="0.000" timestamp="2018-10-19T20:32:58"/>
	<testcase classname="create_formatted_resistance_string_tests.CreateFormattedResistanceStringTests" name="testCreateFormattedResistanceStringFourBandBrownBlackBlackGold" time="0.000" timestamp="2018-10-19T20:32:58"/>
	<testcase classname="create_formatted_resistance_string_tests.CreateFormattedResistanceStringTests" name="testCreateFormattedResistanceStringFourBandBrownBlackBlackGreen" time="0.000" timestamp="2018-10-19T20:32:58"/>
	<testcase classname="create_formatted_resistance_string_tests.CreateFormattedResistanceStringTests" name="testCreateFormattedResistanceStringFourBandBrownBlackBlackGrey" time="0.000" timestamp="2018-10-19T20:32:58"/>
	<testcase classname="create_formatted_resistance_string_tests.CreateFormattedResistanceStringTests" name="testCreateFormattedResistanceStringFourBandBrownBlackBlackNone" time="0.000" timestamp="2018-10-19T20:32:58"/>
	<testcase classname="create_formatted_resistance_string_tests.CreateFormattedResistanceStringTests" name="testCreateFormattedResistanceStringFourBandBrownBlackBlackRed" time="0.000" timestamp="2018-10-19T20:32:58"/>
	<testcase classname="create_formatted_resistance_string_tests.CreateFormattedResistanceStringTests" name="testCreateFormattedResistanceStringFourBandBrownBlackBlackSilver" time="0.000" timestamp="2018-10-19T20:32:58"/>
	<testcase classname="create_formatted_resistance_string_tests.CreateFormattedResistanceStringTests" name="testCreateFormattedResistanceStringFourBandBrownBlackBlackViolet" time="0.000" timestamp="2018-10-19T20:32:58"/>
	<testcase classname="create_formatted_resistance_string_tests.CreateFormattedResistanceStringTests" name="testCreateFormattedResistanceStringFourBandBrownBlackBlueBlue" time="0.000" timestamp="2018-10-19T20:32:58"/>
	<testcase classname="create_formatted_resistance_string_tests.CreateFormattedResistanceStringTests" name="testCreateFormattedResistanceStringFourBandBrownBlackBlueBrown" time="0.000" timestamp="2018-10-19T20:32:58"/>
	<testcase classname="create_formatted_resistance_string_tests.CreateFormattedResistanceStringTests" name="testCreateFormattedResistanceStringFourBandBrownBlackBlueGold" time="0.000" timestamp="2018-10-19T20:32:58"/>
	<testcase classname="create_formatted_resistance_string_tests.CreateFormattedResistanceStringTests" name="testCreateFormattedResistanceStringFourBandBrownBlackBlueGreen" time="0.000" timestamp="2018-10-19T20:32:58"/>
	<testcase classname="create_formatted_resistance_string_tests.CreateFormattedResistanceStringTests" name="testCreateFormattedResistanceStringFourBandBrownBlackBlueGrey" time="0.000" timestamp="2018-10-19T20:32:58"/>
	<testcase classname="create_formatted_resistance_string_tests.CreateFormattedResistanceStringTests" name="testCreateFormattedResistanceStringFourBandBrownBlackBlueNone" time="0.000" timestamp="2018-10-19T20:32:58"/>
	<testcase classname="create_formatted_resistance_string_tests.CreateFormattedResistanceStringTests" name="testCreateFormattedResistanceStringFourBandBrownBlackBlueRed" time="0.000" timestamp="2018-10-19T20:32:58"/>
	<testcase classname="create_formatted_resistance_string_tests.CreateFormattedResistanceStringTests" name="testCreateFormattedResistanceStringFourBandBrownBlackBlueSilver" time="0.000" timestamp="2018-10-19T20:32:58"/>
	<testcase classname="create_formatted_resistance_string_tests.CreateFormattedResistanceStringTests" name="testCreateFormattedResistanceStringFourBandBrownBlackBlueViolet" time="0.000" timestamp="2018-10-19T20:32:58"/>
	<testcase classname="create_formatted_resistance_string_tests.CreateFormattedResistanceStringTests" name="testCreateFormattedResistanceStringFourBandBrownBlackBrownBlue" time="0.000" timestamp="2018-10-19T20:32:58"/>
	<testcase classname="create_formatted_resistance_string_tests.CreateFormattedResistanceStringTests" name="testCreateFormattedResistanceStringFourBandBrownBlackBrownBrown" time="0.000" timestamp="2018-10-19T20:32:58"/>
	<testcase classname="create_formatted_resistance_string_tests.CreateFormattedResistanceStringTests" name="testCreateFormattedResistanceStringFourBandBrownBlackBrownGold" time="0.000" timestamp="2018-10-19T20:32:58"/>
	<testcase classname="create_formatted_resistance_string_tests.CreateFormattedResistanceStringTests" name="testCreateFormattedResistanceStringFourBandBrownBlackBrownGreen" time="0.000" timestamp="2018-10-19T20:32:58"/>
	<testcase classname="create_formatted_resistance_string_tests.CreateFormattedResistanceStringTests" name="testCreateFormattedResistanceStringFourBandBrownBlackBrownGrey" time="0.000" timestamp="2018-10-19T20:32:58"/>
	<testcase classname="create_formatted_resistance_string_tests.CreateFormattedResistanceStringTests" name="testCreateFormattedResistanceStringFourBandBrownBlackBrownNone" time="0.000" timestamp="2018-10-19T20:32:58"/>
	<testcase classname="create_formatted_resistance_string_tests.CreateFormattedResistanceStringTests" name="testCreateFormattedResistanceStringFourBandBrownBlackBrownRed" time="0.000" timestamp="2018-10-19T20:32:58"/>
	<testcase classname="create_formatted_resistance_string_tests.CreateFormattedResistanceStringTests" name="testCreateFormattedResistanceStringFourBandBrownBlackBrownSilver" time="0.000" timestamp="2018-10-19T20:32:58"/>
	<testcase classname="create_formatted_resistance_string_tests.CreateFormattedResistanceStringTests" name="testCreateFormattedResistanceStringFourBandBrownBlackBrownViolet" time="0.000" timestamp="2018-10-19T20:32:58"/>
	<testcase classname="create_formatted_resistance_string_tests.CreateFormattedResistanceStringTests" name="testCreateFormattedResistanceStringFourBandBrownBlackGoldBlue" time="0.000" timestamp="2018-10-19T20:32:58"/>
	<testcase classname="create_formatted_resistance_string_tests.CreateFormattedResistanceStringTests" name="testCreateFormattedResistanceStringFourBandBrownBlackGoldBrown" time="0.000" timestamp="2018-10-19T20:32:58"/>
	<testcase classname="create_formatted_resistance_string_tests.CreateFormattedResistanceStringTests" name="testCreateFormattedResistanceStringFourBandBrownBlackGoldGold" time="0.000" timestamp="2018-10-19T20:32:58"/>
	<testcase classname="create_formatted_resistance_string_tests.CreateFormattedResistanceStringTests" name="testCreateFormattedResistanceStringFourBandBrownBlackGoldGreen" time="0.000" timestamp="2018-10-19T20:32:58"/>
	<testcase classname="create_formatted_resistance_string_tests.CreateFormattedResistanceStringTests" name="testCreateFormattedResistanceStringFourBandBrownBlackGoldGrey" time="0.000" timestamp="2018-10-19T20:32:58"/>
	<testcase classname="create_formatted_resistance_string_tests.CreateFormattedResistanceStringTests" name="testCreateFormattedResistanceStringFourBandBrownBlackGoldNone" time="0.000" timestamp="2018-10-19T20:32:58"/>
	<testcase classname="create_formatted_resistance_string_tests.CreateFormattedResistanceStringTests" name="testCreateFormattedResistanceStringFourBandBrownBlackGoldRed" time="0.000" timestamp="2018-10-19T20:32:58"/>
	<testcase classname="create_formatted_resistance_string_tests.CreateFormattedResistanceStringTests" name="testCreateFormattedResistanceStringFourBandBrownBlackGoldSilver" time="0.000" timestamp="2018-10-19T20:32:58"/>
	<testcase classname="create_formatted_resistance_string_tests.CreateFormattedResistanceStringTests" name="testCreateFormattedResistanceStringFourBandBrownBlackGoldViolet" time="0.000" timestamp="2018-10-19T20:32:58"/>
	<testcase classname="create_formatted_resistance_string_tests.CreateFormattedResistanceStringTests" name="testCreateFormattedResistanceStringFourBandBrownBlackGreenBlue" time="0.000" timestamp="2018-10-19T20:32:58"/>
	<testcase classname="create_formatted_resistance_string_tests.CreateFormattedResistanceStringTests" name="testCreateFormattedResistanceStringFourBandBrownBlackGreenBrown" time="0.000" timestamp="2018-10-19T20:32:58"/>
	<testcase classname="create_formatted_resistance_string_tests.CreateFormattedResistanceStringTests" name="testCreateFormattedResistanceStringFourBandBrownBlackGreenGold" time="0.000" timestamp="2018-10-19T20:32:58"/>
	<testcase classname="create_formatted_resistance_string_tests.CreateFormattedResistanceStringTests" name="testCreateFormattedResistanceStringFourBandBrownBlackGreenGreen" time="0.000" timestamp="2018-10-19T20:32:58"/>
	<testcase classname="create_formatted_resistance_string_tests.CreateFormattedResistanceStringTests" name="testCreateFormattedResistanceStringFourBandBrownBlackGreenGrey" time="0.000" timestamp="2018-10-19T20:32:58"/>
	<testcase classname="create_formatted_resistance_string_tests.CreateFormattedResistanceStringTests" name="testCreateFormattedResistanceStringFourBandBrownBlackGreenNone" time="0.000" timestamp="2018-10-19T20:32:58"/>
	<testcase classname="create_formatted_resistance_string_tests.CreateFormattedResistanceStringTests" name="testCreateFormattedResistanceStringFourBandBrownBlackGreenRed" time="0.000" timestamp="2018-10-19T20:32:58"/>
	<testcase classname="create_formatted_resistance_string_tests.CreateFormattedResistanceStringTests" name="testCreateFormattedResistanceStringFourBandBrownBlackGreenSilver" time="0.000" timestamp="2018-10-19T20:32:58"/>
	<testcase classname="create_formatted_resistance_string_tests.CreateFormattedResistanceStringTests" name="testCreateFormattedResistanceStringFourBandBrownBlackGreenViolet" time="0.000" timestamp="2018-10-19T20:32:58"/>
	<testcase classname="create_formatted_resistance_string_tests.CreateFormattedResistanceStringTests" name="testCreateFormattedResistanceStringFourBandBrownBlackGreyBlue" time="0.000" timestamp="2018-10-19T20:32:58"/>
	<testcase classname="create_formatted_resistance_string_tests.CreateFormattedResistanceStringTests" name="testCreateFormattedResistanceStringFourBandBrownBlackGreyBrown" time="0.000" timestamp="2018-10-19T20:32:58"/>
	<testcase classname="create_formatted_resistance_string_tests.CreateFormattedResistanceStringTests" name="testCreateFormattedResistanceStringFourBandBrownBlackGreyGold" time="0.000" timestamp="2018-10-19T20:32:58"/>
	<testcase classname="create_formatted_resistance_string_tests.CreateFormattedResistanceStringTests" name="testCreateFormattedResistanceStringFourBandBrownBlackGreyGreen" time="0.000" timestamp="2018-10-19T20:32:58"/>
	<testcase classname="create_formatted_resistance_string_tests.CreateFormattedResistanceStringTests" name="testCreateFormattedResistanceStringFourBandBrownBlackGreyGrey" time="0.000" timestamp="2018-10-19T20:32:58"/>
	<testcase classname="create_formatted_resistance_string_tests.CreateFormattedResistanceStringTests" name="testCreateFormattedResistanceStringFourBandBrownBlackGreyNone" time="0.000" timestamp="2018-10-19T20:32:58"/>
	<testcase classname="create_formatted_resistance_string_tests.CreateFormattedResistanceStringTests" name="testCreateFormattedResistanceStringFourBandBrownBlackGreyRed" time="0.000" timestamp="2018-10-19T20:32:58"/>
	<testcase classname="create_formatted_resistance_string_tests.CreateFormattedResistanceStringTests" name="testCreateFormattedResistanceStringFourBandBrownBlackGreySilver" time="0.000" timestamp="2018-10-19T20:32:58"/>
	<testcase classname="create_formatted_resistance_string_tests.CreateFormattedResistanceStringTests" name="testCreateFormattedResistanceStringFourBandBrownBlackGreyViolet" time="0.000" timestamp="2018-10-19T20:32:58"/>
	<testcase classname="create_formatted_resistance_string_tests.CreateFormattedResistanceStringTests" name="testCreateFormattedResistanceStringFourBandBrownBlackOrangeBlue" time="0.000" timestamp="2018-10-19T20:32:58"/>
	<testcase classname="create_formatted_resistance_string_tests.CreateFormattedResistanceStringTests" name="testCreateFormattedResistanceStringFourBandBrownBlackOrangeBrown" time="0.000" timestamp="2018-10-19T20:32:58"/>
	<testcase classname="create_formatted_resistance_string_tests.CreateFormattedResistanceStringTests" name="testCreateFormattedResistanceStringFourBandBrownBlackOrangeGold" time="0.000" timestamp="2018-10-19T20:32:58"/>
	<testcase classname="create_formatted_resistance_string_tests.CreateFormattedResistanceStringTests" name="testCreateFormattedResistanceStringFourBandBrownBlackOrangeGreen" time="0.000" timestamp="2018-10-19T20:32:58"/>
	<testcase classname="create_formatted_resistance_string_tests.CreateFormattedResistanceStringTests" name="testCreateFormattedResistanceStringFourBandBrownBlackOrangeGrey" time="0.000" timestamp="2018-10-19T20:32:58"/>
	<testcase classname="create_formatted_resistance_string_tests.CreateFormattedResistanceStringTests" name="testCreateFormattedResistanceStringFourBandBrownBlackOrangeNone" time="0.000" timestamp="2018-10-19T20:32:58"/>
	<testcase classname="create_formatted_resistance_string_tests.CreateFormattedResistanceStringTests" name="testCreateFormattedResistanceStringFourBandBrownBlackOrangeRed" time="0.000" timestamp="2018-10-19T20:32:58"/>
	<testcase classname="create_formatted_resistance_string_tests.CreateFormattedResistanceStringTests" name="testCreateFormattedResistanceStringFourBandBrownBlackOrangeSilver" time="0.000" timestamp="2018-10-19T20:32:58"/>
	<testcase classname="create_formatted_resistance_string_tests.CreateFormattedResistanceStringTests" name="testCreateFormattedResistanceStringFourBandBrownBlackOrangeViolet" time="0.000" timestamp="2018-10-19T20:32:58"/>
	<testcase classname="create_formatted_resistance_string_tests.CreateFormattedResistanceStringTests" name="testCreateFormattedResistanceStringFourBandBrownBlackRedBlue" time="0.000" timestamp="2018-10-19T20:32:58"/>
	<testcase classname="create_formatted_resistance_string_tests.CreateFormattedResistanceStringTests" name="testCreateFormattedResistanceStringFourBandBrownBlackRedBrown" time="0.000" timestamp="2018-10-19T20:32:58"/>
	<testcase classname="create_formatted_resistance_string_tests.CreateFormattedResistanceStringTests" name="testCreateFormattedResistanceStringFourBandBrownBlackRedGold" time="0.000" timestamp="2018-10-19T20:32:58"/>
	<testcase classname="create_formatted_resistance_string_tests.CreateFormattedResistanceStringTests" name="testCreateFormattedResistanceStringFourBandBrownBlackRedGreen" time="0.000" timestamp="2018-10-19T20:32:58"/>
	<testcase classname="create_formatted_resistance_string_tests.CreateFormattedResistanceStringTests" name="testCreateFormattedResistanceStringFourBandBrownBlackRedGrey" time="0.000" timestamp="2018-10-19T20:32:58"/>
	<testcase classname="create_formatted_resistance_string_tests.CreateFormattedResistanceStringTests" name="testCreateFormattedResistanceStringFourBandBrownBlackRedNone" time="0.000" timestamp="2018-10-19T20:32:58"/>
	<testcase classname="create_formatted_resistance_string_tests.CreateFormattedResistanceStringTests" name="testCreateFormattedResistanceStringFourBandBrownBlackRedRed" time="0.000" timestamp="2018-10-19T20:32:58"/>
	<testcase classname="create_formatted_resistance_string_tests.CreateFormattedResistanceStringTests" name="testCreateFormattedResistanceStringFourBandBrownBlackRedSilver" time="0.000" timestamp="2018-10-19T20:32:58"/>
	<testcase classname="create_formatted_resistance_string_tests.CreateFormattedResistanceStringTests" name="testCreateFormattedResistanceStringFourBandBrownBlackRedViolet" time="0.000" timestamp="2018-10-19T20:32:58"/>
	<testcase classname="create_formatted_resistance_string_tests.CreateFormattedResistanceStringTests" name="testCreateFormattedResistanceStringFourBandBrownBlackSilverBlue" time="0.000" timestamp="2018-10-19T20:32:58"/>
	<testcase classname="create_formatted_resistance_string_tests.CreateFormattedResistanceStringTests" name="testCreateFormattedResistanceStringFourBandBrownBlackSilverBrown" time="0.000" timestamp="2018-10-19T20:32:58"/>
	<testcase classname="create_formatted_resistance_string_tests.CreateFormattedResistanceStringTests" name="testCreateFormattedResistanceStringFourBandBrownBlackSilverGold" time="0.000" timestamp="2018-10-19T20:32:58"/>
	<testcase classname="create_formatted_resistance_string_tests.CreateFormattedResistanceStringTests" name="testCreateFormattedResistanceStringFourBandBrownBlackSilverGreen" time="0.000" timestamp="2018-10-19T20:32:58"/>
	<testcase classname="create_formatted_resistance_string_tests.CreateFormattedResistanceStringTests" name="testCreateFormattedResistanceStringFourBandBrownBlackSilverGrey" time="0.000" timestamp="2018-10-19T20:32:58"/>
	<testcase classname="create_formatted_resistance_string_tests.CreateFormattedResistanceStringTests" name="testCreateFormattedResistanceStringFourBandBrownBlackSilverNone" time="0.000" timestamp="2018-10-19T20:32:58"/>
	<testcase classname="create_formatted_resistance_string_tests.CreateFormattedResistanceStringTests" name="testCreateFormattedResistanceStringFourBandBrownBlackSilverRed" time="0.000" timestamp="2018-10-19T20:32:58"/>
	<testcase classname="create_formatted_resistance_string_tests.CreateFormattedResistanceStringTests" name="testCreateFormattedResistanceStringFourBandBrownBlackSilverSilver" time="0.000" timestamp="2018-10-19T20:32:58"/>
	<testcase classname="create_formatted_resistance_string_tests.CreateFormattedResistanceStringTests" name="testCreateFormattedResistanceStringFourBandBrownBlackSilverViolet" time="0.000" timestamp="2018-10-19T20:32:58"/>
	<testcase classname="create_formatted_resistance_string_tests.CreateFormattedResistanceStringTests" name="testCreateFormattedResistanceStringFourBandBrownBlackVioletBlue" time="0.000" timestamp="2018-10-19T20:32:58"/>
	<testcase classname="create_formatted_resistance_string_tests.CreateFormattedResistanceStringTests" name="testCreateFormattedResistanceStringFourBandBrownBlackVioletBrown" time="0.000" timestamp="2018-10-19T20:32:58"/>
	<testcase classname="create_formatted_resistance_string_tests.CreateFormattedResistanceStringTests" name="testCreateFormattedResistanceStringFourBandBrownBlackVioletGold" time="0.000" timestamp="2018-10-19T20:32:58"/>
	<testcase classname="create_formatted_resistance_string_tests.CreateFormattedResistanceStringTests" name="testCreateFormattedResistanceStringFourBandBrownBlackVioletGreen" time="0.000" timestamp="2018-10-19T20:32:58"/>
	<testcase classname="create_formatted_resistance_string_tests.CreateFormattedResistanceStringTests" name="testCreateFormattedResistanceStringFourBandBrownBlackVioletGrey" time="0.000" timestamp="2018-10-19T20:32:58"/>
	<testcase classname="create_formatted_resistance_string_tests.CreateFormattedResistanceStringTests" name="testCreateFormattedResistanceStringFourBandBrownBlackVioletNone" time="0.000" timestamp="2018-10-19T20:32:58"/>
	<testcase classname="create_formatted_resistance_string_tests.CreateFormattedResistanceStringTests" name="testCreateFormattedResistanceStringFourBandBrownBlackVioletRed" time="0.000" timestamp="2018-10-19T20:32:58"/>
	<testcase classname="create_formatted_resistance_string_tests.CreateFormattedResistanceStringTests" name="testCreateFormattedResistanceStringFourBandBrownBlackVioletSilver" time="0.000" timestamp="2018-10-19T20:32:58"/>
	<testcase classname="create_formatted_resistance_string_tests.CreateFormattedResistanceStringTests" name="testCreateFormattedResistanceStringFourBandBrownBlackVioletViolet" time="0.000" timestamp="2018-10-19T20:32:58"/>
	<testcase classname="create_formatted_resistance_string_tests.CreateFormattedResistanceStringTests" name="testCreateFormattedResistanceStringFourBandBrownBlackWhiteBlue" time="0.000" timestamp="2018-10-19T20:32:58"/>
	<testcase classname="create_formatted_resistance_string_tests.CreateFormattedResistanceStringTests" name="testCreateFormattedResistanceStringFourBandBrownBlackWhiteBrown" time="0.000" timestamp="2018-10-19T20:32:58"/>
	<testcase classname="create_formatted_resistance_string_tests.CreateFormattedResistanceStringTests" name="testCreateFormattedResistanceStringFourBandBrownBlackWhiteGold" time="0.000" timestamp="2018-10-19T20:32:58"/>
	<testcase classname="create_formatted_resistance_string_tests.CreateFormattedResistanceStringTests" name="testCreateFormattedResistanceStringFourBandBrownBlackWhiteGreen" time="0.000" timestamp="2018-10-19T20:32:58"/>
	<testcase classname="create_formatted_resistance_string_tests.CreateFormattedResistanceStringTests" name="testCreateFormattedResistanceStringFourBandBrownBlackWhiteGrey" time="0.000" timestamp="2018-10-19T20:32:58"/>
	<testcase classname="create_formatted_resistance_string_tests.CreateFormattedResistanceStringTests" name="testCreateFormattedResistanceStringFourBandBrownBlackWhiteNone" time="0.000" timestamp="2018-10-19T20:32:58"/>
	<testcase classname="create_formatted_resistance_string_tests.CreateFormattedResistanceStringTests" name="testCreateFormattedResistanceStringFourBandBrownBlackWhiteRed" time="0.000" timestamp="2018-10-19T20:32:58"/>
	<testcase classname="create_formatted_resistance_string_tests.CreateFormattedResistanceStringTests" name="testCreateFormattedResistanceStringFourBandBrownBlackWhiteSilver" time="0.000" timestamp="2018-10-19T20:32:58"/>
	<testcase classname="create_formatted_resistance_string_tests.CreateFormattedResistanceStringTests" name="testCreateFormattedResistanceStringFourBandBrownBlackWhiteViolet" time="0.000" timestamp="2018-10-19T20:32:58"/>
	<testcase classname="create_formatted_resistance_string_tests.CreateFormattedResistanceStringTests" name="testCreateFormattedResistanceStringFourBandBrownBlackYellowBlue" time="0.000" timestamp="2018-10-19T20:32:58"/>
	<testcase classname="create_formatted_resistance_string_tests.CreateFormattedResistanceStringTests" name="testCreateFormattedResistanceStringFourBandBrownBlackYellowBrown" time="0.000" timestamp="2018-10-19T20:32:58"/>
	<testcase classname="create_formatted_resistance_string_tests.CreateFormattedResistanceStringTests" name="testCreateFormattedResistanceStringFourBandBrownBlackYellowGold" time="0.000" timestamp="2018-10-19T20:32:58"/>
	<testcase classname="create_formatted_resistance_string_tests.CreateFormattedResistanceStringTests" name="testCreateFormattedResistanceStringFourBandBrownBlackYellowGreen" time="0.000" timestamp="2018-10-19T20:32:58"/>
	<testcase classname="create_formatted_resistance_string_tests.CreateFormattedResistanceStringTests" name="testCreateFormattedResistanceStringFourBandBrownBlackYellowGrey" time="0.000" timestamp="2018-10-19T20:32:58"/>
	<testcase classname="create_formatted_resistance_string_tests.CreateFormattedResistanceStringTests" name="testCreateFormattedResistanceStringFourBandBrownBlackYellowNone" time="0.000" timestamp="2018-10-19T20:32:58"/>
	<testcase classname="create_formatted_resistance_string_tests.CreateFormattedResistanceStringTests" name="testCreateFormattedResistanceStringFourBandBrownBlackYellowRed" time="0.000" timestamp="2018-10-19T20:32:58"/>
	<testcase classname="create_formatted_resistance_string_tests.CreateFormattedResistanceStringTests" name="testCreateFormattedResistanceStringFourBandBrownBlackYellowSilver" time="0.000" timestamp="2018-10-19T20:32:58"/>
	<testcase classname="create_formatted_resistance_string_tests.CreateFormattedResistanceStringTests" name="testCreateFormattedResistanceStringFourBandBrownBlackYellowViolet" time="0.000" timestamp="2018-10-19T20:32:58"/>
	<testcase classname="create_formatted_resistance_string_tests.CreateFormattedResistanceStringTests" name="testCreateFormattedResistanceStringFourBandBrownBlueBlackBlue" time="0.000" timestamp="2018-10-19T20:32:58"/>
	<testcase classname="create_formatted_resistance_string_tests.CreateFormattedResistanceStringTests" name="testCreateFormattedResistanceStringFourBandBrownBlueBlackBrown" time="0.000" timestamp="2018-10-19T20:32:58"/>
	<testcase classname="create_formatted_resistance_string_tests.CreateFormattedResistanceStringTests" name="testCreateFormattedResistanceStringFourBandBrownBlueBlackGold" time="0.000" timestamp="2018-10-19T20:32:58"/>
	<testcase classname="create_formatted_resistance_string_tests.CreateFormattedResistanceStringTests" name="testCreateFormattedResistanceStringFourBandBrownBlueBlackGreen" time="0.000" timestamp="2018-10-19T20:32:58"/>
	<testcase classname="create_formatted_resistance_string_tests.CreateFormattedResistanceStringTests" name="testCreateFormattedResistanceStringFourBandBrownBlueBlackGrey" time="0.000" timestamp="2018-10-19T20:32:58"/>
	<testcase classname="create_formatted_resistance_string_tests.CreateFormattedResistanceStringTests" name="testCreateFormattedResistanceStringFourBandBrownBlueBlackNone" time="0.000" timestamp="2018-10-19T20:32:58"/>
	<testcase classname="create_formatted_resistance_string_tests.CreateFormattedResistanceStringTests" name="testCreateFormattedResistanceStringFourBandBrownBlueBlackRed" time="0.000" timestamp="2018-10-19T20:32:58"/>
	<testcase classname="create_formatted_resistance_string_tests.CreateFormattedResistanceStringTests" name="testCreateFormattedResistanceStringFourBandBrownBlueBlackSilver" time="0.000" timestamp="2018-10-19T20:32:58"/>
	<testcase classname="create_formatted_resistance_string_tests.CreateFormattedResistanceStringTests" name="testCreateFormattedResistanceStringFourBandBrownBlueBlackViolet" time="0.000" timestamp="2018-10-19T20:32:58"/>
	<testcase classname="create_formatted_resistance_string_tests.CreateFormattedResistanceStringTests" name="testCreateFormattedResistanceStringFourBandBrownBlueBlueBlue" time="0.000" timestamp="2018-10-19T20:32:58"/>
	<testcase classname="create_formatted_resistance_string_tests.CreateFormattedResistanceStringTests" name="testCreateFormattedResistanceStringFourBandBrownBlueBlueBrown" time="0.000" timestamp="2018-10-19T20:32:58"/>
	<testcase classname="create_formatted_resistance_string_tests.CreateFormattedResistanceStringTests" name="testCreateFormattedResistanceStringFourBandBrownBlueBlueGold" time="0.000" timestamp="2018-10-19T20:32:58"/>
	<testcase classname="create_formatted_resistance_string_tests.CreateFormattedResistanceStringTests" name="testCreateFormattedResistanceStringFourBandBrownBlueBlueGreen" time="0.000" timestamp="2018-10-19T20:32:58"/>
	<testcase classname="create_formatted_resistance_string_tests.CreateFormattedResistanceStringTests" name="testCreateFormattedResistanceStringFourBandBrownBlueBlueGrey" time="0.000" timestamp="2018-10-19T20:32:58"/>
	<testcase classname="create_formatted_resistance_string_tests.CreateFormattedResistanceStringTests" name="testCreateFormattedResistanceStringFourBandBrownBlueBlueNone" time="0.000" timestamp="2018-10-19T20:32:58"/>
	<testcase classname="create_formatted_resistance_string_tests.CreateFormattedResistanceStringTests" name="testCreateFormattedResistanceStringFourBandBrownBlueBlueRed" time="0.000" timestamp="2018-10-19T20:32:58"/>
	<testcase classname="create_formatted_resistance_string_tests.CreateFormattedResistanceStringTests" name="testCreateFormattedResistanceStringFourBandBrownBlueBlueSilver" time="0.000" timestamp="2018-10-19T20:32:58"/>
	<testcase classname="create_formatted_resistance_string_tests.CreateFormattedResistanceStringTests" name="testCreateFormattedResistanceStringFourBandBrownBlueBlueViolet" time="0.000" timestamp="2018-10-19T20:32:58"/>
	<testcase classname="create_formatted_resistance_string_tests.CreateFormattedResistanceStringTests" name="testCreateFormattedResistanceStringFourBandBrownBlueBrownBlue" time="0.000" timestamp="2018-10-19T20:32:58"/>
	<testcase classname="create_formatted_resistance_string_tests.CreateFormattedResistanceStringTests" name="testCreateFormattedResistanceStringFourBandBrownBlueBrownBrown" time="0.000" timestamp="2018-10-19T20:32:58"/>
	<testcase classname="create_formatted_resistance_string_tests.CreateFormattedResistanceStringTests" name="testCreateFormattedResistanceStringFourBandBrownBlueBrownGold" time="0.000" timestamp="2018-10-19T20:32:58"/>
	<testcase classname="create_formatted_resistance_string_tests.CreateFormattedResistanceStringTests" name="testCreateFormattedResistanceStringFourBandBrownBlueBrownGreen" time="0.000" timestamp="2018-10-19T20:32:58"/>
	<testcase classname="create_formatted_resistance_string_tests.CreateFormattedResistanceStringTests" name="testCreateFormattedResistanceStringFourBandBrownBlueBrownGrey" time="0.000" timestamp="2018-10-19T20:32:58"/>
	<testcase classname="create_formatted_resistance_string_tests.CreateFormattedResistanceStringTests" name="testCreateFormattedResistanceStringFourBandBrownBlueBrownNone" time="0.000" timestamp="2018-10-19T20:32:58"/>
	<testcase classname="create_formatted_resistance_string_tests.CreateFormattedResistanceStringTests" name="testCreateFormattedResistanceStringFourBandBrownBlueBrownRed" time="0.000" timestamp="2018-10-19T20:32:58"/>
	<testcase classname="create_formatted_resistance_string_tests.CreateFormattedResistanceStringTests" name="testCreateFormattedResistanceStringFourBandBrownBlueBrownSilver" time="0.000" timestamp="2018-10-19T20:32:58"/>
	<testcase classname="create_formatted_resistance_string_tests.CreateFormattedResistanceStringTests" name="testCreateFormattedResistanceStringFourBandBrownBlueBrownViolet" time="0.000" timestamp="2018-10-19T20:32:58"/>
	<testcase classname="create_formatted_resistance_string_tests.CreateFormattedResistanceStringTests" name="testCreateFormattedResistanceStringFourBandBrownBlueGoldBlue" time="0.000" timestamp="2018-10-19T20:32:58"/>
	<testcase classname="create_formatted_resistance_string_tests.CreateFormattedResistanceStringTests" name="testCreateFormattedResistanceStringFourBandBrownBlueGoldBrown" time="0.000" timestamp="2018-10-19T20:32:58"/>
	<testcase classname="create_formatted_resistance_string_tests.CreateFormattedResistanceStringTests" name="testCreateFormattedResistanceStringFourBandBrownBlueGoldGold" time="0.000" timestamp="2018-10-19T20:32:58"/>
	<testcase classname="create_formatted_resistance_string_tests.CreateFormattedResistanceStringTests" name="testCreateFormattedResistanceStringFourBandBrownBlueGoldGreen" time="0.000" timestamp="2018-10-19T20:32:58"/>
	<testcase classname="create_formatted_resistance_string_tests.CreateFormattedResistanceStringTests" name="testCreateFormattedResistanceStringFourBandBrownBlueGoldGrey" time="0.000" timestamp="2018-10-19T20:32:58"/>
	<testcase classname="create_formatted_resistance_string_tests.CreateFormattedResistanceStringTests" name="testCreateFormattedResistanceStringFourBandBrownBlueGoldNone" time="0.000" timestamp="2018-10-19T20:32:58"/>
	<testcase classname="create_formatted_resistance_string_tests.CreateFormattedResistanceStringTests" name="testCreateFormattedResistanceStringFourBandBrownBlueGoldRed" time="0.000" timestamp="2018-10-19T20:32:58"/>
	<testcase classname="create_formatted_resistance_string_tests.CreateFormattedResistanceStringTests" name="testCreateFormattedResistanceStringFourBandBrownBlueGoldSilver" time="0.000" timestamp="2018-10-19T20:32:58"/>
	<testcase classname="create_formatted_resistance_string_tests.CreateFormattedResistanceStringTests" name="testCreateFormattedResistanceStringFourBandBrownBlueGoldViolet" time="0.000" timestamp="2018-10-19T20:32:58"/>
	<testcase classname="create_formatted_resistance_string_tests.CreateFormattedResistanceStringTests" name="testCreateFormattedResistanceStringFourBandBrownBlueGreenBlue" time="0.000" timestamp="2018-10-19T20:32:58"/>
	<testcase classname="create_formatted_resistance_string_tests.CreateFormattedResistanceStringTests" name="testCreateFormattedResistanceStringFourBandBrownBlueGreenBrown" time="0.000" timestamp="2018-10-19T20:32:58"/>
	<testcase classname="create_formatted_resistance_string_tests.CreateFormattedResistanceStringTests" name="testCreateFormattedResistanceStringFourBandBrownBlueGreenGold" time="0.000" timestamp="2018-10-19T20:32:58"/>
	<testcase classname="create_formatted_resistance_string_tests.CreateFormattedResistanceStringTests" name="testCreateFormattedResistanceStringFourBandBrownBlueGreenGreen" time="0.000" timestamp="2018-10-19T20:32:58"/>
	<testcase classname="create_formatted_resistance_string_tests.CreateFormattedResistanceStringTests" name="testCreateFormattedResistanceStringFourBandBrownBlueGreenGrey" time="0.000" timestamp="2018-10-19T20:32:58"/>
	<testcase classname="create_formatted_resistance_string_tests.CreateFormattedResistanceStringTests" name="testCreateFormattedResistanceStringFourBandBrownBlueGreenNone" time="0.000" timestamp="2018-10-19T20:32:58"/>
	<testcase classname="create_formatted_resistance_string_tests.CreateFormattedResistanceStringTests" name="testCreateFormattedResistanceStringFourBandBrownBlueGreenRed" time="0.000" timestamp="2018-10-19T20:32:58"/>
	<testcase classname="create_formatted_resistance_string_tests.CreateFormattedResistanceStringTests" name="testCreateFormattedResistanceStringFourBandBrownBlueGreenSilver" time="0.000" timestamp="2018-10-19T20:32:58"/>
	<testcase classname="create_formatted_resistance_string_tests.CreateFormattedResistanceStringTests" name="testCreateFormattedResistanceStringFourBandBrownBlueGreenViolet" time="0.000" timestamp="2018-10-19T20:32:58"/>
	<testcase classname="create_formatted_resistance_string_tests.CreateFormattedResistanceStringTests" name="testCreateFormattedResistanceStringFourBandBrownBlueGreyBlue" time="0.000" timestamp="2018-10-19T20:32:58"/>
	<testcase classname="create_formatted_resistance_string_tests.CreateFormattedResistanceStringTests" name="testCreateFormattedResistanceStringFourBandBrownBlueGreyBrown" time="0.000" timestamp="2018-10-19T20:32:58"/>
	<testcase classname="create_formatted_resistance_string_tests.CreateFormattedResistanceStringTests" name="testCreateFormattedResistanceStringFourBandBrownBlueGreyGold" time="0.000" timestamp="2018-10-19T20:32:58"/>
	<testcase classname="create_formatted_resistance_string_tests.CreateFormattedResistanceStringTests" name="testCreateFormattedResistanceStringFourBandBrownBlueGreyGreen" time="0.000" timestamp="2018-10-19T20:32:58"/>
	<testcase classname="create_formatted_resistance_string_tests.CreateFormattedResistanceStringTests" name="testCreateFormattedResistanceStringFourBandBrownBlueGreyGrey" time="0.000" timestamp="2018-10-19T20:32:58"/>
	<testcase classname="create_formatted_resistance_string_tests.CreateFormattedResistanceStringTests" name="testCreateFormattedResistanceStringFourBandBrownBlueGreyNone" time="0.000" timestamp="2018-10-19T20:32:58"/>
	<testcase classname="create_formatted_resistance_string_tests.CreateFormattedResistanceStringTests" name="testCreateFormattedResistanceStringFourBandBrownBlueGreyRed" time="0.000" timestamp="2018-10-19T20:32:58"/>
	<testcase classname="create_formatted_resistance_string_tests.CreateFormattedResistanceStringTests" name="testCreateFormattedResistanceStringFourBandBrownBlueGreySilver" time="0.000" timestamp="2018-10-19T20:32:58"/>
	<testcase classname="create_formatted_resistance_string_tests.CreateFormattedResistanceStringTests" name="testCreateFormattedResistanceStringFourBandBrownBlueGreyViolet" time="0.000" timestamp="2018-10-19T20:32:58"/>
	<testcase classname="create_formatted_resistance_string_tests.CreateFormattedResistanceStringTests" name="testCreateFormattedResistanceStringFourBandBrownBlueOrangeBlue" time="0.000" timestamp="2018-10-19T20:32:58"/>
	<testcase classname="create_formatted_resistance_string_tests.CreateFormattedResistanceStringTests" name="testCreateFormattedResistanceStringFourBandBrownBlueOrangeBrown" time="0.000" timestamp="2018-10-19T20:32:58"/>
	<testcase classname="create_formatted_resistance_string_tests.CreateFormattedResistanceStringTests" name="testCreateFormattedResistanceStringFourBandBrownBlueOrangeGold" time="0.000" timestamp="2018-10-19T20:32:58"/>
	<testcase classname="create_formatted_resistance_string_tests.CreateFormattedResistanceStringTests" name="testCreateFormattedResistanceStringFourBandBrownBlueOrangeGreen" time="0.000" timestamp="2018-10-19T20:32:58"/>
	<testcase classname="create_formatted_resistance_string_tests.CreateFormattedResistanceStringTests" name="testCreateFormattedResistanceStringFourBandBrownBlueOrangeGrey" time="0.000" timestamp="2018-10-19T20:32:58"/>
	<testcase classname="create_formatted_resistance_string_tests.CreateFormattedResistanceStringTests" name="testCreateFormattedResistanceStringFourBandBrownBlueOrangeNone" time="0.000" timestamp="2018-10-19T20:32:58"/>
	<testcase classname="create_formatted_resistance_string_tests.CreateFormattedResistanceStringTests" name="testCreateFormattedResistanceStringFourBandBrownBlueOrangeRed" time="0.000" timestamp="2018-10-19T20:32:58"/>
	<testcase classname="create_formatted_resistance_string_tests.CreateFormattedResistanceStringTests" name="testCreateFormattedResistanceStringFourBandBrownBlueOrangeSilver" time="0.000" timestamp="2018-10-19T20:32:58"/>
	<testcase classname="create_formatted_resistance_string_tests.CreateFormattedResistanceStringTests" name="testCreateFormattedResistanceStringFourBandBrownBlueOrangeViolet" time="0.000" timestamp="2018-10-19T20:32:58"/>
	<testcase classname="create_formatted_resistance_string_tests.CreateFormattedResistanceStringTests" name="testCreateFormattedResistanceStringFourBandBrownBlueRedBlue" time="0.000" timestamp="2018-10-19T20:32:58"/>
	<testcase classname="create_formatted_resistance_string_tests.CreateFormattedResistanceStringTests" name="testCreateFormattedResistanceStringFourBandBrownBlueRedBrown" time="0.000" timestamp="2018-10-19T20:32:58"/>
	<testcase classname="create_formatted_resistance_string_tests.CreateFormattedResistanceStringTests" name="testCreateFormattedResistanceStringFourBandBrownBlueRedGold" time="0.000" timestamp="2018-10-19T20:32:58"/>
	<testcase classname="create_formatted_resistance_string_tests.CreateFormattedResistanceStringTests" name="testCreateFormattedResistanceStringFourBandBrownBlueRedGreen" time="0.000" timestamp="2018-10-19T20:32:58"/>
	<testcase classname="create_formatted_resistance_string_tests.CreateFormattedResistanceStringTests" name="testCreateFormattedResistanceStringFourBandBrownBlueRedGrey" time="0.000" timestamp="2018-10-19T20:32:58"/>
	<testcase classname="create_formatted_resistance_string_tests.CreateFormattedResistanceStringTests" name="testCreateFormattedResistanceStringFourBandBrownBlueRedNone" time="0.000" timestamp="2018-10-19T20:32:58"/>
	<testcase classname="create_formatted_resistance_string_tests.CreateFormattedResistanceStringTests" name="testCreateFormattedResistanceStringFourBandBrownBlueRedRed" time="0.000" timestamp="2018-10-19T20:32:58"/>
	<testcase classname="create_formatted_resistance_string_tests.CreateFormattedResistanceStringTests" name="testCreateFormattedResistanceStringFourBandBrownBlueRedSilver" time="0.000" timestamp="2018-10-19T20:32:58"/>
	<testcase classname="create_formatted_resistance_string_tests.CreateFormattedResistanceStringTests" name="testCreateFormattedResistanceStringFourBandBrownBlueRedViolet" time="0.000" timestamp="2018-10-19T20:32:58"/>
	<testcase classname="create_formatted_resistance_string_tests.CreateFormattedResistanceStringTests" name="testCreateFormattedResistanceStringFourBandBrownBlueSilverBlue" time="0.000" timestamp="2018-10-19T20:32:58"/>
	<testcase classname="create_formatted_resistance_string_tests.CreateFormattedResistanceStringTests" name="testCreateFormattedResistanceStringFourBandBrownBlueSilverBrown" time="0.000" timestamp="2018-10-19T20:32:58"/>
	<testcase classname="create_formatted_resistance_string_tests.CreateFormattedResistanceStringTests" name="testCreateFormattedResistanceStringFourBandBrownBlueSilverGold" time="0.000" timestamp="2018-10-19T20:32:58"/>
	<testcase classname="create_formatted_resistance_string_tests.CreateFormattedResistanceStringTests" name="testCreateFormattedResistanceStringFourBandBrownBlueSilverGreen" time="0.000" timestamp="2018-10-19T20:32:58"/>
	<testcase classname="create_formatted_resistance_string_tests.CreateFormattedResistanceStringTests" name="testCreateFormattedResistanceStringFourBandBrownBlueSilverGrey" time="0.000" timestamp="2018-10-19T20:32:58"/>
	<testcase classname="create_formatted_resistance_string_tests.CreateFormattedResistanceStringTests" name="testCreateFormattedResistanceStringFourBandBrownBlueSilverNone" time="0.000" timestamp="2018-10-19T20:32:58"/>
	<testcase classname="create_formatted_resistance_string_tests.CreateFormattedResistanceStringTests" name="testCreateFormattedResistanceStringFourBandBrownBlueSilverRed" time="0.000" timestamp="2018-10-19T20:32:58"/>
	<testcase classname="create_formatted_resistance_string_tests.CreateFormattedResistanceStringTests" name="testCreateFormattedResistanceStringFourBandBrownBlueSilverSilver" time="0.000" timestamp="2018-10-19T20:32:58"/>
	<testcase classname="create_formatted_resistance_string_tests.CreateFormattedResistanceStringTests" name="testCreateFormattedResistanceStringFourBandBrownBlueSilverViolet" time="0.000" timestamp="2018-10-19T20:32:58"/>
	<testcase classname="create_formatted_resistance_string_tests.CreateFormattedResistanceStringTests" name="testCreateFormattedResistanceStringFourBandBrownBlueVioletBlue" time="0.000" timestamp="2018-10-19T20:32:58"/>
	<testcase classname="create_formatted_resistance_string_tests.CreateFormattedResistanceStringTests" name="testCreateFormattedResistanceStringFourBandBrownBlueVioletBrown" time="0.000" timestamp="2018-10-19T20:32:58"/>
	<testcase classname="create_formatted_resistance_string_tests.CreateFormattedResistanceStringTests" name="testCreateFormattedResistanceStringFourBandBrownBlueVioletGold" time="0.000" timestamp="2018-10-19T20:32:58"/>
	<testcase classname="create_formatted_resistance_string_tests.CreateFormattedResistanceStringTests" name="testCreateFormattedResistanceStringFourBandBrownBlueVioletGreen" time="0.000" timestamp="2018-10-19T20:32:58"/>
	<testcase classname="create_formatted_resistance_string_tests.CreateFormattedResistanceStringTests" name="testCreateFormattedResistanceStringFourBandBrownBlueVioletGrey" time="0.000" timestamp="2018-10-19T20:32:58"/>
	<testcase classname="create_formatted_resistance_string_tests.CreateFormattedResistanceStringTests" name="testCreateFormattedResistanceStringFourBandBrownBlueVioletNone" time="0.000" timestamp="2018-10-19T20:32:58"/>
	<testcase classname="create_formatted_resistance_string_tests.CreateFormattedResistanceStringTests" name="testCreateFormattedResistanceStringFourBandBrownBlueVioletRed" time="0.000" timestamp="2018-10-19T20:32:58"/>
	<testcase classname="create_formatted_resistance_string_tests.CreateFormattedResistanceStringTests" name="testCreateFormattedResistanceStringFourBandBrownBlueVioletSilver" time="0.000" timestamp="2018-10-19T20:32:58"/>
	<testcase classname="create_formatted_resistance_string_tests.CreateFormattedResistanceStringTests" name="testCreateFormattedResistanceStringFourBandBrownBlueVioletViolet" time="0.000" timestamp="2018-10-19T20:32:58"/>
	<testcase classname="create_formatted_resistance_string_tests.CreateFormattedResistanceStringTests" name="testCreateFormattedResistanceStringFourBandBrownBlueWhiteBlue" time="0.000" timestamp="2018-10-19T20:32:58"/>
	<testcase classname="create_formatted_resistance_string_tests.CreateFormattedResistanceStringTests" name="testCreateFormattedResistanceStringFourBandBrownBlueWhiteBrown" time="0.000" timestamp="2018-10-19T20:32:58"/>
	<testcase classname="create_formatted_resistance_string_tests.CreateFormattedResistanceStringTests" name="testCreateFormattedResistanceStringFourBandBrownBlueWhiteGold" time="0.000" timestamp="2018-10-19T20:32:58"/>
	<testcase classname="create_formatted_resistance_string_tests.CreateFormattedResistanceStringTests" name="testCreateFormattedResistanceStringFourBandBrownBlueWhiteGreen" time="0.000" timestamp="2018-10-19T20:32:58"/>
	<testcase classname="create_formatted_resistance_string_tests.CreateFormattedResistanceStringTests" name="testCreateFormattedResistanceStringFourBandBrownBlueWhiteGrey" time="0.000" timestamp="2018-10-19T20:32:58"/>
	<testcase classname="create_formatted_resistance_string_tests.CreateFormattedResistanceStringTests" name="testCreateFormattedResistanceStringFourBandBrownBlueWhiteNone" time="0.000" timestamp="2018-10-19T20:32:58"/>
	<testcase classname="create_formatted_resistance_string_tests.CreateFormattedResistanceStringTests" name="testCreateFormattedResistanceStringFourBandBrownBlueWhiteRed" time="0.000" timestamp="2018-10-19T20:32:58"/>
	<testcase classname="create_formatted_resistance_string_tests.CreateFormattedResistanceStringTests" name="testCreateFormattedResistanceStringFourBandBrownBlueWhiteSilver" time="0.000" timestamp="2018-10-19T20:32:58"/>
	<testcase classname="create_formatted_resistance_string_tests.CreateFormattedResistanceStringTests" name="testCreateFormattedResistanceStringFourBandBrownBlueWhiteViolet" time="0.000" timestamp="2018-10-19T20:32:58"/>
	<testcase classname="create_formatted_resistance_string_tests.CreateFormattedResistanceStringTests" name="testCreateFormattedResistanceStringFourBandBrownBlueYellowBlue" time="0.000" timestamp="2018-10-19T20:32:58"/>
	<testcase classname="create_formatted_resistance_string_tests.CreateFormattedResistanceStringTests" name="testCreateFormattedResistanceStringFourBandBrownBlueYellowBrown" time="0.000" timestamp="2018-10-19T20:32:58"/>
	<testcase classname="create_formatted_resistance_string_tests.CreateFormattedResistanceStringTests" name="testCreateFormattedResistanceStringFourBandBrownBlueYellowGold" time="0.000" timestamp="2018-10-19T20:32:58"/>
	<testcase classname="create_formatted_resistance_string_tests.CreateFormattedResistanceStringTests" name="testCreateFormattedResistanceStringFourBandBrownBlueYellowGreen" time="0.000" timestamp="2018-10-19T20:32:58"/>
	<testcase classname="create_formatted_resistance_string_tests.CreateFormattedResistanceStringTests" name="testCreateFormattedResistanceStringFourBandBrownBlueYellowGrey" time="0.000" timestamp="2018-10-19T20:32:58"/>
	<testcase classname="create_formatted_resistance_string_tests.CreateFormattedResistanceStringTests" name="testCreateFormattedResistanceStringFourBandBrownBlueYellowNone" time="0.000" timestamp="2018-10-19T20:32:58"/>
	<testcase classname="create_formatted_resistance_string_tests.CreateFormattedResistanceStringTests" name="testCreateFormattedResistanceStringFourBandBrownBlueYellowRed" time="0.000" timestamp="2018-10-19T20:32:58"/>
	<testcase classname="create_formatted_resistance_string_tests.CreateFormattedResistanceStringTests" name="testCreateFormattedResistanceStringFourBandBrownBlueYellowSilver" time="0.000" timestamp="2018-10-19T20:32:58"/>
	<testcase classname="create_formatted_resistance_string_tests.CreateFormattedResistanceStringTests" name="testCreateFormattedResistanceStringFourBandBrownBlueYellowViolet" time="0.000" timestamp="2018-10-19T20:32:58"/>
	<testcase classname="create_formatted_resistance_string_tests.CreateFormattedResistanceStringTests" name="testCreateFormattedResistanceStringFourBandBrownBrownBlackBlue" time="0.000" timestamp="2018-10-19T20:32:58"/>
	<testcase classname="create_formatted_resistance_string_tests.CreateFormattedResistanceStringTests" name="testCreateFormattedResistanceStringFourBandBrownBrownBlackBrown" time="0.000" timestamp="2018-10-19T20:32:58"/>
	<testcase classname="create_formatted_resistance_string_tests.CreateFormattedResistanceStringTests" name="testCreateFormattedResistanceStringFourBandBrownBrownBlackGold" time="0.000" timestamp="2018-10-19T20:32:58"/>
	<testcase classname="create_formatted_resistance_string_tests.CreateFormattedResistanceStringTests" name="testCreateFormattedResistanceStringFourBandBrownBrownBlackGreen" time="0.000" timestamp="2018-10-19T20:32:58"/>
	<testcase classname="create_formatted_resistance_string_tests.CreateFormattedResistanceStringTests" name="testCreateFormattedResistanceStringFourBandBrownBrownBlackGrey" time="0.000" timestamp="2018-10-19T20:32:58"/>
	<testcase classname="create_formatted_resistance_string_tests.CreateFormattedResistanceStringTests" name="testCreateFormattedResistanceStringFourBandBrownBrownBlackNone" time="0.000" timestamp="2018-10-19T20:32:58"/>
	<testcase classname="create_formatted_resistance_string_tests.CreateFormattedResistanceStringTests" name="testCreateFormattedResistanceStringFourBandBrownBrownBlackRed" time="0.000" timestamp="2018-10-19T20:32:58"/>
	<testcase classname="create_formatted_resistance_string_tests.CreateFormattedResistanceStringTests" name="testCreateFormattedResistanceStringFourBandBrownBrownBlackSilver" time="0.000" timestamp="2018-10-19T20:32:58"/>
	<testcase classname="create_formatted_resistance_string_tests.CreateFormattedResistanceStringTests" name="testCreateFormattedResistanceStringFourBandBrownBrownBlackViolet" time="0.000" timestamp="2018-10-19T20:32:58"/>
	<testcase classname="create_formatted_resistance_string_tests.CreateFormattedResistanceStringTests" name="testCreateFormattedResistanceStringFourBandBrownBrownBlueBlue" time="0.000" timestamp="2018-10-19T20:32:58"/>
	<testcase classname="create_formatted_resistance_string_tests.CreateFormattedResistanceStringTests" name="testCreateFormattedResistanceStringFourBandBrownBrownBlueBrown" time="0.000" timestamp="2018-10-19T20:32:58"/>
	<testcase classname="create_formatted_resistance_string_tests.CreateFormattedResistanceStringTests" name="testCreateFormattedResistanceStringFourBandBrownBrownBlueGold" time="0.000" timestamp="2018-10-19T20:32:59"/>
	<testcase classname="create_formatted_resistance_string_tests.CreateFormattedResistanceStringTests" name="testCreateFormattedResistanceStringFourBandBrownBrownBlueGreen" time="0.000" timestamp="2018-10-19T20:32:59"/>
	<testcase classname="create_formatted_resistance_string_tests.CreateFormattedResistanceStringTests" name="testCreateFormattedResistanceStringFourBandBrownBrownBlueGrey" time="0.000" timestamp="2018-10-19T20:32:59"/>
	<testcase classname="create_formatted_resistance_string_tests.CreateFormattedResistanceStringTests" name="testCreateFormattedResistanceStringFourBandBrownBrownBlueNone" time="0.000" timestamp="2018-10-19T20:32:59"/>
	<testcase classname="create_formatted_resistance_string_tests.CreateFormattedResistanceStringTests" name="testCreateFormattedResistanceStringFourBandBrownBrownBlueRed" time="0.000" timestamp="2018-10-19T20:32:59"/>
	<testcase classname="create_formatted_resistance_string_tests.CreateFormattedResistanceStringTests" name="testCreateFormattedResistanceStringFourBandBrownBrownBlueSilver" time="0.000" timestamp="2018-10-19T20:32:59"/>
	<testcase classname="create_formatted_resistance_string_tests.CreateFormattedResistanceStringTests" name="testCreateFormattedResistanceStringFourBandBrownBrownBlueViolet" time="0.000" timestamp="2018-10-19T20:32:59"/>
	<testcase classname="create_formatted_resistance_string_tests.CreateFormattedResistanceStringTests" name="testCreateFormattedResistanceStringFourBandBrownBrownBrownBlue" time="0.000" timestamp="2018-10-19T20:32:59"/>
	<testcase classname="create_formatted_resistance_string_tests.CreateFormattedResistanceStringTests" name="testCreateFormattedResistanceStringFourBandBrownBrownBrownBrown" time="0.000" timestamp="2018-10-19T20:32:59"/>
	<testcase classname="create_formatted_resistance_string_tests.CreateFormattedResistanceStringTests" name="testCreateFormattedResistanceStringFourBandBrownBrownBrownGold" time="0.000" timestamp="2018-10-19T20:32:59"/>
	<testcase classname="create_formatted_resistance_string_tests.CreateFormattedResistanceStringTests" name="testCreateFormattedResistanceStringFourBandBrownBrownBrownGreen" time="0.000" timestamp="2018-10-19T20:32:59"/>
	<testcase classname="create_formatted_resistance_string_tests.CreateFormattedResistanceStringTests" name="testCreateFormattedResistanceStringFourBandBrownBrownBrownGrey" time="0.000" timestamp="2018-10-19T20:32:59"/>
	<testcase classname="create_formatted_resistance_string_tests.CreateFormattedResistanceStringTests" name="testCreateFormattedResistanceStringFourBandBrownBrownBrownNone" time="0.000" timestamp="2018-10-19T20:32:59"/>
	<testcase classname="create_formatted_resistance_string_tests.CreateFormattedResistanceStringTests" name="testCreateFormattedResistanceStringFourBandBrownBrownBrownRed" time="0.000" timestamp="2018-10-19T20:32:59"/>
	<testcase classname="create_formatted_resistance_string_tests.CreateFormattedResistanceStringTests" name="testCreateFormattedResistanceStringFourBandBrownBrownBrownSilver" time="0.000" timestamp="2018-10-19T20:32:59"/>
	<testcase classname="create_formatted_resistance_string_tests.CreateFormattedResistanceStringTests" name="testCreateFormattedResistanceStringFourBandBrownBrownBrownViolet" time="0.000" timestamp="2018-10-19T20:32:59"/>
	<testcase classname="create_formatted_resistance_string_tests.CreateFormattedResistanceStringTests" name="testCreateFormattedResistanceStringFourBandBrownBrownGoldBlue" time="0.000" timestamp="2018-10-19T20:32:59"/>
	<testcase classname="create_formatted_resistance_string_tests.CreateFormattedResistanceStringTests" name="testCreateFormattedResistanceStringFourBandBrownBrownGoldBrown" time="0.000" timestamp="2018-10-19T20:32:59"/>
	<testcase classname="create_formatted_resistance_string_tests.CreateFormattedResistanceStringTests" name="testCreateFormattedResistanceStringFourBandBrownBrownGoldGold" time="0.000" timestamp="2018-10-19T20:32:59"/>
	<testcase classname="create_formatted_resistance_string_tests.CreateFormattedResistanceStringTests" name="testCreateFormattedResistanceStringFourBandBrownBrownGoldGreen" time="0.000" timestamp="2018-10-19T20:32:59"/>
	<testcase classname="create_formatted_resistance_string_tests.CreateFormattedResistanceStringTests" name="testCreateFormattedResistanceStringFourBandBrownBrownGoldGrey" time="0.000" timestamp="2018-10-19T20:32:59"/>
	<testcase classname="create_formatted_resistance_string_tests.CreateFormattedResistanceStringTests" name="testCreateFormattedResistanceStringFourBandBrownBrownGoldNone" time="0.000" timestamp="2018-10-19T20:32:59"/>
	<testcase classname="create_formatted_resistance_string_tests.CreateFormattedResistanceStringTests" name="testCreateFormattedResistanceStringFourBandBrownBrownGoldRed" time="0.000" timestamp="2018-10-19T20:32:59"/>
	<testcase classname="create_formatted_resistance_string_tests.CreateFormattedResistanceStringTests" name="testCreateFormattedResistanceStringFourBandBrownBrownGoldSilver" time="0.000" timestamp="2018-10-19T20:32:59"/>
	<testcase classname="create_formatted_resistance_string_tests.CreateFormattedResistanceStringTests" name="testCreateFormattedResistanceStringFourBandBrownBrownGoldViolet" time="0.000" timestamp="2018-10-19T20:32:59"/>
	<testcase classname="create_formatted_resistance_string_tests.CreateFormattedResistanceStringTests" name="testCreateFormattedResistanceStringFourBandBrownBrownGreenBlue" time="0.000" timestamp="2018-10-19T20:32:59"/>
	<testcase classname="create_formatted_resistance_string_tests.CreateFormattedResistanceStringTests" name="testCreateFormattedResistanceStringFourBandBrownBrownGreenBrown" time="0.000" timestamp="2018-10-19T20:32:59"/>
	<testcase classname="create_formatted_resistance_string_tests.CreateFormattedResistanceStringTests" name="testCreateFormattedResistanceStringFourBandBrownBrownGreenGold" time="0.000" timestamp="2018-10-19T20:32:59"/>
	<testcase classname="create_formatted_resistance_string_tests.CreateFormattedResistanceStringTests" name="testCreateFormattedResistanceStringFourBandBrownBrownGreenGreen" time="0.000" timestamp="2018-10-19T20:32:59"/>
	<testcase classname="create_formatted_resistance_string_tests.CreateFormattedResistanceStringTests" name="testCreateFormattedResistanceStringFourBandBrownBrownGreenGrey" time="0.000" timestamp="2018-10-19T20:32:59"/>
	<testcase classname="create_formatted_resistance_string_tests.CreateFormattedResistanceStringTests" name="testCreateFormattedResistanceStringFourBandBrownBrownGreenNone" time="0.000" timestamp="2018-10-19T20:32:59"/>
	<testcase classname="create_formatted_resistance_string_tests.CreateFormattedResistanceStringTests" name="testCreateFormattedResistanceStringFourBandBrownBrownGreenRed" time="0.000" timestamp="2018-10-19T20:32:59"/>
	<testcase classname="create_formatted_resistance_string_tests.CreateFormattedResistanceStringTests" name="testCreateFormattedResistanceStringFourBandBrownBrownGreenSilver" time="0.000" timestamp="2018-10-19T20:32:59"/>
	<testcase classname="create_formatted_resistance_string_tests.CreateFormattedResistanceStringTests" name="testCreateFormattedResistanceStringFourBandBrownBrownGreenViolet" time="0.000" timestamp="2018-10-19T20:32:59"/>
	<testcase classname="create_formatted_resistance_string_tests.CreateFormattedResistanceStringTests" name="testCreateFormattedResistanceStringFourBandBrownBrownGreyBlue" time="0.000" timestamp="2018-10-19T20:32:59"/>
	<testcase classname="create_formatted_resistance_string_tests.CreateFormattedResistanceStringTests" name="testCreateFormattedResistanceStringFourBandBrownBrownGreyBrown" time="0.000" timestamp="2018-10-19T20:32:59"/>
	<testcase classname="create_formatted_resistance_string_tests.CreateFormattedResistanceStringTests" name="testCreateFormattedResistanceStringFourBandBrownBrownGreyGold" time="0.000" timestamp="2018-10-19T20:32:59"/>
	<testcase classname="create_formatted_resistance_string_tests.CreateFormattedResistanceStringTests" name="testCreateFormattedResistanceStringFourBandBrownBrownGreyGreen" time="0.000" timestamp="2018-10-19T20:32:59"/>
	<testcase classname="create_formatted_resistance_string_tests.CreateFormattedResistanceStringTests" name="testCreateFormattedResistanceStringFourBandBrownBrownGreyGrey" time="0.000" timestamp="2018-10-19T20:32:59"/>
	<testcase classname="create_formatted_resistance_string_tests.CreateFormattedResistanceStringTests" name="testCreateFormattedResistanceStringFourBandBrownBrownGreyNone" time="0.000" timestamp="2018-10-19T20:32:59"/>
	<testcase classname="create_formatted_resistance_string_tests.CreateFormattedResistanceStringTests" name="testCreateFormattedResistanceStringFourBandBrownBrownGreyRed" time="0.000" timestamp="2018-10-19T20:32:59"/>
	<testcase classname="create_formatted_resistance_string_tests.CreateFormattedResistanceStringTests" name="testCreateFormattedResistanceStringFourBandBrownBrownGreySilver" time="0.000" timestamp="2018-10-19T20:32:59"/>
	<testcase classname="create_formatted_resistance_string_tests.CreateFormattedResistanceStringTests" name="testCreateFormattedResistanceStringFourBandBrownBrownGreyViolet" time="0.000" timestamp="2018-10-19T20:32:59"/>
	<testcase classname="create_formatted_resistance_string_tests.CreateFormattedResistanceStringTests" name="testCreateFormattedResistanceStringFourBandBrownBrownOrangeBlue" time="0.000" timestamp="2018-10-19T20:32:59"/>
	<testcase classname="create_formatted_resistance_string_tests.CreateFormattedResistanceStringTests" name="testCreateFormattedResistanceStringFourBandBrownBrownOrangeBrown" time="0.000" timestamp="2018-10-19T20:32:59"/>
	<testcase classname="create_formatted_resistance_string_tests.CreateFormattedResistanceStringTests" name="testCreateFormattedResistanceStringFourBandBrownBrownOrangeGold" time="0.000" timestamp="2018-10-19T20:32:59"/>
	<testcase classname="create_formatted_resistance_string_tests.CreateFormattedResistanceStringTests" name="testCreateFormattedResistanceStringFourBandBrownBrownOrangeGreen" time="0.000" timestamp="2018-10-19T20:32:59"/>
	<testcase classname="create_formatted_resistance_string_tests.CreateFormattedResistanceStringTests" name="testCreateFormattedResistanceStringFourBandBrownBrownOrangeGrey" time="0.000" timestamp="2018-10-19T20:32:59"/>
	<testcase classname="create_formatted_resistance_string_tests.CreateFormattedResistanceStringTests" name="testCreateFormattedResistanceStringFourBandBrownBrownOrangeNone" time="0.000" timestamp="2018-10-19T20:32:59"/>
	<testcase classname="create_formatted_resistance_string_tests.CreateFormattedResistanceStringTests" name="testCreateFormattedResistanceStringFourBandBrownBrownOrangeRed" time="0.000" timestamp="2018-10-19T20:32:59"/>
	<testcase classname="create_formatted_resistance_string_tests.CreateFormattedResistanceStringTests" name="testCreateFormattedResistanceStringFourBandBrownBrownOrangeSilver" time="0.000" timestamp="2018-10-19T20:32:59"/>
	<testcase classname="create_formatted_resistance_string_tests.CreateFormattedResistanceStringTests" name="testCreateFormattedResistanceStringFourBandBrownBrownOrangeViolet" time="0.000" timestamp="2018-10-19T20:32:59"/>
	<testcase classname="create_formatted_resistance_string_tests.CreateFormattedResistanceStringTests" name="testCreateFormattedResistanceStringFourBandBrownBrownRedBlue" time="0.000" timestamp="2018-10-19T20:32:59"/>
	<testcase classname="create_formatted_resistance_string_tests.CreateFormattedResistanceStringTests" name="testCreateFormattedResistanceStringFourBandBrownBrownRedBrown" time="0.000" timestamp="2018-10-19T20:32:59"/>
	<testcase classname="create_formatted_resistance_string_tests.CreateFormattedResistanceStringTests" name="testCreateFormattedResistanceStringFourBandBrownBrownRedGold" time="0.000" timestamp="2018-10-19T20:32:59"/>
	<testcase classname="create_formatted_resistance_string_tests.CreateFormattedResistanceStringTests" name="testCreateFormattedResistanceStringFourBandBrownBrownRedGreen" time="0.000" timestamp="2018-10-19T20:32:59"/>
	<testcase classname="create_formatted_resistance_string_tests.CreateFormattedResistanceStringTests" name="testCreateFormattedResistanceStringFourBandBrownBrownRedGrey" time="0.000" timestamp="2018-10-19T20:32:59"/>
	<testcase classname="create_formatted_resistance_string_tests.CreateFormattedResistanceStringTests" name="testCreateFormattedResistanceStringFourBandBrownBrownRedNone" time="0.000" timestamp="2018-10-19T20:32:59"/>
	<testcase classname="create_formatted_resistance_string_tests.CreateFormattedResistanceStringTests" name="testCreateFormattedResistanceStringFourBandBrownBrownRedRed" time="0.000" timestamp="2018-10-19T20:32:59"/>
	<testcase classname="create_formatted_resistance_string_tests.CreateFormattedResistanceStringTests" name="testCreateFormattedResistanceStringFourBandBrownBrownRedSilver" time="0.000" timestamp="2018-10-19T20:32:59"/>
	<testcase classname="create_formatted_resistance_string_tests.CreateFormattedResistanceStringTests" name="testCreateFormattedResistanceStringFourBandBrownBrownRedViolet" time="0.000" timestamp="2018-10-19T20:32:59"/>
	<testcase classname="create_formatted_resistance_string_tests.CreateFormattedResistanceStringTests" name="testCreateFormattedResistanceStringFourBandBrownBrownSilverBlue" time="0.000" timestamp="2018-10-19T20:32:59"/>
	<testcase classname="create_formatted_resistance_string_tests.CreateFormattedResistanceStringTests" name="testCreateFormattedResistanceStringFourBandBrownBrownSilverBrown" time="0.000" timestamp="2018-10-19T20:32:59"/>
	<testcase classname="create_formatted_resistance_string_tests.CreateFormattedResistanceStringTests" name="testCreateFormattedResistanceStringFourBandBrownBrownSilverGold" time="0.000" timestamp="2018-10-19T20:32:59"/>
	<testcase classname="create_formatted_resistance_string_tests.CreateFormattedResistanceStringTests" name="testCreateFormattedResistanceStringFourBandBrownBrownSilverGreen" time="0.000" timestamp="2018-10-19T20:32:59"/>
	<testcase classname="create_formatted_resistance_string_tests.CreateFormattedResistanceStringTests" name="testCreateFormattedResistanceStringFourBandBrownBrownSilverGrey" time="0.000" timestamp="2018-10-19T20:32:59"/>
	<testcase classname="create_formatted_resistance_string_tests.CreateFormattedResistanceStringTests" name="testCreateFormattedResistanceStringFourBandBrownBrownSilverNone" time="0.000" timestamp="2018-10-19T20:32:59"/>
	<testcase classname="create_formatted_resistance_string_tests.CreateFormattedResistanceStringTests" name="testCreateFormattedResistanceStringFourBandBrownBrownSilverRed" time="0.000" timestamp="2018-10-19T20:32:59"/>
	<testcase classname="create_formatted_resistance_string_tests.CreateFormattedResistanceStringTests" name="testCreateFormattedResistanceStringFourBandBrownBrownSilverSilver" time="0.000" timestamp="2018-10-19T20:32:59"/>
	<testcase classname="create_formatted_resistance_string_tests.CreateFormattedResistanceStringTests" name="testCreateFormattedResistanceStringFourBandBrownBrownSilverViolet" time="0.000" timestamp="2018-10-19T20:32:59"/>
	<testcase classname="create_formatted_resistance_string_tests.CreateFormattedResistanceStringTests" name="testCreateFormattedResistanceStringFourBandBrownBrownVioletBlue" time="0.000" timestamp="2018-10-19T20:32:59"/>
	<testcase classname="create_formatted_resistance_string_tests.CreateFormattedResistanceStringTests" name="testCreateFormattedResistanceStringFourBandBrownBrownVioletBrown" time="0.000" timestamp="2018-10-19T20:32:59"/>
	<testcase classname="create_formatted_resistance_string_tests.CreateFormattedResistanceStringTests" name="testCreateFormattedResistanceStringFourBandBrownBrownVioletGold" time="0.000" timestamp="2018-10-19T20:32:59"/>
	<testcase classname="create_formatted_resistance_string_tests.CreateFormattedResistanceStringTests" name="testCreateFormattedResistanceStringFourBandBrownBrownVioletGreen" time="0.000" timestamp="2018-10-19T20:32:59"/>
	<testcase classname="create_formatted_resistance_string_tests.CreateFormattedResistanceStringTests" name="testCreateFormattedResistanceStringFourBandBrownBrownVioletGrey" time="0.000" timestamp="2018-10-19T20:32:59"/>
	<testcase classname="create_formatted_resistance_string_tests.CreateFormattedResistanceStringTests" name="testCreateFormattedResistanceStringFourBandBrownBrownVioletNone" time="0.000" timestamp="2018-10-19T20:32:59"/>
	<testcase classname="create_formatted_resistance_string_tests.CreateFormattedResistanceStringTests" name="testCreateFormattedResistanceStringFourBandBrownBrownVioletRed" time="0.000" timestamp="2018-10-19T20:32:59"/>
	<testcase classname="create_formatted_resistance_string_tests.CreateFormattedResistanceStringTests" name="testCreateFormattedResistanceStringFourBandBrownBrownVioletSilver" time="0.000" timestamp="2018-10-19T20:32:59"/>
	<testcase classname="create_formatted_resistance_string_tests.CreateFormattedResistanceStringTests" name="testCreateFormattedResistanceStringFourBandBrownBrownVioletViolet" time="0.000" timestamp="2018-10-19T20:32:59"/>
	<testcase classname="create_formatted_resistance_string_tests.CreateFormattedResistanceStringTests" name="testCreateFormattedResistanceStringFourBandBrownBrownWhiteBlue" time="0.000" timestamp="2018-10-19T20:32:59"/>
	<testcase classname="create_formatted_resistance_string_tests.CreateFormattedResistanceStringTests" name="testCreateFormattedResistanceStringFourBandBrownBrownWhiteBrown" time="0.000" timestamp="2018-10-19T20:32:59"/>
	<testcase classname="create_formatted_resistance_string_tests.CreateFormattedResistanceStringTests" name="testCreateFormattedResistanceStringFourBandBrownBrownWhiteGold" time="0.000" timestamp="2018-10-19T20:32:59"/>
	<testcase classname="create_formatted_resistance_string_tests.CreateFormattedResistanceStringTests" name="testCreateFormattedResistanceStringFourBandBrownBrownWhiteGreen" time="0.000" timestamp="2018-10-19T20:32:59"/>
	<testcase classname="create_formatted_resistance_string_tests.CreateFormattedResistanceStringTests" name="testCreateFormattedResistanceStringFourBandBrownBrownWhiteGrey" time="0.000" timestamp="2018-10-19T20:32:59"/>
	<testcase classname="create_formatted_resistance_string_tests.CreateFormattedResistanceStringTests" name="testCreateFormattedResistanceStringFourBandBrownBrownWhiteNone" time="0.000" timestamp="2018-10-19T20:32:59"/>
	<testcase classname="create_formatted_resistance_string_tests.CreateFormattedResistanceStringTests" name="testCreateFormattedResistanceStringFourBandBrownBrownWhiteRed" time="0.000" timestamp="2018-10-19T20:32:59"/>
	<testcase classname="create_formatted_resistance_string_tests.CreateFormattedResistanceStringTests" name="testCreateFormattedResistanceStringFourBandBrownBrownWhiteSilver" time="0.000" timestamp="2018-10-19T20:32:59"/>
	<testcase classname="create_formatted_resistance_string_tests.CreateFormattedResistanceStringTests" name="testCreateFormattedResistanceStringFourBandBrownBrownWhiteViolet" time="0.000" timestamp="2018-10-19T20:32:59"/>
	<testcase classname="create_formatted_resistance_string_tests.CreateFormattedResistanceStringTests" name="testCreateFormattedResistanceStringFourBandBrownBrownYellowBlue" time="0.000" timestamp="2018-10-19T20:32:59"/>
	<testcase classname="create_formatted_resistance_string_tests.CreateFormattedResistanceStringTests" name="testCreateFormattedResistanceStringFourBandBrownBrownYellowBrown" time="0.000" timestamp="2018-10-19T20:32:59"/>
	<testcase classname="create_formatted_resistance_string_tests.CreateFormattedResistanceStringTests" name="testCreateFormattedResistanceStringFourBandBrownBrownYellowGold" time="0.000" timestamp="2018-10-19T20:32:59"/>
	<testcase classname="create_formatted_resistance_string_tests.CreateFormattedResistanceStringTests" name="testCreateFormattedResistanceStringFourBandBrownBrownYellowGreen" time="0.000" timestamp="2018-10-19T20:32:59"/>
	<testcase classname="create_formatted_resistance_string_tests.CreateFormattedResistanceStringTests" name="testCreateFormattedResistanceStringFourBandBrownBrownYellowGrey" time="0.000" timestamp="2018-10-19T20:32:59"/>
	<testcase classname="create_formatted_resistance_string_tests.CreateFormattedResistanceStringTests" name="testCreateFormattedResistanceStringFourBandBrownBrownYellowNone" time="0.000" timestamp="2018-10-19T20:32:59"/>
	<testcase classname="create_formatted_resistance_string_tests.CreateFormattedResistanceStringTests" name="testCreateFormattedResistanceStringFourBandBrownBrownYellowRed" time="0.000" timestamp="2018-10-19T20:32:59"/>
	<testcase classname="create_formatted_resistance_string_tests.CreateFormattedResistanceStringTests" name="testCreateFormattedResistanceStringFourBandBrownBrownYellowSilver" time="0.000" timestamp="2018-10-19T20:32:59"/>
	<testcase classname="create_formatted_resistance_string_tests.CreateFormattedResistanceStringTests" name="testCreateFormattedResistanceStringFourBandBrownBrownYellowViolet" time="0.000" timestamp="2018-10-19T20:32:59"/>
	<testcase classname="create_formatted_resistance_string_tests.CreateFormattedResistanceStringTests" name="testCreateFormattedResistanceStringFourBandBrownGreenBlackBlue" time="0.000" timestamp="2018-10-19T20:32:59"/>
	<testcase classname="create_formatted_resistance_string_tests.CreateFormattedResistanceStringTests" name="testCreateFormattedResistanceStringFourBandBrownGreenBlackBrown" time="0.000" timestamp="2018-10-19T20:32:59"/>
	<testcase classname="create_formatted_resistance_string_tests.CreateFormattedResistanceStringTests" name="testCreateFormattedResistanceStringFourBandBrownGreenBlackGold" time="0.000" timestamp="2018-10-19T20:32:59"/>
	<testcase classname="create_formatted_resistance_string_tests.CreateFormattedResistanceStringTests" name="testCreateFormattedResistanceStringFourBandBrownGreenBlackGreen" time="0.000" timestamp="2018-10-19T20:32:59"/>
	<testcase classname="create_formatted_resistance_string_tests.CreateFormattedResistanceStringTests" name="testCreateFormattedResistanceStringFourBandBrownGreenBlackGrey" time="0.000" timestamp="2018-10-19T20:32:59"/>
	<testcase classname="create_formatted_resistance_string_tests.CreateFormattedResistanceStringTests" name="testCreateFormattedResistanceStringFourBandBrownGreenBlackNone" time="0.000" timestamp="2018-10-19T20:32:59"/>
	<testcase classname="create_formatted_resistance_string_tests.CreateFormattedResistanceStringTests" name="testCreateFormattedResistanceStringFourBandBrownGreenBlackRed" time="0.000" timestamp="2018-10-19T20:32:59"/>
	<testcase classname="create_formatted_resistance_string_tests.CreateFormattedResistanceStringTests" name="testCreateFormattedResistanceStringFourBandBrownGreenBlackSilver" time="0.000" timestamp="2018-10-19T20:32:59"/>
	<testcase classname="create_formatted_resistance_string_tests.CreateFormattedResistanceStringTests" name="testCreateFormattedResistanceStringFourBandBrownGreenBlackViolet" time="0.000" timestamp="2018-10-19T20:32:59"/>
	<testcase classname="create_formatted_resistance_string_tests.CreateFormattedResistanceStringTests" name="testCreateFormattedResistanceStringFourBandBrownGreenBlueBlue" time="0.000" timestamp="2018-10-19T20:32:59"/>
	<testcase classname="create_formatted_resistance_string_tests.CreateFormattedResistanceStringTests" name="testCreateFormattedResistanceStringFourBandBrownGreenBlueBrown" time="0.000" timestamp="2018-10-19T20:32:59"/>
	<testcase classname="create_formatted_resistance_string_tests.CreateFormattedResistanceStringTests" name="testCreateFormattedResistanceStringFourBandBrownGreenBlueGold" time="0.000" timestamp="2018-10-19T20:32:59"/>
	<testcase classname="create_formatted_resistance_string_tests.CreateFormattedResistanceStringTests" name="testCreateFormattedResistanceStringFourBandBrownGreenBlueGreen" time="0.000" timestamp="2018-10-19T20:32:59"/>
	<testcase classname="create_formatted_resistance_string_tests.CreateFormattedResistanceStringTests" name="testCreateFormattedResistanceStringFourBandBrownGreenBlueGrey" time="0.000" timestamp="2018-10-19T20:32:59"/>
	<testcase classname="create_formatted_resistance_string_tests.CreateFormattedResistanceStringTests" name="testCreateFormattedResistanceStringFourBandBrownGreenBlueNone" time="0.000" timestamp="2018-10-19T20:32:59"/>
	<testcase classname="create_formatted_resistance_string_tests.CreateFormattedResistanceStringTests" name="testCreateFormattedResistanceStringFourBandBrownGreenBlueRed" time="0.000" timestamp="2018-10-19T20:32:59"/>
	<testcase classname="create_formatted_resistance_string_tests.CreateFormattedResistanceStringTests" name="testCreateFormattedResistanceStringFourBandBrownGreenBlueSilver" time="0.000" timestamp="2018-10-19T20:32:59"/>
	<testcase classname="create_formatted_resistance_string_tests.CreateFormattedResistanceStringTests" name="testCreateFormattedResistanceStringFourBandBrownGreenBlueViolet" time="0.000" timestamp="2018-10-19T20:32:59"/>
	<testcase classname="create_formatted_resistance_string_tests.CreateFormattedResistanceStringTests" name="testCreateFormattedResistanceStringFourBandBrownGreenBrownBlue" time="0.000" timestamp="2018-10-19T20:32:59"/>
	<testcase classname="create_formatted_resistance_string_tests.CreateFormattedResistanceStringTests" name="testCreateFormattedResistanceStringFourBandBrownGreenBrownBrown" time="0.000" timestamp="2018-10-19T20:32:59"/>
	<testcase classname="create_formatted_resistance_string_tests.CreateFormattedResistanceStringTests" name="testCreateFormattedResistanceStringFourBandBrownGreenBrownGold" time="0.000" timestamp="2018-10-19T20:32:59"/>
	<testcase classname="create_formatted_resistance_string_tests.CreateFormattedResistanceStringTests" name="testCreateFormattedResistanceStringFourBandBrownGreenBrownGreen" time="0.000" timestamp="2018-10-19T20:32:59"/>
	<testcase classname="create_formatted_resistance_string_tests.CreateFormattedResistanceStringTests" name="testCreateFormattedResistanceStringFourBandBrownGreenBrownGrey" time="0.000" timestamp="2018-10-19T20:32:59"/>
	<testcase classname="create_formatted_resistance_string_tests.CreateFormattedResistanceStringTests" name="testCreateFormattedResistanceStringFourBandBrownGreenBrownNone" time="0.000" timestamp="2018-10-19T20:32:59"/>
	<testcase classname="create_formatted_resistance_string_tests.CreateFormattedResistanceStringTests" name="testCreateFormattedResistanceStringFourBandBrownGreenBrownRed" time="0.000" timestamp="2018-10-19T20:32:59"/>
	<testcase classname="create_formatted_resistance_string_tests.CreateFormattedResistanceStringTests" name="testCreateFormattedResistanceStringFourBandBrownGreenBrownSilver" time="0.000" timestamp="2018-10-19T20:32:59"/>
	<testcase classname="create_formatted_resistance_string_tests.CreateFormattedResistanceStringTests" name="testCreateFormattedResistanceStringFourBandBrownGreenBrownViolet" time="0.000" timestamp="2018-10-19T20:32:59"/>
	<testcase classname="create_formatted_resistance_string_tests.CreateFormattedResistanceStringTests" name="testCreateFormattedResistanceStringFourBandBrownGreenGoldBlue" time="0.000" timestamp="2018-10-19T20:32:59"/>
	<testcase classname="create_formatted_resistance_string_tests.CreateFormattedResistanceStringTests" name="testCreateFormattedResistanceStringFourBandBrownGreenGoldBrown" time="0.000" timestamp="2018-10-19T20:32:59"/>
	<testcase classname="create_formatted_resistance_string_tests.CreateFormattedResistanceStringTests" name="testCreateFormattedResistanceStringFourBandBrownGreenGoldGold" time="0.000" timestamp="2018-10-19T20:32:59"/>
	<testcase classname="create_formatted_resistance_string_tests.CreateFormattedResistanceStringTests" name="testCreateFormattedResistanceStringFourBandBrownGreenGoldGreen" time="0.000" timestamp="2018-10-19T20:32:59"/>
	<testcase classname="create_formatted_resistance_string_tests.CreateFormattedResistanceStringTests" name="testCreateFormattedResistanceStringFourBandBrownGreenGoldGrey" time="0.000" timestamp="2018-10-19T20:32:59"/>
	<testcase classname="create_formatted_resistance_string_tests.CreateFormattedResistanceStringTests" name="testCreateFormattedResistanceStringFourBandBrownGreenGoldNone" time="0.000" timestamp="2018-10-19T20:32:59"/>
	<testcase classname="create_formatted_resistance_string_tests.CreateFormattedResistanceStringTests" name="testCreateFormattedResistanceStringFourBandBrownGreenGoldRed" time="0.000" timestamp="2018-10-19T20:32:59"/>
	<testcase classname="create_formatted_resistance_string_tests.CreateFormattedResistanceStringTests" name="testCreateFormattedResistanceStringFourBandBrownGreenGoldSilver" time="0.000" timestamp="2018-10-19T20:32:59"/>
	<testcase classname="create_formatted_resistance_string_tests.CreateFormattedResistanceStringTests" name="testCreateFormattedResistanceStringFourBandBrownGreenGoldViolet" time="0.000" timestamp="2018-10-19T20:32:59"/>
	<testcase classname="create_formatted_resistance_string_tests.CreateFormattedResistanceStringTests" name="testCreateFormattedResistanceStringFourBandBrownGreenGreenBlue" time="0.000" timestamp="2018-10-19T20:32:59"/>
	<testcase classname="create_formatted_resistance_string_tests.CreateFormattedResistanceStringTests" name="testCreateFormattedResistanceStringFourBandBrownGreenGreenBrown" time="0.000" timestamp="2018-10-19T20:32:59"/>
	<testcase classname="create_formatted_resistance_string_tests.CreateFormattedResistanceStringTests" name="testCreateFormattedResistanceStringFourBandBrownGreenGreenGold" time="0.000" timestamp="2018-10-19T20:32:59"/>
	<testcase classname="create_formatted_resistance_string_tests.CreateFormattedResistanceStringTests" name="testCreateFormattedResistanceStringFourBandBrownGreenGreenGreen" time="0.000" timestamp="2018-10-19T20:32:59"/>
	<testcase classname="create_formatted_resistance_string_tests.CreateFormattedResistanceStringTests" name="testCreateFormattedResistanceStringFourBandBrownGreenGreenGrey" time="0.000" timestamp="2018-10-19T20:32:59"/>
	<testcase classname="create_formatted_resistance_string_tests.CreateFormattedResistanceStringTests" name="testCreateFormattedResistanceStringFourBandBrownGreenGreenNone" time="0.000" timestamp="2018-10-19T20:32:59"/>
	<testcase classname="create_formatted_resistance_string_tests.CreateFormattedResistanceStringTests" name="testCreateFormattedResistanceStringFourBandBrownGreenGreenRed" time="0.000" timestamp="2018-10-19T20:32:59"/>
	<testcase classname="create_formatted_resistance_string_tests.CreateFormattedResistanceStringTests" name="testCreateFormattedResistanceStringFourBandBrownGreenGreenSilver" time="0.000" timestamp="2018-10-19T20:32:59"/>
	<testcase classname="create_formatted_resistance_string_tests.CreateFormattedResistanceStringTests" name="testCreateFormattedResistanceStringFourBandBrownGreenGreenViolet" time="0.000" timestamp="2018-10-19T20:32:59"/>
	<testcase classname="create_formatted_resistance_string_tests.CreateFormattedResistanceStringTests" name="testCreateFormattedResistanceStringFourBandBrownGreenGreyBlue" time="0.000" timestamp="2018-10-19T20:32:59"/>
	<testcase classname="create_formatted_resistance_string_tests.CreateFormattedResistanceStringTests" name="testCreateFormattedResistanceStringFourBandBrownGreenGreyBrown" time="0.000" timestamp="2018-10-19T20:32:59"/>
	<testcase classname="create_formatted_resistance_string_tests.CreateFormattedResistanceStringTests" name="testCreateFormattedResistanceStringFourBandBrownGreenGreyGold" time="0.000" timestamp="2018-10-19T20:32:59"/>
	<testcase classname="create_formatted_resistance_string_tests.CreateFormattedResistanceStringTests" name="testCreateFormattedResistanceStringFourBandBrownGreenGreyGreen" time="0.000" timestamp="2018-10-19T20:32:59"/>
	<testcase classname="create_formatted_resistance_string_tests.CreateFormattedResistanceStringTests" name="testCreateFormattedResistanceStringFourBandBrownGreenGreyGrey" time="0.000" timestamp="2018-10-19T20:32:59"/>
	<testcase classname="create_formatted_resistance_string_tests.CreateFormattedResistanceStringTests" name="testCreateFormattedResistanceStringFourBandBrownGreenGreyNone" time="0.000" timestamp="2018-10-19T20:32:59"/>
	<testcase classname="create_formatted_resistance_string_tests.CreateFormattedResistanceStringTests" name="testCreateFormattedResistanceStringFourBandBrownGreenGreyRed" time="0.000" timestamp="2018-10-19T20:32:59"/>
	<testcase classname="create_formatted_resistance_string_tests.CreateFormattedResistanceStringTests" name="testCreateFormattedResistanceStringFourBandBrownGreenGreySilver" time="0.000" timestamp="2018-10-19T20:32:59"/>
	<testcase classname="create_formatted_resistance_string_tests.CreateFormattedResistanceStringTests" name="testCreateFormattedResistanceStringFourBandBrownGreenGreyViolet" time="0.000" timestamp="2018-10-19T20:32:59"/>
	<testcase classname="create_formatted_resistance_string_tests.CreateFormattedResistanceStringTests" name="testCreateFormattedResistanceStringFourBandBrownGreenOrangeBlue" time="0.000" timestamp="2018-10-19T20:32:59"/>
	<testcase classname="create_formatted_resistance_string_tests.CreateFormattedResistanceStringTests" name="testCreateFormattedResistanceStringFourBandBrownGreenOrangeBrown" time="0.000" timestamp="2018-10-19T20:32:59"/>
	<testcase classname="create_formatted_resistance_string_tests.CreateFormattedResistanceStringTests" name="testCreateFormattedResistanceStringFourBandBrownGreenOrangeGold" time="0.000" timestamp="2018-10-19T20:32:59"/>
	<testcase classname="create_formatted_resistance_string_tests.CreateFormattedResistanceStringTests" name="testCreateFormattedResistanceStringFourBandBrownGreenOrangeGreen" time="0.000" timestamp="2018-10-19T20:32:59"/>
	<testcase classname="create_formatted_resistance_string_tests.CreateFormattedResistanceStringTests" name="testCreateFormattedResistanceStringFourBandBrownGreenOrangeGrey" time="0.000" timestamp="2018-10-19T20:32:59"/>
	<testcase classname="create_formatted_resistance_string_tests.CreateFormattedResistanceStringTests" name="testCreateFormattedResistanceStringFourBandBrownGreenOrangeNone" time="0.000" timestamp="2018-10-19T20:32:59"/>
	<testcase classname="create_formatted_resistance_string_tests.CreateFormattedResistanceStringTests" name="testCreateFormattedResistanceStringFourBandBrownGreenOrangeRed" time="0.000" timestamp="2018-10-19T20:32:59"/>
	<testcase classname="create_formatted_resistance_string_tests.CreateFormattedResistanceStringTests" name="testCreateFormattedResistanceStringFourBandBrownGreenOrangeSilver" time="0.000" timestamp="2018-10-19T20:32:59"/>
	<testcase classname="create_formatted_resistance_string_tests.CreateFormattedResistanceStringTests" name="testCreateFormattedResistanceStringFourBandBrownGreenOrangeViolet" time="0.000" timestamp="2018-10-19T20:32:59"/>
	<testcase classname="create_formatted_resistance_string_tests.CreateFormattedResistanceStringTests" name="testCreateFormattedResistanceStringFourBandBrownGreenRedBlue" time="0.000" timestamp="2018-10-19T20:32:59"/>
	<testcase classname="create_formatted_resistance_string_tests.CreateFormattedResistanceStringTests" name="testCreateFormattedResistanceStringFourBandBrownGreenRedBrown" time="0.000" timestamp="2018-10-19T20:32:59"/>
	<testcase classname="create_formatted_resistance_string_tests.CreateFormattedResistanceStringTests" name="testCreateFormattedResistanceStringFourBandBrownGreenRedGold" time="0.000" timestamp="2018-10-19T20:32:59"/>
	<testcase classname="create_formatted_resistance_string_tests.CreateFormattedResistanceStringTests" name="testCreateFormattedResistanceStringFourBandBrownGreenRedGreen" time="0.000" timestamp="2018-10-19T20:32:59"/>
	<testcase classname="create_formatted_resistance_string_tests.CreateFormattedResistanceStringTests" name="testCreateFormattedResistanceStringFourBandBrownGreenRedGrey" time="0.000" timestamp="2018-10-19T20:32:59"/>
	<testcase classname="create_formatted_resistance_string_tests.CreateFormattedResistanceStringTests" name="testCreateFormattedResistanceStringFourBandBrownGreenRedNone" time="0.000" timestamp="2018-10-19T20:32:59"/>
	<testcase classname="create_formatted_resistance_string_tests.CreateFormattedResistanceStringTests" name="testCreateFormattedResistanceStringFourBandBrownGreenRedRed" time="0.000" timestamp="2018-10-19T20:32:59"/>
	<testcase classname="create_formatted_resistance_string_tests.CreateFormattedResistanceStringTests" name="testCreateFormattedResistanceStringFourBandBrownGreenRedSilver" time="0.000" timestamp="2018-10-19T20:32:59"/>
	<testcase classname="create_formatted_resistance_string_tests.CreateFormattedResistanceStringTests" name="testCreateFormattedResistanceStringFourBandBrownGreenRedViolet" time="0.000" timestamp="2018-10-19T20:32:59"/>
	<testcase classname="create_formatted_resistance_string_tests.CreateFormattedResistanceStringTests" name="testCreateFormattedResistanceStringFourBandBrownGreenSilverBlue" time="0.000" timestamp="2018-10-19T20:32:59"/>
	<testcase classname="create_formatted_resistance_string_tests.CreateFormattedResistanceStringTests" name="testCreateFormattedResistanceStringFourBandBrownGreenSilverBrown" time="0.000" timestamp="2018-10-19T20:32:59"/>
	<testcase classname="create_formatted_resistance_string_tests.CreateFormattedResistanceStringTests" name="testCreateFormattedResistanceStringFourBandBrownGreenSilverGold" time="0.000" timestamp="2018-10-19T20:32:59"/>
	<testcase classname="create_formatted_resistance_string_tests.CreateFormattedResistanceStringTests" name="testCreateFormattedResistanceStringFourBandBrownGreenSilverGreen" time="0.000" timestamp="2018-10-19T20:32:59"/>
	<testcase classname="create_formatted_resistance_string_tests.CreateFormattedResistanceStringTests" name="testCreateFormattedResistanceStringFourBandBrownGreenSilverGrey" time="0.000" timestamp="2018-10-19T20:32:59"/>
	<testcase classname="create_formatted_resistance_string_tests.CreateFormattedResistanceStringTests" name="testCreateFormattedResistanceStringFourBandBrownGreenSilverNone" time="0.000" timestamp="2018-10-19T20:32:59"/>
	<testcase classname="create_formatted_resistance_string_tests.CreateFormattedResistanceStringTests" name="testCreateFormattedResistanceStringFourBandBrownGreenSilverRed" time="0.000" timestamp="2018-10-19T20:32:59"/>
	<testcase classname="create_formatted_resistance_string_tests.CreateFormattedResistanceStringTests" name="testCreateFormattedResistanceStringFourBandBrownGreenSilverSilver" time="0.000" timestamp="2018-10-19T20:32:59"/>
	<testcase classname="create_formatted_resistance_string_tests.CreateFormattedResistanceStringTests" name="testCreateFormattedResistanceStringFourBandBrownGreenSilverViolet" time="0.000" timestamp="2018-10-19T20:32:59"/>
	<testcase classname="create_formatted_resistance_string_tests.CreateFormattedResistanceStringTests" name="testCreateFormattedResistanceStringFourBandBrownGreenVioletBlue" time="0.000" timestamp="2018-10-19T20:32:59"/>
	<testcase classname="create_formatted_resistance_string_tests.CreateFormattedResistanceStringTests" name="testCreateFormattedResistanceStringFourBandBrownGreenVioletBrown" time="0.000" timestamp="2018-10-19T20:32:59"/>
	<testcase classname="create_formatted_resistance_string_tests.CreateFormattedResistanceStringTests" name="testCreateFormattedResistanceStringFourBandBrownGreenVioletGold" time="0.000" timestamp="2018-10-19T20:32:59"/>
	<testcase classname="create_formatted_resistance_string_tests.CreateFormattedResistanceStringTests" name="testCreateFormattedResistanceStringFourBandBrownGreenVioletGreen" time="0.000" timestamp="2018-10-19T20:32:59"/>
	<testcase classname="create_formatted_resistance_string_tests.CreateFormattedResistanceStringTests" name="testCreateFormattedResistanceStringFourBandBrownGreenVioletGrey" time="0.000" timestamp="2018-10-19T20:32:59"/>
	<testcase classname="create_formatted_resistance_string_tests.CreateFormattedResistanceStringTests" name="testCreateFormattedResistanceStringFourBandBrownGreenVioletNone" time="0.000" timestamp="2018-10-19T20:32:59"/>
	<testcase classname="create_formatted_resistance_string_tests.CreateFormattedResistanceStringTests" name="testCreateFormattedResistanceStringFourBandBrownGreenVioletRed" time="0.000" timestamp="2018-10-19T20:32:59"/>
	<testcase classname="create_formatted_resistance_string_tests.CreateFormattedResistanceStringTests" name="testCreateFormattedResistanceStringFourBandBrownGreenVioletSilver" time="0.000" timestamp="2018-10-19T20:32:59"/>
	<testcase classname="create_formatted_resistance_string_tests.CreateFormattedResistanceStringTests" name="testCreateFormattedResistanceStringFourBandBrownGreenVioletViolet" time="0.000" timestamp="2018-10-19T20:32:59"/>
	<testcase classname="create_formatted_resistance_string_tests.CreateFormattedResistanceStringTests" name="testCreateFormattedResistanceStringFourBandBrownGreenWhiteBlue" time="0.000" timestamp="2018-10-19T20:32:59"/>
	<testcase classname="create_formatted_resistance_string_tests.CreateFormattedResistanceStringTests" name="testCreateFormattedResistanceStringFourBandBrownGreenWhiteBrown" time="0.000" timestamp="2018-10-19T20:32:59"/>
	<testcase classname="create_formatted_resistance_string_tests.CreateFormattedResistanceStringTests" name="testCreateFormattedResistanceStringFourBandBrownGreenWhiteGold" time="0.000" timestamp="2018-10-19T20:32:59"/>
	<testcase classname="create_formatted_resistance_string_tests.CreateFormattedResistanceStringTests" name="testCreateFormattedResistanceStringFourBandBrownGreenWhiteGreen" time="0.000" timestamp="2018-10-19T20:32:59"/>
	<testcase classname="create_formatted_resistance_string_tests.CreateFormattedResistanceStringTests" name="testCreateFormattedResistanceStringFourBandBrownGreenWhiteGrey" time="0.000" timestamp="2018-10-19T20:32:59"/>
	<testcase classname="create_formatted_resistance_string_tests.CreateFormattedResistanceStringTests" name="testCreateFormattedResistanceStringFourBandBrownGreenWhiteNone" time="0.000" timestamp="2018-10-19T20:32:59"/>
	<testcase classname="create_formatted_resistance_string_tests.CreateFormattedResistanceStringTests" name="testCreateFormattedResistanceStringFourBandBrownGreenWhiteRed" time="0.000" timestamp="2018-10-19T20:32:59"/>
	<testcase classname="create_formatted_resistance_string_tests.CreateFormattedResistanceStringTests" name="testCreateFormattedResistanceStringFourBandBrownGreenWhiteSilver" time="0.000" timestamp="2018-10-19T20:32:59"/>
	<testcase classname="create_formatted_resistance_string_tests.CreateFormattedResistanceStringTests" name="testCreateFormattedResistanceStringFourBandBrownGreenWhiteViolet" time="0.000" timestamp="2018-10-19T20:32:59"/>
	<testcase classname="create_formatted_resistance_string_tests.CreateFormattedResistanceStringTests" name="testCreateFormattedResistanceStringFourBandBrownGreenYellowBlue" time="0.000" timestamp="2018-10-19T20:32:59"/>
	<testcase classname="create_formatted_resistance_string_tests.CreateFormattedResistanceStringTests" name="testCreateFormattedResistanceStringFourBandBrownGreenYellowBrown" time="0.000" timestamp="2018-10-19T20:32:59"/>
	<testcase classname="create_formatted_resistance_string_tests.CreateFormattedResistanceStringTests" name="testCreateFormattedResistanceStringFourBandBrownGreenYellowGold" time="0.000" timestamp="2018-10-19T20:32:59"/>
	<testcase classname="create_formatted_resistance_string_tests.CreateFormattedResistanceStringTests" name="testCreateFormattedResistanceStringFourBandBrownGreenYellowGreen" time="0.000" timestamp="2018-10-19T20:32:59"/>
	<testcase classname="create_formatted_resistance_string_tests.CreateFormattedResistanceStringTests" name="testCreateFormattedResistanceStringFourBandBrownGreenYellowGrey" time="0.000" timestamp="2018-10-19T20:32:59"/>
	<testcase classname="create_formatted_resistance_string_tests.CreateFormattedResistanceStringTests" name="testCreateFormattedResistanceStringFourBandBrownGreenYellowNone" time="0.000" timestamp="2018-10-19T20:32:59"/>
	<testcase classname="create_formatted_resistance_string_tests.CreateFormattedResistanceStringTests" name="testCreateFormattedResistanceStringFourBandBrownGreenYellowRed" time="0.000" timestamp="2018-10-19T20:32:59"/>
	<testcase classname="create_formatted_resistance_string_tests.CreateFormattedResistanceStringTests" name="testCreateFormattedResistanceStringFourBandBrownGreenYellowSilver" time="0.000" timestamp="2018-10-19T20:32:59"/>
	<testcase classname="create_formatted_resistance_string_tests.CreateFormattedResistanceStringTests" name="testCreateFormattedResistanceStringFourBandBrownGreenYellowViolet" time="0.000" timestamp="2018-10-19T20:32:59"/>
	<testcase classname="create_formatted_resistance_string_tests.CreateFormattedResistanceStringTests" name="testCreateFormattedResistanceStringFourBandBrownGreyBlackBlue" time="0.000" timestamp="2018-10-19T20:32:59"/>
	<testcase classname="create_formatted_resistance_string_tests.CreateFormattedResistanceStringTests" name="testCreateFormattedResistanceStringFourBandBrownGreyBlackBrown" time="0.000" timestamp="2018-10-19T20:32:59"/>
	<testcase classname="create_formatted_resistance_string_tests.CreateFormattedResistanceStringTests" name="testCreateFormattedResistanceStringFourBandBrownGreyBlackGold" time="0.000" timestamp="2018-10-19T20:32:59"/>
	<testcase classname="create_formatted_resistance_string_tests.CreateFormattedResistanceStringTests" name="testCreateFormattedResistanceStringFourBandBrownGreyBlackGreen" time="0.000" timestamp="2018-10-19T20:32:59"/>
	<testcase classname="create_formatted_resistance_string_tests.CreateFormattedResistanceStringTests" name="testCreateFormattedResistanceStringFourBandBrownGreyBlackGrey" time="0.000" timestamp="2018-10-19T20:32:59"/>
	<testcase classname="create_formatted_resistance_string_tests.CreateFormattedResistanceStringTests" name="testCreateFormattedResistanceStringFourBandBrownGreyBlackNone" time="0.000" timestamp="2018-10-19T20:32:59"/>
	<testcase classname="create_formatted_resistance_string_tests.CreateFormattedResistanceStringTests" name="testCreateFormattedResistanceStringFourBandBrownGreyBlackRed" time="0.000" timestamp="2018-10-19T20:32:59"/>
	<testcase classname="create_formatted_resistance_string_tests.CreateFormattedResistanceStringTests" name="testCreateFormattedResistanceStringFourBandBrownGreyBlackSilver" time="0.000" timestamp="2018-10-19T20:32:59"/>
	<testcase classname="create_formatted_resistance_string_tests.CreateFormattedResistanceStringTests" name="testCreateFormattedResistanceStringFourBandBrownGreyBlackViolet" time="0.000" timestamp="2018-10-19T20:32:59"/>
	<testcase classname="create_formatted_resistance_string_tests.CreateFormattedResistanceStringTests" name="testCreateFormattedResistanceStringFourBandBrownGreyBlueBlue" time="0.000" timestamp="2018-10-19T20:32:59"/>
	<testcase classname="create_formatted_resistance_string_tests.CreateFormattedResistanceStringTests" name="testCreateFormattedResistanceStringFourBandBrownGreyBlueBrown" time="0.000" timestamp="2018-10-19T20:32:59"/>
	<testcase classname="create_formatted_resistance_string_tests.CreateFormattedResistanceStringTests" name="testCreateFormattedResistanceStringFourBandBrownGreyBlueGold" time="0.000" timestamp="2018-10-19T20:32:59"/>
	<testcase classname="create_formatted_resistance_string_tests.CreateFormattedResistanceStringTests" name="testCreateFormattedResistanceStringFourBandBrownGreyBlueGreen" time="0.000" timestamp="2018-10-19T20:32:59"/>
	<testcase classname="create_formatted_resistance_string_tests.CreateFormattedResistanceStringTests" name="testCreateFormattedResistanceStringFourBandBrownGreyBlueGrey" time="0.000" timestamp="2018-10-19T20:32:59"/>
	<testcase classname="create_formatted_resistance_string_tests.CreateFormattedResistanceStringTests" name="testCreateFormattedResistanceStringFourBandBrownGreyBlueNone" time="0.000" timestamp="2018-10-19T20:32:59"/>
	<testcase classname="create_formatted_resistance_string_tests.CreateFormattedResistanceStringTests" name="testCreateFormattedResistanceStringFourBandBrownGreyBlueRed" time="0.000" timestamp="2018-10-19T20:32:59"/>
	<testcase classname="create_formatted_resistance_string_tests.CreateFormattedResistanceStringTests" name="testCreateFormattedResistanceStringFourBandBrownGreyBlueSilver" time="0.000" timestamp="2018-10-19T20:32:59"/>
	<testcase classname="create_formatted_resistance_string_tests.CreateFormattedResistanceStringTests" name="testCreateFormattedResistanceStringFourBandBrownGreyBlueViolet" time="0.000" timestamp="2018-10-19T20:32:59"/>
	<testcase classname="create_formatted_resistance_string_tests.CreateFormattedResistanceStringTests" name="testCreateFormattedResistanceStringFourBandBrownGreyBrownBlue" time="0.000" timestamp="2018-10-19T20:32:59"/>
	<testcase classname="create_formatted_resistance_string_tests.CreateFormattedResistanceStringTests" name="testCreateFormattedResistanceStringFourBandBrownGreyBrownBrown" time="0.000" timestamp="2018-10-19T20:32:59"/>
	<testcase classname="create_formatted_resistance_string_tests.CreateFormattedResistanceStringTests" name="testCreateFormattedResistanceStringFourBandBrownGreyBrownGold" time="0.000" timestamp="2018-10-19T20:32:59"/>
	<testcase classname="create_formatted_resistance_string_tests.CreateFormattedResistanceStringTests" name="testCreateFormattedResistanceStringFourBandBrownGreyBrownGreen" time="0.000" timestamp="2018-10-19T20:32:59"/>
	<testcase classname="create_formatted_resistance_string_tests.CreateFormattedResistanceStringTests" name="testCreateFormattedResistanceStringFourBandBrownGreyBrownGrey" time="0.000" timestamp="2018-10-19T20:32:59"/>
	<testcase classname="create_formatted_resistance_string_tests.CreateFormattedResistanceStringTests" name="testCreateFormattedResistanceStringFourBandBrownGreyBrownNone" time="0.000" timestamp="2018-10-19T20:32:59"/>
	<testcase classname="create_formatted_resistance_string_tests.CreateFormattedResistanceStringTests" name="testCreateFormattedResistanceStringFourBandBrownGreyBrownRed" time="0.000" timestamp="2018-10-19T20:32:59"/>
	<testcase classname="create_formatted_resistance_string_tests.CreateFormattedResistanceStringTests" name="testCreateFormattedResistanceStringFourBandBrownGreyBrownSilver" time="0.000" timestamp="2018-10-19T20:32:59"/>
	<testcase classname="create_formatted_resistance_string_tests.CreateFormattedResistanceStringTests" name="testCreateFormattedResistanceStringFourBandBrownGreyBrownViolet" time="0.000" timestamp="2018-10-19T20:32:59"/>
	<testcase classname="create_formatted_resistance_string_tests.CreateFormattedResistanceStringTests" name="testCreateFormattedResistanceStringFourBandBrownGreyGoldBlue" time="0.000" timestamp="2018-10-19T20:32:59"/>
	<testcase classname="create_formatted_resistance_string_tests.CreateFormattedResistanceStringTests" name="testCreateFormattedResistanceStringFourBandBrownGreyGoldBrown" time="0.000" timestamp="2018-10-19T20:32:59"/>
	<testcase classname="create_formatted_resistance_string_tests.CreateFormattedResistanceStringTests" name="testCreateFormattedResistanceStringFourBandBrownGreyGoldGold" time="0.000" timestamp="2018-10-19T20:32:59"/>
	<testcase classname="create_formatted_resistance_string_tests.CreateFormattedResistanceStringTests" name="testCreateFormattedResistanceStringFourBandBrownGreyGoldGreen" time="0.000" timestamp="2018-10-19T20:32:59"/>
	<testcase classname="create_formatted_resistance_string_tests.CreateFormattedResistanceStringTests" name="testCreateFormattedResistanceStringFourBandBrownGreyGoldGrey" time="0.000" timestamp="2018-10-19T20:32:59"/>
	<testcase classname="create_formatted_resistance_string_tests.CreateFormattedResistanceStringTests" name="testCreateFormattedResistanceStringFourBandBrownGreyGoldNone" time="0.000" timestamp="2018-10-19T20:32:59"/>
	<testcase classname="create_formatted_resistance_string_tests.CreateFormattedResistanceStringTests" name="testCreateFormattedResistanceStringFourBandBrownGreyGoldRed" time="0.000" timestamp="2018-10-19T20:32:59"/>
	<testcase classname="create_formatted_resistance_string_tests.CreateFormattedResistanceStringTests" name="testCreateFormattedResistanceStringFourBandBrownGreyGoldSilver" time="0.000" timestamp="2018-10-19T20:32:59"/>
	<testcase classname="create_formatted_resistance_string_tests.CreateFormattedResistanceStringTests" name="testCreateFormattedResistanceStringFourBandBrownGreyGoldViolet" time="0.000" timestamp="2018-10-19T20:32:59"/>
	<testcase classname="create_formatted_resistance_string_tests.CreateFormattedResistanceStringTests" name="testCreateFormattedResistanceStringFourBandBrownGreyGreenBlue" time="0.000" timestamp="2018-10-19T20:32:59"/>
	<testcase classname="create_formatted_resistance_string_tests.CreateFormattedResistanceStringTests" name="testCreateFormattedResistanceStringFourBandBrownGreyGreenBrown" time="0.000" timestamp="2018-10-19T20:32:59"/>
	<testcase classname="create_formatted_resistance_string_tests.CreateFormattedResistanceStringTests" name="testCreateFormattedResistanceStringFourBandBrownGreyGreenGold" time="0.000" timestamp="2018-10-19T20:32:59"/>
	<testcase classname="create_formatted_resistance_string_tests.CreateFormattedResistanceStringTests" name="testCreateFormattedResistanceStringFourBandBrownGreyGreenGreen" time="0.000" timestamp="2018-10-19T20:32:59"/>
	<testcase classname="create_formatted_resistance_string_tests.CreateFormattedResistanceStringTests" name="testCreateFormattedResistanceStringFourBandBrownGreyGreenGrey" time="0.000" timestamp="2018-10-19T20:32:59"/>
	<testcase classname="create_formatted_resistance_string_tests.CreateFormattedResistanceStringTests" name="testCreateFormattedResistanceStringFourBandBrownGreyGreenNone" time="0.000" timestamp="2018-10-19T20:32:59"/>
	<testcase classname="create_formatted_resistance_string_tests.CreateFormattedResistanceStringTests" name="testCreateFormattedResistanceStringFourBandBrownGreyGreenRed" time="0.000" timestamp="2018-10-19T20:32:59"/>
	<testcase classname="create_formatted_resistance_string_tests.CreateFormattedResistanceStringTests" name="testCreateFormattedResistanceStringFourBandBrownGreyGreenSilver" time="0.000" timestamp="2018-10-19T20:32:59"/>
	<testcase classname="create_formatted_resistance_string_tests.CreateFormattedResistanceStringTests" name="testCreateFormattedResistanceStringFourBandBrownGreyGreenViolet" time="0.000" timestamp="2018-10-19T20:32:59"/>
	<testcase classname="create_formatted_resistance_string_tests.CreateFormattedResistanceStringTests" name="testCreateFormattedResistanceStringFourBandBrownGreyGreyBlue" time="0.000" timestamp="2018-10-19T20:32:59"/>
	<testcase classname="create_formatted_resistance_string_tests.CreateFormattedResistanceStringTests" name="testCreateFormattedResistanceStringFourBandBrownGreyGreyBrown" time="0.000" timestamp="2018-10-19T20:32:59"/>
	<testcase classname="create_formatted_resistance_string_tests.CreateFormattedResistanceStringTests" name="testCreateFormattedResistanceStringFourBandBrownGreyGreyGold" time="0.000" timestamp="2018-10-19T20:32:59"/>
	<testcase classname="create_formatted_resistance_string_tests.CreateFormattedResistanceStringTests" name="testCreateFormattedResistanceStringFourBandBrownGreyGreyGreen" time="0.000" timestamp="2018-10-19T20:32:59"/>
	<testcase classname="create_formatted_resistance_string_tests.CreateFormattedResistanceStringTests" name="testCreateFormattedResistanceStringFourBandBrownGreyGreyGrey" time="0.000" timestamp="2018-10-19T20:32:59"/>
	<testcase classname="create_formatted_resistance_string_tests.CreateFormattedResistanceStringTests" name="testCreateFormattedResistanceStringFourBandBrownGreyGreyNone" time="0.000" timestamp="2018-10-19T20:32:59"/>
	<testcase classname="create_formatted_resistance_string_tests.CreateFormattedResistanceStringTests" name="testCreateFormattedResistanceStringFourBandBrownGreyGreyRed" time="0.000" timestamp="2018-10-19T20:32:59"/>
	<testcase classname="create_formatted_resistance_string_tests.CreateFormattedResistanceStringTests" name="testCreateFormattedResistanceStringFourBandBrownGreyGreySilver" time="0.000" timestamp="2018-10-19T20:32:59"/>
	<testcase classname="create_formatted_resistance_string_tests.CreateFormattedResistanceStringTests" name="testCreateFormattedResistanceStringFourBandBrownGreyGreyViolet" time="0.000" timestamp="2018-10-19T20:32:59"/>
	<testcase classname="create_formatted_resistance_string_tests.CreateFormattedResistanceStringTests" name="testCreateFormattedResistanceStringFourBandBrownGreyOrangeBlue" time="0.000" timestamp="2018-10-19T20:32:59"/>
	<testcase classname="create_formatted_resistance_string_tests.CreateFormattedResistanceStringTests" name="testCreateFormattedResistanceStringFourBandBrownGreyOrangeBrown" time="0.000" timestamp="2018-10-19T20:32:59"/>
	<testcase classname="create_formatted_resistance_string_tests.CreateFormattedResistanceStringTests" name="testCreateFormattedResistanceStringFourBandBrownGreyOrangeGold" time="0.000" timestamp="2018-10-19T20:32:59"/>
	<testcase classname="create_formatted_resistance_string_tests.CreateFormattedResistanceStringTests" name="testCreateFormattedResistanceStringFourBandBrownGreyOrangeGreen" time="0.000" timestamp="2018-10-19T20:32:59"/>
	<testcase classname="create_formatted_resistance_string_tests.CreateFormattedResistanceStringTests" name="testCreateFormattedResistanceStringFourBandBrownGreyOrangeGrey" time="0.000" timestamp="2018-10-19T20:32:59"/>
	<testcase classname="create_formatted_resistance_string_tests.CreateFormattedResistanceStringTests" name="testCreateFormattedResistanceStringFourBandBrownGreyOrangeNone" time="0.000" timestamp="2018-10-19T20:32:59"/>
	<testcase classname="create_formatted_resistance_string_tests.CreateFormattedResistanceStringTests" name="testCreateFormattedResistanceStringFourBandBrownGreyOrangeRed" time="0.000" timestamp="2018-10-19T20:32:59"/>
	<testcase classname="create_formatted_resistance_string_tests.CreateFormattedResistanceStringTests" name="testCreateFormattedResistanceStringFourBandBrownGreyOrangeSilver" time="0.000" timestamp="2018-10-19T20:32:59"/>
	<testcase classname="create_formatted_resistance_string_tests.CreateFormattedResistanceStringTests" name="testCreateFormattedResistanceStringFourBandBrownGreyOrangeViolet" time="0.000" timestamp="2018-10-19T20:32:59"/>
	<testcase classname="create_formatted_resistance_string_tests.CreateFormattedResistanceStringTests" name="testCreateFormattedResistanceStringFourBandBrownGreyRedBlue" time="0.000" timestamp="2018-10-19T20:32:59"/>
	<testcase classname="create_formatted_resistance_string_tests.CreateFormattedResistanceStringTests" name="testCreateFormattedResistanceStringFourBandBrownGreyRedBrown" time="0.000" timestamp="2018-10-19T20:32:59"/>
	<testcase classname="create_formatted_resistance_string_tests.CreateFormattedResistanceStringTests" name="testCreateFormattedResistanceStringFourBandBrownGreyRedGold" time="0.000" timestamp="2018-10-19T20:32:59"/>
	<testcase classname="create_formatted_resistance_string_tests.CreateFormattedResistanceStringTests" name="testCreateFormattedResistanceStringFourBandBrownGreyRedGreen" time="0.000" timestamp="2018-10-19T20:32:59"/>
	<testcase classname="create_formatted_resistance_string_tests.CreateFormattedResistanceStringTests" name="testCreateFormattedResistanceStringFourBandBrownGreyRedGrey" time="0.000" timestamp="2018-10-19T20:32:59"/>
	<testcase classname="create_formatted_resistance_string_tests.CreateFormattedResistanceStringTests" name="testCreateFormattedResistanceStringFourBandBrownGreyRedNone" time="0.000" timestamp="2018-10-19T20:32:59"/>
	<testcase classname="create_formatted_resistance_string_tests.CreateFormattedResistanceStringTests" name="testCreateFormattedResistanceStringFourBandBrownGreyRedRed" time="0.000" timestamp="2018-10-19T20:32:59"/>
	<testcase classname="create_formatted_resistance_string_tests.CreateFormattedResistanceStringTests" name="testCreateFormattedResistanceStringFourBandBrownGreyRedSilver" time="0.000" timestamp="2018-10-19T20:32:59"/>
	<testcase classname="create_formatted_resistance_string_tests.CreateFormattedResistanceStringTests" name="testCreateFormattedResistanceStringFourBandBrownGreyRedViolet" time="0.000" timestamp="2018-10-19T20:32:59"/>
	<testcase classname="create_formatted_resistance_string_tests.CreateFormattedResistanceStringTests" name="testCreateFormattedResistanceStringFourBandBrownGreySilverBlue" time="0.000" timestamp="2018-10-19T20:32:59"/>
	<testcase classname="create_formatted_resistance_string_tests.CreateFormattedResistanceStringTests" name="testCreateFormattedResistanceStringFourBandBrownGreySilverBrown" time="0.000" timestamp="2018-10-19T20:32:59"/>
	<testcase classname="create_formatted_resistance_string_tests.CreateFormattedResistanceStringTests" name="testCreateFormattedResistanceStringFourBandBrownGreySilverGold" time="0.000" timestamp="2018-10-19T20:32:59"/>
	<testcase classname="create_formatted_resistance_string_tests.CreateFormattedResistanceStringTests" name="testCreateFormattedResistanceStringFourBandBrownGreySilverGreen" time="0.000" timestamp="2018-10-19T20:32:59"/>
	<testcase classname="create_formatted_resistance_string_tests.CreateFormattedResistanceStringTests" name="testCreateFormattedResistanceStringFourBandBrownGreySilverGrey" time="0.000" timestamp="2018-10-19T20:32:59"/>
	<testcase classname="create_formatted_resistance_string_tests.CreateFormattedResistanceStringTests" name="testCreateFormattedResistanceStringFourBandBrownGreySilverNone" time="0.000" timestamp="2018-10-19T20:32:59"/>
	<testcase classname="create_formatted_resistance_string_tests.CreateFormattedResistanceStringTests" name="testCreateFormattedResistanceStringFourBandBrownGreySilverRed" time="0.000" timestamp="2018-10-19T20:32:59"/>
	<testcase classname="create_formatted_resistance_string_tests.CreateFormattedResistanceStringTests" name="testCreateFormattedResistanceStringFourBandBrownGreySilverSilver" time="0.000" timestamp="2018-10-19T20:32:59"/>
	<testcase classname="create_formatted_resistance_string_tests.CreateFormattedResistanceStringTests" name="testCreateFormattedResistanceStringFourBandBrownGreySilverViolet" time="0.000" timestamp="2018-10-19T20:32:59"/>
	<testcase classname="create_formatted_resistance_string_tests.CreateFormattedResistanceStringTests" name="testCreateFormattedResistanceStringFourBandBrownGreyVioletBlue" time="0.000" timestamp="2018-10-19T20:32:59"/>
	<testcase classname="create_formatted_resistance_string_tests.CreateFormattedResistanceStringTests" name="testCreateFormattedResistanceStringFourBandBrownGreyVioletBrown" time="0.000" timestamp="2018-10-19T20:32:59"/>
	<testcase classname="create_formatted_resistance_string_tests.CreateFormattedResistanceStringTests" name="testCreateFormattedResistanceStringFourBandBrownGreyVioletGold" time="0.000" timestamp="2018-10-19T20:32:59"/>
	<testcase classname="create_formatted_resistance_string_tests.CreateFormattedResistanceStringTests" name="testCreateFormattedResistanceStringFourBandBrownGreyVioletGreen" time="0.000" timestamp="2018-10-19T20:32:59"/>
	<testcase classname="create_formatted_resistance_string_tests.CreateFormattedResistanceStringTests" name="testCreateFormattedResistanceStringFourBandBrownGreyVioletGrey" time="0.000" timestamp="2018-10-19T20:32:59"/>
	<testcase classname="create_formatted_resistance_string_tests.CreateFormattedResistanceStringTests" name="testCreateFormattedResistanceStringFourBandBrownGreyVioletNone" time="0.000" timestamp="2018-10-19T20:32:59"/>
	<testcase classname="create_formatted_resistance_string_tests.CreateFormattedResistanceStringTests" name="testCreateFormattedResistanceStringFourBandBrownGreyVioletRed" time="0.000" timestamp="2018-10-19T20:32:59"/>
	<testcase classname="create_formatted_resistance_string_tests.CreateFormattedResistanceStringTests" name="testCreateFormattedResistanceStringFourBandBrownGreyVioletSilver" time="0.000" timestamp="2018-10-19T20:32:59"/>
	<testcase classname="create_formatted_resistance_string_tests.CreateFormattedResistanceStringTests" name="testCreateFormattedResistanceStringFourBandBrownGreyVioletViolet" time="0.000" timestamp="2018-10-19T20:32:59"/>
	<testcase classname="create_formatted_resistance_string_tests.CreateFormattedResistanceStringTests" name="testCreateFormattedResistanceStringFourBandBrownGreyWhiteBlue" time="0.000" timestamp="2018-10-19T20:32:59"/>
	<testcase classname="create_formatted_resistance_string_tests.CreateFormattedResistanceStringTests" name="testCreateFormattedResistanceStringFourBandBrownGreyWhiteBrown" time="0.000" timestamp="2018-10-19T20:32:59"/>
	<testcase classname="create_formatted_resistance_string_tests.CreateFormattedResistanceStringTests" name="testCreateFormattedResistanceStringFourBandBrownGreyWhiteGold" time="0.000" timestamp="2018-10-19T20:32:59"/>
	<testcase classname="create_formatted_resistance_string_tests.CreateFormattedResistanceStringTests" name="testCreateFormattedResistanceStringFourBandBrownGreyWhiteGreen" time="0.000" timestamp="2018-10-19T20:32:59"/>
	<testcase classname="create_formatted_resistance_string_tests.CreateFormattedResistanceStringTests" name="testCreateFormattedResistanceStringFourBandBrownGreyWhiteGrey" time="0.000" timestamp="2018-10-19T20:32:59"/>
	<testcase classname="create_formatted_resistance_string_tests.CreateFormattedResistanceStringTests" name="testCreateFormattedResistanceStringFourBandBrownGreyWhiteNone" time="0.000" timestamp="2018-10-19T20:32:59"/>
	<testcase classname="create_formatted_resistance_string_tests.CreateFormattedResistanceStringTests" name="testCreateFormattedResistanceStringFourBandBrownGreyWhiteRed" time="0.000" timestamp="2018-10-19T20:32:59"/>
	<testcase classname="create_formatted_resistance_string_tests.CreateFormattedResistanceStringTests" name="testCreateFormattedResistanceStringFourBandBrownGreyWhiteSilver" time="0.000" timestamp="2018-10-19T20:32:59"/>
	<testcase classname="create_formatted_resistance_string_tests.CreateFormattedResistanceStringTests" name="testCreateFormattedResistanceStringFourBandBrownGreyWhiteViolet" time="0.000" timestamp="2018-10-19T20:32:59"/>
	<testcase classname="create_formatted_resistance_string_tests.CreateFormattedResistanceStringTests" name="testCreateFormattedResistanceStringFourBandBrownGreyYellowBlue" time="0.000" timestamp="2018-10-19T20:32:59"/>
	<testcase classname="create_formatted_resistance_string_tests.CreateFormattedResistanceStringTests" name="testCreateFormattedResistanceStringFourBandBrownGreyYellowBrown" time="0.000" timestamp="2018-10-19T20:32:59"/>
	<testcase classname="create_formatted_resistance_string_tests.CreateFormattedResistanceStringTests" name="testCreateFormattedResistanceStringFourBandBrownGreyYellowGold" time="0.000" timestamp="2018-10-19T20:32:59"/>
	<testcase classname="create_formatted_resistance_string_tests.CreateFormattedResistanceStringTests" name="testCreateFormattedResistanceStringFourBandBrownGreyYellowGreen" time="0.000" timestamp="2018-10-19T20:32:59"/>
	<testcase classname="create_formatted_resistance_string_tests.CreateFormattedResistanceStringTests" name="testCreateFormattedResistanceStringFourBandBrownGreyYellowGrey" time="0.000" timestamp="2018-10-19T20:32:59"/>
	<testcase classname="create_formatted_resistance_string_tests.CreateFormattedResistanceStringTests" name="testCreateFormattedResistanceStringFourBandBrownGreyYellowNone" time="0.000" timestamp="2018-10-19T20:32:59"/>
	<testcase classname="create_formatted_resistance_string_tests.CreateFormattedResistanceStringTests" name="testCreateFormattedResistanceStringFourBandBrownGreyYellowRed" time="0.000" timestamp="2018-10-19T20:32:59"/>
	<testcase classname="create_formatted_resistance_string_tests.CreateFormattedResistanceStringTests" name="testCreateFormattedResistanceStringFourBandBrownGreyYellowSilver" time="0.000" timestamp="2018-10-19T20:32:59"/>
	<testcase classname="create_formatted_resistance_string_tests.CreateFormattedResistanceStringTests" name="testCreateFormattedResistanceStringFourBandBrownGreyYellowViolet" time="0.000" timestamp="2018-10-19T20:32:59"/>
	<testcase classname="create_formatted_resistance_string_tests.CreateFormattedResistanceStringTests" name="testCreateFormattedResistanceStringFourBandBrownOrangeBlackBlue" time="0.000" timestamp="2018-10-19T20:32:59"/>
	<testcase classname="create_formatted_resistance_string_tests.CreateFormattedResistanceStringTests" name="testCreateFormattedResistanceStringFourBandBrownOrangeBlackBrown" time="0.000" timestamp="2018-10-19T20:32:59"/>
	<testcase classname="create_formatted_resistance_string_tests.CreateFormattedResistanceStringTests" name="testCreateFormattedResistanceStringFourBandBrownOrangeBlackGold" time="0.000" timestamp="2018-10-19T20:32:59"/>
	<testcase classname="create_formatted_resistance_string_tests.CreateFormattedResistanceStringTests" name="testCreateFormattedResistanceStringFourBandBrownOrangeBlackGreen" time="0.000" timestamp="2018-10-19T20:32:59"/>
	<testcase classname="create_formatted_resistance_string_tests.CreateFormattedResistanceStringTests" name="testCreateFormattedResistanceStringFourBandBrownOrangeBlackGrey" time="0.000" timestamp="2018-10-19T20:32:59"/>
	<testcase classname="create_formatted_resistance_string_tests.CreateFormattedResistanceStringTests" name="testCreateFormattedResistanceStringFourBandBrownOrangeBlackNone" time="0.000" timestamp="2018-10-19T20:32:59"/>
	<testcase classname="create_formatted_resistance_string_tests.CreateFormattedResistanceStringTests" name="testCreateFormattedResistanceStringFourBandBrownOrangeBlackRed" time="0.000" timestamp="2018-10-19T20:32:59"/>
	<testcase classname="create_formatted_resistance_string_tests.CreateFormattedResistanceStringTests" name="testCreateFormattedResistanceStringFourBandBrownOrangeBlackSilver" time="0.000" timestamp="2018-10-19T20:32:59"/>
	<testcase classname="create_formatted_resistance_string_tests.CreateFormattedResistanceStringTests" name="testCreateFormattedResistanceStringFourBandBrownOrangeBlackViolet" time="0.000" timestamp="2018-10-19T20:32:59"/>
	<testcase classname="create_formatted_resistance_string_tests.CreateFormattedResistanceStringTests" name="testCreateFormattedResistanceStringFourBandBrownOrangeBlueBlue" time="0.000" timestamp="2018-10-19T20:32:59"/>
	<testcase classname="create_formatted_resistance_string_tests.CreateFormattedResistanceStringTests" name="testCreateFormattedResistanceStringFourBandBrownOrangeBlueBrown" time="0.000" timestamp="2018-10-19T20:32:59"/>
	<testcase classname="create_formatted_resistance_string_tests.CreateFormattedResistanceStringTests" name="testCreateFormattedResistanceStringFourBandBrownOrangeBlueGold" time="0.000" timestamp="2018-10-19T20:32:59"/>
	<testcase classname="create_formatted_resistance_string_tests.CreateFormattedResistanceStringTests" name="testCreateFormattedResistanceStringFourBandBrownOrangeBlueGreen" time="0.000" timestamp="2018-10-19T20:32:59"/>
	<testcase classname="create_formatted_resistance_string_tests.CreateFormattedResistanceStringTests" name="testCreateFormattedResistanceStringFourBandBrownOrangeBlueGrey" time="0.000" timestamp="2018-10-19T20:32:59"/>
	<testcase classname="create_formatted_resistance_string_tests.CreateFormattedResistanceStringTests" name="testCreateFormattedResistanceStringFourBandBrownOrangeBlueNone" time="0.000" timestamp="2018-10-19T20:32:59"/>
	<testcase classname="create_formatted_resistance_string_tests.CreateFormattedResistanceStringTests" name="testCreateFormattedResistanceStringFourBandBrownOrangeBlueRed" time="0.000" timestamp="2018-10-19T20:32:59"/>
	<testcase classname="create_formatted_resistance_string_tests.CreateFormattedResistanceStringTests" name="testCreateFormattedResistanceStringFourBandBrownOrangeBlueSilver" time="0.000" timestamp="2018-10-19T20:32:59"/>
	<testcase classname="create_formatted_resistance_string_tests.CreateFormattedResistanceStringTests" name="testCreateFormattedResistanceStringFourBandBrownOrangeBlueViolet" time="0.000" timestamp="2018-10-19T20:32:59"/>
	<testcase classname="create_formatted_resistance_string_tests.CreateFormattedResistanceStringTests" name="testCreateFormattedResistanceStringFourBandBrownOrangeBrownBlue" time="0.000" timestamp="2018-10-19T20:32:59"/>
	<testcase classname="create_formatted_resistance_string_tests.CreateFormattedResistanceStringTests" name="testCreateFormattedResistanceStringFourBandBrownOrangeBrownBrown" time="0.000" timestamp="2018-10-19T20:32:59"/>
	<testcase classname="create_formatted_resistance_string_tests.CreateFormattedResistanceStringTests" name="testCreateFormattedResistanceStringFourBandBrownOrangeBrownGold" time="0.000" timestamp="2018-10-19T20:32:59"/>
	<testcase classname="create_formatted_resistance_string_tests.CreateFormattedResistanceStringTests" name="testCreateFormattedResistanceStringFourBandBrownOrangeBrownGreen" time="0.000" timestamp="2018-10-19T20:32:59"/>
	<testcase classname="create_formatted_resistance_string_tests.CreateFormattedResistanceStringTests" name="testCreateFormattedResistanceStringFourBandBrownOrangeBrownGrey" time="0.000" timestamp="2018-10-19T20:32:59"/>
	<testcase classname="create_formatted_resistance_string_tests.CreateFormattedResistanceStringTests" name="testCreateFormattedResistanceStringFourBandBrownOrangeBrownNone" time="0.000" timestamp="2018-10-19T20:32:59"/>
	<testcase classname="create_formatted_resistance_string_tests.CreateFormattedResistanceStringTests" name="testCreateFormattedResistanceStringFourBandBrownOrangeBrownRed" time="0.000" timestamp="2018-10-19T20:32:59"/>
	<testcase classname="create_formatted_resistance_string_tests.CreateFormattedResistanceStringTests" name="testCreateFormattedResistanceStringFourBandBrownOrangeBrownSilver" time="0.000" timestamp="2018-10-19T20:32:59"/>
	<testcase classname="create_formatted_resistance_string_tests.CreateFormattedResistanceStringTests" name="testCreateFormattedResistanceStringFourBandBrownOrangeBrownViolet" time="0.000" timestamp="2018-10-19T20:32:59"/>
	<testcase classname="create_formatted_resistance_string_tests.CreateFormattedResistanceStringTests" name="testCreateFormattedResistanceStringFourBandBrownOrangeGoldBlue" time="0.000" timestamp="2018-10-19T20:32:59"/>
	<testcase classname="create_formatted_resistance_string_tests.CreateFormattedResistanceStringTests" name="testCreateFormattedResistanceStringFourBandBrownOrangeGoldBrown" time="0.000" timestamp="2018-10-19T20:32:59"/>
	<testcase classname="create_formatted_resistance_string_tests.CreateFormattedResistanceStringTests" name="testCreateFormattedResistanceStringFourBandBrownOrangeGoldGold" time="0.000" timestamp="2018-10-19T20:32:59"/>
	<testcase classname="create_formatted_resistance_string_tests.CreateFormattedResistanceStringTests" name="testCreateFormattedResistanceStringFourBandBrownOrangeGoldGreen" time="0.000" timestamp="2018-10-19T20:32:59"/>
	<testcase classname="create_formatted_resistance_string_tests.CreateFormattedResistanceStringTests" name="testCreateFormattedResistanceStringFourBandBrownOrangeGoldGrey" time="0.000" timestamp="2018-10-19T20:32:59"/>
	<testcase classname="create_formatted_resistance_string_tests.CreateFormattedResistanceStringTests" name="testCreateFormattedResistanceStringFourBandBrownOrangeGoldNone" time="0.000" timestamp="2018-10-19T20:32:59"/>
	<testcase classname="create_formatted_resistance_string_tests.CreateFormattedResistanceStringTests" name="testCreateFormattedResistanceStringFourBandBrownOrangeGoldRed" time="0.000" timestamp="2018-10-19T20:32:59"/>
	<testcase classname="create_formatted_resistance_string_tests.CreateFormattedResistanceStringTests" name="testCreateFormattedResistanceStringFourBandBrownOrangeGoldSilver" time="0.000" timestamp="2018-10-19T20:32:59"/>
	<testcase classname="create_formatted_resistance_string_tests.CreateFormattedResistanceStringTests" name="testCreateFormattedResistanceStringFourBandBrownOrangeGoldViolet" time="0.000" timestamp="2018-10-19T20:32:59"/>
	<testcase classname="create_formatted_resistance_string_tests.CreateFormattedResistanceStringTests" name="testCreateFormattedResistanceStringFourBandBrownOrangeGreenBlue" time="0.000" timestamp="2018-10-19T20:32:59"/>
	<testcase classname="create_formatted_resistance_string_tests.CreateFormattedResistanceStringTests" name="testCreateFormattedResistanceStringFourBandBrownOrangeGreenBrown" time="0.000" timestamp="2018-10-19T20:32:59"/>
	<testcase classname="create_formatted_resistance_string_tests.CreateFormattedResistanceStringTests" name="testCreateFormattedResistanceStringFourBandBrownOrangeGreenGold" time="0.000" timestamp="2018-10-19T20:32:59"/>
	<testcase classname="create_formatted_resistance_string_tests.CreateFormattedResistanceStringTests" name="testCreateFormattedResistanceStringFourBandBrownOrangeGreenGreen" time="0.000" timestamp="2018-10-19T20:32:59"/>
	<testcase classname="create_formatted_resistance_string_tests.CreateFormattedResistanceStringTests" name="testCreateFormattedResistanceStringFourBandBrownOrangeGreenGrey" time="0.000" timestamp="2018-10-19T20:32:59"/>
	<testcase classname="create_formatted_resistance_string_tests.CreateFormattedResistanceStringTests" name="testCreateFormattedResistanceStringFourBandBrownOrangeGreenNone" time="0.000" timestamp="2018-10-19T20:32:59"/>
	<testcase classname="create_formatted_resistance_string_tests.CreateFormattedResistanceStringTests" name="testCreateFormattedResistanceStringFourBandBrownOrangeGreenRed" time="0.000" timestamp="2018-10-19T20:32:59"/>
	<testcase classname="create_formatted_resistance_string_tests.CreateFormattedResistanceStringTests" name="testCreateFormattedResistanceStringFourBandBrownOrangeGreenSilver" time="0.000" timestamp="2018-10-19T20:32:59"/>
	<testcase classname="create_formatted_resistance_string_tests.CreateFormattedResistanceStringTests" name="testCreateFormattedResistanceStringFourBandBrownOrangeGreenViolet" time="0.000" timestamp="2018-10-19T20:32:59"/>
	<testcase classname="create_formatted_resistance_string_tests.CreateFormattedResistanceStringTests" name="testCreateFormattedResistanceStringFourBandBrownOrangeGreyBlue" time="0.000" timestamp="2018-10-19T20:32:59"/>
	<testcase classname="create_formatted_resistance_string_tests.CreateFormattedResistanceStringTests" name="testCreateFormattedResistanceStringFourBandBrownOrangeGreyBrown" time="0.000" timestamp="2018-10-19T20:32:59"/>
	<testcase classname="create_formatted_resistance_string_tests.CreateFormattedResistanceStringTests" name="testCreateFormattedResistanceStringFourBandBrownOrangeGreyGold" time="0.000" timestamp="2018-10-19T20:32:59"/>
	<testcase classname="create_formatted_resistance_string_tests.CreateFormattedResistanceStringTests" name="testCreateFormattedResistanceStringFourBandBrownOrangeGreyGreen" time="0.000" timestamp="2018-10-19T20:32:59"/>
	<testcase classname="create_formatted_resistance_string_tests.CreateFormattedResistanceStringTests" name="testCreateFormattedResistanceStringFourBandBrownOrangeGreyGrey" time="0.000" timestamp="2018-10-19T20:32:59"/>
	<testcase classname="create_formatted_resistance_string_tests.CreateFormattedResistanceStringTests" name="testCreateFormattedResistanceStringFourBandBrownOrangeGreyNone" time="0.000" timestamp="2018-10-19T20:32:59"/>
	<testcase classname="create_formatted_resistance_string_tests.CreateFormattedResistanceStringTests" name="testCreateFormattedResistanceStringFourBandBrownOrangeGreyRed" time="0.000" timestamp="2018-10-19T20:32:59"/>
	<testcase classname="create_formatted_resistance_string_tests.CreateFormattedResistanceStringTests" name="testCreateFormattedResistanceStringFourBandBrownOrangeGreySilver" time="0.000" timestamp="2018-10-19T20:32:59"/>
	<testcase classname="create_formatted_resistance_string_tests.CreateFormattedResistanceStringTests" name="testCreateFormattedResistanceStringFourBandBrownOrangeGreyViolet" time="0.000" timestamp="2018-10-19T20:32:59"/>
	<testcase classname="create_formatted_resistance_string_tests.CreateFormattedResistanceStringTests" name="testCreateFormattedResistanceStringFourBandBrownOrangeOrangeBlue" time="0.000" timestamp="2018-10-19T20:32:59"/>
	<testcase classname="create_formatted_resistance_string_tests.CreateFormattedResistanceStringTests" name="testCreateFormattedResistanceStringFourBandBrownOrangeOrangeBrown" time="0.000" timestamp="2018-10-19T20:32:59"/>
	<testcase classname="create_formatted_resistance_string_tests.CreateFormattedResistanceStringTests" name="testCreateFormattedResistanceStringFourBandBrownOrangeOrangeGold" time="0.000" timestamp="2018-10-19T20:32:59"/>
	<testcase classname="create_formatted_resistance_string_tests.CreateFormattedResistanceStringTests" name="testCreateFormattedResistanceStringFourBandBrownOrangeOrangeGreen" time="0.000" timestamp="2018-10-19T20:32:59"/>
	<testcase classname="create_formatted_resistance_string_tests.CreateFormattedResistanceStringTests" name="testCreateFormattedResistanceStringFourBandBrownOrangeOrangeGrey" time="0.000" timestamp="2018-10-19T20:32:59"/>
	<testcase classname="create_formatted_resistance_string_tests.CreateFormattedResistanceStringTests" name="testCreateFormattedResistanceStringFourBandBrownOrangeOrangeNone" time="0.000" timestamp="2018-10-19T20:32:59"/>
	<testcase classname="create_formatted_resistance_string_tests.CreateFormattedResistanceStringTests" name="testCreateFormattedResistanceStringFourBandBrownOrangeOrangeRed" time="0.000" timestamp="2018-10-19T20:32:59"/>
	<testcase classname="create_formatted_resistance_string_tests.CreateFormattedResistanceStringTests" name="testCreateFormattedResistanceStringFourBandBrownOrangeOrangeSilver" time="0.000" timestamp="2018-10-19T20:32:59"/>
	<testcase classname="create_formatted_resistance_string_tests.CreateFormattedResistanceStringTests" name="testCreateFormattedResistanceStringFourBandBrownOrangeOrangeViolet" time="0.000" timestamp="2018-10-19T20:32:59"/>
	<testcase classname="create_formatted_resistance_string_tests.CreateFormattedResistanceStringTests" name="testCreateFormattedResistanceStringFourBandBrownOrangeRedBlue" time="0.000" timestamp="2018-10-19T20:32:59"/>
	<testcase classname="create_formatted_resistance_string_tests.CreateFormattedResistanceStringTests" name="testCreateFormattedResistanceStringFourBandBrownOrangeRedBrown" time="0.000" timestamp="2018-10-19T20:32:59"/>
	<testcase classname="create_formatted_resistance_string_tests.CreateFormattedResistanceStringTests" name="testCreateFormattedResistanceStringFourBandBrownOrangeRedGold" time="0.000" timestamp="2018-10-19T20:32:59"/>
	<testcase classname="create_formatted_resistance_string_tests.CreateFormattedResistanceStringTests" name="testCreateFormattedResistanceStringFourBandBrownOrangeRedGreen" time="0.000" timestamp="2018-10-19T20:32:59"/>
	<testcase classname="create_formatted_resistance_string_tests.CreateFormattedResistanceStringTests" name="testCreateFormattedResistanceStringFourBandBrownOrangeRedGrey" time="0.000" timestamp="2018-10-19T20:32:59"/>
	<testcase classname="create_formatted_resistance_string_tests.CreateFormattedResistanceStringTests" name="testCreateFormattedResistanceStringFourBandBrownOrangeRedNone" time="0.000" timestamp="2018-10-19T20:32:59"/>
	<testcase classname="create_formatted_resistance_string_tests.CreateFormattedResistanceStringTests" name="testCreateFormattedResistanceStringFourBandBrownOrangeRedRed" time="0.000" timestamp="2018-10-19T20:32:59"/>
	<testcase classname="create_formatted_resistance_string_tests.CreateFormattedResistanceStringTests" name="testCreateFormattedResistanceStringFourBandBrownOrangeRedSilver" time="0.000" timestamp="2018-10-19T20:32:59"/>
	<testcase classname="create_formatted_resistance_string_tests.CreateFormattedResistanceStringTests" name="testCreateFormattedResistanceStringFourBandBrownOrangeRedViolet" time="0.000" timestamp="2018-10-19T20:32:59"/>
	<testcase classname="create_formatted_resistance_string_tests.CreateFormattedResistanceStringTests" name="testCreateFormattedResistanceStringFourBandBrownOrangeSilverBlue" time="0.000" timestamp="2018-10-19T20:32:59"/>
	<testcase classname="create_formatted_resistance_string_tests.CreateFormattedResistanceStringTests" name="testCreateFormattedResistanceStringFourBandBrownOrangeSilverBrown" time="0.000" timestamp="2018-10-19T20:32:59"/>
	<testcase classname="create_formatted_resistance_string_tests.CreateFormattedResistanceStringTests" name="testCreateFormattedResistanceStringFourBandBrownOrangeSilverGold" time="0.000" timestamp="2018-10-19T20:32:59"/>
	<testcase classname="create_formatted_resistance_string_tests.CreateFormattedResistanceStringTests" name="testCreateFormattedResistanceStringFourBandBrownOrangeSilverGreen" time="0.000" timestamp="2018-10-19T20:32:59"/>
	<testcase classname="create_formatted_resistance_string_tests.CreateFormattedResistanceStringTests" name="testCreateFormattedResistanceStringFourBandBrownOrangeSilverGrey" time="0.000" timestamp="2018-10-19T20:32:59"/>
	<testcase classname="create_formatted_resistance_string_tests.CreateFormattedResistanceStringTests" name="testCreateFormattedResistanceStringFourBandBrownOrangeSilverNone" time="0.000" timestamp="2018-10-19T20:32:59"/>
	<testcase classname="create_formatted_resistance_string_tests.CreateFormattedResistanceStringTests" name="testCreateFormattedResistanceStringFourBandBrownOrangeSilverRed" time="0.000" timestamp="2018-10-19T20:32:59"/>
	<testcase classname="create_formatted_resistance_string_tests.CreateFormattedResistanceStringTests" name="testCreateFormattedResistanceStringFourBandBrownOrangeSilverSilver" time="0.000" timestamp="2018-10-19T20:32:59"/>
	<testcase classname="create_formatted_resistance_string_tests.CreateFormattedResistanceStringTests" name="testCreateFormattedResistanceStringFourBandBrownOrangeSilverViolet" time="0.000" timestamp="2018-10-19T20:32:59"/>
	<testcase classname="create_formatted_resistance_string_tests.CreateFormattedResistanceStringTests" name="testCreateFormattedResistanceStringFourBandBrownOrangeVioletBlue" time="0.000" timestamp="2018-10-19T20:32:59"/>
	<testcase classname="create_formatted_resistance_string_tests.CreateFormattedResistanceStringTests" name="testCreateFormattedResistanceStringFourBandBrownOrangeVioletBrown" time="0.000" timestamp="2018-10-19T20:32:59"/>
	<testcase classname="create_formatted_resistance_string_tests.CreateFormattedResistanceStringTests" name="testCreateFormattedResistanceStringFourBandBrownOrangeVioletGold" time="0.000" timestamp="2018-10-19T20:32:59"/>
	<testcase classname="create_formatted_resistance_string_tests.CreateFormattedResistanceStringTests" name="testCreateFormattedResistanceStringFourBandBrownOrangeVioletGreen" time="0.000" timestamp="2018-10-19T20:32:59"/>
	<testcase classname="create_formatted_resistance_string_tests.CreateFormattedResistanceStringTests" name="testCreateFormattedResistanceStringFourBandBrownOrangeVioletGrey" time="0.000" timestamp="2018-10-19T20:32:59"/>
	<testcase classname="create_formatted_resistance_string_tests.CreateFormattedResistanceStringTests" name="testCreateFormattedResistanceStringFourBandBrownOrangeVioletNone" time="0.000" timestamp="2018-10-19T20:32:59"/>
	<testcase classname="create_formatted_resistance_string_tests.CreateFormattedResistanceStringTests" name="testCreateFormattedResistanceStringFourBandBrownOrangeVioletRed" time="0.000" timestamp="2018-10-19T20:32:59"/>
	<testcase classname="create_formatted_resistance_string_tests.CreateFormattedResistanceStringTests" name="testCreateFormattedResistanceStringFourBandBrownOrangeVioletSilver" time="0.000" timestamp="2018-10-19T20:32:59"/>
	<testcase classname="create_formatted_resistance_string_tests.CreateFormattedResistanceStringTests" name="testCreateFormattedResistanceStringFourBandBrownOrangeVioletViolet" time="0.000" timestamp="2018-10-19T20:32:59"/>
	<testcase classname="create_formatted_resistance_string_tests.CreateFormattedResistanceStringTests" name="testCreateFormattedResistanceStringFourBandBrownOrangeWhiteBlue" time="0.000" timestamp="2018-10-19T20:32:59"/>
	<testcase classname="create_formatted_resistance_string_tests.CreateFormattedResistanceStringTests" name="testCreateFormattedResistanceStringFourBandBrownOrangeWhiteBrown" time="0.000" timestamp="2018-10-19T20:32:59"/>
	<testcase classname="create_formatted_resistance_string_tests.CreateFormattedResistanceStringTests" name="testCreateFormattedResistanceStringFourBandBrownOrangeWhiteGold" time="0.000" timestamp="2018-10-19T20:32:59"/>
	<testcase classname="create_formatted_resistance_string_tests.CreateFormattedResistanceStringTests" name="testCreateFormattedResistanceStringFourBandBrownOrangeWhiteGreen" time="0.000" timestamp="2018-10-19T20:32:59"/>
	<testcase classname="create_formatted_resistance_string_tests.CreateFormattedResistanceStringTests" name="testCreateFormattedResistanceStringFourBandBrownOrangeWhiteGrey" time="0.000" timestamp="2018-10-19T20:32:59"/>
	<testcase classname="create_formatted_resistance_string_tests.CreateFormattedResistanceStringTests" name="testCreateFormattedResistanceStringFourBandBrownOrangeWhiteNone" time="0.000" timestamp="2018-10-19T20:32:59"/>
	<testcase classname="create_formatted_resistance_string_tests.CreateFormattedResistanceStringTests" name="testCreateFormattedResistanceStringFourBandBrownOrangeWhiteRed" time="0.000" timestamp="2018-10-19T20:32:59"/>
	<testcase classname="create_formatted_resistance_string_tests.CreateFormattedResistanceStringTests" name="testCreateFormattedResistanceStringFourBandBrownOrangeWhiteSilver" time="0.000" timestamp="2018-10-19T20:32:59"/>
	<testcase classname="create_formatted_resistance_string_tests.CreateFormattedResistanceStringTests" name="testCreateFormattedResistanceStringFourBandBrownOrangeWhiteViolet" time="0.000" timestamp="2018-10-19T20:32:59"/>
	<testcase classname="create_formatted_resistance_string_tests.CreateFormattedResistanceStringTests" name="testCreateFormattedResistanceStringFourBandBrownOrangeYellowBlue" time="0.000" timestamp="2018-10-19T20:32:59"/>
	<testcase classname="create_formatted_resistance_string_tests.CreateFormattedResistanceStringTests" name="testCreateFormattedResistanceStringFourBandBrownOrangeYellowBrown" time="0.000" timestamp="2018-10-19T20:32:59"/>
	<testcase classname="create_formatted_resistance_string_tests.CreateFormattedResistanceStringTests" name="testCreateFormattedResistanceStringFourBandBrownOrangeYellowGold" time="0.000" timestamp="2018-10-19T20:32:59"/>
	<testcase classname="create_formatted_resistance_string_tests.CreateFormattedResistanceStringTests" name="testCreateFormattedResistanceStringFourBandBrownOrangeYellowGreen" time="0.000" timestamp="2018-10-19T20:32:59"/>
	<testcase classname="create_formatted_resistance_string_tests.CreateFormattedResistanceStringTests" name="testCreateFormattedResistanceStringFourBandBrownOrangeYellowGrey" time="0.000" timestamp="2018-10-19T20:32:59"/>
	<testcase classname="create_formatted_resistance_string_tests.CreateFormattedResistanceStringTests" name="testCreateFormattedResistanceStringFourBandBrownOrangeYellowNone" time="0.000" timestamp="2018-10-19T20:32:59"/>
	<testcase classname="create_formatted_resistance_string_tests.CreateFormattedResistanceStringTests" name="testCreateFormattedResistanceStringFourBandBrownOrangeYellowRed" time="0.000" timestamp="2018-10-19T20:32:59"/>
	<testcase classname="create_formatted_resistance_string_tests.CreateFormattedResistanceStringTests" name="testCreateFormattedResistanceStringFourBandBrownOrangeYellowSilver" time="0.000" timestamp="2018-10-19T20:32:59"/>
	<testcase classname="create_formatted_resistance_string_tests.CreateFormattedResistanceStringTests" name="testCreateFormattedResistanceStringFourBandBrownOrangeYellowViolet" time="0.000" timestamp="2018-10-19T20:32:59"/>
	<testcase classname="create_formatted_resistance_string_tests.CreateFormattedResistanceStringTests" name="testCreateFormattedResistanceStringFourBandBrownRedBlackBlue" time="0.000" timestamp="2018-10-19T20:32:59"/>
	<testcase classname="create_formatted_resistance_string_tests.CreateFormattedResistanceStringTests" name="testCreateFormattedResistanceStringFourBandBrownRedBlackBrown" time="0.000" timestamp="2018-10-19T20:32:59"/>
	<testcase classname="create_formatted_resistance_string_tests.CreateFormattedResistanceStringTests" name="testCreateFormattedResistanceStringFourBandBrownRedBlackGold" time="0.000" timestamp="2018-10-19T20:32:59"/>
	<testcase classname="create_formatted_resistance_string_tests.CreateFormattedResistanceStringTests" name="testCreateFormattedResistanceStringFourBandBrownRedBlackGreen" time="0.000" timestamp="2018-10-19T20:32:59"/>
	<testcase classname="create_formatted_resistance_string_tests.CreateFormattedResistanceStringTests" name="testCreateFormattedResistanceStringFourBandBrownRedBlackGrey" time="0.000" timestamp="2018-10-19T20:32:59"/>
	<testcase classname="create_formatted_resistance_string_tests.CreateFormattedResistanceStringTests" name="testCreateFormattedResistanceStringFourBandBrownRedBlackNone" time="0.000" timestamp="2018-10-19T20:32:59"/>
	<testcase classname="create_formatted_resistance_string_tests.CreateFormattedResistanceStringTests" name="testCreateFormattedResistanceStringFourBandBrownRedBlackRed" time="0.000" timestamp="2018-10-19T20:32:59"/>
	<testcase classname="create_formatted_resistance_string_tests.CreateFormattedResistanceStringTests" name="testCreateFormattedResistanceStringFourBandBrownRedBlackSilver" time="0.000" timestamp="2018-10-19T20:32:59"/>
	<testcase classname="create_formatted_resistance_string_tests.CreateFormattedResistanceStringTests" name="testCreateFormattedResistanceStringFourBandBrownRedBlackViolet" time="0.000" timestamp="2018-10-19T20:32:59"/>
	<testcase classname="create_formatted_resistance_string_tests.CreateFormattedResistanceStringTests" name="testCreateFormattedResistanceStringFourBandBrownRedBlueBlue" time="0.000" timestamp="2018-10-19T20:32:59"/>
	<testcase classname="create_formatted_resistance_string_tests.CreateFormattedResistanceStringTests" name="testCreateFormattedResistanceStringFourBandBrownRedBlueBrown" time="0.000" timestamp="2018-10-19T20:32:59"/>
	<testcase classname="create_formatted_resistance_string_tests.CreateFormattedResistanceStringTests" name="testCreateFormattedResistanceStringFourBandBrownRedBlueGold" time="0.000" timestamp="2018-10-19T20:32:59"/>
	<testcase classname="create_formatted_resistance_string_tests.CreateFormattedResistanceStringTests" name="testCreateFormattedResistanceStringFourBandBrownRedBlueGreen" time="0.000" timestamp="2018-10-19T20:32:59"/>
	<testcase classname="create_formatted_resistance_string_tests.CreateFormattedResistanceStringTests" name="testCreateFormattedResistanceStringFourBandBrownRedBlueGrey" time="0.000" timestamp="2018-10-19T20:32:59"/>
	<testcase classname="create_formatted_resistance_string_tests.CreateFormattedResistanceStringTests" name="testCreateFormattedResistanceStringFourBandBrownRedBlueNone" time="0.000" timestamp="2018-10-19T20:32:59"/>
	<testcase classname="create_formatted_resistance_string_tests.CreateFormattedResistanceStringTests" name="testCreateFormattedResistanceStringFourBandBrownRedBlueRed" time="0.000" timestamp="2018-10-19T20:32:59"/>
	<testcase classname="create_formatted_resistance_string_tests.CreateFormattedResistanceStringTests" name="testCreateFormattedResistanceStringFourBandBrownRedBlueSilver" time="0.000" timestamp="2018-10-19T20:32:59"/>
	<testcase classname="create_formatted_resistance_string_tests.CreateFormattedResistanceStringTests" name="testCreateFormattedResistanceStringFourBandBrownRedBlueViolet" time="0.000" timestamp="2018-10-19T20:32:59"/>
	<testcase classname="create_formatted_resistance_string_tests.CreateFormattedResistanceStringTests" name="testCreateFormattedResistanceStringFourBandBrownRedBrownBlue" time="0.000" timestamp="2018-10-19T20:32:59"/>
	<testcase classname="create_formatted_resistance_string_tests.CreateFormattedResistanceStringTests" name="testCreateFormattedResistanceStringFourBandBrownRedBrownBrown" time="0.000" timestamp="2018-10-19T20:32:59"/>
	<testcase classname="create_formatted_resistance_string_tests.CreateFormattedResistanceStringTests" name="testCreateFormattedResistanceStringFourBandBrownRedBrownGold" time="0.000" timestamp="2018-10-19T20:32:59"/>
	<testcase classname="create_formatted_resistance_string_tests.CreateFormattedResistanceStringTests" name="testCreateFormattedResistanceStringFourBandBrownRedBrownGreen" time="0.000" timestamp="2018-10-19T20:32:59"/>
	<testcase classname="create_formatted_resistance_string_tests.CreateFormattedResistanceStringTests" name="testCreateFormattedResistanceStringFourBandBrownRedBrownGrey" time="0.000" timestamp="2018-10-19T20:32:59"/>
	<testcase classname="create_formatted_resistance_string_tests.CreateFormattedResistanceStringTests" name="testCreateFormattedResistanceStringFourBandBrownRedBrownNone" time="0.000" timestamp="2018-10-19T20:32:59"/>
	<testcase classname="create_formatted_resistance_string_tests.CreateFormattedResistanceStringTests" name="testCreateFormattedResistanceStringFourBandBrownRedBrownRed" time="0.000" timestamp="2018-10-19T20:32:59"/>
	<testcase classname="create_formatted_resistance_string_tests.CreateFormattedResistanceStringTests" name="testCreateFormattedResistanceStringFourBandBrownRedBrownSilver" time="0.000" timestamp="2018-10-19T20:32:59"/>
	<testcase classname="create_formatted_resistance_string_tests.CreateFormattedResistanceStringTests" name="testCreateFormattedResistanceStringFourBandBrownRedBrownViolet" time="0.000" timestamp="2018-10-19T20:32:59"/>
	<testcase classname="create_formatted_resistance_string_tests.CreateFormattedResistanceStringTests" name="testCreateFormattedResistanceStringFourBandBrownRedGoldBlue" time="0.000" timestamp="2018-10-19T20:32:59"/>
	<testcase classname="create_formatted_resistance_string_tests.CreateFormattedResistanceStringTests" name="testCreateFormattedResistanceStringFourBandBrownRedGoldBrown" time="0.000" timestamp="2018-10-19T20:32:59"/>
	<testcase classname="create_formatted_resistance_string_tests.CreateFormattedResistanceStringTests" name="testCreateFormattedResistanceStringFourBandBrownRedGoldGold" time="0.000" timestamp="2018-10-19T20:32:59"/>
	<testcase classname="create_formatted_resistance_string_tests.CreateFormattedResistanceStringTests" name="testCreateFormattedResistanceStringFourBandBrownRedGoldGreen" time="0.000" timestamp="2018-10-19T20:32:59"/>
	<testcase classname="create_formatted_resistance_string_tests.CreateFormattedResistanceStringTests" name="testCreateFormattedResistanceStringFourBandBrownRedGoldGrey" time="0.000" timestamp="2018-10-19T20:32:59"/>
	<testcase classname="create_formatted_resistance_string_tests.CreateFormattedResistanceStringTests" name="testCreateFormattedResistanceStringFourBandBrownRedGoldNone" time="0.000" timestamp="2018-10-19T20:32:59"/>
	<testcase classname="create_formatted_resistance_string_tests.CreateFormattedResistanceStringTests" name="testCreateFormattedResistanceStringFourBandBrownRedGoldRed" time="0.000" timestamp="2018-10-19T20:32:59"/>
	<testcase classname="create_formatted_resistance_string_tests.CreateFormattedResistanceStringTests" name="testCreateFormattedResistanceStringFourBandBrownRedGoldSilver" time="0.000" timestamp="2018-10-19T20:32:59"/>
	<testcase classname="create_formatted_resistance_string_tests.CreateFormattedResistanceStringTests" name="testCreateFormattedResistanceStringFourBandBrownRedGoldViolet" time="0.000" timestamp="2018-10-19T20:32:59"/>
	<testcase classname="create_formatted_resistance_string_tests.CreateFormattedResistanceStringTests" name="testCreateFormattedResistanceStringFourBandBrownRedGreenBlue" time="0.000" timestamp="2018-10-19T20:32:59"/>
	<testcase classname="create_formatted_resistance_string_tests.CreateFormattedResistanceStringTests" name="testCreateFormattedResistanceStringFourBandBrownRedGreenBrown" time="0.000" timestamp="2018-10-19T20:32:59"/>
	<testcase classname="create_formatted_resistance_string_tests.CreateFormattedResistanceStringTests" name="testCreateFormattedResistanceStringFourBandBrownRedGreenGold" time="0.000" timestamp="2018-10-19T20:32:59"/>
	<testcase classname="create_formatted_resistance_string_tests.CreateFormattedResistanceStringTests" name="testCreateFormattedResistanceStringFourBandBrownRedGreenGreen" time="0.000" timestamp="2018-10-19T20:32:59"/>
	<testcase classname="create_formatted_resistance_string_tests.CreateFormattedResistanceStringTests" name="testCreateFormattedResistanceStringFourBandBrownRedGreenGrey" time="0.000" timestamp="2018-10-19T20:32:59"/>
	<testcase classname="create_formatted_resistance_string_tests.CreateFormattedResistanceStringTests" name="testCreateFormattedResistanceStringFourBandBrownRedGreenNone" time="0.000" timestamp="2018-10-19T20:32:59"/>
	<testcase classname="create_formatted_resistance_string_tests.CreateFormattedResistanceStringTests" name="testCreateFormattedResistanceStringFourBandBrownRedGreenRed" time="0.000" timestamp="2018-10-19T20:32:59"/>
	<testcase classname="create_formatted_resistance_string_tests.CreateFormattedResistanceStringTests" name="testCreateFormattedResistanceStringFourBandBrownRedGreenSilver" time="0.000" timestamp="2018-10-19T20:32:59"/>
	<testcase classname="create_formatted_resistance_string_tests.CreateFormattedResistanceStringTests" name="testCreateFormattedResistanceStringFourBandBrownRedGreenViolet" time="0.000" timestamp="2018-10-19T20:32:59"/>
	<testcase classname="create_formatted_resistance_string_tests.CreateFormattedResistanceStringTests" name="testCreateFormattedResistanceStringFourBandBrownRedGreyBlue" time="0.000" timestamp="2018-10-19T20:32:59"/>
	<testcase classname="create_formatted_resistance_string_tests.CreateFormattedResistanceStringTests" name="testCreateFormattedResistanceStringFourBandBrownRedGreyBrown" time="0.000" timestamp="2018-10-19T20:32:59"/>
	<testcase classname="create_formatted_resistance_string_tests.CreateFormattedResistanceStringTests" name="testCreateFormattedResistanceStringFourBandBrownRedGreyGold" time="0.000" timestamp="2018-10-19T20:32:59"/>
	<testcase classname="create_formatted_resistance_string_tests.CreateFormattedResistanceStringTests" name="testCreateFormattedResistanceStringFourBandBrownRedGreyGreen" time="0.000" timestamp="2018-10-19T20:32:59"/>
	<testcase classname="create_formatted_resistance_string_tests.CreateFormattedResistanceStringTests" name="testCreateFormattedResistanceStringFourBandBrownRedGreyGrey" time="0.000" timestamp="2018-10-19T20:32:59"/>
	<testcase classname="create_formatted_resistance_string_tests.CreateFormattedResistanceStringTests" name="testCreateFormattedResistanceStringFourBandBrownRedGreyNone" time="0.000" timestamp="2018-10-19T20:32:59"/>
	<testcase classname="create_formatted_resistance_string_tests.CreateFormattedResistanceStringTests" name="testCreateFormattedResistanceStringFourBandBrownRedGreyRed" time="0.000" timestamp="2018-10-19T20:32:59"/>
	<testcase classname="create_formatted_resistance_string_tests.CreateFormattedResistanceStringTests" name="testCreateFormattedResistanceStringFourBandBrownRedGreySilver" time="0.000" timestamp="2018-10-19T20:32:59"/>
	<testcase classname="create_formatted_resistance_string_tests.CreateFormattedResistanceStringTests" name="testCreateFormattedResistanceStringFourBandBrownRedGreyViolet" time="0.000" timestamp="2018-10-19T20:32:59"/>
	<testcase classname="create_formatted_resistance_string_tests.CreateFormattedResistanceStringTests" name="testCreateFormattedResistanceStringFourBandBrownRedOrangeBlue" time="0.000" timestamp="2018-10-19T20:32:59"/>
	<testcase classname="create_formatted_resistance_string_tests.CreateFormattedResistanceStringTests" name="testCreateFormattedResistanceStringFourBandBrownRedOrangeBrown" time="0.000" timestamp="2018-10-19T20:32:59"/>
	<testcase classname="create_formatted_resistance_string_tests.CreateFormattedResistanceStringTests" name="testCreateFormattedResistanceStringFourBandBrownRedOrangeGold" time="0.000" timestamp="2018-10-19T20:32:59"/>
	<testcase classname="create_formatted_resistance_string_tests.CreateFormattedResistanceStringTests" name="testCreateFormattedResistanceStringFourBandBrownRedOrangeGreen" time="0.000" timestamp="2018-10-19T20:32:59"/>
	<testcase classname="create_formatted_resistance_string_tests.CreateFormattedResistanceStringTests" name="testCreateFormattedResistanceStringFourBandBrownRedOrangeGrey" time="0.000" timestamp="2018-10-19T20:32:59"/>
	<testcase classname="create_formatted_resistance_string_tests.CreateFormattedResistanceStringTests" name="testCreateFormattedResistanceStringFourBandBrownRedOrangeNone" time="0.000" timestamp="2018-10-19T20:32:59"/>
	<testcase classname="create_formatted_resistance_string_tests.CreateFormattedResistanceStringTests" name="testCreateFormattedResistanceStringFourBandBrownRedOrangeRed" time="0.000" timestamp="2018-10-19T20:32:59"/>
	<testcase classname="create_formatted_resistance_string_tests.CreateFormattedResistanceStringTests" name="testCreateFormattedResistanceStringFourBandBrownRedOrangeSilver" time="0.000" timestamp="2018-10-19T20:32:59"/>
	<testcase classname="create_formatted_resistance_string_tests.CreateFormattedResistanceStringTests" name="testCreateFormattedResistanceStringFourBandBrownRedOrangeViolet" time="0.000" timestamp="2018-10-19T20:32:59"/>
	<testcase classname="create_formatted_resistance_string_tests.CreateFormattedResistanceStringTests" name="testCreateFormattedResistanceStringFourBandBrownRedRedBlue" time="0.000" timestamp="2018-10-19T20:32:59"/>
	<testcase classname="create_formatted_resistance_string_tests.CreateFormattedResistanceStringTests" name="testCreateFormattedResistanceStringFourBandBrownRedRedBrown" time="0.000" timestamp="2018-10-19T20:32:59"/>
	<testcase classname="create_formatted_resistance_string_tests.CreateFormattedResistanceStringTests" name="testCreateFormattedResistanceStringFourBandBrownRedRedGold" time="0.000" timestamp="2018-10-19T20:32:59"/>
	<testcase classname="create_formatted_resistance_string_tests.CreateFormattedResistanceStringTests" name="testCreateFormattedResistanceStringFourBandBrownRedRedGreen" time="0.000" timestamp="2018-10-19T20:32:59"/>
	<testcase classname="create_formatted_resistance_string_tests.CreateFormattedResistanceStringTests" name="testCreateFormattedResistanceStringFourBandBrownRedRedGrey" time="0.000" timestamp="2018-10-19T20:32:59"/>
	<testcase classname="create_formatted_resistance_string_tests.CreateFormattedResistanceStringTests" name="testCreateFormattedResistanceStringFourBandBrownRedRedNone" time="0.000" timestamp="2018-10-19T20:32:59"/>
	<testcase classname="create_formatted_resistance_string_tests.CreateFormattedResistanceStringTests" name="testCreateFormattedResistanceStringFourBandBrownRedRedRed" time="0.000" timestamp="2018-10-19T20:32:59"/>
	<testcase classname="create_formatted_resistance_string_tests.CreateFormattedResistanceStringTests" name="testCreateFormattedResistanceStringFourBandBrownRedRedSilver" time="0.000" timestamp="2018-10-19T20:32:59"/>
	<testcase classname="create_formatted_resistance_string_tests.CreateFormattedResistanceStringTests" name="testCreateFormattedResistanceStringFourBandBrownRedRedViolet" time="0.000" timestamp="2018-10-19T20:32:59"/>
	<testcase classname="create_formatted_resistance_string_tests.CreateFormattedResistanceStringTests" name="testCreateFormattedResistanceStringFourBandBrownRedSilverBlue" time="0.000" timestamp="2018-10-19T20:32:59"/>
	<testcase classname="create_formatted_resistance_string_tests.CreateFormattedResistanceStringTests" name="testCreateFormattedResistanceStringFourBandBrownRedSilverBrown" time="0.000" timestamp="2018-10-19T20:32:59"/>
	<testcase classname="create_formatted_resistance_string_tests.CreateFormattedResistanceStringTests" name="testCreateFormattedResistanceStringFourBandBrownRedSilverGold" time="0.000" timestamp="2018-10-19T20:32:59"/>
	<testcase classname="create_formatted_resistance_string_tests.CreateFormattedResistanceStringTests" name="testCreateFormattedResistanceStringFourBandBrownRedSilverGreen" time="0.000" timestamp="2018-10-19T20:32:59"/>
	<testcase classname="create_formatted_resistance_string_tests.CreateFormattedResistanceStringTests" name="testCreateFormattedResistanceStringFourBandBrownRedSilverGrey" time="0.000" timestamp="2018-10-19T20:32:59"/>
	<testcase classname="create_formatted_resistance_string_tests.CreateFormattedResistanceStringTests" name="testCreateFormattedResistanceStringFourBandBrownRedSilverNone" time="0.000" timestamp="2018-10-19T20:32:59"/>
	<testcase classname="create_formatted_resistance_string_tests.CreateFormattedResistanceStringTests" name="testCreateFormattedResistanceStringFourBandBrownRedSilverRed" time="0.000" timestamp="2018-10-19T20:32:59"/>
	<testcase classname="create_formatted_resistance_string_tests.CreateFormattedResistanceStringTests" name="testCreateFormattedResistanceStringFourBandBrownRedSilverSilver" time="0.000" timestamp="2018-10-19T20:32:59"/>
	<testcase classname="create_formatted_resistance_string_tests.CreateFormattedResistanceStringTests" name="testCreateFormattedResistanceStringFourBandBrownRedSilverViolet" time="0.000" timestamp="2018-10-19T20:32:59"/>
	<testcase classname="create_formatted_resistance_string_tests.CreateFormattedResistanceStringTests" name="testCreateFormattedResistanceStringFourBandBrownRedVioletBlue" time="0.000" timestamp="2018-10-19T20:32:59"/>
	<testcase classname="create_formatted_resistance_string_tests.CreateFormattedResistanceStringTests" name="testCreateFormattedResistanceStringFourBandBrownRedVioletBrown" time="0.000" timestamp="2018-10-19T20:32:59"/>
	<testcase classname="create_formatted_resistance_string_tests.CreateFormattedResistanceStringTests" name="testCreateFormattedResistanceStringFourBandBrownRedVioletGold" time="0.000" timestamp="2018-10-19T20:32:59"/>
	<testcase classname="create_formatted_resistance_string_tests.CreateFormattedResistanceStringTests" name="testCreateFormattedResistanceStringFourBandBrownRedVioletGreen" time="0.000" timestamp="2018-10-19T20:32:59"/>
	<testcase classname="create_formatted_resistance_string_tests.CreateFormattedResistanceStringTests" name="testCreateFormattedResistanceStringFourBandBrownRedVioletGrey" time="0.000" timestamp="2018-10-19T20:32:59"/>
	<testcase classname="create_formatted_resistance_string_tests.CreateFormattedResistanceStringTests" name="testCreateFormattedResistanceStringFourBandBrownRedVioletNone" time="0.000" timestamp="2018-10-19T20:32:59"/>
	<testcase classname="create_formatted_resistance_string_tests.CreateFormattedResistanceStringTests" name="testCreateFormattedResistanceStringFourBandBrownRedVioletRed" time="0.000" timestamp="2018-10-19T20:32:59"/>
	<testcase classname="create_formatted_resistance_string_tests.CreateFormattedResistanceStringTests" name="testCreateFormattedResistanceStringFourBandBrownRedVioletSilver" time="0.000" timestamp="2018-10-19T20:32:59"/>
	<testcase classname="create_formatted_resistance_string_tests.CreateFormattedResistanceStringTests" name="testCreateFormattedResistanceStringFourBandBrownRedVioletViolet" time="0.000" timestamp="2018-10-19T20:32:59"/>
	<testcase classname="create_formatted_resistance_string_tests.CreateFormattedResistanceStringTests" name="testCreateFormattedResistanceStringFourBandBrownRedWhiteBlue" time="0.000" timestamp="2018-10-19T20:32:59"/>
	<testcase classname="create_formatted_resistance_string_tests.CreateFormattedResistanceStringTests" name="testCreateFormattedResistanceStringFourBandBrownRedWhiteBrown" time="0.000" timestamp="2018-10-19T20:32:59"/>
	<testcase classname="create_formatted_resistance_string_tests.CreateFormattedResistanceStringTests" name="testCreateFormattedResistanceStringFourBandBrownRedWhiteGold" time="0.000" timestamp="2018-10-19T20:32:59"/>
	<testcase classname="create_formatted_resistance_string_tests.CreateFormattedResistanceStringTests" name="testCreateFormattedResistanceStringFourBandBrownRedWhiteGreen" time="0.000" timestamp="2018-10-19T20:32:59"/>
	<testcase classname="create_formatted_resistance_string_tests.CreateFormattedResistanceStringTests" name="testCreateFormattedResistanceStringFourBandBrownRedWhiteGrey" time="0.000" timestamp="2018-10-19T20:32:59"/>
	<testcase classname="create_formatted_resistance_string_tests.CreateFormattedResistanceStringTests" name="testCreateFormattedResistanceStringFourBandBrownRedWhiteNone" time="0.000" timestamp="2018-10-19T20:32:59"/>
	<testcase classname="create_formatted_resistance_string_tests.CreateFormattedResistanceStringTests" name="testCreateFormattedResistanceStringFourBandBrownRedWhiteRed" time="0.000" timestamp="2018-10-19T20:32:59"/>
	<testcase classname="create_formatted_resistance_string_tests.CreateFormattedResistanceStringTests" name="testCreateFormattedResistanceStringFourBandBrownRedWhiteSilver" time="0.000" timestamp="2018-10-19T20:32:59"/>
	<testcase classname="create_formatted_resistance_string_tests.CreateFormattedResistanceStringTests" name="testCreateFormattedResistanceStringFourBandBrownRedWhiteViolet" time="0.000" timestamp="2018-10-19T20:32:59"/>
	<testcase classname="create_formatted_resistance_string_tests.CreateFormattedResistanceStringTests" name="testCreateFormattedResistanceStringFourBandBrownRedYellowBlue" time="0.000" timestamp="2018-10-19T20:32:59"/>
	<testcase classname="create_formatted_resistance_string_tests.CreateFormattedResistanceStringTests" name="testCreateFormattedResistanceStringFourBandBrownRedYellowBrown" time="0.000" timestamp="2018-10-19T20:32:59"/>
	<testcase classname="create_formatted_resistance_string_tests.CreateFormattedResistanceStringTests" name="testCreateFormattedResistanceStringFourBandBrownRedYellowGold" time="0.000" timestamp="2018-10-19T20:32:59"/>
	<testcase classname="create_formatted_resistance_string_tests.CreateFormattedResistanceStringTests" name="testCreateFormattedResistanceStringFourBandBrownRedYellowGreen" time="0.000" timestamp="2018-10-19T20:32:59"/>
	<testcase classname="create_formatted_resistance_string_tests.CreateFormattedResistanceStringTests" name="testCreateFormattedResistanceStringFourBandBrownRedYellowGrey" time="0.000" timestamp="2018-10-19T20:32:59"/>
	<testcase classname="create_formatted_resistance_string_tests.CreateFormattedResistanceStringTests" name="testCreateFormattedResistanceStringFourBandBrownRedYellowNone" time="0.000" timestamp="2018-10-19T20:32:59"/>
	<testcase classname="create_formatted_resistance_string_tests.CreateFormattedResistanceStringTests" name="testCreateFormattedResistanceStringFourBandBrownRedYellowRed" time="0.000" timestamp="2018-10-19T20:32:59"/>
	<testcase classname="create_formatted_resistance_string_tests.CreateFormattedResistanceStringTests" name="testCreateFormattedResistanceStringFourBandBrownRedYellowSilver" time="0.000" timestamp="2018-10-19T20:32:59"/>
	<testcase classname="create_formatted_resistance_string_tests.CreateFormattedResistanceStringTests" name="testCreateFormattedResistanceStringFourBandBrownRedYellowViolet" time="0.000" timestamp="2018-10-19T20:32:59"/>
	<testcase classname="create_formatted_resistance_string_tests.CreateFormattedResistanceStringTests" name="testCreateFormattedResistanceStringFourBandBrownVioletBlackBlue" time="0.000" timestamp="2018-10-19T20:32:59"/>
	<testcase classname="create_formatted_resistance_string_tests.CreateFormattedResistanceStringTests" name="testCreateFormattedResistanceStringFourBandBrownVioletBlackBrown" time="0.000" timestamp="2018-10-19T20:32:59"/>
	<testcase classname="create_formatted_resistance_string_tests.CreateFormattedResistanceStringTests" name="testCreateFormattedResistanceStringFourBandBrownVioletBlackGold" time="0.000" timestamp="2018-10-19T20:32:59"/>
	<testcase classname="create_formatted_resistance_string_tests.CreateFormattedResistanceStringTests" name="testCreateFormattedResistanceStringFourBandBrownVioletBlackGreen" time="0.000" timestamp="2018-10-19T20:32:59"/>
	<testcase classname="create_formatted_resistance_string_tests.CreateFormattedResistanceStringTests" name="testCreateFormattedResistanceStringFourBandBrownVioletBlackGrey" time="0.000" timestamp="2018-10-19T20:32:59"/>
	<testcase classname="create_formatted_resistance_string_tests.CreateFormattedResistanceStringTests" name="testCreateFormattedResistanceStringFourBandBrownVioletBlackNone" time="0.000" timestamp="2018-10-19T20:32:59"/>
	<testcase classname="create_formatted_resistance_string_tests.CreateFormattedResistanceStringTests" name="testCreateFormattedResistanceStringFourBandBrownVioletBlackRed" time="0.000" timestamp="2018-10-19T20:32:59"/>
	<testcase classname="create_formatted_resistance_string_tests.CreateFormattedResistanceStringTests" name="testCreateFormattedResistanceStringFourBandBrownVioletBlackSilver" time="0.000" timestamp="2018-10-19T20:32:59"/>
	<testcase classname="create_formatted_resistance_string_tests.CreateFormattedResistanceStringTests" name="testCreateFormattedResistanceStringFourBandBrownVioletBlackViolet" time="0.000" timestamp="2018-10-19T20:32:59"/>
	<testcase classname="create_formatted_resistance_string_tests.CreateFormattedResistanceStringTests" name="testCreateFormattedResistanceStringFourBandBrownVioletBlueBlue" time="0.000" timestamp="2018-10-19T20:32:59"/>
	<testcase classname="create_formatted_resistance_string_tests.CreateFormattedResistanceStringTests" name="testCreateFormattedResistanceStringFourBandBrownVioletBlueBrown" time="0.000" timestamp="2018-10-19T20:32:59"/>
	<testcase classname="create_formatted_resistance_string_tests.CreateFormattedResistanceStringTests" name="testCreateFormattedResistanceStringFourBandBrownVioletBlueGold" time="0.000" timestamp="2018-10-19T20:32:59"/>
	<testcase classname="create_formatted_resistance_string_tests.CreateFormattedResistanceStringTests" name="testCreateFormattedResistanceStringFourBandBrownVioletBlueGreen" time="0.000" timestamp="2018-10-19T20:32:59"/>
	<testcase classname="create_formatted_resistance_string_tests.CreateFormattedResistanceStringTests" name="testCreateFormattedResistanceStringFourBandBrownVioletBlueGrey" time="0.000" timestamp="2018-10-19T20:32:59"/>
	<testcase classname="create_formatted_resistance_string_tests.CreateFormattedResistanceStringTests" name="testCreateFormattedResistanceStringFourBandBrownVioletBlueNone" time="0.000" timestamp="2018-10-19T20:32:59"/>
	<testcase classname="create_formatted_resistance_string_tests.CreateFormattedResistanceStringTests" name="testCreateFormattedResistanceStringFourBandBrownVioletBlueRed" time="0.000" timestamp="2018-10-19T20:32:59"/>
	<testcase classname="create_formatted_resistance_string_tests.CreateFormattedResistanceStringTests" name="testCreateFormattedResistanceStringFourBandBrownVioletBlueSilver" time="0.000" timestamp="2018-10-19T20:32:59"/>
	<testcase classname="create_formatted_resistance_string_tests.CreateFormattedResistanceStringTests" name="testCreateFormattedResistanceStringFourBandBrownVioletBlueViolet" time="0.000" timestamp="2018-10-19T20:32:59"/>
	<testcase classname="create_formatted_resistance_string_tests.CreateFormattedResistanceStringTests" name="testCreateFormattedResistanceStringFourBandBrownVioletBrownBlue" time="0.000" timestamp="2018-10-19T20:32:59"/>
	<testcase classname="create_formatted_resistance_string_tests.CreateFormattedResistanceStringTests" name="testCreateFormattedResistanceStringFourBandBrownVioletBrownBrown" time="0.000" timestamp="2018-10-19T20:32:59"/>
	<testcase classname="create_formatted_resistance_string_tests.CreateFormattedResistanceStringTests" name="testCreateFormattedResistanceStringFourBandBrownVioletBrownGold" time="0.000" timestamp="2018-10-19T20:32:59"/>
	<testcase classname="create_formatted_resistance_string_tests.CreateFormattedResistanceStringTests" name="testCreateFormattedResistanceStringFourBandBrownVioletBrownGreen" time="0.000" timestamp="2018-10-19T20:32:59"/>
	<testcase classname="create_formatted_resistance_string_tests.CreateFormattedResistanceStringTests" name="testCreateFormattedResistanceStringFourBandBrownVioletBrownGrey" time="0.000" timestamp="2018-10-19T20:32:59"/>
	<testcase classname="create_formatted_resistance_string_tests.CreateFormattedResistanceStringTests" name="testCreateFormattedResistanceStringFourBandBrownVioletBrownNone" time="0.000" timestamp="2018-10-19T20:32:59"/>
	<testcase classname="create_formatted_resistance_string_tests.CreateFormattedResistanceStringTests" name="testCreateFormattedResistanceStringFourBandBrownVioletBrownRed" time="0.000" timestamp="2018-10-19T20:32:59"/>
	<testcase classname="create_formatted_resistance_string_tests.CreateFormattedResistanceStringTests" name="testCreateFormattedResistanceStringFourBandBrownVioletBrownSilver" time="0.000" timestamp="2018-10-19T20:32:59"/>
	<testcase classname="create_formatted_resistance_string_tests.CreateFormattedResistanceStringTests" name="testCreateFormattedResistanceStringFourBandBrownVioletBrownViolet" time="0.000" timestamp="2018-10-19T20:32:59"/>
	<testcase classname="create_formatted_resistance_string_tests.CreateFormattedResistanceStringTests" name="testCreateFormattedResistanceStringFourBandBrownVioletGoldBlue" time="0.000" timestamp="2018-10-19T20:32:59"/>
	<testcase classname="create_formatted_resistance_string_tests.CreateFormattedResistanceStringTests" name="testCreateFormattedResistanceStringFourBandBrownVioletGoldBrown" time="0.000" timestamp="2018-10-19T20:32:59"/>
	<testcase classname="create_formatted_resistance_string_tests.CreateFormattedResistanceStringTests" name="testCreateFormattedResistanceStringFourBandBrownVioletGoldGold" time="0.000" timestamp="2018-10-19T20:32:59"/>
	<testcase classname="create_formatted_resistance_string_tests.CreateFormattedResistanceStringTests" name="testCreateFormattedResistanceStringFourBandBrownVioletGoldGreen" time="0.000" timestamp="2018-10-19T20:32:59"/>
	<testcase classname="create_formatted_resistance_string_tests.CreateFormattedResistanceStringTests" name="testCreateFormattedResistanceStringFourBandBrownVioletGoldGrey" time="0.000" timestamp="2018-10-19T20:32:59"/>
	<testcase classname="create_formatted_resistance_string_tests.CreateFormattedResistanceStringTests" name="testCreateFormattedResistanceStringFourBandBrownVioletGoldNone" time="0.000" timestamp="2018-10-19T20:32:59"/>
	<testcase classname="create_formatted_resistance_string_tests.CreateFormattedResistanceStringTests" name="testCreateFormattedResistanceStringFourBandBrownVioletGoldRed" time="0.000" timestamp="2018-10-19T20:32:59"/>
	<testcase classname="create_formatted_resistance_string_tests.CreateFormattedResistanceStringTests" name="testCreateFormattedResistanceStringFourBandBrownVioletGoldSilver" time="0.000" timestamp="2018-10-19T20:32:59"/>
	<testcase classname="create_formatted_resistance_string_tests.CreateFormattedResistanceStringTests" name="testCreateFormattedResistanceStringFourBandBrownVioletGoldViolet" time="0.000" timestamp="2018-10-19T20:32:59"/>
	<testcase classname="create_formatted_resistance_string_tests.CreateFormattedResistanceStringTests" name="testCreateFormattedResistanceStringFourBandBrownVioletGreenBlue" time="0.000" timestamp="2018-10-19T20:32:59"/>
	<testcase classname="create_formatted_resistance_string_tests.CreateFormattedResistanceStringTests" name="testCreateFormattedResistanceStringFourBandBrownVioletGreenBrown" time="0.000" timestamp="2018-10-19T20:32:59"/>
	<testcase classname="create_formatted_resistance_string_tests.CreateFormattedResistanceStringTests" name="testCreateFormattedResistanceStringFourBandBrownVioletGreenGold" time="0.000" timestamp="2018-10-19T20:32:59"/>
	<testcase classname="create_formatted_resistance_string_tests.CreateFormattedResistanceStringTests" name="testCreateFormattedResistanceStringFourBandBrownVioletGreenGreen" time="0.000" timestamp="2018-10-19T20:32:59"/>
	<testcase classname="create_formatted_resistance_string_tests.CreateFormattedResistanceStringTests" name="testCreateFormattedResistanceStringFourBandBrownVioletGreenGrey" time="0.000" timestamp="2018-10-19T20:32:59"/>
	<testcase classname="create_formatted_resistance_string_tests.CreateFormattedResistanceStringTests" name="testCreateFormattedResistanceStringFourBandBrownVioletGreenNone" time="0.000" timestamp="2018-10-19T20:32:59"/>
	<testcase classname="create_formatted_resistance_string_tests.CreateFormattedResistanceStringTests" name="testCreateFormattedResistanceStringFourBandBrownVioletGreenRed" time="0.000" timestamp="2018-10-19T20:32:59"/>
	<testcase classname="create_formatted_resistance_string_tests.CreateFormattedResistanceStringTests" name="testCreateFormattedResistanceStringFourBandBrownVioletGreenSilver" time="0.000" timestamp="2018-10-19T20:32:59"/>
	<testcase classname="create_formatted_resistance_string_tests.CreateFormattedResistanceStringTests" name="testCreateFormattedResistanceStringFourBandBrownVioletGreenViolet" time="0.000" timestamp="2018-10-19T20:32:59"/>
	<testcase classname="create_formatted_resistance_string_tests.CreateFormattedResistanceStringTests" name="testCreateFormattedResistanceStringFourBandBrownVioletGreyBlue" time="0.000" timestamp="2018-10-19T20:32:59"/>
	<testcase classname="create_formatted_resistance_string_tests.CreateFormattedResistanceStringTests" name="testCreateFormattedResistanceStringFourBandBrownVioletGreyBrown" time="0.000" timestamp="2018-10-19T20:32:59"/>
	<testcase classname="create_formatted_resistance_string_tests.CreateFormattedResistanceStringTests" name="testCreateFormattedResistanceStringFourBandBrownVioletGreyGold" time="0.000" timestamp="2018-10-19T20:32:59"/>
	<testcase classname="create_formatted_resistance_string_tests.CreateFormattedResistanceStringTests" name="testCreateFormattedResistanceStringFourBandBrownVioletGreyGreen" time="0.000" timestamp="2018-10-19T20:32:59"/>
	<testcase classname="create_formatted_resistance_string_tests.CreateFormattedResistanceStringTests" name="testCreateFormattedResistanceStringFourBandBrownVioletGreyGrey" time="0.000" timestamp="2018-10-19T20:32:59"/>
	<testcase classname="create_formatted_resistance_string_tests.CreateFormattedResistanceStringTests" name="testCreateFormattedResistanceStringFourBandBrownVioletGreyNone" time="0.000" timestamp="2018-10-19T20:32:59"/>
	<testcase classname="create_formatted_resistance_string_tests.CreateFormattedResistanceStringTests" name="testCreateFormattedResistanceStringFourBandBrownVioletGreyRed" time="0.000" timestamp="2018-10-19T20:32:59"/>
	<testcase classname="create_formatted_resistance_string_tests.CreateFormattedResistanceStringTests" name="testCreateFormattedResistanceStringFourBandBrownVioletGreySilver" time="0.000" timestamp="2018-10-19T20:32:59"/>
	<testcase classname="create_formatted_resistance_string_tests.CreateFormattedResistanceStringTests" name="testCreateFormattedResistanceStringFourBandBrownVioletGreyViolet" time="0.000" timestamp="2018-10-19T20:32:59"/>
	<testcase classname="create_formatted_resistance_string_tests.CreateFormattedResistanceStringTests" name="testCreateFormattedResistanceStringFourBandBrownVioletOrangeBlue" time="0.000" timestamp="2018-10-19T20:32:59"/>
	<testcase classname="create_formatted_resistance_string_tests.CreateFormattedResistanceStringTests" name="testCreateFormattedResistanceStringFourBandBrownVioletOrangeBrown" time="0.000" timestamp="2018-10-19T20:32:59"/>
	<testcase classname="create_formatted_resistance_string_tests.CreateFormattedResistanceStringTests" name="testCreateFormattedResistanceStringFourBandBrownVioletOrangeGold" time="0.000" timestamp="2018-10-19T20:32:59"/>
	<testcase classname="create_formatted_resistance_string_tests.CreateFormattedResistanceStringTests" name="testCreateFormattedResistanceStringFourBandBrownVioletOrangeGreen" time="0.000" timestamp="2018-10-19T20:32:59"/>
	<testcase classname="create_formatted_resistance_string_tests.CreateFormattedResistanceStringTests" name="testCreateFormattedResistanceStringFourBandBrownVioletOrangeGrey" time="0.000" timestamp="2018-10-19T20:32:59"/>
	<testcase classname="create_formatted_resistance_string_tests.CreateFormattedResistanceStringTests" name="testCreateFormattedResistanceStringFourBandBrownVioletOrangeNone" time="0.000" timestamp="2018-10-19T20:32:59"/>
	<testcase classname="create_formatted_resistance_string_tests.CreateFormattedResistanceStringTests" name="testCreateFormattedResistanceStringFourBandBrownVioletOrangeRed" time="0.000" timestamp="2018-10-19T20:32:59"/>
	<testcase classname="create_formatted_resistance_string_tests.CreateFormattedResistanceStringTests" name="testCreateFormattedResistanceStringFourBandBrownVioletOrangeSilver" time="0.000" timestamp="2018-10-19T20:32:59"/>
	<testcase classname="create_formatted_resistance_string_tests.CreateFormattedResistanceStringTests" name="testCreateFormattedResistanceStringFourBandBrownVioletOrangeViolet" time="0.000" timestamp="2018-10-19T20:32:59"/>
	<testcase classname="create_formatted_resistance_string_tests.CreateFormattedResistanceStringTests" name="testCreateFormattedResistanceStringFourBandBrownVioletRedBlue" time="0.000" timestamp="2018-10-19T20:32:59"/>
	<testcase classname="create_formatted_resistance_string_tests.CreateFormattedResistanceStringTests" name="testCreateFormattedResistanceStringFourBandBrownVioletRedBrown" time="0.000" timestamp="2018-10-19T20:32:59"/>
	<testcase classname="create_formatted_resistance_string_tests.CreateFormattedResistanceStringTests" name="testCreateFormattedResistanceStringFourBandBrownVioletRedGold" time="0.000" timestamp="2018-10-19T20:32:59"/>
	<testcase classname="create_formatted_resistance_string_tests.CreateFormattedResistanceStringTests" name="testCreateFormattedResistanceStringFourBandBrownVioletRedGreen" time="0.000" timestamp="2018-10-19T20:32:59"/>
	<testcase classname="create_formatted_resistance_string_tests.CreateFormattedResistanceStringTests" name="testCreateFormattedResistanceStringFourBandBrownVioletRedGrey" time="0.000" timestamp="2018-10-19T20:32:59"/>
	<testcase classname="create_formatted_resistance_string_tests.CreateFormattedResistanceStringTests" name="testCreateFormattedResistanceStringFourBandBrownVioletRedNone" time="0.000" timestamp="2018-10-19T20:32:59"/>
	<testcase classname="create_formatted_resistance_string_tests.CreateFormattedResistanceStringTests" name="testCreateFormattedResistanceStringFourBandBrownVioletRedRed" time="0.000" timestamp="2018-10-19T20:32:59"/>
	<testcase classname="create_formatted_resistance_string_tests.CreateFormattedResistanceStringTests" name="testCreateFormattedResistanceStringFourBandBrownVioletRedSilver" time="0.000" timestamp="2018-10-19T20:32:59"/>
	<testcase classname="create_formatted_resistance_string_tests.CreateFormattedResistanceStringTests" name="testCreateFormattedResistanceStringFourBandBrownVioletRedViolet" time="0.000" timestamp="2018-10-19T20:32:59"/>
	<testcase classname="create_formatted_resistance_string_tests.CreateFormattedResistanceStringTests" name="testCreateFormattedResistanceStringFourBandBrownVioletSilverBlue" time="0.000" timestamp="2018-10-19T20:32:59"/>
	<testcase classname="create_formatted_resistance_string_tests.CreateFormattedResistanceStringTests" name="testCreateFormattedResistanceStringFourBandBrownVioletSilverBrown" time="0.000" timestamp="2018-10-19T20:32:59"/>
	<testcase classname="create_formatted_resistance_string_tests.CreateFormattedResistanceStringTests" name="testCreateFormattedResistanceStringFourBandBrownVioletSilverGold" time="0.000" timestamp="2018-10-19T20:32:59"/>
	<testcase classname="create_formatted_resistance_string_tests.CreateFormattedResistanceStringTests" name="testCreateFormattedResistanceStringFourBandBrownVioletSilverGreen" time="0.000" timestamp="2018-10-19T20:32:59"/>
	<testcase classname="create_formatted_resistance_string_tests.CreateFormattedResistanceStringTests" name="testCreateFormattedResistanceStringFourBandBrownVioletSilverGrey" time="0.000" timestamp="2018-10-19T20:32:59"/>
	<testcase classname="create_formatted_resistance_string_tests.CreateFormattedResistanceStringTests" name="testCreateFormattedResistanceStringFourBandBrownVioletSilverNone" time="0.000" timestamp="2018-10-19T20:32:59"/>
	<testcase classname="create_formatted_resistance_string_tests.CreateFormattedResistanceStringTests" name="testCreateFormattedResistanceStringFourBandBrownVioletSilverRed" time="0.000" timestamp="2018-10-19T20:32:59"/>
	<testcase classname="create_formatted_resistance_string_tests.CreateFormattedResistanceStringTests" name="testCreateFormattedResistanceStringFourBandBrownVioletSilverSilver" time="0.000" timestamp="2018-10-19T20:32:59"/>
	<testcase classname="create_formatted_resistance_string_tests.CreateFormattedResistanceStringTests" name="testCreateFormattedResistanceStringFourBandBrownVioletSilverViolet" time="0.000" timestamp="2018-10-19T20:32:59"/>
	<testcase classname="create_formatted_resistance_string_tests.CreateFormattedResistanceStringTests" name="testCreateFormattedResistanceStringFourBandBrownVioletVioletBlue" time="0.000" timestamp="2018-10-19T20:32:59"/>
	<testcase classname="create_formatted_resistance_string_tests.CreateFormattedResistanceStringTests" name="testCreateFormattedResistanceStringFourBandBrownVioletVioletBrown" time="0.000" timestamp="2018-10-19T20:32:59"/>
	<testcase classname="create_formatted_resistance_string_tests.CreateFormattedResistanceStringTests" name="testCreateFormattedResistanceStringFourBandBrownVioletVioletGold" time="0.000" timestamp="2018-10-19T20:32:59"/>
	<testcase classname="create_formatted_resistance_string_tests.CreateFormattedResistanceStringTests" name="testCreateFormattedResistanceStringFourBandBrownVioletVioletGreen" time="0.000" timestamp="2018-10-19T20:32:59"/>
	<testcase classname="create_formatted_resistance_string_tests.CreateFormattedResistanceStringTests" name="testCreateFormattedResistanceStringFourBandBrownVioletVioletGrey" time="0.000" timestamp="2018-10-19T20:32:59"/>
	<testcase classname="create_formatted_resistance_string_tests.CreateFormattedResistanceStringTests" name="testCreateFormattedResistanceStringFourBandBrownVioletVioletNone" time="0.000" timestamp="2018-10-19T20:32:59"/>
	<testcase classname="create_formatted_resistance_string_tests.CreateFormattedResistanceStringTests" name="testCreateFormattedResistanceStringFourBandBrownVioletVioletRed" time="0.000" timestamp="2018-10-19T20:32:59"/>
	<testcase classname="create_formatted_resistance_string_tests.CreateFormattedResistanceStringTests" name="testCreateFormattedResistanceStringFourBandBrownVioletVioletSilver" time="0.000" timestamp="2018-10-19T20:32:59"/>
	<testcase classname="create_formatted_resistance_string_tests.CreateFormattedResistanceStringTests" name="testCreateFormattedResistanceStringFourBandBrownVioletVioletViolet" time="0.000" timestamp="2018-10-19T20:32:59"/>
	<testcase classname="create_formatted_resistance_string_tests.CreateFormattedResistanceStringTests" name="testCreateFormattedResistanceStringFourBandBrownVioletWhiteBlue" time="0.000" timestamp="2018-10-19T20:32:59"/>
	<testcase classname="create_formatted_resistance_string_tests.CreateFormattedResistanceStringTests" name="testCreateFormattedResistanceStringFourBandBrownVioletWhiteBrown" time="0.000" timestamp="2018-10-19T20:32:59"/>
	<testcase classname="create_formatted_resistance_string_tests.CreateFormattedResistanceStringTests" name="testCreateFormattedResistanceStringFourBandBrownVioletWhiteGold" time="0.000" timestamp="2018-10-19T20:32:59"/>
	<testcase classname="create_formatted_resistance_string_tests.CreateFormattedResistanceStringTests" name="testCreateFormattedResistanceStringFourBandBrownVioletWhiteGreen" time="0.000" timestamp="2018-10-19T20:32:59"/>
	<testcase classname="create_formatted_resistance_string_tests.CreateFormattedResistanceStringTests" name="testCreateFormattedResistanceStringFourBandBrownVioletWhiteGrey" time="0.000" timestamp="2018-10-19T20:32:59"/>
	<testcase classname="create_formatted_resistance_string_tests.CreateFormattedResistanceStringTests" name="testCreateFormattedResistanceStringFourBandBrownVioletWhiteNone" time="0.000" timestamp="2018-10-19T20:32:59"/>
	<testcase classname="create_formatted_resistance_string_tests.CreateFormattedResistanceStringTests" name="testCreateFormattedResistanceStringFourBandBrownVioletWhiteRed" time="0.000" timestamp="2018-10-19T20:32:59"/>
	<testcase classname="create_formatted_resistance_string_tests.CreateFormattedResistanceStringTests" name="testCreateFormattedResistanceStringFourBandBrownVioletWhiteSilver" time="0.000" timestamp="2018-10-19T20:32:59"/>
	<testcase classname="create_formatted_resistance_string_tests.CreateFormattedResistanceStringTests" name="testCreateFormattedResistanceStringFourBandBrownVioletWhiteViolet" time="0.000" timestamp="2018-10-19T20:32:59"/>
	<testcase classname="create_formatted_resistance_string_tests.CreateFormattedResistanceStringTests" name="testCreateFormattedResistanceStringFourBandBrownVioletYellowBlue" time="0.000" timestamp="2018-10-19T20:32:59"/>
	<testcase classname="create_formatted_resistance_string_tests.CreateFormattedResistanceStringTests" name="testCreateFormattedResistanceStringFourBandBrownVioletYellowBrown" time="0.000" timestamp="2018-10-19T20:32:59"/>
	<testcase classname="create_formatted_resistance_string_tests.CreateFormattedResistanceStringTests" name="testCreateFormattedResistanceStringFourBandBrownVioletYellowGold" time="0.000" timestamp="2018-10-19T20:32:59"/>
	<testcase classname="create_formatted_resistance_string_tests.CreateFormattedResistanceStringTests" name="testCreateFormattedResistanceStringFourBandBrownVioletYellowGreen" time="0.000" timestamp="2018-10-19T20:32:59"/>
	<testcase classname="create_formatted_resistance_string_tests.CreateFormattedResistanceStringTests" name="testCreateFormattedResistanceStringFourBandBrownVioletYellowGrey" time="0.000" timestamp="2018-10-19T20:32:59"/>
	<testcase classname="create_formatted_resistance_string_tests.CreateFormattedResistanceStringTests" name="testCreateFormattedResistanceStringFourBandBrownVioletYellowNone" time="0.000" timestamp="2018-10-19T20:32:59"/>
	<testcase classname="create_formatted_resistance_string_tests.CreateFormattedResistanceStringTests" name="testCreateFormattedResistanceStringFourBandBrownVioletYellowRed" time="0.000" timestamp="2018-10-19T20:32:59"/>
	<testcase classname="create_formatted_resistance_string_tests.CreateFormattedResistanceStringTests" name="testCreateFormattedResistanceStringFourBandBrownVioletYellowSilver" time="0.000" timestamp="2018-10-19T20:32:59"/>
	<testcase classname="create_formatted_resistance_string_tests.CreateFormattedResistanceStringTests" name="testCreateFormattedResistanceStringFourBandBrownVioletYellowViolet" time="0.000" timestamp="2018-10-19T20:32:59"/>
	<testcase classname="create_formatted_resistance_string_tests.CreateFormattedResistanceStringTests" name="testCreateFormattedResistanceStringFourBandBrownWhiteBlackBlue" time="0.000" timestamp="2018-10-19T20:32:59"/>
	<testcase classname="create_formatted_resistance_string_tests.CreateFormattedResistanceStringTests" name="testCreateFormattedResistanceStringFourBandBrownWhiteBlackBrown" time="0.000" timestamp="2018-10-19T20:32:59"/>
	<testcase classname="create_formatted_resistance_string_tests.CreateFormattedResistanceStringTests" name="testCreateFormattedResistanceStringFourBandBrownWhiteBlackGold" time="0.000" timestamp="2018-10-19T20:32:59"/>
	<testcase classname="create_formatted_resistance_string_tests.CreateFormattedResistanceStringTests" name="testCreateFormattedResistanceStringFourBandBrownWhiteBlackGreen" time="0.000" timestamp="2018-10-19T20:32:59"/>
	<testcase classname="create_formatted_resistance_string_tests.CreateFormattedResistanceStringTests" name="testCreateFormattedResistanceStringFourBandBrownWhiteBlackGrey" time="0.000" timestamp="2018-10-19T20:32:59"/>
	<testcase classname="create_formatted_resistance_string_tests.CreateFormattedResistanceStringTests" name="testCreateFormattedResistanceStringFourBandBrownWhiteBlackNone" time="0.000" timestamp="2018-10-19T20:32:59"/>
	<testcase classname="create_formatted_resistance_string_tests.CreateFormattedResistanceStringTests" name="testCreateFormattedResistanceStringFourBandBrownWhiteBlackRed" time="0.000" timestamp="2018-10-19T20:32:59"/>
	<testcase classname="create_formatted_resistance_string_tests.CreateFormattedResistanceStringTests" name="testCreateFormattedResistanceStringFourBandBrownWhiteBlackSilver" time="0.000" timestamp="2018-10-19T20:32:59"/>
	<testcase classname="create_formatted_resistance_string_tests.CreateFormattedResistanceStringTests" name="testCreateFormattedResistanceStringFourBandBrownWhiteBlackViolet" time="0.000" timestamp="2018-10-19T20:32:59"/>
	<testcase classname="create_formatted_resistance_string_tests.CreateFormattedResistanceStringTests" name="testCreateFormattedResistanceStringFourBandBrownWhiteBlueBlue" time="0.000" timestamp="2018-10-19T20:32:59"/>
	<testcase classname="create_formatted_resistance_string_tests.CreateFormattedResistanceStringTests" name="testCreateFormattedResistanceStringFourBandBrownWhiteBlueBrown" time="0.000" timestamp="2018-10-19T20:32:59"/>
	<testcase classname="create_formatted_resistance_string_tests.CreateFormattedResistanceStringTests" name="testCreateFormattedResistanceStringFourBandBrownWhiteBlueGold" time="0.000" timestamp="2018-10-19T20:32:59"/>
	<testcase classname="create_formatted_resistance_string_tests.CreateFormattedResistanceStringTests" name="testCreateFormattedResistanceStringFourBandBrownWhiteBlueGreen" time="0.000" timestamp="2018-10-19T20:32:59"/>
	<testcase classname="create_formatted_resistance_string_tests.CreateFormattedResistanceStringTests" name="testCreateFormattedResistanceStringFourBandBrownWhiteBlueGrey" time="0.000" timestamp="2018-10-19T20:32:59"/>
	<testcase classname="create_formatted_resistance_string_tests.CreateFormattedResistanceStringTests" name="testCreateFormattedResistanceStringFourBandBrownWhiteBlueNone" time="0.000" timestamp="2018-10-19T20:32:59"/>
	<testcase classname="create_formatted_resistance_string_tests.CreateFormattedResistanceStringTests" name="testCreateFormattedResistanceStringFourBandBrownWhiteBlueRed" time="0.000" timestamp="2018-10-19T20:32:59"/>
	<testcase classname="create_formatted_resistance_string_tests.CreateFormattedResistanceStringTests" name="testCreateFormattedResistanceStringFourBandBrownWhiteBlueSilver" time="0.000" timestamp="2018-10-19T20:32:59"/>
	<testcase classname="create_formatted_resistance_string_tests.CreateFormattedResistanceStringTests" name="testCreateFormattedResistanceStringFourBandBrownWhiteBlueViolet" time="0.000" timestamp="2018-10-19T20:32:59"/>
	<testcase classname="create_formatted_resistance_string_tests.CreateFormattedResistanceStringTests" name="testCreateFormattedResistanceStringFourBandBrownWhiteBrownBlue" time="0.000" timestamp="2018-10-19T20:32:59"/>
	<testcase classname="create_formatted_resistance_string_tests.CreateFormattedResistanceStringTests" name="testCreateFormattedResistanceStringFourBandBrownWhiteBrownBrown" time="0.000" timestamp="2018-10-19T20:32:59"/>
	<testcase classname="create_formatted_resistance_string_tests.CreateFormattedResistanceStringTests" name="testCreateFormattedResistanceStringFourBandBrownWhiteBrownGold" time="0.000" timestamp="2018-10-19T20:32:59"/>
	<testcase classname="create_formatted_resistance_string_tests.CreateFormattedResistanceStringTests" name="testCreateFormattedResistanceStringFourBandBrownWhiteBrownGreen" time="0.000" timestamp="2018-10-19T20:32:59"/>
	<testcase classname="create_formatted_resistance_string_tests.CreateFormattedResistanceStringTests" name="testCreateFormattedResistanceStringFourBandBrownWhiteBrownGrey" time="0.000" timestamp="2018-10-19T20:32:59"/>
	<testcase classname="create_formatted_resistance_string_tests.CreateFormattedResistanceStringTests" name="testCreateFormattedResistanceStringFourBandBrownWhiteBrownNone" time="0.000" timestamp="2018-10-19T20:32:59"/>
	<testcase classname="create_formatted_resistance_string_tests.CreateFormattedResistanceStringTests" name="testCreateFormattedResistanceStringFourBandBrownWhiteBrownRed" time="0.000" timestamp="2018-10-19T20:32:59"/>
	<testcase classname="create_formatted_resistance_string_tests.CreateFormattedResistanceStringTests" name="testCreateFormattedResistanceStringFourBandBrownWhiteBrownSilver" time="0.000" timestamp="2018-10-19T20:32:59"/>
	<testcase classname="create_formatted_resistance_string_tests.CreateFormattedResistanceStringTests" name="testCreateFormattedResistanceStringFourBandBrownWhiteBrownViolet" time="0.000" timestamp="2018-10-19T20:32:59"/>
	<testcase classname="create_formatted_resistance_string_tests.CreateFormattedResistanceStringTests" name="testCreateFormattedResistanceStringFourBandBrownWhiteGoldBlue" time="0.000" timestamp="2018-10-19T20:32:59"/>
	<testcase classname="create_formatted_resistance_string_tests.CreateFormattedResistanceStringTests" name="testCreateFormattedResistanceStringFourBandBrownWhiteGoldBrown" time="0.000" timestamp="2018-10-19T20:32:59"/>
	<testcase classname="create_formatted_resistance_string_tests.CreateFormattedResistanceStringTests" name="testCreateFormattedResistanceStringFourBandBrownWhiteGoldGold" time="0.000" timestamp="2018-10-19T20:32:59"/>
	<testcase classname="create_formatted_resistance_string_tests.CreateFormattedResistanceStringTests" name="testCreateFormattedResistanceStringFourBandBrownWhiteGoldGreen" time="0.000" timestamp="2018-10-19T20:32:59"/>
	<testcase classname="create_formatted_resistance_string_tests.CreateFormattedResistanceStringTests" name="testCreateFormattedResistanceStringFourBandBrownWhiteGoldGrey" time="0.000" timestamp="2018-10-19T20:32:59"/>
	<testcase classname="create_formatted_resistance_string_tests.CreateFormattedResistanceStringTests" name="testCreateFormattedResistanceStringFourBandBrownWhiteGoldNone" time="0.000" timestamp="2018-10-19T20:32:59"/>
	<testcase classname="create_formatted_resistance_string_tests.CreateFormattedResistanceStringTests" name="testCreateFormattedResistanceStringFourBandBrownWhiteGoldRed" time="0.000" timestamp="2018-10-19T20:32:59"/>
	<testcase classname="create_formatted_resistance_string_tests.CreateFormattedResistanceStringTests" name="testCreateFormattedResistanceStringFourBandBrownWhiteGoldSilver" time="0.000" timestamp="2018-10-19T20:32:59"/>
	<testcase classname="create_formatted_resistance_string_tests.CreateFormattedResistanceStringTests" name="testCreateFormattedResistanceStringFourBandBrownWhiteGoldViolet" time="0.000" timestamp="2018-10-19T20:32:59"/>
	<testcase classname="create_formatted_resistance_string_tests.CreateFormattedResistanceStringTests" name="testCreateFormattedResistanceStringFourBandBrownWhiteGreenBlue" time="0.000" timestamp="2018-10-19T20:32:59"/>
	<testcase classname="create_formatted_resistance_string_tests.CreateFormattedResistanceStringTests" name="testCreateFormattedResistanceStringFourBandBrownWhiteGreenBrown" time="0.000" timestamp="2018-10-19T20:32:59"/>
	<testcase classname="create_formatted_resistance_string_tests.CreateFormattedResistanceStringTests" name="testCreateFormattedResistanceStringFourBandBrownWhiteGreenGold" time="0.000" timestamp="2018-10-19T20:32:59"/>
	<testcase classname="create_formatted_resistance_string_tests.CreateFormattedResistanceStringTests" name="testCreateFormattedResistanceStringFourBandBrownWhiteGreenGreen" time="0.000" timestamp="2018-10-19T20:32:59"/>
	<testcase classname="create_formatted_resistance_string_tests.CreateFormattedResistanceStringTests" name="testCreateFormattedResistanceStringFourBandBrownWhiteGreenGrey" time="0.000" timestamp="2018-10-19T20:32:59"/>
	<testcase classname="create_formatted_resistance_string_tests.CreateFormattedResistanceStringTests" name="testCreateFormattedResistanceStringFourBandBrownWhiteGreenNone" time="0.000" timestamp="2018-10-19T20:32:59"/>
	<testcase classname="create_formatted_resistance_string_tests.CreateFormattedResistanceStringTests" name="testCreateFormattedResistanceStringFourBandBrownWhiteGreenRed" time="0.000" timestamp="2018-10-19T20:32:59"/>
	<testcase classname="create_formatted_resistance_string_tests.CreateFormattedResistanceStringTests" name="testCreateFormattedResistanceStringFourBandBrownWhiteGreenSilver" time="0.000" timestamp="2018-10-19T20:32:59"/>
	<testcase classname="create_formatted_resistance_string_tests.CreateFormattedResistanceStringTests" name="testCreateFormattedResistanceStringFourBandBrownWhiteGreenViolet" time="0.000" timestamp="2018-10-19T20:32:59"/>
	<testcase classname="create_formatted_resistance_string_tests.CreateFormattedResistanceStringTests" name="testCreateFormattedResistanceStringFourBandBrownWhiteGreyBlue" time="0.000" timestamp="2018-10-19T20:32:59"/>
	<testcase classname="create_formatted_resistance_string_tests.CreateFormattedResistanceStringTests" name="testCreateFormattedResistanceStringFourBandBrownWhiteGreyBrown" time="0.000" timestamp="2018-10-19T20:32:59"/>
	<testcase classname="create_formatted_resistance_string_tests.CreateFormattedResistanceStringTests" name="testCreateFormattedResistanceStringFourBandBrownWhiteGreyGold" time="0.000" timestamp="2018-10-19T20:32:59"/>
	<testcase classname="create_formatted_resistance_string_tests.CreateFormattedResistanceStringTests" name="testCreateFormattedResistanceStringFourBandBrownWhiteGreyGreen" time="0.000" timestamp="2018-10-19T20:32:59"/>
	<testcase classname="create_formatted_resistance_string_tests.CreateFormattedResistanceStringTests" name="testCreateFormattedResistanceStringFourBandBrownWhiteGreyGrey" time="0.000" timestamp="2018-10-19T20:32:59"/>
	<testcase classname="create_formatted_resistance_string_tests.CreateFormattedResistanceStringTests" name="testCreateFormattedResistanceStringFourBandBrownWhiteGreyNone" time="0.000" timestamp="2018-10-19T20:32:59"/>
	<testcase classname="create_formatted_resistance_string_tests.CreateFormattedResistanceStringTests" name="testCreateFormattedResistanceStringFourBandBrownWhiteGreyRed" time="0.000" timestamp="2018-10-19T20:32:59"/>
	<testcase classname="create_formatted_resistance_string_tests.CreateFormattedResistanceStringTests" name="testCreateFormattedResistanceStringFourBandBrownWhiteGreySilver" time="0.000" timestamp="2018-10-19T20:32:59"/>
	<testcase classname="create_formatted_resistance_string_tests.CreateFormattedResistanceStringTests" name="testCreateFormattedResistanceStringFourBandBrownWhiteGreyViolet" time="0.000" timestamp="2018-10-19T20:32:59"/>
	<testcase classname="create_formatted_resistance_string_tests.CreateFormattedResistanceStringTests" name="testCreateFormattedResistanceStringFourBandBrownWhiteOrangeBlue" time="0.000" timestamp="2018-10-19T20:32:59"/>
	<testcase classname="create_formatted_resistance_string_tests.CreateFormattedResistanceStringTests" name="testCreateFormattedResistanceStringFourBandBrownWhiteOrangeBrown" time="0.000" timestamp="2018-10-19T20:32:59"/>
	<testcase classname="create_formatted_resistance_string_tests.CreateFormattedResistanceStringTests" name="testCreateFormattedResistanceStringFourBandBrownWhiteOrangeGold" time="0.000" timestamp="2018-10-19T20:32:59"/>
	<testcase classname="create_formatted_resistance_string_tests.CreateFormattedResistanceStringTests" name="testCreateFormattedResistanceStringFourBandBrownWhiteOrangeGreen" time="0.000" timestamp="2018-10-19T20:32:59"/>
	<testcase classname="create_formatted_resistance_string_tests.CreateFormattedResistanceStringTests" name="testCreateFormattedResistanceStringFourBandBrownWhiteOrangeGrey" time="0.000" timestamp="2018-10-19T20:32:59"/>
	<testcase classname="create_formatted_resistance_string_tests.CreateFormattedResistanceStringTests" name="testCreateFormattedResistanceStringFourBandBrownWhiteOrangeNone" time="0.000" timestamp="2018-10-19T20:32:59"/>
	<testcase classname="create_formatted_resistance_string_tests.CreateFormattedResistanceStringTests" name="testCreateFormattedResistanceStringFourBandBrownWhiteOrangeRed" time="0.000" timestamp="2018-10-19T20:32:59"/>
	<testcase classname="create_formatted_resistance_string_tests.CreateFormattedResistanceStringTests" name="testCreateFormattedResistanceStringFourBandBrownWhiteOrangeSilver" time="0.000" timestamp="2018-10-19T20:32:59"/>
	<testcase classname="create_formatted_resistance_string_tests.CreateFormattedResistanceStringTests" name="testCreateFormattedResistanceStringFourBandBrownWhiteOrangeViolet" time="0.000" timestamp="2018-10-19T20:32:59"/>
	<testcase classname="create_formatted_resistance_string_tests.CreateFormattedResistanceStringTests" name="testCreateFormattedResistanceStringFourBandBrownWhiteRedBlue" time="0.000" timestamp="2018-10-19T20:32:59"/>
	<testcase classname="create_formatted_resistance_string_tests.CreateFormattedResistanceStringTests" name="testCreateFormattedResistanceStringFourBandBrownWhiteRedBrown" time="0.000" timestamp="2018-10-19T20:32:59"/>
	<testcase classname="create_formatted_resistance_string_tests.CreateFormattedResistanceStringTests" name="testCreateFormattedResistanceStringFourBandBrownWhiteRedGold" time="0.000" timestamp="2018-10-19T20:32:59"/>
	<testcase classname="create_formatted_resistance_string_tests.CreateFormattedResistanceStringTests" name="testCreateFormattedResistanceStringFourBandBrownWhiteRedGreen" time="0.000" timestamp="2018-10-19T20:32:59"/>
	<testcase classname="create_formatted_resistance_string_tests.CreateFormattedResistanceStringTests" name="testCreateFormattedResistanceStringFourBandBrownWhiteRedGrey" time="0.000" timestamp="2018-10-19T20:32:59"/>
	<testcase classname="create_formatted_resistance_string_tests.CreateFormattedResistanceStringTests" name="testCreateFormattedResistanceStringFourBandBrownWhiteRedNone" time="0.000" timestamp="2018-10-19T20:32:59"/>
	<testcase classname="create_formatted_resistance_string_tests.CreateFormattedResistanceStringTests" name="testCreateFormattedResistanceStringFourBandBrownWhiteRedRed" time="0.000" timestamp="2018-10-19T20:32:59"/>
	<testcase classname="create_formatted_resistance_string_tests.CreateFormattedResistanceStringTests" name="testCreateFormattedResistanceStringFourBandBrownWhiteRedSilver" time="0.000" timestamp="2018-10-19T20:32:59"/>
	<testcase classname="create_formatted_resistance_string_tests.CreateFormattedResistanceStringTests" name="testCreateFormattedResistanceStringFourBandBrownWhiteRedViolet" time="0.000" timestamp="2018-10-19T20:32:59"/>
	<testcase classname="create_formatted_resistance_string_tests.CreateFormattedResistanceStringTests" name="testCreateFormattedResistanceStringFourBandBrownWhiteSilverBlue" time="0.000" timestamp="2018-10-19T20:32:59"/>
	<testcase classname="create_formatted_resistance_string_tests.CreateFormattedResistanceStringTests" name="testCreateFormattedResistanceStringFourBandBrownWhiteSilverBrown" time="0.000" timestamp="2018-10-19T20:32:59"/>
	<testcase classname="create_formatted_resistance_string_tests.CreateFormattedResistanceStringTests" name="testCreateFormattedResistanceStringFourBandBrownWhiteSilverGold" time="0.000" timestamp="2018-10-19T20:32:59"/>
	<testcase classname="create_formatted_resistance_string_tests.CreateFormattedResistanceStringTests" name="testCreateFormattedResistanceStringFourBandBrownWhiteSilverGreen" time="0.000" timestamp="2018-10-19T20:32:59"/>
	<testcase classname="create_formatted_resistance_string_tests.CreateFormattedResistanceStringTests" name="testCreateFormattedResistanceStringFourBandBrownWhiteSilverGrey" time="0.000" timestamp="2018-10-19T20:32:59"/>
	<testcase classname="create_formatted_resistance_string_tests.CreateFormattedResistanceStringTests" name="testCreateFormattedResistanceStringFourBandBrownWhiteSilverNone" time="0.000" timestamp="2018-10-19T20:32:59"/>
	<testcase classname="create_formatted_resistance_string_tests.CreateFormattedResistanceStringTests" name="testCreateFormattedResistanceStringFourBandBrownWhiteSilverRed" time="0.000" timestamp="2018-10-19T20:32:59"/>
	<testcase classname="create_formatted_resistance_string_tests.CreateFormattedResistanceStringTests" name="testCreateFormattedResistanceStringFourBandBrownWhiteSilverSilver" time="0.000" timestamp="2018-10-19T20:32:59"/>
	<testcase classname="create_formatted_resistance_string_tests.CreateFormattedResistanceStringTests" name="testCreateFormattedResistanceStringFourBandBrownWhiteSilverViolet" time="0.000" timestamp="2018-10-19T20:32:59"/>
	<testcase classname="create_formatted_resistance_string_tests.CreateFormattedResistanceStringTests" name="testCreateFormattedResistanceStringFourBandBrownWhiteVioletBlue" time="0.000" timestamp="2018-10-19T20:32:59"/>
	<testcase classname="create_formatted_resistance_string_tests.CreateFormattedResistanceStringTests" name="testCreateFormattedResistanceStringFourBandBrownWhiteVioletBrown" time="0.000" timestamp="2018-10-19T20:32:59"/>
	<testcase classname="create_formatted_resistance_string_tests.CreateFormattedResistanceStringTests" name="testCreateFormattedResistanceStringFourBandBrownWhiteVioletGold" time="0.000" timestamp="2018-10-19T20:32:59"/>
	<testcase classname="create_formatted_resistance_string_tests.CreateFormattedResistanceStringTests" name="testCreateFormattedResistanceStringFourBandBrownWhiteVioletGreen" time="0.000" timestamp="2018-10-19T20:32:59"/>
	<testcase classname="create_formatted_resistance_string_tests.CreateFormattedResistanceStringTests" name="testCreateFormattedResistanceStringFourBandBrownWhiteVioletGrey" time="0.000" timestamp="2018-10-19T20:32:59"/>
	<testcase classname="create_formatted_resistance_string_tests.CreateFormattedResistanceStringTests" name="testCreateFormattedResistanceStringFourBandBrownWhiteVioletNone" time="0.000" timestamp="2018-10-19T20:32:59"/>
	<testcase classname="create_formatted_resistance_string_tests.CreateFormattedResistanceStringTests" name="testCreateFormattedResistanceStringFourBandBrownWhiteVioletRed" time="0.000" timestamp="2018-10-19T20:32:59"/>
	<testcase classname="create_formatted_resistance_string_tests.CreateFormattedResistanceStringTests" name="testCreateFormattedResistanceStringFourBandBrownWhiteVioletSilver" time="0.000" timestamp="2018-10-19T20:32:59"/>
	<testcase classname="create_formatted_resistance_string_tests.CreateFormattedResistanceStringTests" name="testCreateFormattedResistanceStringFourBandBrownWhiteVioletViolet" time="0.000" timestamp="2018-10-19T20:32:59"/>
	<testcase classname="create_formatted_resistance_string_tests.CreateFormattedResistanceStringTests" name="testCreateFormattedResistanceStringFourBandBrownWhiteWhiteBlue" time="0.000" timestamp="2018-10-19T20:32:59"/>
	<testcase classname="create_formatted_resistance_string_tests.CreateFormattedResistanceStringTests" name="testCreateFormattedResistanceStringFourBandBrownWhiteWhiteBrown" time="0.000" timestamp="2018-10-19T20:32:59"/>
	<testcase classname="create_formatted_resistance_string_tests.CreateFormattedResistanceStringTests" name="testCreateFormattedResistanceStringFourBandBrownWhiteWhiteGold" time="0.000" timestamp="2018-10-19T20:32:59"/>
	<testcase classname="create_formatted_resistance_string_tests.CreateFormattedResistanceStringTests" name="testCreateFormattedResistanceStringFourBandBrownWhiteWhiteGreen" time="0.000" timestamp="2018-10-19T20:32:59"/>
	<testcase classname="create_formatted_resistance_string_tests.CreateFormattedResistanceStringTests" name="testCreateFormattedResistanceStringFourBandBrownWhiteWhiteGrey" time="0.000" timestamp="2018-10-19T20:32:59"/>
	<testcase classname="create_formatted_resistance_string_tests.CreateFormattedResistanceStringTests" name="testCreateFormattedResistanceStringFourBandBrownWhiteWhiteNone" time="0.000" timestamp="2018-10-19T20:32:59"/>
	<testcase classname="create_formatted_resistance_string_tests.CreateFormattedResistanceStringTests" name="testCreateFormattedResistanceStringFourBandBrownWhiteWhiteRed" time="0.000" timestamp="2018-10-19T20:32:59"/>
	<testcase classname="create_formatted_resistance_string_tests.CreateFormattedResistanceStringTests" name="testCreateFormattedResistanceStringFourBandBrownWhiteWhiteSilver" time="0.000" timestamp="2018-10-19T20:32:59"/>
	<testcase classname="create_formatted_resistance_string_tests.CreateFormattedResistanceStringTests" name="testCreateFormattedResistanceStringFourBandBrownWhiteWhiteViolet" time="0.000" timestamp="2018-10-19T20:32:59"/>
	<testcase classname="create_formatted_resistance_string_tests.CreateFormattedResistanceStringTests" name="testCreateFormattedResistanceStringFourBandBrownWhiteYellowBlue" time="0.000" timestamp="2018-10-19T20:32:59"/>
	<testcase classname="create_formatted_resistance_string_tests.CreateFormattedResistanceStringTests" name="testCreateFormattedResistanceStringFourBandBrownWhiteYellowBrown" time="0.000" timestamp="2018-10-19T20:32:59"/>
	<testcase classname="create_formatted_resistance_string_tests.CreateFormattedResistanceStringTests" name="testCreateFormattedResistanceStringFourBandBrownWhiteYellowGold" time="0.000" timestamp="2018-10-19T20:32:59"/>
	<testcase classname="create_formatted_resistance_string_tests.CreateFormattedResistanceStringTests" name="testCreateFormattedResistanceStringFourBandBrownWhiteYellowGreen" time="0.000" timestamp="2018-10-19T20:32:59"/>
	<testcase classname="create_formatted_resistance_string_tests.CreateFormattedResistanceStringTests" name="testCreateFormattedResistanceStringFourBandBrownWhiteYellowGrey" time="0.000" timestamp="2018-10-19T20:32:59"/>
	<testcase classname="create_formatted_resistance_string_tests.CreateFormattedResistanceStringTests" name="testCreateFormattedResistanceStringFourBandBrownWhiteYellowNone" time="0.000" timestamp="2018-10-19T20:32:59"/>
	<testcase classname="create_formatted_resistance_string_tests.CreateFormattedResistanceStringTests" name="testCreateFormattedResistanceStringFourBandBrownWhiteYellowRed" time="0.000" timestamp="2018-10-19T20:32:59"/>
	<testcase classname="create_formatted_resistance_string_tests.CreateFormattedResistanceStringTests" name="testCreateFormattedResistanceStringFourBandBrownWhiteYellowSilver" time="0.000" timestamp="2018-10-19T20:32:59"/>
	<testcase classname="create_formatted_resistance_string_tests.CreateFormattedResistanceStringTests" name="testCreateFormattedResistanceStringFourBandBrownWhiteYellowViolet" time="0.000" timestamp="2018-10-19T20:32:59"/>
	<testcase classname="create_formatted_resistance_string_tests.CreateFormattedResistanceStringTests" name="testCreateFormattedResistanceStringFourBandBrownYellowBlackBlue" time="0.000" timestamp="2018-10-19T20:32:59"/>
	<testcase classname="create_formatted_resistance_string_tests.CreateFormattedResistanceStringTests" name="testCreateFormattedResistanceStringFourBandBrownYellowBlackBrown" time="0.000" timestamp="2018-10-19T20:32:59"/>
	<testcase classname="create_formatted_resistance_string_tests.CreateFormattedResistanceStringTests" name="testCreateFormattedResistanceStringFourBandBrownYellowBlackGold" time="0.000" timestamp="2018-10-19T20:32:59"/>
	<testcase classname="create_formatted_resistance_string_tests.CreateFormattedResistanceStringTests" name="testCreateFormattedResistanceStringFourBandBrownYellowBlackGreen" time="0.000" timestamp="2018-10-19T20:32:59"/>
	<testcase classname="create_formatted_resistance_string_tests.CreateFormattedResistanceStringTests" name="testCreateFormattedResistanceStringFourBandBrownYellowBlackGrey" time="0.000" timestamp="2018-10-19T20:32:59"/>
	<testcase classname="create_formatted_resistance_string_tests.CreateFormattedResistanceStringTests" name="testCreateFormattedResistanceStringFourBandBrownYellowBlackNone" time="0.000" timestamp="2018-10-19T20:32:59"/>
	<testcase classname="create_formatted_resistance_string_tests.CreateFormattedResistanceStringTests" name="testCreateFormattedResistanceStringFourBandBrownYellowBlackRed" time="0.000" timestamp="2018-10-19T20:32:59"/>
	<testcase classname="create_formatted_resistance_string_tests.CreateFormattedResistanceStringTests" name="testCreateFormattedResistanceStringFourBandBrownYellowBlackSilver" time="0.000" timestamp="2018-10-19T20:32:59"/>
	<testcase classname="create_formatted_resistance_string_tests.CreateFormattedResistanceStringTests" name="testCreateFormattedResistanceStringFourBandBrownYellowBlackViolet" time="0.000" timestamp="2018-10-19T20:32:59"/>
	<testcase classname="create_formatted_resistance_string_tests.CreateFormattedResistanceStringTests" name="testCreateFormattedResistanceStringFourBandBrownYellowBlueBlue" time="0.000" timestamp="2018-10-19T20:32:59"/>
	<testcase classname="create_formatted_resistance_string_tests.CreateFormattedResistanceStringTests" name="testCreateFormattedResistanceStringFourBandBrownYellowBlueBrown" time="0.000" timestamp="2018-10-19T20:32:59"/>
	<testcase classname="create_formatted_resistance_string_tests.CreateFormattedResistanceStringTests" name="testCreateFormattedResistanceStringFourBandBrownYellowBlueGold" time="0.000" timestamp="2018-10-19T20:32:59"/>
	<testcase classname="create_formatted_resistance_string_tests.CreateFormattedResistanceStringTests" name="testCreateFormattedResistanceStringFourBandBrownYellowBlueGreen" time="0.000" timestamp="2018-10-19T20:32:59"/>
	<testcase classname="create_formatted_resistance_string_tests.CreateFormattedResistanceStringTests" name="testCreateFormattedResistanceStringFourBandBrownYellowBlueGrey" time="0.000" timestamp="2018-10-19T20:32:59"/>
	<testcase classname="create_formatted_resistance_string_tests.CreateFormattedResistanceStringTests" name="testCreateFormattedResistanceStringFourBandBrownYellowBlueNone" time="0.000" timestamp="2018-10-19T20:32:59"/>
	<testcase classname="create_formatted_resistance_string_tests.CreateFormattedResistanceStringTests" name="testCreateFormattedResistanceStringFourBandBrownYellowBlueRed" time="0.000" timestamp="2018-10-19T20:32:59"/>
	<testcase classname="create_formatted_resistance_string_tests.CreateFormattedResistanceStringTests" name="testCreateFormattedResistanceStringFourBandBrownYellowBlueSilver" time="0.000" timestamp="2018-10-19T20:32:59"/>
	<testcase classname="create_formatted_resistance_string_tests.CreateFormattedResistanceStringTests" name="testCreateFormattedResistanceStringFourBandBrownYellowBlueViolet" time="0.000" timestamp="2018-10-19T20:32:59"/>
	<testcase classname="create_formatted_resistance_string_tests.CreateFormattedResistanceStringTests" name="testCreateFormattedResistanceStringFourBandBrownYellowBrownBlue" time="0.000" timestamp="2018-10-19T20:32:59"/>
	<testcase classname="create_formatted_resistance_string_tests.CreateFormattedResistanceStringTests" name="testCreateFormattedResistanceStringFourBandBrownYellowBrownBrown" time="0.000" timestamp="2018-10-19T20:32:59"/>
	<testcase classname="create_formatted_resistance_string_tests.CreateFormattedResistanceStringTests" name="testCreateFormattedResistanceStringFourBandBrownYellowBrownGold" time="0.000" timestamp="2018-10-19T20:32:59"/>
	<testcase classname="create_formatted_resistance_string_tests.CreateFormattedResistanceStringTests" name="testCreateFormattedResistanceStringFourBandBrownYellowBrownGreen" time="0.000" timestamp="2018-10-19T20:32:59"/>
	<testcase classname="create_formatted_resistance_string_tests.CreateFormattedResistanceStringTests" name="testCreateFormattedResistanceStringFourBandBrownYellowBrownGrey" time="0.000" timestamp="2018-10-19T20:32:59"/>
	<testcase classname="create_formatted_resistance_string_tests.CreateFormattedResistanceStringTests" name="testCreateFormattedResistanceStringFourBandBrownYellowBrownNone" time="0.000" timestamp="2018-10-19T20:32:59"/>
	<testcase classname="create_formatted_resistance_string_tests.CreateFormattedResistanceStringTests" name="testCreateFormattedResistanceStringFourBandBrownYellowBrownRed" time="0.000" timestamp="2018-10-19T20:32:59"/>
	<testcase classname="create_formatted_resistance_string_tests.CreateFormattedResistanceStringTests" name="testCreateFormattedResistanceStringFourBandBrownYellowBrownSilver" time="0.000" timestamp="2018-10-19T20:32:59"/>
	<testcase classname="create_formatted_resistance_string_tests.CreateFormattedResistanceStringTests" name="testCreateFormattedResistanceStringFourBandBrownYellowBrownViolet" time="0.000" timestamp="2018-10-19T20:32:59"/>
	<testcase classname="create_formatted_resistance_string_tests.CreateFormattedResistanceStringTests" name="testCreateFormattedResistanceStringFourBandBrownYellowGoldBlue" time="0.000" timestamp="2018-10-19T20:32:59"/>
	<testcase classname="create_formatted_resistance_string_tests.CreateFormattedResistanceStringTests" name="testCreateFormattedResistanceStringFourBandBrownYellowGoldBrown" time="0.000" timestamp="2018-10-19T20:32:59"/>
	<testcase classname="create_formatted_resistance_string_tests.CreateFormattedResistanceStringTests" name="testCreateFormattedResistanceStringFourBandBrownYellowGoldGold" time="0.000" timestamp="2018-10-19T20:32:59"/>
	<testcase classname="create_formatted_resistance_string_tests.CreateFormattedResistanceStringTests" name="testCreateFormattedResistanceStringFourBandBrownYellowGoldGreen" time="0.000" timestamp="2018-10-19T20:32:59"/>
	<testcase classname="create_formatted_resistance_string_tests.CreateFormattedResistanceStringTests" name="testCreateFormattedResistanceStringFourBandBrownYellowGoldGrey" time="0.000" timestamp="2018-10-19T20:32:59"/>
	<testcase classname="create_formatted_resistance_string_tests.CreateFormattedResistanceStringTests" name="testCreateFormattedResistanceStringFourBandBrownYellowGoldNone" time="0.000" timestamp="2018-10-19T20:32:59"/>
	<testcase classname="create_formatted_resistance_string_tests.CreateFormattedResistanceStringTests" name="testCreateFormattedResistanceStringFourBandBrownYellowGoldRed" time="0.000" timestamp="2018-10-19T20:32:59"/>
	<testcase classname="create_formatted_resistance_string_tests.CreateFormattedResistanceStringTests" name="testCreateFormattedResistanceStringFourBandBrownYellowGoldSilver" time="0.000" timestamp="2018-10-19T20:32:59"/>
	<testcase classname="create_formatted_resistance_string_tests.CreateFormattedResistanceStringTests" name="testCreateFormattedResistanceStringFourBandBrownYellowGoldViolet" time="0.000" timestamp="2018-10-19T20:32:59"/>
	<testcase classname="create_formatted_resistance_string_tests.CreateFormattedResistanceStringTests" name="testCreateFormattedResistanceStringFourBandBrownYellowGreenBlue" time="0.000" timestamp="2018-10-19T20:32:59"/>
	<testcase classname="create_formatted_resistance_string_tests.CreateFormattedResistanceStringTests" name="testCreateFormattedResistanceStringFourBandBrownYellowGreenBrown" time="0.000" timestamp="2018-10-19T20:32:59"/>
	<testcase classname="create_formatted_resistance_string_tests.CreateFormattedResistanceStringTests" name="testCreateFormattedResistanceStringFourBandBrownYellowGreenGold" time="0.000" timestamp="2018-10-19T20:32:59"/>
	<testcase classname="create_formatted_resistance_string_tests.CreateFormattedResistanceStringTests" name="testCreateFormattedResistanceStringFourBandBrownYellowGreenGreen" time="0.000" timestamp="2018-10-19T20:32:59"/>
	<testcase classname="create_formatted_resistance_string_tests.CreateFormattedResistanceStringTests" name="testCreateFormattedResistanceStringFourBandBrownYellowGreenGrey" time="0.000" timestamp="2018-10-19T20:32:59"/>
	<testcase classname="create_formatted_resistance_string_tests.CreateFormattedResistanceStringTests" name="testCreateFormattedResistanceStringFourBandBrownYellowGreenNone" time="0.000" timestamp="2018-10-19T20:32:59"/>
	<testcase classname="create_formatted_resistance_string_tests.CreateFormattedResistanceStringTests" name="testCreateFormattedResistanceStringFourBandBrownYellowGreenRed" time="0.000" timestamp="2018-10-19T20:32:59"/>
	<testcase classname="create_formatted_resistance_string_tests.CreateFormattedResistanceStringTests" name="testCreateFormattedResistanceStringFourBandBrownYellowGreenSilver" time="0.000" timestamp="2018-10-19T20:32:59"/>
	<testcase classname="create_formatted_resistance_string_tests.CreateFormattedResistanceStringTests" name="testCreateFormattedResistanceStringFourBandBrownYellowGreenViolet" time="0.000" timestamp="2018-10-19T20:32:59"/>
	<testcase classname="create_formatted_resistance_string_tests.CreateFormattedResistanceStringTests" name="testCreateFormattedResistanceStringFourBandBrownYellowGreyBlue" time="0.000" timestamp="2018-10-19T20:32:59"/>
	<testcase classname="create_formatted_resistance_string_tests.CreateFormattedResistanceStringTests" name="testCreateFormattedResistanceStringFourBandBrownYellowGreyBrown" time="0.000" timestamp="2018-10-19T20:32:59"/>
	<testcase classname="create_formatted_resistance_string_tests.CreateFormattedResistanceStringTests" name="testCreateFormattedResistanceStringFourBandBrownYellowGreyGold" time="0.000" timestamp="2018-10-19T20:32:59"/>
	<testcase classname="create_formatted_resistance_string_tests.CreateFormattedResistanceStringTests" name="testCreateFormattedResistanceStringFourBandBrownYellowGreyGreen" time="0.000" timestamp="2018-10-19T20:32:59"/>
	<testcase classname="create_formatted_resistance_string_tests.CreateFormattedResistanceStringTests" name="testCreateFormattedResistanceStringFourBandBrownYellowGreyGrey" time="0.000" timestamp="2018-10-19T20:32:59"/>
	<testcase classname="create_formatted_resistance_string_tests.CreateFormattedResistanceStringTests" name="testCreateFormattedResistanceStringFourBandBrownYellowGreyNone" time="0.000" timestamp="2018-10-19T20:32:59"/>
	<testcase classname="create_formatted_resistance_string_tests.CreateFormattedResistanceStringTests" name="testCreateFormattedResistanceStringFourBandBrownYellowGreyRed" time="0.000" timestamp="2018-10-19T20:32:59"/>
	<testcase classname="create_formatted_resistance_string_tests.CreateFormattedResistanceStringTests" name="testCreateFormattedResistanceStringFourBandBrownYellowGreySilver" time="0.000" timestamp="2018-10-19T20:32:59"/>
	<testcase classname="create_formatted_resistance_string_tests.CreateFormattedResistanceStringTests" name="testCreateFormattedResistanceStringFourBandBrownYellowGreyViolet" time="0.000" timestamp="2018-10-19T20:32:59"/>
	<testcase classname="create_formatted_resistance_string_tests.CreateFormattedResistanceStringTests" name="testCreateFormattedResistanceStringFourBandBrownYellowOrangeBlue" time="0.000" timestamp="2018-10-19T20:32:59"/>
	<testcase classname="create_formatted_resistance_string_tests.CreateFormattedResistanceStringTests" name="testCreateFormattedResistanceStringFourBandBrownYellowOrangeBrown" time="0.000" timestamp="2018-10-19T20:32:59"/>
	<testcase classname="create_formatted_resistance_string_tests.CreateFormattedResistanceStringTests" name="testCreateFormattedResistanceStringFourBandBrownYellowOrangeGold" time="0.000" timestamp="2018-10-19T20:32:59"/>
	<testcase classname="create_formatted_resistance_string_tests.CreateFormattedResistanceStringTests" name="testCreateFormattedResistanceStringFourBandBrownYellowOrangeGreen" time="0.000" timestamp="2018-10-19T20:32:59"/>
	<testcase classname="create_formatted_resistance_string_tests.CreateFormattedResistanceStringTests" name="testCreateFormattedResistanceStringFourBandBrownYellowOrangeGrey" time="0.000" timestamp="2018-10-19T20:32:59"/>
	<testcase classname="create_formatted_resistance_string_tests.CreateFormattedResistanceStringTests" name="testCreateFormattedResistanceStringFourBandBrownYellowOrangeNone" time="0.000" timestamp="2018-10-19T20:32:59"/>
	<testcase classname="create_formatted_resistance_string_tests.CreateFormattedResistanceStringTests" name="testCreateFormattedResistanceStringFourBandBrownYellowOrangeRed" time="0.000" timestamp="2018-10-19T20:32:59"/>
	<testcase classname="create_formatted_resistance_string_tests.CreateFormattedResistanceStringTests" name="testCreateFormattedResistanceStringFourBandBrownYellowOrangeSilver" time="0.000" timestamp="2018-10-19T20:32:59"/>
	<testcase classname="create_formatted_resistance_string_tests.CreateFormattedResistanceStringTests" name="testCreateFormattedResistanceStringFourBandBrownYellowOrangeViolet" time="0.000" timestamp="2018-10-19T20:32:59"/>
	<testcase classname="create_formatted_resistance_string_tests.CreateFormattedResistanceStringTests" name="testCreateFormattedResistanceStringFourBandBrownYellowRedBlue" time="0.000" timestamp="2018-10-19T20:32:59"/>
	<testcase classname="create_formatted_resistance_string_tests.CreateFormattedResistanceStringTests" name="testCreateFormattedResistanceStringFourBandBrownYellowRedBrown" time="0.000" timestamp="2018-10-19T20:32:59"/>
	<testcase classname="create_formatted_resistance_string_tests.CreateFormattedResistanceStringTests" name="testCreateFormattedResistanceStringFourBandBrownYellowRedGold" time="0.000" timestamp="2018-10-19T20:32:59"/>
	<testcase classname="create_formatted_resistance_string_tests.CreateFormattedResistanceStringTests" name="testCreateFormattedResistanceStringFourBandBrownYellowRedGreen" time="0.000" timestamp="2018-10-19T20:32:59"/>
	<testcase classname="create_formatted_resistance_string_tests.CreateFormattedResistanceStringTests" name="testCreateFormattedResistanceStringFourBandBrownYellowRedGrey" time="0.000" timestamp="2018-10-19T20:32:59"/>
	<testcase classname="create_formatted_resistance_string_tests.CreateFormattedResistanceStringTests" name="testCreateFormattedResistanceStringFourBandBrownYellowRedNone" time="0.000" timestamp="2018-10-19T20:32:59"/>
	<testcase classname="create_formatted_resistance_string_tests.CreateFormattedResistanceStringTests" name="testCreateFormattedResistanceStringFourBandBrownYellowRedRed" time="0.000" timestamp="2018-10-19T20:32:59"/>
	<testcase classname="create_formatted_resistance_string_tests.CreateFormattedResistanceStringTests" name="testCreateFormattedResistanceStringFourBandBrownYellowRedSilver" time="0.000" timestamp="2018-10-19T20:32:59"/>
	<testcase classname="create_formatted_resistance_string_tests.CreateFormattedResistanceStringTests" name="testCreateFormattedResistanceStringFourBandBrownYellowRedViolet" time="0.000" timestamp="2018-10-19T20:32:59"/>
	<testcase classname="create_formatted_resistance_string_tests.CreateFormattedResistanceStringTests" name="testCreateFormattedResistanceStringFourBandBrownYellowSilverBlue" time="0.000" timestamp="2018-10-19T20:32:59"/>
	<testcase classname="create_formatted_resistance_string_tests.CreateFormattedResistanceStringTests" name="testCreateFormattedResistanceStringFourBandBrownYellowSilverBrown" time="0.000" timestamp="2018-10-19T20:32:59"/>
	<testcase classname="create_formatted_resistance_string_tests.CreateFormattedResistanceStringTests" name="testCreateFormattedResistanceStringFourBandBrownYellowSilverGold" time="0.000" timestamp="2018-10-19T20:32:59"/>
	<testcase classname="create_formatted_resistance_string_tests.CreateFormattedResistanceStringTests" name="testCreateFormattedResistanceStringFourBandBrownYellowSilverGreen" time="0.000" timestamp="2018-10-19T20:32:59"/>
	<testcase classname="create_formatted_resistance_string_tests.CreateFormattedResistanceStringTests" name="testCreateFormattedResistanceStringFourBandBrownYellowSilverGrey" time="0.000" timestamp="2018-10-19T20:32:59"/>
	<testcase classname="create_formatted_resistance_string_tests.CreateFormattedResistanceStringTests" name="testCreateFormattedResistanceStringFourBandBrownYellowSilverNone" time="0.000" timestamp="2018-10-19T20:32:59"/>
	<testcase classname="create_formatted_resistance_string_tests.CreateFormattedResistanceStringTests" name="testCreateFormattedResistanceStringFourBandBrownYellowSilverRed" time="0.000" timestamp="2018-10-19T20:32:59"/>
	<testcase classname="create_formatted_resistance_string_tests.CreateFormattedResistanceStringTests" name="testCreateFormattedResistanceStringFourBandBrownYellowSilverSilver" time="0.000" timestamp="2018-10-19T20:32:59"/>
	<testcase classname="create_formatted_resistance_string_tests.CreateFormattedResistanceStringTests" name="testCreateFormattedResistanceStringFourBandBrownYellowSilverViolet" time="0.000" timestamp="2018-10-19T20:32:59"/>
	<testcase classname="create_formatted_resistance_string_tests.CreateFormattedResistanceStringTests" name="testCreateFormattedResistanceStringFourBandBrownYellowVioletBlue" time="0.000" timestamp="2018-10-19T20:32:59"/>
	<testcase classname="create_formatted_resistance_string_tests.CreateFormattedResistanceStringTests" name="testCreateFormattedResistanceStringFourBandBrownYellowVioletBrown" time="0.000" timestamp="2018-10-19T20:32:59"/>
	<testcase classname="create_formatted_resistance_string_tests.CreateFormattedResistanceStringTests" name="testCreateFormattedResistanceStringFourBandBrownYellowVioletGold" time="0.000" timestamp="2018-10-19T20:32:59"/>
	<testcase classname="create_formatted_resistance_string_tests.CreateFormattedResistanceStringTests" name="testCreateFormattedResistanceStringFourBandBrownYellowVioletGreen" time="0.000" timestamp="2018-10-19T20:32:59"/>
	<testcase classname="create_formatted_resistance_string_tests.CreateFormattedResistanceStringTests" name="testCreateFormattedResistanceStringFourBandBrownYellowVioletGrey" time="0.000" timestamp="2018-10-19T20:32:59"/>
	<testcase classname="create_formatted_resistance_string_tests.CreateFormattedResistanceStringTests" name="testCreateFormattedResistanceStringFourBandBrownYellowVioletNone" time="0.000" timestamp="2018-10-19T20:32:59"/>
	<testcase classname="create_formatted_resistance_string_tests.CreateFormattedResistanceStringTests" name="testCreateFormattedResistanceStringFourBandBrownYellowVioletRed" time="0.000" timestamp="2018-10-19T20:32:59"/>
	<testcase classname="create_formatted_resistance_string_tests.CreateFormattedResistanceStringTests" name="testCreateFormattedResistanceStringFourBandBrownYellowVioletSilver" time="0.000" timestamp="2018-10-19T20:32:59"/>
	<testcase classname="create_formatted_resistance_string_tests.CreateFormattedResistanceStringTests" name="testCreateFormattedResistanceStringFourBandBrownYellowVioletViolet" time="0.000" timestamp="2018-10-19T20:32:59"/>
	<testcase classname="create_formatted_resistance_string_tests.CreateFormattedResistanceStringTests" name="testCreateFormattedResistanceStringFourBandBrownYellowWhiteBlue" time="0.000" timestamp="2018-10-19T20:32:59"/>
	<testcase classname="create_formatted_resistance_string_tests.CreateFormattedResistanceStringTests" name="testCreateFormattedResistanceStringFourBandBrownYellowWhiteBrown" time="0.000" timestamp="2018-10-19T20:32:59"/>
	<testcase classname="create_formatted_resistance_string_tests.CreateFormattedResistanceStringTests" name="testCreateFormattedResistanceStringFourBandBrownYellowWhiteGold" time="0.000" timestamp="2018-10-19T20:32:59"/>
	<testcase classname="create_formatted_resistance_string_tests.CreateFormattedResistanceStringTests" name="testCreateFormattedResistanceStringFourBandBrownYellowWhiteGreen" time="0.000" timestamp="2018-10-19T20:32:59"/>
	<testcase classname="create_formatted_resistance_string_tests.CreateFormattedResistanceStringTests" name="testCreateFormattedResistanceStringFourBandBrownYellowWhiteGrey" time="0.000" timestamp="2018-10-19T20:32:59"/>
	<testcase classname="create_formatted_resistance_string_tests.CreateFormattedResistanceStringTests" name="testCreateFormattedResistanceStringFourBandBrownYellowWhiteNone" time="0.000" timestamp="2018-10-19T20:32:59"/>
	<testcase classname="create_formatted_resistance_string_tests.CreateFormattedResistanceStringTests" name="testCreateFormattedResistanceStringFourBandBrownYellowWhiteRed" time="0.000" timestamp="2018-10-19T20:32:59"/>
	<testcase classname="create_formatted_resistance_string_tests.CreateFormattedResistanceStringTests" name="testCreateFormattedResistanceStringFourBandBrownYellowWhiteSilver" time="0.000" timestamp="2018-10-19T20:32:59"/>
	<testcase classname="create_formatted_resistance_string_tests.CreateFormattedResistanceStringTests" name="testCreateFormattedResistanceStringFourBandBrownYellowWhiteViolet" time="0.000" timestamp="2018-10-19T20:32:59"/>
	<testcase classname="create_formatted_resistance_string_tests.CreateFormattedResistanceStringTests" name="testCreateFormattedResistanceStringFourBandBrownYellowYellowBlue" time="0.000" timestamp="2018-10-19T20:32:59"/>
	<testcase classname="create_formatted_resistance_string_tests.CreateFormattedResistanceStringTests" name="testCreateFormattedResistanceStringFourBandBrownYellowYellowBrown" time="0.000" timestamp="2018-10-19T20:32:59"/>
	<testcase classname="create_formatted_resistance_string_tests.CreateFormattedResistanceStringTests" name="testCreateFormattedResistanceStringFourBandBrownYellowYellowGold" time="0.000" timestamp="2018-10-19T20:32:59"/>
	<testcase classname="create_formatted_resistance_string_tests.CreateFormattedResistanceStringTests" name="testCreateFormattedResistanceStringFourBandBrownYellowYellowGreen" time="0.000" timestamp="2018-10-19T20:32:59"/>
	<testcase classname="create_formatted_resistance_string_tests.CreateFormattedResistanceStringTests" name="testCreateFormattedResistanceStringFourBandBrownYellowYellowGrey" time="0.000" timestamp="2018-10-19T20:32:59"/>
	<testcase classname="create_formatted_resistance_string_tests.CreateFormattedResistanceStringTests" name="testCreateFormattedResistanceStringFourBandBrownYellowYellowNone" time="0.000" timestamp="2018-10-19T20:32:59"/>
	<testcase classname="create_formatted_resistance_string_tests.CreateFormattedResistanceStringTests" name="testCreateFormattedResistanceStringFourBandBrownYellowYellowRed" time="0.000" timestamp="2018-10-19T20:32:59"/>
	<testcase classname="create_formatted_resistance_string_tests.CreateFormattedResistanceStringTests" name="testCreateFormattedResistanceStringFourBandBrownYellowYellowSilver" time="0.000" timestamp="2018-10-19T20:32:59"/>
	<testcase classname="create_formatted_resistance_string_tests.CreateFormattedResistanceStringTests" name="testCreateFormattedResistanceStringFourBandBrownYellowYellowViolet" time="0.000" timestamp="2018-10-19T20:32:59"/>
	<testcase classname="create_formatted_resistance_string_tests.CreateFormattedResistanceStringTests" name="testCreateFormattedResistanceStringFourBandGreenBlackBlackBlue" time="0.000" timestamp="2018-10-19T20:32:59"/>
	<testcase classname="create_formatted_resistance_string_tests.CreateFormattedResistanceStringTests" name="testCreateFormattedResistanceStringFourBandGreenBlackBlackBrown" time="0.000" timestamp="2018-10-19T20:32:59"/>
	<testcase classname="create_formatted_resistance_string_tests.CreateFormattedResistanceStringTests" name="testCreateFormattedResistanceStringFourBandGreenBlackBlackGold" time="0.000" timestamp="2018-10-19T20:32:59"/>
	<testcase classname="create_formatted_resistance_string_tests.CreateFormattedResistanceStringTests" name="testCreateFormattedResistanceStringFourBandGreenBlackBlackGreen" time="0.000" timestamp="2018-10-19T20:32:59"/>
	<testcase classname="create_formatted_resistance_string_tests.CreateFormattedResistanceStringTests" name="testCreateFormattedResistanceStringFourBandGreenBlackBlackGrey" time="0.000" timestamp="2018-10-19T20:32:59"/>
	<testcase classname="create_formatted_resistance_string_tests.CreateFormattedResistanceStringTests" name="testCreateFormattedResistanceStringFourBandGreenBlackBlackNone" time="0.000" timestamp="2018-10-19T20:32:59"/>
	<testcase classname="create_formatted_resistance_string_tests.CreateFormattedResistanceStringTests" name="testCreateFormattedResistanceStringFourBandGreenBlackBlackRed" time="0.000" timestamp="2018-10-19T20:32:59"/>
	<testcase classname="create_formatted_resistance_string_tests.CreateFormattedResistanceStringTests" name="testCreateFormattedResistanceStringFourBandGreenBlackBlackSilver" time="0.000" timestamp="2018-10-19T20:32:59"/>
	<testcase classname="create_formatted_resistance_string_tests.CreateFormattedResistanceStringTests" name="testCreateFormattedResistanceStringFourBandGreenBlackBlackViolet" time="0.000" timestamp="2018-10-19T20:32:59"/>
	<testcase classname="create_formatted_resistance_string_tests.CreateFormattedResistanceStringTests" name="testCreateFormattedResistanceStringFourBandGreenBlackBlueBlue" time="0.000" timestamp="2018-10-19T20:32:59"/>
	<testcase classname="create_formatted_resistance_string_tests.CreateFormattedResistanceStringTests" name="testCreateFormattedResistanceStringFourBandGreenBlackBlueBrown" time="0.000" timestamp="2018-10-19T20:32:59"/>
	<testcase classname="create_formatted_resistance_string_tests.CreateFormattedResistanceStringTests" name="testCreateFormattedResistanceStringFourBandGreenBlackBlueGold" time="0.000" timestamp="2018-10-19T20:32:59"/>
	<testcase classname="create_formatted_resistance_string_tests.CreateFormattedResistanceStringTests" name="testCreateFormattedResistanceStringFourBandGreenBlackBlueGreen" time="0.000" timestamp="2018-10-19T20:32:59"/>
	<testcase classname="create_formatted_resistance_string_tests.CreateFormattedResistanceStringTests" name="testCreateFormattedResistanceStringFourBandGreenBlackBlueGrey" time="0.000" timestamp="2018-10-19T20:32:59"/>
	<testcase classname="create_formatted_resistance_string_tests.CreateFormattedResistanceStringTests" name="testCreateFormattedResistanceStringFourBandGreenBlackBlueNone" time="0.000" timestamp="2018-10-19T20:32:59"/>
	<testcase classname="create_formatted_resistance_string_tests.CreateFormattedResistanceStringTests" name="testCreateFormattedResistanceStringFourBandGreenBlackBlueRed" time="0.000" timestamp="2018-10-19T20:32:59"/>
	<testcase classname="create_formatted_resistance_string_tests.CreateFormattedResistanceStringTests" name="testCreateFormattedResistanceStringFourBandGreenBlackBlueSilver" time="0.000" timestamp="2018-10-19T20:32:59"/>
	<testcase classname="create_formatted_resistance_string_tests.CreateFormattedResistanceStringTests" name="testCreateFormattedResistanceStringFourBandGreenBlackBlueViolet" time="0.000" timestamp="2018-10-19T20:32:59"/>
	<testcase classname="create_formatted_resistance_string_tests.CreateFormattedResistanceStringTests" name="testCreateFormattedResistanceStringFourBandGreenBlackBrownBlue" time="0.000" timestamp="2018-10-19T20:32:59"/>
	<testcase classname="create_formatted_resistance_string_tests.CreateFormattedResistanceStringTests" name="testCreateFormattedResistanceStringFourBandGreenBlackBrownBrown" time="0.000" timestamp="2018-10-19T20:32:59"/>
	<testcase classname="create_formatted_resistance_string_tests.CreateFormattedResistanceStringTests" name="testCreateFormattedResistanceStringFourBandGreenBlackBrownGold" time="0.000" timestamp="2018-10-19T20:32:59"/>
	<testcase classname="create_formatted_resistance_string_tests.CreateFormattedResistanceStringTests" name="testCreateFormattedResistanceStringFourBandGreenBlackBrownGreen" time="0.000" timestamp="2018-10-19T20:32:59"/>
	<testcase classname="create_formatted_resistance_string_tests.CreateFormattedResistanceStringTests" name="testCreateFormattedResistanceStringFourBandGreenBlackBrownGrey" time="0.000" timestamp="2018-10-19T20:32:59"/>
	<testcase classname="create_formatted_resistance_string_tests.CreateFormattedResistanceStringTests" name="testCreateFormattedResistanceStringFourBandGreenBlackBrownNone" time="0.000" timestamp="2018-10-19T20:32:59"/>
	<testcase classname="create_formatted_resistance_string_tests.CreateFormattedResistanceStringTests" name="testCreateFormattedResistanceStringFourBandGreenBlackBrownRed" time="0.000" timestamp="2018-10-19T20:32:59"/>
	<testcase classname="create_formatted_resistance_string_tests.CreateFormattedResistanceStringTests" name="testCreateFormattedResistanceStringFourBandGreenBlackBrownSilver" time="0.000" timestamp="2018-10-19T20:32:59"/>
	<testcase classname="create_formatted_resistance_string_tests.CreateFormattedResistanceStringTests" name="testCreateFormattedResistanceStringFourBandGreenBlackBrownViolet" time="0.000" timestamp="2018-10-19T20:32:59"/>
	<testcase classname="create_formatted_resistance_string_tests.CreateFormattedResistanceStringTests" name="testCreateFormattedResistanceStringFourBandGreenBlackGoldBlue" time="0.000" timestamp="2018-10-19T20:32:59"/>
	<testcase classname="create_formatted_resistance_string_tests.CreateFormattedResistanceStringTests" name="testCreateFormattedResistanceStringFourBandGreenBlackGoldBrown" time="0.000" timestamp="2018-10-19T20:32:59"/>
	<testcase classname="create_formatted_resistance_string_tests.CreateFormattedResistanceStringTests" name="testCreateFormattedResistanceStringFourBandGreenBlackGoldGold" time="0.000" timestamp="2018-10-19T20:32:59"/>
	<testcase classname="create_formatted_resistance_string_tests.CreateFormattedResistanceStringTests" name="testCreateFormattedResistanceStringFourBandGreenBlackGoldGreen" time="0.000" timestamp="2018-10-19T20:32:59"/>
	<testcase classname="create_formatted_resistance_string_tests.CreateFormattedResistanceStringTests" name="testCreateFormattedResistanceStringFourBandGreenBlackGoldGrey" time="0.000" timestamp="2018-10-19T20:32:59"/>
	<testcase classname="create_formatted_resistance_string_tests.CreateFormattedResistanceStringTests" name="testCreateFormattedResistanceStringFourBandGreenBlackGoldNone" time="0.000" timestamp="2018-10-19T20:32:59"/>
	<testcase classname="create_formatted_resistance_string_tests.CreateFormattedResistanceStringTests" name="testCreateFormattedResistanceStringFourBandGreenBlackGoldRed" time="0.000" timestamp="2018-10-19T20:32:59"/>
	<testcase classname="create_formatted_resistance_string_tests.CreateFormattedResistanceStringTests" name="testCreateFormattedResistanceStringFourBandGreenBlackGoldSilver" time="0.000" timestamp="2018-10-19T20:32:59"/>
	<testcase classname="create_formatted_resistance_string_tests.CreateFormattedResistanceStringTests" name="testCreateFormattedResistanceStringFourBandGreenBlackGoldViolet" time="0.000" timestamp="2018-10-19T20:32:59"/>
	<testcase classname="create_formatted_resistance_string_tests.CreateFormattedResistanceStringTests" name="testCreateFormattedResistanceStringFourBandGreenBlackGreenBlue" time="0.000" timestamp="2018-10-19T20:32:59"/>
	<testcase classname="create_formatted_resistance_string_tests.CreateFormattedResistanceStringTests" name="testCreateFormattedResistanceStringFourBandGreenBlackGreenBrown" time="0.000" timestamp="2018-10-19T20:32:59"/>
	<testcase classname="create_formatted_resistance_string_tests.CreateFormattedResistanceStringTests" name="testCreateFormattedResistanceStringFourBandGreenBlackGreenGold" time="0.000" timestamp="2018-10-19T20:32:59"/>
	<testcase classname="create_formatted_resistance_string_tests.CreateFormattedResistanceStringTests" name="testCreateFormattedResistanceStringFourBandGreenBlackGreenGreen" time="0.000" timestamp="2018-10-19T20:32:59"/>
	<testcase classname="create_formatted_resistance_string_tests.CreateFormattedResistanceStringTests" name="testCreateFormattedResistanceStringFourBandGreenBlackGreenGrey" time="0.000" timestamp="2018-10-19T20:32:59"/>
	<testcase classname="create_formatted_resistance_string_tests.CreateFormattedResistanceStringTests" name="testCreateFormattedResistanceStringFourBandGreenBlackGreenNone" time="0.000" timestamp="2018-10-19T20:32:59"/>
	<testcase classname="create_formatted_resistance_string_tests.CreateFormattedResistanceStringTests" name="testCreateFormattedResistanceStringFourBandGreenBlackGreenRed" time="0.000" timestamp="2018-10-19T20:32:59"/>
	<testcase classname="create_formatted_resistance_string_tests.CreateFormattedResistanceStringTests" name="testCreateFormattedResistanceStringFourBandGreenBlackGreenSilver" time="0.000" timestamp="2018-10-19T20:32:59"/>
	<testcase classname="create_formatted_resistance_string_tests.CreateFormattedResistanceStringTests" name="testCreateFormattedResistanceStringFourBandGreenBlackGreenViolet" time="0.000" timestamp="2018-10-19T20:32:59"/>
	<testcase classname="create_formatted_resistance_string_tests.CreateFormattedResistanceStringTests" name="testCreateFormattedResistanceStringFourBandGreenBlackGreyBlue" time="0.000" timestamp="2018-10-19T20:32:59"/>
	<testcase classname="create_formatted_resistance_string_tests.CreateFormattedResistanceStringTests" name="testCreateFormattedResistanceStringFourBandGreenBlackGreyBrown" time="0.000" timestamp="2018-10-19T20:32:59"/>
	<testcase classname="create_formatted_resistance_string_tests.CreateFormattedResistanceStringTests" name="testCreateFormattedResistanceStringFourBandGreenBlackGreyGold" time="0.000" timestamp="2018-10-19T20:32:59"/>
	<testcase classname="create_formatted_resistance_string_tests.CreateFormattedResistanceStringTests" name="testCreateFormattedResistanceStringFourBandGreenBlackGreyGreen" time="0.000" timestamp="2018-10-19T20:32:59"/>
	<testcase classname="create_formatted_resistance_string_tests.CreateFormattedResistanceStringTests" name="testCreateFormattedResistanceStringFourBandGreenBlackGreyGrey" time="0.000" timestamp="2018-10-19T20:32:59"/>
	<testcase classname="create_formatted_resistance_string_tests.CreateFormattedResistanceStringTests" name="testCreateFormattedResistanceStringFourBandGreenBlackGreyNone" time="0.000" timestamp="2018-10-19T20:32:59"/>
	<testcase classname="create_formatted_resistance_string_tests.CreateFormattedResistanceStringTests" name="testCreateFormattedResistanceStringFourBandGreenBlackGreyRed" time="0.000" timestamp="2018-10-19T20:32:59"/>
	<testcase classname="create_formatted_resistance_string_tests.CreateFormattedResistanceStringTests" name="testCreateFormattedResistanceStringFourBandGreenBlackGreySilver" time="0.000" timestamp="2018-10-19T20:32:59"/>
	<testcase classname="create_formatted_resistance_string_tests.CreateFormattedResistanceStringTests" name="testCreateFormattedResistanceStringFourBandGreenBlackGreyViolet" time="0.000" timestamp="2018-10-19T20:32:59"/>
	<testcase classname="create_formatted_resistance_string_tests.CreateFormattedResistanceStringTests" name="testCreateFormattedResistanceStringFourBandGreenBlackOrangeBlue" time="0.000" timestamp="2018-10-19T20:32:59"/>
	<testcase classname="create_formatted_resistance_string_tests.CreateFormattedResistanceStringTests" name="testCreateFormattedResistanceStringFourBandGreenBlackOrangeBrown" time="0.000" timestamp="2018-10-19T20:32:59"/>
	<testcase classname="create_formatted_resistance_string_tests.CreateFormattedResistanceStringTests" name="testCreateFormattedResistanceStringFourBandGreenBlackOrangeGold" time="0.000" timestamp="2018-10-19T20:32:59"/>
	<testcase classname="create_formatted_resistance_string_tests.CreateFormattedResistanceStringTests" name="testCreateFormattedResistanceStringFourBandGreenBlackOrangeGreen" time="0.000" timestamp="2018-10-19T20:32:59"/>
	<testcase classname="create_formatted_resistance_string_tests.CreateFormattedResistanceStringTests" name="testCreateFormattedResistanceStringFourBandGreenBlackOrangeGrey" time="0.000" timestamp="2018-10-19T20:32:59"/>
	<testcase classname="create_formatted_resistance_string_tests.CreateFormattedResistanceStringTests" name="testCreateFormattedResistanceStringFourBandGreenBlackOrangeNone" time="0.000" timestamp="2018-10-19T20:32:59"/>
	<testcase classname="create_formatted_resistance_string_tests.CreateFormattedResistanceStringTests" name="testCreateFormattedResistanceStringFourBandGreenBlackOrangeRed" time="0.000" timestamp="2018-10-19T20:32:59"/>
	<testcase classname="create_formatted_resistance_string_tests.CreateFormattedResistanceStringTests" name="testCreateFormattedResistanceStringFourBandGreenBlackOrangeSilver" time="0.000" timestamp="2018-10-19T20:32:59"/>
	<testcase classname="create_formatted_resistance_string_tests.CreateFormattedResistanceStringTests" name="testCreateFormattedResistanceStringFourBandGreenBlackOrangeViolet" time="0.000" timestamp="2018-10-19T20:32:59"/>
	<testcase classname="create_formatted_resistance_string_tests.CreateFormattedResistanceStringTests" name="testCreateFormattedResistanceStringFourBandGreenBlackRedBlue" time="0.000" timestamp="2018-10-19T20:32:59"/>
	<testcase classname="create_formatted_resistance_string_tests.CreateFormattedResistanceStringTests" name="testCreateFormattedResistanceStringFourBandGreenBlackRedBrown" time="0.000" timestamp="2018-10-19T20:32:59"/>
	<testcase classname="create_formatted_resistance_string_tests.CreateFormattedResistanceStringTests" name="testCreateFormattedResistanceStringFourBandGreenBlackRedGold" time="0.000" timestamp="2018-10-19T20:32:59"/>
	<testcase classname="create_formatted_resistance_string_tests.CreateFormattedResistanceStringTests" name="testCreateFormattedResistanceStringFourBandGreenBlackRedGreen" time="0.000" timestamp="2018-10-19T20:32:59"/>
	<testcase classname="create_formatted_resistance_string_tests.CreateFormattedResistanceStringTests" name="testCreateFormattedResistanceStringFourBandGreenBlackRedGrey" time="0.000" timestamp="2018-10-19T20:32:59"/>
	<testcase classname="create_formatted_resistance_string_tests.CreateFormattedResistanceStringTests" name="testCreateFormattedResistanceStringFourBandGreenBlackRedNone" time="0.000" timestamp="2018-10-19T20:32:59"/>
	<testcase classname="create_formatted_resistance_string_tests.CreateFormattedResistanceStringTests" name="testCreateFormattedResistanceStringFourBandGreenBlackRedRed" time="0.000" timestamp="2018-10-19T20:32:59"/>
	<testcase classname="create_formatted_resistance_string_tests.CreateFormattedResistanceStringTests" name="testCreateFormattedResistanceStringFourBandGreenBlackRedSilver" time="0.000" timestamp="2018-10-19T20:32:59"/>
	<testcase classname="create_formatted_resistance_string_tests.CreateFormattedResistanceStringTests" name="testCreateFormattedResistanceStringFourBandGreenBlackRedViolet" time="0.000" timestamp="2018-10-19T20:32:59"/>
	<testcase classname="create_formatted_resistance_string_tests.CreateFormattedResistanceStringTests" name="testCreateFormattedResistanceStringFourBandGreenBlackSilverBlue" time="0.000" timestamp="2018-10-19T20:32:59"/>
	<testcase classname="create_formatted_resistance_string_tests.CreateFormattedResistanceStringTests" name="testCreateFormattedResistanceStringFourBandGreenBlackSilverBrown" time="0.000" timestamp="2018-10-19T20:32:59"/>
	<testcase classname="create_formatted_resistance_string_tests.CreateFormattedResistanceStringTests" name="testCreateFormattedResistanceStringFourBandGreenBlackSilverGold" time="0.000" timestamp="2018-10-19T20:32:59"/>
	<testcase classname="create_formatted_resistance_string_tests.CreateFormattedResistanceStringTests" name="testCreateFormattedResistanceStringFourBandGreenBlackSilverGreen" time="0.000" timestamp="2018-10-19T20:32:59"/>
	<testcase classname="create_formatted_resistance_string_tests.CreateFormattedResistanceStringTests" name="testCreateFormattedResistanceStringFourBandGreenBlackSilverGrey" time="0.000" timestamp="2018-10-19T20:32:59"/>
	<testcase classname="create_formatted_resistance_string_tests.CreateFormattedResistanceStringTests" name="testCreateFormattedResistanceStringFourBandGreenBlackSilverNone" time="0.000" timestamp="2018-10-19T20:32:59"/>
	<testcase classname="create_formatted_resistance_string_tests.CreateFormattedResistanceStringTests" name="testCreateFormattedResistanceStringFourBandGreenBlackSilverRed" time="0.000" timestamp="2018-10-19T20:32:59"/>
	<testcase classname="create_formatted_resistance_string_tests.CreateFormattedResistanceStringTests" name="testCreateFormattedResistanceStringFourBandGreenBlackSilverSilver" time="0.000" timestamp="2018-10-19T20:32:59"/>
	<testcase classname="create_formatted_resistance_string_tests.CreateFormattedResistanceStringTests" name="testCreateFormattedResistanceStringFourBandGreenBlackSilverViolet" time="0.000" timestamp="2018-10-19T20:32:59"/>
	<testcase classname="create_formatted_resistance_string_tests.CreateFormattedResistanceStringTests" name="testCreateFormattedResistanceStringFourBandGreenBlackVioletBlue" time="0.000" timestamp="2018-10-19T20:32:59"/>
	<testcase classname="create_formatted_resistance_string_tests.CreateFormattedResistanceStringTests" name="testCreateFormattedResistanceStringFourBandGreenBlackVioletBrown" time="0.000" timestamp="2018-10-19T20:32:59"/>
	<testcase classname="create_formatted_resistance_string_tests.CreateFormattedResistanceStringTests" name="testCreateFormattedResistanceStringFourBandGreenBlackVioletGold" time="0.000" timestamp="2018-10-19T20:32:59"/>
	<testcase classname="create_formatted_resistance_string_tests.CreateFormattedResistanceStringTests" name="testCreateFormattedResistanceStringFourBandGreenBlackVioletGreen" time="0.000" timestamp="2018-10-19T20:32:59"/>
	<testcase classname="create_formatted_resistance_string_tests.CreateFormattedResistanceStringTests" name="testCreateFormattedResistanceStringFourBandGreenBlackVioletGrey" time="0.000" timestamp="2018-10-19T20:32:59"/>
	<testcase classname="create_formatted_resistance_string_tests.CreateFormattedResistanceStringTests" name="testCreateFormattedResistanceStringFourBandGreenBlackVioletNone" time="0.000" timestamp="2018-10-19T20:32:59"/>
	<testcase classname="create_formatted_resistance_string_tests.CreateFormattedResistanceStringTests" name="testCreateFormattedResistanceStringFourBandGreenBlackVioletRed" time="0.000" timestamp="2018-10-19T20:32:59"/>
	<testcase classname="create_formatted_resistance_string_tests.CreateFormattedResistanceStringTests" name="testCreateFormattedResistanceStringFourBandGreenBlackVioletSilver" time="0.000" timestamp="2018-10-19T20:32:59"/>
	<testcase classname="create_formatted_resistance_string_tests.CreateFormattedResistanceStringTests" name="testCreateFormattedResistanceStringFourBandGreenBlackVioletViolet" time="0.000" timestamp="2018-10-19T20:32:59"/>
	<testcase classname="create_formatted_resistance_string_tests.CreateFormattedResistanceStringTests" name="testCreateFormattedResistanceStringFourBandGreenBlackWhiteBlue" time="0.000" timestamp="2018-10-19T20:32:59"/>
	<testcase classname="create_formatted_resistance_string_tests.CreateFormattedResistanceStringTests" name="testCreateFormattedResistanceStringFourBandGreenBlackWhiteBrown" time="0.000" timestamp="2018-10-19T20:32:59"/>
	<testcase classname="create_formatted_resistance_string_tests.CreateFormattedResistanceStringTests" name="testCreateFormattedResistanceStringFourBandGreenBlackWhiteGold" time="0.000" timestamp="2018-10-19T20:32:59"/>
	<testcase classname="create_formatted_resistance_string_tests.CreateFormattedResistanceStringTests" name="testCreateFormattedResistanceStringFourBandGreenBlackWhiteGreen" time="0.000" timestamp="2018-10-19T20:32:59"/>
	<testcase classname="create_formatted_resistance_string_tests.CreateFormattedResistanceStringTests" name="testCreateFormattedResistanceStringFourBandGreenBlackWhiteGrey" time="0.000" timestamp="2018-10-19T20:32:59"/>
	<testcase classname="create_formatted_resistance_string_tests.CreateFormattedResistanceStringTests" name="testCreateFormattedResistanceStringFourBandGreenBlackWhiteNone" time="0.000" timestamp="2018-10-19T20:32:59"/>
	<testcase classname="create_formatted_resistance_string_tests.CreateFormattedResistanceStringTests" name="testCreateFormattedResistanceStringFourBandGreenBlackWhiteRed" time="0.000" timestamp="2018-10-19T20:32:59"/>
	<testcase classname="create_formatted_resistance_string_tests.CreateFormattedResistanceStringTests" name="testCreateFormattedResistanceStringFourBandGreenBlackWhiteSilver" time="0.000" timestamp="2018-10-19T20:32:59"/>
	<testcase classname="create_formatted_resistance_string_tests.CreateFormattedResistanceStringTests" name="testCreateFormattedResistanceStringFourBandGreenBlackWhiteViolet" time="0.000" timestamp="2018-10-19T20:32:59"/>
	<testcase classname="create_formatted_resistance_string_tests.CreateFormattedResistanceStringTests" name="testCreateFormattedResistanceStringFourBandGreenBlackYellowBlue" time="0.000" timestamp="2018-10-19T20:32:59"/>
	<testcase classname="create_formatted_resistance_string_tests.CreateFormattedResistanceStringTests" name="testCreateFormattedResistanceStringFourBandGreenBlackYellowBrown" time="0.000" timestamp="2018-10-19T20:32:59"/>
	<testcase classname="create_formatted_resistance_string_tests.CreateFormattedResistanceStringTests" name="testCreateFormattedResistanceStringFourBandGreenBlackYellowGold" time="0.000" timestamp="2018-10-19T20:32:59"/>
	<testcase classname="create_formatted_resistance_string_tests.CreateFormattedResistanceStringTests" name="testCreateFormattedResistanceStringFourBandGreenBlackYellowGreen" time="0.000" timestamp="2018-10-19T20:32:59"/>
	<testcase classname="create_formatted_resistance_string_tests.CreateFormattedResistanceStringTests" name="testCreateFormattedResistanceStringFourBandGreenBlackYellowGrey" time="0.000" timestamp="2018-10-19T20:32:59"/>
	<testcase classname="create_formatted_resistance_string_tests.CreateFormattedResistanceStringTests" name="testCreateFormattedResistanceStringFourBandGreenBlackYellowNone" time="0.000" timestamp="2018-10-19T20:32:59"/>
	<testcase classname="create_formatted_resistance_string_tests.CreateFormattedResistanceStringTests" name="testCreateFormattedResistanceStringFourBandGreenBlackYellowRed" time="0.000" timestamp="2018-10-19T20:32:59"/>
	<testcase classname="create_formatted_resistance_string_tests.CreateFormattedResistanceStringTests" name="testCreateFormattedResistanceStringFourBandGreenBlackYellowSilver" time="0.000" timestamp="2018-10-19T20:32:59"/>
	<testcase classname="create_formatted_resistance_string_tests.CreateFormattedResistanceStringTests" name="testCreateFormattedResistanceStringFourBandGreenBlackYellowViolet" time="0.000" timestamp="2018-10-19T20:32:59"/>
	<testcase classname="create_formatted_resistance_string_tests.CreateFormattedResistanceStringTests" name="testCreateFormattedResistanceStringFourBandGreenBlueBlackBlue" time="0.000" timestamp="2018-10-19T20:32:59"/>
	<testcase classname="create_formatted_resistance_string_tests.CreateFormattedResistanceStringTests" name="testCreateFormattedResistanceStringFourBandGreenBlueBlackBrown" time="0.000" timestamp="2018-10-19T20:32:59"/>
	<testcase classname="create_formatted_resistance_string_tests.CreateFormattedResistanceStringTests" name="testCreateFormattedResistanceStringFourBandGreenBlueBlackGold" time="0.000" timestamp="2018-10-19T20:32:59"/>
	<testcase classname="create_formatted_resistance_string_tests.CreateFormattedResistanceStringTests" name="testCreateFormattedResistanceStringFourBandGreenBlueBlackGreen" time="0.000" timestamp="2018-10-19T20:32:59"/>
	<testcase classname="create_formatted_resistance_string_tests.CreateFormattedResistanceStringTests" name="testCreateFormattedResistanceStringFourBandGreenBlueBlackGrey" time="0.000" timestamp="2018-10-19T20:32:59"/>
	<testcase classname="create_formatted_resistance_string_tests.CreateFormattedResistanceStringTests" name="testCreateFormattedResistanceStringFourBandGreenBlueBlackNone" time="0.000" timestamp="2018-10-19T20:32:59"/>
	<testcase classname="create_formatted_resistance_string_tests.CreateFormattedResistanceStringTests" name="testCreateFormattedResistanceStringFourBandGreenBlueBlackRed" time="0.000" timestamp="2018-10-19T20:32:59"/>
	<testcase classname="create_formatted_resistance_string_tests.CreateFormattedResistanceStringTests" name="testCreateFormattedResistanceStringFourBandGreenBlueBlackSilver" time="0.000" timestamp="2018-10-19T20:32:59"/>
	<testcase classname="create_formatted_resistance_string_tests.CreateFormattedResistanceStringTests" name="testCreateFormattedResistanceStringFourBandGreenBlueBlackViolet" time="0.000" timestamp="2018-10-19T20:32:59"/>
	<testcase classname="create_formatted_resistance_string_tests.CreateFormattedResistanceStringTests" name="testCreateFormattedResistanceStringFourBandGreenBlueBlueBlue" time="0.000" timestamp="2018-10-19T20:32:59"/>
	<testcase classname="create_formatted_resistance_string_tests.CreateFormattedResistanceStringTests" name="testCreateFormattedResistanceStringFourBandGreenBlueBlueBrown" time="0.000" timestamp="2018-10-19T20:32:59"/>
	<testcase classname="create_formatted_resistance_string_tests.CreateFormattedResistanceStringTests" name="testCreateFormattedResistanceStringFourBandGreenBlueBlueGold" time="0.000" timestamp="2018-10-19T20:32:59"/>
	<testcase classname="create_formatted_resistance_string_tests.CreateFormattedResistanceStringTests" name="testCreateFormattedResistanceStringFourBandGreenBlueBlueGreen" time="0.000" timestamp="2018-10-19T20:32:59"/>
	<testcase classname="create_formatted_resistance_string_tests.CreateFormattedResistanceStringTests" name="testCreateFormattedResistanceStringFourBandGreenBlueBlueGrey" time="0.000" timestamp="2018-10-19T20:32:59"/>
	<testcase classname="create_formatted_resistance_string_tests.CreateFormattedResistanceStringTests" name="testCreateFormattedResistanceStringFourBandGreenBlueBlueNone" time="0.000" timestamp="2018-10-19T20:32:59"/>
	<testcase classname="create_formatted_resistance_string_tests.CreateFormattedResistanceStringTests" name="testCreateFormattedResistanceStringFourBandGreenBlueBlueRed" time="0.000" timestamp="2018-10-19T20:32:59"/>
	<testcase classname="create_formatted_resistance_string_tests.CreateFormattedResistanceStringTests" name="testCreateFormattedResistanceStringFourBandGreenBlueBlueSilver" time="0.000" timestamp="2018-10-19T20:32:59"/>
	<testcase classname="create_formatted_resistance_string_tests.CreateFormattedResistanceStringTests" name="testCreateFormattedResistanceStringFourBandGreenBlueBlueViolet" time="0.000" timestamp="2018-10-19T20:32:59"/>
	<testcase classname="create_formatted_resistance_string_tests.CreateFormattedResistanceStringTests" name="testCreateFormattedResistanceStringFourBandGreenBlueBrownBlue" time="0.000" timestamp="2018-10-19T20:32:59"/>
	<testcase classname="create_formatted_resistance_string_tests.CreateFormattedResistanceStringTests" name="testCreateFormattedResistanceStringFourBandGreenBlueBrownBrown" time="0.000" timestamp="2018-10-19T20:32:59"/>
	<testcase classname="create_formatted_resistance_string_tests.CreateFormattedResistanceStringTests" name="testCreateFormattedResistanceStringFourBandGreenBlueBrownGold" time="0.000" timestamp="2018-10-19T20:32:59"/>
	<testcase classname="create_formatted_resistance_string_tests.CreateFormattedResistanceStringTests" name="testCreateFormattedResistanceStringFourBandGreenBlueBrownGreen" time="0.000" timestamp="2018-10-19T20:32:59"/>
	<testcase classname="create_formatted_resistance_string_tests.CreateFormattedResistanceStringTests" name="testCreateFormattedResistanceStringFourBandGreenBlueBrownGrey" time="0.000" timestamp="2018-10-19T20:32:59"/>
	<testcase classname="create_formatted_resistance_string_tests.CreateFormattedResistanceStringTests" name="testCreateFormattedResistanceStringFourBandGreenBlueBrownNone" time="0.000" timestamp="2018-10-19T20:32:59"/>
	<testcase classname="create_formatted_resistance_string_tests.CreateFormattedResistanceStringTests" name="testCreateFormattedResistanceStringFourBandGreenBlueBrownRed" time="0.000" timestamp="2018-10-19T20:32:59"/>
	<testcase classname="create_formatted_resistance_string_tests.CreateFormattedResistanceStringTests" name="testCreateFormattedResistanceStringFourBandGreenBlueBrownSilver" time="0.000" timestamp="2018-10-19T20:32:59"/>
	<testcase classname="create_formatted_resistance_string_tests.CreateFormattedResistanceStringTests" name="testCreateFormattedResistanceStringFourBandGreenBlueBrownViolet" time="0.000" timestamp="2018-10-19T20:32:59"/>
	<testcase classname="create_formatted_resistance_string_tests.CreateFormattedResistanceStringTests" name="testCreateFormattedResistanceStringFourBandGreenBlueGoldBlue" time="0.000" timestamp="2018-10-19T20:32:59"/>
	<testcase classname="create_formatted_resistance_string_tests.CreateFormattedResistanceStringTests" name="testCreateFormattedResistanceStringFourBandGreenBlueGoldBrown" time="0.000" timestamp="2018-10-19T20:32:59"/>
	<testcase classname="create_formatted_resistance_string_tests.CreateFormattedResistanceStringTests" name="testCreateFormattedResistanceStringFourBandGreenBlueGoldGold" time="0.000" timestamp="2018-10-19T20:32:59"/>
	<testcase classname="create_formatted_resistance_string_tests.CreateFormattedResistanceStringTests" name="testCreateFormattedResistanceStringFourBandGreenBlueGoldGreen" time="0.000" timestamp="2018-10-19T20:32:59"/>
	<testcase classname="create_formatted_resistance_string_tests.CreateFormattedResistanceStringTests" name="testCreateFormattedResistanceStringFourBandGreenBlueGoldGrey" time="0.000" timestamp="2018-10-19T20:32:59"/>
	<testcase classname="create_formatted_resistance_string_tests.CreateFormattedResistanceStringTests" name="testCreateFormattedResistanceStringFourBandGreenBlueGoldNone" time="0.000" timestamp="2018-10-19T20:32:59"/>
	<testcase classname="create_formatted_resistance_string_tests.CreateFormattedResistanceStringTests" name="testCreateFormattedResistanceStringFourBandGreenBlueGoldRed" time="0.000" timestamp="2018-10-19T20:32:59"/>
	<testcase classname="create_formatted_resistance_string_tests.CreateFormattedResistanceStringTests" name="testCreateFormattedResistanceStringFourBandGreenBlueGoldSilver" time="0.000" timestamp="2018-10-19T20:32:59"/>
	<testcase classname="create_formatted_resistance_string_tests.CreateFormattedResistanceStringTests" name="testCreateFormattedResistanceStringFourBandGreenBlueGoldViolet" time="0.000" timestamp="2018-10-19T20:32:59"/>
	<testcase classname="create_formatted_resistance_string_tests.CreateFormattedResistanceStringTests" name="testCreateFormattedResistanceStringFourBandGreenBlueGreenBlue" time="0.000" timestamp="2018-10-19T20:32:59"/>
	<testcase classname="create_formatted_resistance_string_tests.CreateFormattedResistanceStringTests" name="testCreateFormattedResistanceStringFourBandGreenBlueGreenBrown" time="0.000" timestamp="2018-10-19T20:32:59"/>
	<testcase classname="create_formatted_resistance_string_tests.CreateFormattedResistanceStringTests" name="testCreateFormattedResistanceStringFourBandGreenBlueGreenGold" time="0.000" timestamp="2018-10-19T20:32:59"/>
	<testcase classname="create_formatted_resistance_string_tests.CreateFormattedResistanceStringTests" name="testCreateFormattedResistanceStringFourBandGreenBlueGreenGreen" time="0.000" timestamp="2018-10-19T20:32:59"/>
	<testcase classname="create_formatted_resistance_string_tests.CreateFormattedResistanceStringTests" name="testCreateFormattedResistanceStringFourBandGreenBlueGreenGrey" time="0.000" timestamp="2018-10-19T20:32:59"/>
	<testcase classname="create_formatted_resistance_string_tests.CreateFormattedResistanceStringTests" name="testCreateFormattedResistanceStringFourBandGreenBlueGreenNone" time="0.000" timestamp="2018-10-19T20:32:59"/>
	<testcase classname="create_formatted_resistance_string_tests.CreateFormattedResistanceStringTests" name="testCreateFormattedResistanceStringFourBandGreenBlueGreenRed" time="0.000" timestamp="2018-10-19T20:32:59"/>
	<testcase classname="create_formatted_resistance_string_tests.CreateFormattedResistanceStringTests" name="testCreateFormattedResistanceStringFourBandGreenBlueGreenSilver" time="0.000" timestamp="2018-10-19T20:32:59"/>
	<testcase classname="create_formatted_resistance_string_tests.CreateFormattedResistanceStringTests" name="testCreateFormattedResistanceStringFourBandGreenBlueGreenViolet" time="0.000" timestamp="2018-10-19T20:32:59"/>
	<testcase classname="create_formatted_resistance_string_tests.CreateFormattedResistanceStringTests" name="testCreateFormattedResistanceStringFourBandGreenBlueGreyBlue" time="0.000" timestamp="2018-10-19T20:32:59"/>
	<testcase classname="create_formatted_resistance_string_tests.CreateFormattedResistanceStringTests" name="testCreateFormattedResistanceStringFourBandGreenBlueGreyBrown" time="0.000" timestamp="2018-10-19T20:32:59"/>
	<testcase classname="create_formatted_resistance_string_tests.CreateFormattedResistanceStringTests" name="testCreateFormattedResistanceStringFourBandGreenBlueGreyGold" time="0.000" timestamp="2018-10-19T20:32:59"/>
	<testcase classname="create_formatted_resistance_string_tests.CreateFormattedResistanceStringTests" name="testCreateFormattedResistanceStringFourBandGreenBlueGreyGreen" time="0.000" timestamp="2018-10-19T20:32:59"/>
	<testcase classname="create_formatted_resistance_string_tests.CreateFormattedResistanceStringTests" name="testCreateFormattedResistanceStringFourBandGreenBlueGreyGrey" time="0.000" timestamp="2018-10-19T20:32:59"/>
	<testcase classname="create_formatted_resistance_string_tests.CreateFormattedResistanceStringTests" name="testCreateFormattedResistanceStringFourBandGreenBlueGreyNone" time="0.000" timestamp="2018-10-19T20:32:59"/>
	<testcase classname="create_formatted_resistance_string_tests.CreateFormattedResistanceStringTests" name="testCreateFormattedResistanceStringFourBandGreenBlueGreyRed" time="0.000" timestamp="2018-10-19T20:32:59"/>
	<testcase classname="create_formatted_resistance_string_tests.CreateFormattedResistanceStringTests" name="testCreateFormattedResistanceStringFourBandGreenBlueGreySilver" time="0.000" timestamp="2018-10-19T20:32:59"/>
	<testcase classname="create_formatted_resistance_string_tests.CreateFormattedResistanceStringTests" name="testCreateFormattedResistanceStringFourBandGreenBlueGreyViolet" time="0.000" timestamp="2018-10-19T20:32:59"/>
	<testcase classname="create_formatted_resistance_string_tests.CreateFormattedResistanceStringTests" name="testCreateFormattedResistanceStringFourBandGreenBlueOrangeBlue" time="0.000" timestamp="2018-10-19T20:32:59"/>
	<testcase classname="create_formatted_resistance_string_tests.CreateFormattedResistanceStringTests" name="testCreateFormattedResistanceStringFourBandGreenBlueOrangeBrown" time="0.000" timestamp="2018-10-19T20:32:59"/>
	<testcase classname="create_formatted_resistance_string_tests.CreateFormattedResistanceStringTests" name="testCreateFormattedResistanceStringFourBandGreenBlueOrangeGold" time="0.000" timestamp="2018-10-19T20:32:59"/>
	<testcase classname="create_formatted_resistance_string_tests.CreateFormattedResistanceStringTests" name="testCreateFormattedResistanceStringFourBandGreenBlueOrangeGreen" time="0.000" timestamp="2018-10-19T20:32:59"/>
	<testcase classname="create_formatted_resistance_string_tests.CreateFormattedResistanceStringTests" name="testCreateFormattedResistanceStringFourBandGreenBlueOrangeGrey" time="0.000" timestamp="2018-10-19T20:32:59"/>
	<testcase classname="create_formatted_resistance_string_tests.CreateFormattedResistanceStringTests" name="testCreateFormattedResistanceStringFourBandGreenBlueOrangeNone" time="0.000" timestamp="2018-10-19T20:32:59"/>
	<testcase classname="create_formatted_resistance_string_tests.CreateFormattedResistanceStringTests" name="testCreateFormattedResistanceStringFourBandGreenBlueOrangeRed" time="0.000" timestamp="2018-10-19T20:32:59"/>
	<testcase classname="create_formatted_resistance_string_tests.CreateFormattedResistanceStringTests" name="testCreateFormattedResistanceStringFourBandGreenBlueOrangeSilver" time="0.000" timestamp="2018-10-19T20:32:59"/>
	<testcase classname="create_formatted_resistance_string_tests.CreateFormattedResistanceStringTests" name="testCreateFormattedResistanceStringFourBandGreenBlueOrangeViolet" time="0.000" timestamp="2018-10-19T20:32:59"/>
	<testcase classname="create_formatted_resistance_string_tests.CreateFormattedResistanceStringTests" name="testCreateFormattedResistanceStringFourBandGreenBlueRedBlue" time="0.000" timestamp="2018-10-19T20:32:59"/>
	<testcase classname="create_formatted_resistance_string_tests.CreateFormattedResistanceStringTests" name="testCreateFormattedResistanceStringFourBandGreenBlueRedBrown" time="0.000" timestamp="2018-10-19T20:32:59"/>
	<testcase classname="create_formatted_resistance_string_tests.CreateFormattedResistanceStringTests" name="testCreateFormattedResistanceStringFourBandGreenBlueRedGold" time="0.000" timestamp="2018-10-19T20:32:59"/>
	<testcase classname="create_formatted_resistance_string_tests.CreateFormattedResistanceStringTests" name="testCreateFormattedResistanceStringFourBandGreenBlueRedGreen" time="0.000" timestamp="2018-10-19T20:32:59"/>
	<testcase classname="create_formatted_resistance_string_tests.CreateFormattedResistanceStringTests" name="testCreateFormattedResistanceStringFourBandGreenBlueRedGrey" time="0.000" timestamp="2018-10-19T20:32:59"/>
	<testcase classname="create_formatted_resistance_string_tests.CreateFormattedResistanceStringTests" name="testCreateFormattedResistanceStringFourBandGreenBlueRedNone" time="0.000" timestamp="2018-10-19T20:32:59"/>
	<testcase classname="create_formatted_resistance_string_tests.CreateFormattedResistanceStringTests" name="testCreateFormattedResistanceStringFourBandGreenBlueRedRed" time="0.000" timestamp="2018-10-19T20:32:59"/>
	<testcase classname="create_formatted_resistance_string_tests.CreateFormattedResistanceStringTests" name="testCreateFormattedResistanceStringFourBandGreenBlueRedSilver" time="0.000" timestamp="2018-10-19T20:32:59"/>
	<testcase classname="create_formatted_resistance_string_tests.CreateFormattedResistanceStringTests" name="testCreateFormattedResistanceStringFourBandGreenBlueRedViolet" time="0.000" timestamp="2018-10-19T20:32:59"/>
	<testcase classname="create_formatted_resistance_string_tests.CreateFormattedResistanceStringTests" name="testCreateFormattedResistanceStringFourBandGreenBlueSilverBlue" time="0.000" timestamp="2018-10-19T20:32:59"/>
	<testcase classname="create_formatted_resistance_string_tests.CreateFormattedResistanceStringTests" name="testCreateFormattedResistanceStringFourBandGreenBlueSilverBrown" time="0.000" timestamp="2018-10-19T20:32:59"/>
	<testcase classname="create_formatted_resistance_string_tests.CreateFormattedResistanceStringTests" name="testCreateFormattedResistanceStringFourBandGreenBlueSilverGold" time="0.000" timestamp="2018-10-19T20:32:59"/>
	<testcase classname="create_formatted_resistance_string_tests.CreateFormattedResistanceStringTests" name="testCreateFormattedResistanceStringFourBandGreenBlueSilverGreen" time="0.000" timestamp="2018-10-19T20:32:59"/>
	<testcase classname="create_formatted_resistance_string_tests.CreateFormattedResistanceStringTests" name="testCreateFormattedResistanceStringFourBandGreenBlueSilverGrey" time="0.000" timestamp="2018-10-19T20:32:59"/>
	<testcase classname="create_formatted_resistance_string_tests.CreateFormattedResistanceStringTests" name="testCreateFormattedResistanceStringFourBandGreenBlueSilverNone" time="0.000" timestamp="2018-10-19T20:32:59"/>
	<testcase classname="create_formatted_resistance_string_tests.CreateFormattedResistanceStringTests" name="testCreateFormattedResistanceStringFourBandGreenBlueSilverRed" time="0.000" timestamp="2018-10-19T20:32:59"/>
	<testcase classname="create_formatted_resistance_string_tests.CreateFormattedResistanceStringTests" name="testCreateFormattedResistanceStringFourBandGreenBlueSilverSilver" time="0.000" timestamp="2018-10-19T20:32:59"/>
	<testcase classname="create_formatted_resistance_string_tests.CreateFormattedResistanceStringTests" name="testCreateFormattedResistanceStringFourBandGreenBlueSilverViolet" time="0.000" timestamp="2018-10-19T20:32:59"/>
	<testcase classname="create_formatted_resistance_string_tests.CreateFormattedResistanceStringTests" name="testCreateFormattedResistanceStringFourBandGreenBlueVioletBlue" time="0.000" timestamp="2018-10-19T20:32:59"/>
	<testcase classname="create_formatted_resistance_string_tests.CreateFormattedResistanceStringTests" name="testCreateFormattedResistanceStringFourBandGreenBlueVioletBrown" time="0.000" timestamp="2018-10-19T20:32:59"/>
	<testcase classname="create_formatted_resistance_string_tests.CreateFormattedResistanceStringTests" name="testCreateFormattedResistanceStringFourBandGreenBlueVioletGold" time="0.000" timestamp="2018-10-19T20:32:59"/>
	<testcase classname="create_formatted_resistance_string_tests.CreateFormattedResistanceStringTests" name="testCreateFormattedResistanceStringFourBandGreenBlueVioletGreen" time="0.000" timestamp="2018-10-19T20:32:59"/>
	<testcase classname="create_formatted_resistance_string_tests.CreateFormattedResistanceStringTests" name="testCreateFormattedResistanceStringFourBandGreenBlueVioletGrey" time="0.000" timestamp="2018-10-19T20:32:59"/>
	<testcase classname="create_formatted_resistance_string_tests.CreateFormattedResistanceStringTests" name="testCreateFormattedResistanceStringFourBandGreenBlueVioletNone" time="0.000" timestamp="2018-10-19T20:32:59"/>
	<testcase classname="create_formatted_resistance_string_tests.CreateFormattedResistanceStringTests" name="testCreateFormattedResistanceStringFourBandGreenBlueVioletRed" time="0.000" timestamp="2018-10-19T20:32:59"/>
	<testcase classname="create_formatted_resistance_string_tests.CreateFormattedResistanceStringTests" name="testCreateFormattedResistanceStringFourBandGreenBlueVioletSilver" time="0.000" timestamp="2018-10-19T20:32:59"/>
	<testcase classname="create_formatted_resistance_string_tests.CreateFormattedResistanceStringTests" name="testCreateFormattedResistanceStringFourBandGreenBlueVioletViolet" time="0.000" timestamp="2018-10-19T20:32:59"/>
	<testcase classname="create_formatted_resistance_string_tests.CreateFormattedResistanceStringTests" name="testCreateFormattedResistanceStringFourBandGreenBlueWhiteBlue" time="0.000" timestamp="2018-10-19T20:32:59"/>
	<testcase classname="create_formatted_resistance_string_tests.CreateFormattedResistanceStringTests" name="testCreateFormattedResistanceStringFourBandGreenBlueWhiteBrown" time="0.000" timestamp="2018-10-19T20:32:59"/>
	<testcase classname="create_formatted_resistance_string_tests.CreateFormattedResistanceStringTests" name="testCreateFormattedResistanceStringFourBandGreenBlueWhiteGold" time="0.000" timestamp="2018-10-19T20:32:59"/>
	<testcase classname="create_formatted_resistance_string_tests.CreateFormattedResistanceStringTests" name="testCreateFormattedResistanceStringFourBandGreenBlueWhiteGreen" time="0.000" timestamp="2018-10-19T20:32:59"/>
	<testcase classname="create_formatted_resistance_string_tests.CreateFormattedResistanceStringTests" name="testCreateFormattedResistanceStringFourBandGreenBlueWhiteGrey" time="0.000" timestamp="2018-10-19T20:32:59"/>
	<testcase classname="create_formatted_resistance_string_tests.CreateFormattedResistanceStringTests" name="testCreateFormattedResistanceStringFourBandGreenBlueWhiteNone" time="0.000" timestamp="2018-10-19T20:32:59"/>
	<testcase classname="create_formatted_resistance_string_tests.CreateFormattedResistanceStringTests" name="testCreateFormattedResistanceStringFourBandGreenBlueWhiteRed" time="0.000" timestamp="2018-10-19T20:32:59"/>
	<testcase classname="create_formatted_resistance_string_tests.CreateFormattedResistanceStringTests" name="testCreateFormattedResistanceStringFourBandGreenBlueWhiteSilver" time="0.000" timestamp="2018-10-19T20:32:59"/>
	<testcase classname="create_formatted_resistance_string_tests.CreateFormattedResistanceStringTests" name="testCreateFormattedResistanceStringFourBandGreenBlueWhiteViolet" time="0.000" timestamp="2018-10-19T20:32:59"/>
	<testcase classname="create_formatted_resistance_string_tests.CreateFormattedResistanceStringTests" name="testCreateFormattedResistanceStringFourBandGreenBlueYellowBlue" time="0.000" timestamp="2018-10-19T20:32:59"/>
	<testcase classname="create_formatted_resistance_string_tests.CreateFormattedResistanceStringTests" name="testCreateFormattedResistanceStringFourBandGreenBlueYellowBrown" time="0.000" timestamp="2018-10-19T20:32:59"/>
	<testcase classname="create_formatted_resistance_string_tests.CreateFormattedResistanceStringTests" name="testCreateFormattedResistanceStringFourBandGreenBlueYellowGold" time="0.000" timestamp="2018-10-19T20:32:59"/>
	<testcase classname="create_formatted_resistance_string_tests.CreateFormattedResistanceStringTests" name="testCreateFormattedResistanceStringFourBandGreenBlueYellowGreen" time="0.000" timestamp="2018-10-19T20:32:59"/>
	<testcase classname="create_formatted_resistance_string_tests.CreateFormattedResistanceStringTests" name="testCreateFormattedResistanceStringFourBandGreenBlueYellowGrey" time="0.000" timestamp="2018-10-19T20:32:59"/>
	<testcase classname="create_formatted_resistance_string_tests.CreateFormattedResistanceStringTests" name="testCreateFormattedResistanceStringFourBandGreenBlueYellowNone" time="0.000" timestamp="2018-10-19T20:32:59"/>
	<testcase classname="create_formatted_resistance_string_tests.CreateFormattedResistanceStringTests" name="testCreateFormattedResistanceStringFourBandGreenBlueYellowRed" time="0.000" timestamp="2018-10-19T20:32:59"/>
	<testcase classname="create_formatted_resistance_string_tests.CreateFormattedResistanceStringTests" name="testCreateFormattedResistanceStringFourBandGreenBlueYellowSilver" time="0.000" timestamp="2018-10-19T20:32:59"/>
	<testcase classname="create_formatted_resistance_string_tests.CreateFormattedResistanceStringTests" name="testCreateFormattedResistanceStringFourBandGreenBlueYellowViolet" time="0.000" timestamp="2018-10-19T20:32:59"/>
	<testcase classname="create_formatted_resistance_string_tests.CreateFormattedResistanceStringTests" name="testCreateFormattedResistanceStringFourBandGreenBrownBlackBlue" time="0.000" timestamp="2018-10-19T20:32:59"/>
	<testcase classname="create_formatted_resistance_string_tests.CreateFormattedResistanceStringTests" name="testCreateFormattedResistanceStringFourBandGreenBrownBlackBrown" time="0.000" timestamp="2018-10-19T20:32:59"/>
	<testcase classname="create_formatted_resistance_string_tests.CreateFormattedResistanceStringTests" name="testCreateFormattedResistanceStringFourBandGreenBrownBlackGold" time="0.000" timestamp="2018-10-19T20:32:59"/>
	<testcase classname="create_formatted_resistance_string_tests.CreateFormattedResistanceStringTests" name="testCreateFormattedResistanceStringFourBandGreenBrownBlackGreen" time="0.000" timestamp="2018-10-19T20:32:59"/>
	<testcase classname="create_formatted_resistance_string_tests.CreateFormattedResistanceStringTests" name="testCreateFormattedResistanceStringFourBandGreenBrownBlackGrey" time="0.000" timestamp="2018-10-19T20:32:59"/>
	<testcase classname="create_formatted_resistance_string_tests.CreateFormattedResistanceStringTests" name="testCreateFormattedResistanceStringFourBandGreenBrownBlackNone" time="0.000" timestamp="2018-10-19T20:32:59"/>
	<testcase classname="create_formatted_resistance_string_tests.CreateFormattedResistanceStringTests" name="testCreateFormattedResistanceStringFourBandGreenBrownBlackRed" time="0.000" timestamp="2018-10-19T20:32:59"/>
	<testcase classname="create_formatted_resistance_string_tests.CreateFormattedResistanceStringTests" name="testCreateFormattedResistanceStringFourBandGreenBrownBlackSilver" time="0.000" timestamp="2018-10-19T20:32:59"/>
	<testcase classname="create_formatted_resistance_string_tests.CreateFormattedResistanceStringTests" name="testCreateFormattedResistanceStringFourBandGreenBrownBlackViolet" time="0.000" timestamp="2018-10-19T20:32:59"/>
	<testcase classname="create_formatted_resistance_string_tests.CreateFormattedResistanceStringTests" name="testCreateFormattedResistanceStringFourBandGreenBrownBlueBlue" time="0.000" timestamp="2018-10-19T20:32:59"/>
	<testcase classname="create_formatted_resistance_string_tests.CreateFormattedResistanceStringTests" name="testCreateFormattedResistanceStringFourBandGreenBrownBlueBrown" time="0.000" timestamp="2018-10-19T20:32:59"/>
	<testcase classname="create_formatted_resistance_string_tests.CreateFormattedResistanceStringTests" name="testCreateFormattedResistanceStringFourBandGreenBrownBlueGold" time="0.000" timestamp="2018-10-19T20:32:59"/>
	<testcase classname="create_formatted_resistance_string_tests.CreateFormattedResistanceStringTests" name="testCreateFormattedResistanceStringFourBandGreenBrownBlueGreen" time="0.000" timestamp="2018-10-19T20:32:59"/>
	<testcase classname="create_formatted_resistance_string_tests.CreateFormattedResistanceStringTests" name="testCreateFormattedResistanceStringFourBandGreenBrownBlueGrey" time="0.000" timestamp="2018-10-19T20:32:59"/>
	<testcase classname="create_formatted_resistance_string_tests.CreateFormattedResistanceStringTests" name="testCreateFormattedResistanceStringFourBandGreenBrownBlueNone" time="0.000" timestamp="2018-10-19T20:32:59"/>
	<testcase classname="create_formatted_resistance_string_tests.CreateFormattedResistanceStringTests" name="testCreateFormattedResistanceStringFourBandGreenBrownBlueRed" time="0.000" timestamp="2018-10-19T20:32:59"/>
	<testcase classname="create_formatted_resistance_string_tests.CreateFormattedResistanceStringTests" name="testCreateFormattedResistanceStringFourBandGreenBrownBlueSilver" time="0.000" timestamp="2018-10-19T20:32:59"/>
	<testcase classname="create_formatted_resistance_string_tests.CreateFormattedResistanceStringTests" name="testCreateFormattedResistanceStringFourBandGreenBrownBlueViolet" time="0.000" timestamp="2018-10-19T20:32:59"/>
	<testcase classname="create_formatted_resistance_string_tests.CreateFormattedResistanceStringTests" name="testCreateFormattedResistanceStringFourBandGreenBrownBrownBlue" time="0.000" timestamp="2018-10-19T20:32:59"/>
	<testcase classname="create_formatted_resistance_string_tests.CreateFormattedResistanceStringTests" name="testCreateFormattedResistanceStringFourBandGreenBrownBrownBrown" time="0.000" timestamp="2018-10-19T20:32:59"/>
	<testcase classname="create_formatted_resistance_string_tests.CreateFormattedResistanceStringTests" name="testCreateFormattedResistanceStringFourBandGreenBrownBrownGold" time="0.000" timestamp="2018-10-19T20:32:59"/>
	<testcase classname="create_formatted_resistance_string_tests.CreateFormattedResistanceStringTests" name="testCreateFormattedResistanceStringFourBandGreenBrownBrownGreen" time="0.000" timestamp="2018-10-19T20:32:59"/>
	<testcase classname="create_formatted_resistance_string_tests.CreateFormattedResistanceStringTests" name="testCreateFormattedResistanceStringFourBandGreenBrownBrownGrey" time="0.000" timestamp="2018-10-19T20:32:59"/>
	<testcase classname="create_formatted_resistance_string_tests.CreateFormattedResistanceStringTests" name="testCreateFormattedResistanceStringFourBandGreenBrownBrownNone" time="0.000" timestamp="2018-10-19T20:32:59"/>
	<testcase classname="create_formatted_resistance_string_tests.CreateFormattedResistanceStringTests" name="testCreateFormattedResistanceStringFourBandGreenBrownBrownRed" time="0.000" timestamp="2018-10-19T20:32:59"/>
	<testcase classname="create_formatted_resistance_string_tests.CreateFormattedResistanceStringTests" name="testCreateFormattedResistanceStringFourBandGreenBrownBrownSilver" time="0.000" timestamp="2018-10-19T20:32:59"/>
	<testcase classname="create_formatted_resistance_string_tests.CreateFormattedResistanceStringTests" name="testCreateFormattedResistanceStringFourBandGreenBrownBrownViolet" time="0.000" timestamp="2018-10-19T20:32:59"/>
	<testcase classname="create_formatted_resistance_string_tests.CreateFormattedResistanceStringTests" name="testCreateFormattedResistanceStringFourBandGreenBrownGoldBlue" time="0.000" timestamp="2018-10-19T20:32:59"/>
	<testcase classname="create_formatted_resistance_string_tests.CreateFormattedResistanceStringTests" name="testCreateFormattedResistanceStringFourBandGreenBrownGoldBrown" time="0.000" timestamp="2018-10-19T20:32:59"/>
	<testcase classname="create_formatted_resistance_string_tests.CreateFormattedResistanceStringTests" name="testCreateFormattedResistanceStringFourBandGreenBrownGoldGold" time="0.000" timestamp="2018-10-19T20:32:59"/>
	<testcase classname="create_formatted_resistance_string_tests.CreateFormattedResistanceStringTests" name="testCreateFormattedResistanceStringFourBandGreenBrownGoldGreen" time="0.000" timestamp="2018-10-19T20:32:59"/>
	<testcase classname="create_formatted_resistance_string_tests.CreateFormattedResistanceStringTests" name="testCreateFormattedResistanceStringFourBandGreenBrownGoldGrey" time="0.000" timestamp="2018-10-19T20:32:59"/>
	<testcase classname="create_formatted_resistance_string_tests.CreateFormattedResistanceStringTests" name="testCreateFormattedResistanceStringFourBandGreenBrownGoldNone" time="0.000" timestamp="2018-10-19T20:32:59"/>
	<testcase classname="create_formatted_resistance_string_tests.CreateFormattedResistanceStringTests" name="testCreateFormattedResistanceStringFourBandGreenBrownGoldRed" time="0.000" timestamp="2018-10-19T20:32:59"/>
	<testcase classname="create_formatted_resistance_string_tests.CreateFormattedResistanceStringTests" name="testCreateFormattedResistanceStringFourBandGreenBrownGoldSilver" time="0.000" timestamp="2018-10-19T20:32:59"/>
	<testcase classname="create_formatted_resistance_string_tests.CreateFormattedResistanceStringTests" name="testCreateFormattedResistanceStringFourBandGreenBrownGoldViolet" time="0.000" timestamp="2018-10-19T20:32:59"/>
	<testcase classname="create_formatted_resistance_string_tests.CreateFormattedResistanceStringTests" name="testCreateFormattedResistanceStringFourBandGreenBrownGreenBlue" time="0.000" timestamp="2018-10-19T20:32:59"/>
	<testcase classname="create_formatted_resistance_string_tests.CreateFormattedResistanceStringTests" name="testCreateFormattedResistanceStringFourBandGreenBrownGreenBrown" time="0.000" timestamp="2018-10-19T20:32:59"/>
	<testcase classname="create_formatted_resistance_string_tests.CreateFormattedResistanceStringTests" name="testCreateFormattedResistanceStringFourBandGreenBrownGreenGold" time="0.000" timestamp="2018-10-19T20:32:59"/>
	<testcase classname="create_formatted_resistance_string_tests.CreateFormattedResistanceStringTests" name="testCreateFormattedResistanceStringFourBandGreenBrownGreenGreen" time="0.000" timestamp="2018-10-19T20:32:59"/>
	<testcase classname="create_formatted_resistance_string_tests.CreateFormattedResistanceStringTests" name="testCreateFormattedResistanceStringFourBandGreenBrownGreenGrey" time="0.000" timestamp="2018-10-19T20:32:59"/>
	<testcase classname="create_formatted_resistance_string_tests.CreateFormattedResistanceStringTests" name="testCreateFormattedResistanceStringFourBandGreenBrownGreenNone" time="0.000" timestamp="2018-10-19T20:32:59"/>
	<testcase classname="create_formatted_resistance_string_tests.CreateFormattedResistanceStringTests" name="testCreateFormattedResistanceStringFourBandGreenBrownGreenRed" time="0.000" timestamp="2018-10-19T20:32:59"/>
	<testcase classname="create_formatted_resistance_string_tests.CreateFormattedResistanceStringTests" name="testCreateFormattedResistanceStringFourBandGreenBrownGreenSilver" time="0.000" timestamp="2018-10-19T20:32:59"/>
	<testcase classname="create_formatted_resistance_string_tests.CreateFormattedResistanceStringTests" name="testCreateFormattedResistanceStringFourBandGreenBrownGreenViolet" time="0.000" timestamp="2018-10-19T20:32:59"/>
	<testcase classname="create_formatted_resistance_string_tests.CreateFormattedResistanceStringTests" name="testCreateFormattedResistanceStringFourBandGreenBrownGreyBlue" time="0.000" timestamp="2018-10-19T20:32:59"/>
	<testcase classname="create_formatted_resistance_string_tests.CreateFormattedResistanceStringTests" name="testCreateFormattedResistanceStringFourBandGreenBrownGreyBrown" time="0.000" timestamp="2018-10-19T20:32:59"/>
	<testcase classname="create_formatted_resistance_string_tests.CreateFormattedResistanceStringTests" name="testCreateFormattedResistanceStringFourBandGreenBrownGreyGold" time="0.000" timestamp="2018-10-19T20:32:59"/>
	<testcase classname="create_formatted_resistance_string_tests.CreateFormattedResistanceStringTests" name="testCreateFormattedResistanceStringFourBandGreenBrownGreyGreen" time="0.000" timestamp="2018-10-19T20:32:59"/>
	<testcase classname="create_formatted_resistance_string_tests.CreateFormattedResistanceStringTests" name="testCreateFormattedResistanceStringFourBandGreenBrownGreyGrey" time="0.000" timestamp="2018-10-19T20:32:59"/>
	<testcase classname="create_formatted_resistance_string_tests.CreateFormattedResistanceStringTests" name="testCreateFormattedResistanceStringFourBandGreenBrownGreyNone" time="0.000" timestamp="2018-10-19T20:32:59"/>
	<testcase classname="create_formatted_resistance_string_tests.CreateFormattedResistanceStringTests" name="testCreateFormattedResistanceStringFourBandGreenBrownGreyRed" time="0.000" timestamp="2018-10-19T20:32:59"/>
	<testcase classname="create_formatted_resistance_string_tests.CreateFormattedResistanceStringTests" name="testCreateFormattedResistanceStringFourBandGreenBrownGreySilver" time="0.000" timestamp="2018-10-19T20:32:59"/>
	<testcase classname="create_formatted_resistance_string_tests.CreateFormattedResistanceStringTests" name="testCreateFormattedResistanceStringFourBandGreenBrownGreyViolet" time="0.000" timestamp="2018-10-19T20:32:59"/>
	<testcase classname="create_formatted_resistance_string_tests.CreateFormattedResistanceStringTests" name="testCreateFormattedResistanceStringFourBandGreenBrownOrangeBlue" time="0.000" timestamp="2018-10-19T20:32:59"/>
	<testcase classname="create_formatted_resistance_string_tests.CreateFormattedResistanceStringTests" name="testCreateFormattedResistanceStringFourBandGreenBrownOrangeBrown" time="0.000" timestamp="2018-10-19T20:32:59"/>
	<testcase classname="create_formatted_resistance_string_tests.CreateFormattedResistanceStringTests" name="testCreateFormattedResistanceStringFourBandGreenBrownOrangeGold" time="0.000" timestamp="2018-10-19T20:32:59"/>
	<testcase classname="create_formatted_resistance_string_tests.CreateFormattedResistanceStringTests" name="testCreateFormattedResistanceStringFourBandGreenBrownOrangeGreen" time="0.000" timestamp="2018-10-19T20:32:59"/>
	<testcase classname="create_formatted_resistance_string_tests.CreateFormattedResistanceStringTests" name="testCreateFormattedResistanceStringFourBandGreenBrownOrangeGrey" time="0.000" timestamp="2018-10-19T20:32:59"/>
	<testcase classname="create_formatted_resistance_string_tests.CreateFormattedResistanceStringTests" name="testCreateFormattedResistanceStringFourBandGreenBrownOrangeNone" time="0.000" timestamp="2018-10-19T20:32:59"/>
	<testcase classname="create_formatted_resistance_string_tests.CreateFormattedResistanceStringTests" name="testCreateFormattedResistanceStringFourBandGreenBrownOrangeRed" time="0.000" timestamp="2018-10-19T20:32:59"/>
	<testcase classname="create_formatted_resistance_string_tests.CreateFormattedResistanceStringTests" name="testCreateFormattedResistanceStringFourBandGreenBrownOrangeSilver" time="0.000" timestamp="2018-10-19T20:32:59"/>
	<testcase classname="create_formatted_resistance_string_tests.CreateFormattedResistanceStringTests" name="testCreateFormattedResistanceStringFourBandGreenBrownOrangeViolet" time="0.000" timestamp="2018-10-19T20:32:59"/>
	<testcase classname="create_formatted_resistance_string_tests.CreateFormattedResistanceStringTests" name="testCreateFormattedResistanceStringFourBandGreenBrownRedBlue" time="0.000" timestamp="2018-10-19T20:32:59"/>
	<testcase classname="create_formatted_resistance_string_tests.CreateFormattedResistanceStringTests" name="testCreateFormattedResistanceStringFourBandGreenBrownRedBrown" time="0.000" timestamp="2018-10-19T20:32:59"/>
	<testcase classname="create_formatted_resistance_string_tests.CreateFormattedResistanceStringTests" name="testCreateFormattedResistanceStringFourBandGreenBrownRedGold" time="0.000" timestamp="2018-10-19T20:32:59"/>
	<testcase classname="create_formatted_resistance_string_tests.CreateFormattedResistanceStringTests" name="testCreateFormattedResistanceStringFourBandGreenBrownRedGreen" time="0.000" timestamp="2018-10-19T20:32:59"/>
	<testcase classname="create_formatted_resistance_string_tests.CreateFormattedResistanceStringTests" name="testCreateFormattedResistanceStringFourBandGreenBrownRedGrey" time="0.000" timestamp="2018-10-19T20:32:59"/>
	<testcase classname="create_formatted_resistance_string_tests.CreateFormattedResistanceStringTests" name="testCreateFormattedResistanceStringFourBandGreenBrownRedNone" time="0.000" timestamp="2018-10-19T20:32:59"/>
	<testcase classname="create_formatted_resistance_string_tests.CreateFormattedResistanceStringTests" name="testCreateFormattedResistanceStringFourBandGreenBrownRedRed" time="0.000" timestamp="2018-10-19T20:32:59"/>
	<testcase classname="create_formatted_resistance_string_tests.CreateFormattedResistanceStringTests" name="testCreateFormattedResistanceStringFourBandGreenBrownRedSilver" time="0.000" timestamp="2018-10-19T20:32:59"/>
	<testcase classname="create_formatted_resistance_string_tests.CreateFormattedResistanceStringTests" name="testCreateFormattedResistanceStringFourBandGreenBrownRedViolet" time="0.000" timestamp="2018-10-19T20:32:59"/>
	<testcase classname="create_formatted_resistance_string_tests.CreateFormattedResistanceStringTests" name="testCreateFormattedResistanceStringFourBandGreenBrownSilverBlue" time="0.000" timestamp="2018-10-19T20:32:59"/>
	<testcase classname="create_formatted_resistance_string_tests.CreateFormattedResistanceStringTests" name="testCreateFormattedResistanceStringFourBandGreenBrownSilverBrown" time="0.000" timestamp="2018-10-19T20:32:59"/>
	<testcase classname="create_formatted_resistance_string_tests.CreateFormattedResistanceStringTests" name="testCreateFormattedResistanceStringFourBandGreenBrownSilverGold" time="0.000" timestamp="2018-10-19T20:32:59"/>
	<testcase classname="create_formatted_resistance_string_tests.CreateFormattedResistanceStringTests" name="testCreateFormattedResistanceStringFourBandGreenBrownSilverGreen" time="0.000" timestamp="2018-10-19T20:32:59"/>
	<testcase classname="create_formatted_resistance_string_tests.CreateFormattedResistanceStringTests" name="testCreateFormattedResistanceStringFourBandGreenBrownSilverGrey" time="0.000" timestamp="2018-10-19T20:32:59"/>
	<testcase classname="create_formatted_resistance_string_tests.CreateFormattedResistanceStringTests" name="testCreateFormattedResistanceStringFourBandGreenBrownSilverNone" time="0.000" timestamp="2018-10-19T20:32:59"/>
	<testcase classname="create_formatted_resistance_string_tests.CreateFormattedResistanceStringTests" name="testCreateFormattedResistanceStringFourBandGreenBrownSilverRed" time="0.000" timestamp="2018-10-19T20:32:59"/>
	<testcase classname="create_formatted_resistance_string_tests.CreateFormattedResistanceStringTests" name="testCreateFormattedResistanceStringFourBandGreenBrownSilverSilver" time="0.000" timestamp="2018-10-19T20:32:59"/>
	<testcase classname="create_formatted_resistance_string_tests.CreateFormattedResistanceStringTests" name="testCreateFormattedResistanceStringFourBandGreenBrownSilverViolet" time="0.000" timestamp="2018-10-19T20:32:59"/>
	<testcase classname="create_formatted_resistance_string_tests.CreateFormattedResistanceStringTests" name="testCreateFormattedResistanceStringFourBandGreenBrownVioletBlue" time="0.000" timestamp="2018-10-19T20:32:59"/>
	<testcase classname="create_formatted_resistance_string_tests.CreateFormattedResistanceStringTests" name="testCreateFormattedResistanceStringFourBandGreenBrownVioletBrown" time="0.000" timestamp="2018-10-19T20:32:59"/>
	<testcase classname="create_formatted_resistance_string_tests.CreateFormattedResistanceStringTests" name="testCreateFormattedResistanceStringFourBandGreenBrownVioletGold" time="0.000" timestamp="2018-10-19T20:32:59"/>
	<testcase classname="create_formatted_resistance_string_tests.CreateFormattedResistanceStringTests" name="testCreateFormattedResistanceStringFourBandGreenBrownVioletGreen" time="0.000" timestamp="2018-10-19T20:32:59"/>
	<testcase classname="create_formatted_resistance_string_tests.CreateFormattedResistanceStringTests" name="testCreateFormattedResistanceStringFourBandGreenBrownVioletGrey" time="0.000" timestamp="2018-10-19T20:32:59"/>
	<testcase classname="create_formatted_resistance_string_tests.CreateFormattedResistanceStringTests" name="testCreateFormattedResistanceStringFourBandGreenBrownVioletNone" time="0.000" timestamp="2018-10-19T20:32:59"/>
	<testcase classname="create_formatted_resistance_string_tests.CreateFormattedResistanceStringTests" name="testCreateFormattedResistanceStringFourBandGreenBrownVioletRed" time="0.000" timestamp="2018-10-19T20:32:59"/>
	<testcase classname="create_formatted_resistance_string_tests.CreateFormattedResistanceStringTests" name="testCreateFormattedResistanceStringFourBandGreenBrownVioletSilver" time="0.000" timestamp="2018-10-19T20:32:59"/>
	<testcase classname="create_formatted_resistance_string_tests.CreateFormattedResistanceStringTests" name="testCreateFormattedResistanceStringFourBandGreenBrownVioletViolet" time="0.000" timestamp="2018-10-19T20:32:59"/>
	<testcase classname="create_formatted_resistance_string_tests.CreateFormattedResistanceStringTests" name="testCreateFormattedResistanceStringFourBandGreenBrownWhiteBlue" time="0.000" timestamp="2018-10-19T20:32:59"/>
	<testcase classname="create_formatted_resistance_string_tests.CreateFormattedResistanceStringTests" name="testCreateFormattedResistanceStringFourBandGreenBrownWhiteBrown" time="0.000" timestamp="2018-10-19T20:32:59"/>
	<testcase classname="create_formatted_resistance_string_tests.CreateFormattedResistanceStringTests" name="testCreateFormattedResistanceStringFourBandGreenBrownWhiteGold" time="0.000" timestamp="2018-10-19T20:32:59"/>
	<testcase classname="create_formatted_resistance_string_tests.CreateFormattedResistanceStringTests" name="testCreateFormattedResistanceStringFourBandGreenBrownWhiteGreen" time="0.000" timestamp="2018-10-19T20:32:59"/>
	<testcase classname="create_formatted_resistance_string_tests.CreateFormattedResistanceStringTests" name="testCreateFormattedResistanceStringFourBandGreenBrownWhiteGrey" time="0.000" timestamp="2018-10-19T20:32:59"/>
	<testcase classname="create_formatted_resistance_string_tests.CreateFormattedResistanceStringTests" name="testCreateFormattedResistanceStringFourBandGreenBrownWhiteNone" time="0.000" timestamp="2018-10-19T20:32:59"/>
	<testcase classname="create_formatted_resistance_string_tests.CreateFormattedResistanceStringTests" name="testCreateFormattedResistanceStringFourBandGreenBrownWhiteRed" time="0.000" timestamp="2018-10-19T20:32:59"/>
	<testcase classname="create_formatted_resistance_string_tests.CreateFormattedResistanceStringTests" name="testCreateFormattedResistanceStringFourBandGreenBrownWhiteSilver" time="0.000" timestamp="2018-10-19T20:32:59"/>
	<testcase classname="create_formatted_resistance_string_tests.CreateFormattedResistanceStringTests" name="testCreateFormattedResistanceStringFourBandGreenBrownWhiteViolet" time="0.000" timestamp="2018-10-19T20:32:59"/>
	<testcase classname="create_formatted_resistance_string_tests.CreateFormattedResistanceStringTests" name="testCreateFormattedResistanceStringFourBandGreenBrownYellowBlue" time="0.000" timestamp="2018-10-19T20:32:59"/>
	<testcase classname="create_formatted_resistance_string_tests.CreateFormattedResistanceStringTests" name="testCreateFormattedResistanceStringFourBandGreenBrownYellowBrown" time="0.000" timestamp="2018-10-19T20:32:59"/>
	<testcase classname="create_formatted_resistance_string_tests.CreateFormattedResistanceStringTests" name="testCreateFormattedResistanceStringFourBandGreenBrownYellowGold" time="0.000" timestamp="2018-10-19T20:32:59"/>
	<testcase classname="create_formatted_resistance_string_tests.CreateFormattedResistanceStringTests" name="testCreateFormattedResistanceStringFourBandGreenBrownYellowGreen" time="0.000" timestamp="2018-10-19T20:32:59"/>
	<testcase classname="create_formatted_resistance_string_tests.CreateFormattedResistanceStringTests" name="testCreateFormattedResistanceStringFourBandGreenBrownYellowGrey" time="0.000" timestamp="2018-10-19T20:32:59"/>
	<testcase classname="create_formatted_resistance_string_tests.CreateFormattedResistanceStringTests" name="testCreateFormattedResistanceStringFourBandGreenBrownYellowNone" time="0.000" timestamp="2018-10-19T20:32:59"/>
	<testcase classname="create_formatted_resistance_string_tests.CreateFormattedResistanceStringTests" name="testCreateFormattedResistanceStringFourBandGreenBrownYellowRed" time="0.000" timestamp="2018-10-19T20:32:59"/>
	<testcase classname="create_formatted_resistance_string_tests.CreateFormattedResistanceStringTests" name="testCreateFormattedResistanceStringFourBandGreenBrownYellowSilver" time="0.000" timestamp="2018-10-19T20:32:59"/>
	<testcase classname="create_formatted_resistance_string_tests.CreateFormattedResistanceStringTests" name="testCreateFormattedResistanceStringFourBandGreenBrownYellowViolet" time="0.000" timestamp="2018-10-19T20:32:59"/>
	<testcase classname="create_formatted_resistance_string_tests.CreateFormattedResistanceStringTests" name="testCreateFormattedResistanceStringFourBandGreenGreenBlackBlue" time="0.000" timestamp="2018-10-19T20:32:59"/>
	<testcase classname="create_formatted_resistance_string_tests.CreateFormattedResistanceStringTests" name="testCreateFormattedResistanceStringFourBandGreenGreenBlackBrown" time="0.000" timestamp="2018-10-19T20:32:59"/>
	<testcase classname="create_formatted_resistance_string_tests.CreateFormattedResistanceStringTests" name="testCreateFormattedResistanceStringFourBandGreenGreenBlackGold" time="0.000" timestamp="2018-10-19T20:32:59"/>
	<testcase classname="create_formatted_resistance_string_tests.CreateFormattedResistanceStringTests" name="testCreateFormattedResistanceStringFourBandGreenGreenBlackGreen" time="0.000" timestamp="2018-10-19T20:32:59"/>
	<testcase classname="create_formatted_resistance_string_tests.CreateFormattedResistanceStringTests" name="testCreateFormattedResistanceStringFourBandGreenGreenBlackGrey" time="0.000" timestamp="2018-10-19T20:32:59"/>
	<testcase classname="create_formatted_resistance_string_tests.CreateFormattedResistanceStringTests" name="testCreateFormattedResistanceStringFourBandGreenGreenBlackNone" time="0.000" timestamp="2018-10-19T20:32:59"/>
	<testcase classname="create_formatted_resistance_string_tests.CreateFormattedResistanceStringTests" name="testCreateFormattedResistanceStringFourBandGreenGreenBlackRed" time="0.000" timestamp="2018-10-19T20:32:59"/>
	<testcase classname="create_formatted_resistance_string_tests.CreateFormattedResistanceStringTests" name="testCreateFormattedResistanceStringFourBandGreenGreenBlackSilver" time="0.000" timestamp="2018-10-19T20:32:59"/>
	<testcase classname="create_formatted_resistance_string_tests.CreateFormattedResistanceStringTests" name="testCreateFormattedResistanceStringFourBandGreenGreenBlackViolet" time="0.000" timestamp="2018-10-19T20:32:59"/>
	<testcase classname="create_formatted_resistance_string_tests.CreateFormattedResistanceStringTests" name="testCreateFormattedResistanceStringFourBandGreenGreenBlueBlue" time="0.000" timestamp="2018-10-19T20:32:59"/>
	<testcase classname="create_formatted_resistance_string_tests.CreateFormattedResistanceStringTests" name="testCreateFormattedResistanceStringFourBandGreenGreenBlueBrown" time="0.000" timestamp="2018-10-19T20:32:59"/>
	<testcase classname="create_formatted_resistance_string_tests.CreateFormattedResistanceStringTests" name="testCreateFormattedResistanceStringFourBandGreenGreenBlueGold" time="0.000" timestamp="2018-10-19T20:32:59"/>
	<testcase classname="create_formatted_resistance_string_tests.CreateFormattedResistanceStringTests" name="testCreateFormattedResistanceStringFourBandGreenGreenBlueGreen" time="0.000" timestamp="2018-10-19T20:32:59"/>
	<testcase classname="create_formatted_resistance_string_tests.CreateFormattedResistanceStringTests" name="testCreateFormattedResistanceStringFourBandGreenGreenBlueGrey" time="0.000" timestamp="2018-10-19T20:32:59"/>
	<testcase classname="create_formatted_resistance_string_tests.CreateFormattedResistanceStringTests" name="testCreateFormattedResistanceStringFourBandGreenGreenBlueNone" time="0.000" timestamp="2018-10-19T20:32:59"/>
	<testcase classname="create_formatted_resistance_string_tests.CreateFormattedResistanceStringTests" name="testCreateFormattedResistanceStringFourBandGreenGreenBlueRed" time="0.000" timestamp="2018-10-19T20:32:59"/>
	<testcase classname="create_formatted_resistance_string_tests.CreateFormattedResistanceStringTests" name="testCreateFormattedResistanceStringFourBandGreenGreenBlueSilver" time="0.000" timestamp="2018-10-19T20:32:59"/>
	<testcase classname="create_formatted_resistance_string_tests.CreateFormattedResistanceStringTests" name="testCreateFormattedResistanceStringFourBandGreenGreenBlueViolet" time="0.000" timestamp="2018-10-19T20:32:59"/>
	<testcase classname="create_formatted_resistance_string_tests.CreateFormattedResistanceStringTests" name="testCreateFormattedResistanceStringFourBandGreenGreenBrownBlue" time="0.000" timestamp="2018-10-19T20:32:59"/>
	<testcase classname="create_formatted_resistance_string_tests.CreateFormattedResistanceStringTests" name="testCreateFormattedResistanceStringFourBandGreenGreenBrownBrown" time="0.000" timestamp="2018-10-19T20:32:59"/>
	<testcase classname="create_formatted_resistance_string_tests.CreateFormattedResistanceStringTests" name="testCreateFormattedResistanceStringFourBandGreenGreenBrownGold" time="0.000" timestamp="2018-10-19T20:32:59"/>
	<testcase classname="create_formatted_resistance_string_tests.CreateFormattedResistanceStringTests" name="testCreateFormattedResistanceStringFourBandGreenGreenBrownGreen" time="0.000" timestamp="2018-10-19T20:32:59"/>
	<testcase classname="create_formatted_resistance_string_tests.CreateFormattedResistanceStringTests" name="testCreateFormattedResistanceStringFourBandGreenGreenBrownGrey" time="0.000" timestamp="2018-10-19T20:32:59"/>
	<testcase classname="create_formatted_resistance_string_tests.CreateFormattedResistanceStringTests" name="testCreateFormattedResistanceStringFourBandGreenGreenBrownNone" time="0.000" timestamp="2018-10-19T20:32:59"/>
	<testcase classname="create_formatted_resistance_string_tests.CreateFormattedResistanceStringTests" name="testCreateFormattedResistanceStringFourBandGreenGreenBrownRed" time="0.000" timestamp="2018-10-19T20:32:59"/>
	<testcase classname="create_formatted_resistance_string_tests.CreateFormattedResistanceStringTests" name="testCreateFormattedResistanceStringFourBandGreenGreenBrownSilver" time="0.000" timestamp="2018-10-19T20:32:59"/>
	<testcase classname="create_formatted_resistance_string_tests.CreateFormattedResistanceStringTests" name="testCreateFormattedResistanceStringFourBandGreenGreenBrownViolet" time="0.000" timestamp="2018-10-19T20:32:59"/>
	<testcase classname="create_formatted_resistance_string_tests.CreateFormattedResistanceStringTests" name="testCreateFormattedResistanceStringFourBandGreenGreenGoldBlue" time="0.000" timestamp="2018-10-19T20:32:59"/>
	<testcase classname="create_formatted_resistance_string_tests.CreateFormattedResistanceStringTests" name="testCreateFormattedResistanceStringFourBandGreenGreenGoldBrown" time="0.000" timestamp="2018-10-19T20:32:59"/>
	<testcase classname="create_formatted_resistance_string_tests.CreateFormattedResistanceStringTests" name="testCreateFormattedResistanceStringFourBandGreenGreenGoldGold" time="0.000" timestamp="2018-10-19T20:32:59"/>
	<testcase classname="create_formatted_resistance_string_tests.CreateFormattedResistanceStringTests" name="testCreateFormattedResistanceStringFourBandGreenGreenGoldGreen" time="0.000" timestamp="2018-10-19T20:32:59"/>
	<testcase classname="create_formatted_resistance_string_tests.CreateFormattedResistanceStringTests" name="testCreateFormattedResistanceStringFourBandGreenGreenGoldGrey" time="0.000" timestamp="2018-10-19T20:32:59"/>
	<testcase classname="create_formatted_resistance_string_tests.CreateFormattedResistanceStringTests" name="testCreateFormattedResistanceStringFourBandGreenGreenGoldNone" time="0.000" timestamp="2018-10-19T20:32:59"/>
	<testcase classname="create_formatted_resistance_string_tests.CreateFormattedResistanceStringTests" name="testCreateFormattedResistanceStringFourBandGreenGreenGoldRed" time="0.000" timestamp="2018-10-19T20:32:59"/>
	<testcase classname="create_formatted_resistance_string_tests.CreateFormattedResistanceStringTests" name="testCreateFormattedResistanceStringFourBandGreenGreenGoldSilver" time="0.000" timestamp="2018-10-19T20:32:59"/>
	<testcase classname="create_formatted_resistance_string_tests.CreateFormattedResistanceStringTests" name="testCreateFormattedResistanceStringFourBandGreenGreenGoldViolet" time="0.000" timestamp="2018-10-19T20:32:59"/>
	<testcase classname="create_formatted_resistance_string_tests.CreateFormattedResistanceStringTests" name="testCreateFormattedResistanceStringFourBandGreenGreenGreenBlue" time="0.000" timestamp="2018-10-19T20:32:59"/>
	<testcase classname="create_formatted_resistance_string_tests.CreateFormattedResistanceStringTests" name="testCreateFormattedResistanceStringFourBandGreenGreenGreenBrown" time="0.000" timestamp="2018-10-19T20:32:59"/>
	<testcase classname="create_formatted_resistance_string_tests.CreateFormattedResistanceStringTests" name="testCreateFormattedResistanceStringFourBandGreenGreenGreenGold" time="0.000" timestamp="2018-10-19T20:32:59"/>
	<testcase classname="create_formatted_resistance_string_tests.CreateFormattedResistanceStringTests" name="testCreateFormattedResistanceStringFourBandGreenGreenGreenGreen" time="0.000" timestamp="2018-10-19T20:32:59"/>
	<testcase classname="create_formatted_resistance_string_tests.CreateFormattedResistanceStringTests" name="testCreateFormattedResistanceStringFourBandGreenGreenGreenGrey" time="0.000" timestamp="2018-10-19T20:32:59"/>
	<testcase classname="create_formatted_resistance_string_tests.CreateFormattedResistanceStringTests" name="testCreateFormattedResistanceStringFourBandGreenGreenGreenNone" time="0.000" timestamp="2018-10-19T20:32:59"/>
	<testcase classname="create_formatted_resistance_string_tests.CreateFormattedResistanceStringTests" name="testCreateFormattedResistanceStringFourBandGreenGreenGreenRed" time="0.000" timestamp="2018-10-19T20:32:59"/>
	<testcase classname="create_formatted_resistance_string_tests.CreateFormattedResistanceStringTests" name="testCreateFormattedResistanceStringFourBandGreenGreenGreenSilver" time="0.000" timestamp="2018-10-19T20:32:59"/>
	<testcase classname="create_formatted_resistance_string_tests.CreateFormattedResistanceStringTests" name="testCreateFormattedResistanceStringFourBandGreenGreenGreenViolet" time="0.000" timestamp="2018-10-19T20:32:59"/>
	<testcase classname="create_formatted_resistance_string_tests.CreateFormattedResistanceStringTests" name="testCreateFormattedResistanceStringFourBandGreenGreenGreyBlue" time="0.000" timestamp="2018-10-19T20:32:59"/>
	<testcase classname="create_formatted_resistance_string_tests.CreateFormattedResistanceStringTests" name="testCreateFormattedResistanceStringFourBandGreenGreenGreyBrown" time="0.000" timestamp="2018-10-19T20:32:59"/>
	<testcase classname="create_formatted_resistance_string_tests.CreateFormattedResistanceStringTests" name="testCreateFormattedResistanceStringFourBandGreenGreenGreyGold" time="0.000" timestamp="2018-10-19T20:32:59"/>
	<testcase classname="create_formatted_resistance_string_tests.CreateFormattedResistanceStringTests" name="testCreateFormattedResistanceStringFourBandGreenGreenGreyGreen" time="0.000" timestamp="2018-10-19T20:32:59"/>
	<testcase classname="create_formatted_resistance_string_tests.CreateFormattedResistanceStringTests" name="testCreateFormattedResistanceStringFourBandGreenGreenGreyGrey" time="0.000" timestamp="2018-10-19T20:32:59"/>
	<testcase classname="create_formatted_resistance_string_tests.CreateFormattedResistanceStringTests" name="testCreateFormattedResistanceStringFourBandGreenGreenGreyNone" time="0.000" timestamp="2018-10-19T20:32:59"/>
	<testcase classname="create_formatted_resistance_string_tests.CreateFormattedResistanceStringTests" name="testCreateFormattedResistanceStringFourBandGreenGreenGreyRed" time="0.000" timestamp="2018-10-19T20:32:59"/>
	<testcase classname="create_formatted_resistance_string_tests.CreateFormattedResistanceStringTests" name="testCreateFormattedResistanceStringFourBandGreenGreenGreySilver" time="0.000" timestamp="2018-10-19T20:32:59"/>
	<testcase classname="create_formatted_resistance_string_tests.CreateFormattedResistanceStringTests" name="testCreateFormattedResistanceStringFourBandGreenGreenGreyViolet" time="0.000" timestamp="2018-10-19T20:32:59"/>
	<testcase classname="create_formatted_resistance_string_tests.CreateFormattedResistanceStringTests" name="testCreateFormattedResistanceStringFourBandGreenGreenOrangeBlue" time="0.000" timestamp="2018-10-19T20:32:59"/>
	<testcase classname="create_formatted_resistance_string_tests.CreateFormattedResistanceStringTests" name="testCreateFormattedResistanceStringFourBandGreenGreenOrangeBrown" time="0.000" timestamp="2018-10-19T20:32:59"/>
	<testcase classname="create_formatted_resistance_string_tests.CreateFormattedResistanceStringTests" name="testCreateFormattedResistanceStringFourBandGreenGreenOrangeGold" time="0.000" timestamp="2018-10-19T20:32:59"/>
	<testcase classname="create_formatted_resistance_string_tests.CreateFormattedResistanceStringTests" name="testCreateFormattedResistanceStringFourBandGreenGreenOrangeGreen" time="0.000" timestamp="2018-10-19T20:32:59"/>
	<testcase classname="create_formatted_resistance_string_tests.CreateFormattedResistanceStringTests" name="testCreateFormattedResistanceStringFourBandGreenGreenOrangeGrey" time="0.000" timestamp="2018-10-19T20:32:59"/>
	<testcase classname="create_formatted_resistance_string_tests.CreateFormattedResistanceStringTests" name="testCreateFormattedResistanceStringFourBandGreenGreenOrangeNone" time="0.000" timestamp="2018-10-19T20:32:59"/>
	<testcase classname="create_formatted_resistance_string_tests.CreateFormattedResistanceStringTests" name="testCreateFormattedResistanceStringFourBandGreenGreenOrangeRed" time="0.000" timestamp="2018-10-19T20:32:59"/>
	<testcase classname="create_formatted_resistance_string_tests.CreateFormattedResistanceStringTests" name="testCreateFormattedResistanceStringFourBandGreenGreenOrangeSilver" time="0.000" timestamp="2018-10-19T20:32:59"/>
	<testcase classname="create_formatted_resistance_string_tests.CreateFormattedResistanceStringTests" name="testCreateFormattedResistanceStringFourBandGreenGreenOrangeViolet" time="0.000" timestamp="2018-10-19T20:32:59"/>
	<testcase classname="create_formatted_resistance_string_tests.CreateFormattedResistanceStringTests" name="testCreateFormattedResistanceStringFourBandGreenGreenRedBlue" time="0.000" timestamp="2018-10-19T20:32:59"/>
	<testcase classname="create_formatted_resistance_string_tests.CreateFormattedResistanceStringTests" name="testCreateFormattedResistanceStringFourBandGreenGreenRedBrown" time="0.000" timestamp="2018-10-19T20:32:59"/>
	<testcase classname="create_formatted_resistance_string_tests.CreateFormattedResistanceStringTests" name="testCreateFormattedResistanceStringFourBandGreenGreenRedGold" time="0.000" timestamp="2018-10-19T20:32:59"/>
	<testcase classname="create_formatted_resistance_string_tests.CreateFormattedResistanceStringTests" name="testCreateFormattedResistanceStringFourBandGreenGreenRedGreen" time="0.000" timestamp="2018-10-19T20:32:59"/>
	<testcase classname="create_formatted_resistance_string_tests.CreateFormattedResistanceStringTests" name="testCreateFormattedResistanceStringFourBandGreenGreenRedGrey" time="0.000" timestamp="2018-10-19T20:32:59"/>
	<testcase classname="create_formatted_resistance_string_tests.CreateFormattedResistanceStringTests" name="testCreateFormattedResistanceStringFourBandGreenGreenRedNone" time="0.000" timestamp="2018-10-19T20:32:59"/>
	<testcase classname="create_formatted_resistance_string_tests.CreateFormattedResistanceStringTests" name="testCreateFormattedResistanceStringFourBandGreenGreenRedRed" time="0.000" timestamp="2018-10-19T20:32:59"/>
	<testcase classname="create_formatted_resistance_string_tests.CreateFormattedResistanceStringTests" name="testCreateFormattedResistanceStringFourBandGreenGreenRedSilver" time="0.000" timestamp="2018-10-19T20:32:59"/>
	<testcase classname="create_formatted_resistance_string_tests.CreateFormattedResistanceStringTests" name="testCreateFormattedResistanceStringFourBandGreenGreenRedViolet" time="0.000" timestamp="2018-10-19T20:32:59"/>
	<testcase classname="create_formatted_resistance_string_tests.CreateFormattedResistanceStringTests" name="testCreateFormattedResistanceStringFourBandGreenGreenSilverBlue" time="0.000" timestamp="2018-10-19T20:32:59"/>
	<testcase classname="create_formatted_resistance_string_tests.CreateFormattedResistanceStringTests" name="testCreateFormattedResistanceStringFourBandGreenGreenSilverBrown" time="0.000" timestamp="2018-10-19T20:32:59"/>
	<testcase classname="create_formatted_resistance_string_tests.CreateFormattedResistanceStringTests" name="testCreateFormattedResistanceStringFourBandGreenGreenSilverGold" time="0.000" timestamp="2018-10-19T20:32:59"/>
	<testcase classname="create_formatted_resistance_string_tests.CreateFormattedResistanceStringTests" name="testCreateFormattedResistanceStringFourBandGreenGreenSilverGreen" time="0.000" timestamp="2018-10-19T20:32:59"/>
	<testcase classname="create_formatted_resistance_string_tests.CreateFormattedResistanceStringTests" name="testCreateFormattedResistanceStringFourBandGreenGreenSilverGrey" time="0.000" timestamp="2018-10-19T20:32:59"/>
	<testcase classname="create_formatted_resistance_string_tests.CreateFormattedResistanceStringTests" name="testCreateFormattedResistanceStringFourBandGreenGreenSilverNone" time="0.000" timestamp="2018-10-19T20:32:59"/>
	<testcase classname="create_formatted_resistance_string_tests.CreateFormattedResistanceStringTests" name="testCreateFormattedResistanceStringFourBandGreenGreenSilverRed" time="0.000" timestamp="2018-10-19T20:32:59"/>
	<testcase classname="create_formatted_resistance_string_tests.CreateFormattedResistanceStringTests" name="testCreateFormattedResistanceStringFourBandGreenGreenSilverSilver" time="0.000" timestamp="2018-10-19T20:32:59"/>
	<testcase classname="create_formatted_resistance_string_tests.CreateFormattedResistanceStringTests" name="testCreateFormattedResistanceStringFourBandGreenGreenSilverViolet" time="0.000" timestamp="2018-10-19T20:32:59"/>
	<testcase classname="create_formatted_resistance_string_tests.CreateFormattedResistanceStringTests" name="testCreateFormattedResistanceStringFourBandGreenGreenVioletBlue" time="0.000" timestamp="2018-10-19T20:32:59"/>
	<testcase classname="create_formatted_resistance_string_tests.CreateFormattedResistanceStringTests" name="testCreateFormattedResistanceStringFourBandGreenGreenVioletBrown" time="0.000" timestamp="2018-10-19T20:32:59"/>
	<testcase classname="create_formatted_resistance_string_tests.CreateFormattedResistanceStringTests" name="testCreateFormattedResistanceStringFourBandGreenGreenVioletGold" time="0.000" timestamp="2018-10-19T20:32:59"/>
	<testcase classname="create_formatted_resistance_string_tests.CreateFormattedResistanceStringTests" name="testCreateFormattedResistanceStringFourBandGreenGreenVioletGreen" time="0.000" timestamp="2018-10-19T20:32:59"/>
	<testcase classname="create_formatted_resistance_string_tests.CreateFormattedResistanceStringTests" name="testCreateFormattedResistanceStringFourBandGreenGreenVioletGrey" time="0.000" timestamp="2018-10-19T20:32:59"/>
	<testcase classname="create_formatted_resistance_string_tests.CreateFormattedResistanceStringTests" name="testCreateFormattedResistanceStringFourBandGreenGreenVioletNone" time="0.000" timestamp="2018-10-19T20:32:59"/>
	<testcase classname="create_formatted_resistance_string_tests.CreateFormattedResistanceStringTests" name="testCreateFormattedResistanceStringFourBandGreenGreenVioletRed" time="0.000" timestamp="2018-10-19T20:32:59"/>
	<testcase classname="create_formatted_resistance_string_tests.CreateFormattedResistanceStringTests" name="testCreateFormattedResistanceStringFourBandGreenGreenVioletSilver" time="0.000" timestamp="2018-10-19T20:32:59"/>
	<testcase classname="create_formatted_resistance_string_tests.CreateFormattedResistanceStringTests" name="testCreateFormattedResistanceStringFourBandGreenGreenVioletViolet" time="0.000" timestamp="2018-10-19T20:32:59"/>
	<testcase classname="create_formatted_resistance_string_tests.CreateFormattedResistanceStringTests" name="testCreateFormattedResistanceStringFourBandGreenGreenWhiteBlue" time="0.000" timestamp="2018-10-19T20:32:59"/>
	<testcase classname="create_formatted_resistance_string_tests.CreateFormattedResistanceStringTests" name="testCreateFormattedResistanceStringFourBandGreenGreenWhiteBrown" time="0.000" timestamp="2018-10-19T20:32:59"/>
	<testcase classname="create_formatted_resistance_string_tests.CreateFormattedResistanceStringTests" name="testCreateFormattedResistanceStringFourBandGreenGreenWhiteGold" time="0.000" timestamp="2018-10-19T20:32:59"/>
	<testcase classname="create_formatted_resistance_string_tests.CreateFormattedResistanceStringTests" name="testCreateFormattedResistanceStringFourBandGreenGreenWhiteGreen" time="0.000" timestamp="2018-10-19T20:32:59"/>
	<testcase classname="create_formatted_resistance_string_tests.CreateFormattedResistanceStringTests" name="testCreateFormattedResistanceStringFourBandGreenGreenWhiteGrey" time="0.000" timestamp="2018-10-19T20:32:59"/>
	<testcase classname="create_formatted_resistance_string_tests.CreateFormattedResistanceStringTests" name="testCreateFormattedResistanceStringFourBandGreenGreenWhiteNone" time="0.000" timestamp="2018-10-19T20:32:59"/>
	<testcase classname="create_formatted_resistance_string_tests.CreateFormattedResistanceStringTests" name="testCreateFormattedResistanceStringFourBandGreenGreenWhiteRed" time="0.000" timestamp="2018-10-19T20:32:59"/>
	<testcase classname="create_formatted_resistance_string_tests.CreateFormattedResistanceStringTests" name="testCreateFormattedResistanceStringFourBandGreenGreenWhiteSilver" time="0.000" timestamp="2018-10-19T20:32:59"/>
	<testcase classname="create_formatted_resistance_string_tests.CreateFormattedResistanceStringTests" name="testCreateFormattedResistanceStringFourBandGreenGreenWhiteViolet" time="0.000" timestamp="2018-10-19T20:32:59"/>
	<testcase classname="create_formatted_resistance_string_tests.CreateFormattedResistanceStringTests" name="testCreateFormattedResistanceStringFourBandGreenGreenYellowBlue" time="0.000" timestamp="2018-10-19T20:32:59"/>
	<testcase classname="create_formatted_resistance_string_tests.CreateFormattedResistanceStringTests" name="testCreateFormattedResistanceStringFourBandGreenGreenYellowBrown" time="0.000" timestamp="2018-10-19T20:32:59"/>
	<testcase classname="create_formatted_resistance_string_tests.CreateFormattedResistanceStringTests" name="testCreateFormattedResistanceStringFourBandGreenGreenYellowGold" time="0.000" timestamp="2018-10-19T20:32:59"/>
	<testcase classname="create_formatted_resistance_string_tests.CreateFormattedResistanceStringTests" name="testCreateFormattedResistanceStringFourBandGreenGreenYellowGreen" time="0.000" timestamp="2018-10-19T20:32:59"/>
	<testcase classname="create_formatted_resistance_string_tests.CreateFormattedResistanceStringTests" name="testCreateFormattedResistanceStringFourBandGreenGreenYellowGrey" time="0.000" timestamp="2018-10-19T20:32:59"/>
	<testcase classname="create_formatted_resistance_string_tests.CreateFormattedResistanceStringTests" name="testCreateFormattedResistanceStringFourBandGreenGreenYellowNone" time="0.000" timestamp="2018-10-19T20:32:59"/>
	<testcase classname="create_formatted_resistance_string_tests.CreateFormattedResistanceStringTests" name="testCreateFormattedResistanceStringFourBandGreenGreenYellowRed" time="0.000" timestamp="2018-10-19T20:32:59"/>
	<testcase classname="create_formatted_resistance_string_tests.CreateFormattedResistanceStringTests" name="testCreateFormattedResistanceStringFourBandGreenGreenYellowSilver" time="0.000" timestamp="2018-10-19T20:32:59"/>
	<testcase classname="create_formatted_resistance_string_tests.CreateFormattedResistanceStringTests" name="testCreateFormattedResistanceStringFourBandGreenGreenYellowViolet" time="0.000" timestamp="2018-10-19T20:32:59"/>
	<testcase classname="create_formatted_resistance_string_tests.CreateFormattedResistanceStringTests" name="testCreateFormattedResistanceStringFourBandGreenGreyBlackBlue" time="0.000" timestamp="2018-10-19T20:32:59"/>
	<testcase classname="create_formatted_resistance_string_tests.CreateFormattedResistanceStringTests" name="testCreateFormattedResistanceStringFourBandGreenGreyBlackBrown" time="0.000" timestamp="2018-10-19T20:32:59"/>
	<testcase classname="create_formatted_resistance_string_tests.CreateFormattedResistanceStringTests" name="testCreateFormattedResistanceStringFourBandGreenGreyBlackGold" time="0.000" timestamp="2018-10-19T20:32:59"/>
	<testcase classname="create_formatted_resistance_string_tests.CreateFormattedResistanceStringTests" name="testCreateFormattedResistanceStringFourBandGreenGreyBlackGreen" time="0.000" timestamp="2018-10-19T20:32:59"/>
	<testcase classname="create_formatted_resistance_string_tests.CreateFormattedResistanceStringTests" name="testCreateFormattedResistanceStringFourBandGreenGreyBlackGrey" time="0.000" timestamp="2018-10-19T20:32:59"/>
	<testcase classname="create_formatted_resistance_string_tests.CreateFormattedResistanceStringTests" name="testCreateFormattedResistanceStringFourBandGreenGreyBlackNone" time="0.000" timestamp="2018-10-19T20:32:59"/>
	<testcase classname="create_formatted_resistance_string_tests.CreateFormattedResistanceStringTests" name="testCreateFormattedResistanceStringFourBandGreenGreyBlackRed" time="0.000" timestamp="2018-10-19T20:32:59"/>
	<testcase classname="create_formatted_resistance_string_tests.CreateFormattedResistanceStringTests" name="testCreateFormattedResistanceStringFourBandGreenGreyBlackSilver" time="0.000" timestamp="2018-10-19T20:32:59"/>
	<testcase classname="create_formatted_resistance_string_tests.CreateFormattedResistanceStringTests" name="testCreateFormattedResistanceStringFourBandGreenGreyBlackViolet" time="0.000" timestamp="2018-10-19T20:32:59"/>
	<testcase classname="create_formatted_resistance_string_tests.CreateFormattedResistanceStringTests" name="testCreateFormattedResistanceStringFourBandGreenGreyBlueBlue" time="0.000" timestamp="2018-10-19T20:32:59"/>
	<testcase classname="create_formatted_resistance_string_tests.CreateFormattedResistanceStringTests" name="testCreateFormattedResistanceStringFourBandGreenGreyBlueBrown" time="0.000" timestamp="2018-10-19T20:32:59"/>
	<testcase classname="create_formatted_resistance_string_tests.CreateFormattedResistanceStringTests" name="testCreateFormattedResistanceStringFourBandGreenGreyBlueGold" time="0.000" timestamp="2018-10-19T20:32:59"/>
	<testcase classname="create_formatted_resistance_string_tests.CreateFormattedResistanceStringTests" name="testCreateFormattedResistanceStringFourBandGreenGreyBlueGreen" time="0.000" timestamp="2018-10-19T20:32:59"/>
	<testcase classname="create_formatted_resistance_string_tests.CreateFormattedResistanceStringTests" name="testCreateFormattedResistanceStringFourBandGreenGreyBlueGrey" time="0.000" timestamp="2018-10-19T20:32:59"/>
	<testcase classname="create_formatted_resistance_string_tests.CreateFormattedResistanceStringTests" name="testCreateFormattedResistanceStringFourBandGreenGreyBlueNone" time="0.000" timestamp="2018-10-19T20:32:59"/>
	<testcase classname="create_formatted_resistance_string_tests.CreateFormattedResistanceStringTests" name="testCreateFormattedResistanceStringFourBandGreenGreyBlueRed" time="0.000" timestamp="2018-10-19T20:32:59"/>
	<testcase classname="create_formatted_resistance_string_tests.CreateFormattedResistanceStringTests" name="testCreateFormattedResistanceStringFourBandGreenGreyBlueSilver" time="0.000" timestamp="2018-10-19T20:32:59"/>
	<testcase classname="create_formatted_resistance_string_tests.CreateFormattedResistanceStringTests" name="testCreateFormattedResistanceStringFourBandGreenGreyBlueViolet" time="0.000" timestamp="2018-10-19T20:32:59"/>
	<testcase classname="create_formatted_resistance_string_tests.CreateFormattedResistanceStringTests" name="testCreateFormattedResistanceStringFourBandGreenGreyBrownBlue" time="0.000" timestamp="2018-10-19T20:32:59"/>
	<testcase classname="create_formatted_resistance_string_tests.CreateFormattedResistanceStringTests" name="testCreateFormattedResistanceStringFourBandGreenGreyBrownBrown" time="0.000" timestamp="2018-10-19T20:32:59"/>
	<testcase classname="create_formatted_resistance_string_tests.CreateFormattedResistanceStringTests" name="testCreateFormattedResistanceStringFourBandGreenGreyBrownGold" time="0.000" timestamp="2018-10-19T20:32:59"/>
	<testcase classname="create_formatted_resistance_string_tests.CreateFormattedResistanceStringTests" name="testCreateFormattedResistanceStringFourBandGreenGreyBrownGreen" time="0.000" timestamp="2018-10-19T20:32:59"/>
	<testcase classname="create_formatted_resistance_string_tests.CreateFormattedResistanceStringTests" name="testCreateFormattedResistanceStringFourBandGreenGreyBrownGrey" time="0.000" timestamp="2018-10-19T20:32:59"/>
	<testcase classname="create_formatted_resistance_string_tests.CreateFormattedResistanceStringTests" name="testCreateFormattedResistanceStringFourBandGreenGreyBrownNone" time="0.000" timestamp="2018-10-19T20:32:59"/>
	<testcase classname="create_formatted_resistance_string_tests.CreateFormattedResistanceStringTests" name="testCreateFormattedResistanceStringFourBandGreenGreyBrownRed" time="0.000" timestamp="2018-10-19T20:32:59"/>
	<testcase classname="create_formatted_resistance_string_tests.CreateFormattedResistanceStringTests" name="testCreateFormattedResistanceStringFourBandGreenGreyBrownSilver" time="0.000" timestamp="2018-10-19T20:32:59"/>
	<testcase classname="create_formatted_resistance_string_tests.CreateFormattedResistanceStringTests" name="testCreateFormattedResistanceStringFourBandGreenGreyBrownViolet" time="0.000" timestamp="2018-10-19T20:32:59"/>
	<testcase classname="create_formatted_resistance_string_tests.CreateFormattedResistanceStringTests" name="testCreateFormattedResistanceStringFourBandGreenGreyGoldBlue" time="0.000" timestamp="2018-10-19T20:32:59"/>
	<testcase classname="create_formatted_resistance_string_tests.CreateFormattedResistanceStringTests" name="testCreateFormattedResistanceStringFourBandGreenGreyGoldBrown" time="0.000" timestamp="2018-10-19T20:32:59"/>
	<testcase classname="create_formatted_resistance_string_tests.CreateFormattedResistanceStringTests" name="testCreateFormattedResistanceStringFourBandGreenGreyGoldGold" time="0.000" timestamp="2018-10-19T20:32:59"/>
	<testcase classname="create_formatted_resistance_string_tests.CreateFormattedResistanceStringTests" name="testCreateFormattedResistanceStringFourBandGreenGreyGoldGreen" time="0.000" timestamp="2018-10-19T20:32:59"/>
	<testcase classname="create_formatted_resistance_string_tests.CreateFormattedResistanceStringTests" name="testCreateFormattedResistanceStringFourBandGreenGreyGoldGrey" time="0.000" timestamp="2018-10-19T20:32:59"/>
	<testcase classname="create_formatted_resistance_string_tests.CreateFormattedResistanceStringTests" name="testCreateFormattedResistanceStringFourBandGreenGreyGoldNone" time="0.000" timestamp="2018-10-19T20:32:59"/>
	<testcase classname="create_formatted_resistance_string_tests.CreateFormattedResistanceStringTests" name="testCreateFormattedResistanceStringFourBandGreenGreyGoldRed" time="0.000" timestamp="2018-10-19T20:32:59"/>
	<testcase classname="create_formatted_resistance_string_tests.CreateFormattedResistanceStringTests" name="testCreateFormattedResistanceStringFourBandGreenGreyGoldSilver" time="0.000" timestamp="2018-10-19T20:32:59"/>
	<testcase classname="create_formatted_resistance_string_tests.CreateFormattedResistanceStringTests" name="testCreateFormattedResistanceStringFourBandGreenGreyGoldViolet" time="0.000" timestamp="2018-10-19T20:32:59"/>
	<testcase classname="create_formatted_resistance_string_tests.CreateFormattedResistanceStringTests" name="testCreateFormattedResistanceStringFourBandGreenGreyGreenBlue" time="0.000" timestamp="2018-10-19T20:32:59"/>
	<testcase classname="create_formatted_resistance_string_tests.CreateFormattedResistanceStringTests" name="testCreateFormattedResistanceStringFourBandGreenGreyGreenBrown" time="0.000" timestamp="2018-10-19T20:32:59"/>
	<testcase classname="create_formatted_resistance_string_tests.CreateFormattedResistanceStringTests" name="testCreateFormattedResistanceStringFourBandGreenGreyGreenGold" time="0.000" timestamp="2018-10-19T20:32:59"/>
	<testcase classname="create_formatted_resistance_string_tests.CreateFormattedResistanceStringTests" name="testCreateFormattedResistanceStringFourBandGreenGreyGreenGreen" time="0.000" timestamp="2018-10-19T20:32:59"/>
	<testcase classname="create_formatted_resistance_string_tests.CreateFormattedResistanceStringTests" name="testCreateFormattedResistanceStringFourBandGreenGreyGreenGrey" time="0.000" timestamp="2018-10-19T20:32:59"/>
	<testcase classname="create_formatted_resistance_string_tests.CreateFormattedResistanceStringTests" name="testCreateFormattedResistanceStringFourBandGreenGreyGreenNone" time="0.000" timestamp="2018-10-19T20:32:59"/>
	<testcase classname="create_formatted_resistance_string_tests.CreateFormattedResistanceStringTests" name="testCreateFormattedResistanceStringFourBandGreenGreyGreenRed" time="0.000" timestamp="2018-10-19T20:32:59"/>
	<testcase classname="create_formatted_resistance_string_tests.CreateFormattedResistanceStringTests" name="testCreateFormattedResistanceStringFourBandGreenGreyGreenSilver" time="0.000" timestamp="2018-10-19T20:32:59"/>
	<testcase classname="create_formatted_resistance_string_tests.CreateFormattedResistanceStringTests" name="testCreateFormattedResistanceStringFourBandGreenGreyGreenViolet" time="0.000" timestamp="2018-10-19T20:32:59"/>
	<testcase classname="create_formatted_resistance_string_tests.CreateFormattedResistanceStringTests" name="testCreateFormattedResistanceStringFourBandGreenGreyGreyBlue" time="0.000" timestamp="2018-10-19T20:32:59"/>
	<testcase classname="create_formatted_resistance_string_tests.CreateFormattedResistanceStringTests" name="testCreateFormattedResistanceStringFourBandGreenGreyGreyBrown" time="0.000" timestamp="2018-10-19T20:32:59"/>
	<testcase classname="create_formatted_resistance_string_tests.CreateFormattedResistanceStringTests" name="testCreateFormattedResistanceStringFourBandGreenGreyGreyGold" time="0.000" timestamp="2018-10-19T20:32:59"/>
	<testcase classname="create_formatted_resistance_string_tests.CreateFormattedResistanceStringTests" name="testCreateFormattedResistanceStringFourBandGreenGreyGreyGreen" time="0.000" timestamp="2018-10-19T20:32:59"/>
	<testcase classname="create_formatted_resistance_string_tests.CreateFormattedResistanceStringTests" name="testCreateFormattedResistanceStringFourBandGreenGreyGreyGrey" time="0.000" timestamp="2018-10-19T20:32:59"/>
	<testcase classname="create_formatted_resistance_string_tests.CreateFormattedResistanceStringTests" name="testCreateFormattedResistanceStringFourBandGreenGreyGreyNone" time="0.000" timestamp="2018-10-19T20:32:59"/>
	<testcase classname="create_formatted_resistance_string_tests.CreateFormattedResistanceStringTests" name="testCreateFormattedResistanceStringFourBandGreenGreyGreyRed" time="0.000" timestamp="2018-10-19T20:32:59"/>
	<testcase classname="create_formatted_resistance_string_tests.CreateFormattedResistanceStringTests" name="testCreateFormattedResistanceStringFourBandGreenGreyGreySilver" time="0.000" timestamp="2018-10-19T20:32:59"/>
	<testcase classname="create_formatted_resistance_string_tests.CreateFormattedResistanceStringTests" name="testCreateFormattedResistanceStringFourBandGreenGreyGreyViolet" time="0.000" timestamp="2018-10-19T20:32:59"/>
	<testcase classname="create_formatted_resistance_string_tests.CreateFormattedResistanceStringTests" name="testCreateFormattedResistanceStringFourBandGreenGreyOrangeBlue" time="0.000" timestamp="2018-10-19T20:32:59"/>
	<testcase classname="create_formatted_resistance_string_tests.CreateFormattedResistanceStringTests" name="testCreateFormattedResistanceStringFourBandGreenGreyOrangeBrown" time="0.000" timestamp="2018-10-19T20:32:59"/>
	<testcase classname="create_formatted_resistance_string_tests.CreateFormattedResistanceStringTests" name="testCreateFormattedResistanceStringFourBandGreenGreyOrangeGold" time="0.000" timestamp="2018-10-19T20:32:59"/>
	<testcase classname="create_formatted_resistance_string_tests.CreateFormattedResistanceStringTests" name="testCreateFormattedResistanceStringFourBandGreenGreyOrangeGreen" time="0.000" timestamp="2018-10-19T20:32:59"/>
	<testcase classname="create_formatted_resistance_string_tests.CreateFormattedResistanceStringTests" name="testCreateFormattedResistanceStringFourBandGreenGreyOrangeGrey" time="0.000" timestamp="2018-10-19T20:32:59"/>
	<testcase classname="create_formatted_resistance_string_tests.CreateFormattedResistanceStringTests" name="testCreateFormattedResistanceStringFourBandGreenGreyOrangeNone" time="0.000" timestamp="2018-10-19T20:32:59"/>
	<testcase classname="create_formatted_resistance_string_tests.CreateFormattedResistanceStringTests" name="testCreateFormattedResistanceStringFourBandGreenGreyOrangeRed" time="0.000" timestamp="2018-10-19T20:32:59"/>
	<testcase classname="create_formatted_resistance_string_tests.CreateFormattedResistanceStringTests" name="testCreateFormattedResistanceStringFourBandGreenGreyOrangeSilver" time="0.000" timestamp="2018-10-19T20:32:59"/>
	<testcase classname="create_formatted_resistance_string_tests.CreateFormattedResistanceStringTests" name="testCreateFormattedResistanceStringFourBandGreenGreyOrangeViolet" time="0.000" timestamp="2018-10-19T20:32:59"/>
	<testcase classname="create_formatted_resistance_string_tests.CreateFormattedResistanceStringTests" name="testCreateFormattedResistanceStringFourBandGreenGreyRedBlue" time="0.000" timestamp="2018-10-19T20:32:59"/>
	<testcase classname="create_formatted_resistance_string_tests.CreateFormattedResistanceStringTests" name="testCreateFormattedResistanceStringFourBandGreenGreyRedBrown" time="0.000" timestamp="2018-10-19T20:32:59"/>
	<testcase classname="create_formatted_resistance_string_tests.CreateFormattedResistanceStringTests" name="testCreateFormattedResistanceStringFourBandGreenGreyRedGold" time="0.000" timestamp="2018-10-19T20:32:59"/>
	<testcase classname="create_formatted_resistance_string_tests.CreateFormattedResistanceStringTests" name="testCreateFormattedResistanceStringFourBandGreenGreyRedGreen" time="0.000" timestamp="2018-10-19T20:32:59"/>
	<testcase classname="create_formatted_resistance_string_tests.CreateFormattedResistanceStringTests" name="testCreateFormattedResistanceStringFourBandGreenGreyRedGrey" time="0.000" timestamp="2018-10-19T20:32:59"/>
	<testcase classname="create_formatted_resistance_string_tests.CreateFormattedResistanceStringTests" name="testCreateFormattedResistanceStringFourBandGreenGreyRedNone" time="0.000" timestamp="2018-10-19T20:32:59"/>
	<testcase classname="create_formatted_resistance_string_tests.CreateFormattedResistanceStringTests" name="testCreateFormattedResistanceStringFourBandGreenGreyRedRed" time="0.000" timestamp="2018-10-19T20:32:59"/>
	<testcase classname="create_formatted_resistance_string_tests.CreateFormattedResistanceStringTests" name="testCreateFormattedResistanceStringFourBandGreenGreyRedSilver" time="0.000" timestamp="2018-10-19T20:32:59"/>
	<testcase classname="create_formatted_resistance_string_tests.CreateFormattedResistanceStringTests" name="testCreateFormattedResistanceStringFourBandGreenGreyRedViolet" time="0.000" timestamp="2018-10-19T20:32:59"/>
	<testcase classname="create_formatted_resistance_string_tests.CreateFormattedResistanceStringTests" name="testCreateFormattedResistanceStringFourBandGreenGreySilverBlue" time="0.000" timestamp="2018-10-19T20:32:59"/>
	<testcase classname="create_formatted_resistance_string_tests.CreateFormattedResistanceStringTests" name="testCreateFormattedResistanceStringFourBandGreenGreySilverBrown" time="0.000" timestamp="2018-10-19T20:32:59"/>
	<testcase classname="create_formatted_resistance_string_tests.CreateFormattedResistanceStringTests" name="testCreateFormattedResistanceStringFourBandGreenGreySilverGold" time="0.000" timestamp="2018-10-19T20:32:59"/>
	<testcase classname="create_formatted_resistance_string_tests.CreateFormattedResistanceStringTests" name="testCreateFormattedResistanceStringFourBandGreenGreySilverGreen" time="0.000" timestamp="2018-10-19T20:32:59"/>
	<testcase classname="create_formatted_resistance_string_tests.CreateFormattedResistanceStringTests" name="testCreateFormattedResistanceStringFourBandGreenGreySilverGrey" time="0.000" timestamp="2018-10-19T20:32:59"/>
	<testcase classname="create_formatted_resistance_string_tests.CreateFormattedResistanceStringTests" name="testCreateFormattedResistanceStringFourBandGreenGreySilverNone" time="0.000" timestamp="2018-10-19T20:32:59"/>
	<testcase classname="create_formatted_resistance_string_tests.CreateFormattedResistanceStringTests" name="testCreateFormattedResistanceStringFourBandGreenGreySilverRed" time="0.000" timestamp="2018-10-19T20:32:59"/>
	<testcase classname="create_formatted_resistance_string_tests.CreateFormattedResistanceStringTests" name="testCreateFormattedResistanceStringFourBandGreenGreySilverSilver" time="0.000" timestamp="2018-10-19T20:32:59"/>
	<testcase classname="create_formatted_resistance_string_tests.CreateFormattedResistanceStringTests" name="testCreateFormattedResistanceStringFourBandGreenGreySilverViolet" time="0.000" timestamp="2018-10-19T20:32:59"/>
	<testcase classname="create_formatted_resistance_string_tests.CreateFormattedResistanceStringTests" name="testCreateFormattedResistanceStringFourBandGreenGreyVioletBlue" time="0.000" timestamp="2018-10-19T20:32:59"/>
	<testcase classname="create_formatted_resistance_string_tests.CreateFormattedResistanceStringTests" name="testCreateFormattedResistanceStringFourBandGreenGreyVioletBrown" time="0.000" timestamp="2018-10-19T20:32:59"/>
	<testcase classname="create_formatted_resistance_string_tests.CreateFormattedResistanceStringTests" name="testCreateFormattedResistanceStringFourBandGreenGreyVioletGold" time="0.000" timestamp="2018-10-19T20:32:59"/>
	<testcase classname="create_formatted_resistance_string_tests.CreateFormattedResistanceStringTests" name="testCreateFormattedResistanceStringFourBandGreenGreyVioletGreen" time="0.000" timestamp="2018-10-19T20:32:59"/>
	<testcase classname="create_formatted_resistance_string_tests.CreateFormattedResistanceStringTests" name="testCreateFormattedResistanceStringFourBandGreenGreyVioletGrey" time="0.000" timestamp="2018-10-19T20:32:59"/>
	<testcase classname="create_formatted_resistance_string_tests.CreateFormattedResistanceStringTests" name="testCreateFormattedResistanceStringFourBandGreenGreyVioletNone" time="0.000" timestamp="2018-10-19T20:32:59"/>
	<testcase classname="create_formatted_resistance_string_tests.CreateFormattedResistanceStringTests" name="testCreateFormattedResistanceStringFourBandGreenGreyVioletRed" time="0.000" timestamp="2018-10-19T20:32:59"/>
	<testcase classname="create_formatted_resistance_string_tests.CreateFormattedResistanceStringTests" name="testCreateFormattedResistanceStringFourBandGreenGreyVioletSilver" time="0.000" timestamp="2018-10-19T20:32:59"/>
	<testcase classname="create_formatted_resistance_string_tests.CreateFormattedResistanceStringTests" name="testCreateFormattedResistanceStringFourBandGreenGreyVioletViolet" time="0.000" timestamp="2018-10-19T20:32:59"/>
	<testcase classname="create_formatted_resistance_string_tests.CreateFormattedResistanceStringTests" name="testCreateFormattedResistanceStringFourBandGreenGreyWhiteBlue" time="0.000" timestamp="2018-10-19T20:32:59"/>
	<testcase classname="create_formatted_resistance_string_tests.CreateFormattedResistanceStringTests" name="testCreateFormattedResistanceStringFourBandGreenGreyWhiteBrown" time="0.000" timestamp="2018-10-19T20:32:59"/>
	<testcase classname="create_formatted_resistance_string_tests.CreateFormattedResistanceStringTests" name="testCreateFormattedResistanceStringFourBandGreenGreyWhiteGold" time="0.000" timestamp="2018-10-19T20:32:59"/>
	<testcase classname="create_formatted_resistance_string_tests.CreateFormattedResistanceStringTests" name="testCreateFormattedResistanceStringFourBandGreenGreyWhiteGreen" time="0.000" timestamp="2018-10-19T20:32:59"/>
	<testcase classname="create_formatted_resistance_string_tests.CreateFormattedResistanceStringTests" name="testCreateFormattedResistanceStringFourBandGreenGreyWhiteGrey" time="0.000" timestamp="2018-10-19T20:32:59"/>
	<testcase classname="create_formatted_resistance_string_tests.CreateFormattedResistanceStringTests" name="testCreateFormattedResistanceStringFourBandGreenGreyWhiteNone" time="0.000" timestamp="2018-10-19T20:32:59"/>
	<testcase classname="create_formatted_resistance_string_tests.CreateFormattedResistanceStringTests" name="testCreateFormattedResistanceStringFourBandGreenGreyWhiteRed" time="0.000" timestamp="2018-10-19T20:32:59"/>
	<testcase classname="create_formatted_resistance_string_tests.CreateFormattedResistanceStringTests" name="testCreateFormattedResistanceStringFourBandGreenGreyWhiteSilver" time="0.000" timestamp="2018-10-19T20:32:59"/>
	<testcase classname="create_formatted_resistance_string_tests.CreateFormattedResistanceStringTests" name="testCreateFormattedResistanceStringFourBandGreenGreyWhiteViolet" time="0.000" timestamp="2018-10-19T20:32:59"/>
	<testcase classname="create_formatted_resistance_string_tests.CreateFormattedResistanceStringTests" name="testCreateFormattedResistanceStringFourBandGreenGreyYellowBlue" time="0.000" timestamp="2018-10-19T20:32:59"/>
	<testcase classname="create_formatted_resistance_string_tests.CreateFormattedResistanceStringTests" name="testCreateFormattedResistanceStringFourBandGreenGreyYellowBrown" time="0.000" timestamp="2018-10-19T20:32:59"/>
	<testcase classname="create_formatted_resistance_string_tests.CreateFormattedResistanceStringTests" name="testCreateFormattedResistanceStringFourBandGreenGreyYellowGold" time="0.000" timestamp="2018-10-19T20:32:59"/>
	<testcase classname="create_formatted_resistance_string_tests.CreateFormattedResistanceStringTests" name="testCreateFormattedResistanceStringFourBandGreenGreyYellowGreen" time="0.000" timestamp="2018-10-19T20:32:59"/>
	<testcase classname="create_formatted_resistance_string_tests.CreateFormattedResistanceStringTests" name="testCreateFormattedResistanceStringFourBandGreenGreyYellowGrey" time="0.000" timestamp="2018-10-19T20:32:59"/>
	<testcase classname="create_formatted_resistance_string_tests.CreateFormattedResistanceStringTests" name="testCreateFormattedResistanceStringFourBandGreenGreyYellowNone" time="0.000" timestamp="2018-10-19T20:32:59"/>
	<testcase classname="create_formatted_resistance_string_tests.CreateFormattedResistanceStringTests" name="testCreateFormattedResistanceStringFourBandGreenGreyYellowRed" time="0.000" timestamp="2018-10-19T20:32:59"/>
	<testcase classname="create_formatted_resistance_string_tests.CreateFormattedResistanceStringTests" name="testCreateFormattedResistanceStringFourBandGreenGreyYellowSilver" time="0.000" timestamp="2018-10-19T20:32:59"/>
	<testcase classname="create_formatted_resistance_string_tests.CreateFormattedResistanceStringTests" name="testCreateFormattedResistanceStringFourBandGreenGreyYellowViolet" time="0.000" timestamp="2018-10-19T20:32:59"/>
	<testcase classname="create_formatted_resistance_string_tests.CreateFormattedResistanceStringTests" name="testCreateFormattedResistanceStringFourBandGreenOrangeBlackBlue" time="0.000" timestamp="2018-10-19T20:32:59"/>
	<testcase classname="create_formatted_resistance_string_tests.CreateFormattedResistanceStringTests" name="testCreateFormattedResistanceStringFourBandGreenOrangeBlackBrown" time="0.000" timestamp="2018-10-19T20:32:59"/>
	<testcase classname="create_formatted_resistance_string_tests.CreateFormattedResistanceStringTests" name="testCreateFormattedResistanceStringFourBandGreenOrangeBlackGold" time="0.000" timestamp="2018-10-19T20:32:59"/>
	<testcase classname="create_formatted_resistance_string_tests.CreateFormattedResistanceStringTests" name="testCreateFormattedResistanceStringFourBandGreenOrangeBlackGreen" time="0.000" timestamp="2018-10-19T20:32:59"/>
	<testcase classname="create_formatted_resistance_string_tests.CreateFormattedResistanceStringTests" name="testCreateFormattedResistanceStringFourBandGreenOrangeBlackGrey" time="0.000" timestamp="2018-10-19T20:32:59"/>
	<testcase classname="create_formatted_resistance_string_tests.CreateFormattedResistanceStringTests" name="testCreateFormattedResistanceStringFourBandGreenOrangeBlackNone" time="0.000" timestamp="2018-10-19T20:32:59"/>
	<testcase classname="create_formatted_resistance_string_tests.CreateFormattedResistanceStringTests" name="testCreateFormattedResistanceStringFourBandGreenOrangeBlackRed" time="0.000" timestamp="2018-10-19T20:32:59"/>
	<testcase classname="create_formatted_resistance_string_tests.CreateFormattedResistanceStringTests" name="testCreateFormattedResistanceStringFourBandGreenOrangeBlackSilver" time="0.000" timestamp="2018-10-19T20:32:59"/>
	<testcase classname="create_formatted_resistance_string_tests.CreateFormattedResistanceStringTests" name="testCreateFormattedResistanceStringFourBandGreenOrangeBlackViolet" time="0.000" timestamp="2018-10-19T20:32:59"/>
	<testcase classname="create_formatted_resistance_string_tests.CreateFormattedResistanceStringTests" name="testCreateFormattedResistanceStringFourBandGreenOrangeBlueBlue" time="0.000" timestamp="2018-10-19T20:32:59"/>
	<testcase classname="create_formatted_resistance_string_tests.CreateFormattedResistanceStringTests" name="testCreateFormattedResistanceStringFourBandGreenOrangeBlueBrown" time="0.000" timestamp="2018-10-19T20:32:59"/>
	<testcase classname="create_formatted_resistance_string_tests.CreateFormattedResistanceStringTests" name="testCreateFormattedResistanceStringFourBandGreenOrangeBlueGold" time="0.000" timestamp="2018-10-19T20:32:59"/>
	<testcase classname="create_formatted_resistance_string_tests.CreateFormattedResistanceStringTests" name="testCreateFormattedResistanceStringFourBandGreenOrangeBlueGreen" time="0.000" timestamp="2018-10-19T20:32:59"/>
	<testcase classname="create_formatted_resistance_string_tests.CreateFormattedResistanceStringTests" name="testCreateFormattedResistanceStringFourBandGreenOrangeBlueGrey" time="0.000" timestamp="2018-10-19T20:32:59"/>
	<testcase classname="create_formatted_resistance_string_tests.CreateFormattedResistanceStringTests" name="testCreateFormattedResistanceStringFourBandGreenOrangeBlueNone" time="0.000" timestamp="2018-10-19T20:32:59"/>
	<testcase classname="create_formatted_resistance_string_tests.CreateFormattedResistanceStringTests" name="testCreateFormattedResistanceStringFourBandGreenOrangeBlueRed" time="0.000" timestamp="2018-10-19T20:32:59"/>
	<testcase classname="create_formatted_resistance_string_tests.CreateFormattedResistanceStringTests" name="testCreateFormattedResistanceStringFourBandGreenOrangeBlueSilver" time="0.000" timestamp="2018-10-19T20:32:59"/>
	<testcase classname="create_formatted_resistance_string_tests.CreateFormattedResistanceStringTests" name="testCreateFormattedResistanceStringFourBandGreenOrangeBlueViolet" time="0.000" timestamp="2018-10-19T20:32:59"/>
	<testcase classname="create_formatted_resistance_string_tests.CreateFormattedResistanceStringTests" name="testCreateFormattedResistanceStringFourBandGreenOrangeBrownBlue" time="0.000" timestamp="2018-10-19T20:32:59"/>
	<testcase classname="create_formatted_resistance_string_tests.CreateFormattedResistanceStringTests" name="testCreateFormattedResistanceStringFourBandGreenOrangeBrownBrown" time="0.000" timestamp="2018-10-19T20:32:59"/>
	<testcase classname="create_formatted_resistance_string_tests.CreateFormattedResistanceStringTests" name="testCreateFormattedResistanceStringFourBandGreenOrangeBrownGold" time="0.000" timestamp="2018-10-19T20:32:59"/>
	<testcase classname="create_formatted_resistance_string_tests.CreateFormattedResistanceStringTests" name="testCreateFormattedResistanceStringFourBandGreenOrangeBrownGreen" time="0.000" timestamp="2018-10-19T20:32:59"/>
	<testcase classname="create_formatted_resistance_string_tests.CreateFormattedResistanceStringTests" name="testCreateFormattedResistanceStringFourBandGreenOrangeBrownGrey" time="0.000" timestamp="2018-10-19T20:32:59"/>
	<testcase classname="create_formatted_resistance_string_tests.CreateFormattedResistanceStringTests" name="testCreateFormattedResistanceStringFourBandGreenOrangeBrownNone" time="0.000" timestamp="2018-10-19T20:32:59"/>
	<testcase classname="create_formatted_resistance_string_tests.CreateFormattedResistanceStringTests" name="testCreateFormattedResistanceStringFourBandGreenOrangeBrownRed" time="0.000" timestamp="2018-10-19T20:32:59"/>
	<testcase classname="create_formatted_resistance_string_tests.CreateFormattedResistanceStringTests" name="testCreateFormattedResistanceStringFourBandGreenOrangeBrownSilver" time="0.000" timestamp="2018-10-19T20:32:59"/>
	<testcase classname="create_formatted_resistance_string_tests.CreateFormattedResistanceStringTests" name="testCreateFormattedResistanceStringFourBandGreenOrangeBrownViolet" time="0.000" timestamp="2018-10-19T20:32:59"/>
	<testcase classname="create_formatted_resistance_string_tests.CreateFormattedResistanceStringTests" name="testCreateFormattedResistanceStringFourBandGreenOrangeGoldBlue" time="0.000" timestamp="2018-10-19T20:32:59"/>
	<testcase classname="create_formatted_resistance_string_tests.CreateFormattedResistanceStringTests" name="testCreateFormattedResistanceStringFourBandGreenOrangeGoldBrown" time="0.000" timestamp="2018-10-19T20:32:59"/>
	<testcase classname="create_formatted_resistance_string_tests.CreateFormattedResistanceStringTests" name="testCreateFormattedResistanceStringFourBandGreenOrangeGoldGold" time="0.000" timestamp="2018-10-19T20:32:59"/>
	<testcase classname="create_formatted_resistance_string_tests.CreateFormattedResistanceStringTests" name="testCreateFormattedResistanceStringFourBandGreenOrangeGoldGreen" time="0.000" timestamp="2018-10-19T20:32:59"/>
	<testcase classname="create_formatted_resistance_string_tests.CreateFormattedResistanceStringTests" name="testCreateFormattedResistanceStringFourBandGreenOrangeGoldGrey" time="0.000" timestamp="2018-10-19T20:32:59"/>
	<testcase classname="create_formatted_resistance_string_tests.CreateFormattedResistanceStringTests" name="testCreateFormattedResistanceStringFourBandGreenOrangeGoldNone" time="0.000" timestamp="2018-10-19T20:32:59"/>
	<testcase classname="create_formatted_resistance_string_tests.CreateFormattedResistanceStringTests" name="testCreateFormattedResistanceStringFourBandGreenOrangeGoldRed" time="0.000" timestamp="2018-10-19T20:32:59"/>
	<testcase classname="create_formatted_resistance_string_tests.CreateFormattedResistanceStringTests" name="testCreateFormattedResistanceStringFourBandGreenOrangeGoldSilver" time="0.000" timestamp="2018-10-19T20:32:59"/>
	<testcase classname="create_formatted_resistance_string_tests.CreateFormattedResistanceStringTests" name="testCreateFormattedResistanceStringFourBandGreenOrangeGoldViolet" time="0.000" timestamp="2018-10-19T20:32:59"/>
	<testcase classname="create_formatted_resistance_string_tests.CreateFormattedResistanceStringTests" name="testCreateFormattedResistanceStringFourBandGreenOrangeGreenBlue" time="0.000" timestamp="2018-10-19T20:32:59"/>
	<testcase classname="create_formatted_resistance_string_tests.CreateFormattedResistanceStringTests" name="testCreateFormattedResistanceStringFourBandGreenOrangeGreenBrown" time="0.000" timestamp="2018-10-19T20:32:59"/>
	<testcase classname="create_formatted_resistance_string_tests.CreateFormattedResistanceStringTests" name="testCreateFormattedResistanceStringFourBandGreenOrangeGreenGold" time="0.000" timestamp="2018-10-19T20:32:59"/>
	<testcase classname="create_formatted_resistance_string_tests.CreateFormattedResistanceStringTests" name="testCreateFormattedResistanceStringFourBandGreenOrangeGreenGreen" time="0.000" timestamp="2018-10-19T20:32:59"/>
	<testcase classname="create_formatted_resistance_string_tests.CreateFormattedResistanceStringTests" name="testCreateFormattedResistanceStringFourBandGreenOrangeGreenGrey" time="0.000" timestamp="2018-10-19T20:32:59"/>
	<testcase classname="create_formatted_resistance_string_tests.CreateFormattedResistanceStringTests" name="testCreateFormattedResistanceStringFourBandGreenOrangeGreenNone" time="0.000" timestamp="2018-10-19T20:32:59"/>
	<testcase classname="create_formatted_resistance_string_tests.CreateFormattedResistanceStringTests" name="testCreateFormattedResistanceStringFourBandGreenOrangeGreenRed" time="0.000" timestamp="2018-10-19T20:32:59"/>
	<testcase classname="create_formatted_resistance_string_tests.CreateFormattedResistanceStringTests" name="testCreateFormattedResistanceStringFourBandGreenOrangeGreenSilver" time="0.000" timestamp="2018-10-19T20:32:59"/>
	<testcase classname="create_formatted_resistance_string_tests.CreateFormattedResistanceStringTests" name="testCreateFormattedResistanceStringFourBandGreenOrangeGreenViolet" time="0.000" timestamp="2018-10-19T20:32:59"/>
	<testcase classname="create_formatted_resistance_string_tests.CreateFormattedResistanceStringTests" name="testCreateFormattedResistanceStringFourBandGreenOrangeGreyBlue" time="0.000" timestamp="2018-10-19T20:32:59"/>
	<testcase classname="create_formatted_resistance_string_tests.CreateFormattedResistanceStringTests" name="testCreateFormattedResistanceStringFourBandGreenOrangeGreyBrown" time="0.000" timestamp="2018-10-19T20:32:59"/>
	<testcase classname="create_formatted_resistance_string_tests.CreateFormattedResistanceStringTests" name="testCreateFormattedResistanceStringFourBandGreenOrangeGreyGold" time="0.000" timestamp="2018-10-19T20:32:59"/>
	<testcase classname="create_formatted_resistance_string_tests.CreateFormattedResistanceStringTests" name="testCreateFormattedResistanceStringFourBandGreenOrangeGreyGreen" time="0.000" timestamp="2018-10-19T20:32:59"/>
	<testcase classname="create_formatted_resistance_string_tests.CreateFormattedResistanceStringTests" name="testCreateFormattedResistanceStringFourBandGreenOrangeGreyGrey" time="0.000" timestamp="2018-10-19T20:32:59"/>
	<testcase classname="create_formatted_resistance_string_tests.CreateFormattedResistanceStringTests" name="testCreateFormattedResistanceStringFourBandGreenOrangeGreyNone" time="0.000" timestamp="2018-10-19T20:32:59"/>
	<testcase classname="create_formatted_resistance_string_tests.CreateFormattedResistanceStringTests" name="testCreateFormattedResistanceStringFourBandGreenOrangeGreyRed" time="0.000" timestamp="2018-10-19T20:32:59"/>
	<testcase classname="create_formatted_resistance_string_tests.CreateFormattedResistanceStringTests" name="testCreateFormattedResistanceStringFourBandGreenOrangeGreySilver" time="0.000" timestamp="2018-10-19T20:32:59"/>
	<testcase classname="create_formatted_resistance_string_tests.CreateFormattedResistanceStringTests" name="testCreateFormattedResistanceStringFourBandGreenOrangeGreyViolet" time="0.000" timestamp="2018-10-19T20:32:59"/>
	<testcase classname="create_formatted_resistance_string_tests.CreateFormattedResistanceStringTests" name="testCreateFormattedResistanceStringFourBandGreenOrangeOrangeBlue" time="0.000" timestamp="2018-10-19T20:32:59"/>
	<testcase classname="create_formatted_resistance_string_tests.CreateFormattedResistanceStringTests" name="testCreateFormattedResistanceStringFourBandGreenOrangeOrangeBrown" time="0.000" timestamp="2018-10-19T20:32:59"/>
	<testcase classname="create_formatted_resistance_string_tests.CreateFormattedResistanceStringTests" name="testCreateFormattedResistanceStringFourBandGreenOrangeOrangeGold" time="0.000" timestamp="2018-10-19T20:32:59"/>
	<testcase classname="create_formatted_resistance_string_tests.CreateFormattedResistanceStringTests" name="testCreateFormattedResistanceStringFourBandGreenOrangeOrangeGreen" time="0.000" timestamp="2018-10-19T20:32:59"/>
	<testcase classname="create_formatted_resistance_string_tests.CreateFormattedResistanceStringTests" name="testCreateFormattedResistanceStringFourBandGreenOrangeOrangeGrey" time="0.000" timestamp="2018-10-19T20:32:59"/>
	<testcase classname="create_formatted_resistance_string_tests.CreateFormattedResistanceStringTests" name="testCreateFormattedResistanceStringFourBandGreenOrangeOrangeNone" time="0.000" timestamp="2018-10-19T20:32:59"/>
	<testcase classname="create_formatted_resistance_string_tests.CreateFormattedResistanceStringTests" name="testCreateFormattedResistanceStringFourBandGreenOrangeOrangeRed" time="0.000" timestamp="2018-10-19T20:32:59"/>
	<testcase classname="create_formatted_resistance_string_tests.CreateFormattedResistanceStringTests" name="testCreateFormattedResistanceStringFourBandGreenOrangeOrangeSilver" time="0.000" timestamp="2018-10-19T20:32:59"/>
	<testcase classname="create_formatted_resistance_string_tests.CreateFormattedResistanceStringTests" name="testCreateFormattedResistanceStringFourBandGreenOrangeOrangeViolet" time="0.000" timestamp="2018-10-19T20:32:59"/>
	<testcase classname="create_formatted_resistance_string_tests.CreateFormattedResistanceStringTests" name="testCreateFormattedResistanceStringFourBandGreenOrangeRedBlue" time="0.000" timestamp="2018-10-19T20:32:59"/>
	<testcase classname="create_formatted_resistance_string_tests.CreateFormattedResistanceStringTests" name="testCreateFormattedResistanceStringFourBandGreenOrangeRedBrown" time="0.000" timestamp="2018-10-19T20:32:59"/>
	<testcase classname="create_formatted_resistance_string_tests.CreateFormattedResistanceStringTests" name="testCreateFormattedResistanceStringFourBandGreenOrangeRedGold" time="0.000" timestamp="2018-10-19T20:32:59"/>
	<testcase classname="create_formatted_resistance_string_tests.CreateFormattedResistanceStringTests" name="testCreateFormattedResistanceStringFourBandGreenOrangeRedGreen" time="0.000" timestamp="2018-10-19T20:32:59"/>
	<testcase classname="create_formatted_resistance_string_tests.CreateFormattedResistanceStringTests" name="testCreateFormattedResistanceStringFourBandGreenOrangeRedGrey" time="0.000" timestamp="2018-10-19T20:32:59"/>
	<testcase classname="create_formatted_resistance_string_tests.CreateFormattedResistanceStringTests" name="testCreateFormattedResistanceStringFourBandGreenOrangeRedNone" time="0.000" timestamp="2018-10-19T20:32:59"/>
	<testcase classname="create_formatted_resistance_string_tests.CreateFormattedResistanceStringTests" name="testCreateFormattedResistanceStringFourBandGreenOrangeRedRed" time="0.000" timestamp="2018-10-19T20:32:59"/>
	<testcase classname="create_formatted_resistance_string_tests.CreateFormattedResistanceStringTests" name="testCreateFormattedResistanceStringFourBandGreenOrangeRedSilver" time="0.000" timestamp="2018-10-19T20:32:59"/>
	<testcase classname="create_formatted_resistance_string_tests.CreateFormattedResistanceStringTests" name="testCreateFormattedResistanceStringFourBandGreenOrangeRedViolet" time="0.000" timestamp="2018-10-19T20:32:59"/>
	<testcase classname="create_formatted_resistance_string_tests.CreateFormattedResistanceStringTests" name="testCreateFormattedResistanceStringFourBandGreenOrangeSilverBlue" time="0.000" timestamp="2018-10-19T20:32:59"/>
	<testcase classname="create_formatted_resistance_string_tests.CreateFormattedResistanceStringTests" name="testCreateFormattedResistanceStringFourBandGreenOrangeSilverBrown" time="0.000" timestamp="2018-10-19T20:32:59"/>
	<testcase classname="create_formatted_resistance_string_tests.CreateFormattedResistanceStringTests" name="testCreateFormattedResistanceStringFourBandGreenOrangeSilverGold" time="0.000" timestamp="2018-10-19T20:32:59"/>
	<testcase classname="create_formatted_resistance_string_tests.CreateFormattedResistanceStringTests" name="testCreateFormattedResistanceStringFourBandGreenOrangeSilverGreen" time="0.000" timestamp="2018-10-19T20:32:59"/>
	<testcase classname="create_formatted_resistance_string_tests.CreateFormattedResistanceStringTests" name="testCreateFormattedResistanceStringFourBandGreenOrangeSilverGrey" time="0.000" timestamp="2018-10-19T20:32:59"/>
	<testcase classname="create_formatted_resistance_string_tests.CreateFormattedResistanceStringTests" name="testCreateFormattedResistanceStringFourBandGreenOrangeSilverNone" time="0.000" timestamp="2018-10-19T20:32:59"/>
	<testcase classname="create_formatted_resistance_string_tests.CreateFormattedResistanceStringTests" name="testCreateFormattedResistanceStringFourBandGreenOrangeSilverRed" time="0.000" timestamp="2018-10-19T20:32:59"/>
	<testcase classname="create_formatted_resistance_string_tests.CreateFormattedResistanceStringTests" name="testCreateFormattedResistanceStringFourBandGreenOrangeSilverSilver" time="0.000" timestamp="2018-10-19T20:32:59"/>
	<testcase classname="create_formatted_resistance_string_tests.CreateFormattedResistanceStringTests" name="testCreateFormattedResistanceStringFourBandGreenOrangeSilverViolet" time="0.000" timestamp="2018-10-19T20:32:59"/>
	<testcase classname="create_formatted_resistance_string_tests.CreateFormattedResistanceStringTests" name="testCreateFormattedResistanceStringFourBandGreenOrangeVioletBlue" time="0.000" timestamp="2018-10-19T20:32:59"/>
	<testcase classname="create_formatted_resistance_string_tests.CreateFormattedResistanceStringTests" name="testCreateFormattedResistanceStringFourBandGreenOrangeVioletBrown" time="0.000" timestamp="2018-10-19T20:32:59"/>
	<testcase classname="create_formatted_resistance_string_tests.CreateFormattedResistanceStringTests" name="testCreateFormattedResistanceStringFourBandGreenOrangeVioletGold" time="0.000" timestamp="2018-10-19T20:32:59"/>
	<testcase classname="create_formatted_resistance_string_tests.CreateFormattedResistanceStringTests" name="testCreateFormattedResistanceStringFourBandGreenOrangeVioletGreen" time="0.000" timestamp="2018-10-19T20:32:59"/>
	<testcase classname="create_formatted_resistance_string_tests.CreateFormattedResistanceStringTests" name="testCreateFormattedResistanceStringFourBandGreenOrangeVioletGrey" time="0.000" timestamp="2018-10-19T20:32:59"/>
	<testcase classname="create_formatted_resistance_string_tests.CreateFormattedResistanceStringTests" name="testCreateFormattedResistanceStringFourBandGreenOrangeVioletNone" time="0.000" timestamp="2018-10-19T20:32:59"/>
	<testcase classname="create_formatted_resistance_string_tests.CreateFormattedResistanceStringTests" name="testCreateFormattedResistanceStringFourBandGreenOrangeVioletRed" time="0.000" timestamp="2018-10-19T20:32:59"/>
	<testcase classname="create_formatted_resistance_string_tests.CreateFormattedResistanceStringTests" name="testCreateFormattedResistanceStringFourBandGreenOrangeVioletSilver" time="0.000" timestamp="2018-10-19T20:32:59"/>
	<testcase classname="create_formatted_resistance_string_tests.CreateFormattedResistanceStringTests" name="testCreateFormattedResistanceStringFourBandGreenOrangeVioletViolet" time="0.000" timestamp="2018-10-19T20:32:59"/>
	<testcase classname="create_formatted_resistance_string_tests.CreateFormattedResistanceStringTests" name="testCreateFormattedResistanceStringFourBandGreenOrangeWhiteBlue" time="0.000" timestamp="2018-10-19T20:32:59"/>
	<testcase classname="create_formatted_resistance_string_tests.CreateFormattedResistanceStringTests" name="testCreateFormattedResistanceStringFourBandGreenOrangeWhiteBrown" time="0.000" timestamp="2018-10-19T20:32:59"/>
	<testcase classname="create_formatted_resistance_string_tests.CreateFormattedResistanceStringTests" name="testCreateFormattedResistanceStringFourBandGreenOrangeWhiteGold" time="0.000" timestamp="2018-10-19T20:32:59"/>
	<testcase classname="create_formatted_resistance_string_tests.CreateFormattedResistanceStringTests" name="testCreateFormattedResistanceStringFourBandGreenOrangeWhiteGreen" time="0.000" timestamp="2018-10-19T20:32:59"/>
	<testcase classname="create_formatted_resistance_string_tests.CreateFormattedResistanceStringTests" name="testCreateFormattedResistanceStringFourBandGreenOrangeWhiteGrey" time="0.000" timestamp="2018-10-19T20:32:59"/>
	<testcase classname="create_formatted_resistance_string_tests.CreateFormattedResistanceStringTests" name="testCreateFormattedResistanceStringFourBandGreenOrangeWhiteNone" time="0.000" timestamp="2018-10-19T20:32:59"/>
	<testcase classname="create_formatted_resistance_string_tests.CreateFormattedResistanceStringTests" name="testCreateFormattedResistanceStringFourBandGreenOrangeWhiteRed" time="0.000" timestamp="2018-10-19T20:32:59"/>
	<testcase classname="create_formatted_resistance_string_tests.CreateFormattedResistanceStringTests" name="testCreateFormattedResistanceStringFourBandGreenOrangeWhiteSilver" time="0.000" timestamp="2018-10-19T20:32:59"/>
	<testcase classname="create_formatted_resistance_string_tests.CreateFormattedResistanceStringTests" name="testCreateFormattedResistanceStringFourBandGreenOrangeWhiteViolet" time="0.000" timestamp="2018-10-19T20:32:59"/>
	<testcase classname="create_formatted_resistance_string_tests.CreateFormattedResistanceStringTests" name="testCreateFormattedResistanceStringFourBandGreenOrangeYellowBlue" time="0.000" timestamp="2018-10-19T20:32:59"/>
	<testcase classname="create_formatted_resistance_string_tests.CreateFormattedResistanceStringTests" name="testCreateFormattedResistanceStringFourBandGreenOrangeYellowBrown" time="0.000" timestamp="2018-10-19T20:32:59"/>
	<testcase classname="create_formatted_resistance_string_tests.CreateFormattedResistanceStringTests" name="testCreateFormattedResistanceStringFourBandGreenOrangeYellowGold" time="0.000" timestamp="2018-10-19T20:32:59"/>
	<testcase classname="create_formatted_resistance_string_tests.CreateFormattedResistanceStringTests" name="testCreateFormattedResistanceStringFourBandGreenOrangeYellowGreen" time="0.000" timestamp="2018-10-19T20:32:59"/>
	<testcase classname="create_formatted_resistance_string_tests.CreateFormattedResistanceStringTests" name="testCreateFormattedResistanceStringFourBandGreenOrangeYellowGrey" time="0.000" timestamp="2018-10-19T20:32:59"/>
	<testcase classname="create_formatted_resistance_string_tests.CreateFormattedResistanceStringTests" name="testCreateFormattedResistanceStringFourBandGreenOrangeYellowNone" time="0.000" timestamp="2018-10-19T20:32:59"/>
	<testcase classname="create_formatted_resistance_string_tests.CreateFormattedResistanceStringTests" name="testCreateFormattedResistanceStringFourBandGreenOrangeYellowRed" time="0.000" timestamp="2018-10-19T20:32:59"/>
	<testcase classname="create_formatted_resistance_string_tests.CreateFormattedResistanceStringTests" name="testCreateFormattedResistanceStringFourBandGreenOrangeYellowSilver" time="0.000" timestamp="2018-10-19T20:32:59"/>
	<testcase classname="create_formatted_resistance_string_tests.CreateFormattedResistanceStringTests" name="testCreateFormattedResistanceStringFourBandGreenOrangeYellowViolet" time="0.000" timestamp="2018-10-19T20:32:59"/>
	<testcase classname="create_formatted_resistance_string_tests.CreateFormattedResistanceStringTests" name="testCreateFormattedResistanceStringFourBandGreenRedBlackBlue" time="0.000" timestamp="2018-10-19T20:32:59"/>
	<testcase classname="create_formatted_resistance_string_tests.CreateFormattedResistanceStringTests" name="testCreateFormattedResistanceStringFourBandGreenRedBlackBrown" time="0.000" timestamp="2018-10-19T20:32:59"/>
	<testcase classname="create_formatted_resistance_string_tests.CreateFormattedResistanceStringTests" name="testCreateFormattedResistanceStringFourBandGreenRedBlackGold" time="0.000" timestamp="2018-10-19T20:32:59"/>
	<testcase classname="create_formatted_resistance_string_tests.CreateFormattedResistanceStringTests" name="testCreateFormattedResistanceStringFourBandGreenRedBlackGreen" time="0.000" timestamp="2018-10-19T20:32:59"/>
	<testcase classname="create_formatted_resistance_string_tests.CreateFormattedResistanceStringTests" name="testCreateFormattedResistanceStringFourBandGreenRedBlackGrey" time="0.000" timestamp="2018-10-19T20:32:59"/>
	<testcase classname="create_formatted_resistance_string_tests.CreateFormattedResistanceStringTests" name="testCreateFormattedResistanceStringFourBandGreenRedBlackNone" time="0.000" timestamp="2018-10-19T20:32:59"/>
	<testcase classname="create_formatted_resistance_string_tests.CreateFormattedResistanceStringTests" name="testCreateFormattedResistanceStringFourBandGreenRedBlackRed" time="0.000" timestamp="2018-10-19T20:32:59"/>
	<testcase classname="create_formatted_resistance_string_tests.CreateFormattedResistanceStringTests" name="testCreateFormattedResistanceStringFourBandGreenRedBlackSilver" time="0.000" timestamp="2018-10-19T20:32:59"/>
	<testcase classname="create_formatted_resistance_string_tests.CreateFormattedResistanceStringTests" name="testCreateFormattedResistanceStringFourBandGreenRedBlackViolet" time="0.000" timestamp="2018-10-19T20:32:59"/>
	<testcase classname="create_formatted_resistance_string_tests.CreateFormattedResistanceStringTests" name="testCreateFormattedResistanceStringFourBandGreenRedBlueBlue" time="0.000" timestamp="2018-10-19T20:32:59"/>
	<testcase classname="create_formatted_resistance_string_tests.CreateFormattedResistanceStringTests" name="testCreateFormattedResistanceStringFourBandGreenRedBlueBrown" time="0.000" timestamp="2018-10-19T20:32:59"/>
	<testcase classname="create_formatted_resistance_string_tests.CreateFormattedResistanceStringTests" name="testCreateFormattedResistanceStringFourBandGreenRedBlueGold" time="0.000" timestamp="2018-10-19T20:32:59"/>
	<testcase classname="create_formatted_resistance_string_tests.CreateFormattedResistanceStringTests" name="testCreateFormattedResistanceStringFourBandGreenRedBlueGreen" time="0.000" timestamp="2018-10-19T20:32:59"/>
	<testcase classname="create_formatted_resistance_string_tests.CreateFormattedResistanceStringTests" name="testCreateFormattedResistanceStringFourBandGreenRedBlueGrey" time="0.000" timestamp="2018-10-19T20:32:59"/>
	<testcase classname="create_formatted_resistance_string_tests.CreateFormattedResistanceStringTests" name="testCreateFormattedResistanceStringFourBandGreenRedBlueNone" time="0.000" timestamp="2018-10-19T20:32:59"/>
	<testcase classname="create_formatted_resistance_string_tests.CreateFormattedResistanceStringTests" name="testCreateFormattedResistanceStringFourBandGreenRedBlueRed" time="0.000" timestamp="2018-10-19T20:32:59"/>
	<testcase classname="create_formatted_resistance_string_tests.CreateFormattedResistanceStringTests" name="testCreateFormattedResistanceStringFourBandGreenRedBlueSilver" time="0.000" timestamp="2018-10-19T20:32:59"/>
	<testcase classname="create_formatted_resistance_string_tests.CreateFormattedResistanceStringTests" name="testCreateFormattedResistanceStringFourBandGreenRedBlueViolet" time="0.000" timestamp="2018-10-19T20:32:59"/>
	<testcase classname="create_formatted_resistance_string_tests.CreateFormattedResistanceStringTests" name="testCreateFormattedResistanceStringFourBandGreenRedBrownBlue" time="0.000" timestamp="2018-10-19T20:32:59"/>
	<testcase classname="create_formatted_resistance_string_tests.CreateFormattedResistanceStringTests" name="testCreateFormattedResistanceStringFourBandGreenRedBrownBrown" time="0.000" timestamp="2018-10-19T20:32:59"/>
	<testcase classname="create_formatted_resistance_string_tests.CreateFormattedResistanceStringTests" name="testCreateFormattedResistanceStringFourBandGreenRedBrownGold" time="0.000" timestamp="2018-10-19T20:32:59"/>
	<testcase classname="create_formatted_resistance_string_tests.CreateFormattedResistanceStringTests" name="testCreateFormattedResistanceStringFourBandGreenRedBrownGreen" time="0.000" timestamp="2018-10-19T20:32:59"/>
	<testcase classname="create_formatted_resistance_string_tests.CreateFormattedResistanceStringTests" name="testCreateFormattedResistanceStringFourBandGreenRedBrownGrey" time="0.000" timestamp="2018-10-19T20:32:59"/>
	<testcase classname="create_formatted_resistance_string_tests.CreateFormattedResistanceStringTests" name="testCreateFormattedResistanceStringFourBandGreenRedBrownNone" time="0.000" timestamp="2018-10-19T20:32:59"/>
	<testcase classname="create_formatted_resistance_string_tests.CreateFormattedResistanceStringTests" name="testCreateFormattedResistanceStringFourBandGreenRedBrownRed" time="0.000" timestamp="2018-10-19T20:32:59"/>
	<testcase classname="create_formatted_resistance_string_tests.CreateFormattedResistanceStringTests" name="testCreateFormattedResistanceStringFourBandGreenRedBrownSilver" time="0.000" timestamp="2018-10-19T20:32:59"/>
	<testcase classname="create_formatted_resistance_string_tests.CreateFormattedResistanceStringTests" name="testCreateFormattedResistanceStringFourBandGreenRedBrownViolet" time="0.000" timestamp="2018-10-19T20:32:59"/>
	<testcase classname="create_formatted_resistance_string_tests.CreateFormattedResistanceStringTests" name="testCreateFormattedResistanceStringFourBandGreenRedGoldBlue" time="0.000" timestamp="2018-10-19T20:32:59"/>
	<testcase classname="create_formatted_resistance_string_tests.CreateFormattedResistanceStringTests" name="testCreateFormattedResistanceStringFourBandGreenRedGoldBrown" time="0.000" timestamp="2018-10-19T20:32:59"/>
	<testcase classname="create_formatted_resistance_string_tests.CreateFormattedResistanceStringTests" name="testCreateFormattedResistanceStringFourBandGreenRedGoldGold" time="0.000" timestamp="2018-10-19T20:32:59"/>
	<testcase classname="create_formatted_resistance_string_tests.CreateFormattedResistanceStringTests" name="testCreateFormattedResistanceStringFourBandGreenRedGoldGreen" time="0.000" timestamp="2018-10-19T20:32:59"/>
	<testcase classname="create_formatted_resistance_string_tests.CreateFormattedResistanceStringTests" name="testCreateFormattedResistanceStringFourBandGreenRedGoldGrey" time="0.000" timestamp="2018-10-19T20:32:59"/>
	<testcase classname="create_formatted_resistance_string_tests.CreateFormattedResistanceStringTests" name="testCreateFormattedResistanceStringFourBandGreenRedGoldNone" time="0.000" timestamp="2018-10-19T20:32:59"/>
	<testcase classname="create_formatted_resistance_string_tests.CreateFormattedResistanceStringTests" name="testCreateFormattedResistanceStringFourBandGreenRedGoldRed" time="0.000" timestamp="2018-10-19T20:32:59"/>
	<testcase classname="create_formatted_resistance_string_tests.CreateFormattedResistanceStringTests" name="testCreateFormattedResistanceStringFourBandGreenRedGoldSilver" time="0.000" timestamp="2018-10-19T20:32:59"/>
	<testcase classname="create_formatted_resistance_string_tests.CreateFormattedResistanceStringTests" name="testCreateFormattedResistanceStringFourBandGreenRedGoldViolet" time="0.000" timestamp="2018-10-19T20:32:59"/>
	<testcase classname="create_formatted_resistance_string_tests.CreateFormattedResistanceStringTests" name="testCreateFormattedResistanceStringFourBandGreenRedGreenBlue" time="0.000" timestamp="2018-10-19T20:32:59"/>
	<testcase classname="create_formatted_resistance_string_tests.CreateFormattedResistanceStringTests" name="testCreateFormattedResistanceStringFourBandGreenRedGreenBrown" time="0.000" timestamp="2018-10-19T20:32:59"/>
	<testcase classname="create_formatted_resistance_string_tests.CreateFormattedResistanceStringTests" name="testCreateFormattedResistanceStringFourBandGreenRedGreenGold" time="0.000" timestamp="2018-10-19T20:32:59"/>
	<testcase classname="create_formatted_resistance_string_tests.CreateFormattedResistanceStringTests" name="testCreateFormattedResistanceStringFourBandGreenRedGreenGreen" time="0.000" timestamp="2018-10-19T20:32:59"/>
	<testcase classname="create_formatted_resistance_string_tests.CreateFormattedResistanceStringTests" name="testCreateFormattedResistanceStringFourBandGreenRedGreenGrey" time="0.000" timestamp="2018-10-19T20:32:59"/>
	<testcase classname="create_formatted_resistance_string_tests.CreateFormattedResistanceStringTests" name="testCreateFormattedResistanceStringFourBandGreenRedGreenNone" time="0.000" timestamp="2018-10-19T20:32:59"/>
	<testcase classname="create_formatted_resistance_string_tests.CreateFormattedResistanceStringTests" name="testCreateFormattedResistanceStringFourBandGreenRedGreenRed" time="0.000" timestamp="2018-10-19T20:32:59"/>
	<testcase classname="create_formatted_resistance_string_tests.CreateFormattedResistanceStringTests" name="testCreateFormattedResistanceStringFourBandGreenRedGreenSilver" time="0.000" timestamp="2018-10-19T20:32:59"/>
	<testcase classname="create_formatted_resistance_string_tests.CreateFormattedResistanceStringTests" name="testCreateFormattedResistanceStringFourBandGreenRedGreenViolet" time="0.000" timestamp="2018-10-19T20:32:59"/>
	<testcase classname="create_formatted_resistance_string_tests.CreateFormattedResistanceStringTests" name="testCreateFormattedResistanceStringFourBandGreenRedGreyBlue" time="0.000" timestamp="2018-10-19T20:32:59"/>
	<testcase classname="create_formatted_resistance_string_tests.CreateFormattedResistanceStringTests" name="testCreateFormattedResistanceStringFourBandGreenRedGreyBrown" time="0.000" timestamp="2018-10-19T20:32:59"/>
	<testcase classname="create_formatted_resistance_string_tests.CreateFormattedResistanceStringTests" name="testCreateFormattedResistanceStringFourBandGreenRedGreyGold" time="0.000" timestamp="2018-10-19T20:32:59"/>
	<testcase classname="create_formatted_resistance_string_tests.CreateFormattedResistanceStringTests" name="testCreateFormattedResistanceStringFourBandGreenRedGreyGreen" time="0.000" timestamp="2018-10-19T20:32:59"/>
	<testcase classname="create_formatted_resistance_string_tests.CreateFormattedResistanceStringTests" name="testCreateFormattedResistanceStringFourBandGreenRedGreyGrey" time="0.000" timestamp="2018-10-19T20:32:59"/>
	<testcase classname="create_formatted_resistance_string_tests.CreateFormattedResistanceStringTests" name="testCreateFormattedResistanceStringFourBandGreenRedGreyNone" time="0.000" timestamp="2018-10-19T20:32:59"/>
	<testcase classname="create_formatted_resistance_string_tests.CreateFormattedResistanceStringTests" name="testCreateFormattedResistanceStringFourBandGreenRedGreyRed" time="0.000" timestamp="2018-10-19T20:32:59"/>
	<testcase classname="create_formatted_resistance_string_tests.CreateFormattedResistanceStringTests" name="testCreateFormattedResistanceStringFourBandGreenRedGreySilver" time="0.000" timestamp="2018-10-19T20:32:59"/>
	<testcase classname="create_formatted_resistance_string_tests.CreateFormattedResistanceStringTests" name="testCreateFormattedResistanceStringFourBandGreenRedGreyViolet" time="0.000" timestamp="2018-10-19T20:32:59"/>
	<testcase classname="create_formatted_resistance_string_tests.CreateFormattedResistanceStringTests" name="testCreateFormattedResistanceStringFourBandGreenRedOrangeBlue" time="0.000" timestamp="2018-10-19T20:32:59"/>
	<testcase classname="create_formatted_resistance_string_tests.CreateFormattedResistanceStringTests" name="testCreateFormattedResistanceStringFourBandGreenRedOrangeBrown" time="0.000" timestamp="2018-10-19T20:32:59"/>
	<testcase classname="create_formatted_resistance_string_tests.CreateFormattedResistanceStringTests" name="testCreateFormattedResistanceStringFourBandGreenRedOrangeGold" time="0.000" timestamp="2018-10-19T20:32:59"/>
	<testcase classname="create_formatted_resistance_string_tests.CreateFormattedResistanceStringTests" name="testCreateFormattedResistanceStringFourBandGreenRedOrangeGreen" time="0.000" timestamp="2018-10-19T20:32:59"/>
	<testcase classname="create_formatted_resistance_string_tests.CreateFormattedResistanceStringTests" name="testCreateFormattedResistanceStringFourBandGreenRedOrangeGrey" time="0.000" timestamp="2018-10-19T20:32:59"/>
	<testcase classname="create_formatted_resistance_string_tests.CreateFormattedResistanceStringTests" name="testCreateFormattedResistanceStringFourBandGreenRedOrangeNone" time="0.000" timestamp="2018-10-19T20:32:59"/>
	<testcase classname="create_formatted_resistance_string_tests.CreateFormattedResistanceStringTests" name="testCreateFormattedResistanceStringFourBandGreenRedOrangeRed" time="0.000" timestamp="2018-10-19T20:32:59"/>
	<testcase classname="create_formatted_resistance_string_tests.CreateFormattedResistanceStringTests" name="testCreateFormattedResistanceStringFourBandGreenRedOrangeSilver" time="0.000" timestamp="2018-10-19T20:32:59"/>
	<testcase classname="create_formatted_resistance_string_tests.CreateFormattedResistanceStringTests" name="testCreateFormattedResistanceStringFourBandGreenRedOrangeViolet" time="0.000" timestamp="2018-10-19T20:32:59"/>
	<testcase classname="create_formatted_resistance_string_tests.CreateFormattedResistanceStringTests" name="testCreateFormattedResistanceStringFourBandGreenRedRedBlue" time="0.000" timestamp="2018-10-19T20:32:59"/>
	<testcase classname="create_formatted_resistance_string_tests.CreateFormattedResistanceStringTests" name="testCreateFormattedResistanceStringFourBandGreenRedRedBrown" time="0.000" timestamp="2018-10-19T20:32:59"/>
	<testcase classname="create_formatted_resistance_string_tests.CreateFormattedResistanceStringTests" name="testCreateFormattedResistanceStringFourBandGreenRedRedGold" time="0.000" timestamp="2018-10-19T20:32:59"/>
	<testcase classname="create_formatted_resistance_string_tests.CreateFormattedResistanceStringTests" name="testCreateFormattedResistanceStringFourBandGreenRedRedGreen" time="0.000" timestamp="2018-10-19T20:32:59"/>
	<testcase classname="create_formatted_resistance_string_tests.CreateFormattedResistanceStringTests" name="testCreateFormattedResistanceStringFourBandGreenRedRedGrey" time="0.000" timestamp="2018-10-19T20:32:59"/>
	<testcase classname="create_formatted_resistance_string_tests.CreateFormattedResistanceStringTests" name="testCreateFormattedResistanceStringFourBandGreenRedRedNone" time="0.000" timestamp="2018-10-19T20:32:59"/>
	<testcase classname="create_formatted_resistance_string_tests.CreateFormattedResistanceStringTests" name="testCreateFormattedResistanceStringFourBandGreenRedRedRed" time="0.000" timestamp="2018-10-19T20:32:59"/>
	<testcase classname="create_formatted_resistance_string_tests.CreateFormattedResistanceStringTests" name="testCreateFormattedResistanceStringFourBandGreenRedRedSilver" time="0.000" timestamp="2018-10-19T20:32:59"/>
	<testcase classname="create_formatted_resistance_string_tests.CreateFormattedResistanceStringTests" name="testCreateFormattedResistanceStringFourBandGreenRedRedViolet" time="0.000" timestamp="2018-10-19T20:32:59"/>
	<testcase classname="create_formatted_resistance_string_tests.CreateFormattedResistanceStringTests" name="testCreateFormattedResistanceStringFourBandGreenRedSilverBlue" time="0.000" timestamp="2018-10-19T20:32:59"/>
	<testcase classname="create_formatted_resistance_string_tests.CreateFormattedResistanceStringTests" name="testCreateFormattedResistanceStringFourBandGreenRedSilverBrown" time="0.000" timestamp="2018-10-19T20:32:59"/>
	<testcase classname="create_formatted_resistance_string_tests.CreateFormattedResistanceStringTests" name="testCreateFormattedResistanceStringFourBandGreenRedSilverGold" time="0.000" timestamp="2018-10-19T20:32:59"/>
	<testcase classname="create_formatted_resistance_string_tests.CreateFormattedResistanceStringTests" name="testCreateFormattedResistanceStringFourBandGreenRedSilverGreen" time="0.000" timestamp="2018-10-19T20:32:59"/>
	<testcase classname="create_formatted_resistance_string_tests.CreateFormattedResistanceStringTests" name="testCreateFormattedResistanceStringFourBandGreenRedSilverGrey" time="0.000" timestamp="2018-10-19T20:32:59"/>
	<testcase classname="create_formatted_resistance_string_tests.CreateFormattedResistanceStringTests" name="testCreateFormattedResistanceStringFourBandGreenRedSilverNone" time="0.000" timestamp="2018-10-19T20:32:59"/>
	<testcase classname="create_formatted_resistance_string_tests.CreateFormattedResistanceStringTests" name="testCreateFormattedResistanceStringFourBandGreenRedSilverRed" time="0.000" timestamp="2018-10-19T20:32:59"/>
	<testcase classname="create_formatted_resistance_string_tests.CreateFormattedResistanceStringTests" name="testCreateFormattedResistanceStringFourBandGreenRedSilverSilver" time="0.000" timestamp="2018-10-19T20:32:59"/>
	<testcase classname="create_formatted_resistance_string_tests.CreateFormattedResistanceStringTests" name="testCreateFormattedResistanceStringFourBandGreenRedSilverViolet" time="0.000" timestamp="2018-10-19T20:32:59"/>
	<testcase classname="create_formatted_resistance_string_tests.CreateFormattedResistanceStringTests" name="testCreateFormattedResistanceStringFourBandGreenRedVioletBlue" time="0.000" timestamp="2018-10-19T20:32:59"/>
	<testcase classname="create_formatted_resistance_string_tests.CreateFormattedResistanceStringTests" name="testCreateFormattedResistanceStringFourBandGreenRedVioletBrown" time="0.000" timestamp="2018-10-19T20:32:59"/>
	<testcase classname="create_formatted_resistance_string_tests.CreateFormattedResistanceStringTests" name="testCreateFormattedResistanceStringFourBandGreenRedVioletGold" time="0.000" timestamp="2018-10-19T20:32:59"/>
	<testcase classname="create_formatted_resistance_string_tests.CreateFormattedResistanceStringTests" name="testCreateFormattedResistanceStringFourBandGreenRedVioletGreen" time="0.000" timestamp="2018-10-19T20:32:59"/>
	<testcase classname="create_formatted_resistance_string_tests.CreateFormattedResistanceStringTests" name="testCreateFormattedResistanceStringFourBandGreenRedVioletGrey" time="0.000" timestamp="2018-10-19T20:32:59"/>
	<testcase classname="create_formatted_resistance_string_tests.CreateFormattedResistanceStringTests" name="testCreateFormattedResistanceStringFourBandGreenRedVioletNone" time="0.000" timestamp="2018-10-19T20:32:59"/>
	<testcase classname="create_formatted_resistance_string_tests.CreateFormattedResistanceStringTests" name="testCreateFormattedResistanceStringFourBandGreenRedVioletRed" time="0.000" timestamp="2018-10-19T20:32:59"/>
	<testcase classname="create_formatted_resistance_string_tests.CreateFormattedResistanceStringTests" name="testCreateFormattedResistanceStringFourBandGreenRedVioletSilver" time="0.000" timestamp="2018-10-19T20:32:59"/>
	<testcase classname="create_formatted_resistance_string_tests.CreateFormattedResistanceStringTests" name="testCreateFormattedResistanceStringFourBandGreenRedVioletViolet" time="0.000" timestamp="2018-10-19T20:32:59"/>
	<testcase classname="create_formatted_resistance_string_tests.CreateFormattedResistanceStringTests" name="testCreateFormattedResistanceStringFourBandGreenRedWhiteBlue" time="0.000" timestamp="2018-10-19T20:32:59"/>
	<testcase classname="create_formatted_resistance_string_tests.CreateFormattedResistanceStringTests" name="testCreateFormattedResistanceStringFourBandGreenRedWhiteBrown" time="0.000" timestamp="2018-10-19T20:32:59"/>
	<testcase classname="create_formatted_resistance_string_tests.CreateFormattedResistanceStringTests" name="testCreateFormattedResistanceStringFourBandGreenRedWhiteGold" time="0.000" timestamp="2018-10-19T20:32:59"/>
	<testcase classname="create_formatted_resistance_string_tests.CreateFormattedResistanceStringTests" name="testCreateFormattedResistanceStringFourBandGreenRedWhiteGreen" time="0.000" timestamp="2018-10-19T20:32:59"/>
	<testcase classname="create_formatted_resistance_string_tests.CreateFormattedResistanceStringTests" name="testCreateFormattedResistanceStringFourBandGreenRedWhiteGrey" time="0.000" timestamp="2018-10-19T20:32:59"/>
	<testcase classname="create_formatted_resistance_string_tests.CreateFormattedResistanceStringTests" name="testCreateFormattedResistanceStringFourBandGreenRedWhiteNone" time="0.000" timestamp="2018-10-19T20:32:59"/>
	<testcase classname="create_formatted_resistance_string_tests.CreateFormattedResistanceStringTests" name="testCreateFormattedResistanceStringFourBandGreenRedWhiteRed" time="0.000" timestamp="2018-10-19T20:32:59"/>
	<testcase classname="create_formatted_resistance_string_tests.CreateFormattedResistanceStringTests" name="testCreateFormattedResistanceStringFourBandGreenRedWhiteSilver" time="0.000" timestamp="2018-10-19T20:32:59"/>
	<testcase classname="create_formatted_resistance_string_tests.CreateFormattedResistanceStringTests" name="testCreateFormattedResistanceStringFourBandGreenRedWhiteViolet" time="0.000" timestamp="2018-10-19T20:32:59"/>
	<testcase classname="create_formatted_resistance_string_tests.CreateFormattedResistanceStringTests" name="testCreateFormattedResistanceStringFourBandGreenRedYellowBlue" time="0.000" timestamp="2018-10-19T20:32:59"/>
	<testcase classname="create_formatted_resistance_string_tests.CreateFormattedResistanceStringTests" name="testCreateFormattedResistanceStringFourBandGreenRedYellowBrown" time="0.000" timestamp="2018-10-19T20:32:59"/>
	<testcase classname="create_formatted_resistance_string_tests.CreateFormattedResistanceStringTests" name="testCreateFormattedResistanceStringFourBandGreenRedYellowGold" time="0.000" timestamp="2018-10-19T20:32:59"/>
	<testcase classname="create_formatted_resistance_string_tests.CreateFormattedResistanceStringTests" name="testCreateFormattedResistanceStringFourBandGreenRedYellowGreen" time="0.000" timestamp="2018-10-19T20:32:59"/>
	<testcase classname="create_formatted_resistance_string_tests.CreateFormattedResistanceStringTests" name="testCreateFormattedResistanceStringFourBandGreenRedYellowGrey" time="0.000" timestamp="2018-10-19T20:32:59"/>
	<testcase classname="create_formatted_resistance_string_tests.CreateFormattedResistanceStringTests" name="testCreateFormattedResistanceStringFourBandGreenRedYellowNone" time="0.000" timestamp="2018-10-19T20:32:59"/>
	<testcase classname="create_formatted_resistance_string_tests.CreateFormattedResistanceStringTests" name="testCreateFormattedResistanceStringFourBandGreenRedYellowRed" time="0.000" timestamp="2018-10-19T20:32:59"/>
	<testcase classname="create_formatted_resistance_string_tests.CreateFormattedResistanceStringTests" name="testCreateFormattedResistanceStringFourBandGreenRedYellowSilver" time="0.000" timestamp="2018-10-19T20:32:59"/>
	<testcase classname="create_formatted_resistance_string_tests.CreateFormattedResistanceStringTests" name="testCreateFormattedResistanceStringFourBandGreenRedYellowViolet" time="0.000" timestamp="2018-10-19T20:32:59"/>
	<testcase classname="create_formatted_resistance_string_tests.CreateFormattedResistanceStringTests" name="testCreateFormattedResistanceStringFourBandGreenVioletBlackBlue" time="0.000" timestamp="2018-10-19T20:32:59"/>
	<testcase classname="create_formatted_resistance_string_tests.CreateFormattedResistanceStringTests" name="testCreateFormattedResistanceStringFourBandGreenVioletBlackBrown" time="0.000" timestamp="2018-10-19T20:32:59"/>
	<testcase classname="create_formatted_resistance_string_tests.CreateFormattedResistanceStringTests" name="testCreateFormattedResistanceStringFourBandGreenVioletBlackGold" time="0.000" timestamp="2018-10-19T20:32:59"/>
	<testcase classname="create_formatted_resistance_string_tests.CreateFormattedResistanceStringTests" name="testCreateFormattedResistanceStringFourBandGreenVioletBlackGreen" time="0.000" timestamp="2018-10-19T20:32:59"/>
	<testcase classname="create_formatted_resistance_string_tests.CreateFormattedResistanceStringTests" name="testCreateFormattedResistanceStringFourBandGreenVioletBlackGrey" time="0.000" timestamp="2018-10-19T20:32:59"/>
	<testcase classname="create_formatted_resistance_string_tests.CreateFormattedResistanceStringTests" name="testCreateFormattedResistanceStringFourBandGreenVioletBlackNone" time="0.000" timestamp="2018-10-19T20:32:59"/>
	<testcase classname="create_formatted_resistance_string_tests.CreateFormattedResistanceStringTests" name="testCreateFormattedResistanceStringFourBandGreenVioletBlackRed" time="0.000" timestamp="2018-10-19T20:32:59"/>
	<testcase classname="create_formatted_resistance_string_tests.CreateFormattedResistanceStringTests" name="testCreateFormattedResistanceStringFourBandGreenVioletBlackSilver" time="0.000" timestamp="2018-10-19T20:32:59"/>
	<testcase classname="create_formatted_resistance_string_tests.CreateFormattedResistanceStringTests" name="testCreateFormattedResistanceStringFourBandGreenVioletBlackViolet" time="0.000" timestamp="2018-10-19T20:32:59"/>
	<testcase classname="create_formatted_resistance_string_tests.CreateFormattedResistanceStringTests" name="testCreateFormattedResistanceStringFourBandGreenVioletBlueBlue" time="0.000" timestamp="2018-10-19T20:32:59"/>
	<testcase classname="create_formatted_resistance_string_tests.CreateFormattedResistanceStringTests" name="testCreateFormattedResistanceStringFourBandGreenVioletBlueBrown" time="0.000" timestamp="2018-10-19T20:32:59"/>
	<testcase classname="create_formatted_resistance_string_tests.CreateFormattedResistanceStringTests" name="testCreateFormattedResistanceStringFourBandGreenVioletBlueGold" time="0.000" timestamp="2018-10-19T20:32:59"/>
	<testcase classname="create_formatted_resistance_string_tests.CreateFormattedResistanceStringTests" name="testCreateFormattedResistanceStringFourBandGreenVioletBlueGreen" time="0.000" timestamp="2018-10-19T20:32:59"/>
	<testcase classname="create_formatted_resistance_string_tests.CreateFormattedResistanceStringTests" name="testCreateFormattedResistanceStringFourBandGreenVioletBlueGrey" time="0.000" timestamp="2018-10-19T20:32:59"/>
	<testcase classname="create_formatted_resistance_string_tests.CreateFormattedResistanceStringTests" name="testCreateFormattedResistanceStringFourBandGreenVioletBlueNone" time="0.000" timestamp="2018-10-19T20:32:59"/>
	<testcase classname="create_formatted_resistance_string_tests.CreateFormattedResistanceStringTests" name="testCreateFormattedResistanceStringFourBandGreenVioletBlueRed" time="0.000" timestamp="2018-10-19T20:32:59"/>
	<testcase classname="create_formatted_resistance_string_tests.CreateFormattedResistanceStringTests" name="testCreateFormattedResistanceStringFourBandGreenVioletBlueSilver" time="0.000" timestamp="2018-10-19T20:32:59"/>
	<testcase classname="create_formatted_resistance_string_tests.CreateFormattedResistanceStringTests" name="testCreateFormattedResistanceStringFourBandGreenVioletBlueViolet" time="0.000" timestamp="2018-10-19T20:32:59"/>
	<testcase classname="create_formatted_resistance_string_tests.CreateFormattedResistanceStringTests" name="testCreateFormattedResistanceStringFourBandGreenVioletBrownBlue" time="0.000" timestamp="2018-10-19T20:32:59"/>
	<testcase classname="create_formatted_resistance_string_tests.CreateFormattedResistanceStringTests" name="testCreateFormattedResistanceStringFourBandGreenVioletBrownBrown" time="0.000" timestamp="2018-10-19T20:32:59"/>
	<testcase classname="create_formatted_resistance_string_tests.CreateFormattedResistanceStringTests" name="testCreateFormattedResistanceStringFourBandGreenVioletBrownGold" time="0.000" timestamp="2018-10-19T20:32:59"/>
	<testcase classname="create_formatted_resistance_string_tests.CreateFormattedResistanceStringTests" name="testCreateFormattedResistanceStringFourBandGreenVioletBrownGreen" time="0.000" timestamp="2018-10-19T20:32:59"/>
	<testcase classname="create_formatted_resistance_string_tests.CreateFormattedResistanceStringTests" name="testCreateFormattedResistanceStringFourBandGreenVioletBrownGrey" time="0.000" timestamp="2018-10-19T20:32:59"/>
	<testcase classname="create_formatted_resistance_string_tests.CreateFormattedResistanceStringTests" name="testCreateFormattedResistanceStringFourBandGreenVioletBrownNone" time="0.000" timestamp="2018-10-19T20:32:59"/>
	<testcase classname="create_formatted_resistance_string_tests.CreateFormattedResistanceStringTests" name="testCreateFormattedResistanceStringFourBandGreenVioletBrownRed" time="0.000" timestamp="2018-10-19T20:32:59"/>
	<testcase classname="create_formatted_resistance_string_tests.CreateFormattedResistanceStringTests" name="testCreateFormattedResistanceStringFourBandGreenVioletBrownSilver" time="0.000" timestamp="2018-10-19T20:32:59"/>
	<testcase classname="create_formatted_resistance_string_tests.CreateFormattedResistanceStringTests" name="testCreateFormattedResistanceStringFourBandGreenVioletBrownViolet" time="0.000" timestamp="2018-10-19T20:32:59"/>
	<testcase classname="create_formatted_resistance_string_tests.CreateFormattedResistanceStringTests" name="testCreateFormattedResistanceStringFourBandGreenVioletGoldBlue" time="0.000" timestamp="2018-10-19T20:32:59"/>
	<testcase classname="create_formatted_resistance_string_tests.CreateFormattedResistanceStringTests" name="testCreateFormattedResistanceStringFourBandGreenVioletGoldBrown" time="0.000" timestamp="2018-10-19T20:32:59"/>
	<testcase classname="create_formatted_resistance_string_tests.CreateFormattedResistanceStringTests" name="testCreateFormattedResistanceStringFourBandGreenVioletGoldGold" time="0.000" timestamp="2018-10-19T20:32:59"/>
	<testcase classname="create_formatted_resistance_string_tests.CreateFormattedResistanceStringTests" name="testCreateFormattedResistanceStringFourBandGreenVioletGoldGreen" time="0.000" timestamp="2018-10-19T20:32:59"/>
	<testcase classname="create_formatted_resistance_string_tests.CreateFormattedResistanceStringTests" name="testCreateFormattedResistanceStringFourBandGreenVioletGoldGrey" time="0.000" timestamp="2018-10-19T20:32:59"/>
	<testcase classname="create_formatted_resistance_string_tests.CreateFormattedResistanceStringTests" name="testCreateFormattedResistanceStringFourBandGreenVioletGoldNone" time="0.000" timestamp="2018-10-19T20:32:59"/>
	<testcase classname="create_formatted_resistance_string_tests.CreateFormattedResistanceStringTests" name="testCreateFormattedResistanceStringFourBandGreenVioletGoldRed" time="0.000" timestamp="2018-10-19T20:32:59"/>
	<testcase classname="create_formatted_resistance_string_tests.CreateFormattedResistanceStringTests" name="testCreateFormattedResistanceStringFourBandGreenVioletGoldSilver" time="0.000" timestamp="2018-10-19T20:32:59"/>
	<testcase classname="create_formatted_resistance_string_tests.CreateFormattedResistanceStringTests" name="testCreateFormattedResistanceStringFourBandGreenVioletGoldViolet" time="0.000" timestamp="2018-10-19T20:32:59"/>
	<testcase classname="create_formatted_resistance_string_tests.CreateFormattedResistanceStringTests" name="testCreateFormattedResistanceStringFourBandGreenVioletGreenBlue" time="0.000" timestamp="2018-10-19T20:32:59"/>
	<testcase classname="create_formatted_resistance_string_tests.CreateFormattedResistanceStringTests" name="testCreateFormattedResistanceStringFourBandGreenVioletGreenBrown" time="0.000" timestamp="2018-10-19T20:32:59"/>
	<testcase classname="create_formatted_resistance_string_tests.CreateFormattedResistanceStringTests" name="testCreateFormattedResistanceStringFourBandGreenVioletGreenGold" time="0.000" timestamp="2018-10-19T20:32:59"/>
	<testcase classname="create_formatted_resistance_string_tests.CreateFormattedResistanceStringTests" name="testCreateFormattedResistanceStringFourBandGreenVioletGreenGreen" time="0.000" timestamp="2018-10-19T20:32:59"/>
	<testcase classname="create_formatted_resistance_string_tests.CreateFormattedResistanceStringTests" name="testCreateFormattedResistanceStringFourBandGreenVioletGreenGrey" time="0.000" timestamp="2018-10-19T20:32:59"/>
	<testcase classname="create_formatted_resistance_string_tests.CreateFormattedResistanceStringTests" name="testCreateFormattedResistanceStringFourBandGreenVioletGreenNone" time="0.000" timestamp="2018-10-19T20:32:59"/>
	<testcase classname="create_formatted_resistance_string_tests.CreateFormattedResistanceStringTests" name="testCreateFormattedResistanceStringFourBandGreenVioletGreenRed" time="0.000" timestamp="2018-10-19T20:32:59"/>
	<testcase classname="create_formatted_resistance_string_tests.CreateFormattedResistanceStringTests" name="testCreateFormattedResistanceStringFourBandGreenVioletGreenSilver" time="0.000" timestamp="2018-10-19T20:32:59"/>
	<testcase classname="create_formatted_resistance_string_tests.CreateFormattedResistanceStringTests" name="testCreateFormattedResistanceStringFourBandGreenVioletGreenViolet" time="0.000" timestamp="2018-10-19T20:32:59"/>
	<testcase classname="create_formatted_resistance_string_tests.CreateFormattedResistanceStringTests" name="testCreateFormattedResistanceStringFourBandGreenVioletGreyBlue" time="0.000" timestamp="2018-10-19T20:32:59"/>
	<testcase classname="create_formatted_resistance_string_tests.CreateFormattedResistanceStringTests" name="testCreateFormattedResistanceStringFourBandGreenVioletGreyBrown" time="0.000" timestamp="2018-10-19T20:32:59"/>
	<testcase classname="create_formatted_resistance_string_tests.CreateFormattedResistanceStringTests" name="testCreateFormattedResistanceStringFourBandGreenVioletGreyGold" time="0.000" timestamp="2018-10-19T20:32:59"/>
	<testcase classname="create_formatted_resistance_string_tests.CreateFormattedResistanceStringTests" name="testCreateFormattedResistanceStringFourBandGreenVioletGreyGreen" time="0.000" timestamp="2018-10-19T20:32:59"/>
	<testcase classname="create_formatted_resistance_string_tests.CreateFormattedResistanceStringTests" name="testCreateFormattedResistanceStringFourBandGreenVioletGreyGrey" time="0.000" timestamp="2018-10-19T20:32:59"/>
	<testcase classname="create_formatted_resistance_string_tests.CreateFormattedResistanceStringTests" name="testCreateFormattedResistanceStringFourBandGreenVioletGreyNone" time="0.000" timestamp="2018-10-19T20:32:59"/>
	<testcase classname="create_formatted_resistance_string_tests.CreateFormattedResistanceStringTests" name="testCreateFormattedResistanceStringFourBandGreenVioletGreyRed" time="0.000" timestamp="2018-10-19T20:32:59"/>
	<testcase classname="create_formatted_resistance_string_tests.CreateFormattedResistanceStringTests" name="testCreateFormattedResistanceStringFourBandGreenVioletGreySilver" time="0.000" timestamp="2018-10-19T20:32:59"/>
	<testcase classname="create_formatted_resistance_string_tests.CreateFormattedResistanceStringTests" name="testCreateFormattedResistanceStringFourBandGreenVioletGreyViolet" time="0.000" timestamp="2018-10-19T20:32:59"/>
	<testcase classname="create_formatted_resistance_string_tests.CreateFormattedResistanceStringTests" name="testCreateFormattedResistanceStringFourBandGreenVioletOrangeBlue" time="0.000" timestamp="2018-10-19T20:32:59"/>
	<testcase classname="create_formatted_resistance_string_tests.CreateFormattedResistanceStringTests" name="testCreateFormattedResistanceStringFourBandGreenVioletOrangeBrown" time="0.000" timestamp="2018-10-19T20:32:59"/>
	<testcase classname="create_formatted_resistance_string_tests.CreateFormattedResistanceStringTests" name="testCreateFormattedResistanceStringFourBandGreenVioletOrangeGold" time="0.000" timestamp="2018-10-19T20:32:59"/>
	<testcase classname="create_formatted_resistance_string_tests.CreateFormattedResistanceStringTests" name="testCreateFormattedResistanceStringFourBandGreenVioletOrangeGreen" time="0.000" timestamp="2018-10-19T20:32:59"/>
	<testcase classname="create_formatted_resistance_string_tests.CreateFormattedResistanceStringTests" name="testCreateFormattedResistanceStringFourBandGreenVioletOrangeGrey" time="0.000" timestamp="2018-10-19T20:32:59"/>
	<testcase classname="create_formatted_resistance_string_tests.CreateFormattedResistanceStringTests" name="testCreateFormattedResistanceStringFourBandGreenVioletOrangeNone" time="0.000" timestamp="2018-10-19T20:32:59"/>
	<testcase classname="create_formatted_resistance_string_tests.CreateFormattedResistanceStringTests" name="testCreateFormattedResistanceStringFourBandGreenVioletOrangeRed" time="0.000" timestamp="2018-10-19T20:32:59"/>
	<testcase classname="create_formatted_resistance_string_tests.CreateFormattedResistanceStringTests" name="testCreateFormattedResistanceStringFourBandGreenVioletOrangeSilver" time="0.000" timestamp="2018-10-19T20:32:59"/>
	<testcase classname="create_formatted_resistance_string_tests.CreateFormattedResistanceStringTests" name="testCreateFormattedResistanceStringFourBandGreenVioletOrangeViolet" time="0.000" timestamp="2018-10-19T20:32:59"/>
	<testcase classname="create_formatted_resistance_string_tests.CreateFormattedResistanceStringTests" name="testCreateFormattedResistanceStringFourBandGreenVioletRedBlue" time="0.000" timestamp="2018-10-19T20:32:59"/>
	<testcase classname="create_formatted_resistance_string_tests.CreateFormattedResistanceStringTests" name="testCreateFormattedResistanceStringFourBandGreenVioletRedBrown" time="0.000" timestamp="2018-10-19T20:32:59"/>
	<testcase classname="create_formatted_resistance_string_tests.CreateFormattedResistanceStringTests" name="testCreateFormattedResistanceStringFourBandGreenVioletRedGold" time="0.000" timestamp="2018-10-19T20:32:59"/>
	<testcase classname="create_formatted_resistance_string_tests.CreateFormattedResistanceStringTests" name="testCreateFormattedResistanceStringFourBandGreenVioletRedGreen" time="0.000" timestamp="2018-10-19T20:32:59"/>
	<testcase classname="create_formatted_resistance_string_tests.CreateFormattedResistanceStringTests" name="testCreateFormattedResistanceStringFourBandGreenVioletRedGrey" time="0.000" timestamp="2018-10-19T20:32:59"/>
	<testcase classname="create_formatted_resistance_string_tests.CreateFormattedResistanceStringTests" name="testCreateFormattedResistanceStringFourBandGreenVioletRedNone" time="0.000" timestamp="2018-10-19T20:32:59"/>
	<testcase classname="create_formatted_resistance_string_tests.CreateFormattedResistanceStringTests" name="testCreateFormattedResistanceStringFourBandGreenVioletRedRed" time="0.000" timestamp="2018-10-19T20:32:59"/>
	<testcase classname="create_formatted_resistance_string_tests.CreateFormattedResistanceStringTests" name="testCreateFormattedResistanceStringFourBandGreenVioletRedSilver" time="0.000" timestamp="2018-10-19T20:32:59"/>
	<testcase classname="create_formatted_resistance_string_tests.CreateFormattedResistanceStringTests" name="testCreateFormattedResistanceStringFourBandGreenVioletRedViolet" time="0.000" timestamp="2018-10-19T20:32:59"/>
	<testcase classname="create_formatted_resistance_string_tests.CreateFormattedResistanceStringTests" name="testCreateFormattedResistanceStringFourBandGreenVioletSilverBlue" time="0.000" timestamp="2018-10-19T20:32:59"/>
	<testcase classname="create_formatted_resistance_string_tests.CreateFormattedResistanceStringTests" name="testCreateFormattedResistanceStringFourBandGreenVioletSilverBrown" time="0.000" timestamp="2018-10-19T20:32:59"/>
	<testcase classname="create_formatted_resistance_string_tests.CreateFormattedResistanceStringTests" name="testCreateFormattedResistanceStringFourBandGreenVioletSilverGold" time="0.000" timestamp="2018-10-19T20:32:59"/>
	<testcase classname="create_formatted_resistance_string_tests.CreateFormattedResistanceStringTests" name="testCreateFormattedResistanceStringFourBandGreenVioletSilverGreen" time="0.000" timestamp="2018-10-19T20:32:59"/>
	<testcase classname="create_formatted_resistance_string_tests.CreateFormattedResistanceStringTests" name="testCreateFormattedResistanceStringFourBandGreenVioletSilverGrey" time="0.000" timestamp="2018-10-19T20:32:59"/>
	<testcase classname="create_formatted_resistance_string_tests.CreateFormattedResistanceStringTests" name="testCreateFormattedResistanceStringFourBandGreenVioletSilverNone" time="0.000" timestamp="2018-10-19T20:32:59"/>
	<testcase classname="create_formatted_resistance_string_tests.CreateFormattedResistanceStringTests" name="testCreateFormattedResistanceStringFourBandGreenVioletSilverRed" time="0.000" timestamp="2018-10-19T20:32:59"/>
	<testcase classname="create_formatted_resistance_string_tests.CreateFormattedResistanceStringTests" name="testCreateFormattedResistanceStringFourBandGreenVioletSilverSilver" time="0.000" timestamp="2018-10-19T20:32:59"/>
	<testcase classname="create_formatted_resistance_string_tests.CreateFormattedResistanceStringTests" name="testCreateFormattedResistanceStringFourBandGreenVioletSilverViolet" time="0.000" timestamp="2018-10-19T20:32:59"/>
	<testcase classname="create_formatted_resistance_string_tests.CreateFormattedResistanceStringTests" name="testCreateFormattedResistanceStringFourBandGreenVioletVioletBlue" time="0.000" timestamp="2018-10-19T20:32:59"/>
	<testcase classname="create_formatted_resistance_string_tests.CreateFormattedResistanceStringTests" name="testCreateFormattedResistanceStringFourBandGreenVioletVioletBrown" time="0.000" timestamp="2018-10-19T20:32:59"/>
	<testcase classname="create_formatted_resistance_string_tests.CreateFormattedResistanceStringTests" name="testCreateFormattedResistanceStringFourBandGreenVioletVioletGold" time="0.000" timestamp="2018-10-19T20:32:59"/>
	<testcase classname="create_formatted_resistance_string_tests.CreateFormattedResistanceStringTests" name="testCreateFormattedResistanceStringFourBandGreenVioletVioletGreen" time="0.000" timestamp="2018-10-19T20:32:59"/>
	<testcase classname="create_formatted_resistance_string_tests.CreateFormattedResistanceStringTests" name="testCreateFormattedResistanceStringFourBandGreenVioletVioletGrey" time="0.000" timestamp="2018-10-19T20:32:59"/>
	<testcase classname="create_formatted_resistance_string_tests.CreateFormattedResistanceStringTests" name="testCreateFormattedResistanceStringFourBandGreenVioletVioletNone" time="0.000" timestamp="2018-10-19T20:32:59"/>
	<testcase classname="create_formatted_resistance_string_tests.CreateFormattedResistanceStringTests" name="testCreateFormattedResistanceStringFourBandGreenVioletVioletRed" time="0.000" timestamp="2018-10-19T20:32:59"/>
	<testcase classname="create_formatted_resistance_string_tests.CreateFormattedResistanceStringTests" name="testCreateFormattedResistanceStringFourBandGreenVioletVioletSilver" time="0.000" timestamp="2018-10-19T20:32:59"/>
	<testcase classname="create_formatted_resistance_string_tests.CreateFormattedResistanceStringTests" name="testCreateFormattedResistanceStringFourBandGreenVioletVioletViolet" time="0.000" timestamp="2018-10-19T20:32:59"/>
	<testcase classname="create_formatted_resistance_string_tests.CreateFormattedResistanceStringTests" name="testCreateFormattedResistanceStringFourBandGreenVioletWhiteBlue" time="0.000" timestamp="2018-10-19T20:32:59"/>
	<testcase classname="create_formatted_resistance_string_tests.CreateFormattedResistanceStringTests" name="testCreateFormattedResistanceStringFourBandGreenVioletWhiteBrown" time="0.000" timestamp="2018-10-19T20:32:59"/>
	<testcase classname="create_formatted_resistance_string_tests.CreateFormattedResistanceStringTests" name="testCreateFormattedResistanceStringFourBandGreenVioletWhiteGold" time="0.000" timestamp="2018-10-19T20:32:59"/>
	<testcase classname="create_formatted_resistance_string_tests.CreateFormattedResistanceStringTests" name="testCreateFormattedResistanceStringFourBandGreenVioletWhiteGreen" time="0.000" timestamp="2018-10-19T20:32:59"/>
	<testcase classname="create_formatted_resistance_string_tests.CreateFormattedResistanceStringTests" name="testCreateFormattedResistanceStringFourBandGreenVioletWhiteGrey" time="0.000" timestamp="2018-10-19T20:32:59"/>
	<testcase classname="create_formatted_resistance_string_tests.CreateFormattedResistanceStringTests" name="testCreateFormattedResistanceStringFourBandGreenVioletWhiteNone" time="0.000" timestamp="2018-10-19T20:32:59"/>
	<testcase classname="create_formatted_resistance_string_tests.CreateFormattedResistanceStringTests" name="testCreateFormattedResistanceStringFourBandGreenVioletWhiteRed" time="0.000" timestamp="2018-10-19T20:32:59"/>
	<testcase classname="create_formatted_resistance_string_tests.CreateFormattedResistanceStringTests" name="testCreateFormattedResistanceStringFourBandGreenVioletWhiteSilver" time="0.000" timestamp="2018-10-19T20:32:59"/>
	<testcase classname="create_formatted_resistance_string_tests.CreateFormattedResistanceStringTests" name="testCreateFormattedResistanceStringFourBandGreenVioletWhiteViolet" time="0.000" timestamp="2018-10-19T20:32:59"/>
	<testcase classname="create_formatted_resistance_string_tests.CreateFormattedResistanceStringTests" name="testCreateFormattedResistanceStringFourBandGreenVioletYellowBlue" time="0.000" timestamp="2018-10-19T20:32:59"/>
	<testcase classname="create_formatted_resistance_string_tests.CreateFormattedResistanceStringTests" name="testCreateFormattedResistanceStringFourBandGreenVioletYellowBrown" time="0.000" timestamp="2018-10-19T20:32:59"/>
	<testcase classname="create_formatted_resistance_string_tests.CreateFormattedResistanceStringTests" name="testCreateFormattedResistanceStringFourBandGreenVioletYellowGold" time="0.000" timestamp="2018-10-19T20:32:59"/>
	<testcase classname="create_formatted_resistance_string_tests.CreateFormattedResistanceStringTests" name="testCreateFormattedResistanceStringFourBandGreenVioletYellowGreen" time="0.000" timestamp="2018-10-19T20:32:59"/>
	<testcase classname="create_formatted_resistance_string_tests.CreateFormattedResistanceStringTests" name="testCreateFormattedResistanceStringFourBandGreenVioletYellowGrey" time="0.000" timestamp="2018-10-19T20:32:59"/>
	<testcase classname="create_formatted_resistance_string_tests.CreateFormattedResistanceStringTests" name="testCreateFormattedResistanceStringFourBandGreenVioletYellowNone" time="0.000" timestamp="2018-10-19T20:32:59"/>
	<testcase classname="create_formatted_resistance_string_tests.CreateFormattedResistanceStringTests" name="testCreateFormattedResistanceStringFourBandGreenVioletYellowRed" time="0.000" timestamp="2018-10-19T20:32:59"/>
	<testcase classname="create_formatted_resistance_string_tests.CreateFormattedResistanceStringTests" name="testCreateFormattedResistanceStringFourBandGreenVioletYellowSilver" time="0.000" timestamp="2018-10-19T20:32:59"/>
	<testcase classname="create_formatted_resistance_string_tests.CreateFormattedResistanceStringTests" name="testCreateFormattedResistanceStringFourBandGreenVioletYellowViolet" time="0.000" timestamp="2018-10-19T20:32:59"/>
	<testcase classname="create_formatted_resistance_string_tests.CreateFormattedResistanceStringTests" name="testCreateFormattedResistanceStringFourBandGreenWhiteBlackBlue" time="0.000" timestamp="2018-10-19T20:32:59"/>
	<testcase classname="create_formatted_resistance_string_tests.CreateFormattedResistanceStringTests" name="testCreateFormattedResistanceStringFourBandGreenWhiteBlackBrown" time="0.000" timestamp="2018-10-19T20:32:59"/>
	<testcase classname="create_formatted_resistance_string_tests.CreateFormattedResistanceStringTests" name="testCreateFormattedResistanceStringFourBandGreenWhiteBlackGold" time="0.000" timestamp="2018-10-19T20:32:59"/>
	<testcase classname="create_formatted_resistance_string_tests.CreateFormattedResistanceStringTests" name="testCreateFormattedResistanceStringFourBandGreenWhiteBlackGreen" time="0.000" timestamp="2018-10-19T20:32:59"/>
	<testcase classname="create_formatted_resistance_string_tests.CreateFormattedResistanceStringTests" name="testCreateFormattedResistanceStringFourBandGreenWhiteBlackGrey" time="0.000" timestamp="2018-10-19T20:32:59"/>
	<testcase classname="create_formatted_resistance_string_tests.CreateFormattedResistanceStringTests" name="testCreateFormattedResistanceStringFourBandGreenWhiteBlackNone" time="0.000" timestamp="2018-10-19T20:32:59"/>
	<testcase classname="create_formatted_resistance_string_tests.CreateFormattedResistanceStringTests" name="testCreateFormattedResistanceStringFourBandGreenWhiteBlackRed" time="0.000" timestamp="2018-10-19T20:32:59"/>
	<testcase classname="create_formatted_resistance_string_tests.CreateFormattedResistanceStringTests" name="testCreateFormattedResistanceStringFourBandGreenWhiteBlackSilver" time="0.000" timestamp="2018-10-19T20:32:59"/>
	<testcase classname="create_formatted_resistance_string_tests.CreateFormattedResistanceStringTests" name="testCreateFormattedResistanceStringFourBandGreenWhiteBlackViolet" time="0.000" timestamp="2018-10-19T20:32:59"/>
	<testcase classname="create_formatted_resistance_string_tests.CreateFormattedResistanceStringTests" name="testCreateFormattedResistanceStringFourBandGreenWhiteBlueBlue" time="0.000" timestamp="2018-10-19T20:32:59"/>
	<testcase classname="create_formatted_resistance_string_tests.CreateFormattedResistanceStringTests" name="testCreateFormattedResistanceStringFourBandGreenWhiteBlueBrown" time="0.000" timestamp="2018-10-19T20:32:59"/>
	<testcase classname="create_formatted_resistance_string_tests.CreateFormattedResistanceStringTests" name="testCreateFormattedResistanceStringFourBandGreenWhiteBlueGold" time="0.000" timestamp="2018-10-19T20:32:59"/>
	<testcase classname="create_formatted_resistance_string_tests.CreateFormattedResistanceStringTests" name="testCreateFormattedResistanceStringFourBandGreenWhiteBlueGreen" time="0.000" timestamp="2018-10-19T20:32:59"/>
	<testcase classname="create_formatted_resistance_string_tests.CreateFormattedResistanceStringTests" name="testCreateFormattedResistanceStringFourBandGreenWhiteBlueGrey" time="0.000" timestamp="2018-10-19T20:32:59"/>
	<testcase classname="create_formatted_resistance_string_tests.CreateFormattedResistanceStringTests" name="testCreateFormattedResistanceStringFourBandGreenWhiteBlueNone" time="0.000" timestamp="2018-10-19T20:32:59"/>
	<testcase classname="create_formatted_resistance_string_tests.CreateFormattedResistanceStringTests" name="testCreateFormattedResistanceStringFourBandGreenWhiteBlueRed" time="0.000" timestamp="2018-10-19T20:32:59"/>
	<testcase classname="create_formatted_resistance_string_tests.CreateFormattedResistanceStringTests" name="testCreateFormattedResistanceStringFourBandGreenWhiteBlueSilver" time="0.000" timestamp="2018-10-19T20:32:59"/>
	<testcase classname="create_formatted_resistance_string_tests.CreateFormattedResistanceStringTests" name="testCreateFormattedResistanceStringFourBandGreenWhiteBlueViolet" time="0.000" timestamp="2018-10-19T20:32:59"/>
	<testcase classname="create_formatted_resistance_string_tests.CreateFormattedResistanceStringTests" name="testCreateFormattedResistanceStringFourBandGreenWhiteBrownBlue" time="0.000" timestamp="2018-10-19T20:32:59"/>
	<testcase classname="create_formatted_resistance_string_tests.CreateFormattedResistanceStringTests" name="testCreateFormattedResistanceStringFourBandGreenWhiteBrownBrown" time="0.000" timestamp="2018-10-19T20:32:59"/>
	<testcase classname="create_formatted_resistance_string_tests.CreateFormattedResistanceStringTests" name="testCreateFormattedResistanceStringFourBandGreenWhiteBrownGold" time="0.000" timestamp="2018-10-19T20:32:59"/>
	<testcase classname="create_formatted_resistance_string_tests.CreateFormattedResistanceStringTests" name="testCreateFormattedResistanceStringFourBandGreenWhiteBrownGreen" time="0.000" timestamp="2018-10-19T20:32:59"/>
	<testcase classname="create_formatted_resistance_string_tests.CreateFormattedResistanceStringTests" name="testCreateFormattedResistanceStringFourBandGreenWhiteBrownGrey" time="0.000" timestamp="2018-10-19T20:32:59"/>
	<testcase classname="create_formatted_resistance_string_tests.CreateFormattedResistanceStringTests" name="testCreateFormattedResistanceStringFourBandGreenWhiteBrownNone" time="0.000" timestamp="2018-10-19T20:32:59"/>
	<testcase classname="create_formatted_resistance_string_tests.CreateFormattedResistanceStringTests" name="testCreateFormattedResistanceStringFourBandGreenWhiteBrownRed" time="0.000" timestamp="2018-10-19T20:32:59"/>
	<testcase classname="create_formatted_resistance_string_tests.CreateFormattedResistanceStringTests" name="testCreateFormattedResistanceStringFourBandGreenWhiteBrownSilver" time="0.000" timestamp="2018-10-19T20:32:59"/>
	<testcase classname="create_formatted_resistance_string_tests.CreateFormattedResistanceStringTests" name="testCreateFormattedResistanceStringFourBandGreenWhiteBrownViolet" time="0.000" timestamp="2018-10-19T20:32:59"/>
	<testcase classname="create_formatted_resistance_string_tests.CreateFormattedResistanceStringTests" name="testCreateFormattedResistanceStringFourBandGreenWhiteGoldBlue" time="0.000" timestamp="2018-10-19T20:32:59"/>
	<testcase classname="create_formatted_resistance_string_tests.CreateFormattedResistanceStringTests" name="testCreateFormattedResistanceStringFourBandGreenWhiteGoldBrown" time="0.000" timestamp="2018-10-19T20:32:59"/>
	<testcase classname="create_formatted_resistance_string_tests.CreateFormattedResistanceStringTests" name="testCreateFormattedResistanceStringFourBandGreenWhiteGoldGold" time="0.000" timestamp="2018-10-19T20:32:59"/>
	<testcase classname="create_formatted_resistance_string_tests.CreateFormattedResistanceStringTests" name="testCreateFormattedResistanceStringFourBandGreenWhiteGoldGreen" time="0.000" timestamp="2018-10-19T20:32:59"/>
	<testcase classname="create_formatted_resistance_string_tests.CreateFormattedResistanceStringTests" name="testCreateFormattedResistanceStringFourBandGreenWhiteGoldGrey" time="0.000" timestamp="2018-10-19T20:32:59"/>
	<testcase classname="create_formatted_resistance_string_tests.CreateFormattedResistanceStringTests" name="testCreateFormattedResistanceStringFourBandGreenWhiteGoldNone" time="0.000" timestamp="2018-10-19T20:32:59"/>
	<testcase classname="create_formatted_resistance_string_tests.CreateFormattedResistanceStringTests" name="testCreateFormattedResistanceStringFourBandGreenWhiteGoldRed" time="0.000" timestamp="2018-10-19T20:32:59"/>
	<testcase classname="create_formatted_resistance_string_tests.CreateFormattedResistanceStringTests" name="testCreateFormattedResistanceStringFourBandGreenWhiteGoldSilver" time="0.000" timestamp="2018-10-19T20:32:59"/>
	<testcase classname="create_formatted_resistance_string_tests.CreateFormattedResistanceStringTests" name="testCreateFormattedResistanceStringFourBandGreenWhiteGoldViolet" time="0.000" timestamp="2018-10-19T20:32:59"/>
	<testcase classname="create_formatted_resistance_string_tests.CreateFormattedResistanceStringTests" name="testCreateFormattedResistanceStringFourBandGreenWhiteGreenBlue" time="0.000" timestamp="2018-10-19T20:32:59"/>
	<testcase classname="create_formatted_resistance_string_tests.CreateFormattedResistanceStringTests" name="testCreateFormattedResistanceStringFourBandGreenWhiteGreenBrown" time="0.000" timestamp="2018-10-19T20:32:59"/>
	<testcase classname="create_formatted_resistance_string_tests.CreateFormattedResistanceStringTests" name="testCreateFormattedResistanceStringFourBandGreenWhiteGreenGold" time="0.000" timestamp="2018-10-19T20:32:59"/>
	<testcase classname="create_formatted_resistance_string_tests.CreateFormattedResistanceStringTests" name="testCreateFormattedResistanceStringFourBandGreenWhiteGreenGreen" time="0.000" timestamp="2018-10-19T20:32:59"/>
	<testcase classname="create_formatted_resistance_string_tests.CreateFormattedResistanceStringTests" name="testCreateFormattedResistanceStringFourBandGreenWhiteGreenGrey" time="0.000" timestamp="2018-10-19T20:32:59"/>
	<testcase classname="create_formatted_resistance_string_tests.CreateFormattedResistanceStringTests" name="testCreateFormattedResistanceStringFourBandGreenWhiteGreenNone" time="0.000" timestamp="2018-10-19T20:32:59"/>
	<testcase classname="create_formatted_resistance_string_tests.CreateFormattedResistanceStringTests" name="testCreateFormattedResistanceStringFourBandGreenWhiteGreenRed" time="0.000" timestamp="2018-10-19T20:32:59"/>
	<testcase classname="create_formatted_resistance_string_tests.CreateFormattedResistanceStringTests" name="testCreateFormattedResistanceStringFourBandGreenWhiteGreenSilver" time="0.000" timestamp="2018-10-19T20:32:59"/>
	<testcase classname="create_formatted_resistance_string_tests.CreateFormattedResistanceStringTests" name="testCreateFormattedResistanceStringFourBandGreenWhiteGreenViolet" time="0.000" timestamp="2018-10-19T20:32:59"/>
	<testcase classname="create_formatted_resistance_string_tests.CreateFormattedResistanceStringTests" name="testCreateFormattedResistanceStringFourBandGreenWhiteGreyBlue" time="0.000" timestamp="2018-10-19T20:32:59"/>
	<testcase classname="create_formatted_resistance_string_tests.CreateFormattedResistanceStringTests" name="testCreateFormattedResistanceStringFourBandGreenWhiteGreyBrown" time="0.000" timestamp="2018-10-19T20:32:59"/>
	<testcase classname="create_formatted_resistance_string_tests.CreateFormattedResistanceStringTests" name="testCreateFormattedResistanceStringFourBandGreenWhiteGreyGold" time="0.000" timestamp="2018-10-19T20:32:59"/>
	<testcase classname="create_formatted_resistance_string_tests.CreateFormattedResistanceStringTests" name="testCreateFormattedResistanceStringFourBandGreenWhiteGreyGreen" time="0.000" timestamp="2018-10-19T20:32:59"/>
	<testcase classname="create_formatted_resistance_string_tests.CreateFormattedResistanceStringTests" name="testCreateFormattedResistanceStringFourBandGreenWhiteGreyGrey" time="0.000" timestamp="2018-10-19T20:32:59"/>
	<testcase classname="create_formatted_resistance_string_tests.CreateFormattedResistanceStringTests" name="testCreateFormattedResistanceStringFourBandGreenWhiteGreyNone" time="0.000" timestamp="2018-10-19T20:32:59"/>
	<testcase classname="create_formatted_resistance_string_tests.CreateFormattedResistanceStringTests" name="testCreateFormattedResistanceStringFourBandGreenWhiteGreyRed" time="0.000" timestamp="2018-10-19T20:32:59"/>
	<testcase classname="create_formatted_resistance_string_tests.CreateFormattedResistanceStringTests" name="testCreateFormattedResistanceStringFourBandGreenWhiteGreySilver" time="0.000" timestamp="2018-10-19T20:32:59"/>
	<testcase classname="create_formatted_resistance_string_tests.CreateFormattedResistanceStringTests" name="testCreateFormattedResistanceStringFourBandGreenWhiteGreyViolet" time="0.000" timestamp="2018-10-19T20:32:59"/>
	<testcase classname="create_formatted_resistance_string_tests.CreateFormattedResistanceStringTests" name="testCreateFormattedResistanceStringFourBandGreenWhiteOrangeBlue" time="0.000" timestamp="2018-10-19T20:32:59"/>
	<testcase classname="create_formatted_resistance_string_tests.CreateFormattedResistanceStringTests" name="testCreateFormattedResistanceStringFourBandGreenWhiteOrangeBrown" time="0.000" timestamp="2018-10-19T20:32:59"/>
	<testcase classname="create_formatted_resistance_string_tests.CreateFormattedResistanceStringTests" name="testCreateFormattedResistanceStringFourBandGreenWhiteOrangeGold" time="0.000" timestamp="2018-10-19T20:32:59"/>
	<testcase classname="create_formatted_resistance_string_tests.CreateFormattedResistanceStringTests" name="testCreateFormattedResistanceStringFourBandGreenWhiteOrangeGreen" time="0.000" timestamp="2018-10-19T20:32:59"/>
	<testcase classname="create_formatted_resistance_string_tests.CreateFormattedResistanceStringTests" name="testCreateFormattedResistanceStringFourBandGreenWhiteOrangeGrey" time="0.000" timestamp="2018-10-19T20:32:59"/>
	<testcase classname="create_formatted_resistance_string_tests.CreateFormattedResistanceStringTests" name="testCreateFormattedResistanceStringFourBandGreenWhiteOrangeNone" time="0.000" timestamp="2018-10-19T20:32:59"/>
	<testcase classname="create_formatted_resistance_string_tests.CreateFormattedResistanceStringTests" name="testCreateFormattedResistanceStringFourBandGreenWhiteOrangeRed" time="0.000" timestamp="2018-10-19T20:32:59"/>
	<testcase classname="create_formatted_resistance_string_tests.CreateFormattedResistanceStringTests" name="testCreateFormattedResistanceStringFourBandGreenWhiteOrangeSilver" time="0.000" timestamp="2018-10-19T20:32:59"/>
	<testcase classname="create_formatted_resistance_string_tests.CreateFormattedResistanceStringTests" name="testCreateFormattedResistanceStringFourBandGreenWhiteOrangeViolet" time="0.000" timestamp="2018-10-19T20:32:59"/>
	<testcase classname="create_formatted_resistance_string_tests.CreateFormattedResistanceStringTests" name="testCreateFormattedResistanceStringFourBandGreenWhiteRedBlue" time="0.000" timestamp="2018-10-19T20:32:59"/>
	<testcase classname="create_formatted_resistance_string_tests.CreateFormattedResistanceStringTests" name="testCreateFormattedResistanceStringFourBandGreenWhiteRedBrown" time="0.000" timestamp="2018-10-19T20:32:59"/>
	<testcase classname="create_formatted_resistance_string_tests.CreateFormattedResistanceStringTests" name="testCreateFormattedResistanceStringFourBandGreenWhiteRedGold" time="0.000" timestamp="2018-10-19T20:32:59"/>
	<testcase classname="create_formatted_resistance_string_tests.CreateFormattedResistanceStringTests" name="testCreateFormattedResistanceStringFourBandGreenWhiteRedGreen" time="0.000" timestamp="2018-10-19T20:32:59"/>
	<testcase classname="create_formatted_resistance_string_tests.CreateFormattedResistanceStringTests" name="testCreateFormattedResistanceStringFourBandGreenWhiteRedGrey" time="0.000" timestamp="2018-10-19T20:32:59"/>
	<testcase classname="create_formatted_resistance_string_tests.CreateFormattedResistanceStringTests" name="testCreateFormattedResistanceStringFourBandGreenWhiteRedNone" time="0.000" timestamp="2018-10-19T20:32:59"/>
	<testcase classname="create_formatted_resistance_string_tests.CreateFormattedResistanceStringTests" name="testCreateFormattedResistanceStringFourBandGreenWhiteRedRed" time="0.000" timestamp="2018-10-19T20:32:59"/>
	<testcase classname="create_formatted_resistance_string_tests.CreateFormattedResistanceStringTests" name="testCreateFormattedResistanceStringFourBandGreenWhiteRedSilver" time="0.000" timestamp="2018-10-19T20:32:59"/>
	<testcase classname="create_formatted_resistance_string_tests.CreateFormattedResistanceStringTests" name="testCreateFormattedResistanceStringFourBandGreenWhiteRedViolet" time="0.000" timestamp="2018-10-19T20:32:59"/>
	<testcase classname="create_formatted_resistance_string_tests.CreateFormattedResistanceStringTests" name="testCreateFormattedResistanceStringFourBandGreenWhiteSilverBlue" time="0.000" timestamp="2018-10-19T20:32:59"/>
	<testcase classname="create_formatted_resistance_string_tests.CreateFormattedResistanceStringTests" name="testCreateFormattedResistanceStringFourBandGreenWhiteSilverBrown" time="0.000" timestamp="2018-10-19T20:32:59"/>
	<testcase classname="create_formatted_resistance_string_tests.CreateFormattedResistanceStringTests" name="testCreateFormattedResistanceStringFourBandGreenWhiteSilverGold" time="0.000" timestamp="2018-10-19T20:32:59"/>
	<testcase classname="create_formatted_resistance_string_tests.CreateFormattedResistanceStringTests" name="testCreateFormattedResistanceStringFourBandGreenWhiteSilverGreen" time="0.000" timestamp="2018-10-19T20:32:59"/>
	<testcase classname="create_formatted_resistance_string_tests.CreateFormattedResistanceStringTests" name="testCreateFormattedResistanceStringFourBandGreenWhiteSilverGrey" time="0.000" timestamp="2018-10-19T20:32:59"/>
	<testcase classname="create_formatted_resistance_string_tests.CreateFormattedResistanceStringTests" name="testCreateFormattedResistanceStringFourBandGreenWhiteSilverNone" time="0.000" timestamp="2018-10-19T20:32:59"/>
	<testcase classname="create_formatted_resistance_string_tests.CreateFormattedResistanceStringTests" name="testCreateFormattedResistanceStringFourBandGreenWhiteSilverRed" time="0.000" timestamp="2018-10-19T20:32:59"/>
	<testcase classname="create_formatted_resistance_string_tests.CreateFormattedResistanceStringTests" name="testCreateFormattedResistanceStringFourBandGreenWhiteSilverSilver" time="0.000" timestamp="2018-10-19T20:32:59"/>
	<testcase classname="create_formatted_resistance_string_tests.CreateFormattedResistanceStringTests" name="testCreateFormattedResistanceStringFourBandGreenWhiteSilverViolet" time="0.000" timestamp="2018-10-19T20:32:59"/>
	<testcase classname="create_formatted_resistance_string_tests.CreateFormattedResistanceStringTests" name="testCreateFormattedResistanceStringFourBandGreenWhiteVioletBlue" time="0.000" timestamp="2018-10-19T20:32:59"/>
	<testcase classname="create_formatted_resistance_string_tests.CreateFormattedResistanceStringTests" name="testCreateFormattedResistanceStringFourBandGreenWhiteVioletBrown" time="0.000" timestamp="2018-10-19T20:32:59"/>
	<testcase classname="create_formatted_resistance_string_tests.CreateFormattedResistanceStringTests" name="testCreateFormattedResistanceStringFourBandGreenWhiteVioletGold" time="0.000" timestamp="2018-10-19T20:32:59"/>
	<testcase classname="create_formatted_resistance_string_tests.CreateFormattedResistanceStringTests" name="testCreateFormattedResistanceStringFourBandGreenWhiteVioletGreen" time="0.000" timestamp="2018-10-19T20:32:59"/>
	<testcase classname="create_formatted_resistance_string_tests.CreateFormattedResistanceStringTests" name="testCreateFormattedResistanceStringFourBandGreenWhiteVioletGrey" time="0.000" timestamp="2018-10-19T20:32:59"/>
	<testcase classname="create_formatted_resistance_string_tests.CreateFormattedResistanceStringTests" name="testCreateFormattedResistanceStringFourBandGreenWhiteVioletNone" time="0.000" timestamp="2018-10-19T20:32:59"/>
	<testcase classname="create_formatted_resistance_string_tests.CreateFormattedResistanceStringTests" name="testCreateFormattedResistanceStringFourBandGreenWhiteVioletRed" time="0.000" timestamp="2018-10-19T20:32:59"/>
	<testcase classname="create_formatted_resistance_string_tests.CreateFormattedResistanceStringTests" name="testCreateFormattedResistanceStringFourBandGreenWhiteVioletSilver" time="0.000" timestamp="2018-10-19T20:32:59"/>
	<testcase classname="create_formatted_resistance_string_tests.CreateFormattedResistanceStringTests" name="testCreateFormattedResistanceStringFourBandGreenWhiteVioletViolet" time="0.000" timestamp="2018-10-19T20:32:59"/>
	<testcase classname="create_formatted_resistance_string_tests.CreateFormattedResistanceStringTests" name="testCreateFormattedResistanceStringFourBandGreenWhiteWhiteBlue" time="0.000" timestamp="2018-10-19T20:32:59"/>
	<testcase classname="create_formatted_resistance_string_tests.CreateFormattedResistanceStringTests" name="testCreateFormattedResistanceStringFourBandGreenWhiteWhiteBrown" time="0.000" timestamp="2018-10-19T20:32:59"/>
	<testcase classname="create_formatted_resistance_string_tests.CreateFormattedResistanceStringTests" name="testCreateFormattedResistanceStringFourBandGreenWhiteWhiteGold" time="0.000" timestamp="2018-10-19T20:32:59"/>
	<testcase classname="create_formatted_resistance_string_tests.CreateFormattedResistanceStringTests" name="testCreateFormattedResistanceStringFourBandGreenWhiteWhiteGreen" time="0.000" timestamp="2018-10-19T20:32:59"/>
	<testcase classname="create_formatted_resistance_string_tests.CreateFormattedResistanceStringTests" name="testCreateFormattedResistanceStringFourBandGreenWhiteWhiteGrey" time="0.000" timestamp="2018-10-19T20:32:59"/>
	<testcase classname="create_formatted_resistance_string_tests.CreateFormattedResistanceStringTests" name="testCreateFormattedResistanceStringFourBandGreenWhiteWhiteNone" time="0.000" timestamp="2018-10-19T20:32:59"/>
	<testcase classname="create_formatted_resistance_string_tests.CreateFormattedResistanceStringTests" name="testCreateFormattedResistanceStringFourBandGreenWhiteWhiteRed" time="0.000" timestamp="2018-10-19T20:32:59"/>
	<testcase classname="create_formatted_resistance_string_tests.CreateFormattedResistanceStringTests" name="testCreateFormattedResistanceStringFourBandGreenWhiteWhiteSilver" time="0.000" timestamp="2018-10-19T20:32:59"/>
	<testcase classname="create_formatted_resistance_string_tests.CreateFormattedResistanceStringTests" name="testCreateFormattedResistanceStringFourBandGreenWhiteWhiteViolet" time="0.000" timestamp="2018-10-19T20:32:59"/>
	<testcase classname="create_formatted_resistance_string_tests.CreateFormattedResistanceStringTests" name="testCreateFormattedResistanceStringFourBandGreenWhiteYellowBlue" time="0.000" timestamp="2018-10-19T20:32:59"/>
	<testcase classname="create_formatted_resistance_string_tests.CreateFormattedResistanceStringTests" name="testCreateFormattedResistanceStringFourBandGreenWhiteYellowBrown" time="0.000" timestamp="2018-10-19T20:32:59"/>
	<testcase classname="create_formatted_resistance_string_tests.CreateFormattedResistanceStringTests" name="testCreateFormattedResistanceStringFourBandGreenWhiteYellowGold" time="0.000" timestamp="2018-10-19T20:32:59"/>
	<testcase classname="create_formatted_resistance_string_tests.CreateFormattedResistanceStringTests" name="testCreateFormattedResistanceStringFourBandGreenWhiteYellowGreen" time="0.000" timestamp="2018-10-19T20:32:59"/>
	<testcase classname="create_formatted_resistance_string_tests.CreateFormattedResistanceStringTests" name="testCreateFormattedResistanceStringFourBandGreenWhiteYellowGrey" time="0.000" timestamp="2018-10-19T20:32:59"/>
	<testcase classname="create_formatted_resistance_string_tests.CreateFormattedResistanceStringTests" name="testCreateFormattedResistanceStringFourBandGreenWhiteYellowNone" time="0.000" timestamp="2018-10-19T20:32:59"/>
	<testcase classname="create_formatted_resistance_string_tests.CreateFormattedResistanceStringTests" name="testCreateFormattedResistanceStringFourBandGreenWhiteYellowRed" time="0.000" timestamp="2018-10-19T20:32:59"/>
	<testcase classname="create_formatted_resistance_string_tests.CreateFormattedResistanceStringTests" name="testCreateFormattedResistanceStringFourBandGreenWhiteYellowSilver" time="0.000" timestamp="2018-10-19T20:32:59"/>
	<testcase classname="create_formatted_resistance_string_tests.CreateFormattedResistanceStringTests" name="testCreateFormattedResistanceStringFourBandGreenWhiteYellowViolet" time="0.000" timestamp="2018-10-19T20:32:59"/>
	<testcase classname="create_formatted_resistance_string_tests.CreateFormattedResistanceStringTests" name="testCreateFormattedResistanceStringFourBandGreenYellowBlackBlue" time="0.000" timestamp="2018-10-19T20:32:59"/>
	<testcase classname="create_formatted_resistance_string_tests.CreateFormattedResistanceStringTests" name="testCreateFormattedResistanceStringFourBandGreenYellowBlackBrown" time="0.000" timestamp="2018-10-19T20:32:59"/>
	<testcase classname="create_formatted_resistance_string_tests.CreateFormattedResistanceStringTests" name="testCreateFormattedResistanceStringFourBandGreenYellowBlackGold" time="0.000" timestamp="2018-10-19T20:32:59"/>
	<testcase classname="create_formatted_resistance_string_tests.CreateFormattedResistanceStringTests" name="testCreateFormattedResistanceStringFourBandGreenYellowBlackGreen" time="0.000" timestamp="2018-10-19T20:32:59"/>
	<testcase classname="create_formatted_resistance_string_tests.CreateFormattedResistanceStringTests" name="testCreateFormattedResistanceStringFourBandGreenYellowBlackGrey" time="0.000" timestamp="2018-10-19T20:32:59"/>
	<testcase classname="create_formatted_resistance_string_tests.CreateFormattedResistanceStringTests" name="testCreateFormattedResistanceStringFourBandGreenYellowBlackNone" time="0.000" timestamp="2018-10-19T20:32:59"/>
	<testcase classname="create_formatted_resistance_string_tests.CreateFormattedResistanceStringTests" name="testCreateFormattedResistanceStringFourBandGreenYellowBlackRed" time="0.000" timestamp="2018-10-19T20:32:59"/>
	<testcase classname="create_formatted_resistance_string_tests.CreateFormattedResistanceStringTests" name="testCreateFormattedResistanceStringFourBandGreenYellowBlackSilver" time="0.000" timestamp="2018-10-19T20:32:59"/>
	<testcase classname="create_formatted_resistance_string_tests.CreateFormattedResistanceStringTests" name="testCreateFormattedResistanceStringFourBandGreenYellowBlackViolet" time="0.000" timestamp="2018-10-19T20:32:59"/>
	<testcase classname="create_formatted_resistance_string_tests.CreateFormattedResistanceStringTests" name="testCreateFormattedResistanceStringFourBandGreenYellowBlueBlue" time="0.000" timestamp="2018-10-19T20:32:59"/>
	<testcase classname="create_formatted_resistance_string_tests.CreateFormattedResistanceStringTests" name="testCreateFormattedResistanceStringFourBandGreenYellowBlueBrown" time="0.000" timestamp="2018-10-19T20:32:59"/>
	<testcase classname="create_formatted_resistance_string_tests.CreateFormattedResistanceStringTests" name="testCreateFormattedResistanceStringFourBandGreenYellowBlueGold" time="0.000" timestamp="2018-10-19T20:32:59"/>
	<testcase classname="create_formatted_resistance_string_tests.CreateFormattedResistanceStringTests" name="testCreateFormattedResistanceStringFourBandGreenYellowBlueGreen" time="0.000" timestamp="2018-10-19T20:32:59"/>
	<testcase classname="create_formatted_resistance_string_tests.CreateFormattedResistanceStringTests" name="testCreateFormattedResistanceStringFourBandGreenYellowBlueGrey" time="0.000" timestamp="2018-10-19T20:32:59"/>
	<testcase classname="create_formatted_resistance_string_tests.CreateFormattedResistanceStringTests" name="testCreateFormattedResistanceStringFourBandGreenYellowBlueNone" time="0.000" timestamp="2018-10-19T20:32:59"/>
	<testcase classname="create_formatted_resistance_string_tests.CreateFormattedResistanceStringTests" name="testCreateFormattedResistanceStringFourBandGreenYellowBlueRed" time="0.000" timestamp="2018-10-19T20:32:59"/>
	<testcase classname="create_formatted_resistance_string_tests.CreateFormattedResistanceStringTests" name="testCreateFormattedResistanceStringFourBandGreenYellowBlueSilver" time="0.000" timestamp="2018-10-19T20:32:59"/>
	<testcase classname="create_formatted_resistance_string_tests.CreateFormattedResistanceStringTests" name="testCreateFormattedResistanceStringFourBandGreenYellowBlueViolet" time="0.000" timestamp="2018-10-19T20:32:59"/>
	<testcase classname="create_formatted_resistance_string_tests.CreateFormattedResistanceStringTests" name="testCreateFormattedResistanceStringFourBandGreenYellowBrownBlue" time="0.000" timestamp="2018-10-19T20:32:59"/>
	<testcase classname="create_formatted_resistance_string_tests.CreateFormattedResistanceStringTests" name="testCreateFormattedResistanceStringFourBandGreenYellowBrownBrown" time="0.000" timestamp="2018-10-19T20:32:59"/>
	<testcase classname="create_formatted_resistance_string_tests.CreateFormattedResistanceStringTests" name="testCreateFormattedResistanceStringFourBandGreenYellowBrownGold" time="0.000" timestamp="2018-10-19T20:32:59"/>
	<testcase classname="create_formatted_resistance_string_tests.CreateFormattedResistanceStringTests" name="testCreateFormattedResistanceStringFourBandGreenYellowBrownGreen" time="0.000" timestamp="2018-10-19T20:32:59"/>
	<testcase classname="create_formatted_resistance_string_tests.CreateFormattedResistanceStringTests" name="testCreateFormattedResistanceStringFourBandGreenYellowBrownGrey" time="0.000" timestamp="2018-10-19T20:32:59"/>
	<testcase classname="create_formatted_resistance_string_tests.CreateFormattedResistanceStringTests" name="testCreateFormattedResistanceStringFourBandGreenYellowBrownNone" time="0.000" timestamp="2018-10-19T20:32:59"/>
	<testcase classname="create_formatted_resistance_string_tests.CreateFormattedResistanceStringTests" name="testCreateFormattedResistanceStringFourBandGreenYellowBrownRed" time="0.000" timestamp="2018-10-19T20:32:59"/>
	<testcase classname="create_formatted_resistance_string_tests.CreateFormattedResistanceStringTests" name="testCreateFormattedResistanceStringFourBandGreenYellowBrownSilver" time="0.000" timestamp="2018-10-19T20:32:59"/>
	<testcase classname="create_formatted_resistance_string_tests.CreateFormattedResistanceStringTests" name="testCreateFormattedResistanceStringFourBandGreenYellowBrownViolet" time="0.000" timestamp="2018-10-19T20:32:59"/>
	<testcase classname="create_formatted_resistance_string_tests.CreateFormattedResistanceStringTests" name="testCreateFormattedResistanceStringFourBandGreenYellowGoldBlue" time="0.000" timestamp="2018-10-19T20:32:59"/>
	<testcase classname="create_formatted_resistance_string_tests.CreateFormattedResistanceStringTests" name="testCreateFormattedResistanceStringFourBandGreenYellowGoldBrown" time="0.000" timestamp="2018-10-19T20:32:59"/>
	<testcase classname="create_formatted_resistance_string_tests.CreateFormattedResistanceStringTests" name="testCreateFormattedResistanceStringFourBandGreenYellowGoldGold" time="0.000" timestamp="2018-10-19T20:32:59"/>
	<testcase classname="create_formatted_resistance_string_tests.CreateFormattedResistanceStringTests" name="testCreateFormattedResistanceStringFourBandGreenYellowGoldGreen" time="0.000" timestamp="2018-10-19T20:32:59"/>
	<testcase classname="create_formatted_resistance_string_tests.CreateFormattedResistanceStringTests" name="testCreateFormattedResistanceStringFourBandGreenYellowGoldGrey" time="0.000" timestamp="2018-10-19T20:32:59"/>
	<testcase classname="create_formatted_resistance_string_tests.CreateFormattedResistanceStringTests" name="testCreateFormattedResistanceStringFourBandGreenYellowGoldNone" time="0.000" timestamp="2018-10-19T20:32:59"/>
	<testcase classname="create_formatted_resistance_string_tests.CreateFormattedResistanceStringTests" name="testCreateFormattedResistanceStringFourBandGreenYellowGoldRed" time="0.000" timestamp="2018-10-19T20:32:59"/>
	<testcase classname="create_formatted_resistance_string_tests.CreateFormattedResistanceStringTests" name="testCreateFormattedResistanceStringFourBandGreenYellowGoldSilver" time="0.000" timestamp="2018-10-19T20:32:59"/>
	<testcase classname="create_formatted_resistance_string_tests.CreateFormattedResistanceStringTests" name="testCreateFormattedResistanceStringFourBandGreenYellowGoldViolet" time="0.000" timestamp="2018-10-19T20:32:59"/>
	<testcase classname="create_formatted_resistance_string_tests.CreateFormattedResistanceStringTests" name="testCreateFormattedResistanceStringFourBandGreenYellowGreenBlue" time="0.000" timestamp="2018-10-19T20:32:59"/>
	<testcase classname="create_formatted_resistance_string_tests.CreateFormattedResistanceStringTests" name="testCreateFormattedResistanceStringFourBandGreenYellowGreenBrown" time="0.000" timestamp="2018-10-19T20:32:59"/>
	<testcase classname="create_formatted_resistance_string_tests.CreateFormattedResistanceStringTests" name="testCreateFormattedResistanceStringFourBandGreenYellowGreenGold" time="0.000" timestamp="2018-10-19T20:32:59"/>
	<testcase classname="create_formatted_resistance_string_tests.CreateFormattedResistanceStringTests" name="testCreateFormattedResistanceStringFourBandGreenYellowGreenGreen" time="0.000" timestamp="2018-10-19T20:32:59"/>
	<testcase classname="create_formatted_resistance_string_tests.CreateFormattedResistanceStringTests" name="testCreateFormattedResistanceStringFourBandGreenYellowGreenGrey" time="0.000" timestamp="2018-10-19T20:32:59"/>
	<testcase classname="create_formatted_resistance_string_tests.CreateFormattedResistanceStringTests" name="testCreateFormattedResistanceStringFourBandGreenYellowGreenNone" time="0.000" timestamp="2018-10-19T20:32:59"/>
	<testcase classname="create_formatted_resistance_string_tests.CreateFormattedResistanceStringTests" name="testCreateFormattedResistanceStringFourBandGreenYellowGreenRed" time="0.000" timestamp="2018-10-19T20:32:59"/>
	<testcase classname="create_formatted_resistance_string_tests.CreateFormattedResistanceStringTests" name="testCreateFormattedResistanceStringFourBandGreenYellowGreenSilver" time="0.000" timestamp="2018-10-19T20:32:59"/>
	<testcase classname="create_formatted_resistance_string_tests.CreateFormattedResistanceStringTests" name="testCreateFormattedResistanceStringFourBandGreenYellowGreenViolet" time="0.000" timestamp="2018-10-19T20:32:59"/>
	<testcase classname="create_formatted_resistance_string_tests.CreateFormattedResistanceStringTests" name="testCreateFormattedResistanceStringFourBandGreenYellowGreyBlue" time="0.000" timestamp="2018-10-19T20:32:59"/>
	<testcase classname="create_formatted_resistance_string_tests.CreateFormattedResistanceStringTests" name="testCreateFormattedResistanceStringFourBandGreenYellowGreyBrown" time="0.000" timestamp="2018-10-19T20:32:59"/>
	<testcase classname="create_formatted_resistance_string_tests.CreateFormattedResistanceStringTests" name="testCreateFormattedResistanceStringFourBandGreenYellowGreyGold" time="0.000" timestamp="2018-10-19T20:32:59"/>
	<testcase classname="create_formatted_resistance_string_tests.CreateFormattedResistanceStringTests" name="testCreateFormattedResistanceStringFourBandGreenYellowGreyGreen" time="0.000" timestamp="2018-10-19T20:32:59"/>
	<testcase classname="create_formatted_resistance_string_tests.CreateFormattedResistanceStringTests" name="testCreateFormattedResistanceStringFourBandGreenYellowGreyGrey" time="0.000" timestamp="2018-10-19T20:32:59"/>
	<testcase classname="create_formatted_resistance_string_tests.CreateFormattedResistanceStringTests" name="testCreateFormattedResistanceStringFourBandGreenYellowGreyNone" time="0.000" timestamp="2018-10-19T20:32:59"/>
	<testcase classname="create_formatted_resistance_string_tests.CreateFormattedResistanceStringTests" name="testCreateFormattedResistanceStringFourBandGreenYellowGreyRed" time="0.000" timestamp="2018-10-19T20:32:59"/>
	<testcase classname="create_formatted_resistance_string_tests.CreateFormattedResistanceStringTests" name="testCreateFormattedResistanceStringFourBandGreenYellowGreySilver" time="0.000" timestamp="2018-10-19T20:32:59"/>
	<testcase classname="create_formatted_resistance_string_tests.CreateFormattedResistanceStringTests" name="testCreateFormattedResistanceStringFourBandGreenYellowGreyViolet" time="0.000" timestamp="2018-10-19T20:32:59"/>
	<testcase classname="create_formatted_resistance_string_tests.CreateFormattedResistanceStringTests" name="testCreateFormattedResistanceStringFourBandGreenYellowOrangeBlue" time="0.000" timestamp="2018-10-19T20:32:59"/>
	<testcase classname="create_formatted_resistance_string_tests.CreateFormattedResistanceStringTests" name="testCreateFormattedResistanceStringFourBandGreenYellowOrangeBrown" time="0.000" timestamp="2018-10-19T20:32:59"/>
	<testcase classname="create_formatted_resistance_string_tests.CreateFormattedResistanceStringTests" name="testCreateFormattedResistanceStringFourBandGreenYellowOrangeGold" time="0.000" timestamp="2018-10-19T20:32:59"/>
	<testcase classname="create_formatted_resistance_string_tests.CreateFormattedResistanceStringTests" name="testCreateFormattedResistanceStringFourBandGreenYellowOrangeGreen" time="0.000" timestamp="2018-10-19T20:32:59"/>
	<testcase classname="create_formatted_resistance_string_tests.CreateFormattedResistanceStringTests" name="testCreateFormattedResistanceStringFourBandGreenYellowOrangeGrey" time="0.000" timestamp="2018-10-19T20:32:59"/>
	<testcase classname="create_formatted_resistance_string_tests.CreateFormattedResistanceStringTests" name="testCreateFormattedResistanceStringFourBandGreenYellowOrangeNone" time="0.000" timestamp="2018-10-19T20:32:59"/>
	<testcase classname="create_formatted_resistance_string_tests.CreateFormattedResistanceStringTests" name="testCreateFormattedResistanceStringFourBandGreenYellowOrangeRed" time="0.000" timestamp="2018-10-19T20:32:59"/>
	<testcase classname="create_formatted_resistance_string_tests.CreateFormattedResistanceStringTests" name="testCreateFormattedResistanceStringFourBandGreenYellowOrangeSilver" time="0.000" timestamp="2018-10-19T20:32:59"/>
	<testcase classname="create_formatted_resistance_string_tests.CreateFormattedResistanceStringTests" name="testCreateFormattedResistanceStringFourBandGreenYellowOrangeViolet" time="0.000" timestamp="2018-10-19T20:32:59"/>
	<testcase classname="create_formatted_resistance_string_tests.CreateFormattedResistanceStringTests" name="testCreateFormattedResistanceStringFourBandGreenYellowRedBlue" time="0.000" timestamp="2018-10-19T20:32:59"/>
	<testcase classname="create_formatted_resistance_string_tests.CreateFormattedResistanceStringTests" name="testCreateFormattedResistanceStringFourBandGreenYellowRedBrown" time="0.000" timestamp="2018-10-19T20:32:59"/>
	<testcase classname="create_formatted_resistance_string_tests.CreateFormattedResistanceStringTests" name="testCreateFormattedResistanceStringFourBandGreenYellowRedGold" time="0.000" timestamp="2018-10-19T20:32:59"/>
	<testcase classname="create_formatted_resistance_string_tests.CreateFormattedResistanceStringTests" name="testCreateFormattedResistanceStringFourBandGreenYellowRedGreen" time="0.000" timestamp="2018-10-19T20:32:59"/>
	<testcase classname="create_formatted_resistance_string_tests.CreateFormattedResistanceStringTests" name="testCreateFormattedResistanceStringFourBandGreenYellowRedGrey" time="0.000" timestamp="2018-10-19T20:32:59"/>
	<testcase classname="create_formatted_resistance_string_tests.CreateFormattedResistanceStringTests" name="testCreateFormattedResistanceStringFourBandGreenYellowRedNone" time="0.000" timestamp="2018-10-19T20:32:59"/>
	<testcase classname="create_formatted_resistance_string_tests.CreateFormattedResistanceStringTests" name="testCreateFormattedResistanceStringFourBandGreenYellowRedRed" time="0.000" timestamp="2018-10-19T20:32:59"/>
	<testcase classname="create_formatted_resistance_string_tests.CreateFormattedResistanceStringTests" name="testCreateFormattedResistanceStringFourBandGreenYellowRedSilver" time="0.000" timestamp="2018-10-19T20:32:59"/>
	<testcase classname="create_formatted_resistance_string_tests.CreateFormattedResistanceStringTests" name="testCreateFormattedResistanceStringFourBandGreenYellowRedViolet" time="0.000" timestamp="2018-10-19T20:32:59"/>
	<testcase classname="create_formatted_resistance_string_tests.CreateFormattedResistanceStringTests" name="testCreateFormattedResistanceStringFourBandGreenYellowSilverBlue" time="0.000" timestamp="2018-10-19T20:32:59"/>
	<testcase classname="create_formatted_resistance_string_tests.CreateFormattedResistanceStringTests" name="testCreateFormattedResistanceStringFourBandGreenYellowSilverBrown" time="0.000" timestamp="2018-10-19T20:32:59"/>
	<testcase classname="create_formatted_resistance_string_tests.CreateFormattedResistanceStringTests" name="testCreateFormattedResistanceStringFourBandGreenYellowSilverGold" time="0.000" timestamp="2018-10-19T20:32:59"/>
	<testcase classname="create_formatted_resistance_string_tests.CreateFormattedResistanceStringTests" name="testCreateFormattedResistanceStringFourBandGreenYellowSilverGreen" time="0.000" timestamp="2018-10-19T20:32:59"/>
	<testcase classname="create_formatted_resistance_string_tests.CreateFormattedResistanceStringTests" name="testCreateFormattedResistanceStringFourBandGreenYellowSilverGrey" time="0.000" timestamp="2018-10-19T20:32:59"/>
	<testcase classname="create_formatted_resistance_string_tests.CreateFormattedResistanceStringTests" name="testCreateFormattedResistanceStringFourBandGreenYellowSilverNone" time="0.000" timestamp="2018-10-19T20:32:59"/>
	<testcase classname="create_formatted_resistance_string_tests.CreateFormattedResistanceStringTests" name="testCreateFormattedResistanceStringFourBandGreenYellowSilverRed" time="0.000" timestamp="2018-10-19T20:32:59"/>
	<testcase classname="create_formatted_resistance_string_tests.CreateFormattedResistanceStringTests" name="testCreateFormattedResistanceStringFourBandGreenYellowSilverSilver" time="0.000" timestamp="2018-10-19T20:32:59"/>
	<testcase classname="create_formatted_resistance_string_tests.CreateFormattedResistanceStringTests" name="testCreateFormattedResistanceStringFourBandGreenYellowSilverViolet" time="0.000" timestamp="2018-10-19T20:32:59"/>
	<testcase classname="create_formatted_resistance_string_tests.CreateFormattedResistanceStringTests" name="testCreateFormattedResistanceStringFourBandGreenYellowVioletBlue" time="0.000" timestamp="2018-10-19T20:32:59"/>
	<testcase classname="create_formatted_resistance_string_tests.CreateFormattedResistanceStringTests" name="testCreateFormattedResistanceStringFourBandGreenYellowVioletBrown" time="0.000" timestamp="2018-10-19T20:32:59"/>
	<testcase classname="create_formatted_resistance_string_tests.CreateFormattedResistanceStringTests" name="testCreateFormattedResistanceStringFourBandGreenYellowVioletGold" time="0.000" timestamp="2018-10-19T20:32:59"/>
	<testcase classname="create_formatted_resistance_string_tests.CreateFormattedResistanceStringTests" name="testCreateFormattedResistanceStringFourBandGreenYellowVioletGreen" time="0.000" timestamp="2018-10-19T20:32:59"/>
	<testcase classname="create_formatted_resistance_string_tests.CreateFormattedResistanceStringTests" name="testCreateFormattedResistanceStringFourBandGreenYellowVioletGrey" time="0.000" timestamp="2018-10-19T20:32:59"/>
	<testcase classname="create_formatted_resistance_string_tests.CreateFormattedResistanceStringTests" name="testCreateFormattedResistanceStringFourBandGreenYellowVioletNone" time="0.000" timestamp="2018-10-19T20:32:59"/>
	<testcase classname="create_formatted_resistance_string_tests.CreateFormattedResistanceStringTests" name="testCreateFormattedResistanceStringFourBandGreenYellowVioletRed" time="0.000" timestamp="2018-10-19T20:32:59"/>
	<testcase classname="create_formatted_resistance_string_tests.CreateFormattedResistanceStringTests" name="testCreateFormattedResistanceStringFourBandGreenYellowVioletSilver" time="0.000" timestamp="2018-10-19T20:32:59"/>
	<testcase classname="create_formatted_resistance_string_tests.CreateFormattedResistanceStringTests" name="testCreateFormattedResistanceStringFourBandGreenYellowVioletViolet" time="0.000" timestamp="2018-10-19T20:32:59"/>
	<testcase classname="create_formatted_resistance_string_tests.CreateFormattedResistanceStringTests" name="testCreateFormattedResistanceStringFourBandGreenYellowWhiteBlue" time="0.000" timestamp="2018-10-19T20:32:59"/>
	<testcase classname="create_formatted_resistance_string_tests.CreateFormattedResistanceStringTests" name="testCreateFormattedResistanceStringFourBandGreenYellowWhiteBrown" time="0.000" timestamp="2018-10-19T20:32:59"/>
	<testcase classname="create_formatted_resistance_string_tests.CreateFormattedResistanceStringTests" name="testCreateFormattedResistanceStringFourBandGreenYellowWhiteGold" time="0.000" timestamp="2018-10-19T20:32:59"/>
	<testcase classname="create_formatted_resistance_string_tests.CreateFormattedResistanceStringTests" name="testCreateFormattedResistanceStringFourBandGreenYellowWhiteGreen" time="0.000" timestamp="2018-10-19T20:32:59"/>
	<testcase classname="create_formatted_resistance_string_tests.CreateFormattedResistanceStringTests" name="testCreateFormattedResistanceStringFourBandGreenYellowWhiteGrey" time="0.000" timestamp="2018-10-19T20:32:59"/>
	<testcase classname="create_formatted_resistance_string_tests.CreateFormattedResistanceStringTests" name="testCreateFormattedResistanceStringFourBandGreenYellowWhiteNone" time="0.000" timestamp="2018-10-19T20:32:59"/>
	<testcase classname="create_formatted_resistance_string_tests.CreateFormattedResistanceStringTests" name="testCreateFormattedResistanceStringFourBandGreenYellowWhiteRed" time="0.000" timestamp="2018-10-19T20:32:59"/>
	<testcase classname="create_formatted_resistance_string_tests.CreateFormattedResistanceStringTests" name="testCreateFormattedResistanceStringFourBandGreenYellowWhiteSilver" time="0.000" timestamp="2018-10-19T20:32:59"/>
	<testcase classname="create_formatted_resistance_string_tests.CreateFormattedResistanceStringTests" name="testCreateFormattedResistanceStringFourBandGreenYellowWhiteViolet" time="0.000" timestamp="2018-10-19T20:32:59"/>
	<testcase classname="create_formatted_resistance_string_tests.CreateFormattedResistanceStringTests" name="testCreateFormattedResistanceStringFourBandGreenYellowYellowBlue" time="0.000" timestamp="2018-10-19T20:32:59"/>
	<testcase classname="create_formatted_resistance_string_tests.CreateFormattedResistanceStringTests" name="testCreateFormattedResistanceStringFourBandGreenYellowYellowBrown" time="0.000" timestamp="2018-10-19T20:32:59"/>
	<testcase classname="create_formatted_resistance_string_tests.CreateFormattedResistanceStringTests" name="testCreateFormattedResistanceStringFourBandGreenYellowYellowGold" time="0.000" timestamp="2018-10-19T20:32:59"/>
	<testcase classname="create_formatted_resistance_string_tests.CreateFormattedResistanceStringTests" name="testCreateFormattedResistanceStringFourBandGreenYellowYellowGreen" time="0.000" timestamp="2018-10-19T20:32:59"/>
	<testcase classname="create_formatted_resistance_string_tests.CreateFormattedResistanceStringTests" name="testCreateFormattedResistanceStringFourBandGreenYellowYellowGrey" time="0.000" timestamp="2018-10-19T20:32:59"/>
	<testcase classname="create_formatted_resistance_string_tests.CreateFormattedResistanceStringTests" name="testCreateFormattedResistanceStringFourBandGreenYellowYellowNone" time="0.000" timestamp="2018-10-19T20:32:59"/>
	<testcase classname="create_formatted_resistance_string_tests.CreateFormattedResistanceStringTests" name="testCreateFormattedResistanceStringFourBandGreenYellowYellowRed" time="0.000" timestamp="2018-10-19T20:32:59"/>
	<testcase classname="create_formatted_resistance_string_tests.CreateFormattedResistanceStringTests" name="testCreateFormattedResistanceStringFourBandGreenYellowYellowSilver" time="0.000" timestamp="2018-10-19T20:32:59"/>
	<testcase classname="create_formatted_resistance_string_tests.CreateFormattedResistanceStringTests" name="testCreateFormattedResistanceStringFourBandGreenYellowYellowViolet" time="0.000" timestamp="2018-10-19T20:32:59"/>
	<testcase classname="create_formatted_resistance_string_tests.CreateFormattedResistanceStringTests" name="testCreateFormattedResistanceStringFourBandGreyBlackBlackBlue" time="0.000" timestamp="2018-10-19T20:32:59"/>
	<testcase classname="create_formatted_resistance_string_tests.CreateFormattedResistanceStringTests" name="testCreateFormattedResistanceStringFourBandGreyBlackBlackBrown" time="0.000" timestamp="2018-10-19T20:32:59"/>
	<testcase classname="create_formatted_resistance_string_tests.CreateFormattedResistanceStringTests" name="testCreateFormattedResistanceStringFourBandGreyBlackBlackGold" time="0.000" timestamp="2018-10-19T20:32:59"/>
	<testcase classname="create_formatted_resistance_string_tests.CreateFormattedResistanceStringTests" name="testCreateFormattedResistanceStringFourBandGreyBlackBlackGreen" time="0.000" timestamp="2018-10-19T20:32:59"/>
	<testcase classname="create_formatted_resistance_string_tests.CreateFormattedResistanceStringTests" name="testCreateFormattedResistanceStringFourBandGreyBlackBlackGrey" time="0.000" timestamp="2018-10-19T20:32:59"/>
	<testcase classname="create_formatted_resistance_string_tests.CreateFormattedResistanceStringTests" name="testCreateFormattedResistanceStringFourBandGreyBlackBlackNone" time="0.000" timestamp="2018-10-19T20:32:59"/>
	<testcase classname="create_formatted_resistance_string_tests.CreateFormattedResistanceStringTests" name="testCreateFormattedResistanceStringFourBandGreyBlackBlackRed" time="0.000" timestamp="2018-10-19T20:32:59"/>
	<testcase classname="create_formatted_resistance_string_tests.CreateFormattedResistanceStringTests" name="testCreateFormattedResistanceStringFourBandGreyBlackBlackSilver" time="0.000" timestamp="2018-10-19T20:32:59"/>
	<testcase classname="create_formatted_resistance_string_tests.CreateFormattedResistanceStringTests" name="testCreateFormattedResistanceStringFourBandGreyBlackBlackViolet" time="0.000" timestamp="2018-10-19T20:32:59"/>
	<testcase classname="create_formatted_resistance_string_tests.CreateFormattedResistanceStringTests" name="testCreateFormattedResistanceStringFourBandGreyBlackBlueBlue" time="0.000" timestamp="2018-10-19T20:32:59"/>
	<testcase classname="create_formatted_resistance_string_tests.CreateFormattedResistanceStringTests" name="testCreateFormattedResistanceStringFourBandGreyBlackBlueBrown" time="0.000" timestamp="2018-10-19T20:32:59"/>
	<testcase classname="create_formatted_resistance_string_tests.CreateFormattedResistanceStringTests" name="testCreateFormattedResistanceStringFourBandGreyBlackBlueGold" time="0.000" timestamp="2018-10-19T20:32:59"/>
	<testcase classname="create_formatted_resistance_string_tests.CreateFormattedResistanceStringTests" name="testCreateFormattedResistanceStringFourBandGreyBlackBlueGreen" time="0.000" timestamp="2018-10-19T20:32:59"/>
	<testcase classname="create_formatted_resistance_string_tests.CreateFormattedResistanceStringTests" name="testCreateFormattedResistanceStringFourBandGreyBlackBlueGrey" time="0.000" timestamp="2018-10-19T20:32:59"/>
	<testcase classname="create_formatted_resistance_string_tests.CreateFormattedResistanceStringTests" name="testCreateFormattedResistanceStringFourBandGreyBlackBlueNone" time="0.000" timestamp="2018-10-19T20:32:59"/>
	<testcase classname="create_formatted_resistance_string_tests.CreateFormattedResistanceStringTests" name="testCreateFormattedResistanceStringFourBandGreyBlackBlueRed" time="0.000" timestamp="2018-10-19T20:32:59"/>
	<testcase classname="create_formatted_resistance_string_tests.CreateFormattedResistanceStringTests" name="testCreateFormattedResistanceStringFourBandGreyBlackBlueSilver" time="0.000" timestamp="2018-10-19T20:32:59"/>
	<testcase classname="create_formatted_resistance_string_tests.CreateFormattedResistanceStringTests" name="testCreateFormattedResistanceStringFourBandGreyBlackBlueViolet" time="0.000" timestamp="2018-10-19T20:32:59"/>
	<testcase classname="create_formatted_resistance_string_tests.CreateFormattedResistanceStringTests" name="testCreateFormattedResistanceStringFourBandGreyBlackBrownBlue" time="0.000" timestamp="2018-10-19T20:32:59"/>
	<testcase classname="create_formatted_resistance_string_tests.CreateFormattedResistanceStringTests" name="testCreateFormattedResistanceStringFourBandGreyBlackBrownBrown" time="0.000" timestamp="2018-10-19T20:32:59"/>
	<testcase classname="create_formatted_resistance_string_tests.CreateFormattedResistanceStringTests" name="testCreateFormattedResistanceStringFourBandGreyBlackBrownGold" time="0.000" timestamp="2018-10-19T20:32:59"/>
	<testcase classname="create_formatted_resistance_string_tests.CreateFormattedResistanceStringTests" name="testCreateFormattedResistanceStringFourBandGreyBlackBrownGreen" time="0.000" timestamp="2018-10-19T20:32:59"/>
	<testcase classname="create_formatted_resistance_string_tests.CreateFormattedResistanceStringTests" name="testCreateFormattedResistanceStringFourBandGreyBlackBrownGrey" time="0.000" timestamp="2018-10-19T20:32:59"/>
	<testcase classname="create_formatted_resistance_string_tests.CreateFormattedResistanceStringTests" name="testCreateFormattedResistanceStringFourBandGreyBlackBrownNone" time="0.000" timestamp="2018-10-19T20:32:59"/>
	<testcase classname="create_formatted_resistance_string_tests.CreateFormattedResistanceStringTests" name="testCreateFormattedResistanceStringFourBandGreyBlackBrownRed" time="0.000" timestamp="2018-10-19T20:32:59"/>
	<testcase classname="create_formatted_resistance_string_tests.CreateFormattedResistanceStringTests" name="testCreateFormattedResistanceStringFourBandGreyBlackBrownSilver" time="0.000" timestamp="2018-10-19T20:32:59"/>
	<testcase classname="create_formatted_resistance_string_tests.CreateFormattedResistanceStringTests" name="testCreateFormattedResistanceStringFourBandGreyBlackBrownViolet" time="0.000" timestamp="2018-10-19T20:32:59"/>
	<testcase classname="create_formatted_resistance_string_tests.CreateFormattedResistanceStringTests" name="testCreateFormattedResistanceStringFourBandGreyBlackGoldBlue" time="0.000" timestamp="2018-10-19T20:32:59"/>
	<testcase classname="create_formatted_resistance_string_tests.CreateFormattedResistanceStringTests" name="testCreateFormattedResistanceStringFourBandGreyBlackGoldBrown" time="0.000" timestamp="2018-10-19T20:32:59"/>
	<testcase classname="create_formatted_resistance_string_tests.CreateFormattedResistanceStringTests" name="testCreateFormattedResistanceStringFourBandGreyBlackGoldGold" time="0.000" timestamp="2018-10-19T20:32:59"/>
	<testcase classname="create_formatted_resistance_string_tests.CreateFormattedResistanceStringTests" name="testCreateFormattedResistanceStringFourBandGreyBlackGoldGreen" time="0.000" timestamp="2018-10-19T20:32:59"/>
	<testcase classname="create_formatted_resistance_string_tests.CreateFormattedResistanceStringTests" name="testCreateFormattedResistanceStringFourBandGreyBlackGoldGrey" time="0.000" timestamp="2018-10-19T20:32:59"/>
	<testcase classname="create_formatted_resistance_string_tests.CreateFormattedResistanceStringTests" name="testCreateFormattedResistanceStringFourBandGreyBlackGoldNone" time="0.000" timestamp="2018-10-19T20:32:59"/>
	<testcase classname="create_formatted_resistance_string_tests.CreateFormattedResistanceStringTests" name="testCreateFormattedResistanceStringFourBandGreyBlackGoldRed" time="0.000" timestamp="2018-10-19T20:32:59"/>
	<testcase classname="create_formatted_resistance_string_tests.CreateFormattedResistanceStringTests" name="testCreateFormattedResistanceStringFourBandGreyBlackGoldSilver" time="0.000" timestamp="2018-10-19T20:32:59"/>
	<testcase classname="create_formatted_resistance_string_tests.CreateFormattedResistanceStringTests" name="testCreateFormattedResistanceStringFourBandGreyBlackGoldViolet" time="0.000" timestamp="2018-10-19T20:32:59"/>
	<testcase classname="create_formatted_resistance_string_tests.CreateFormattedResistanceStringTests" name="testCreateFormattedResistanceStringFourBandGreyBlackGreenBlue" time="0.000" timestamp="2018-10-19T20:32:59"/>
	<testcase classname="create_formatted_resistance_string_tests.CreateFormattedResistanceStringTests" name="testCreateFormattedResistanceStringFourBandGreyBlackGreenBrown" time="0.000" timestamp="2018-10-19T20:32:59"/>
	<testcase classname="create_formatted_resistance_string_tests.CreateFormattedResistanceStringTests" name="testCreateFormattedResistanceStringFourBandGreyBlackGreenGold" time="0.000" timestamp="2018-10-19T20:32:59"/>
	<testcase classname="create_formatted_resistance_string_tests.CreateFormattedResistanceStringTests" name="testCreateFormattedResistanceStringFourBandGreyBlackGreenGreen" time="0.000" timestamp="2018-10-19T20:32:59"/>
	<testcase classname="create_formatted_resistance_string_tests.CreateFormattedResistanceStringTests" name="testCreateFormattedResistanceStringFourBandGreyBlackGreenGrey" time="0.000" timestamp="2018-10-19T20:32:59"/>
	<testcase classname="create_formatted_resistance_string_tests.CreateFormattedResistanceStringTests" name="testCreateFormattedResistanceStringFourBandGreyBlackGreenNone" time="0.000" timestamp="2018-10-19T20:32:59"/>
	<testcase classname="create_formatted_resistance_string_tests.CreateFormattedResistanceStringTests" name="testCreateFormattedResistanceStringFourBandGreyBlackGreenRed" time="0.000" timestamp="2018-10-19T20:32:59"/>
	<testcase classname="create_formatted_resistance_string_tests.CreateFormattedResistanceStringTests" name="testCreateFormattedResistanceStringFourBandGreyBlackGreenSilver" time="0.000" timestamp="2018-10-19T20:32:59"/>
	<testcase classname="create_formatted_resistance_string_tests.CreateFormattedResistanceStringTests" name="testCreateFormattedResistanceStringFourBandGreyBlackGreenViolet" time="0.000" timestamp="2018-10-19T20:32:59"/>
	<testcase classname="create_formatted_resistance_string_tests.CreateFormattedResistanceStringTests" name="testCreateFormattedResistanceStringFourBandGreyBlackGreyBlue" time="0.000" timestamp="2018-10-19T20:32:59"/>
	<testcase classname="create_formatted_resistance_string_tests.CreateFormattedResistanceStringTests" name="testCreateFormattedResistanceStringFourBandGreyBlackGreyBrown" time="0.000" timestamp="2018-10-19T20:32:59"/>
	<testcase classname="create_formatted_resistance_string_tests.CreateFormattedResistanceStringTests" name="testCreateFormattedResistanceStringFourBandGreyBlackGreyGold" time="0.000" timestamp="2018-10-19T20:32:59"/>
	<testcase classname="create_formatted_resistance_string_tests.CreateFormattedResistanceStringTests" name="testCreateFormattedResistanceStringFourBandGreyBlackGreyGreen" time="0.000" timestamp="2018-10-19T20:32:59"/>
	<testcase classname="create_formatted_resistance_string_tests.CreateFormattedResistanceStringTests" name="testCreateFormattedResistanceStringFourBandGreyBlackGreyGrey" time="0.000" timestamp="2018-10-19T20:32:59"/>
	<testcase classname="create_formatted_resistance_string_tests.CreateFormattedResistanceStringTests" name="testCreateFormattedResistanceStringFourBandGreyBlackGreyNone" time="0.000" timestamp="2018-10-19T20:32:59"/>
	<testcase classname="create_formatted_resistance_string_tests.CreateFormattedResistanceStringTests" name="testCreateFormattedResistanceStringFourBandGreyBlackGreyRed" time="0.000" timestamp="2018-10-19T20:32:59"/>
	<testcase classname="create_formatted_resistance_string_tests.CreateFormattedResistanceStringTests" name="testCreateFormattedResistanceStringFourBandGreyBlackGreySilver" time="0.000" timestamp="2018-10-19T20:32:59"/>
	<testcase classname="create_formatted_resistance_string_tests.CreateFormattedResistanceStringTests" name="testCreateFormattedResistanceStringFourBandGreyBlackGreyViolet" time="0.000" timestamp="2018-10-19T20:32:59"/>
	<testcase classname="create_formatted_resistance_string_tests.CreateFormattedResistanceStringTests" name="testCreateFormattedResistanceStringFourBandGreyBlackOrangeBlue" time="0.000" timestamp="2018-10-19T20:32:59"/>
	<testcase classname="create_formatted_resistance_string_tests.CreateFormattedResistanceStringTests" name="testCreateFormattedResistanceStringFourBandGreyBlackOrangeBrown" time="0.000" timestamp="2018-10-19T20:32:59"/>
	<testcase classname="create_formatted_resistance_string_tests.CreateFormattedResistanceStringTests" name="testCreateFormattedResistanceStringFourBandGreyBlackOrangeGold" time="0.000" timestamp="2018-10-19T20:32:59"/>
	<testcase classname="create_formatted_resistance_string_tests.CreateFormattedResistanceStringTests" name="testCreateFormattedResistanceStringFourBandGreyBlackOrangeGreen" time="0.000" timestamp="2018-10-19T20:32:59"/>
	<testcase classname="create_formatted_resistance_string_tests.CreateFormattedResistanceStringTests" name="testCreateFormattedResistanceStringFourBandGreyBlackOrangeGrey" time="0.000" timestamp="2018-10-19T20:32:59"/>
	<testcase classname="create_formatted_resistance_string_tests.CreateFormattedResistanceStringTests" name="testCreateFormattedResistanceStringFourBandGreyBlackOrangeNone" time="0.000" timestamp="2018-10-19T20:32:59"/>
	<testcase classname="create_formatted_resistance_string_tests.CreateFormattedResistanceStringTests" name="testCreateFormattedResistanceStringFourBandGreyBlackOrangeRed" time="0.000" timestamp="2018-10-19T20:32:59"/>
	<testcase classname="create_formatted_resistance_string_tests.CreateFormattedResistanceStringTests" name="testCreateFormattedResistanceStringFourBandGreyBlackOrangeSilver" time="0.000" timestamp="2018-10-19T20:32:59"/>
	<testcase classname="create_formatted_resistance_string_tests.CreateFormattedResistanceStringTests" name="testCreateFormattedResistanceStringFourBandGreyBlackOrangeViolet" time="0.000" timestamp="2018-10-19T20:32:59"/>
	<testcase classname="create_formatted_resistance_string_tests.CreateFormattedResistanceStringTests" name="testCreateFormattedResistanceStringFourBandGreyBlackRedBlue" time="0.000" timestamp="2018-10-19T20:32:59"/>
	<testcase classname="create_formatted_resistance_string_tests.CreateFormattedResistanceStringTests" name="testCreateFormattedResistanceStringFourBandGreyBlackRedBrown" time="0.000" timestamp="2018-10-19T20:32:59"/>
	<testcase classname="create_formatted_resistance_string_tests.CreateFormattedResistanceStringTests" name="testCreateFormattedResistanceStringFourBandGreyBlackRedGold" time="0.000" timestamp="2018-10-19T20:32:59"/>
	<testcase classname="create_formatted_resistance_string_tests.CreateFormattedResistanceStringTests" name="testCreateFormattedResistanceStringFourBandGreyBlackRedGreen" time="0.000" timestamp="2018-10-19T20:32:59"/>
	<testcase classname="create_formatted_resistance_string_tests.CreateFormattedResistanceStringTests" name="testCreateFormattedResistanceStringFourBandGreyBlackRedGrey" time="0.000" timestamp="2018-10-19T20:32:59"/>
	<testcase classname="create_formatted_resistance_string_tests.CreateFormattedResistanceStringTests" name="testCreateFormattedResistanceStringFourBandGreyBlackRedNone" time="0.000" timestamp="2018-10-19T20:32:59"/>
	<testcase classname="create_formatted_resistance_string_tests.CreateFormattedResistanceStringTests" name="testCreateFormattedResistanceStringFourBandGreyBlackRedRed" time="0.000" timestamp="2018-10-19T20:32:59"/>
	<testcase classname="create_formatted_resistance_string_tests.CreateFormattedResistanceStringTests" name="testCreateFormattedResistanceStringFourBandGreyBlackRedSilver" time="0.000" timestamp="2018-10-19T20:32:59"/>
	<testcase classname="create_formatted_resistance_string_tests.CreateFormattedResistanceStringTests" name="testCreateFormattedResistanceStringFourBandGreyBlackRedViolet" time="0.000" timestamp="2018-10-19T20:32:59"/>
	<testcase classname="create_formatted_resistance_string_tests.CreateFormattedResistanceStringTests" name="testCreateFormattedResistanceStringFourBandGreyBlackSilverBlue" time="0.001" timestamp="2018-10-19T20:32:59"/>
	<testcase classname="create_formatted_resistance_string_tests.CreateFormattedResistanceStringTests" name="testCreateFormattedResistanceStringFourBandGreyBlackSilverBrown" time="0.000" timestamp="2018-10-19T20:32:59"/>
	<testcase classname="create_formatted_resistance_string_tests.CreateFormattedResistanceStringTests" name="testCreateFormattedResistanceStringFourBandGreyBlackSilverGold" time="0.000" timestamp="2018-10-19T20:32:59"/>
	<testcase classname="create_formatted_resistance_string_tests.CreateFormattedResistanceStringTests" name="testCreateFormattedResistanceStringFourBandGreyBlackSilverGreen" time="0.000" timestamp="2018-10-19T20:32:59"/>
	<testcase classname="create_formatted_resistance_string_tests.CreateFormattedResistanceStringTests" name="testCreateFormattedResistanceStringFourBandGreyBlackSilverGrey" time="0.000" timestamp="2018-10-19T20:32:59"/>
	<testcase classname="create_formatted_resistance_string_tests.CreateFormattedResistanceStringTests" name="testCreateFormattedResistanceStringFourBandGreyBlackSilverNone" time="0.000" timestamp="2018-10-19T20:32:59"/>
	<testcase classname="create_formatted_resistance_string_tests.CreateFormattedResistanceStringTests" name="testCreateFormattedResistanceStringFourBandGreyBlackSilverRed" time="0.000" timestamp="2018-10-19T20:32:59"/>
	<testcase classname="create_formatted_resistance_string_tests.CreateFormattedResistanceStringTests" name="testCreateFormattedResistanceStringFourBandGreyBlackSilverSilver" time="0.000" timestamp="2018-10-19T20:32:59"/>
	<testcase classname="create_formatted_resistance_string_tests.CreateFormattedResistanceStringTests" name="testCreateFormattedResistanceStringFourBandGreyBlackSilverViolet" time="0.000" timestamp="2018-10-19T20:32:59"/>
	<testcase classname="create_formatted_resistance_string_tests.CreateFormattedResistanceStringTests" name="testCreateFormattedResistanceStringFourBandGreyBlackVioletBlue" time="0.000" timestamp="2018-10-19T20:32:59"/>
	<testcase classname="create_formatted_resistance_string_tests.CreateFormattedResistanceStringTests" name="testCreateFormattedResistanceStringFourBandGreyBlackVioletBrown" time="0.000" timestamp="2018-10-19T20:32:59"/>
	<testcase classname="create_formatted_resistance_string_tests.CreateFormattedResistanceStringTests" name="testCreateFormattedResistanceStringFourBandGreyBlackVioletGold" time="0.000" timestamp="2018-10-19T20:32:59"/>
	<testcase classname="create_formatted_resistance_string_tests.CreateFormattedResistanceStringTests" name="testCreateFormattedResistanceStringFourBandGreyBlackVioletGreen" time="0.000" timestamp="2018-10-19T20:32:59"/>
	<testcase classname="create_formatted_resistance_string_tests.CreateFormattedResistanceStringTests" name="testCreateFormattedResistanceStringFourBandGreyBlackVioletGrey" time="0.000" timestamp="2018-10-19T20:32:59"/>
	<testcase classname="create_formatted_resistance_string_tests.CreateFormattedResistanceStringTests" name="testCreateFormattedResistanceStringFourBandGreyBlackVioletNone" time="0.000" timestamp="2018-10-19T20:32:59"/>
	<testcase classname="create_formatted_resistance_string_tests.CreateFormattedResistanceStringTests" name="testCreateFormattedResistanceStringFourBandGreyBlackVioletRed" time="0.000" timestamp="2018-10-19T20:32:59"/>
	<testcase classname="create_formatted_resistance_string_tests.CreateFormattedResistanceStringTests" name="testCreateFormattedResistanceStringFourBandGreyBlackVioletSilver" time="0.000" timestamp="2018-10-19T20:32:59"/>
	<testcase classname="create_formatted_resistance_string_tests.CreateFormattedResistanceStringTests" name="testCreateFormattedResistanceStringFourBandGreyBlackVioletViolet" time="0.000" timestamp="2018-10-19T20:32:59"/>
	<testcase classname="create_formatted_resistance_string_tests.CreateFormattedResistanceStringTests" name="testCreateFormattedResistanceStringFourBandGreyBlackWhiteBlue" time="0.000" timestamp="2018-10-19T20:32:59"/>
	<testcase classname="create_formatted_resistance_string_tests.CreateFormattedResistanceStringTests" name="testCreateFormattedResistanceStringFourBandGreyBlackWhiteBrown" time="0.000" timestamp="2018-10-19T20:32:59"/>
	<testcase classname="create_formatted_resistance_string_tests.CreateFormattedResistanceStringTests" name="testCreateFormattedResistanceStringFourBandGreyBlackWhiteGold" time="0.000" timestamp="2018-10-19T20:32:59"/>
	<testcase classname="create_formatted_resistance_string_tests.CreateFormattedResistanceStringTests" name="testCreateFormattedResistanceStringFourBandGreyBlackWhiteGreen" time="0.000" timestamp="2018-10-19T20:32:59"/>
	<testcase classname="create_formatted_resistance_string_tests.CreateFormattedResistanceStringTests" name="testCreateFormattedResistanceStringFourBandGreyBlackWhiteGrey" time="0.000" timestamp="2018-10-19T20:32:59"/>
	<testcase classname="create_formatted_resistance_string_tests.CreateFormattedResistanceStringTests" name="testCreateFormattedResistanceStringFourBandGreyBlackWhiteNone" time="0.000" timestamp="2018-10-19T20:32:59"/>
	<testcase classname="create_formatted_resistance_string_tests.CreateFormattedResistanceStringTests" name="testCreateFormattedResistanceStringFourBandGreyBlackWhiteRed" time="0.000" timestamp="2018-10-19T20:32:59"/>
	<testcase classname="create_formatted_resistance_string_tests.CreateFormattedResistanceStringTests" name="testCreateFormattedResistanceStringFourBandGreyBlackWhiteSilver" time="0.000" timestamp="2018-10-19T20:32:59"/>
	<testcase classname="create_formatted_resistance_string_tests.CreateFormattedResistanceStringTests" name="testCreateFormattedResistanceStringFourBandGreyBlackWhiteViolet" time="0.000" timestamp="2018-10-19T20:32:59"/>
	<testcase classname="create_formatted_resistance_string_tests.CreateFormattedResistanceStringTests" name="testCreateFormattedResistanceStringFourBandGreyBlackYellowBlue" time="0.000" timestamp="2018-10-19T20:32:59"/>
	<testcase classname="create_formatted_resistance_string_tests.CreateFormattedResistanceStringTests" name="testCreateFormattedResistanceStringFourBandGreyBlackYellowBrown" time="0.000" timestamp="2018-10-19T20:32:59"/>
	<testcase classname="create_formatted_resistance_string_tests.CreateFormattedResistanceStringTests" name="testCreateFormattedResistanceStringFourBandGreyBlackYellowGold" time="0.000" timestamp="2018-10-19T20:32:59"/>
	<testcase classname="create_formatted_resistance_string_tests.CreateFormattedResistanceStringTests" name="testCreateFormattedResistanceStringFourBandGreyBlackYellowGreen" time="0.000" timestamp="2018-10-19T20:32:59"/>
	<testcase classname="create_formatted_resistance_string_tests.CreateFormattedResistanceStringTests" name="testCreateFormattedResistanceStringFourBandGreyBlackYellowGrey" time="0.000" timestamp="2018-10-19T20:32:59"/>
	<testcase classname="create_formatted_resistance_string_tests.CreateFormattedResistanceStringTests" name="testCreateFormattedResistanceStringFourBandGreyBlackYellowNone" time="0.000" timestamp="2018-10-19T20:32:59"/>
	<testcase classname="create_formatted_resistance_string_tests.CreateFormattedResistanceStringTests" name="testCreateFormattedResistanceStringFourBandGreyBlackYellowRed" time="0.000" timestamp="2018-10-19T20:32:59"/>
	<testcase classname="create_formatted_resistance_string_tests.CreateFormattedResistanceStringTests" name="testCreateFormattedResistanceStringFourBandGreyBlackYellowSilver" time="0.000" timestamp="2018-10-19T20:32:59"/>
	<testcase classname="create_formatted_resistance_string_tests.CreateFormattedResistanceStringTests" name="testCreateFormattedResistanceStringFourBandGreyBlackYellowViolet" time="0.000" timestamp="2018-10-19T20:32:59"/>
	<testcase classname="create_formatted_resistance_string_tests.CreateFormattedResistanceStringTests" name="testCreateFormattedResistanceStringFourBandGreyBlueBlackBlue" time="0.000" timestamp="2018-10-19T20:32:59"/>
	<testcase classname="create_formatted_resistance_string_tests.CreateFormattedResistanceStringTests" name="testCreateFormattedResistanceStringFourBandGreyBlueBlackBrown" time="0.000" timestamp="2018-10-19T20:32:59"/>
	<testcase classname="create_formatted_resistance_string_tests.CreateFormattedResistanceStringTests" name="testCreateFormattedResistanceStringFourBandGreyBlueBlackGold" time="0.000" timestamp="2018-10-19T20:32:59"/>
	<testcase classname="create_formatted_resistance_string_tests.CreateFormattedResistanceStringTests" name="testCreateFormattedResistanceStringFourBandGreyBlueBlackGreen" time="0.000" timestamp="2018-10-19T20:32:59"/>
	<testcase classname="create_formatted_resistance_string_tests.CreateFormattedResistanceStringTests" name="testCreateFormattedResistanceStringFourBandGreyBlueBlackGrey" time="0.000" timestamp="2018-10-19T20:32:59"/>
	<testcase classname="create_formatted_resistance_string_tests.CreateFormattedResistanceStringTests" name="testCreateFormattedResistanceStringFourBandGreyBlueBlackNone" time="0.000" timestamp="2018-10-19T20:32:59"/>
	<testcase classname="create_formatted_resistance_string_tests.CreateFormattedResistanceStringTests" name="testCreateFormattedResistanceStringFourBandGreyBlueBlackRed" time="0.000" timestamp="2018-10-19T20:32:59"/>
	<testcase classname="create_formatted_resistance_string_tests.CreateFormattedResistanceStringTests" name="testCreateFormattedResistanceStringFourBandGreyBlueBlackSilver" time="0.000" timestamp="2018-10-19T20:32:59"/>
	<testcase classname="create_formatted_resistance_string_tests.CreateFormattedResistanceStringTests" name="testCreateFormattedResistanceStringFourBandGreyBlueBlackViolet" time="0.000" timestamp="2018-10-19T20:32:59"/>
	<testcase classname="create_formatted_resistance_string_tests.CreateFormattedResistanceStringTests" name="testCreateFormattedResistanceStringFourBandGreyBlueBlueBlue" time="0.000" timestamp="2018-10-19T20:32:59"/>
	<testcase classname="create_formatted_resistance_string_tests.CreateFormattedResistanceStringTests" name="testCreateFormattedResistanceStringFourBandGreyBlueBlueBrown" time="0.000" timestamp="2018-10-19T20:32:59"/>
	<testcase classname="create_formatted_resistance_string_tests.CreateFormattedResistanceStringTests" name="testCreateFormattedResistanceStringFourBandGreyBlueBlueGold" time="0.000" timestamp="2018-10-19T20:32:59"/>
	<testcase classname="create_formatted_resistance_string_tests.CreateFormattedResistanceStringTests" name="testCreateFormattedResistanceStringFourBandGreyBlueBlueGreen" time="0.000" timestamp="2018-10-19T20:32:59"/>
	<testcase classname="create_formatted_resistance_string_tests.CreateFormattedResistanceStringTests" name="testCreateFormattedResistanceStringFourBandGreyBlueBlueGrey" time="0.000" timestamp="2018-10-19T20:32:59"/>
	<testcase classname="create_formatted_resistance_string_tests.CreateFormattedResistanceStringTests" name="testCreateFormattedResistanceStringFourBandGreyBlueBlueNone" time="0.000" timestamp="2018-10-19T20:32:59"/>
	<testcase classname="create_formatted_resistance_string_tests.CreateFormattedResistanceStringTests" name="testCreateFormattedResistanceStringFourBandGreyBlueBlueRed" time="0.000" timestamp="2018-10-19T20:32:59"/>
	<testcase classname="create_formatted_resistance_string_tests.CreateFormattedResistanceStringTests" name="testCreateFormattedResistanceStringFourBandGreyBlueBlueSilver" time="0.000" timestamp="2018-10-19T20:32:59"/>
	<testcase classname="create_formatted_resistance_string_tests.CreateFormattedResistanceStringTests" name="testCreateFormattedResistanceStringFourBandGreyBlueBlueViolet" time="0.000" timestamp="2018-10-19T20:32:59"/>
	<testcase classname="create_formatted_resistance_string_tests.CreateFormattedResistanceStringTests" name="testCreateFormattedResistanceStringFourBandGreyBlueBrownBlue" time="0.000" timestamp="2018-10-19T20:32:59"/>
	<testcase classname="create_formatted_resistance_string_tests.CreateFormattedResistanceStringTests" name="testCreateFormattedResistanceStringFourBandGreyBlueBrownBrown" time="0.000" timestamp="2018-10-19T20:32:59"/>
	<testcase classname="create_formatted_resistance_string_tests.CreateFormattedResistanceStringTests" name="testCreateFormattedResistanceStringFourBandGreyBlueBrownGold" time="0.000" timestamp="2018-10-19T20:32:59"/>
	<testcase classname="create_formatted_resistance_string_tests.CreateFormattedResistanceStringTests" name="testCreateFormattedResistanceStringFourBandGreyBlueBrownGreen" time="0.000" timestamp="2018-10-19T20:32:59"/>
	<testcase classname="create_formatted_resistance_string_tests.CreateFormattedResistanceStringTests" name="testCreateFormattedResistanceStringFourBandGreyBlueBrownGrey" time="0.000" timestamp="2018-10-19T20:32:59"/>
	<testcase classname="create_formatted_resistance_string_tests.CreateFormattedResistanceStringTests" name="testCreateFormattedResistanceStringFourBandGreyBlueBrownNone" time="0.000" timestamp="2018-10-19T20:32:59"/>
	<testcase classname="create_formatted_resistance_string_tests.CreateFormattedResistanceStringTests" name="testCreateFormattedResistanceStringFourBandGreyBlueBrownRed" time="0.000" timestamp="2018-10-19T20:32:59"/>
	<testcase classname="create_formatted_resistance_string_tests.CreateFormattedResistanceStringTests" name="testCreateFormattedResistanceStringFourBandGreyBlueBrownSilver" time="0.000" timestamp="2018-10-19T20:32:59"/>
	<testcase classname="create_formatted_resistance_string_tests.CreateFormattedResistanceStringTests" name="testCreateFormattedResistanceStringFourBandGreyBlueBrownViolet" time="0.000" timestamp="2018-10-19T20:32:59"/>
	<testcase classname="create_formatted_resistance_string_tests.CreateFormattedResistanceStringTests" name="testCreateFormattedResistanceStringFourBandGreyBlueGoldBlue" time="0.000" timestamp="2018-10-19T20:32:59"/>
	<testcase classname="create_formatted_resistance_string_tests.CreateFormattedResistanceStringTests" name="testCreateFormattedResistanceStringFourBandGreyBlueGoldBrown" time="0.000" timestamp="2018-10-19T20:32:59"/>
	<testcase classname="create_formatted_resistance_string_tests.CreateFormattedResistanceStringTests" name="testCreateFormattedResistanceStringFourBandGreyBlueGoldGold" time="0.000" timestamp="2018-10-19T20:32:59"/>
	<testcase classname="create_formatted_resistance_string_tests.CreateFormattedResistanceStringTests" name="testCreateFormattedResistanceStringFourBandGreyBlueGoldGreen" time="0.000" timestamp="2018-10-19T20:32:59"/>
	<testcase classname="create_formatted_resistance_string_tests.CreateFormattedResistanceStringTests" name="testCreateFormattedResistanceStringFourBandGreyBlueGoldGrey" time="0.000" timestamp="2018-10-19T20:32:59"/>
	<testcase classname="create_formatted_resistance_string_tests.CreateFormattedResistanceStringTests" name="testCreateFormattedResistanceStringFourBandGreyBlueGoldNone" time="0.000" timestamp="2018-10-19T20:32:59"/>
	<testcase classname="create_formatted_resistance_string_tests.CreateFormattedResistanceStringTests" name="testCreateFormattedResistanceStringFourBandGreyBlueGoldRed" time="0.000" timestamp="2018-10-19T20:32:59"/>
	<testcase classname="create_formatted_resistance_string_tests.CreateFormattedResistanceStringTests" name="testCreateFormattedResistanceStringFourBandGreyBlueGoldSilver" time="0.000" timestamp="2018-10-19T20:32:59"/>
	<testcase classname="create_formatted_resistance_string_tests.CreateFormattedResistanceStringTests" name="testCreateFormattedResistanceStringFourBandGreyBlueGoldViolet" time="0.000" timestamp="2018-10-19T20:32:59"/>
	<testcase classname="create_formatted_resistance_string_tests.CreateFormattedResistanceStringTests" name="testCreateFormattedResistanceStringFourBandGreyBlueGreenBlue" time="0.000" timestamp="2018-10-19T20:32:59"/>
	<testcase classname="create_formatted_resistance_string_tests.CreateFormattedResistanceStringTests" name="testCreateFormattedResistanceStringFourBandGreyBlueGreenBrown" time="0.000" timestamp="2018-10-19T20:32:59"/>
	<testcase classname="create_formatted_resistance_string_tests.CreateFormattedResistanceStringTests" name="testCreateFormattedResistanceStringFourBandGreyBlueGreenGold" time="0.000" timestamp="2018-10-19T20:32:59"/>
	<testcase classname="create_formatted_resistance_string_tests.CreateFormattedResistanceStringTests" name="testCreateFormattedResistanceStringFourBandGreyBlueGreenGreen" time="0.000" timestamp="2018-10-19T20:32:59"/>
	<testcase classname="create_formatted_resistance_string_tests.CreateFormattedResistanceStringTests" name="testCreateFormattedResistanceStringFourBandGreyBlueGreenGrey" time="0.000" timestamp="2018-10-19T20:32:59"/>
	<testcase classname="create_formatted_resistance_string_tests.CreateFormattedResistanceStringTests" name="testCreateFormattedResistanceStringFourBandGreyBlueGreenNone" time="0.000" timestamp="2018-10-19T20:32:59"/>
	<testcase classname="create_formatted_resistance_string_tests.CreateFormattedResistanceStringTests" name="testCreateFormattedResistanceStringFourBandGreyBlueGreenRed" time="0.000" timestamp="2018-10-19T20:32:59"/>
	<testcase classname="create_formatted_resistance_string_tests.CreateFormattedResistanceStringTests" name="testCreateFormattedResistanceStringFourBandGreyBlueGreenSilver" time="0.000" timestamp="2018-10-19T20:32:59"/>
	<testcase classname="create_formatted_resistance_string_tests.CreateFormattedResistanceStringTests" name="testCreateFormattedResistanceStringFourBandGreyBlueGreenViolet" time="0.000" timestamp="2018-10-19T20:32:59"/>
	<testcase classname="create_formatted_resistance_string_tests.CreateFormattedResistanceStringTests" name="testCreateFormattedResistanceStringFourBandGreyBlueGreyBlue" time="0.000" timestamp="2018-10-19T20:32:59"/>
	<testcase classname="create_formatted_resistance_string_tests.CreateFormattedResistanceStringTests" name="testCreateFormattedResistanceStringFourBandGreyBlueGreyBrown" time="0.000" timestamp="2018-10-19T20:32:59"/>
	<testcase classname="create_formatted_resistance_string_tests.CreateFormattedResistanceStringTests" name="testCreateFormattedResistanceStringFourBandGreyBlueGreyGold" time="0.000" timestamp="2018-10-19T20:32:59"/>
	<testcase classname="create_formatted_resistance_string_tests.CreateFormattedResistanceStringTests" name="testCreateFormattedResistanceStringFourBandGreyBlueGreyGreen" time="0.000" timestamp="2018-10-19T20:32:59"/>
	<testcase classname="create_formatted_resistance_string_tests.CreateFormattedResistanceStringTests" name="testCreateFormattedResistanceStringFourBandGreyBlueGreyGrey" time="0.000" timestamp="2018-10-19T20:32:59"/>
	<testcase classname="create_formatted_resistance_string_tests.CreateFormattedResistanceStringTests" name="testCreateFormattedResistanceStringFourBandGreyBlueGreyNone" time="0.000" timestamp="2018-10-19T20:32:59"/>
	<testcase classname="create_formatted_resistance_string_tests.CreateFormattedResistanceStringTests" name="testCreateFormattedResistanceStringFourBandGreyBlueGreyRed" time="0.000" timestamp="2018-10-19T20:32:59"/>
	<testcase classname="create_formatted_resistance_string_tests.CreateFormattedResistanceStringTests" name="testCreateFormattedResistanceStringFourBandGreyBlueGreySilver" time="0.000" timestamp="2018-10-19T20:32:59"/>
	<testcase classname="create_formatted_resistance_string_tests.CreateFormattedResistanceStringTests" name="testCreateFormattedResistanceStringFourBandGreyBlueGreyViolet" time="0.000" timestamp="2018-10-19T20:32:59"/>
	<testcase classname="create_formatted_resistance_string_tests.CreateFormattedResistanceStringTests" name="testCreateFormattedResistanceStringFourBandGreyBlueOrangeBlue" time="0.000" timestamp="2018-10-19T20:32:59"/>
	<testcase classname="create_formatted_resistance_string_tests.CreateFormattedResistanceStringTests" name="testCreateFormattedResistanceStringFourBandGreyBlueOrangeBrown" time="0.000" timestamp="2018-10-19T20:32:59"/>
	<testcase classname="create_formatted_resistance_string_tests.CreateFormattedResistanceStringTests" name="testCreateFormattedResistanceStringFourBandGreyBlueOrangeGold" time="0.000" timestamp="2018-10-19T20:32:59"/>
	<testcase classname="create_formatted_resistance_string_tests.CreateFormattedResistanceStringTests" name="testCreateFormattedResistanceStringFourBandGreyBlueOrangeGreen" time="0.000" timestamp="2018-10-19T20:32:59"/>
	<testcase classname="create_formatted_resistance_string_tests.CreateFormattedResistanceStringTests" name="testCreateFormattedResistanceStringFourBandGreyBlueOrangeGrey" time="0.000" timestamp="2018-10-19T20:32:59"/>
	<testcase classname="create_formatted_resistance_string_tests.CreateFormattedResistanceStringTests" name="testCreateFormattedResistanceStringFourBandGreyBlueOrangeNone" time="0.000" timestamp="2018-10-19T20:32:59"/>
	<testcase classname="create_formatted_resistance_string_tests.CreateFormattedResistanceStringTests" name="testCreateFormattedResistanceStringFourBandGreyBlueOrangeRed" time="0.000" timestamp="2018-10-19T20:32:59"/>
	<testcase classname="create_formatted_resistance_string_tests.CreateFormattedResistanceStringTests" name="testCreateFormattedResistanceStringFourBandGreyBlueOrangeSilver" time="0.000" timestamp="2018-10-19T20:32:59"/>
	<testcase classname="create_formatted_resistance_string_tests.CreateFormattedResistanceStringTests" name="testCreateFormattedResistanceStringFourBandGreyBlueOrangeViolet" time="0.000" timestamp="2018-10-19T20:32:59"/>
	<testcase classname="create_formatted_resistance_string_tests.CreateFormattedResistanceStringTests" name="testCreateFormattedResistanceStringFourBandGreyBlueRedBlue" time="0.000" timestamp="2018-10-19T20:32:59"/>
	<testcase classname="create_formatted_resistance_string_tests.CreateFormattedResistanceStringTests" name="testCreateFormattedResistanceStringFourBandGreyBlueRedBrown" time="0.000" timestamp="2018-10-19T20:32:59"/>
	<testcase classname="create_formatted_resistance_string_tests.CreateFormattedResistanceStringTests" name="testCreateFormattedResistanceStringFourBandGreyBlueRedGold" time="0.000" timestamp="2018-10-19T20:32:59"/>
	<testcase classname="create_formatted_resistance_string_tests.CreateFormattedResistanceStringTests" name="testCreateFormattedResistanceStringFourBandGreyBlueRedGreen" time="0.000" timestamp="2018-10-19T20:32:59"/>
	<testcase classname="create_formatted_resistance_string_tests.CreateFormattedResistanceStringTests" name="testCreateFormattedResistanceStringFourBandGreyBlueRedGrey" time="0.000" timestamp="2018-10-19T20:32:59"/>
	<testcase classname="create_formatted_resistance_string_tests.CreateFormattedResistanceStringTests" name="testCreateFormattedResistanceStringFourBandGreyBlueRedNone" time="0.000" timestamp="2018-10-19T20:32:59"/>
	<testcase classname="create_formatted_resistance_string_tests.CreateFormattedResistanceStringTests" name="testCreateFormattedResistanceStringFourBandGreyBlueRedRed" time="0.000" timestamp="2018-10-19T20:32:59"/>
	<testcase classname="create_formatted_resistance_string_tests.CreateFormattedResistanceStringTests" name="testCreateFormattedResistanceStringFourBandGreyBlueRedSilver" time="0.000" timestamp="2018-10-19T20:32:59"/>
	<testcase classname="create_formatted_resistance_string_tests.CreateFormattedResistanceStringTests" name="testCreateFormattedResistanceStringFourBandGreyBlueRedViolet" time="0.000" timestamp="2018-10-19T20:32:59"/>
	<testcase classname="create_formatted_resistance_string_tests.CreateFormattedResistanceStringTests" name="testCreateFormattedResistanceStringFourBandGreyBlueSilverBlue" time="0.000" timestamp="2018-10-19T20:32:59"/>
	<testcase classname="create_formatted_resistance_string_tests.CreateFormattedResistanceStringTests" name="testCreateFormattedResistanceStringFourBandGreyBlueSilverBrown" time="0.000" timestamp="2018-10-19T20:32:59"/>
	<testcase classname="create_formatted_resistance_string_tests.CreateFormattedResistanceStringTests" name="testCreateFormattedResistanceStringFourBandGreyBlueSilverGold" time="0.000" timestamp="2018-10-19T20:32:59"/>
	<testcase classname="create_formatted_resistance_string_tests.CreateFormattedResistanceStringTests" name="testCreateFormattedResistanceStringFourBandGreyBlueSilverGreen" time="0.000" timestamp="2018-10-19T20:32:59"/>
	<testcase classname="create_formatted_resistance_string_tests.CreateFormattedResistanceStringTests" name="testCreateFormattedResistanceStringFourBandGreyBlueSilverGrey" time="0.000" timestamp="2018-10-19T20:32:59"/>
	<testcase classname="create_formatted_resistance_string_tests.CreateFormattedResistanceStringTests" name="testCreateFormattedResistanceStringFourBandGreyBlueSilverNone" time="0.000" timestamp="2018-10-19T20:32:59"/>
	<testcase classname="create_formatted_resistance_string_tests.CreateFormattedResistanceStringTests" name="testCreateFormattedResistanceStringFourBandGreyBlueSilverRed" time="0.000" timestamp="2018-10-19T20:32:59"/>
	<testcase classname="create_formatted_resistance_string_tests.CreateFormattedResistanceStringTests" name="testCreateFormattedResistanceStringFourBandGreyBlueSilverSilver" time="0.000" timestamp="2018-10-19T20:32:59"/>
	<testcase classname="create_formatted_resistance_string_tests.CreateFormattedResistanceStringTests" name="testCreateFormattedResistanceStringFourBandGreyBlueSilverViolet" time="0.000" timestamp="2018-10-19T20:32:59"/>
	<testcase classname="create_formatted_resistance_string_tests.CreateFormattedResistanceStringTests" name="testCreateFormattedResistanceStringFourBandGreyBlueVioletBlue" time="0.000" timestamp="2018-10-19T20:32:59"/>
	<testcase classname="create_formatted_resistance_string_tests.CreateFormattedResistanceStringTests" name="testCreateFormattedResistanceStringFourBandGreyBlueVioletBrown" time="0.000" timestamp="2018-10-19T20:32:59"/>
	<testcase classname="create_formatted_resistance_string_tests.CreateFormattedResistanceStringTests" name="testCreateFormattedResistanceStringFourBandGreyBlueVioletGold" time="0.000" timestamp="2018-10-19T20:32:59"/>
	<testcase classname="create_formatted_resistance_string_tests.CreateFormattedResistanceStringTests" name="testCreateFormattedResistanceStringFourBandGreyBlueVioletGreen" time="0.000" timestamp="2018-10-19T20:32:59"/>
	<testcase classname="create_formatted_resistance_string_tests.CreateFormattedResistanceStringTests" name="testCreateFormattedResistanceStringFourBandGreyBlueVioletGrey" time="0.000" timestamp="2018-10-19T20:32:59"/>
	<testcase classname="create_formatted_resistance_string_tests.CreateFormattedResistanceStringTests" name="testCreateFormattedResistanceStringFourBandGreyBlueVioletNone" time="0.000" timestamp="2018-10-19T20:32:59"/>
	<testcase classname="create_formatted_resistance_string_tests.CreateFormattedResistanceStringTests" name="testCreateFormattedResistanceStringFourBandGreyBlueVioletRed" time="0.000" timestamp="2018-10-19T20:32:59"/>
	<testcase classname="create_formatted_resistance_string_tests.CreateFormattedResistanceStringTests" name="testCreateFormattedResistanceStringFourBandGreyBlueVioletSilver" time="0.000" timestamp="2018-10-19T20:32:59"/>
	<testcase classname="create_formatted_resistance_string_tests.CreateFormattedResistanceStringTests" name="testCreateFormattedResistanceStringFourBandGreyBlueVioletViolet" time="0.000" timestamp="2018-10-19T20:32:59"/>
	<testcase classname="create_formatted_resistance_string_tests.CreateFormattedResistanceStringTests" name="testCreateFormattedResistanceStringFourBandGreyBlueWhiteBlue" time="0.000" timestamp="2018-10-19T20:32:59"/>
	<testcase classname="create_formatted_resistance_string_tests.CreateFormattedResistanceStringTests" name="testCreateFormattedResistanceStringFourBandGreyBlueWhiteBrown" time="0.000" timestamp="2018-10-19T20:32:59"/>
	<testcase classname="create_formatted_resistance_string_tests.CreateFormattedResistanceStringTests" name="testCreateFormattedResistanceStringFourBandGreyBlueWhiteGold" time="0.000" timestamp="2018-10-19T20:32:59"/>
	<testcase classname="create_formatted_resistance_string_tests.CreateFormattedResistanceStringTests" name="testCreateFormattedResistanceStringFourBandGreyBlueWhiteGreen" time="0.000" timestamp="2018-10-19T20:32:59"/>
	<testcase classname="create_formatted_resistance_string_tests.CreateFormattedResistanceStringTests" name="testCreateFormattedResistanceStringFourBandGreyBlueWhiteGrey" time="0.000" timestamp="2018-10-19T20:32:59"/>
	<testcase classname="create_formatted_resistance_string_tests.CreateFormattedResistanceStringTests" name="testCreateFormattedResistanceStringFourBandGreyBlueWhiteNone" time="0.000" timestamp="2018-10-19T20:32:59"/>
	<testcase classname="create_formatted_resistance_string_tests.CreateFormattedResistanceStringTests" name="testCreateFormattedResistanceStringFourBandGreyBlueWhiteRed" time="0.000" timestamp="2018-10-19T20:32:59"/>
	<testcase classname="create_formatted_resistance_string_tests.CreateFormattedResistanceStringTests" name="testCreateFormattedResistanceStringFourBandGreyBlueWhiteSilver" time="0.000" timestamp="2018-10-19T20:32:59"/>
	<testcase classname="create_formatted_resistance_string_tests.CreateFormattedResistanceStringTests" name="testCreateFormattedResistanceStringFourBandGreyBlueWhiteViolet" time="0.000" timestamp="2018-10-19T20:32:59"/>
	<testcase classname="create_formatted_resistance_string_tests.CreateFormattedResistanceStringTests" name="testCreateFormattedResistanceStringFourBandGreyBlueYellowBlue" time="0.000" timestamp="2018-10-19T20:32:59"/>
	<testcase classname="create_formatted_resistance_string_tests.CreateFormattedResistanceStringTests" name="testCreateFormattedResistanceStringFourBandGreyBlueYellowBrown" time="0.000" timestamp="2018-10-19T20:32:59"/>
	<testcase classname="create_formatted_resistance_string_tests.CreateFormattedResistanceStringTests" name="testCreateFormattedResistanceStringFourBandGreyBlueYellowGold" time="0.000" timestamp="2018-10-19T20:32:59"/>
	<testcase classname="create_formatted_resistance_string_tests.CreateFormattedResistanceStringTests" name="testCreateFormattedResistanceStringFourBandGreyBlueYellowGreen" time="0.000" timestamp="2018-10-19T20:32:59"/>
	<testcase classname="create_formatted_resistance_string_tests.CreateFormattedResistanceStringTests" name="testCreateFormattedResistanceStringFourBandGreyBlueYellowGrey" time="0.000" timestamp="2018-10-19T20:32:59"/>
	<testcase classname="create_formatted_resistance_string_tests.CreateFormattedResistanceStringTests" name="testCreateFormattedResistanceStringFourBandGreyBlueYellowNone" time="0.000" timestamp="2018-10-19T20:32:59"/>
	<testcase classname="create_formatted_resistance_string_tests.CreateFormattedResistanceStringTests" name="testCreateFormattedResistanceStringFourBandGreyBlueYellowRed" time="0.000" timestamp="2018-10-19T20:32:59"/>
	<testcase classname="create_formatted_resistance_string_tests.CreateFormattedResistanceStringTests" name="testCreateFormattedResistanceStringFourBandGreyBlueYellowSilver" time="0.000" timestamp="2018-10-19T20:32:59"/>
	<testcase classname="create_formatted_resistance_string_tests.CreateFormattedResistanceStringTests" name="testCreateFormattedResistanceStringFourBandGreyBlueYellowViolet" time="0.000" timestamp="2018-10-19T20:32:59"/>
	<testcase classname="create_formatted_resistance_string_tests.CreateFormattedResistanceStringTests" name="testCreateFormattedResistanceStringFourBandGreyBrownBlackBlue" time="0.000" timestamp="2018-10-19T20:32:59"/>
	<testcase classname="create_formatted_resistance_string_tests.CreateFormattedResistanceStringTests" name="testCreateFormattedResistanceStringFourBandGreyBrownBlackBrown" time="0.000" timestamp="2018-10-19T20:32:59"/>
	<testcase classname="create_formatted_resistance_string_tests.CreateFormattedResistanceStringTests" name="testCreateFormattedResistanceStringFourBandGreyBrownBlackGold" time="0.000" timestamp="2018-10-19T20:32:59"/>
	<testcase classname="create_formatted_resistance_string_tests.CreateFormattedResistanceStringTests" name="testCreateFormattedResistanceStringFourBandGreyBrownBlackGreen" time="0.000" timestamp="2018-10-19T20:32:59"/>
	<testcase classname="create_formatted_resistance_string_tests.CreateFormattedResistanceStringTests" name="testCreateFormattedResistanceStringFourBandGreyBrownBlackGrey" time="0.000" timestamp="2018-10-19T20:32:59"/>
	<testcase classname="create_formatted_resistance_string_tests.CreateFormattedResistanceStringTests" name="testCreateFormattedResistanceStringFourBandGreyBrownBlackNone" time="0.000" timestamp="2018-10-19T20:32:59"/>
	<testcase classname="create_formatted_resistance_string_tests.CreateFormattedResistanceStringTests" name="testCreateFormattedResistanceStringFourBandGreyBrownBlackRed" time="0.000" timestamp="2018-10-19T20:32:59"/>
	<testcase classname="create_formatted_resistance_string_tests.CreateFormattedResistanceStringTests" name="testCreateFormattedResistanceStringFourBandGreyBrownBlackSilver" time="0.000" timestamp="2018-10-19T20:32:59"/>
	<testcase classname="create_formatted_resistance_string_tests.CreateFormattedResistanceStringTests" name="testCreateFormattedResistanceStringFourBandGreyBrownBlackViolet" time="0.000" timestamp="2018-10-19T20:32:59"/>
	<testcase classname="create_formatted_resistance_string_tests.CreateFormattedResistanceStringTests" name="testCreateFormattedResistanceStringFourBandGreyBrownBlueBlue" time="0.000" timestamp="2018-10-19T20:32:59"/>
	<testcase classname="create_formatted_resistance_string_tests.CreateFormattedResistanceStringTests" name="testCreateFormattedResistanceStringFourBandGreyBrownBlueBrown" time="0.000" timestamp="2018-10-19T20:32:59"/>
	<testcase classname="create_formatted_resistance_string_tests.CreateFormattedResistanceStringTests" name="testCreateFormattedResistanceStringFourBandGreyBrownBlueGold" time="0.000" timestamp="2018-10-19T20:32:59"/>
	<testcase classname="create_formatted_resistance_string_tests.CreateFormattedResistanceStringTests" name="testCreateFormattedResistanceStringFourBandGreyBrownBlueGreen" time="0.000" timestamp="2018-10-19T20:32:59"/>
	<testcase classname="create_formatted_resistance_string_tests.CreateFormattedResistanceStringTests" name="testCreateFormattedResistanceStringFourBandGreyBrownBlueGrey" time="0.000" timestamp="2018-10-19T20:32:59"/>
	<testcase classname="create_formatted_resistance_string_tests.CreateFormattedResistanceStringTests" name="testCreateFormattedResistanceStringFourBandGreyBrownBlueNone" time="0.000" timestamp="2018-10-19T20:32:59"/>
	<testcase classname="create_formatted_resistance_string_tests.CreateFormattedResistanceStringTests" name="testCreateFormattedResistanceStringFourBandGreyBrownBlueRed" time="0.000" timestamp="2018-10-19T20:32:59"/>
	<testcase classname="create_formatted_resistance_string_tests.CreateFormattedResistanceStringTests" name="testCreateFormattedResistanceStringFourBandGreyBrownBlueSilver" time="0.000" timestamp="2018-10-19T20:32:59"/>
	<testcase classname="create_formatted_resistance_string_tests.CreateFormattedResistanceStringTests" name="testCreateFormattedResistanceStringFourBandGreyBrownBlueViolet" time="0.000" timestamp="2018-10-19T20:32:59"/>
	<testcase classname="create_formatted_resistance_string_tests.CreateFormattedResistanceStringTests" name="testCreateFormattedResistanceStringFourBandGreyBrownBrownBlue" time="0.000" timestamp="2018-10-19T20:32:59"/>
	<testcase classname="create_formatted_resistance_string_tests.CreateFormattedResistanceStringTests" name="testCreateFormattedResistanceStringFourBandGreyBrownBrownBrown" time="0.000" timestamp="2018-10-19T20:32:59"/>
	<testcase classname="create_formatted_resistance_string_tests.CreateFormattedResistanceStringTests" name="testCreateFormattedResistanceStringFourBandGreyBrownBrownGold" time="0.000" timestamp="2018-10-19T20:32:59"/>
	<testcase classname="create_formatted_resistance_string_tests.CreateFormattedResistanceStringTests" name="testCreateFormattedResistanceStringFourBandGreyBrownBrownGreen" time="0.000" timestamp="2018-10-19T20:32:59"/>
	<testcase classname="create_formatted_resistance_string_tests.CreateFormattedResistanceStringTests" name="testCreateFormattedResistanceStringFourBandGreyBrownBrownGrey" time="0.000" timestamp="2018-10-19T20:32:59"/>
	<testcase classname="create_formatted_resistance_string_tests.CreateFormattedResistanceStringTests" name="testCreateFormattedResistanceStringFourBandGreyBrownBrownNone" time="0.000" timestamp="2018-10-19T20:32:59"/>
	<testcase classname="create_formatted_resistance_string_tests.CreateFormattedResistanceStringTests" name="testCreateFormattedResistanceStringFourBandGreyBrownBrownRed" time="0.000" timestamp="2018-10-19T20:32:59"/>
	<testcase classname="create_formatted_resistance_string_tests.CreateFormattedResistanceStringTests" name="testCreateFormattedResistanceStringFourBandGreyBrownBrownSilver" time="0.000" timestamp="2018-10-19T20:32:59"/>
	<testcase classname="create_formatted_resistance_string_tests.CreateFormattedResistanceStringTests" name="testCreateFormattedResistanceStringFourBandGreyBrownBrownViolet" time="0.000" timestamp="2018-10-19T20:32:59"/>
	<testcase classname="create_formatted_resistance_string_tests.CreateFormattedResistanceStringTests" name="testCreateFormattedResistanceStringFourBandGreyBrownGoldBlue" time="0.000" timestamp="2018-10-19T20:32:59"/>
	<testcase classname="create_formatted_resistance_string_tests.CreateFormattedResistanceStringTests" name="testCreateFormattedResistanceStringFourBandGreyBrownGoldBrown" time="0.000" timestamp="2018-10-19T20:32:59"/>
	<testcase classname="create_formatted_resistance_string_tests.CreateFormattedResistanceStringTests" name="testCreateFormattedResistanceStringFourBandGreyBrownGoldGold" time="0.000" timestamp="2018-10-19T20:32:59"/>
	<testcase classname="create_formatted_resistance_string_tests.CreateFormattedResistanceStringTests" name="testCreateFormattedResistanceStringFourBandGreyBrownGoldGreen" time="0.000" timestamp="2018-10-19T20:32:59"/>
	<testcase classname="create_formatted_resistance_string_tests.CreateFormattedResistanceStringTests" name="testCreateFormattedResistanceStringFourBandGreyBrownGoldGrey" time="0.000" timestamp="2018-10-19T20:32:59"/>
	<testcase classname="create_formatted_resistance_string_tests.CreateFormattedResistanceStringTests" name="testCreateFormattedResistanceStringFourBandGreyBrownGoldNone" time="0.000" timestamp="2018-10-19T20:32:59"/>
	<testcase classname="create_formatted_resistance_string_tests.CreateFormattedResistanceStringTests" name="testCreateFormattedResistanceStringFourBandGreyBrownGoldRed" time="0.000" timestamp="2018-10-19T20:32:59"/>
	<testcase classname="create_formatted_resistance_string_tests.CreateFormattedResistanceStringTests" name="testCreateFormattedResistanceStringFourBandGreyBrownGoldSilver" time="0.000" timestamp="2018-10-19T20:32:59"/>
	<testcase classname="create_formatted_resistance_string_tests.CreateFormattedResistanceStringTests" name="testCreateFormattedResistanceStringFourBandGreyBrownGoldViolet" time="0.000" timestamp="2018-10-19T20:32:59"/>
	<testcase classname="create_formatted_resistance_string_tests.CreateFormattedResistanceStringTests" name="testCreateFormattedResistanceStringFourBandGreyBrownGreenBlue" time="0.000" timestamp="2018-10-19T20:32:59"/>
	<testcase classname="create_formatted_resistance_string_tests.CreateFormattedResistanceStringTests" name="testCreateFormattedResistanceStringFourBandGreyBrownGreenBrown" time="0.000" timestamp="2018-10-19T20:32:59"/>
	<testcase classname="create_formatted_resistance_string_tests.CreateFormattedResistanceStringTests" name="testCreateFormattedResistanceStringFourBandGreyBrownGreenGold" time="0.000" timestamp="2018-10-19T20:32:59"/>
	<testcase classname="create_formatted_resistance_string_tests.CreateFormattedResistanceStringTests" name="testCreateFormattedResistanceStringFourBandGreyBrownGreenGreen" time="0.000" timestamp="2018-10-19T20:32:59"/>
	<testcase classname="create_formatted_resistance_string_tests.CreateFormattedResistanceStringTests" name="testCreateFormattedResistanceStringFourBandGreyBrownGreenGrey" time="0.000" timestamp="2018-10-19T20:32:59"/>
	<testcase classname="create_formatted_resistance_string_tests.CreateFormattedResistanceStringTests" name="testCreateFormattedResistanceStringFourBandGreyBrownGreenNone" time="0.000" timestamp="2018-10-19T20:32:59"/>
	<testcase classname="create_formatted_resistance_string_tests.CreateFormattedResistanceStringTests" name="testCreateFormattedResistanceStringFourBandGreyBrownGreenRed" time="0.000" timestamp="2018-10-19T20:32:59"/>
	<testcase classname="create_formatted_resistance_string_tests.CreateFormattedResistanceStringTests" name="testCreateFormattedResistanceStringFourBandGreyBrownGreenSilver" time="0.000" timestamp="2018-10-19T20:32:59"/>
	<testcase classname="create_formatted_resistance_string_tests.CreateFormattedResistanceStringTests" name="testCreateFormattedResistanceStringFourBandGreyBrownGreenViolet" time="0.000" timestamp="2018-10-19T20:32:59"/>
	<testcase classname="create_formatted_resistance_string_tests.CreateFormattedResistanceStringTests" name="testCreateFormattedResistanceStringFourBandGreyBrownGreyBlue" time="0.000" timestamp="2018-10-19T20:32:59"/>
	<testcase classname="create_formatted_resistance_string_tests.CreateFormattedResistanceStringTests" name="testCreateFormattedResistanceStringFourBandGreyBrownGreyBrown" time="0.000" timestamp="2018-10-19T20:32:59"/>
	<testcase classname="create_formatted_resistance_string_tests.CreateFormattedResistanceStringTests" name="testCreateFormattedResistanceStringFourBandGreyBrownGreyGold" time="0.000" timestamp="2018-10-19T20:32:59"/>
	<testcase classname="create_formatted_resistance_string_tests.CreateFormattedResistanceStringTests" name="testCreateFormattedResistanceStringFourBandGreyBrownGreyGreen" time="0.000" timestamp="2018-10-19T20:32:59"/>
	<testcase classname="create_formatted_resistance_string_tests.CreateFormattedResistanceStringTests" name="testCreateFormattedResistanceStringFourBandGreyBrownGreyGrey" time="0.000" timestamp="2018-10-19T20:32:59"/>
	<testcase classname="create_formatted_resistance_string_tests.CreateFormattedResistanceStringTests" name="testCreateFormattedResistanceStringFourBandGreyBrownGreyNone" time="0.000" timestamp="2018-10-19T20:32:59"/>
	<testcase classname="create_formatted_resistance_string_tests.CreateFormattedResistanceStringTests" name="testCreateFormattedResistanceStringFourBandGreyBrownGreyRed" time="0.000" timestamp="2018-10-19T20:32:59"/>
	<testcase classname="create_formatted_resistance_string_tests.CreateFormattedResistanceStringTests" name="testCreateFormattedResistanceStringFourBandGreyBrownGreySilver" time="0.000" timestamp="2018-10-19T20:32:59"/>
	<testcase classname="create_formatted_resistance_string_tests.CreateFormattedResistanceStringTests" name="testCreateFormattedResistanceStringFourBandGreyBrownGreyViolet" time="0.000" timestamp="2018-10-19T20:32:59"/>
	<testcase classname="create_formatted_resistance_string_tests.CreateFormattedResistanceStringTests" name="testCreateFormattedResistanceStringFourBandGreyBrownOrangeBlue" time="0.000" timestamp="2018-10-19T20:32:59"/>
	<testcase classname="create_formatted_resistance_string_tests.CreateFormattedResistanceStringTests" name="testCreateFormattedResistanceStringFourBandGreyBrownOrangeBrown" time="0.000" timestamp="2018-10-19T20:32:59"/>
	<testcase classname="create_formatted_resistance_string_tests.CreateFormattedResistanceStringTests" name="testCreateFormattedResistanceStringFourBandGreyBrownOrangeGold" time="0.000" timestamp="2018-10-19T20:32:59"/>
	<testcase classname="create_formatted_resistance_string_tests.CreateFormattedResistanceStringTests" name="testCreateFormattedResistanceStringFourBandGreyBrownOrangeGreen" time="0.000" timestamp="2018-10-19T20:32:59"/>
	<testcase classname="create_formatted_resistance_string_tests.CreateFormattedResistanceStringTests" name="testCreateFormattedResistanceStringFourBandGreyBrownOrangeGrey" time="0.000" timestamp="2018-10-19T20:32:59"/>
	<testcase classname="create_formatted_resistance_string_tests.CreateFormattedResistanceStringTests" name="testCreateFormattedResistanceStringFourBandGreyBrownOrangeNone" time="0.000" timestamp="2018-10-19T20:32:59"/>
	<testcase classname="create_formatted_resistance_string_tests.CreateFormattedResistanceStringTests" name="testCreateFormattedResistanceStringFourBandGreyBrownOrangeRed" time="0.000" timestamp="2018-10-19T20:32:59"/>
	<testcase classname="create_formatted_resistance_string_tests.CreateFormattedResistanceStringTests" name="testCreateFormattedResistanceStringFourBandGreyBrownOrangeSilver" time="0.000" timestamp="2018-10-19T20:32:59"/>
	<testcase classname="create_formatted_resistance_string_tests.CreateFormattedResistanceStringTests" name="testCreateFormattedResistanceStringFourBandGreyBrownOrangeViolet" time="0.000" timestamp="2018-10-19T20:32:59"/>
	<testcase classname="create_formatted_resistance_string_tests.CreateFormattedResistanceStringTests" name="testCreateFormattedResistanceStringFourBandGreyBrownRedBlue" time="0.000" timestamp="2018-10-19T20:32:59"/>
	<testcase classname="create_formatted_resistance_string_tests.CreateFormattedResistanceStringTests" name="testCreateFormattedResistanceStringFourBandGreyBrownRedBrown" time="0.000" timestamp="2018-10-19T20:32:59"/>
	<testcase classname="create_formatted_resistance_string_tests.CreateFormattedResistanceStringTests" name="testCreateFormattedResistanceStringFourBandGreyBrownRedGold" time="0.000" timestamp="2018-10-19T20:32:59"/>
	<testcase classname="create_formatted_resistance_string_tests.CreateFormattedResistanceStringTests" name="testCreateFormattedResistanceStringFourBandGreyBrownRedGreen" time="0.000" timestamp="2018-10-19T20:32:59"/>
	<testcase classname="create_formatted_resistance_string_tests.CreateFormattedResistanceStringTests" name="testCreateFormattedResistanceStringFourBandGreyBrownRedGrey" time="0.000" timestamp="2018-10-19T20:32:59"/>
	<testcase classname="create_formatted_resistance_string_tests.CreateFormattedResistanceStringTests" name="testCreateFormattedResistanceStringFourBandGreyBrownRedNone" time="0.000" timestamp="2018-10-19T20:32:59"/>
	<testcase classname="create_formatted_resistance_string_tests.CreateFormattedResistanceStringTests" name="testCreateFormattedResistanceStringFourBandGreyBrownRedRed" time="0.000" timestamp="2018-10-19T20:32:59"/>
	<testcase classname="create_formatted_resistance_string_tests.CreateFormattedResistanceStringTests" name="testCreateFormattedResistanceStringFourBandGreyBrownRedSilver" time="0.000" timestamp="2018-10-19T20:32:59"/>
	<testcase classname="create_formatted_resistance_string_tests.CreateFormattedResistanceStringTests" name="testCreateFormattedResistanceStringFourBandGreyBrownRedViolet" time="0.000" timestamp="2018-10-19T20:32:59"/>
	<testcase classname="create_formatted_resistance_string_tests.CreateFormattedResistanceStringTests" name="testCreateFormattedResistanceStringFourBandGreyBrownSilverBlue" time="0.000" timestamp="2018-10-19T20:32:59"/>
	<testcase classname="create_formatted_resistance_string_tests.CreateFormattedResistanceStringTests" name="testCreateFormattedResistanceStringFourBandGreyBrownSilverBrown" time="0.000" timestamp="2018-10-19T20:32:59"/>
	<testcase classname="create_formatted_resistance_string_tests.CreateFormattedResistanceStringTests" name="testCreateFormattedResistanceStringFourBandGreyBrownSilverGold" time="0.000" timestamp="2018-10-19T20:32:59"/>
	<testcase classname="create_formatted_resistance_string_tests.CreateFormattedResistanceStringTests" name="testCreateFormattedResistanceStringFourBandGreyBrownSilverGreen" time="0.000" timestamp="2018-10-19T20:32:59"/>
	<testcase classname="create_formatted_resistance_string_tests.CreateFormattedResistanceStringTests" name="testCreateFormattedResistanceStringFourBandGreyBrownSilverGrey" time="0.000" timestamp="2018-10-19T20:32:59"/>
	<testcase classname="create_formatted_resistance_string_tests.CreateFormattedResistanceStringTests" name="testCreateFormattedResistanceStringFourBandGreyBrownSilverNone" time="0.000" timestamp="2018-10-19T20:32:59"/>
	<testcase classname="create_formatted_resistance_string_tests.CreateFormattedResistanceStringTests" name="testCreateFormattedResistanceStringFourBandGreyBrownSilverRed" time="0.000" timestamp="2018-10-19T20:32:59"/>
	<testcase classname="create_formatted_resistance_string_tests.CreateFormattedResistanceStringTests" name="testCreateFormattedResistanceStringFourBandGreyBrownSilverSilver" time="0.000" timestamp="2018-10-19T20:32:59"/>
	<testcase classname="create_formatted_resistance_string_tests.CreateFormattedResistanceStringTests" name="testCreateFormattedResistanceStringFourBandGreyBrownSilverViolet" time="0.000" timestamp="2018-10-19T20:32:59"/>
	<testcase classname="create_formatted_resistance_string_tests.CreateFormattedResistanceStringTests" name="testCreateFormattedResistanceStringFourBandGreyBrownVioletBlue" time="0.000" timestamp="2018-10-19T20:32:59"/>
	<testcase classname="create_formatted_resistance_string_tests.CreateFormattedResistanceStringTests" name="testCreateFormattedResistanceStringFourBandGreyBrownVioletBrown" time="0.000" timestamp="2018-10-19T20:32:59"/>
	<testcase classname="create_formatted_resistance_string_tests.CreateFormattedResistanceStringTests" name="testCreateFormattedResistanceStringFourBandGreyBrownVioletGold" time="0.000" timestamp="2018-10-19T20:32:59"/>
	<testcase classname="create_formatted_resistance_string_tests.CreateFormattedResistanceStringTests" name="testCreateFormattedResistanceStringFourBandGreyBrownVioletGreen" time="0.000" timestamp="2018-10-19T20:32:59"/>
	<testcase classname="create_formatted_resistance_string_tests.CreateFormattedResistanceStringTests" name="testCreateFormattedResistanceStringFourBandGreyBrownVioletGrey" time="0.000" timestamp="2018-10-19T20:32:59"/>
	<testcase classname="create_formatted_resistance_string_tests.CreateFormattedResistanceStringTests" name="testCreateFormattedResistanceStringFourBandGreyBrownVioletNone" time="0.000" timestamp="2018-10-19T20:32:59"/>
	<testcase classname="create_formatted_resistance_string_tests.CreateFormattedResistanceStringTests" name="testCreateFormattedResistanceStringFourBandGreyBrownVioletRed" time="0.000" timestamp="2018-10-19T20:32:59"/>
	<testcase classname="create_formatted_resistance_string_tests.CreateFormattedResistanceStringTests" name="testCreateFormattedResistanceStringFourBandGreyBrownVioletSilver" time="0.000" timestamp="2018-10-19T20:32:59"/>
	<testcase classname="create_formatted_resistance_string_tests.CreateFormattedResistanceStringTests" name="testCreateFormattedResistanceStringFourBandGreyBrownVioletViolet" time="0.000" timestamp="2018-10-19T20:32:59"/>
	<testcase classname="create_formatted_resistance_string_tests.CreateFormattedResistanceStringTests" name="testCreateFormattedResistanceStringFourBandGreyBrownWhiteBlue" time="0.000" timestamp="2018-10-19T20:32:59"/>
	<testcase classname="create_formatted_resistance_string_tests.CreateFormattedResistanceStringTests" name="testCreateFormattedResistanceStringFourBandGreyBrownWhiteBrown" time="0.000" timestamp="2018-10-19T20:32:59"/>
	<testcase classname="create_formatted_resistance_string_tests.CreateFormattedResistanceStringTests" name="testCreateFormattedResistanceStringFourBandGreyBrownWhiteGold" time="0.000" timestamp="2018-10-19T20:32:59"/>
	<testcase classname="create_formatted_resistance_string_tests.CreateFormattedResistanceStringTests" name="testCreateFormattedResistanceStringFourBandGreyBrownWhiteGreen" time="0.000" timestamp="2018-10-19T20:32:59"/>
	<testcase classname="create_formatted_resistance_string_tests.CreateFormattedResistanceStringTests" name="testCreateFormattedResistanceStringFourBandGreyBrownWhiteGrey" time="0.000" timestamp="2018-10-19T20:32:59"/>
	<testcase classname="create_formatted_resistance_string_tests.CreateFormattedResistanceStringTests" name="testCreateFormattedResistanceStringFourBandGreyBrownWhiteNone" time="0.000" timestamp="2018-10-19T20:32:59"/>
	<testcase classname="create_formatted_resistance_string_tests.CreateFormattedResistanceStringTests" name="testCreateFormattedResistanceStringFourBandGreyBrownWhiteRed" time="0.000" timestamp="2018-10-19T20:32:59"/>
	<testcase classname="create_formatted_resistance_string_tests.CreateFormattedResistanceStringTests" name="testCreateFormattedResistanceStringFourBandGreyBrownWhiteSilver" time="0.000" timestamp="2018-10-19T20:32:59"/>
	<testcase classname="create_formatted_resistance_string_tests.CreateFormattedResistanceStringTests" name="testCreateFormattedResistanceStringFourBandGreyBrownWhiteViolet" time="0.000" timestamp="2018-10-19T20:32:59"/>
	<testcase classname="create_formatted_resistance_string_tests.CreateFormattedResistanceStringTests" name="testCreateFormattedResistanceStringFourBandGreyBrownYellowBlue" time="0.000" timestamp="2018-10-19T20:32:59"/>
	<testcase classname="create_formatted_resistance_string_tests.CreateFormattedResistanceStringTests" name="testCreateFormattedResistanceStringFourBandGreyBrownYellowBrown" time="0.000" timestamp="2018-10-19T20:32:59"/>
	<testcase classname="create_formatted_resistance_string_tests.CreateFormattedResistanceStringTests" name="testCreateFormattedResistanceStringFourBandGreyBrownYellowGold" time="0.000" timestamp="2018-10-19T20:32:59"/>
	<testcase classname="create_formatted_resistance_string_tests.CreateFormattedResistanceStringTests" name="testCreateFormattedResistanceStringFourBandGreyBrownYellowGreen" time="0.000" timestamp="2018-10-19T20:32:59"/>
	<testcase classname="create_formatted_resistance_string_tests.CreateFormattedResistanceStringTests" name="testCreateFormattedResistanceStringFourBandGreyBrownYellowGrey" time="0.000" timestamp="2018-10-19T20:32:59"/>
	<testcase classname="create_formatted_resistance_string_tests.CreateFormattedResistanceStringTests" name="testCreateFormattedResistanceStringFourBandGreyBrownYellowNone" time="0.000" timestamp="2018-10-19T20:32:59"/>
	<testcase classname="create_formatted_resistance_string_tests.CreateFormattedResistanceStringTests" name="testCreateFormattedResistanceStringFourBandGreyBrownYellowRed" time="0.000" timestamp="2018-10-19T20:32:59"/>
	<testcase classname="create_formatted_resistance_string_tests.CreateFormattedResistanceStringTests" name="testCreateFormattedResistanceStringFourBandGreyBrownYellowSilver" time="0.000" timestamp="2018-10-19T20:32:59"/>
	<testcase classname="create_formatted_resistance_string_tests.CreateFormattedResistanceStringTests" name="testCreateFormattedResistanceStringFourBandGreyBrownYellowViolet" time="0.000" timestamp="2018-10-19T20:32:59"/>
	<testcase classname="create_formatted_resistance_string_tests.CreateFormattedResistanceStringTests" name="testCreateFormattedResistanceStringFourBandGreyGreenBlackBlue" time="0.000" timestamp="2018-10-19T20:32:59"/>
	<testcase classname="create_formatted_resistance_string_tests.CreateFormattedResistanceStringTests" name="testCreateFormattedResistanceStringFourBandGreyGreenBlackBrown" time="0.000" timestamp="2018-10-19T20:32:59"/>
	<testcase classname="create_formatted_resistance_string_tests.CreateFormattedResistanceStringTests" name="testCreateFormattedResistanceStringFourBandGreyGreenBlackGold" time="0.000" timestamp="2018-10-19T20:32:59"/>
	<testcase classname="create_formatted_resistance_string_tests.CreateFormattedResistanceStringTests" name="testCreateFormattedResistanceStringFourBandGreyGreenBlackGreen" time="0.000" timestamp="2018-10-19T20:32:59"/>
	<testcase classname="create_formatted_resistance_string_tests.CreateFormattedResistanceStringTests" name="testCreateFormattedResistanceStringFourBandGreyGreenBlackGrey" time="0.000" timestamp="2018-10-19T20:32:59"/>
	<testcase classname="create_formatted_resistance_string_tests.CreateFormattedResistanceStringTests" name="testCreateFormattedResistanceStringFourBandGreyGreenBlackNone" time="0.000" timestamp="2018-10-19T20:32:59"/>
	<testcase classname="create_formatted_resistance_string_tests.CreateFormattedResistanceStringTests" name="testCreateFormattedResistanceStringFourBandGreyGreenBlackRed" time="0.000" timestamp="2018-10-19T20:32:59"/>
	<testcase classname="create_formatted_resistance_string_tests.CreateFormattedResistanceStringTests" name="testCreateFormattedResistanceStringFourBandGreyGreenBlackSilver" time="0.000" timestamp="2018-10-19T20:32:59"/>
	<testcase classname="create_formatted_resistance_string_tests.CreateFormattedResistanceStringTests" name="testCreateFormattedResistanceStringFourBandGreyGreenBlackViolet" time="0.000" timestamp="2018-10-19T20:32:59"/>
	<testcase classname="create_formatted_resistance_string_tests.CreateFormattedResistanceStringTests" name="testCreateFormattedResistanceStringFourBandGreyGreenBlueBlue" time="0.000" timestamp="2018-10-19T20:32:59"/>
	<testcase classname="create_formatted_resistance_string_tests.CreateFormattedResistanceStringTests" name="testCreateFormattedResistanceStringFourBandGreyGreenBlueBrown" time="0.000" timestamp="2018-10-19T20:32:59"/>
	<testcase classname="create_formatted_resistance_string_tests.CreateFormattedResistanceStringTests" name="testCreateFormattedResistanceStringFourBandGreyGreenBlueGold" time="0.000" timestamp="2018-10-19T20:32:59"/>
	<testcase classname="create_formatted_resistance_string_tests.CreateFormattedResistanceStringTests" name="testCreateFormattedResistanceStringFourBandGreyGreenBlueGreen" time="0.000" timestamp="2018-10-19T20:32:59"/>
	<testcase classname="create_formatted_resistance_string_tests.CreateFormattedResistanceStringTests" name="testCreateFormattedResistanceStringFourBandGreyGreenBlueGrey" time="0.000" timestamp="2018-10-19T20:32:59"/>
	<testcase classname="create_formatted_resistance_string_tests.CreateFormattedResistanceStringTests" name="testCreateFormattedResistanceStringFourBandGreyGreenBlueNone" time="0.000" timestamp="2018-10-19T20:32:59"/>
	<testcase classname="create_formatted_resistance_string_tests.CreateFormattedResistanceStringTests" name="testCreateFormattedResistanceStringFourBandGreyGreenBlueRed" time="0.000" timestamp="2018-10-19T20:32:59"/>
	<testcase classname="create_formatted_resistance_string_tests.CreateFormattedResistanceStringTests" name="testCreateFormattedResistanceStringFourBandGreyGreenBlueSilver" time="0.000" timestamp="2018-10-19T20:32:59"/>
	<testcase classname="create_formatted_resistance_string_tests.CreateFormattedResistanceStringTests" name="testCreateFormattedResistanceStringFourBandGreyGreenBlueViolet" time="0.000" timestamp="2018-10-19T20:32:59"/>
	<testcase classname="create_formatted_resistance_string_tests.CreateFormattedResistanceStringTests" name="testCreateFormattedResistanceStringFourBandGreyGreenBrownBlue" time="0.000" timestamp="2018-10-19T20:32:59"/>
	<testcase classname="create_formatted_resistance_string_tests.CreateFormattedResistanceStringTests" name="testCreateFormattedResistanceStringFourBandGreyGreenBrownBrown" time="0.000" timestamp="2018-10-19T20:32:59"/>
	<testcase classname="create_formatted_resistance_string_tests.CreateFormattedResistanceStringTests" name="testCreateFormattedResistanceStringFourBandGreyGreenBrownGold" time="0.000" timestamp="2018-10-19T20:32:59"/>
	<testcase classname="create_formatted_resistance_string_tests.CreateFormattedResistanceStringTests" name="testCreateFormattedResistanceStringFourBandGreyGreenBrownGreen" time="0.000" timestamp="2018-10-19T20:32:59"/>
	<testcase classname="create_formatted_resistance_string_tests.CreateFormattedResistanceStringTests" name="testCreateFormattedResistanceStringFourBandGreyGreenBrownGrey" time="0.000" timestamp="2018-10-19T20:32:59"/>
	<testcase classname="create_formatted_resistance_string_tests.CreateFormattedResistanceStringTests" name="testCreateFormattedResistanceStringFourBandGreyGreenBrownNone" time="0.000" timestamp="2018-10-19T20:32:59"/>
	<testcase classname="create_formatted_resistance_string_tests.CreateFormattedResistanceStringTests" name="testCreateFormattedResistanceStringFourBandGreyGreenBrownRed" time="0.000" timestamp="2018-10-19T20:32:59"/>
	<testcase classname="create_formatted_resistance_string_tests.CreateFormattedResistanceStringTests" name="testCreateFormattedResistanceStringFourBandGreyGreenBrownSilver" time="0.000" timestamp="2018-10-19T20:32:59"/>
	<testcase classname="create_formatted_resistance_string_tests.CreateFormattedResistanceStringTests" name="testCreateFormattedResistanceStringFourBandGreyGreenBrownViolet" time="0.000" timestamp="2018-10-19T20:32:59"/>
	<testcase classname="create_formatted_resistance_string_tests.CreateFormattedResistanceStringTests" name="testCreateFormattedResistanceStringFourBandGreyGreenGoldBlue" time="0.000" timestamp="2018-10-19T20:32:59"/>
	<testcase classname="create_formatted_resistance_string_tests.CreateFormattedResistanceStringTests" name="testCreateFormattedResistanceStringFourBandGreyGreenGoldBrown" time="0.000" timestamp="2018-10-19T20:32:59"/>
	<testcase classname="create_formatted_resistance_string_tests.CreateFormattedResistanceStringTests" name="testCreateFormattedResistanceStringFourBandGreyGreenGoldGold" time="0.000" timestamp="2018-10-19T20:32:59"/>
	<testcase classname="create_formatted_resistance_string_tests.CreateFormattedResistanceStringTests" name="testCreateFormattedResistanceStringFourBandGreyGreenGoldGreen" time="0.000" timestamp="2018-10-19T20:32:59"/>
	<testcase classname="create_formatted_resistance_string_tests.CreateFormattedResistanceStringTests" name="testCreateFormattedResistanceStringFourBandGreyGreenGoldGrey" time="0.000" timestamp="2018-10-19T20:32:59"/>
	<testcase classname="create_formatted_resistance_string_tests.CreateFormattedResistanceStringTests" name="testCreateFormattedResistanceStringFourBandGreyGreenGoldNone" time="0.000" timestamp="2018-10-19T20:32:59"/>
	<testcase classname="create_formatted_resistance_string_tests.CreateFormattedResistanceStringTests" name="testCreateFormattedResistanceStringFourBandGreyGreenGoldRed" time="0.000" timestamp="2018-10-19T20:32:59"/>
	<testcase classname="create_formatted_resistance_string_tests.CreateFormattedResistanceStringTests" name="testCreateFormattedResistanceStringFourBandGreyGreenGoldSilver" time="0.000" timestamp="2018-10-19T20:32:59"/>
	<testcase classname="create_formatted_resistance_string_tests.CreateFormattedResistanceStringTests" name="testCreateFormattedResistanceStringFourBandGreyGreenGoldViolet" time="0.000" timestamp="2018-10-19T20:32:59"/>
	<testcase classname="create_formatted_resistance_string_tests.CreateFormattedResistanceStringTests" name="testCreateFormattedResistanceStringFourBandGreyGreenGreenBlue" time="0.000" timestamp="2018-10-19T20:32:59"/>
	<testcase classname="create_formatted_resistance_string_tests.CreateFormattedResistanceStringTests" name="testCreateFormattedResistanceStringFourBandGreyGreenGreenBrown" time="0.000" timestamp="2018-10-19T20:32:59"/>
	<testcase classname="create_formatted_resistance_string_tests.CreateFormattedResistanceStringTests" name="testCreateFormattedResistanceStringFourBandGreyGreenGreenGold" time="0.000" timestamp="2018-10-19T20:32:59"/>
	<testcase classname="create_formatted_resistance_string_tests.CreateFormattedResistanceStringTests" name="testCreateFormattedResistanceStringFourBandGreyGreenGreenGreen" time="0.000" timestamp="2018-10-19T20:32:59"/>
	<testcase classname="create_formatted_resistance_string_tests.CreateFormattedResistanceStringTests" name="testCreateFormattedResistanceStringFourBandGreyGreenGreenGrey" time="0.000" timestamp="2018-10-19T20:32:59"/>
	<testcase classname="create_formatted_resistance_string_tests.CreateFormattedResistanceStringTests" name="testCreateFormattedResistanceStringFourBandGreyGreenGreenNone" time="0.000" timestamp="2018-10-19T20:32:59"/>
	<testcase classname="create_formatted_resistance_string_tests.CreateFormattedResistanceStringTests" name="testCreateFormattedResistanceStringFourBandGreyGreenGreenRed" time="0.000" timestamp="2018-10-19T20:32:59"/>
	<testcase classname="create_formatted_resistance_string_tests.CreateFormattedResistanceStringTests" name="testCreateFormattedResistanceStringFourBandGreyGreenGreenSilver" time="0.000" timestamp="2018-10-19T20:32:59"/>
	<testcase classname="create_formatted_resistance_string_tests.CreateFormattedResistanceStringTests" name="testCreateFormattedResistanceStringFourBandGreyGreenGreenViolet" time="0.000" timestamp="2018-10-19T20:32:59"/>
	<testcase classname="create_formatted_resistance_string_tests.CreateFormattedResistanceStringTests" name="testCreateFormattedResistanceStringFourBandGreyGreenGreyBlue" time="0.000" timestamp="2018-10-19T20:32:59"/>
	<testcase classname="create_formatted_resistance_string_tests.CreateFormattedResistanceStringTests" name="testCreateFormattedResistanceStringFourBandGreyGreenGreyBrown" time="0.000" timestamp="2018-10-19T20:32:59"/>
	<testcase classname="create_formatted_resistance_string_tests.CreateFormattedResistanceStringTests" name="testCreateFormattedResistanceStringFourBandGreyGreenGreyGold" time="0.000" timestamp="2018-10-19T20:32:59"/>
	<testcase classname="create_formatted_resistance_string_tests.CreateFormattedResistanceStringTests" name="testCreateFormattedResistanceStringFourBandGreyGreenGreyGreen" time="0.000" timestamp="2018-10-19T20:32:59"/>
	<testcase classname="create_formatted_resistance_string_tests.CreateFormattedResistanceStringTests" name="testCreateFormattedResistanceStringFourBandGreyGreenGreyGrey" time="0.000" timestamp="2018-10-19T20:32:59"/>
	<testcase classname="create_formatted_resistance_string_tests.CreateFormattedResistanceStringTests" name="testCreateFormattedResistanceStringFourBandGreyGreenGreyNone" time="0.000" timestamp="2018-10-19T20:32:59"/>
	<testcase classname="create_formatted_resistance_string_tests.CreateFormattedResistanceStringTests" name="testCreateFormattedResistanceStringFourBandGreyGreenGreyRed" time="0.000" timestamp="2018-10-19T20:32:59"/>
	<testcase classname="create_formatted_resistance_string_tests.CreateFormattedResistanceStringTests" name="testCreateFormattedResistanceStringFourBandGreyGreenGreySilver" time="0.000" timestamp="2018-10-19T20:32:59"/>
	<testcase classname="create_formatted_resistance_string_tests.CreateFormattedResistanceStringTests" name="testCreateFormattedResistanceStringFourBandGreyGreenGreyViolet" time="0.000" timestamp="2018-10-19T20:32:59"/>
	<testcase classname="create_formatted_resistance_string_tests.CreateFormattedResistanceStringTests" name="testCreateFormattedResistanceStringFourBandGreyGreenOrangeBlue" time="0.000" timestamp="2018-10-19T20:32:59"/>
	<testcase classname="create_formatted_resistance_string_tests.CreateFormattedResistanceStringTests" name="testCreateFormattedResistanceStringFourBandGreyGreenOrangeBrown" time="0.000" timestamp="2018-10-19T20:32:59"/>
	<testcase classname="create_formatted_resistance_string_tests.CreateFormattedResistanceStringTests" name="testCreateFormattedResistanceStringFourBandGreyGreenOrangeGold" time="0.000" timestamp="2018-10-19T20:32:59"/>
	<testcase classname="create_formatted_resistance_string_tests.CreateFormattedResistanceStringTests" name="testCreateFormattedResistanceStringFourBandGreyGreenOrangeGreen" time="0.000" timestamp="2018-10-19T20:32:59"/>
	<testcase classname="create_formatted_resistance_string_tests.CreateFormattedResistanceStringTests" name="testCreateFormattedResistanceStringFourBandGreyGreenOrangeGrey" time="0.000" timestamp="2018-10-19T20:32:59"/>
	<testcase classname="create_formatted_resistance_string_tests.CreateFormattedResistanceStringTests" name="testCreateFormattedResistanceStringFourBandGreyGreenOrangeNone" time="0.000" timestamp="2018-10-19T20:32:59"/>
	<testcase classname="create_formatted_resistance_string_tests.CreateFormattedResistanceStringTests" name="testCreateFormattedResistanceStringFourBandGreyGreenOrangeRed" time="0.000" timestamp="2018-10-19T20:32:59"/>
	<testcase classname="create_formatted_resistance_string_tests.CreateFormattedResistanceStringTests" name="testCreateFormattedResistanceStringFourBandGreyGreenOrangeSilver" time="0.000" timestamp="2018-10-19T20:32:59"/>
	<testcase classname="create_formatted_resistance_string_tests.CreateFormattedResistanceStringTests" name="testCreateFormattedResistanceStringFourBandGreyGreenOrangeViolet" time="0.000" timestamp="2018-10-19T20:32:59"/>
	<testcase classname="create_formatted_resistance_string_tests.CreateFormattedResistanceStringTests" name="testCreateFormattedResistanceStringFourBandGreyGreenRedBlue" time="0.000" timestamp="2018-10-19T20:32:59"/>
	<testcase classname="create_formatted_resistance_string_tests.CreateFormattedResistanceStringTests" name="testCreateFormattedResistanceStringFourBandGreyGreenRedBrown" time="0.000" timestamp="2018-10-19T20:32:59"/>
	<testcase classname="create_formatted_resistance_string_tests.CreateFormattedResistanceStringTests" name="testCreateFormattedResistanceStringFourBandGreyGreenRedGold" time="0.000" timestamp="2018-10-19T20:32:59"/>
	<testcase classname="create_formatted_resistance_string_tests.CreateFormattedResistanceStringTests" name="testCreateFormattedResistanceStringFourBandGreyGreenRedGreen" time="0.000" timestamp="2018-10-19T20:32:59"/>
	<testcase classname="create_formatted_resistance_string_tests.CreateFormattedResistanceStringTests" name="testCreateFormattedResistanceStringFourBandGreyGreenRedGrey" time="0.000" timestamp="2018-10-19T20:32:59"/>
	<testcase classname="create_formatted_resistance_string_tests.CreateFormattedResistanceStringTests" name="testCreateFormattedResistanceStringFourBandGreyGreenRedNone" time="0.000" timestamp="2018-10-19T20:32:59"/>
	<testcase classname="create_formatted_resistance_string_tests.CreateFormattedResistanceStringTests" name="testCreateFormattedResistanceStringFourBandGreyGreenRedRed" time="0.000" timestamp="2018-10-19T20:32:59"/>
	<testcase classname="create_formatted_resistance_string_tests.CreateFormattedResistanceStringTests" name="testCreateFormattedResistanceStringFourBandGreyGreenRedSilver" time="0.000" timestamp="2018-10-19T20:32:59"/>
	<testcase classname="create_formatted_resistance_string_tests.CreateFormattedResistanceStringTests" name="testCreateFormattedResistanceStringFourBandGreyGreenRedViolet" time="0.000" timestamp="2018-10-19T20:32:59"/>
	<testcase classname="create_formatted_resistance_string_tests.CreateFormattedResistanceStringTests" name="testCreateFormattedResistanceStringFourBandGreyGreenSilverBlue" time="0.000" timestamp="2018-10-19T20:32:59"/>
	<testcase classname="create_formatted_resistance_string_tests.CreateFormattedResistanceStringTests" name="testCreateFormattedResistanceStringFourBandGreyGreenSilverBrown" time="0.000" timestamp="2018-10-19T20:32:59"/>
	<testcase classname="create_formatted_resistance_string_tests.CreateFormattedResistanceStringTests" name="testCreateFormattedResistanceStringFourBandGreyGreenSilverGold" time="0.000" timestamp="2018-10-19T20:32:59"/>
	<testcase classname="create_formatted_resistance_string_tests.CreateFormattedResistanceStringTests" name="testCreateFormattedResistanceStringFourBandGreyGreenSilverGreen" time="0.000" timestamp="2018-10-19T20:32:59"/>
	<testcase classname="create_formatted_resistance_string_tests.CreateFormattedResistanceStringTests" name="testCreateFormattedResistanceStringFourBandGreyGreenSilverGrey" time="0.000" timestamp="2018-10-19T20:32:59"/>
	<testcase classname="create_formatted_resistance_string_tests.CreateFormattedResistanceStringTests" name="testCreateFormattedResistanceStringFourBandGreyGreenSilverNone" time="0.000" timestamp="2018-10-19T20:32:59"/>
	<testcase classname="create_formatted_resistance_string_tests.CreateFormattedResistanceStringTests" name="testCreateFormattedResistanceStringFourBandGreyGreenSilverRed" time="0.000" timestamp="2018-10-19T20:32:59"/>
	<testcase classname="create_formatted_resistance_string_tests.CreateFormattedResistanceStringTests" name="testCreateFormattedResistanceStringFourBandGreyGreenSilverSilver" time="0.000" timestamp="2018-10-19T20:32:59"/>
	<testcase classname="create_formatted_resistance_string_tests.CreateFormattedResistanceStringTests" name="testCreateFormattedResistanceStringFourBandGreyGreenSilverViolet" time="0.000" timestamp="2018-10-19T20:32:59"/>
	<testcase classname="create_formatted_resistance_string_tests.CreateFormattedResistanceStringTests" name="testCreateFormattedResistanceStringFourBandGreyGreenVioletBlue" time="0.000" timestamp="2018-10-19T20:32:59"/>
	<testcase classname="create_formatted_resistance_string_tests.CreateFormattedResistanceStringTests" name="testCreateFormattedResistanceStringFourBandGreyGreenVioletBrown" time="0.000" timestamp="2018-10-19T20:32:59"/>
	<testcase classname="create_formatted_resistance_string_tests.CreateFormattedResistanceStringTests" name="testCreateFormattedResistanceStringFourBandGreyGreenVioletGold" time="0.000" timestamp="2018-10-19T20:32:59"/>
	<testcase classname="create_formatted_resistance_string_tests.CreateFormattedResistanceStringTests" name="testCreateFormattedResistanceStringFourBandGreyGreenVioletGreen" time="0.000" timestamp="2018-10-19T20:32:59"/>
	<testcase classname="create_formatted_resistance_string_tests.CreateFormattedResistanceStringTests" name="testCreateFormattedResistanceStringFourBandGreyGreenVioletGrey" time="0.000" timestamp="2018-10-19T20:32:59"/>
	<testcase classname="create_formatted_resistance_string_tests.CreateFormattedResistanceStringTests" name="testCreateFormattedResistanceStringFourBandGreyGreenVioletNone" time="0.000" timestamp="2018-10-19T20:32:59"/>
	<testcase classname="create_formatted_resistance_string_tests.CreateFormattedResistanceStringTests" name="testCreateFormattedResistanceStringFourBandGreyGreenVioletRed" time="0.000" timestamp="2018-10-19T20:32:59"/>
	<testcase classname="create_formatted_resistance_string_tests.CreateFormattedResistanceStringTests" name="testCreateFormattedResistanceStringFourBandGreyGreenVioletSilver" time="0.000" timestamp="2018-10-19T20:32:59"/>
	<testcase classname="create_formatted_resistance_string_tests.CreateFormattedResistanceStringTests" name="testCreateFormattedResistanceStringFourBandGreyGreenVioletViolet" time="0.000" timestamp="2018-10-19T20:32:59"/>
	<testcase classname="create_formatted_resistance_string_tests.CreateFormattedResistanceStringTests" name="testCreateFormattedResistanceStringFourBandGreyGreenWhiteBlue" time="0.000" timestamp="2018-10-19T20:32:59"/>
	<testcase classname="create_formatted_resistance_string_tests.CreateFormattedResistanceStringTests" name="testCreateFormattedResistanceStringFourBandGreyGreenWhiteBrown" time="0.000" timestamp="2018-10-19T20:32:59"/>
	<testcase classname="create_formatted_resistance_string_tests.CreateFormattedResistanceStringTests" name="testCreateFormattedResistanceStringFourBandGreyGreenWhiteGold" time="0.000" timestamp="2018-10-19T20:32:59"/>
	<testcase classname="create_formatted_resistance_string_tests.CreateFormattedResistanceStringTests" name="testCreateFormattedResistanceStringFourBandGreyGreenWhiteGreen" time="0.000" timestamp="2018-10-19T20:32:59"/>
	<testcase classname="create_formatted_resistance_string_tests.CreateFormattedResistanceStringTests" name="testCreateFormattedResistanceStringFourBandGreyGreenWhiteGrey" time="0.000" timestamp="2018-10-19T20:32:59"/>
	<testcase classname="create_formatted_resistance_string_tests.CreateFormattedResistanceStringTests" name="testCreateFormattedResistanceStringFourBandGreyGreenWhiteNone" time="0.000" timestamp="2018-10-19T20:32:59"/>
	<testcase classname="create_formatted_resistance_string_tests.CreateFormattedResistanceStringTests" name="testCreateFormattedResistanceStringFourBandGreyGreenWhiteRed" time="0.000" timestamp="2018-10-19T20:32:59"/>
	<testcase classname="create_formatted_resistance_string_tests.CreateFormattedResistanceStringTests" name="testCreateFormattedResistanceStringFourBandGreyGreenWhiteSilver" time="0.000" timestamp="2018-10-19T20:32:59"/>
	<testcase classname="create_formatted_resistance_string_tests.CreateFormattedResistanceStringTests" name="testCreateFormattedResistanceStringFourBandGreyGreenWhiteViolet" time="0.000" timestamp="2018-10-19T20:32:59"/>
	<testcase classname="create_formatted_resistance_string_tests.CreateFormattedResistanceStringTests" name="testCreateFormattedResistanceStringFourBandGreyGreenYellowBlue" time="0.000" timestamp="2018-10-19T20:32:59"/>
	<testcase classname="create_formatted_resistance_string_tests.CreateFormattedResistanceStringTests" name="testCreateFormattedResistanceStringFourBandGreyGreenYellowBrown" time="0.000" timestamp="2018-10-19T20:32:59"/>
	<testcase classname="create_formatted_resistance_string_tests.CreateFormattedResistanceStringTests" name="testCreateFormattedResistanceStringFourBandGreyGreenYellowGold" time="0.000" timestamp="2018-10-19T20:32:59"/>
	<testcase classname="create_formatted_resistance_string_tests.CreateFormattedResistanceStringTests" name="testCreateFormattedResistanceStringFourBandGreyGreenYellowGreen" time="0.000" timestamp="2018-10-19T20:32:59"/>
	<testcase classname="create_formatted_resistance_string_tests.CreateFormattedResistanceStringTests" name="testCreateFormattedResistanceStringFourBandGreyGreenYellowGrey" time="0.000" timestamp="2018-10-19T20:32:59"/>
	<testcase classname="create_formatted_resistance_string_tests.CreateFormattedResistanceStringTests" name="testCreateFormattedResistanceStringFourBandGreyGreenYellowNone" time="0.000" timestamp="2018-10-19T20:32:59"/>
	<testcase classname="create_formatted_resistance_string_tests.CreateFormattedResistanceStringTests" name="testCreateFormattedResistanceStringFourBandGreyGreenYellowRed" time="0.000" timestamp="2018-10-19T20:32:59"/>
	<testcase classname="create_formatted_resistance_string_tests.CreateFormattedResistanceStringTests" name="testCreateFormattedResistanceStringFourBandGreyGreenYellowSilver" time="0.000" timestamp="2018-10-19T20:32:59"/>
	<testcase classname="create_formatted_resistance_string_tests.CreateFormattedResistanceStringTests" name="testCreateFormattedResistanceStringFourBandGreyGreenYellowViolet" time="0.000" timestamp="2018-10-19T20:32:59"/>
	<testcase classname="create_formatted_resistance_string_tests.CreateFormattedResistanceStringTests" name="testCreateFormattedResistanceStringFourBandGreyGreyBlackBlue" time="0.000" timestamp="2018-10-19T20:32:59"/>
	<testcase classname="create_formatted_resistance_string_tests.CreateFormattedResistanceStringTests" name="testCreateFormattedResistanceStringFourBandGreyGreyBlackBrown" time="0.000" timestamp="2018-10-19T20:32:59"/>
	<testcase classname="create_formatted_resistance_string_tests.CreateFormattedResistanceStringTests" name="testCreateFormattedResistanceStringFourBandGreyGreyBlackGold" time="0.000" timestamp="2018-10-19T20:32:59"/>
	<testcase classname="create_formatted_resistance_string_tests.CreateFormattedResistanceStringTests" name="testCreateFormattedResistanceStringFourBandGreyGreyBlackGreen" time="0.000" timestamp="2018-10-19T20:32:59"/>
	<testcase classname="create_formatted_resistance_string_tests.CreateFormattedResistanceStringTests" name="testCreateFormattedResistanceStringFourBandGreyGreyBlackGrey" time="0.000" timestamp="2018-10-19T20:32:59"/>
	<testcase classname="create_formatted_resistance_string_tests.CreateFormattedResistanceStringTests" name="testCreateFormattedResistanceStringFourBandGreyGreyBlackNone" time="0.000" timestamp="2018-10-19T20:32:59"/>
	<testcase classname="create_formatted_resistance_string_tests.CreateFormattedResistanceStringTests" name="testCreateFormattedResistanceStringFourBandGreyGreyBlackRed" time="0.000" timestamp="2018-10-19T20:32:59"/>
	<testcase classname="create_formatted_resistance_string_tests.CreateFormattedResistanceStringTests" name="testCreateFormattedResistanceStringFourBandGreyGreyBlackSilver" time="0.000" timestamp="2018-10-19T20:32:59"/>
	<testcase classname="create_formatted_resistance_string_tests.CreateFormattedResistanceStringTests" name="testCreateFormattedResistanceStringFourBandGreyGreyBlackViolet" time="0.000" timestamp="2018-10-19T20:32:59"/>
	<testcase classname="create_formatted_resistance_string_tests.CreateFormattedResistanceStringTests" name="testCreateFormattedResistanceStringFourBandGreyGreyBlueBlue" time="0.000" timestamp="2018-10-19T20:32:59"/>
	<testcase classname="create_formatted_resistance_string_tests.CreateFormattedResistanceStringTests" name="testCreateFormattedResistanceStringFourBandGreyGreyBlueBrown" time="0.000" timestamp="2018-10-19T20:32:59"/>
	<testcase classname="create_formatted_resistance_string_tests.CreateFormattedResistanceStringTests" name="testCreateFormattedResistanceStringFourBandGreyGreyBlueGold" time="0.000" timestamp="2018-10-19T20:32:59"/>
	<testcase classname="create_formatted_resistance_string_tests.CreateFormattedResistanceStringTests" name="testCreateFormattedResistanceStringFourBandGreyGreyBlueGreen" time="0.000" timestamp="2018-10-19T20:32:59"/>
	<testcase classname="create_formatted_resistance_string_tests.CreateFormattedResistanceStringTests" name="testCreateFormattedResistanceStringFourBandGreyGreyBlueGrey" time="0.000" timestamp="2018-10-19T20:32:59"/>
	<testcase classname="create_formatted_resistance_string_tests.CreateFormattedResistanceStringTests" name="testCreateFormattedResistanceStringFourBandGreyGreyBlueNone" time="0.000" timestamp="2018-10-19T20:32:59"/>
	<testcase classname="create_formatted_resistance_string_tests.CreateFormattedResistanceStringTests" name="testCreateFormattedResistanceStringFourBandGreyGreyBlueRed" time="0.000" timestamp="2018-10-19T20:32:59"/>
	<testcase classname="create_formatted_resistance_string_tests.CreateFormattedResistanceStringTests" name="testCreateFormattedResistanceStringFourBandGreyGreyBlueSilver" time="0.000" timestamp="2018-10-19T20:32:59"/>
	<testcase classname="create_formatted_resistance_string_tests.CreateFormattedResistanceStringTests" name="testCreateFormattedResistanceStringFourBandGreyGreyBlueViolet" time="0.000" timestamp="2018-10-19T20:32:59"/>
	<testcase classname="create_formatted_resistance_string_tests.CreateFormattedResistanceStringTests" name="testCreateFormattedResistanceStringFourBandGreyGreyBrownBlue" time="0.000" timestamp="2018-10-19T20:32:59"/>
	<testcase classname="create_formatted_resistance_string_tests.CreateFormattedResistanceStringTests" name="testCreateFormattedResistanceStringFourBandGreyGreyBrownBrown" time="0.000" timestamp="2018-10-19T20:32:59"/>
	<testcase classname="create_formatted_resistance_string_tests.CreateFormattedResistanceStringTests" name="testCreateFormattedResistanceStringFourBandGreyGreyBrownGold" time="0.000" timestamp="2018-10-19T20:32:59"/>
	<testcase classname="create_formatted_resistance_string_tests.CreateFormattedResistanceStringTests" name="testCreateFormattedResistanceStringFourBandGreyGreyBrownGreen" time="0.000" timestamp="2018-10-19T20:32:59"/>
	<testcase classname="create_formatted_resistance_string_tests.CreateFormattedResistanceStringTests" name="testCreateFormattedResistanceStringFourBandGreyGreyBrownGrey" time="0.000" timestamp="2018-10-19T20:32:59"/>
	<testcase classname="create_formatted_resistance_string_tests.CreateFormattedResistanceStringTests" name="testCreateFormattedResistanceStringFourBandGreyGreyBrownNone" time="0.000" timestamp="2018-10-19T20:32:59"/>
	<testcase classname="create_formatted_resistance_string_tests.CreateFormattedResistanceStringTests" name="testCreateFormattedResistanceStringFourBandGreyGreyBrownRed" time="0.000" timestamp="2018-10-19T20:32:59"/>
	<testcase classname="create_formatted_resistance_string_tests.CreateFormattedResistanceStringTests" name="testCreateFormattedResistanceStringFourBandGreyGreyBrownSilver" time="0.000" timestamp="2018-10-19T20:32:59"/>
	<testcase classname="create_formatted_resistance_string_tests.CreateFormattedResistanceStringTests" name="testCreateFormattedResistanceStringFourBandGreyGreyBrownViolet" time="0.000" timestamp="2018-10-19T20:32:59"/>
	<testcase classname="create_formatted_resistance_string_tests.CreateFormattedResistanceStringTests" name="testCreateFormattedResistanceStringFourBandGreyGreyGoldBlue" time="0.000" timestamp="2018-10-19T20:32:59"/>
	<testcase classname="create_formatted_resistance_string_tests.CreateFormattedResistanceStringTests" name="testCreateFormattedResistanceStringFourBandGreyGreyGoldBrown" time="0.000" timestamp="2018-10-19T20:32:59"/>
	<testcase classname="create_formatted_resistance_string_tests.CreateFormattedResistanceStringTests" name="testCreateFormattedResistanceStringFourBandGreyGreyGoldGold" time="0.000" timestamp="2018-10-19T20:32:59"/>
	<testcase classname="create_formatted_resistance_string_tests.CreateFormattedResistanceStringTests" name="testCreateFormattedResistanceStringFourBandGreyGreyGoldGreen" time="0.000" timestamp="2018-10-19T20:32:59"/>
	<testcase classname="create_formatted_resistance_string_tests.CreateFormattedResistanceStringTests" name="testCreateFormattedResistanceStringFourBandGreyGreyGoldGrey" time="0.000" timestamp="2018-10-19T20:32:59"/>
	<testcase classname="create_formatted_resistance_string_tests.CreateFormattedResistanceStringTests" name="testCreateFormattedResistanceStringFourBandGreyGreyGoldNone" time="0.000" timestamp="2018-10-19T20:32:59"/>
	<testcase classname="create_formatted_resistance_string_tests.CreateFormattedResistanceStringTests" name="testCreateFormattedResistanceStringFourBandGreyGreyGoldRed" time="0.000" timestamp="2018-10-19T20:32:59"/>
	<testcase classname="create_formatted_resistance_string_tests.CreateFormattedResistanceStringTests" name="testCreateFormattedResistanceStringFourBandGreyGreyGoldSilver" time="0.000" timestamp="2018-10-19T20:32:59"/>
	<testcase classname="create_formatted_resistance_string_tests.CreateFormattedResistanceStringTests" name="testCreateFormattedResistanceStringFourBandGreyGreyGoldViolet" time="0.000" timestamp="2018-10-19T20:32:59"/>
	<testcase classname="create_formatted_resistance_string_tests.CreateFormattedResistanceStringTests" name="testCreateFormattedResistanceStringFourBandGreyGreyGreenBlue" time="0.000" timestamp="2018-10-19T20:32:59"/>
	<testcase classname="create_formatted_resistance_string_tests.CreateFormattedResistanceStringTests" name="testCreateFormattedResistanceStringFourBandGreyGreyGreenBrown" time="0.000" timestamp="2018-10-19T20:32:59"/>
	<testcase classname="create_formatted_resistance_string_tests.CreateFormattedResistanceStringTests" name="testCreateFormattedResistanceStringFourBandGreyGreyGreenGold" time="0.000" timestamp="2018-10-19T20:32:59"/>
	<testcase classname="create_formatted_resistance_string_tests.CreateFormattedResistanceStringTests" name="testCreateFormattedResistanceStringFourBandGreyGreyGreenGreen" time="0.000" timestamp="2018-10-19T20:32:59"/>
	<testcase classname="create_formatted_resistance_string_tests.CreateFormattedResistanceStringTests" name="testCreateFormattedResistanceStringFourBandGreyGreyGreenGrey" time="0.000" timestamp="2018-10-19T20:32:59"/>
	<testcase classname="create_formatted_resistance_string_tests.CreateFormattedResistanceStringTests" name="testCreateFormattedResistanceStringFourBandGreyGreyGreenNone" time="0.000" timestamp="2018-10-19T20:32:59"/>
	<testcase classname="create_formatted_resistance_string_tests.CreateFormattedResistanceStringTests" name="testCreateFormattedResistanceStringFourBandGreyGreyGreenRed" time="0.000" timestamp="2018-10-19T20:32:59"/>
	<testcase classname="create_formatted_resistance_string_tests.CreateFormattedResistanceStringTests" name="testCreateFormattedResistanceStringFourBandGreyGreyGreenSilver" time="0.000" timestamp="2018-10-19T20:32:59"/>
	<testcase classname="create_formatted_resistance_string_tests.CreateFormattedResistanceStringTests" name="testCreateFormattedResistanceStringFourBandGreyGreyGreenViolet" time="0.000" timestamp="2018-10-19T20:32:59"/>
	<testcase classname="create_formatted_resistance_string_tests.CreateFormattedResistanceStringTests" name="testCreateFormattedResistanceStringFourBandGreyGreyGreyBlue" time="0.000" timestamp="2018-10-19T20:32:59"/>
	<testcase classname="create_formatted_resistance_string_tests.CreateFormattedResistanceStringTests" name="testCreateFormattedResistanceStringFourBandGreyGreyGreyBrown" time="0.000" timestamp="2018-10-19T20:32:59"/>
	<testcase classname="create_formatted_resistance_string_tests.CreateFormattedResistanceStringTests" name="testCreateFormattedResistanceStringFourBandGreyGreyGreyGold" time="0.000" timestamp="2018-10-19T20:32:59"/>
	<testcase classname="create_formatted_resistance_string_tests.CreateFormattedResistanceStringTests" name="testCreateFormattedResistanceStringFourBandGreyGreyGreyGreen" time="0.000" timestamp="2018-10-19T20:32:59"/>
	<testcase classname="create_formatted_resistance_string_tests.CreateFormattedResistanceStringTests" name="testCreateFormattedResistanceStringFourBandGreyGreyGreyGrey" time="0.000" timestamp="2018-10-19T20:32:59"/>
	<testcase classname="create_formatted_resistance_string_tests.CreateFormattedResistanceStringTests" name="testCreateFormattedResistanceStringFourBandGreyGreyGreyNone" time="0.000" timestamp="2018-10-19T20:32:59"/>
	<testcase classname="create_formatted_resistance_string_tests.CreateFormattedResistanceStringTests" name="testCreateFormattedResistanceStringFourBandGreyGreyGreyRed" time="0.000" timestamp="2018-10-19T20:32:59"/>
	<testcase classname="create_formatted_resistance_string_tests.CreateFormattedResistanceStringTests" name="testCreateFormattedResistanceStringFourBandGreyGreyGreySilver" time="0.000" timestamp="2018-10-19T20:32:59"/>
	<testcase classname="create_formatted_resistance_string_tests.CreateFormattedResistanceStringTests" name="testCreateFormattedResistanceStringFourBandGreyGreyGreyViolet" time="0.000" timestamp="2018-10-19T20:32:59"/>
	<testcase classname="create_formatted_resistance_string_tests.CreateFormattedResistanceStringTests" name="testCreateFormattedResistanceStringFourBandGreyGreyOrangeBlue" time="0.000" timestamp="2018-10-19T20:32:59"/>
	<testcase classname="create_formatted_resistance_string_tests.CreateFormattedResistanceStringTests" name="testCreateFormattedResistanceStringFourBandGreyGreyOrangeBrown" time="0.000" timestamp="2018-10-19T20:32:59"/>
	<testcase classname="create_formatted_resistance_string_tests.CreateFormattedResistanceStringTests" name="testCreateFormattedResistanceStringFourBandGreyGreyOrangeGold" time="0.000" timestamp="2018-10-19T20:32:59"/>
	<testcase classname="create_formatted_resistance_string_tests.CreateFormattedResistanceStringTests" name="testCreateFormattedResistanceStringFourBandGreyGreyOrangeGreen" time="0.000" timestamp="2018-10-19T20:32:59"/>
	<testcase classname="create_formatted_resistance_string_tests.CreateFormattedResistanceStringTests" name="testCreateFormattedResistanceStringFourBandGreyGreyOrangeGrey" time="0.000" timestamp="2018-10-19T20:32:59"/>
	<testcase classname="create_formatted_resistance_string_tests.CreateFormattedResistanceStringTests" name="testCreateFormattedResistanceStringFourBandGreyGreyOrangeNone" time="0.000" timestamp="2018-10-19T20:32:59"/>
	<testcase classname="create_formatted_resistance_string_tests.CreateFormattedResistanceStringTests" name="testCreateFormattedResistanceStringFourBandGreyGreyOrangeRed" time="0.000" timestamp="2018-10-19T20:32:59"/>
	<testcase classname="create_formatted_resistance_string_tests.CreateFormattedResistanceStringTests" name="testCreateFormattedResistanceStringFourBandGreyGreyOrangeSilver" time="0.000" timestamp="2018-10-19T20:32:59"/>
	<testcase classname="create_formatted_resistance_string_tests.CreateFormattedResistanceStringTests" name="testCreateFormattedResistanceStringFourBandGreyGreyOrangeViolet" time="0.000" timestamp="2018-10-19T20:32:59"/>
	<testcase classname="create_formatted_resistance_string_tests.CreateFormattedResistanceStringTests" name="testCreateFormattedResistanceStringFourBandGreyGreyRedBlue" time="0.000" timestamp="2018-10-19T20:32:59"/>
	<testcase classname="create_formatted_resistance_string_tests.CreateFormattedResistanceStringTests" name="testCreateFormattedResistanceStringFourBandGreyGreyRedBrown" time="0.000" timestamp="2018-10-19T20:32:59"/>
	<testcase classname="create_formatted_resistance_string_tests.CreateFormattedResistanceStringTests" name="testCreateFormattedResistanceStringFourBandGreyGreyRedGold" time="0.000" timestamp="2018-10-19T20:32:59"/>
	<testcase classname="create_formatted_resistance_string_tests.CreateFormattedResistanceStringTests" name="testCreateFormattedResistanceStringFourBandGreyGreyRedGreen" time="0.000" timestamp="2018-10-19T20:32:59"/>
	<testcase classname="create_formatted_resistance_string_tests.CreateFormattedResistanceStringTests" name="testCreateFormattedResistanceStringFourBandGreyGreyRedGrey" time="0.000" timestamp="2018-10-19T20:32:59"/>
	<testcase classname="create_formatted_resistance_string_tests.CreateFormattedResistanceStringTests" name="testCreateFormattedResistanceStringFourBandGreyGreyRedNone" time="0.000" timestamp="2018-10-19T20:32:59"/>
	<testcase classname="create_formatted_resistance_string_tests.CreateFormattedResistanceStringTests" name="testCreateFormattedResistanceStringFourBandGreyGreyRedRed" time="0.000" timestamp="2018-10-19T20:32:59"/>
	<testcase classname="create_formatted_resistance_string_tests.CreateFormattedResistanceStringTests" name="testCreateFormattedResistanceStringFourBandGreyGreyRedSilver" time="0.000" timestamp="2018-10-19T20:32:59"/>
	<testcase classname="create_formatted_resistance_string_tests.CreateFormattedResistanceStringTests" name="testCreateFormattedResistanceStringFourBandGreyGreyRedViolet" time="0.000" timestamp="2018-10-19T20:32:59"/>
	<testcase classname="create_formatted_resistance_string_tests.CreateFormattedResistanceStringTests" name="testCreateFormattedResistanceStringFourBandGreyGreySilverBlue" time="0.000" timestamp="2018-10-19T20:32:59"/>
	<testcase classname="create_formatted_resistance_string_tests.CreateFormattedResistanceStringTests" name="testCreateFormattedResistanceStringFourBandGreyGreySilverBrown" time="0.000" timestamp="2018-10-19T20:32:59"/>
	<testcase classname="create_formatted_resistance_string_tests.CreateFormattedResistanceStringTests" name="testCreateFormattedResistanceStringFourBandGreyGreySilverGold" time="0.000" timestamp="2018-10-19T20:32:59"/>
	<testcase classname="create_formatted_resistance_string_tests.CreateFormattedResistanceStringTests" name="testCreateFormattedResistanceStringFourBandGreyGreySilverGreen" time="0.000" timestamp="2018-10-19T20:32:59"/>
	<testcase classname="create_formatted_resistance_string_tests.CreateFormattedResistanceStringTests" name="testCreateFormattedResistanceStringFourBandGreyGreySilverGrey" time="0.000" timestamp="2018-10-19T20:32:59"/>
	<testcase classname="create_formatted_resistance_string_tests.CreateFormattedResistanceStringTests" name="testCreateFormattedResistanceStringFourBandGreyGreySilverNone" time="0.000" timestamp="2018-10-19T20:32:59"/>
	<testcase classname="create_formatted_resistance_string_tests.CreateFormattedResistanceStringTests" name="testCreateFormattedResistanceStringFourBandGreyGreySilverRed" time="0.000" timestamp="2018-10-19T20:32:59"/>
	<testcase classname="create_formatted_resistance_string_tests.CreateFormattedResistanceStringTests" name="testCreateFormattedResistanceStringFourBandGreyGreySilverSilver" time="0.000" timestamp="2018-10-19T20:32:59"/>
	<testcase classname="create_formatted_resistance_string_tests.CreateFormattedResistanceStringTests" name="testCreateFormattedResistanceStringFourBandGreyGreySilverViolet" time="0.000" timestamp="2018-10-19T20:32:59"/>
	<testcase classname="create_formatted_resistance_string_tests.CreateFormattedResistanceStringTests" name="testCreateFormattedResistanceStringFourBandGreyGreyVioletBlue" time="0.000" timestamp="2018-10-19T20:32:59"/>
	<testcase classname="create_formatted_resistance_string_tests.CreateFormattedResistanceStringTests" name="testCreateFormattedResistanceStringFourBandGreyGreyVioletBrown" time="0.000" timestamp="2018-10-19T20:32:59"/>
	<testcase classname="create_formatted_resistance_string_tests.CreateFormattedResistanceStringTests" name="testCreateFormattedResistanceStringFourBandGreyGreyVioletGold" time="0.000" timestamp="2018-10-19T20:32:59"/>
	<testcase classname="create_formatted_resistance_string_tests.CreateFormattedResistanceStringTests" name="testCreateFormattedResistanceStringFourBandGreyGreyVioletGreen" time="0.000" timestamp="2018-10-19T20:32:59"/>
	<testcase classname="create_formatted_resistance_string_tests.CreateFormattedResistanceStringTests" name="testCreateFormattedResistanceStringFourBandGreyGreyVioletGrey" time="0.000" timestamp="2018-10-19T20:32:59"/>
	<testcase classname="create_formatted_resistance_string_tests.CreateFormattedResistanceStringTests" name="testCreateFormattedResistanceStringFourBandGreyGreyVioletNone" time="0.000" timestamp="2018-10-19T20:32:59"/>
	<testcase classname="create_formatted_resistance_string_tests.CreateFormattedResistanceStringTests" name="testCreateFormattedResistanceStringFourBandGreyGreyVioletRed" time="0.000" timestamp="2018-10-19T20:32:59"/>
	<testcase classname="create_formatted_resistance_string_tests.CreateFormattedResistanceStringTests" name="testCreateFormattedResistanceStringFourBandGreyGreyVioletSilver" time="0.000" timestamp="2018-10-19T20:32:59"/>
	<testcase classname="create_formatted_resistance_string_tests.CreateFormattedResistanceStringTests" name="testCreateFormattedResistanceStringFourBandGreyGreyVioletViolet" time="0.000" timestamp="2018-10-19T20:32:59"/>
	<testcase classname="create_formatted_resistance_string_tests.CreateFormattedResistanceStringTests" name="testCreateFormattedResistanceStringFourBandGreyGreyWhiteBlue" time="0.000" timestamp="2018-10-19T20:32:59"/>
	<testcase classname="create_formatted_resistance_string_tests.CreateFormattedResistanceStringTests" name="testCreateFormattedResistanceStringFourBandGreyGreyWhiteBrown" time="0.000" timestamp="2018-10-19T20:32:59"/>
	<testcase classname="create_formatted_resistance_string_tests.CreateFormattedResistanceStringTests" name="testCreateFormattedResistanceStringFourBandGreyGreyWhiteGold" time="0.000" timestamp="2018-10-19T20:32:59"/>
	<testcase classname="create_formatted_resistance_string_tests.CreateFormattedResistanceStringTests" name="testCreateFormattedResistanceStringFourBandGreyGreyWhiteGreen" time="0.000" timestamp="2018-10-19T20:32:59"/>
	<testcase classname="create_formatted_resistance_string_tests.CreateFormattedResistanceStringTests" name="testCreateFormattedResistanceStringFourBandGreyGreyWhiteGrey" time="0.000" timestamp="2018-10-19T20:32:59"/>
	<testcase classname="create_formatted_resistance_string_tests.CreateFormattedResistanceStringTests" name="testCreateFormattedResistanceStringFourBandGreyGreyWhiteNone" time="0.000" timestamp="2018-10-19T20:32:59"/>
	<testcase classname="create_formatted_resistance_string_tests.CreateFormattedResistanceStringTests" name="testCreateFormattedResistanceStringFourBandGreyGreyWhiteRed" time="0.000" timestamp="2018-10-19T20:32:59"/>
	<testcase classname="create_formatted_resistance_string_tests.CreateFormattedResistanceStringTests" name="testCreateFormattedResistanceStringFourBandGreyGreyWhiteSilver" time="0.000" timestamp="2018-10-19T20:32:59"/>
	<testcase classname="create_formatted_resistance_string_tests.CreateFormattedResistanceStringTests" name="testCreateFormattedResistanceStringFourBandGreyGreyWhiteViolet" time="0.000" timestamp="2018-10-19T20:32:59"/>
	<testcase classname="create_formatted_resistance_string_tests.CreateFormattedResistanceStringTests" name="testCreateFormattedResistanceStringFourBandGreyGreyYellowBlue" time="0.000" timestamp="2018-10-19T20:32:59"/>
	<testcase classname="create_formatted_resistance_string_tests.CreateFormattedResistanceStringTests" name="testCreateFormattedResistanceStringFourBandGreyGreyYellowBrown" time="0.000" timestamp="2018-10-19T20:32:59"/>
	<testcase classname="create_formatted_resistance_string_tests.CreateFormattedResistanceStringTests" name="testCreateFormattedResistanceStringFourBandGreyGreyYellowGold" time="0.000" timestamp="2018-10-19T20:32:59"/>
	<testcase classname="create_formatted_resistance_string_tests.CreateFormattedResistanceStringTests" name="testCreateFormattedResistanceStringFourBandGreyGreyYellowGreen" time="0.000" timestamp="2018-10-19T20:32:59"/>
	<testcase classname="create_formatted_resistance_string_tests.CreateFormattedResistanceStringTests" name="testCreateFormattedResistanceStringFourBandGreyGreyYellowGrey" time="0.000" timestamp="2018-10-19T20:32:59"/>
	<testcase classname="create_formatted_resistance_string_tests.CreateFormattedResistanceStringTests" name="testCreateFormattedResistanceStringFourBandGreyGreyYellowNone" time="0.000" timestamp="2018-10-19T20:32:59"/>
	<testcase classname="create_formatted_resistance_string_tests.CreateFormattedResistanceStringTests" name="testCreateFormattedResistanceStringFourBandGreyGreyYellowRed" time="0.000" timestamp="2018-10-19T20:32:59"/>
	<testcase classname="create_formatted_resistance_string_tests.CreateFormattedResistanceStringTests" name="testCreateFormattedResistanceStringFourBandGreyGreyYellowSilver" time="0.000" timestamp="2018-10-19T20:32:59"/>
	<testcase classname="create_formatted_resistance_string_tests.CreateFormattedResistanceStringTests" name="testCreateFormattedResistanceStringFourBandGreyGreyYellowViolet" time="0.000" timestamp="2018-10-19T20:32:59"/>
	<testcase classname="create_formatted_resistance_string_tests.CreateFormattedResistanceStringTests" name="testCreateFormattedResistanceStringFourBandGreyOrangeBlackBlue" time="0.000" timestamp="2018-10-19T20:32:59"/>
	<testcase classname="create_formatted_resistance_string_tests.CreateFormattedResistanceStringTests" name="testCreateFormattedResistanceStringFourBandGreyOrangeBlackBrown" time="0.000" timestamp="2018-10-19T20:32:59"/>
	<testcase classname="create_formatted_resistance_string_tests.CreateFormattedResistanceStringTests" name="testCreateFormattedResistanceStringFourBandGreyOrangeBlackGold" time="0.000" timestamp="2018-10-19T20:32:59"/>
	<testcase classname="create_formatted_resistance_string_tests.CreateFormattedResistanceStringTests" name="testCreateFormattedResistanceStringFourBandGreyOrangeBlackGreen" time="0.000" timestamp="2018-10-19T20:32:59"/>
	<testcase classname="create_formatted_resistance_string_tests.CreateFormattedResistanceStringTests" name="testCreateFormattedResistanceStringFourBandGreyOrangeBlackGrey" time="0.000" timestamp="2018-10-19T20:32:59"/>
	<testcase classname="create_formatted_resistance_string_tests.CreateFormattedResistanceStringTests" name="testCreateFormattedResistanceStringFourBandGreyOrangeBlackNone" time="0.000" timestamp="2018-10-19T20:32:59"/>
	<testcase classname="create_formatted_resistance_string_tests.CreateFormattedResistanceStringTests" name="testCreateFormattedResistanceStringFourBandGreyOrangeBlackRed" time="0.000" timestamp="2018-10-19T20:32:59"/>
	<testcase classname="create_formatted_resistance_string_tests.CreateFormattedResistanceStringTests" name="testCreateFormattedResistanceStringFourBandGreyOrangeBlackSilver" time="0.000" timestamp="2018-10-19T20:32:59"/>
	<testcase classname="create_formatted_resistance_string_tests.CreateFormattedResistanceStringTests" name="testCreateFormattedResistanceStringFourBandGreyOrangeBlackViolet" time="0.000" timestamp="2018-10-19T20:32:59"/>
	<testcase classname="create_formatted_resistance_string_tests.CreateFormattedResistanceStringTests" name="testCreateFormattedResistanceStringFourBandGreyOrangeBlueBlue" time="0.000" timestamp="2018-10-19T20:32:59"/>
	<testcase classname="create_formatted_resistance_string_tests.CreateFormattedResistanceStringTests" name="testCreateFormattedResistanceStringFourBandGreyOrangeBlueBrown" time="0.000" timestamp="2018-10-19T20:32:59"/>
	<testcase classname="create_formatted_resistance_string_tests.CreateFormattedResistanceStringTests" name="testCreateFormattedResistanceStringFourBandGreyOrangeBlueGold" time="0.000" timestamp="2018-10-19T20:32:59"/>
	<testcase classname="create_formatted_resistance_string_tests.CreateFormattedResistanceStringTests" name="testCreateFormattedResistanceStringFourBandGreyOrangeBlueGreen" time="0.000" timestamp="2018-10-19T20:32:59"/>
	<testcase classname="create_formatted_resistance_string_tests.CreateFormattedResistanceStringTests" name="testCreateFormattedResistanceStringFourBandGreyOrangeBlueGrey" time="0.000" timestamp="2018-10-19T20:32:59"/>
	<testcase classname="create_formatted_resistance_string_tests.CreateFormattedResistanceStringTests" name="testCreateFormattedResistanceStringFourBandGreyOrangeBlueNone" time="0.000" timestamp="2018-10-19T20:32:59"/>
	<testcase classname="create_formatted_resistance_string_tests.CreateFormattedResistanceStringTests" name="testCreateFormattedResistanceStringFourBandGreyOrangeBlueRed" time="0.000" timestamp="2018-10-19T20:32:59"/>
	<testcase classname="create_formatted_resistance_string_tests.CreateFormattedResistanceStringTests" name="testCreateFormattedResistanceStringFourBandGreyOrangeBlueSilver" time="0.000" timestamp="2018-10-19T20:32:59"/>
	<testcase classname="create_formatted_resistance_string_tests.CreateFormattedResistanceStringTests" name="testCreateFormattedResistanceStringFourBandGreyOrangeBlueViolet" time="0.000" timestamp="2018-10-19T20:32:59"/>
	<testcase classname="create_formatted_resistance_string_tests.CreateFormattedResistanceStringTests" name="testCreateFormattedResistanceStringFourBandGreyOrangeBrownBlue" time="0.000" timestamp="2018-10-19T20:32:59"/>
	<testcase classname="create_formatted_resistance_string_tests.CreateFormattedResistanceStringTests" name="testCreateFormattedResistanceStringFourBandGreyOrangeBrownBrown" time="0.000" timestamp="2018-10-19T20:32:59"/>
	<testcase classname="create_formatted_resistance_string_tests.CreateFormattedResistanceStringTests" name="testCreateFormattedResistanceStringFourBandGreyOrangeBrownGold" time="0.000" timestamp="2018-10-19T20:32:59"/>
	<testcase classname="create_formatted_resistance_string_tests.CreateFormattedResistanceStringTests" name="testCreateFormattedResistanceStringFourBandGreyOrangeBrownGreen" time="0.000" timestamp="2018-10-19T20:32:59"/>
	<testcase classname="create_formatted_resistance_string_tests.CreateFormattedResistanceStringTests" name="testCreateFormattedResistanceStringFourBandGreyOrangeBrownGrey" time="0.000" timestamp="2018-10-19T20:32:59"/>
	<testcase classname="create_formatted_resistance_string_tests.CreateFormattedResistanceStringTests" name="testCreateFormattedResistanceStringFourBandGreyOrangeBrownNone" time="0.000" timestamp="2018-10-19T20:32:59"/>
	<testcase classname="create_formatted_resistance_string_tests.CreateFormattedResistanceStringTests" name="testCreateFormattedResistanceStringFourBandGreyOrangeBrownRed" time="0.000" timestamp="2018-10-19T20:32:59"/>
	<testcase classname="create_formatted_resistance_string_tests.CreateFormattedResistanceStringTests" name="testCreateFormattedResistanceStringFourBandGreyOrangeBrownSilver" time="0.000" timestamp="2018-10-19T20:32:59"/>
	<testcase classname="create_formatted_resistance_string_tests.CreateFormattedResistanceStringTests" name="testCreateFormattedResistanceStringFourBandGreyOrangeBrownViolet" time="0.000" timestamp="2018-10-19T20:32:59"/>
	<testcase classname="create_formatted_resistance_string_tests.CreateFormattedResistanceStringTests" name="testCreateFormattedResistanceStringFourBandGreyOrangeGoldBlue" time="0.000" timestamp="2018-10-19T20:32:59"/>
	<testcase classname="create_formatted_resistance_string_tests.CreateFormattedResistanceStringTests" name="testCreateFormattedResistanceStringFourBandGreyOrangeGoldBrown" time="0.000" timestamp="2018-10-19T20:32:59"/>
	<testcase classname="create_formatted_resistance_string_tests.CreateFormattedResistanceStringTests" name="testCreateFormattedResistanceStringFourBandGreyOrangeGoldGold" time="0.000" timestamp="2018-10-19T20:32:59"/>
	<testcase classname="create_formatted_resistance_string_tests.CreateFormattedResistanceStringTests" name="testCreateFormattedResistanceStringFourBandGreyOrangeGoldGreen" time="0.000" timestamp="2018-10-19T20:32:59"/>
	<testcase classname="create_formatted_resistance_string_tests.CreateFormattedResistanceStringTests" name="testCreateFormattedResistanceStringFourBandGreyOrangeGoldGrey" time="0.000" timestamp="2018-10-19T20:32:59"/>
	<testcase classname="create_formatted_resistance_string_tests.CreateFormattedResistanceStringTests" name="testCreateFormattedResistanceStringFourBandGreyOrangeGoldNone" time="0.000" timestamp="2018-10-19T20:32:59"/>
	<testcase classname="create_formatted_resistance_string_tests.CreateFormattedResistanceStringTests" name="testCreateFormattedResistanceStringFourBandGreyOrangeGoldRed" time="0.000" timestamp="2018-10-19T20:32:59"/>
	<testcase classname="create_formatted_resistance_string_tests.CreateFormattedResistanceStringTests" name="testCreateFormattedResistanceStringFourBandGreyOrangeGoldSilver" time="0.000" timestamp="2018-10-19T20:32:59"/>
	<testcase classname="create_formatted_resistance_string_tests.CreateFormattedResistanceStringTests" name="testCreateFormattedResistanceStringFourBandGreyOrangeGoldViolet" time="0.000" timestamp="2018-10-19T20:32:59"/>
	<testcase classname="create_formatted_resistance_string_tests.CreateFormattedResistanceStringTests" name="testCreateFormattedResistanceStringFourBandGreyOrangeGreenBlue" time="0.000" timestamp="2018-10-19T20:32:59"/>
	<testcase classname="create_formatted_resistance_string_tests.CreateFormattedResistanceStringTests" name="testCreateFormattedResistanceStringFourBandGreyOrangeGreenBrown" time="0.000" timestamp="2018-10-19T20:32:59"/>
	<testcase classname="create_formatted_resistance_string_tests.CreateFormattedResistanceStringTests" name="testCreateFormattedResistanceStringFourBandGreyOrangeGreenGold" time="0.000" timestamp="2018-10-19T20:32:59"/>
	<testcase classname="create_formatted_resistance_string_tests.CreateFormattedResistanceStringTests" name="testCreateFormattedResistanceStringFourBandGreyOrangeGreenGreen" time="0.000" timestamp="2018-10-19T20:32:59"/>
	<testcase classname="create_formatted_resistance_string_tests.CreateFormattedResistanceStringTests" name="testCreateFormattedResistanceStringFourBandGreyOrangeGreenGrey" time="0.000" timestamp="2018-10-19T20:32:59"/>
	<testcase classname="create_formatted_resistance_string_tests.CreateFormattedResistanceStringTests" name="testCreateFormattedResistanceStringFourBandGreyOrangeGreenNone" time="0.000" timestamp="2018-10-19T20:32:59"/>
	<testcase classname="create_formatted_resistance_string_tests.CreateFormattedResistanceStringTests" name="testCreateFormattedResistanceStringFourBandGreyOrangeGreenRed" time="0.000" timestamp="2018-10-19T20:32:59"/>
	<testcase classname="create_formatted_resistance_string_tests.CreateFormattedResistanceStringTests" name="testCreateFormattedResistanceStringFourBandGreyOrangeGreenSilver" time="0.000" timestamp="2018-10-19T20:32:59"/>
	<testcase classname="create_formatted_resistance_string_tests.CreateFormattedResistanceStringTests" name="testCreateFormattedResistanceStringFourBandGreyOrangeGreenViolet" time="0.000" timestamp="2018-10-19T20:32:59"/>
	<testcase classname="create_formatted_resistance_string_tests.CreateFormattedResistanceStringTests" name="testCreateFormattedResistanceStringFourBandGreyOrangeGreyBlue" time="0.000" timestamp="2018-10-19T20:32:59"/>
	<testcase classname="create_formatted_resistance_string_tests.CreateFormattedResistanceStringTests" name="testCreateFormattedResistanceStringFourBandGreyOrangeGreyBrown" time="0.000" timestamp="2018-10-19T20:32:59"/>
	<testcase classname="create_formatted_resistance_string_tests.CreateFormattedResistanceStringTests" name="testCreateFormattedResistanceStringFourBandGreyOrangeGreyGold" time="0.000" timestamp="2018-10-19T20:32:59"/>
	<testcase classname="create_formatted_resistance_string_tests.CreateFormattedResistanceStringTests" name="testCreateFormattedResistanceStringFourBandGreyOrangeGreyGreen" time="0.000" timestamp="2018-10-19T20:32:59"/>
	<testcase classname="create_formatted_resistance_string_tests.CreateFormattedResistanceStringTests" name="testCreateFormattedResistanceStringFourBandGreyOrangeGreyGrey" time="0.000" timestamp="2018-10-19T20:32:59"/>
	<testcase classname="create_formatted_resistance_string_tests.CreateFormattedResistanceStringTests" name="testCreateFormattedResistanceStringFourBandGreyOrangeGreyNone" time="0.000" timestamp="2018-10-19T20:32:59"/>
	<testcase classname="create_formatted_resistance_string_tests.CreateFormattedResistanceStringTests" name="testCreateFormattedResistanceStringFourBandGreyOrangeGreyRed" time="0.000" timestamp="2018-10-19T20:32:59"/>
	<testcase classname="create_formatted_resistance_string_tests.CreateFormattedResistanceStringTests" name="testCreateFormattedResistanceStringFourBandGreyOrangeGreySilver" time="0.000" timestamp="2018-10-19T20:32:59"/>
	<testcase classname="create_formatted_resistance_string_tests.CreateFormattedResistanceStringTests" name="testCreateFormattedResistanceStringFourBandGreyOrangeGreyViolet" time="0.000" timestamp="2018-10-19T20:32:59"/>
	<testcase classname="create_formatted_resistance_string_tests.CreateFormattedResistanceStringTests" name="testCreateFormattedResistanceStringFourBandGreyOrangeOrangeBlue" time="0.000" timestamp="2018-10-19T20:32:59"/>
	<testcase classname="create_formatted_resistance_string_tests.CreateFormattedResistanceStringTests" name="testCreateFormattedResistanceStringFourBandGreyOrangeOrangeBrown" time="0.000" timestamp="2018-10-19T20:32:59"/>
	<testcase classname="create_formatted_resistance_string_tests.CreateFormattedResistanceStringTests" name="testCreateFormattedResistanceStringFourBandGreyOrangeOrangeGold" time="0.000" timestamp="2018-10-19T20:32:59"/>
	<testcase classname="create_formatted_resistance_string_tests.CreateFormattedResistanceStringTests" name="testCreateFormattedResistanceStringFourBandGreyOrangeOrangeGreen" time="0.000" timestamp="2018-10-19T20:32:59"/>
	<testcase classname="create_formatted_resistance_string_tests.CreateFormattedResistanceStringTests" name="testCreateFormattedResistanceStringFourBandGreyOrangeOrangeGrey" time="0.000" timestamp="2018-10-19T20:32:59"/>
	<testcase classname="create_formatted_resistance_string_tests.CreateFormattedResistanceStringTests" name="testCreateFormattedResistanceStringFourBandGreyOrangeOrangeNone" time="0.000" timestamp="2018-10-19T20:32:59"/>
	<testcase classname="create_formatted_resistance_string_tests.CreateFormattedResistanceStringTests" name="testCreateFormattedResistanceStringFourBandGreyOrangeOrangeRed" time="0.000" timestamp="2018-10-19T20:32:59"/>
	<testcase classname="create_formatted_resistance_string_tests.CreateFormattedResistanceStringTests" name="testCreateFormattedResistanceStringFourBandGreyOrangeOrangeSilver" time="0.000" timestamp="2018-10-19T20:32:59"/>
	<testcase classname="create_formatted_resistance_string_tests.CreateFormattedResistanceStringTests" name="testCreateFormattedResistanceStringFourBandGreyOrangeOrangeViolet" time="0.000" timestamp="2018-10-19T20:32:59"/>
	<testcase classname="create_formatted_resistance_string_tests.CreateFormattedResistanceStringTests" name="testCreateFormattedResistanceStringFourBandGreyOrangeRedBlue" time="0.000" timestamp="2018-10-19T20:32:59"/>
	<testcase classname="create_formatted_resistance_string_tests.CreateFormattedResistanceStringTests" name="testCreateFormattedResistanceStringFourBandGreyOrangeRedBrown" time="0.000" timestamp="2018-10-19T20:32:59"/>
	<testcase classname="create_formatted_resistance_string_tests.CreateFormattedResistanceStringTests" name="testCreateFormattedResistanceStringFourBandGreyOrangeRedGold" time="0.000" timestamp="2018-10-19T20:32:59"/>
	<testcase classname="create_formatted_resistance_string_tests.CreateFormattedResistanceStringTests" name="testCreateFormattedResistanceStringFourBandGreyOrangeRedGreen" time="0.000" timestamp="2018-10-19T20:32:59"/>
	<testcase classname="create_formatted_resistance_string_tests.CreateFormattedResistanceStringTests" name="testCreateFormattedResistanceStringFourBandGreyOrangeRedGrey" time="0.000" timestamp="2018-10-19T20:32:59"/>
	<testcase classname="create_formatted_resistance_string_tests.CreateFormattedResistanceStringTests" name="testCreateFormattedResistanceStringFourBandGreyOrangeRedNone" time="0.000" timestamp="2018-10-19T20:32:59"/>
	<testcase classname="create_formatted_resistance_string_tests.CreateFormattedResistanceStringTests" name="testCreateFormattedResistanceStringFourBandGreyOrangeRedRed" time="0.000" timestamp="2018-10-19T20:32:59"/>
	<testcase classname="create_formatted_resistance_string_tests.CreateFormattedResistanceStringTests" name="testCreateFormattedResistanceStringFourBandGreyOrangeRedSilver" time="0.000" timestamp="2018-10-19T20:32:59"/>
	<testcase classname="create_formatted_resistance_string_tests.CreateFormattedResistanceStringTests" name="testCreateFormattedResistanceStringFourBandGreyOrangeRedViolet" time="0.000" timestamp="2018-10-19T20:32:59"/>
	<testcase classname="create_formatted_resistance_string_tests.CreateFormattedResistanceStringTests" name="testCreateFormattedResistanceStringFourBandGreyOrangeSilverBlue" time="0.000" timestamp="2018-10-19T20:32:59"/>
	<testcase classname="create_formatted_resistance_string_tests.CreateFormattedResistanceStringTests" name="testCreateFormattedResistanceStringFourBandGreyOrangeSilverBrown" time="0.000" timestamp="2018-10-19T20:32:59"/>
	<testcase classname="create_formatted_resistance_string_tests.CreateFormattedResistanceStringTests" name="testCreateFormattedResistanceStringFourBandGreyOrangeSilverGold" time="0.000" timestamp="2018-10-19T20:32:59"/>
	<testcase classname="create_formatted_resistance_string_tests.CreateFormattedResistanceStringTests" name="testCreateFormattedResistanceStringFourBandGreyOrangeSilverGreen" time="0.000" timestamp="2018-10-19T20:32:59"/>
	<testcase classname="create_formatted_resistance_string_tests.CreateFormattedResistanceStringTests" name="testCreateFormattedResistanceStringFourBandGreyOrangeSilverGrey" time="0.000" timestamp="2018-10-19T20:32:59"/>
	<testcase classname="create_formatted_resistance_string_tests.CreateFormattedResistanceStringTests" name="testCreateFormattedResistanceStringFourBandGreyOrangeSilverNone" time="0.000" timestamp="2018-10-19T20:32:59"/>
	<testcase classname="create_formatted_resistance_string_tests.CreateFormattedResistanceStringTests" name="testCreateFormattedResistanceStringFourBandGreyOrangeSilverRed" time="0.000" timestamp="2018-10-19T20:32:59"/>
	<testcase classname="create_formatted_resistance_string_tests.CreateFormattedResistanceStringTests" name="testCreateFormattedResistanceStringFourBandGreyOrangeSilverSilver" time="0.000" timestamp="2018-10-19T20:33:00"/>
	<testcase classname="create_formatted_resistance_string_tests.CreateFormattedResistanceStringTests" name="testCreateFormattedResistanceStringFourBandGreyOrangeSilverViolet" time="0.000" timestamp="2018-10-19T20:33:00"/>
	<testcase classname="create_formatted_resistance_string_tests.CreateFormattedResistanceStringTests" name="testCreateFormattedResistanceStringFourBandGreyOrangeVioletBlue" time="0.000" timestamp="2018-10-19T20:33:00"/>
	<testcase classname="create_formatted_resistance_string_tests.CreateFormattedResistanceStringTests" name="testCreateFormattedResistanceStringFourBandGreyOrangeVioletBrown" time="0.000" timestamp="2018-10-19T20:33:00"/>
	<testcase classname="create_formatted_resistance_string_tests.CreateFormattedResistanceStringTests" name="testCreateFormattedResistanceStringFourBandGreyOrangeVioletGold" time="0.000" timestamp="2018-10-19T20:33:00"/>
	<testcase classname="create_formatted_resistance_string_tests.CreateFormattedResistanceStringTests" name="testCreateFormattedResistanceStringFourBandGreyOrangeVioletGreen" time="0.000" timestamp="2018-10-19T20:33:00"/>
	<testcase classname="create_formatted_resistance_string_tests.CreateFormattedResistanceStringTests" name="testCreateFormattedResistanceStringFourBandGreyOrangeVioletGrey" time="0.000" timestamp="2018-10-19T20:33:00"/>
	<testcase classname="create_formatted_resistance_string_tests.CreateFormattedResistanceStringTests" name="testCreateFormattedResistanceStringFourBandGreyOrangeVioletNone" time="0.000" timestamp="2018-10-19T20:33:00"/>
	<testcase classname="create_formatted_resistance_string_tests.CreateFormattedResistanceStringTests" name="testCreateFormattedResistanceStringFourBandGreyOrangeVioletRed" time="0.000" timestamp="2018-10-19T20:33:00"/>
	<testcase classname="create_formatted_resistance_string_tests.CreateFormattedResistanceStringTests" name="testCreateFormattedResistanceStringFourBandGreyOrangeVioletSilver" time="0.000" timestamp="2018-10-19T20:33:00"/>
	<testcase classname="create_formatted_resistance_string_tests.CreateFormattedResistanceStringTests" name="testCreateFormattedResistanceStringFourBandGreyOrangeVioletViolet" time="0.000" timestamp="2018-10-19T20:33:00"/>
	<testcase classname="create_formatted_resistance_string_tests.CreateFormattedResistanceStringTests" name="testCreateFormattedResistanceStringFourBandGreyOrangeWhiteBlue" time="0.000" timestamp="2018-10-19T20:33:00"/>
	<testcase classname="create_formatted_resistance_string_tests.CreateFormattedResistanceStringTests" name="testCreateFormattedResistanceStringFourBandGreyOrangeWhiteBrown" time="0.000" timestamp="2018-10-19T20:33:00"/>
	<testcase classname="create_formatted_resistance_string_tests.CreateFormattedResistanceStringTests" name="testCreateFormattedResistanceStringFourBandGreyOrangeWhiteGold" time="0.000" timestamp="2018-10-19T20:33:00"/>
	<testcase classname="create_formatted_resistance_string_tests.CreateFormattedResistanceStringTests" name="testCreateFormattedResistanceStringFourBandGreyOrangeWhiteGreen" time="0.000" timestamp="2018-10-19T20:33:00"/>
	<testcase classname="create_formatted_resistance_string_tests.CreateFormattedResistanceStringTests" name="testCreateFormattedResistanceStringFourBandGreyOrangeWhiteGrey" time="0.000" timestamp="2018-10-19T20:33:00"/>
	<testcase classname="create_formatted_resistance_string_tests.CreateFormattedResistanceStringTests" name="testCreateFormattedResistanceStringFourBandGreyOrangeWhiteNone" time="0.000" timestamp="2018-10-19T20:33:00"/>
	<testcase classname="create_formatted_resistance_string_tests.CreateFormattedResistanceStringTests" name="testCreateFormattedResistanceStringFourBandGreyOrangeWhiteRed" time="0.000" timestamp="2018-10-19T20:33:00"/>
	<testcase classname="create_formatted_resistance_string_tests.CreateFormattedResistanceStringTests" name="testCreateFormattedResistanceStringFourBandGreyOrangeWhiteSilver" time="0.000" timestamp="2018-10-19T20:33:00"/>
	<testcase classname="create_formatted_resistance_string_tests.CreateFormattedResistanceStringTests" name="testCreateFormattedResistanceStringFourBandGreyOrangeWhiteViolet" time="0.000" timestamp="2018-10-19T20:33:00"/>
	<testcase classname="create_formatted_resistance_string_tests.CreateFormattedResistanceStringTests" name="testCreateFormattedResistanceStringFourBandGreyOrangeYellowBlue" time="0.000" timestamp="2018-10-19T20:33:00"/>
	<testcase classname="create_formatted_resistance_string_tests.CreateFormattedResistanceStringTests" name="testCreateFormattedResistanceStringFourBandGreyOrangeYellowBrown" time="0.000" timestamp="2018-10-19T20:33:00"/>
	<testcase classname="create_formatted_resistance_string_tests.CreateFormattedResistanceStringTests" name="testCreateFormattedResistanceStringFourBandGreyOrangeYellowGold" time="0.000" timestamp="2018-10-19T20:33:00"/>
	<testcase classname="create_formatted_resistance_string_tests.CreateFormattedResistanceStringTests" name="testCreateFormattedResistanceStringFourBandGreyOrangeYellowGreen" time="0.000" timestamp="2018-10-19T20:33:00"/>
	<testcase classname="create_formatted_resistance_string_tests.CreateFormattedResistanceStringTests" name="testCreateFormattedResistanceStringFourBandGreyOrangeYellowGrey" time="0.000" timestamp="2018-10-19T20:33:00"/>
	<testcase classname="create_formatted_resistance_string_tests.CreateFormattedResistanceStringTests" name="testCreateFormattedResistanceStringFourBandGreyOrangeYellowNone" time="0.000" timestamp="2018-10-19T20:33:00"/>
	<testcase classname="create_formatted_resistance_string_tests.CreateFormattedResistanceStringTests" name="testCreateFormattedResistanceStringFourBandGreyOrangeYellowRed" time="0.000" timestamp="2018-10-19T20:33:00"/>
	<testcase classname="create_formatted_resistance_string_tests.CreateFormattedResistanceStringTests" name="testCreateFormattedResistanceStringFourBandGreyOrangeYellowSilver" time="0.000" timestamp="2018-10-19T20:33:00"/>
	<testcase classname="create_formatted_resistance_string_tests.CreateFormattedResistanceStringTests" name="testCreateFormattedResistanceStringFourBandGreyOrangeYellowViolet" time="0.000" timestamp="2018-10-19T20:33:00"/>
	<testcase classname="create_formatted_resistance_string_tests.CreateFormattedResistanceStringTests" name="testCreateFormattedResistanceStringFourBandGreyRedBlackBlue" time="0.000" timestamp="2018-10-19T20:33:00"/>
	<testcase classname="create_formatted_resistance_string_tests.CreateFormattedResistanceStringTests" name="testCreateFormattedResistanceStringFourBandGreyRedBlackBrown" time="0.000" timestamp="2018-10-19T20:33:00"/>
	<testcase classname="create_formatted_resistance_string_tests.CreateFormattedResistanceStringTests" name="testCreateFormattedResistanceStringFourBandGreyRedBlackGold" time="0.000" timestamp="2018-10-19T20:33:00"/>
	<testcase classname="create_formatted_resistance_string_tests.CreateFormattedResistanceStringTests" name="testCreateFormattedResistanceStringFourBandGreyRedBlackGreen" time="0.000" timestamp="2018-10-19T20:33:00"/>
	<testcase classname="create_formatted_resistance_string_tests.CreateFormattedResistanceStringTests" name="testCreateFormattedResistanceStringFourBandGreyRedBlackGrey" time="0.000" timestamp="2018-10-19T20:33:00"/>
	<testcase classname="create_formatted_resistance_string_tests.CreateFormattedResistanceStringTests" name="testCreateFormattedResistanceStringFourBandGreyRedBlackNone" time="0.000" timestamp="2018-10-19T20:33:00"/>
	<testcase classname="create_formatted_resistance_string_tests.CreateFormattedResistanceStringTests" name="testCreateFormattedResistanceStringFourBandGreyRedBlackRed" time="0.000" timestamp="2018-10-19T20:33:00"/>
	<testcase classname="create_formatted_resistance_string_tests.CreateFormattedResistanceStringTests" name="testCreateFormattedResistanceStringFourBandGreyRedBlackSilver" time="0.000" timestamp="2018-10-19T20:33:00"/>
	<testcase classname="create_formatted_resistance_string_tests.CreateFormattedResistanceStringTests" name="testCreateFormattedResistanceStringFourBandGreyRedBlackViolet" time="0.000" timestamp="2018-10-19T20:33:00"/>
	<testcase classname="create_formatted_resistance_string_tests.CreateFormattedResistanceStringTests" name="testCreateFormattedResistanceStringFourBandGreyRedBlueBlue" time="0.000" timestamp="2018-10-19T20:33:00"/>
	<testcase classname="create_formatted_resistance_string_tests.CreateFormattedResistanceStringTests" name="testCreateFormattedResistanceStringFourBandGreyRedBlueBrown" time="0.000" timestamp="2018-10-19T20:33:00"/>
	<testcase classname="create_formatted_resistance_string_tests.CreateFormattedResistanceStringTests" name="testCreateFormattedResistanceStringFourBandGreyRedBlueGold" time="0.000" timestamp="2018-10-19T20:33:00"/>
	<testcase classname="create_formatted_resistance_string_tests.CreateFormattedResistanceStringTests" name="testCreateFormattedResistanceStringFourBandGreyRedBlueGreen" time="0.000" timestamp="2018-10-19T20:33:00"/>
	<testcase classname="create_formatted_resistance_string_tests.CreateFormattedResistanceStringTests" name="testCreateFormattedResistanceStringFourBandGreyRedBlueGrey" time="0.000" timestamp="2018-10-19T20:33:00"/>
	<testcase classname="create_formatted_resistance_string_tests.CreateFormattedResistanceStringTests" name="testCreateFormattedResistanceStringFourBandGreyRedBlueNone" time="0.000" timestamp="2018-10-19T20:33:00"/>
	<testcase classname="create_formatted_resistance_string_tests.CreateFormattedResistanceStringTests" name="testCreateFormattedResistanceStringFourBandGreyRedBlueRed" time="0.000" timestamp="2018-10-19T20:33:00"/>
	<testcase classname="create_formatted_resistance_string_tests.CreateFormattedResistanceStringTests" name="testCreateFormattedResistanceStringFourBandGreyRedBlueSilver" time="0.000" timestamp="2018-10-19T20:33:00"/>
	<testcase classname="create_formatted_resistance_string_tests.CreateFormattedResistanceStringTests" name="testCreateFormattedResistanceStringFourBandGreyRedBlueViolet" time="0.000" timestamp="2018-10-19T20:33:00"/>
	<testcase classname="create_formatted_resistance_string_tests.CreateFormattedResistanceStringTests" name="testCreateFormattedResistanceStringFourBandGreyRedBrownBlue" time="0.000" timestamp="2018-10-19T20:33:00"/>
	<testcase classname="create_formatted_resistance_string_tests.CreateFormattedResistanceStringTests" name="testCreateFormattedResistanceStringFourBandGreyRedBrownBrown" time="0.000" timestamp="2018-10-19T20:33:00"/>
	<testcase classname="create_formatted_resistance_string_tests.CreateFormattedResistanceStringTests" name="testCreateFormattedResistanceStringFourBandGreyRedBrownGold" time="0.000" timestamp="2018-10-19T20:33:00"/>
	<testcase classname="create_formatted_resistance_string_tests.CreateFormattedResistanceStringTests" name="testCreateFormattedResistanceStringFourBandGreyRedBrownGreen" time="0.000" timestamp="2018-10-19T20:33:00"/>
	<testcase classname="create_formatted_resistance_string_tests.CreateFormattedResistanceStringTests" name="testCreateFormattedResistanceStringFourBandGreyRedBrownGrey" time="0.000" timestamp="2018-10-19T20:33:00"/>
	<testcase classname="create_formatted_resistance_string_tests.CreateFormattedResistanceStringTests" name="testCreateFormattedResistanceStringFourBandGreyRedBrownNone" time="0.000" timestamp="2018-10-19T20:33:00"/>
	<testcase classname="create_formatted_resistance_string_tests.CreateFormattedResistanceStringTests" name="testCreateFormattedResistanceStringFourBandGreyRedBrownRed" time="0.000" timestamp="2018-10-19T20:33:00"/>
	<testcase classname="create_formatted_resistance_string_tests.CreateFormattedResistanceStringTests" name="testCreateFormattedResistanceStringFourBandGreyRedBrownSilver" time="0.000" timestamp="2018-10-19T20:33:00"/>
	<testcase classname="create_formatted_resistance_string_tests.CreateFormattedResistanceStringTests" name="testCreateFormattedResistanceStringFourBandGreyRedBrownViolet" time="0.000" timestamp="2018-10-19T20:33:00"/>
	<testcase classname="create_formatted_resistance_string_tests.CreateFormattedResistanceStringTests" name="testCreateFormattedResistanceStringFourBandGreyRedGoldBlue" time="0.000" timestamp="2018-10-19T20:33:00"/>
	<testcase classname="create_formatted_resistance_string_tests.CreateFormattedResistanceStringTests" name="testCreateFormattedResistanceStringFourBandGreyRedGoldBrown" time="0.000" timestamp="2018-10-19T20:33:00"/>
	<testcase classname="create_formatted_resistance_string_tests.CreateFormattedResistanceStringTests" name="testCreateFormattedResistanceStringFourBandGreyRedGoldGold" time="0.000" timestamp="2018-10-19T20:33:00"/>
	<testcase classname="create_formatted_resistance_string_tests.CreateFormattedResistanceStringTests" name="testCreateFormattedResistanceStringFourBandGreyRedGoldGreen" time="0.000" timestamp="2018-10-19T20:33:00"/>
	<testcase classname="create_formatted_resistance_string_tests.CreateFormattedResistanceStringTests" name="testCreateFormattedResistanceStringFourBandGreyRedGoldGrey" time="0.000" timestamp="2018-10-19T20:33:00"/>
	<testcase classname="create_formatted_resistance_string_tests.CreateFormattedResistanceStringTests" name="testCreateFormattedResistanceStringFourBandGreyRedGoldNone" time="0.000" timestamp="2018-10-19T20:33:00"/>
	<testcase classname="create_formatted_resistance_string_tests.CreateFormattedResistanceStringTests" name="testCreateFormattedResistanceStringFourBandGreyRedGoldRed" time="0.000" timestamp="2018-10-19T20:33:00"/>
	<testcase classname="create_formatted_resistance_string_tests.CreateFormattedResistanceStringTests" name="testCreateFormattedResistanceStringFourBandGreyRedGoldSilver" time="0.000" timestamp="2018-10-19T20:33:00"/>
	<testcase classname="create_formatted_resistance_string_tests.CreateFormattedResistanceStringTests" name="testCreateFormattedResistanceStringFourBandGreyRedGoldViolet" time="0.000" timestamp="2018-10-19T20:33:00"/>
	<testcase classname="create_formatted_resistance_string_tests.CreateFormattedResistanceStringTests" name="testCreateFormattedResistanceStringFourBandGreyRedGreenBlue" time="0.000" timestamp="2018-10-19T20:33:00"/>
	<testcase classname="create_formatted_resistance_string_tests.CreateFormattedResistanceStringTests" name="testCreateFormattedResistanceStringFourBandGreyRedGreenBrown" time="0.000" timestamp="2018-10-19T20:33:00"/>
	<testcase classname="create_formatted_resistance_string_tests.CreateFormattedResistanceStringTests" name="testCreateFormattedResistanceStringFourBandGreyRedGreenGold" time="0.000" timestamp="2018-10-19T20:33:00"/>
	<testcase classname="create_formatted_resistance_string_tests.CreateFormattedResistanceStringTests" name="testCreateFormattedResistanceStringFourBandGreyRedGreenGreen" time="0.000" timestamp="2018-10-19T20:33:00"/>
	<testcase classname="create_formatted_resistance_string_tests.CreateFormattedResistanceStringTests" name="testCreateFormattedResistanceStringFourBandGreyRedGreenGrey" time="0.000" timestamp="2018-10-19T20:33:00"/>
	<testcase classname="create_formatted_resistance_string_tests.CreateFormattedResistanceStringTests" name="testCreateFormattedResistanceStringFourBandGreyRedGreenNone" time="0.000" timestamp="2018-10-19T20:33:00"/>
	<testcase classname="create_formatted_resistance_string_tests.CreateFormattedResistanceStringTests" name="testCreateFormattedResistanceStringFourBandGreyRedGreenRed" time="0.000" timestamp="2018-10-19T20:33:00"/>
	<testcase classname="create_formatted_resistance_string_tests.CreateFormattedResistanceStringTests" name="testCreateFormattedResistanceStringFourBandGreyRedGreenSilver" time="0.000" timestamp="2018-10-19T20:33:00"/>
	<testcase classname="create_formatted_resistance_string_tests.CreateFormattedResistanceStringTests" name="testCreateFormattedResistanceStringFourBandGreyRedGreenViolet" time="0.000" timestamp="2018-10-19T20:33:00"/>
	<testcase classname="create_formatted_resistance_string_tests.CreateFormattedResistanceStringTests" name="testCreateFormattedResistanceStringFourBandGreyRedGreyBlue" time="0.000" timestamp="2018-10-19T20:33:00"/>
	<testcase classname="create_formatted_resistance_string_tests.CreateFormattedResistanceStringTests" name="testCreateFormattedResistanceStringFourBandGreyRedGreyBrown" time="0.000" timestamp="2018-10-19T20:33:00"/>
	<testcase classname="create_formatted_resistance_string_tests.CreateFormattedResistanceStringTests" name="testCreateFormattedResistanceStringFourBandGreyRedGreyGold" time="0.000" timestamp="2018-10-19T20:33:00"/>
	<testcase classname="create_formatted_resistance_string_tests.CreateFormattedResistanceStringTests" name="testCreateFormattedResistanceStringFourBandGreyRedGreyGreen" time="0.000" timestamp="2018-10-19T20:33:00"/>
	<testcase classname="create_formatted_resistance_string_tests.CreateFormattedResistanceStringTests" name="testCreateFormattedResistanceStringFourBandGreyRedGreyGrey" time="0.000" timestamp="2018-10-19T20:33:00"/>
	<testcase classname="create_formatted_resistance_string_tests.CreateFormattedResistanceStringTests" name="testCreateFormattedResistanceStringFourBandGreyRedGreyNone" time="0.000" timestamp="2018-10-19T20:33:00"/>
	<testcase classname="create_formatted_resistance_string_tests.CreateFormattedResistanceStringTests" name="testCreateFormattedResistanceStringFourBandGreyRedGreyRed" time="0.000" timestamp="2018-10-19T20:33:00"/>
	<testcase classname="create_formatted_resistance_string_tests.CreateFormattedResistanceStringTests" name="testCreateFormattedResistanceStringFourBandGreyRedGreySilver" time="0.000" timestamp="2018-10-19T20:33:00"/>
	<testcase classname="create_formatted_resistance_string_tests.CreateFormattedResistanceStringTests" name="testCreateFormattedResistanceStringFourBandGreyRedGreyViolet" time="0.000" timestamp="2018-10-19T20:33:00"/>
	<testcase classname="create_formatted_resistance_string_tests.CreateFormattedResistanceStringTests" name="testCreateFormattedResistanceStringFourBandGreyRedOrangeBlue" time="0.000" timestamp="2018-10-19T20:33:00"/>
	<testcase classname="create_formatted_resistance_string_tests.CreateFormattedResistanceStringTests" name="testCreateFormattedResistanceStringFourBandGreyRedOrangeBrown" time="0.000" timestamp="2018-10-19T20:33:00"/>
	<testcase classname="create_formatted_resistance_string_tests.CreateFormattedResistanceStringTests" name="testCreateFormattedResistanceStringFourBandGreyRedOrangeGold" time="0.000" timestamp="2018-10-19T20:33:00"/>
	<testcase classname="create_formatted_resistance_string_tests.CreateFormattedResistanceStringTests" name="testCreateFormattedResistanceStringFourBandGreyRedOrangeGreen" time="0.000" timestamp="2018-10-19T20:33:00"/>
	<testcase classname="create_formatted_resistance_string_tests.CreateFormattedResistanceStringTests" name="testCreateFormattedResistanceStringFourBandGreyRedOrangeGrey" time="0.000" timestamp="2018-10-19T20:33:00"/>
	<testcase classname="create_formatted_resistance_string_tests.CreateFormattedResistanceStringTests" name="testCreateFormattedResistanceStringFourBandGreyRedOrangeNone" time="0.000" timestamp="2018-10-19T20:33:00"/>
	<testcase classname="create_formatted_resistance_string_tests.CreateFormattedResistanceStringTests" name="testCreateFormattedResistanceStringFourBandGreyRedOrangeRed" time="0.000" timestamp="2018-10-19T20:33:00"/>
	<testcase classname="create_formatted_resistance_string_tests.CreateFormattedResistanceStringTests" name="testCreateFormattedResistanceStringFourBandGreyRedOrangeSilver" time="0.000" timestamp="2018-10-19T20:33:00"/>
	<testcase classname="create_formatted_resistance_string_tests.CreateFormattedResistanceStringTests" name="testCreateFormattedResistanceStringFourBandGreyRedOrangeViolet" time="0.000" timestamp="2018-10-19T20:33:00"/>
	<testcase classname="create_formatted_resistance_string_tests.CreateFormattedResistanceStringTests" name="testCreateFormattedResistanceStringFourBandGreyRedRedBlue" time="0.000" timestamp="2018-10-19T20:33:00"/>
	<testcase classname="create_formatted_resistance_string_tests.CreateFormattedResistanceStringTests" name="testCreateFormattedResistanceStringFourBandGreyRedRedBrown" time="0.000" timestamp="2018-10-19T20:33:00"/>
	<testcase classname="create_formatted_resistance_string_tests.CreateFormattedResistanceStringTests" name="testCreateFormattedResistanceStringFourBandGreyRedRedGold" time="0.000" timestamp="2018-10-19T20:33:00"/>
	<testcase classname="create_formatted_resistance_string_tests.CreateFormattedResistanceStringTests" name="testCreateFormattedResistanceStringFourBandGreyRedRedGreen" time="0.000" timestamp="2018-10-19T20:33:00"/>
	<testcase classname="create_formatted_resistance_string_tests.CreateFormattedResistanceStringTests" name="testCreateFormattedResistanceStringFourBandGreyRedRedGrey" time="0.000" timestamp="2018-10-19T20:33:00"/>
	<testcase classname="create_formatted_resistance_string_tests.CreateFormattedResistanceStringTests" name="testCreateFormattedResistanceStringFourBandGreyRedRedNone" time="0.000" timestamp="2018-10-19T20:33:00"/>
	<testcase classname="create_formatted_resistance_string_tests.CreateFormattedResistanceStringTests" name="testCreateFormattedResistanceStringFourBandGreyRedRedRed" time="0.000" timestamp="2018-10-19T20:33:00"/>
	<testcase classname="create_formatted_resistance_string_tests.CreateFormattedResistanceStringTests" name="testCreateFormattedResistanceStringFourBandGreyRedRedSilver" time="0.000" timestamp="2018-10-19T20:33:00"/>
	<testcase classname="create_formatted_resistance_string_tests.CreateFormattedResistanceStringTests" name="testCreateFormattedResistanceStringFourBandGreyRedRedViolet" time="0.000" timestamp="2018-10-19T20:33:00"/>
	<testcase classname="create_formatted_resistance_string_tests.CreateFormattedResistanceStringTests" name="testCreateFormattedResistanceStringFourBandGreyRedSilverBlue" time="0.000" timestamp="2018-10-19T20:33:00"/>
	<testcase classname="create_formatted_resistance_string_tests.CreateFormattedResistanceStringTests" name="testCreateFormattedResistanceStringFourBandGreyRedSilverBrown" time="0.000" timestamp="2018-10-19T20:33:00"/>
	<testcase classname="create_formatted_resistance_string_tests.CreateFormattedResistanceStringTests" name="testCreateFormattedResistanceStringFourBandGreyRedSilverGold" time="0.000" timestamp="2018-10-19T20:33:00"/>
	<testcase classname="create_formatted_resistance_string_tests.CreateFormattedResistanceStringTests" name="testCreateFormattedResistanceStringFourBandGreyRedSilverGreen" time="0.000" timestamp="2018-10-19T20:33:00"/>
	<testcase classname="create_formatted_resistance_string_tests.CreateFormattedResistanceStringTests" name="testCreateFormattedResistanceStringFourBandGreyRedSilverGrey" time="0.000" timestamp="2018-10-19T20:33:00"/>
	<testcase classname="create_formatted_resistance_string_tests.CreateFormattedResistanceStringTests" name="testCreateFormattedResistanceStringFourBandGreyRedSilverNone" time="0.000" timestamp="2018-10-19T20:33:00"/>
	<testcase classname="create_formatted_resistance_string_tests.CreateFormattedResistanceStringTests" name="testCreateFormattedResistanceStringFourBandGreyRedSilverRed" time="0.000" timestamp="2018-10-19T20:33:00"/>
	<testcase classname="create_formatted_resistance_string_tests.CreateFormattedResistanceStringTests" name="testCreateFormattedResistanceStringFourBandGreyRedSilverSilver" time="0.000" timestamp="2018-10-19T20:33:00"/>
	<testcase classname="create_formatted_resistance_string_tests.CreateFormattedResistanceStringTests" name="testCreateFormattedResistanceStringFourBandGreyRedSilverViolet" time="0.000" timestamp="2018-10-19T20:33:00"/>
	<testcase classname="create_formatted_resistance_string_tests.CreateFormattedResistanceStringTests" name="testCreateFormattedResistanceStringFourBandGreyRedVioletBlue" time="0.000" timestamp="2018-10-19T20:33:00"/>
	<testcase classname="create_formatted_resistance_string_tests.CreateFormattedResistanceStringTests" name="testCreateFormattedResistanceStringFourBandGreyRedVioletBrown" time="0.000" timestamp="2018-10-19T20:33:00"/>
	<testcase classname="create_formatted_resistance_string_tests.CreateFormattedResistanceStringTests" name="testCreateFormattedResistanceStringFourBandGreyRedVioletGold" time="0.000" timestamp="2018-10-19T20:33:00"/>
	<testcase classname="create_formatted_resistance_string_tests.CreateFormattedResistanceStringTests" name="testCreateFormattedResistanceStringFourBandGreyRedVioletGreen" time="0.000" timestamp="2018-10-19T20:33:00"/>
	<testcase classname="create_formatted_resistance_string_tests.CreateFormattedResistanceStringTests" name="testCreateFormattedResistanceStringFourBandGreyRedVioletGrey" time="0.000" timestamp="2018-10-19T20:33:00"/>
	<testcase classname="create_formatted_resistance_string_tests.CreateFormattedResistanceStringTests" name="testCreateFormattedResistanceStringFourBandGreyRedVioletNone" time="0.000" timestamp="2018-10-19T20:33:00"/>
	<testcase classname="create_formatted_resistance_string_tests.CreateFormattedResistanceStringTests" name="testCreateFormattedResistanceStringFourBandGreyRedVioletRed" time="0.000" timestamp="2018-10-19T20:33:00"/>
	<testcase classname="create_formatted_resistance_string_tests.CreateFormattedResistanceStringTests" name="testCreateFormattedResistanceStringFourBandGreyRedVioletSilver" time="0.000" timestamp="2018-10-19T20:33:00"/>
	<testcase classname="create_formatted_resistance_string_tests.CreateFormattedResistanceStringTests" name="testCreateFormattedResistanceStringFourBandGreyRedVioletViolet" time="0.000" timestamp="2018-10-19T20:33:00"/>
	<testcase classname="create_formatted_resistance_string_tests.CreateFormattedResistanceStringTests" name="testCreateFormattedResistanceStringFourBandGreyRedWhiteBlue" time="0.000" timestamp="2018-10-19T20:33:00"/>
	<testcase classname="create_formatted_resistance_string_tests.CreateFormattedResistanceStringTests" name="testCreateFormattedResistanceStringFourBandGreyRedWhiteBrown" time="0.000" timestamp="2018-10-19T20:33:00"/>
	<testcase classname="create_formatted_resistance_string_tests.CreateFormattedResistanceStringTests" name="testCreateFormattedResistanceStringFourBandGreyRedWhiteGold" time="0.000" timestamp="2018-10-19T20:33:00"/>
	<testcase classname="create_formatted_resistance_string_tests.CreateFormattedResistanceStringTests" name="testCreateFormattedResistanceStringFourBandGreyRedWhiteGreen" time="0.000" timestamp="2018-10-19T20:33:00"/>
	<testcase classname="create_formatted_resistance_string_tests.CreateFormattedResistanceStringTests" name="testCreateFormattedResistanceStringFourBandGreyRedWhiteGrey" time="0.000" timestamp="2018-10-19T20:33:00"/>
	<testcase classname="create_formatted_resistance_string_tests.CreateFormattedResistanceStringTests" name="testCreateFormattedResistanceStringFourBandGreyRedWhiteNone" time="0.000" timestamp="2018-10-19T20:33:00"/>
	<testcase classname="create_formatted_resistance_string_tests.CreateFormattedResistanceStringTests" name="testCreateFormattedResistanceStringFourBandGreyRedWhiteRed" time="0.000" timestamp="2018-10-19T20:33:00"/>
	<testcase classname="create_formatted_resistance_string_tests.CreateFormattedResistanceStringTests" name="testCreateFormattedResistanceStringFourBandGreyRedWhiteSilver" time="0.000" timestamp="2018-10-19T20:33:00"/>
	<testcase classname="create_formatted_resistance_string_tests.CreateFormattedResistanceStringTests" name="testCreateFormattedResistanceStringFourBandGreyRedWhiteViolet" time="0.000" timestamp="2018-10-19T20:33:00"/>
	<testcase classname="create_formatted_resistance_string_tests.CreateFormattedResistanceStringTests" name="testCreateFormattedResistanceStringFourBandGreyRedYellowBlue" time="0.000" timestamp="2018-10-19T20:33:00"/>
	<testcase classname="create_formatted_resistance_string_tests.CreateFormattedResistanceStringTests" name="testCreateFormattedResistanceStringFourBandGreyRedYellowBrown" time="0.000" timestamp="2018-10-19T20:33:00"/>
	<testcase classname="create_formatted_resistance_string_tests.CreateFormattedResistanceStringTests" name="testCreateFormattedResistanceStringFourBandGreyRedYellowGold" time="0.000" timestamp="2018-10-19T20:33:00"/>
	<testcase classname="create_formatted_resistance_string_tests.CreateFormattedResistanceStringTests" name="testCreateFormattedResistanceStringFourBandGreyRedYellowGreen" time="0.000" timestamp="2018-10-19T20:33:00"/>
	<testcase classname="create_formatted_resistance_string_tests.CreateFormattedResistanceStringTests" name="testCreateFormattedResistanceStringFourBandGreyRedYellowGrey" time="0.000" timestamp="2018-10-19T20:33:00"/>
	<testcase classname="create_formatted_resistance_string_tests.CreateFormattedResistanceStringTests" name="testCreateFormattedResistanceStringFourBandGreyRedYellowNone" time="0.000" timestamp="2018-10-19T20:33:00"/>
	<testcase classname="create_formatted_resistance_string_tests.CreateFormattedResistanceStringTests" name="testCreateFormattedResistanceStringFourBandGreyRedYellowRed" time="0.000" timestamp="2018-10-19T20:33:00"/>
	<testcase classname="create_formatted_resistance_string_tests.CreateFormattedResistanceStringTests" name="testCreateFormattedResistanceStringFourBandGreyRedYellowSilver" time="0.000" timestamp="2018-10-19T20:33:00"/>
	<testcase classname="create_formatted_resistance_string_tests.CreateFormattedResistanceStringTests" name="testCreateFormattedResistanceStringFourBandGreyRedYellowViolet" time="0.000" timestamp="2018-10-19T20:33:00"/>
	<testcase classname="create_formatted_resistance_string_tests.CreateFormattedResistanceStringTests" name="testCreateFormattedResistanceStringFourBandGreyVioletBlackBlue" time="0.000" timestamp="2018-10-19T20:33:00"/>
	<testcase classname="create_formatted_resistance_string_tests.CreateFormattedResistanceStringTests" name="testCreateFormattedResistanceStringFourBandGreyVioletBlackBrown" time="0.000" timestamp="2018-10-19T20:33:00"/>
	<testcase classname="create_formatted_resistance_string_tests.CreateFormattedResistanceStringTests" name="testCreateFormattedResistanceStringFourBandGreyVioletBlackGold" time="0.000" timestamp="2018-10-19T20:33:00"/>
	<testcase classname="create_formatted_resistance_string_tests.CreateFormattedResistanceStringTests" name="testCreateFormattedResistanceStringFourBandGreyVioletBlackGreen" time="0.000" timestamp="2018-10-19T20:33:00"/>
	<testcase classname="create_formatted_resistance_string_tests.CreateFormattedResistanceStringTests" name="testCreateFormattedResistanceStringFourBandGreyVioletBlackGrey" time="0.000" timestamp="2018-10-19T20:33:00"/>
	<testcase classname="create_formatted_resistance_string_tests.CreateFormattedResistanceStringTests" name="testCreateFormattedResistanceStringFourBandGreyVioletBlackNone" time="0.000" timestamp="2018-10-19T20:33:00"/>
	<testcase classname="create_formatted_resistance_string_tests.CreateFormattedResistanceStringTests" name="testCreateFormattedResistanceStringFourBandGreyVioletBlackRed" time="0.000" timestamp="2018-10-19T20:33:00"/>
	<testcase classname="create_formatted_resistance_string_tests.CreateFormattedResistanceStringTests" name="testCreateFormattedResistanceStringFourBandGreyVioletBlackSilver" time="0.000" timestamp="2018-10-19T20:33:00"/>
	<testcase classname="create_formatted_resistance_string_tests.CreateFormattedResistanceStringTests" name="testCreateFormattedResistanceStringFourBandGreyVioletBlackViolet" time="0.000" timestamp="2018-10-19T20:33:00"/>
	<testcase classname="create_formatted_resistance_string_tests.CreateFormattedResistanceStringTests" name="testCreateFormattedResistanceStringFourBandGreyVioletBlueBlue" time="0.000" timestamp="2018-10-19T20:33:00"/>
	<testcase classname="create_formatted_resistance_string_tests.CreateFormattedResistanceStringTests" name="testCreateFormattedResistanceStringFourBandGreyVioletBlueBrown" time="0.000" timestamp="2018-10-19T20:33:00"/>
	<testcase classname="create_formatted_resistance_string_tests.CreateFormattedResistanceStringTests" name="testCreateFormattedResistanceStringFourBandGreyVioletBlueGold" time="0.000" timestamp="2018-10-19T20:33:00"/>
	<testcase classname="create_formatted_resistance_string_tests.CreateFormattedResistanceStringTests" name="testCreateFormattedResistanceStringFourBandGreyVioletBlueGreen" time="0.000" timestamp="2018-10-19T20:33:00"/>
	<testcase classname="create_formatted_resistance_string_tests.CreateFormattedResistanceStringTests" name="testCreateFormattedResistanceStringFourBandGreyVioletBlueGrey" time="0.000" timestamp="2018-10-19T20:33:00"/>
	<testcase classname="create_formatted_resistance_string_tests.CreateFormattedResistanceStringTests" name="testCreateFormattedResistanceStringFourBandGreyVioletBlueNone" time="0.000" timestamp="2018-10-19T20:33:00"/>
	<testcase classname="create_formatted_resistance_string_tests.CreateFormattedResistanceStringTests" name="testCreateFormattedResistanceStringFourBandGreyVioletBlueRed" time="0.000" timestamp="2018-10-19T20:33:00"/>
	<testcase classname="create_formatted_resistance_string_tests.CreateFormattedResistanceStringTests" name="testCreateFormattedResistanceStringFourBandGreyVioletBlueSilver" time="0.000" timestamp="2018-10-19T20:33:00"/>
	<testcase classname="create_formatted_resistance_string_tests.CreateFormattedResistanceStringTests" name="testCreateFormattedResistanceStringFourBandGreyVioletBlueViolet" time="0.000" timestamp="2018-10-19T20:33:00"/>
	<testcase classname="create_formatted_resistance_string_tests.CreateFormattedResistanceStringTests" name="testCreateFormattedResistanceStringFourBandGreyVioletBrownBlue" time="0.000" timestamp="2018-10-19T20:33:00"/>
	<testcase classname="create_formatted_resistance_string_tests.CreateFormattedResistanceStringTests" name="testCreateFormattedResistanceStringFourBandGreyVioletBrownBrown" time="0.000" timestamp="2018-10-19T20:33:00"/>
	<testcase classname="create_formatted_resistance_string_tests.CreateFormattedResistanceStringTests" name="testCreateFormattedResistanceStringFourBandGreyVioletBrownGold" time="0.000" timestamp="2018-10-19T20:33:00"/>
	<testcase classname="create_formatted_resistance_string_tests.CreateFormattedResistanceStringTests" name="testCreateFormattedResistanceStringFourBandGreyVioletBrownGreen" time="0.000" timestamp="2018-10-19T20:33:00"/>
	<testcase classname="create_formatted_resistance_string_tests.CreateFormattedResistanceStringTests" name="testCreateFormattedResistanceStringFourBandGreyVioletBrownGrey" time="0.000" timestamp="2018-10-19T20:33:00"/>
	<testcase classname="create_formatted_resistance_string_tests.CreateFormattedResistanceStringTests" name="testCreateFormattedResistanceStringFourBandGreyVioletBrownNone" time="0.000" timestamp="2018-10-19T20:33:00"/>
	<testcase classname="create_formatted_resistance_string_tests.CreateFormattedResistanceStringTests" name="testCreateFormattedResistanceStringFourBandGreyVioletBrownRed" time="0.000" timestamp="2018-10-19T20:33:00"/>
	<testcase classname="create_formatted_resistance_string_tests.CreateFormattedResistanceStringTests" name="testCreateFormattedResistanceStringFourBandGreyVioletBrownSilver" time="0.000" timestamp="2018-10-19T20:33:00"/>
	<testcase classname="create_formatted_resistance_string_tests.CreateFormattedResistanceStringTests" name="testCreateFormattedResistanceStringFourBandGreyVioletBrownViolet" time="0.000" timestamp="2018-10-19T20:33:00"/>
	<testcase classname="create_formatted_resistance_string_tests.CreateFormattedResistanceStringTests" name="testCreateFormattedResistanceStringFourBandGreyVioletGoldBlue" time="0.000" timestamp="2018-10-19T20:33:00"/>
	<testcase classname="create_formatted_resistance_string_tests.CreateFormattedResistanceStringTests" name="testCreateFormattedResistanceStringFourBandGreyVioletGoldBrown" time="0.000" timestamp="2018-10-19T20:33:00"/>
	<testcase classname="create_formatted_resistance_string_tests.CreateFormattedResistanceStringTests" name="testCreateFormattedResistanceStringFourBandGreyVioletGoldGold" time="0.000" timestamp="2018-10-19T20:33:00"/>
	<testcase classname="create_formatted_resistance_string_tests.CreateFormattedResistanceStringTests" name="testCreateFormattedResistanceStringFourBandGreyVioletGoldGreen" time="0.000" timestamp="2018-10-19T20:33:00"/>
	<testcase classname="create_formatted_resistance_string_tests.CreateFormattedResistanceStringTests" name="testCreateFormattedResistanceStringFourBandGreyVioletGoldGrey" time="0.000" timestamp="2018-10-19T20:33:00"/>
	<testcase classname="create_formatted_resistance_string_tests.CreateFormattedResistanceStringTests" name="testCreateFormattedResistanceStringFourBandGreyVioletGoldNone" time="0.000" timestamp="2018-10-19T20:33:00"/>
	<testcase classname="create_formatted_resistance_string_tests.CreateFormattedResistanceStringTests" name="testCreateFormattedResistanceStringFourBandGreyVioletGoldRed" time="0.000" timestamp="2018-10-19T20:33:00"/>
	<testcase classname="create_formatted_resistance_string_tests.CreateFormattedResistanceStringTests" name="testCreateFormattedResistanceStringFourBandGreyVioletGoldSilver" time="0.000" timestamp="2018-10-19T20:33:00"/>
	<testcase classname="create_formatted_resistance_string_tests.CreateFormattedResistanceStringTests" name="testCreateFormattedResistanceStringFourBandGreyVioletGoldViolet" time="0.000" timestamp="2018-10-19T20:33:00"/>
	<testcase classname="create_formatted_resistance_string_tests.CreateFormattedResistanceStringTests" name="testCreateFormattedResistanceStringFourBandGreyVioletGreenBlue" time="0.000" timestamp="2018-10-19T20:33:00"/>
	<testcase classname="create_formatted_resistance_string_tests.CreateFormattedResistanceStringTests" name="testCreateFormattedResistanceStringFourBandGreyVioletGreenBrown" time="0.000" timestamp="2018-10-19T20:33:00"/>
	<testcase classname="create_formatted_resistance_string_tests.CreateFormattedResistanceStringTests" name="testCreateFormattedResistanceStringFourBandGreyVioletGreenGold" time="0.000" timestamp="2018-10-19T20:33:00"/>
	<testcase classname="create_formatted_resistance_string_tests.CreateFormattedResistanceStringTests" name="testCreateFormattedResistanceStringFourBandGreyVioletGreenGreen" time="0.000" timestamp="2018-10-19T20:33:00"/>
	<testcase classname="create_formatted_resistance_string_tests.CreateFormattedResistanceStringTests" name="testCreateFormattedResistanceStringFourBandGreyVioletGreenGrey" time="0.000" timestamp="2018-10-19T20:33:00"/>
	<testcase classname="create_formatted_resistance_string_tests.CreateFormattedResistanceStringTests" name="testCreateFormattedResistanceStringFourBandGreyVioletGreenNone" time="0.000" timestamp="2018-10-19T20:33:00"/>
	<testcase classname="create_formatted_resistance_string_tests.CreateFormattedResistanceStringTests" name="testCreateFormattedResistanceStringFourBandGreyVioletGreenRed" time="0.000" timestamp="2018-10-19T20:33:00"/>
	<testcase classname="create_formatted_resistance_string_tests.CreateFormattedResistanceStringTests" name="testCreateFormattedResistanceStringFourBandGreyVioletGreenSilver" time="0.000" timestamp="2018-10-19T20:33:00"/>
	<testcase classname="create_formatted_resistance_string_tests.CreateFormattedResistanceStringTests" name="testCreateFormattedResistanceStringFourBandGreyVioletGreenViolet" time="0.000" timestamp="2018-10-19T20:33:00"/>
	<testcase classname="create_formatted_resistance_string_tests.CreateFormattedResistanceStringTests" name="testCreateFormattedResistanceStringFourBandGreyVioletGreyBlue" time="0.000" timestamp="2018-10-19T20:33:00"/>
	<testcase classname="create_formatted_resistance_string_tests.CreateFormattedResistanceStringTests" name="testCreateFormattedResistanceStringFourBandGreyVioletGreyBrown" time="0.000" timestamp="2018-10-19T20:33:00"/>
	<testcase classname="create_formatted_resistance_string_tests.CreateFormattedResistanceStringTests" name="testCreateFormattedResistanceStringFourBandGreyVioletGreyGold" time="0.000" timestamp="2018-10-19T20:33:00"/>
	<testcase classname="create_formatted_resistance_string_tests.CreateFormattedResistanceStringTests" name="testCreateFormattedResistanceStringFourBandGreyVioletGreyGreen" time="0.000" timestamp="2018-10-19T20:33:00"/>
	<testcase classname="create_formatted_resistance_string_tests.CreateFormattedResistanceStringTests" name="testCreateFormattedResistanceStringFourBandGreyVioletGreyGrey" time="0.000" timestamp="2018-10-19T20:33:00"/>
	<testcase classname="create_formatted_resistance_string_tests.CreateFormattedResistanceStringTests" name="testCreateFormattedResistanceStringFourBandGreyVioletGreyNone" time="0.000" timestamp="2018-10-19T20:33:00"/>
	<testcase classname="create_formatted_resistance_string_tests.CreateFormattedResistanceStringTests" name="testCreateFormattedResistanceStringFourBandGreyVioletGreyRed" time="0.000" timestamp="2018-10-19T20:33:00"/>
	<testcase classname="create_formatted_resistance_string_tests.CreateFormattedResistanceStringTests" name="testCreateFormattedResistanceStringFourBandGreyVioletGreySilver" time="0.000" timestamp="2018-10-19T20:33:00"/>
	<testcase classname="create_formatted_resistance_string_tests.CreateFormattedResistanceStringTests" name="testCreateFormattedResistanceStringFourBandGreyVioletGreyViolet" time="0.000" timestamp="2018-10-19T20:33:00"/>
	<testcase classname="create_formatted_resistance_string_tests.CreateFormattedResistanceStringTests" name="testCreateFormattedResistanceStringFourBandGreyVioletOrangeBlue" time="0.000" timestamp="2018-10-19T20:33:00"/>
	<testcase classname="create_formatted_resistance_string_tests.CreateFormattedResistanceStringTests" name="testCreateFormattedResistanceStringFourBandGreyVioletOrangeBrown" time="0.000" timestamp="2018-10-19T20:33:00"/>
	<testcase classname="create_formatted_resistance_string_tests.CreateFormattedResistanceStringTests" name="testCreateFormattedResistanceStringFourBandGreyVioletOrangeGold" time="0.000" timestamp="2018-10-19T20:33:00"/>
	<testcase classname="create_formatted_resistance_string_tests.CreateFormattedResistanceStringTests" name="testCreateFormattedResistanceStringFourBandGreyVioletOrangeGreen" time="0.000" timestamp="2018-10-19T20:33:00"/>
	<testcase classname="create_formatted_resistance_string_tests.CreateFormattedResistanceStringTests" name="testCreateFormattedResistanceStringFourBandGreyVioletOrangeGrey" time="0.000" timestamp="2018-10-19T20:33:00"/>
	<testcase classname="create_formatted_resistance_string_tests.CreateFormattedResistanceStringTests" name="testCreateFormattedResistanceStringFourBandGreyVioletOrangeNone" time="0.000" timestamp="2018-10-19T20:33:00"/>
	<testcase classname="create_formatted_resistance_string_tests.CreateFormattedResistanceStringTests" name="testCreateFormattedResistanceStringFourBandGreyVioletOrangeRed" time="0.000" timestamp="2018-10-19T20:33:00"/>
	<testcase classname="create_formatted_resistance_string_tests.CreateFormattedResistanceStringTests" name="testCreateFormattedResistanceStringFourBandGreyVioletOrangeSilver" time="0.000" timestamp="2018-10-19T20:33:00"/>
	<testcase classname="create_formatted_resistance_string_tests.CreateFormattedResistanceStringTests" name="testCreateFormattedResistanceStringFourBandGreyVioletOrangeViolet" time="0.000" timestamp="2018-10-19T20:33:00"/>
	<testcase classname="create_formatted_resistance_string_tests.CreateFormattedResistanceStringTests" name="testCreateFormattedResistanceStringFourBandGreyVioletRedBlue" time="0.000" timestamp="2018-10-19T20:33:00"/>
	<testcase classname="create_formatted_resistance_string_tests.CreateFormattedResistanceStringTests" name="testCreateFormattedResistanceStringFourBandGreyVioletRedBrown" time="0.000" timestamp="2018-10-19T20:33:00"/>
	<testcase classname="create_formatted_resistance_string_tests.CreateFormattedResistanceStringTests" name="testCreateFormattedResistanceStringFourBandGreyVioletRedGold" time="0.000" timestamp="2018-10-19T20:33:00"/>
	<testcase classname="create_formatted_resistance_string_tests.CreateFormattedResistanceStringTests" name="testCreateFormattedResistanceStringFourBandGreyVioletRedGreen" time="0.000" timestamp="2018-10-19T20:33:00"/>
	<testcase classname="create_formatted_resistance_string_tests.CreateFormattedResistanceStringTests" name="testCreateFormattedResistanceStringFourBandGreyVioletRedGrey" time="0.000" timestamp="2018-10-19T20:33:00"/>
	<testcase classname="create_formatted_resistance_string_tests.CreateFormattedResistanceStringTests" name="testCreateFormattedResistanceStringFourBandGreyVioletRedNone" time="0.000" timestamp="2018-10-19T20:33:00"/>
	<testcase classname="create_formatted_resistance_string_tests.CreateFormattedResistanceStringTests" name="testCreateFormattedResistanceStringFourBandGreyVioletRedRed" time="0.000" timestamp="2018-10-19T20:33:00"/>
	<testcase classname="create_formatted_resistance_string_tests.CreateFormattedResistanceStringTests" name="testCreateFormattedResistanceStringFourBandGreyVioletRedSilver" time="0.000" timestamp="2018-10-19T20:33:00"/>
	<testcase classname="create_formatted_resistance_string_tests.CreateFormattedResistanceStringTests" name="testCreateFormattedResistanceStringFourBandGreyVioletRedViolet" time="0.000" timestamp="2018-10-19T20:33:00"/>
	<testcase classname="create_formatted_resistance_string_tests.CreateFormattedResistanceStringTests" name="testCreateFormattedResistanceStringFourBandGreyVioletSilverBlue" time="0.000" timestamp="2018-10-19T20:33:00"/>
	<testcase classname="create_formatted_resistance_string_tests.CreateFormattedResistanceStringTests" name="testCreateFormattedResistanceStringFourBandGreyVioletSilverBrown" time="0.000" timestamp="2018-10-19T20:33:00"/>
	<testcase classname="create_formatted_resistance_string_tests.CreateFormattedResistanceStringTests" name="testCreateFormattedResistanceStringFourBandGreyVioletSilverGold" time="0.000" timestamp="2018-10-19T20:33:00"/>
	<testcase classname="create_formatted_resistance_string_tests.CreateFormattedResistanceStringTests" name="testCreateFormattedResistanceStringFourBandGreyVioletSilverGreen" time="0.000" timestamp="2018-10-19T20:33:00"/>
	<testcase classname="create_formatted_resistance_string_tests.CreateFormattedResistanceStringTests" name="testCreateFormattedResistanceStringFourBandGreyVioletSilverGrey" time="0.000" timestamp="2018-10-19T20:33:00"/>
	<testcase classname="create_formatted_resistance_string_tests.CreateFormattedResistanceStringTests" name="testCreateFormattedResistanceStringFourBandGreyVioletSilverNone" time="0.000" timestamp="2018-10-19T20:33:00"/>
	<testcase classname="create_formatted_resistance_string_tests.CreateFormattedResistanceStringTests" name="testCreateFormattedResistanceStringFourBandGreyVioletSilverRed" time="0.000" timestamp="2018-10-19T20:33:00"/>
	<testcase classname="create_formatted_resistance_string_tests.CreateFormattedResistanceStringTests" name="testCreateFormattedResistanceStringFourBandGreyVioletSilverSilver" time="0.000" timestamp="2018-10-19T20:33:00"/>
	<testcase classname="create_formatted_resistance_string_tests.CreateFormattedResistanceStringTests" name="testCreateFormattedResistanceStringFourBandGreyVioletSilverViolet" time="0.000" timestamp="2018-10-19T20:33:00"/>
	<testcase classname="create_formatted_resistance_string_tests.CreateFormattedResistanceStringTests" name="testCreateFormattedResistanceStringFourBandGreyVioletVioletBlue" time="0.000" timestamp="2018-10-19T20:33:00"/>
	<testcase classname="create_formatted_resistance_string_tests.CreateFormattedResistanceStringTests" name="testCreateFormattedResistanceStringFourBandGreyVioletVioletBrown" time="0.000" timestamp="2018-10-19T20:33:00"/>
	<testcase classname="create_formatted_resistance_string_tests.CreateFormattedResistanceStringTests" name="testCreateFormattedResistanceStringFourBandGreyVioletVioletGold" time="0.000" timestamp="2018-10-19T20:33:00"/>
	<testcase classname="create_formatted_resistance_string_tests.CreateFormattedResistanceStringTests" name="testCreateFormattedResistanceStringFourBandGreyVioletVioletGreen" time="0.000" timestamp="2018-10-19T20:33:00"/>
	<testcase classname="create_formatted_resistance_string_tests.CreateFormattedResistanceStringTests" name="testCreateFormattedResistanceStringFourBandGreyVioletVioletGrey" time="0.000" timestamp="2018-10-19T20:33:00"/>
	<testcase classname="create_formatted_resistance_string_tests.CreateFormattedResistanceStringTests" name="testCreateFormattedResistanceStringFourBandGreyVioletVioletNone" time="0.000" timestamp="2018-10-19T20:33:00"/>
	<testcase classname="create_formatted_resistance_string_tests.CreateFormattedResistanceStringTests" name="testCreateFormattedResistanceStringFourBandGreyVioletVioletRed" time="0.000" timestamp="2018-10-19T20:33:00"/>
	<testcase classname="create_formatted_resistance_string_tests.CreateFormattedResistanceStringTests" name="testCreateFormattedResistanceStringFourBandGreyVioletVioletSilver" time="0.000" timestamp="2018-10-19T20:33:00"/>
	<testcase classname="create_formatted_resistance_string_tests.CreateFormattedResistanceStringTests" name="testCreateFormattedResistanceStringFourBandGreyVioletVioletViolet" time="0.000" timestamp="2018-10-19T20:33:00"/>
	<testcase classname="create_formatted_resistance_string_tests.CreateFormattedResistanceStringTests" name="testCreateFormattedResistanceStringFourBandGreyVioletWhiteBlue" time="0.000" timestamp="2018-10-19T20:33:00"/>
	<testcase classname="create_formatted_resistance_string_tests.CreateFormattedResistanceStringTests" name="testCreateFormattedResistanceStringFourBandGreyVioletWhiteBrown" time="0.000" timestamp="2018-10-19T20:33:00"/>
	<testcase classname="create_formatted_resistance_string_tests.CreateFormattedResistanceStringTests" name="testCreateFormattedResistanceStringFourBandGreyVioletWhiteGold" time="0.000" timestamp="2018-10-19T20:33:00"/>
	<testcase classname="create_formatted_resistance_string_tests.CreateFormattedResistanceStringTests" name="testCreateFormattedResistanceStringFourBandGreyVioletWhiteGreen" time="0.000" timestamp="2018-10-19T20:33:00"/>
	<testcase classname="create_formatted_resistance_string_tests.CreateFormattedResistanceStringTests" name="testCreateFormattedResistanceStringFourBandGreyVioletWhiteGrey" time="0.000" timestamp="2018-10-19T20:33:00"/>
	<testcase classname="create_formatted_resistance_string_tests.CreateFormattedResistanceStringTests" name="testCreateFormattedResistanceStringFourBandGreyVioletWhiteNone" time="0.000" timestamp="2018-10-19T20:33:00"/>
	<testcase classname="create_formatted_resistance_string_tests.CreateFormattedResistanceStringTests" name="testCreateFormattedResistanceStringFourBandGreyVioletWhiteRed" time="0.000" timestamp="2018-10-19T20:33:00"/>
	<testcase classname="create_formatted_resistance_string_tests.CreateFormattedResistanceStringTests" name="testCreateFormattedResistanceStringFourBandGreyVioletWhiteSilver" time="0.000" timestamp="2018-10-19T20:33:00"/>
	<testcase classname="create_formatted_resistance_string_tests.CreateFormattedResistanceStringTests" name="testCreateFormattedResistanceStringFourBandGreyVioletWhiteViolet" time="0.000" timestamp="2018-10-19T20:33:00"/>
	<testcase classname="create_formatted_resistance_string_tests.CreateFormattedResistanceStringTests" name="testCreateFormattedResistanceStringFourBandGreyVioletYellowBlue" time="0.000" timestamp="2018-10-19T20:33:00"/>
	<testcase classname="create_formatted_resistance_string_tests.CreateFormattedResistanceStringTests" name="testCreateFormattedResistanceStringFourBandGreyVioletYellowBrown" time="0.000" timestamp="2018-10-19T20:33:00"/>
	<testcase classname="create_formatted_resistance_string_tests.CreateFormattedResistanceStringTests" name="testCreateFormattedResistanceStringFourBandGreyVioletYellowGold" time="0.000" timestamp="2018-10-19T20:33:00"/>
	<testcase classname="create_formatted_resistance_string_tests.CreateFormattedResistanceStringTests" name="testCreateFormattedResistanceStringFourBandGreyVioletYellowGreen" time="0.000" timestamp="2018-10-19T20:33:00"/>
	<testcase classname="create_formatted_resistance_string_tests.CreateFormattedResistanceStringTests" name="testCreateFormattedResistanceStringFourBandGreyVioletYellowGrey" time="0.000" timestamp="2018-10-19T20:33:00"/>
	<testcase classname="create_formatted_resistance_string_tests.CreateFormattedResistanceStringTests" name="testCreateFormattedResistanceStringFourBandGreyVioletYellowNone" time="0.000" timestamp="2018-10-19T20:33:00"/>
	<testcase classname="create_formatted_resistance_string_tests.CreateFormattedResistanceStringTests" name="testCreateFormattedResistanceStringFourBandGreyVioletYellowRed" time="0.000" timestamp="2018-10-19T20:33:00"/>
	<testcase classname="create_formatted_resistance_string_tests.CreateFormattedResistanceStringTests" name="testCreateFormattedResistanceStringFourBandGreyVioletYellowSilver" time="0.000" timestamp="2018-10-19T20:33:00"/>
	<testcase classname="create_formatted_resistance_string_tests.CreateFormattedResistanceStringTests" name="testCreateFormattedResistanceStringFourBandGreyVioletYellowViolet" time="0.000" timestamp="2018-10-19T20:33:00"/>
	<testcase classname="create_formatted_resistance_string_tests.CreateFormattedResistanceStringTests" name="testCreateFormattedResistanceStringFourBandGreyWhiteBlackBlue" time="0.000" timestamp="2018-10-19T20:33:00"/>
	<testcase classname="create_formatted_resistance_string_tests.CreateFormattedResistanceStringTests" name="testCreateFormattedResistanceStringFourBandGreyWhiteBlackBrown" time="0.000" timestamp="2018-10-19T20:33:00"/>
	<testcase classname="create_formatted_resistance_string_tests.CreateFormattedResistanceStringTests" name="testCreateFormattedResistanceStringFourBandGreyWhiteBlackGold" time="0.000" timestamp="2018-10-19T20:33:00"/>
	<testcase classname="create_formatted_resistance_string_tests.CreateFormattedResistanceStringTests" name="testCreateFormattedResistanceStringFourBandGreyWhiteBlackGreen" time="0.000" timestamp="2018-10-19T20:33:00"/>
	<testcase classname="create_formatted_resistance_string_tests.CreateFormattedResistanceStringTests" name="testCreateFormattedResistanceStringFourBandGreyWhiteBlackGrey" time="0.000" timestamp="2018-10-19T20:33:00"/>
	<testcase classname="create_formatted_resistance_string_tests.CreateFormattedResistanceStringTests" name="testCreateFormattedResistanceStringFourBandGreyWhiteBlackNone" time="0.000" timestamp="2018-10-19T20:33:00"/>
	<testcase classname="create_formatted_resistance_string_tests.CreateFormattedResistanceStringTests" name="testCreateFormattedResistanceStringFourBandGreyWhiteBlackRed" time="0.000" timestamp="2018-10-19T20:33:00"/>
	<testcase classname="create_formatted_resistance_string_tests.CreateFormattedResistanceStringTests" name="testCreateFormattedResistanceStringFourBandGreyWhiteBlackSilver" time="0.000" timestamp="2018-10-19T20:33:00"/>
	<testcase classname="create_formatted_resistance_string_tests.CreateFormattedResistanceStringTests" name="testCreateFormattedResistanceStringFourBandGreyWhiteBlackViolet" time="0.000" timestamp="2018-10-19T20:33:00"/>
	<testcase classname="create_formatted_resistance_string_tests.CreateFormattedResistanceStringTests" name="testCreateFormattedResistanceStringFourBandGreyWhiteBlueBlue" time="0.000" timestamp="2018-10-19T20:33:00"/>
	<testcase classname="create_formatted_resistance_string_tests.CreateFormattedResistanceStringTests" name="testCreateFormattedResistanceStringFourBandGreyWhiteBlueBrown" time="0.000" timestamp="2018-10-19T20:33:00"/>
	<testcase classname="create_formatted_resistance_string_tests.CreateFormattedResistanceStringTests" name="testCreateFormattedResistanceStringFourBandGreyWhiteBlueGold" time="0.000" timestamp="2018-10-19T20:33:00"/>
	<testcase classname="create_formatted_resistance_string_tests.CreateFormattedResistanceStringTests" name="testCreateFormattedResistanceStringFourBandGreyWhiteBlueGreen" time="0.000" timestamp="2018-10-19T20:33:00"/>
	<testcase classname="create_formatted_resistance_string_tests.CreateFormattedResistanceStringTests" name="testCreateFormattedResistanceStringFourBandGreyWhiteBlueGrey" time="0.000" timestamp="2018-10-19T20:33:00"/>
	<testcase classname="create_formatted_resistance_string_tests.CreateFormattedResistanceStringTests" name="testCreateFormattedResistanceStringFourBandGreyWhiteBlueNone" time="0.000" timestamp="2018-10-19T20:33:00"/>
	<testcase classname="create_formatted_resistance_string_tests.CreateFormattedResistanceStringTests" name="testCreateFormattedResistanceStringFourBandGreyWhiteBlueRed" time="0.000" timestamp="2018-10-19T20:33:00"/>
	<testcase classname="create_formatted_resistance_string_tests.CreateFormattedResistanceStringTests" name="testCreateFormattedResistanceStringFourBandGreyWhiteBlueSilver" time="0.000" timestamp="2018-10-19T20:33:00"/>
	<testcase classname="create_formatted_resistance_string_tests.CreateFormattedResistanceStringTests" name="testCreateFormattedResistanceStringFourBandGreyWhiteBlueViolet" time="0.000" timestamp="2018-10-19T20:33:00"/>
	<testcase classname="create_formatted_resistance_string_tests.CreateFormattedResistanceStringTests" name="testCreateFormattedResistanceStringFourBandGreyWhiteBrownBlue" time="0.000" timestamp="2018-10-19T20:33:00"/>
	<testcase classname="create_formatted_resistance_string_tests.CreateFormattedResistanceStringTests" name="testCreateFormattedResistanceStringFourBandGreyWhiteBrownBrown" time="0.000" timestamp="2018-10-19T20:33:00"/>
	<testcase classname="create_formatted_resistance_string_tests.CreateFormattedResistanceStringTests" name="testCreateFormattedResistanceStringFourBandGreyWhiteBrownGold" time="0.000" timestamp="2018-10-19T20:33:00"/>
	<testcase classname="create_formatted_resistance_string_tests.CreateFormattedResistanceStringTests" name="testCreateFormattedResistanceStringFourBandGreyWhiteBrownGreen" time="0.000" timestamp="2018-10-19T20:33:00"/>
	<testcase classname="create_formatted_resistance_string_tests.CreateFormattedResistanceStringTests" name="testCreateFormattedResistanceStringFourBandGreyWhiteBrownGrey" time="0.000" timestamp="2018-10-19T20:33:00"/>
	<testcase classname="create_formatted_resistance_string_tests.CreateFormattedResistanceStringTests" name="testCreateFormattedResistanceStringFourBandGreyWhiteBrownNone" time="0.000" timestamp="2018-10-19T20:33:00"/>
	<testcase classname="create_formatted_resistance_string_tests.CreateFormattedResistanceStringTests" name="testCreateFormattedResistanceStringFourBandGreyWhiteBrownRed" time="0.000" timestamp="2018-10-19T20:33:00"/>
	<testcase classname="create_formatted_resistance_string_tests.CreateFormattedResistanceStringTests" name="testCreateFormattedResistanceStringFourBandGreyWhiteBrownSilver" time="0.000" timestamp="2018-10-19T20:33:00"/>
	<testcase classname="create_formatted_resistance_string_tests.CreateFormattedResistanceStringTests" name="testCreateFormattedResistanceStringFourBandGreyWhiteBrownViolet" time="0.000" timestamp="2018-10-19T20:33:00"/>
	<testcase classname="create_formatted_resistance_string_tests.CreateFormattedResistanceStringTests" name="testCreateFormattedResistanceStringFourBandGreyWhiteGoldBlue" time="0.000" timestamp="2018-10-19T20:33:00"/>
	<testcase classname="create_formatted_resistance_string_tests.CreateFormattedResistanceStringTests" name="testCreateFormattedResistanceStringFourBandGreyWhiteGoldBrown" time="0.000" timestamp="2018-10-19T20:33:00"/>
	<testcase classname="create_formatted_resistance_string_tests.CreateFormattedResistanceStringTests" name="testCreateFormattedResistanceStringFourBandGreyWhiteGoldGold" time="0.000" timestamp="2018-10-19T20:33:00"/>
	<testcase classname="create_formatted_resistance_string_tests.CreateFormattedResistanceStringTests" name="testCreateFormattedResistanceStringFourBandGreyWhiteGoldGreen" time="0.000" timestamp="2018-10-19T20:33:00"/>
	<testcase classname="create_formatted_resistance_string_tests.CreateFormattedResistanceStringTests" name="testCreateFormattedResistanceStringFourBandGreyWhiteGoldGrey" time="0.000" timestamp="2018-10-19T20:33:00"/>
	<testcase classname="create_formatted_resistance_string_tests.CreateFormattedResistanceStringTests" name="testCreateFormattedResistanceStringFourBandGreyWhiteGoldNone" time="0.000" timestamp="2018-10-19T20:33:00"/>
	<testcase classname="create_formatted_resistance_string_tests.CreateFormattedResistanceStringTests" name="testCreateFormattedResistanceStringFourBandGreyWhiteGoldRed" time="0.000" timestamp="2018-10-19T20:33:00"/>
	<testcase classname="create_formatted_resistance_string_tests.CreateFormattedResistanceStringTests" name="testCreateFormattedResistanceStringFourBandGreyWhiteGoldSilver" time="0.000" timestamp="2018-10-19T20:33:00"/>
	<testcase classname="create_formatted_resistance_string_tests.CreateFormattedResistanceStringTests" name="testCreateFormattedResistanceStringFourBandGreyWhiteGoldViolet" time="0.000" timestamp="2018-10-19T20:33:00"/>
	<testcase classname="create_formatted_resistance_string_tests.CreateFormattedResistanceStringTests" name="testCreateFormattedResistanceStringFourBandGreyWhiteGreenBlue" time="0.000" timestamp="2018-10-19T20:33:00"/>
	<testcase classname="create_formatted_resistance_string_tests.CreateFormattedResistanceStringTests" name="testCreateFormattedResistanceStringFourBandGreyWhiteGreenBrown" time="0.000" timestamp="2018-10-19T20:33:00"/>
	<testcase classname="create_formatted_resistance_string_tests.CreateFormattedResistanceStringTests" name="testCreateFormattedResistanceStringFourBandGreyWhiteGreenGold" time="0.000" timestamp="2018-10-19T20:33:00"/>
	<testcase classname="create_formatted_resistance_string_tests.CreateFormattedResistanceStringTests" name="testCreateFormattedResistanceStringFourBandGreyWhiteGreenGreen" time="0.000" timestamp="2018-10-19T20:33:00"/>
	<testcase classname="create_formatted_resistance_string_tests.CreateFormattedResistanceStringTests" name="testCreateFormattedResistanceStringFourBandGreyWhiteGreenGrey" time="0.000" timestamp="2018-10-19T20:33:00"/>
	<testcase classname="create_formatted_resistance_string_tests.CreateFormattedResistanceStringTests" name="testCreateFormattedResistanceStringFourBandGreyWhiteGreenNone" time="0.000" timestamp="2018-10-19T20:33:00"/>
	<testcase classname="create_formatted_resistance_string_tests.CreateFormattedResistanceStringTests" name="testCreateFormattedResistanceStringFourBandGreyWhiteGreenRed" time="0.000" timestamp="2018-10-19T20:33:00"/>
	<testcase classname="create_formatted_resistance_string_tests.CreateFormattedResistanceStringTests" name="testCreateFormattedResistanceStringFourBandGreyWhiteGreenSilver" time="0.000" timestamp="2018-10-19T20:33:00"/>
	<testcase classname="create_formatted_resistance_string_tests.CreateFormattedResistanceStringTests" name="testCreateFormattedResistanceStringFourBandGreyWhiteGreenViolet" time="0.000" timestamp="2018-10-19T20:33:00"/>
	<testcase classname="create_formatted_resistance_string_tests.CreateFormattedResistanceStringTests" name="testCreateFormattedResistanceStringFourBandGreyWhiteGreyBlue" time="0.000" timestamp="2018-10-19T20:33:00"/>
	<testcase classname="create_formatted_resistance_string_tests.CreateFormattedResistanceStringTests" name="testCreateFormattedResistanceStringFourBandGreyWhiteGreyBrown" time="0.000" timestamp="2018-10-19T20:33:00"/>
	<testcase classname="create_formatted_resistance_string_tests.CreateFormattedResistanceStringTests" name="testCreateFormattedResistanceStringFourBandGreyWhiteGreyGold" time="0.000" timestamp="2018-10-19T20:33:00"/>
	<testcase classname="create_formatted_resistance_string_tests.CreateFormattedResistanceStringTests" name="testCreateFormattedResistanceStringFourBandGreyWhiteGreyGreen" time="0.000" timestamp="2018-10-19T20:33:00"/>
	<testcase classname="create_formatted_resistance_string_tests.CreateFormattedResistanceStringTests" name="testCreateFormattedResistanceStringFourBandGreyWhiteGreyGrey" time="0.000" timestamp="2018-10-19T20:33:00"/>
	<testcase classname="create_formatted_resistance_string_tests.CreateFormattedResistanceStringTests" name="testCreateFormattedResistanceStringFourBandGreyWhiteGreyNone" time="0.000" timestamp="2018-10-19T20:33:00"/>
	<testcase classname="create_formatted_resistance_string_tests.CreateFormattedResistanceStringTests" name="testCreateFormattedResistanceStringFourBandGreyWhiteGreyRed" time="0.000" timestamp="2018-10-19T20:33:00"/>
	<testcase classname="create_formatted_resistance_string_tests.CreateFormattedResistanceStringTests" name="testCreateFormattedResistanceStringFourBandGreyWhiteGreySilver" time="0.000" timestamp="2018-10-19T20:33:00"/>
	<testcase classname="create_formatted_resistance_string_tests.CreateFormattedResistanceStringTests" name="testCreateFormattedResistanceStringFourBandGreyWhiteGreyViolet" time="0.000" timestamp="2018-10-19T20:33:00"/>
	<testcase classname="create_formatted_resistance_string_tests.CreateFormattedResistanceStringTests" name="testCreateFormattedResistanceStringFourBandGreyWhiteOrangeBlue" time="0.000" timestamp="2018-10-19T20:33:00"/>
	<testcase classname="create_formatted_resistance_string_tests.CreateFormattedResistanceStringTests" name="testCreateFormattedResistanceStringFourBandGreyWhiteOrangeBrown" time="0.000" timestamp="2018-10-19T20:33:00"/>
	<testcase classname="create_formatted_resistance_string_tests.CreateFormattedResistanceStringTests" name="testCreateFormattedResistanceStringFourBandGreyWhiteOrangeGold" time="0.000" timestamp="2018-10-19T20:33:00"/>
	<testcase classname="create_formatted_resistance_string_tests.CreateFormattedResistanceStringTests" name="testCreateFormattedResistanceStringFourBandGreyWhiteOrangeGreen" time="0.000" timestamp="2018-10-19T20:33:00"/>
	<testcase classname="create_formatted_resistance_string_tests.CreateFormattedResistanceStringTests" name="testCreateFormattedResistanceStringFourBandGreyWhiteOrangeGrey" time="0.000" timestamp="2018-10-19T20:33:00"/>
	<testcase classname="create_formatted_resistance_string_tests.CreateFormattedResistanceStringTests" name="testCreateFormattedResistanceStringFourBandGreyWhiteOrangeNone" time="0.000" timestamp="2018-10-19T20:33:00"/>
	<testcase classname="create_formatted_resistance_string_tests.CreateFormattedResistanceStringTests" name="testCreateFormattedResistanceStringFourBandGreyWhiteOrangeRed" time="0.000" timestamp="2018-10-19T20:33:00"/>
	<testcase classname="create_formatted_resistance_string_tests.CreateFormattedResistanceStringTests" name="testCreateFormattedResistanceStringFourBandGreyWhiteOrangeSilver" time="0.000" timestamp="2018-10-19T20:33:00"/>
	<testcase classname="create_formatted_resistance_string_tests.CreateFormattedResistanceStringTests" name="testCreateFormattedResistanceStringFourBandGreyWhiteOrangeViolet" time="0.000" timestamp="2018-10-19T20:33:00"/>
	<testcase classname="create_formatted_resistance_string_tests.CreateFormattedResistanceStringTests" name="testCreateFormattedResistanceStringFourBandGreyWhiteRedBlue" time="0.000" timestamp="2018-10-19T20:33:00"/>
	<testcase classname="create_formatted_resistance_string_tests.CreateFormattedResistanceStringTests" name="testCreateFormattedResistanceStringFourBandGreyWhiteRedBrown" time="0.000" timestamp="2018-10-19T20:33:00"/>
	<testcase classname="create_formatted_resistance_string_tests.CreateFormattedResistanceStringTests" name="testCreateFormattedResistanceStringFourBandGreyWhiteRedGold" time="0.000" timestamp="2018-10-19T20:33:00"/>
	<testcase classname="create_formatted_resistance_string_tests.CreateFormattedResistanceStringTests" name="testCreateFormattedResistanceStringFourBandGreyWhiteRedGreen" time="0.000" timestamp="2018-10-19T20:33:00"/>
	<testcase classname="create_formatted_resistance_string_tests.CreateFormattedResistanceStringTests" name="testCreateFormattedResistanceStringFourBandGreyWhiteRedGrey" time="0.000" timestamp="2018-10-19T20:33:00"/>
	<testcase classname="create_formatted_resistance_string_tests.CreateFormattedResistanceStringTests" name="testCreateFormattedResistanceStringFourBandGreyWhiteRedNone" time="0.000" timestamp="2018-10-19T20:33:00"/>
	<testcase classname="create_formatted_resistance_string_tests.CreateFormattedResistanceStringTests" name="testCreateFormattedResistanceStringFourBandGreyWhiteRedRed" time="0.000" timestamp="2018-10-19T20:33:00"/>
	<testcase classname="create_formatted_resistance_string_tests.CreateFormattedResistanceStringTests" name="testCreateFormattedResistanceStringFourBandGreyWhiteRedSilver" time="0.000" timestamp="2018-10-19T20:33:00"/>
	<testcase classname="create_formatted_resistance_string_tests.CreateFormattedResistanceStringTests" name="testCreateFormattedResistanceStringFourBandGreyWhiteRedViolet" time="0.000" timestamp="2018-10-19T20:33:00"/>
	<testcase classname="create_formatted_resistance_string_tests.CreateFormattedResistanceStringTests" name="testCreateFormattedResistanceStringFourBandGreyWhiteSilverBlue" time="0.000" timestamp="2018-10-19T20:33:00"/>
	<testcase classname="create_formatted_resistance_string_tests.CreateFormattedResistanceStringTests" name="testCreateFormattedResistanceStringFourBandGreyWhiteSilverBrown" time="0.000" timestamp="2018-10-19T20:33:00"/>
	<testcase classname="create_formatted_resistance_string_tests.CreateFormattedResistanceStringTests" name="testCreateFormattedResistanceStringFourBandGreyWhiteSilverGold" time="0.000" timestamp="2018-10-19T20:33:00"/>
	<testcase classname="create_formatted_resistance_string_tests.CreateFormattedResistanceStringTests" name="testCreateFormattedResistanceStringFourBandGreyWhiteSilverGreen" time="0.000" timestamp="2018-10-19T20:33:00"/>
	<testcase classname="create_formatted_resistance_string_tests.CreateFormattedResistanceStringTests" name="testCreateFormattedResistanceStringFourBandGreyWhiteSilverGrey" time="0.000" timestamp="2018-10-19T20:33:00"/>
	<testcase classname="create_formatted_resistance_string_tests.CreateFormattedResistanceStringTests" name="testCreateFormattedResistanceStringFourBandGreyWhiteSilverNone" time="0.000" timestamp="2018-10-19T20:33:00"/>
	<testcase classname="create_formatted_resistance_string_tests.CreateFormattedResistanceStringTests" name="testCreateFormattedResistanceStringFourBandGreyWhiteSilverRed" time="0.000" timestamp="2018-10-19T20:33:00"/>
	<testcase classname="create_formatted_resistance_string_tests.CreateFormattedResistanceStringTests" name="testCreateFormattedResistanceStringFourBandGreyWhiteSilverSilver" time="0.000" timestamp="2018-10-19T20:33:00"/>
	<testcase classname="create_formatted_resistance_string_tests.CreateFormattedResistanceStringTests" name="testCreateFormattedResistanceStringFourBandGreyWhiteSilverViolet" time="0.000" timestamp="2018-10-19T20:33:00"/>
	<testcase classname="create_formatted_resistance_string_tests.CreateFormattedResistanceStringTests" name="testCreateFormattedResistanceStringFourBandGreyWhiteVioletBlue" time="0.000" timestamp="2018-10-19T20:33:00"/>
	<testcase classname="create_formatted_resistance_string_tests.CreateFormattedResistanceStringTests" name="testCreateFormattedResistanceStringFourBandGreyWhiteVioletBrown" time="0.000" timestamp="2018-10-19T20:33:00"/>
	<testcase classname="create_formatted_resistance_string_tests.CreateFormattedResistanceStringTests" name="testCreateFormattedResistanceStringFourBandGreyWhiteVioletGold" time="0.000" timestamp="2018-10-19T20:33:00"/>
	<testcase classname="create_formatted_resistance_string_tests.CreateFormattedResistanceStringTests" name="testCreateFormattedResistanceStringFourBandGreyWhiteVioletGreen" time="0.000" timestamp="2018-10-19T20:33:00"/>
	<testcase classname="create_formatted_resistance_string_tests.CreateFormattedResistanceStringTests" name="testCreateFormattedResistanceStringFourBandGreyWhiteVioletGrey" time="0.000" timestamp="2018-10-19T20:33:00"/>
	<testcase classname="create_formatted_resistance_string_tests.CreateFormattedResistanceStringTests" name="testCreateFormattedResistanceStringFourBandGreyWhiteVioletNone" time="0.000" timestamp="2018-10-19T20:33:00"/>
	<testcase classname="create_formatted_resistance_string_tests.CreateFormattedResistanceStringTests" name="testCreateFormattedResistanceStringFourBandGreyWhiteVioletRed" time="0.000" timestamp="2018-10-19T20:33:00"/>
	<testcase classname="create_formatted_resistance_string_tests.CreateFormattedResistanceStringTests" name="testCreateFormattedResistanceStringFourBandGreyWhiteVioletSilver" time="0.000" timestamp="2018-10-19T20:33:00"/>
	<testcase classname="create_formatted_resistance_string_tests.CreateFormattedResistanceStringTests" name="testCreateFormattedResistanceStringFourBandGreyWhiteVioletViolet" time="0.000" timestamp="2018-10-19T20:33:00"/>
	<testcase classname="create_formatted_resistance_string_tests.CreateFormattedResistanceStringTests" name="testCreateFormattedResistanceStringFourBandGreyWhiteWhiteBlue" time="0.000" timestamp="2018-10-19T20:33:00"/>
	<testcase classname="create_formatted_resistance_string_tests.CreateFormattedResistanceStringTests" name="testCreateFormattedResistanceStringFourBandGreyWhiteWhiteBrown" time="0.000" timestamp="2018-10-19T20:33:00"/>
	<testcase classname="create_formatted_resistance_string_tests.CreateFormattedResistanceStringTests" name="testCreateFormattedResistanceStringFourBandGreyWhiteWhiteGold" time="0.000" timestamp="2018-10-19T20:33:00"/>
	<testcase classname="create_formatted_resistance_string_tests.CreateFormattedResistanceStringTests" name="testCreateFormattedResistanceStringFourBandGreyWhiteWhiteGreen" time="0.000" timestamp="2018-10-19T20:33:00"/>
	<testcase classname="create_formatted_resistance_string_tests.CreateFormattedResistanceStringTests" name="testCreateFormattedResistanceStringFourBandGreyWhiteWhiteGrey" time="0.000" timestamp="2018-10-19T20:33:00"/>
	<testcase classname="create_formatted_resistance_string_tests.CreateFormattedResistanceStringTests" name="testCreateFormattedResistanceStringFourBandGreyWhiteWhiteNone" time="0.000" timestamp="2018-10-19T20:33:00"/>
	<testcase classname="create_formatted_resistance_string_tests.CreateFormattedResistanceStringTests" name="testCreateFormattedResistanceStringFourBandGreyWhiteWhiteRed" time="0.000" timestamp="2018-10-19T20:33:00"/>
	<testcase classname="create_formatted_resistance_string_tests.CreateFormattedResistanceStringTests" name="testCreateFormattedResistanceStringFourBandGreyWhiteWhiteSilver" time="0.000" timestamp="2018-10-19T20:33:00"/>
	<testcase classname="create_formatted_resistance_string_tests.CreateFormattedResistanceStringTests" name="testCreateFormattedResistanceStringFourBandGreyWhiteWhiteViolet" time="0.000" timestamp="2018-10-19T20:33:00"/>
	<testcase classname="create_formatted_resistance_string_tests.CreateFormattedResistanceStringTests" name="testCreateFormattedResistanceStringFourBandGreyWhiteYellowBlue" time="0.000" timestamp="2018-10-19T20:33:00"/>
	<testcase classname="create_formatted_resistance_string_tests.CreateFormattedResistanceStringTests" name="testCreateFormattedResistanceStringFourBandGreyWhiteYellowBrown" time="0.000" timestamp="2018-10-19T20:33:00"/>
	<testcase classname="create_formatted_resistance_string_tests.CreateFormattedResistanceStringTests" name="testCreateFormattedResistanceStringFourBandGreyWhiteYellowGold" time="0.000" timestamp="2018-10-19T20:33:00"/>
	<testcase classname="create_formatted_resistance_string_tests.CreateFormattedResistanceStringTests" name="testCreateFormattedResistanceStringFourBandGreyWhiteYellowGreen" time="0.000" timestamp="2018-10-19T20:33:00"/>
	<testcase classname="create_formatted_resistance_string_tests.CreateFormattedResistanceStringTests" name="testCreateFormattedResistanceStringFourBandGreyWhiteYellowGrey" time="0.000" timestamp="2018-10-19T20:33:00"/>
	<testcase classname="create_formatted_resistance_string_tests.CreateFormattedResistanceStringTests" name="testCreateFormattedResistanceStringFourBandGreyWhiteYellowNone" time="0.000" timestamp="2018-10-19T20:33:00"/>
	<testcase classname="create_formatted_resistance_string_tests.CreateFormattedResistanceStringTests" name="testCreateFormattedResistanceStringFourBandGreyWhiteYellowRed" time="0.000" timestamp="2018-10-19T20:33:00"/>
	<testcase classname="create_formatted_resistance_string_tests.CreateFormattedResistanceStringTests" name="testCreateFormattedResistanceStringFourBandGreyWhiteYellowSilver" time="0.000" timestamp="2018-10-19T20:33:00"/>
	<testcase classname="create_formatted_resistance_string_tests.CreateFormattedResistanceStringTests" name="testCreateFormattedResistanceStringFourBandGreyWhiteYellowViolet" time="0.000" timestamp="2018-10-19T20:33:00"/>
	<testcase classname="create_formatted_resistance_string_tests.CreateFormattedResistanceStringTests" name="testCreateFormattedResistanceStringFourBandGreyYellowBlackBlue" time="0.000" timestamp="2018-10-19T20:33:00"/>
	<testcase classname="create_formatted_resistance_string_tests.CreateFormattedResistanceStringTests" name="testCreateFormattedResistanceStringFourBandGreyYellowBlackBrown" time="0.000" timestamp="2018-10-19T20:33:00"/>
	<testcase classname="create_formatted_resistance_string_tests.CreateFormattedResistanceStringTests" name="testCreateFormattedResistanceStringFourBandGreyYellowBlackGold" time="0.000" timestamp="2018-10-19T20:33:00"/>
	<testcase classname="create_formatted_resistance_string_tests.CreateFormattedResistanceStringTests" name="testCreateFormattedResistanceStringFourBandGreyYellowBlackGreen" time="0.000" timestamp="2018-10-19T20:33:00"/>
	<testcase classname="create_formatted_resistance_string_tests.CreateFormattedResistanceStringTests" name="testCreateFormattedResistanceStringFourBandGreyYellowBlackGrey" time="0.000" timestamp="2018-10-19T20:33:00"/>
	<testcase classname="create_formatted_resistance_string_tests.CreateFormattedResistanceStringTests" name="testCreateFormattedResistanceStringFourBandGreyYellowBlackNone" time="0.000" timestamp="2018-10-19T20:33:00"/>
	<testcase classname="create_formatted_resistance_string_tests.CreateFormattedResistanceStringTests" name="testCreateFormattedResistanceStringFourBandGreyYellowBlackRed" time="0.000" timestamp="2018-10-19T20:33:00"/>
	<testcase classname="create_formatted_resistance_string_tests.CreateFormattedResistanceStringTests" name="testCreateFormattedResistanceStringFourBandGreyYellowBlackSilver" time="0.000" timestamp="2018-10-19T20:33:00"/>
	<testcase classname="create_formatted_resistance_string_tests.CreateFormattedResistanceStringTests" name="testCreateFormattedResistanceStringFourBandGreyYellowBlackViolet" time="0.000" timestamp="2018-10-19T20:33:00"/>
	<testcase classname="create_formatted_resistance_string_tests.CreateFormattedResistanceStringTests" name="testCreateFormattedResistanceStringFourBandGreyYellowBlueBlue" time="0.000" timestamp="2018-10-19T20:33:00"/>
	<testcase classname="create_formatted_resistance_string_tests.CreateFormattedResistanceStringTests" name="testCreateFormattedResistanceStringFourBandGreyYellowBlueBrown" time="0.000" timestamp="2018-10-19T20:33:00"/>
	<testcase classname="create_formatted_resistance_string_tests.CreateFormattedResistanceStringTests" name="testCreateFormattedResistanceStringFourBandGreyYellowBlueGold" time="0.000" timestamp="2018-10-19T20:33:00"/>
	<testcase classname="create_formatted_resistance_string_tests.CreateFormattedResistanceStringTests" name="testCreateFormattedResistanceStringFourBandGreyYellowBlueGreen" time="0.000" timestamp="2018-10-19T20:33:00"/>
	<testcase classname="create_formatted_resistance_string_tests.CreateFormattedResistanceStringTests" name="testCreateFormattedResistanceStringFourBandGreyYellowBlueGrey" time="0.000" timestamp="2018-10-19T20:33:00"/>
	<testcase classname="create_formatted_resistance_string_tests.CreateFormattedResistanceStringTests" name="testCreateFormattedResistanceStringFourBandGreyYellowBlueNone" time="0.000" timestamp="2018-10-19T20:33:00"/>
	<testcase classname="create_formatted_resistance_string_tests.CreateFormattedResistanceStringTests" name="testCreateFormattedResistanceStringFourBandGreyYellowBlueRed" time="0.000" timestamp="2018-10-19T20:33:00"/>
	<testcase classname="create_formatted_resistance_string_tests.CreateFormattedResistanceStringTests" name="testCreateFormattedResistanceStringFourBandGreyYellowBlueSilver" time="0.000" timestamp="2018-10-19T20:33:00"/>
	<testcase classname="create_formatted_resistance_string_tests.CreateFormattedResistanceStringTests" name="testCreateFormattedResistanceStringFourBandGreyYellowBlueViolet" time="0.000" timestamp="2018-10-19T20:33:00"/>
	<testcase classname="create_formatted_resistance_string_tests.CreateFormattedResistanceStringTests" name="testCreateFormattedResistanceStringFourBandGreyYellowBrownBlue" time="0.000" timestamp="2018-10-19T20:33:00"/>
	<testcase classname="create_formatted_resistance_string_tests.CreateFormattedResistanceStringTests" name="testCreateFormattedResistanceStringFourBandGreyYellowBrownBrown" time="0.000" timestamp="2018-10-19T20:33:00"/>
	<testcase classname="create_formatted_resistance_string_tests.CreateFormattedResistanceStringTests" name="testCreateFormattedResistanceStringFourBandGreyYellowBrownGold" time="0.000" timestamp="2018-10-19T20:33:00"/>
	<testcase classname="create_formatted_resistance_string_tests.CreateFormattedResistanceStringTests" name="testCreateFormattedResistanceStringFourBandGreyYellowBrownGreen" time="0.000" timestamp="2018-10-19T20:33:00"/>
	<testcase classname="create_formatted_resistance_string_tests.CreateFormattedResistanceStringTests" name="testCreateFormattedResistanceStringFourBandGreyYellowBrownGrey" time="0.000" timestamp="2018-10-19T20:33:00"/>
	<testcase classname="create_formatted_resistance_string_tests.CreateFormattedResistanceStringTests" name="testCreateFormattedResistanceStringFourBandGreyYellowBrownNone" time="0.000" timestamp="2018-10-19T20:33:00"/>
	<testcase classname="create_formatted_resistance_string_tests.CreateFormattedResistanceStringTests" name="testCreateFormattedResistanceStringFourBandGreyYellowBrownRed" time="0.000" timestamp="2018-10-19T20:33:00"/>
	<testcase classname="create_formatted_resistance_string_tests.CreateFormattedResistanceStringTests" name="testCreateFormattedResistanceStringFourBandGreyYellowBrownSilver" time="0.000" timestamp="2018-10-19T20:33:00"/>
	<testcase classname="create_formatted_resistance_string_tests.CreateFormattedResistanceStringTests" name="testCreateFormattedResistanceStringFourBandGreyYellowBrownViolet" time="0.000" timestamp="2018-10-19T20:33:00"/>
	<testcase classname="create_formatted_resistance_string_tests.CreateFormattedResistanceStringTests" name="testCreateFormattedResistanceStringFourBandGreyYellowGoldBlue" time="0.000" timestamp="2018-10-19T20:33:00"/>
	<testcase classname="create_formatted_resistance_string_tests.CreateFormattedResistanceStringTests" name="testCreateFormattedResistanceStringFourBandGreyYellowGoldBrown" time="0.000" timestamp="2018-10-19T20:33:00"/>
	<testcase classname="create_formatted_resistance_string_tests.CreateFormattedResistanceStringTests" name="testCreateFormattedResistanceStringFourBandGreyYellowGoldGold" time="0.000" timestamp="2018-10-19T20:33:00"/>
	<testcase classname="create_formatted_resistance_string_tests.CreateFormattedResistanceStringTests" name="testCreateFormattedResistanceStringFourBandGreyYellowGoldGreen" time="0.000" timestamp="2018-10-19T20:33:00"/>
	<testcase classname="create_formatted_resistance_string_tests.CreateFormattedResistanceStringTests" name="testCreateFormattedResistanceStringFourBandGreyYellowGoldGrey" time="0.000" timestamp="2018-10-19T20:33:00"/>
	<testcase classname="create_formatted_resistance_string_tests.CreateFormattedResistanceStringTests" name="testCreateFormattedResistanceStringFourBandGreyYellowGoldNone" time="0.000" timestamp="2018-10-19T20:33:00"/>
	<testcase classname="create_formatted_resistance_string_tests.CreateFormattedResistanceStringTests" name="testCreateFormattedResistanceStringFourBandGreyYellowGoldRed" time="0.000" timestamp="2018-10-19T20:33:00"/>
	<testcase classname="create_formatted_resistance_string_tests.CreateFormattedResistanceStringTests" name="testCreateFormattedResistanceStringFourBandGreyYellowGoldSilver" time="0.000" timestamp="2018-10-19T20:33:00"/>
	<testcase classname="create_formatted_resistance_string_tests.CreateFormattedResistanceStringTests" name="testCreateFormattedResistanceStringFourBandGreyYellowGoldViolet" time="0.000" timestamp="2018-10-19T20:33:00"/>
	<testcase classname="create_formatted_resistance_string_tests.CreateFormattedResistanceStringTests" name="testCreateFormattedResistanceStringFourBandGreyYellowGreenBlue" time="0.000" timestamp="2018-10-19T20:33:00"/>
	<testcase classname="create_formatted_resistance_string_tests.CreateFormattedResistanceStringTests" name="testCreateFormattedResistanceStringFourBandGreyYellowGreenBrown" time="0.000" timestamp="2018-10-19T20:33:00"/>
	<testcase classname="create_formatted_resistance_string_tests.CreateFormattedResistanceStringTests" name="testCreateFormattedResistanceStringFourBandGreyYellowGreenGold" time="0.000" timestamp="2018-10-19T20:33:00"/>
	<testcase classname="create_formatted_resistance_string_tests.CreateFormattedResistanceStringTests" name="testCreateFormattedResistanceStringFourBandGreyYellowGreenGreen" time="0.000" timestamp="2018-10-19T20:33:00"/>
	<testcase classname="create_formatted_resistance_string_tests.CreateFormattedResistanceStringTests" name="testCreateFormattedResistanceStringFourBandGreyYellowGreenGrey" time="0.000" timestamp="2018-10-19T20:33:00"/>
	<testcase classname="create_formatted_resistance_string_tests.CreateFormattedResistanceStringTests" name="testCreateFormattedResistanceStringFourBandGreyYellowGreenNone" time="0.000" timestamp="2018-10-19T20:33:00"/>
	<testcase classname="create_formatted_resistance_string_tests.CreateFormattedResistanceStringTests" name="testCreateFormattedResistanceStringFourBandGreyYellowGreenRed" time="0.000" timestamp="2018-10-19T20:33:00"/>
	<testcase classname="create_formatted_resistance_string_tests.CreateFormattedResistanceStringTests" name="testCreateFormattedResistanceStringFourBandGreyYellowGreenSilver" time="0.000" timestamp="2018-10-19T20:33:00"/>
	<testcase classname="create_formatted_resistance_string_tests.CreateFormattedResistanceStringTests" name="testCreateFormattedResistanceStringFourBandGreyYellowGreenViolet" time="0.000" timestamp="2018-10-19T20:33:00"/>
	<testcase classname="create_formatted_resistance_string_tests.CreateFormattedResistanceStringTests" name="testCreateFormattedResistanceStringFourBandGreyYellowGreyBlue" time="0.000" timestamp="2018-10-19T20:33:00"/>
	<testcase classname="create_formatted_resistance_string_tests.CreateFormattedResistanceStringTests" name="testCreateFormattedResistanceStringFourBandGreyYellowGreyBrown" time="0.000" timestamp="2018-10-19T20:33:00"/>
	<testcase classname="create_formatted_resistance_string_tests.CreateFormattedResistanceStringTests" name="testCreateFormattedResistanceStringFourBandGreyYellowGreyGold" time="0.000" timestamp="2018-10-19T20:33:00"/>
	<testcase classname="create_formatted_resistance_string_tests.CreateFormattedResistanceStringTests" name="testCreateFormattedResistanceStringFourBandGreyYellowGreyGreen" time="0.000" timestamp="2018-10-19T20:33:00"/>
	<testcase classname="create_formatted_resistance_string_tests.CreateFormattedResistanceStringTests" name="testCreateFormattedResistanceStringFourBandGreyYellowGreyGrey" time="0.000" timestamp="2018-10-19T20:33:00"/>
	<testcase classname="create_formatted_resistance_string_tests.CreateFormattedResistanceStringTests" name="testCreateFormattedResistanceStringFourBandGreyYellowGreyNone" time="0.000" timestamp="2018-10-19T20:33:00"/>
	<testcase classname="create_formatted_resistance_string_tests.CreateFormattedResistanceStringTests" name="testCreateFormattedResistanceStringFourBandGreyYellowGreyRed" time="0.000" timestamp="2018-10-19T20:33:00"/>
	<testcase classname="create_formatted_resistance_string_tests.CreateFormattedResistanceStringTests" name="testCreateFormattedResistanceStringFourBandGreyYellowGreySilver" time="0.000" timestamp="2018-10-19T20:33:00"/>
	<testcase classname="create_formatted_resistance_string_tests.CreateFormattedResistanceStringTests" name="testCreateFormattedResistanceStringFourBandGreyYellowGreyViolet" time="0.000" timestamp="2018-10-19T20:33:00"/>
	<testcase classname="create_formatted_resistance_string_tests.CreateFormattedResistanceStringTests" name="testCreateFormattedResistanceStringFourBandGreyYellowOrangeBlue" time="0.000" timestamp="2018-10-19T20:33:00"/>
	<testcase classname="create_formatted_resistance_string_tests.CreateFormattedResistanceStringTests" name="testCreateFormattedResistanceStringFourBandGreyYellowOrangeBrown" time="0.000" timestamp="2018-10-19T20:33:00"/>
	<testcase classname="create_formatted_resistance_string_tests.CreateFormattedResistanceStringTests" name="testCreateFormattedResistanceStringFourBandGreyYellowOrangeGold" time="0.000" timestamp="2018-10-19T20:33:00"/>
	<testcase classname="create_formatted_resistance_string_tests.CreateFormattedResistanceStringTests" name="testCreateFormattedResistanceStringFourBandGreyYellowOrangeGreen" time="0.000" timestamp="2018-10-19T20:33:00"/>
	<testcase classname="create_formatted_resistance_string_tests.CreateFormattedResistanceStringTests" name="testCreateFormattedResistanceStringFourBandGreyYellowOrangeGrey" time="0.000" timestamp="2018-10-19T20:33:00"/>
	<testcase classname="create_formatted_resistance_string_tests.CreateFormattedResistanceStringTests" name="testCreateFormattedResistanceStringFourBandGreyYellowOrangeNone" time="0.000" timestamp="2018-10-19T20:33:00"/>
	<testcase classname="create_formatted_resistance_string_tests.CreateFormattedResistanceStringTests" name="testCreateFormattedResistanceStringFourBandGreyYellowOrangeRed" time="0.000" timestamp="2018-10-19T20:33:00"/>
	<testcase classname="create_formatted_resistance_string_tests.CreateFormattedResistanceStringTests" name="testCreateFormattedResistanceStringFourBandGreyYellowOrangeSilver" time="0.000" timestamp="2018-10-19T20:33:00"/>
	<testcase classname="create_formatted_resistance_string_tests.CreateFormattedResistanceStringTests" name="testCreateFormattedResistanceStringFourBandGreyYellowOrangeViolet" time="0.000" timestamp="2018-10-19T20:33:00"/>
	<testcase classname="create_formatted_resistance_string_tests.CreateFormattedResistanceStringTests" name="testCreateFormattedResistanceStringFourBandGreyYellowRedBlue" time="0.000" timestamp="2018-10-19T20:33:00"/>
	<testcase classname="create_formatted_resistance_string_tests.CreateFormattedResistanceStringTests" name="testCreateFormattedResistanceStringFourBandGreyYellowRedBrown" time="0.000" timestamp="2018-10-19T20:33:00"/>
	<testcase classname="create_formatted_resistance_string_tests.CreateFormattedResistanceStringTests" name="testCreateFormattedResistanceStringFourBandGreyYellowRedGold" time="0.000" timestamp="2018-10-19T20:33:00"/>
	<testcase classname="create_formatted_resistance_string_tests.CreateFormattedResistanceStringTests" name="testCreateFormattedResistanceStringFourBandGreyYellowRedGreen" time="0.000" timestamp="2018-10-19T20:33:00"/>
	<testcase classname="create_formatted_resistance_string_tests.CreateFormattedResistanceStringTests" name="testCreateFormattedResistanceStringFourBandGreyYellowRedGrey" time="0.000" timestamp="2018-10-19T20:33:00"/>
	<testcase classname="create_formatted_resistance_string_tests.CreateFormattedResistanceStringTests" name="testCreateFormattedResistanceStringFourBandGreyYellowRedNone" time="0.000" timestamp="2018-10-19T20:33:00"/>
	<testcase classname="create_formatted_resistance_string_tests.CreateFormattedResistanceStringTests" name="testCreateFormattedResistanceStringFourBandGreyYellowRedRed" time="0.000" timestamp="2018-10-19T20:33:00"/>
	<testcase classname="create_formatted_resistance_string_tests.CreateFormattedResistanceStringTests" name="testCreateFormattedResistanceStringFourBandGreyYellowRedSilver" time="0.000" timestamp="2018-10-19T20:33:00"/>
	<testcase classname="create_formatted_resistance_string_tests.CreateFormattedResistanceStringTests" name="testCreateFormattedResistanceStringFourBandGreyYellowRedViolet" time="0.000" timestamp="2018-10-19T20:33:00"/>
	<testcase classname="create_formatted_resistance_string_tests.CreateFormattedResistanceStringTests" name="testCreateFormattedResistanceStringFourBandGreyYellowSilverBlue" time="0.000" timestamp="2018-10-19T20:33:00"/>
	<testcase classname="create_formatted_resistance_string_tests.CreateFormattedResistanceStringTests" name="testCreateFormattedResistanceStringFourBandGreyYellowSilverBrown" time="0.000" timestamp="2018-10-19T20:33:00"/>
	<testcase classname="create_formatted_resistance_string_tests.CreateFormattedResistanceStringTests" name="testCreateFormattedResistanceStringFourBandGreyYellowSilverGold" time="0.000" timestamp="2018-10-19T20:33:00"/>
	<testcase classname="create_formatted_resistance_string_tests.CreateFormattedResistanceStringTests" name="testCreateFormattedResistanceStringFourBandGreyYellowSilverGreen" time="0.000" timestamp="2018-10-19T20:33:00"/>
	<testcase classname="create_formatted_resistance_string_tests.CreateFormattedResistanceStringTests" name="testCreateFormattedResistanceStringFourBandGreyYellowSilverGrey" time="0.000" timestamp="2018-10-19T20:33:00"/>
	<testcase classname="create_formatted_resistance_string_tests.CreateFormattedResistanceStringTests" name="testCreateFormattedResistanceStringFourBandGreyYellowSilverNone" time="0.000" timestamp="2018-10-19T20:33:00"/>
	<testcase classname="create_formatted_resistance_string_tests.CreateFormattedResistanceStringTests" name="testCreateFormattedResistanceStringFourBandGreyYellowSilverRed" time="0.000" timestamp="2018-10-19T20:33:00"/>
	<testcase classname="create_formatted_resistance_string_tests.CreateFormattedResistanceStringTests" name="testCreateFormattedResistanceStringFourBandGreyYellowSilverSilver" time="0.000" timestamp="2018-10-19T20:33:00"/>
	<testcase classname="create_formatted_resistance_string_tests.CreateFormattedResistanceStringTests" name="testCreateFormattedResistanceStringFourBandGreyYellowSilverViolet" time="0.000" timestamp="2018-10-19T20:33:00"/>
	<testcase classname="create_formatted_resistance_string_tests.CreateFormattedResistanceStringTests" name="testCreateFormattedResistanceStringFourBandGreyYellowVioletBlue" time="0.000" timestamp="2018-10-19T20:33:00"/>
	<testcase classname="create_formatted_resistance_string_tests.CreateFormattedResistanceStringTests" name="testCreateFormattedResistanceStringFourBandGreyYellowVioletBrown" time="0.000" timestamp="2018-10-19T20:33:00"/>
	<testcase classname="create_formatted_resistance_string_tests.CreateFormattedResistanceStringTests" name="testCreateFormattedResistanceStringFourBandGreyYellowVioletGold" time="0.000" timestamp="2018-10-19T20:33:00"/>
	<testcase classname="create_formatted_resistance_string_tests.CreateFormattedResistanceStringTests" name="testCreateFormattedResistanceStringFourBandGreyYellowVioletGreen" time="0.000" timestamp="2018-10-19T20:33:00"/>
	<testcase classname="create_formatted_resistance_string_tests.CreateFormattedResistanceStringTests" name="testCreateFormattedResistanceStringFourBandGreyYellowVioletGrey" time="0.000" timestamp="2018-10-19T20:33:00"/>
	<testcase classname="create_formatted_resistance_string_tests.CreateFormattedResistanceStringTests" name="testCreateFormattedResistanceStringFourBandGreyYellowVioletNone" time="0.000" timestamp="2018-10-19T20:33:00"/>
	<testcase classname="create_formatted_resistance_string_tests.CreateFormattedResistanceStringTests" name="testCreateFormattedResistanceStringFourBandGreyYellowVioletRed" time="0.000" timestamp="2018-10-19T20:33:00"/>
	<testcase classname="create_formatted_resistance_string_tests.CreateFormattedResistanceStringTests" name="testCreateFormattedResistanceStringFourBandGreyYellowVioletSilver" time="0.000" timestamp="2018-10-19T20:33:00"/>
	<testcase classname="create_formatted_resistance_string_tests.CreateFormattedResistanceStringTests" name="testCreateFormattedResistanceStringFourBandGreyYellowVioletViolet" time="0.000" timestamp="2018-10-19T20:33:00"/>
	<testcase classname="create_formatted_resistance_string_tests.CreateFormattedResistanceStringTests" name="testCreateFormattedResistanceStringFourBandGreyYellowWhiteBlue" time="0.000" timestamp="2018-10-19T20:33:00"/>
	<testcase classname="create_formatted_resistance_string_tests.CreateFormattedResistanceStringTests" name="testCreateFormattedResistanceStringFourBandGreyYellowWhiteBrown" time="0.000" timestamp="2018-10-19T20:33:00"/>
	<testcase classname="create_formatted_resistance_string_tests.CreateFormattedResistanceStringTests" name="testCreateFormattedResistanceStringFourBandGreyYellowWhiteGold" time="0.000" timestamp="2018-10-19T20:33:00"/>
	<testcase classname="create_formatted_resistance_string_tests.CreateFormattedResistanceStringTests" name="testCreateFormattedResistanceStringFourBandGreyYellowWhiteGreen" time="0.000" timestamp="2018-10-19T20:33:00"/>
	<testcase classname="create_formatted_resistance_string_tests.CreateFormattedResistanceStringTests" name="testCreateFormattedResistanceStringFourBandGreyYellowWhiteGrey" time="0.000" timestamp="2018-10-19T20:33:00"/>
	<testcase classname="create_formatted_resistance_string_tests.CreateFormattedResistanceStringTests" name="testCreateFormattedResistanceStringFourBandGreyYellowWhiteNone" time="0.000" timestamp="2018-10-19T20:33:00"/>
	<testcase classname="create_formatted_resistance_string_tests.CreateFormattedResistanceStringTests" name="testCreateFormattedResistanceStringFourBandGreyYellowWhiteRed" time="0.000" timestamp="2018-10-19T20:33:00"/>
	<testcase classname="create_formatted_resistance_string_tests.CreateFormattedResistanceStringTests" name="testCreateFormattedResistanceStringFourBandGreyYellowWhiteSilver" time="0.000" timestamp="2018-10-19T20:33:00"/>
	<testcase classname="create_formatted_resistance_string_tests.CreateFormattedResistanceStringTests" name="testCreateFormattedResistanceStringFourBandGreyYellowWhiteViolet" time="0.000" timestamp="2018-10-19T20:33:00"/>
	<testcase classname="create_formatted_resistance_string_tests.CreateFormattedResistanceStringTests" name="testCreateFormattedResistanceStringFourBandGreyYellowYellowBlue" time="0.000" timestamp="2018-10-19T20:33:00"/>
	<testcase classname="create_formatted_resistance_string_tests.CreateFormattedResistanceStringTests" name="testCreateFormattedResistanceStringFourBandGreyYellowYellowBrown" time="0.000" timestamp="2018-10-19T20:33:00"/>
	<testcase classname="create_formatted_resistance_string_tests.CreateFormattedResistanceStringTests" name="testCreateFormattedResistanceStringFourBandGreyYellowYellowGold" time="0.000" timestamp="2018-10-19T20:33:00"/>
	<testcase classname="create_formatted_resistance_string_tests.CreateFormattedResistanceStringTests" name="testCreateFormattedResistanceStringFourBandGreyYellowYellowGreen" time="0.000" timestamp="2018-10-19T20:33:00"/>
	<testcase classname="create_formatted_resistance_string_tests.CreateFormattedResistanceStringTests" name="testCreateFormattedResistanceStringFourBandGreyYellowYellowGrey" time="0.000" timestamp="2018-10-19T20:33:00"/>
	<testcase classname="create_formatted_resistance_string_tests.CreateFormattedResistanceStringTests" name="testCreateFormattedResistanceStringFourBandGreyYellowYellowNone" time="0.000" timestamp="2018-10-19T20:33:00"/>
	<testcase classname="create_formatted_resistance_string_tests.CreateFormattedResistanceStringTests" name="testCreateFormattedResistanceStringFourBandGreyYellowYellowRed" time="0.000" timestamp="2018-10-19T20:33:00"/>
	<testcase classname="create_formatted_resistance_string_tests.CreateFormattedResistanceStringTests" name="testCreateFormattedResistanceStringFourBandGreyYellowYellowSilver" time="0.000" timestamp="2018-10-19T20:33:00"/>
	<testcase classname="create_formatted_resistance_string_tests.CreateFormattedResistanceStringTests" name="testCreateFormattedResistanceStringFourBandGreyYellowYellowViolet" time="0.000" timestamp="2018-10-19T20:33:00"/>
	<testcase classname="create_formatted_resistance_string_tests.CreateFormattedResistanceStringTests" name="testCreateFormattedResistanceStringFourBandOrangeBlackBlackBlue" time="0.000" timestamp="2018-10-19T20:33:00"/>
	<testcase classname="create_formatted_resistance_string_tests.CreateFormattedResistanceStringTests" name="testCreateFormattedResistanceStringFourBandOrangeBlackBlackBrown" time="0.000" timestamp="2018-10-19T20:33:00"/>
	<testcase classname="create_formatted_resistance_string_tests.CreateFormattedResistanceStringTests" name="testCreateFormattedResistanceStringFourBandOrangeBlackBlackGold" time="0.000" timestamp="2018-10-19T20:33:00"/>
	<testcase classname="create_formatted_resistance_string_tests.CreateFormattedResistanceStringTests" name="testCreateFormattedResistanceStringFourBandOrangeBlackBlackGreen" time="0.000" timestamp="2018-10-19T20:33:00"/>
	<testcase classname="create_formatted_resistance_string_tests.CreateFormattedResistanceStringTests" name="testCreateFormattedResistanceStringFourBandOrangeBlackBlackGrey" time="0.000" timestamp="2018-10-19T20:33:00"/>
	<testcase classname="create_formatted_resistance_string_tests.CreateFormattedResistanceStringTests" name="testCreateFormattedResistanceStringFourBandOrangeBlackBlackNone" time="0.000" timestamp="2018-10-19T20:33:00"/>
	<testcase classname="create_formatted_resistance_string_tests.CreateFormattedResistanceStringTests" name="testCreateFormattedResistanceStringFourBandOrangeBlackBlackRed" time="0.000" timestamp="2018-10-19T20:33:00"/>
	<testcase classname="create_formatted_resistance_string_tests.CreateFormattedResistanceStringTests" name="testCreateFormattedResistanceStringFourBandOrangeBlackBlackSilver" time="0.000" timestamp="2018-10-19T20:33:00"/>
	<testcase classname="create_formatted_resistance_string_tests.CreateFormattedResistanceStringTests" name="testCreateFormattedResistanceStringFourBandOrangeBlackBlackViolet" time="0.000" timestamp="2018-10-19T20:33:00"/>
	<testcase classname="create_formatted_resistance_string_tests.CreateFormattedResistanceStringTests" name="testCreateFormattedResistanceStringFourBandOrangeBlackBlueBlue" time="0.000" timestamp="2018-10-19T20:33:00"/>
	<testcase classname="create_formatted_resistance_string_tests.CreateFormattedResistanceStringTests" name="testCreateFormattedResistanceStringFourBandOrangeBlackBlueBrown" time="0.000" timestamp="2018-10-19T20:33:00"/>
	<testcase classname="create_formatted_resistance_string_tests.CreateFormattedResistanceStringTests" name="testCreateFormattedResistanceStringFourBandOrangeBlackBlueGold" time="0.000" timestamp="2018-10-19T20:33:00"/>
	<testcase classname="create_formatted_resistance_string_tests.CreateFormattedResistanceStringTests" name="testCreateFormattedResistanceStringFourBandOrangeBlackBlueGreen" time="0.000" timestamp="2018-10-19T20:33:00"/>
	<testcase classname="create_formatted_resistance_string_tests.CreateFormattedResistanceStringTests" name="testCreateFormattedResistanceStringFourBandOrangeBlackBlueGrey" time="0.000" timestamp="2018-10-19T20:33:00"/>
	<testcase classname="create_formatted_resistance_string_tests.CreateFormattedResistanceStringTests" name="testCreateFormattedResistanceStringFourBandOrangeBlackBlueNone" time="0.000" timestamp="2018-10-19T20:33:00"/>
	<testcase classname="create_formatted_resistance_string_tests.CreateFormattedResistanceStringTests" name="testCreateFormattedResistanceStringFourBandOrangeBlackBlueRed" time="0.000" timestamp="2018-10-19T20:33:00"/>
	<testcase classname="create_formatted_resistance_string_tests.CreateFormattedResistanceStringTests" name="testCreateFormattedResistanceStringFourBandOrangeBlackBlueSilver" time="0.000" timestamp="2018-10-19T20:33:00"/>
	<testcase classname="create_formatted_resistance_string_tests.CreateFormattedResistanceStringTests" name="testCreateFormattedResistanceStringFourBandOrangeBlackBlueViolet" time="0.000" timestamp="2018-10-19T20:33:00"/>
	<testcase classname="create_formatted_resistance_string_tests.CreateFormattedResistanceStringTests" name="testCreateFormattedResistanceStringFourBandOrangeBlackBrownBlue" time="0.000" timestamp="2018-10-19T20:33:00"/>
	<testcase classname="create_formatted_resistance_string_tests.CreateFormattedResistanceStringTests" name="testCreateFormattedResistanceStringFourBandOrangeBlackBrownBrown" time="0.000" timestamp="2018-10-19T20:33:00"/>
	<testcase classname="create_formatted_resistance_string_tests.CreateFormattedResistanceStringTests" name="testCreateFormattedResistanceStringFourBandOrangeBlackBrownGold" time="0.000" timestamp="2018-10-19T20:33:00"/>
	<testcase classname="create_formatted_resistance_string_tests.CreateFormattedResistanceStringTests" name="testCreateFormattedResistanceStringFourBandOrangeBlackBrownGreen" time="0.000" timestamp="2018-10-19T20:33:00"/>
	<testcase classname="create_formatted_resistance_string_tests.CreateFormattedResistanceStringTests" name="testCreateFormattedResistanceStringFourBandOrangeBlackBrownGrey" time="0.000" timestamp="2018-10-19T20:33:00"/>
	<testcase classname="create_formatted_resistance_string_tests.CreateFormattedResistanceStringTests" name="testCreateFormattedResistanceStringFourBandOrangeBlackBrownNone" time="0.000" timestamp="2018-10-19T20:33:00"/>
	<testcase classname="create_formatted_resistance_string_tests.CreateFormattedResistanceStringTests" name="testCreateFormattedResistanceStringFourBandOrangeBlackBrownRed" time="0.000" timestamp="2018-10-19T20:33:00"/>
	<testcase classname="create_formatted_resistance_string_tests.CreateFormattedResistanceStringTests" name="testCreateFormattedResistanceStringFourBandOrangeBlackBrownSilver" time="0.000" timestamp="2018-10-19T20:33:00"/>
	<testcase classname="create_formatted_resistance_string_tests.CreateFormattedResistanceStringTests" name="testCreateFormattedResistanceStringFourBandOrangeBlackBrownViolet" time="0.000" timestamp="2018-10-19T20:33:00"/>
	<testcase classname="create_formatted_resistance_string_tests.CreateFormattedResistanceStringTests" name="testCreateFormattedResistanceStringFourBandOrangeBlackGoldBlue" time="0.000" timestamp="2018-10-19T20:33:00"/>
	<testcase classname="create_formatted_resistance_string_tests.CreateFormattedResistanceStringTests" name="testCreateFormattedResistanceStringFourBandOrangeBlackGoldBrown" time="0.000" timestamp="2018-10-19T20:33:00"/>
	<testcase classname="create_formatted_resistance_string_tests.CreateFormattedResistanceStringTests" name="testCreateFormattedResistanceStringFourBandOrangeBlackGoldGold" time="0.000" timestamp="2018-10-19T20:33:00"/>
	<testcase classname="create_formatted_resistance_string_tests.CreateFormattedResistanceStringTests" name="testCreateFormattedResistanceStringFourBandOrangeBlackGoldGreen" time="0.000" timestamp="2018-10-19T20:33:00"/>
	<testcase classname="create_formatted_resistance_string_tests.CreateFormattedResistanceStringTests" name="testCreateFormattedResistanceStringFourBandOrangeBlackGoldGrey" time="0.000" timestamp="2018-10-19T20:33:00"/>
	<testcase classname="create_formatted_resistance_string_tests.CreateFormattedResistanceStringTests" name="testCreateFormattedResistanceStringFourBandOrangeBlackGoldNone" time="0.000" timestamp="2018-10-19T20:33:00"/>
	<testcase classname="create_formatted_resistance_string_tests.CreateFormattedResistanceStringTests" name="testCreateFormattedResistanceStringFourBandOrangeBlackGoldRed" time="0.000" timestamp="2018-10-19T20:33:00"/>
	<testcase classname="create_formatted_resistance_string_tests.CreateFormattedResistanceStringTests" name="testCreateFormattedResistanceStringFourBandOrangeBlackGoldSilver" time="0.000" timestamp="2018-10-19T20:33:00"/>
	<testcase classname="create_formatted_resistance_string_tests.CreateFormattedResistanceStringTests" name="testCreateFormattedResistanceStringFourBandOrangeBlackGoldViolet" time="0.000" timestamp="2018-10-19T20:33:00"/>
	<testcase classname="create_formatted_resistance_string_tests.CreateFormattedResistanceStringTests" name="testCreateFormattedResistanceStringFourBandOrangeBlackGreenBlue" time="0.000" timestamp="2018-10-19T20:33:00"/>
	<testcase classname="create_formatted_resistance_string_tests.CreateFormattedResistanceStringTests" name="testCreateFormattedResistanceStringFourBandOrangeBlackGreenBrown" time="0.000" timestamp="2018-10-19T20:33:00"/>
	<testcase classname="create_formatted_resistance_string_tests.CreateFormattedResistanceStringTests" name="testCreateFormattedResistanceStringFourBandOrangeBlackGreenGold" time="0.000" timestamp="2018-10-19T20:33:00"/>
	<testcase classname="create_formatted_resistance_string_tests.CreateFormattedResistanceStringTests" name="testCreateFormattedResistanceStringFourBandOrangeBlackGreenGreen" time="0.000" timestamp="2018-10-19T20:33:00"/>
	<testcase classname="create_formatted_resistance_string_tests.CreateFormattedResistanceStringTests" name="testCreateFormattedResistanceStringFourBandOrangeBlackGreenGrey" time="0.000" timestamp="2018-10-19T20:33:00"/>
	<testcase classname="create_formatted_resistance_string_tests.CreateFormattedResistanceStringTests" name="testCreateFormattedResistanceStringFourBandOrangeBlackGreenNone" time="0.000" timestamp="2018-10-19T20:33:00"/>
	<testcase classname="create_formatted_resistance_string_tests.CreateFormattedResistanceStringTests" name="testCreateFormattedResistanceStringFourBandOrangeBlackGreenRed" time="0.000" timestamp="2018-10-19T20:33:00"/>
	<testcase classname="create_formatted_resistance_string_tests.CreateFormattedResistanceStringTests" name="testCreateFormattedResistanceStringFourBandOrangeBlackGreenSilver" time="0.000" timestamp="2018-10-19T20:33:00"/>
	<testcase classname="create_formatted_resistance_string_tests.CreateFormattedResistanceStringTests" name="testCreateFormattedResistanceStringFourBandOrangeBlackGreenViolet" time="0.000" timestamp="2018-10-19T20:33:00"/>
	<testcase classname="create_formatted_resistance_string_tests.CreateFormattedResistanceStringTests" name="testCreateFormattedResistanceStringFourBandOrangeBlackGreyBlue" time="0.000" timestamp="2018-10-19T20:33:00"/>
	<testcase classname="create_formatted_resistance_string_tests.CreateFormattedResistanceStringTests" name="testCreateFormattedResistanceStringFourBandOrangeBlackGreyBrown" time="0.000" timestamp="2018-10-19T20:33:00"/>
	<testcase classname="create_formatted_resistance_string_tests.CreateFormattedResistanceStringTests" name="testCreateFormattedResistanceStringFourBandOrangeBlackGreyGold" time="0.000" timestamp="2018-10-19T20:33:00"/>
	<testcase classname="create_formatted_resistance_string_tests.CreateFormattedResistanceStringTests" name="testCreateFormattedResistanceStringFourBandOrangeBlackGreyGreen" time="0.000" timestamp="2018-10-19T20:33:00"/>
	<testcase classname="create_formatted_resistance_string_tests.CreateFormattedResistanceStringTests" name="testCreateFormattedResistanceStringFourBandOrangeBlackGreyGrey" time="0.000" timestamp="2018-10-19T20:33:00"/>
	<testcase classname="create_formatted_resistance_string_tests.CreateFormattedResistanceStringTests" name="testCreateFormattedResistanceStringFourBandOrangeBlackGreyNone" time="0.000" timestamp="2018-10-19T20:33:00"/>
	<testcase classname="create_formatted_resistance_string_tests.CreateFormattedResistanceStringTests" name="testCreateFormattedResistanceStringFourBandOrangeBlackGreyRed" time="0.000" timestamp="2018-10-19T20:33:00"/>
	<testcase classname="create_formatted_resistance_string_tests.CreateFormattedResistanceStringTests" name="testCreateFormattedResistanceStringFourBandOrangeBlackGreySilver" time="0.000" timestamp="2018-10-19T20:33:00"/>
	<testcase classname="create_formatted_resistance_string_tests.CreateFormattedResistanceStringTests" name="testCreateFormattedResistanceStringFourBandOrangeBlackGreyViolet" time="0.000" timestamp="2018-10-19T20:33:00"/>
	<testcase classname="create_formatted_resistance_string_tests.CreateFormattedResistanceStringTests" name="testCreateFormattedResistanceStringFourBandOrangeBlackOrangeBlue" time="0.000" timestamp="2018-10-19T20:33:00"/>
	<testcase classname="create_formatted_resistance_string_tests.CreateFormattedResistanceStringTests" name="testCreateFormattedResistanceStringFourBandOrangeBlackOrangeBrown" time="0.000" timestamp="2018-10-19T20:33:00"/>
	<testcase classname="create_formatted_resistance_string_tests.CreateFormattedResistanceStringTests" name="testCreateFormattedResistanceStringFourBandOrangeBlackOrangeGold" time="0.000" timestamp="2018-10-19T20:33:00"/>
	<testcase classname="create_formatted_resistance_string_tests.CreateFormattedResistanceStringTests" name="testCreateFormattedResistanceStringFourBandOrangeBlackOrangeGreen" time="0.000" timestamp="2018-10-19T20:33:00"/>
	<testcase classname="create_formatted_resistance_string_tests.CreateFormattedResistanceStringTests" name="testCreateFormattedResistanceStringFourBandOrangeBlackOrangeGrey" time="0.000" timestamp="2018-10-19T20:33:00"/>
	<testcase classname="create_formatted_resistance_string_tests.CreateFormattedResistanceStringTests" name="testCreateFormattedResistanceStringFourBandOrangeBlackOrangeNone" time="0.000" timestamp="2018-10-19T20:33:00"/>
	<testcase classname="create_formatted_resistance_string_tests.CreateFormattedResistanceStringTests" name="testCreateFormattedResistanceStringFourBandOrangeBlackOrangeRed" time="0.000" timestamp="2018-10-19T20:33:00"/>
	<testcase classname="create_formatted_resistance_string_tests.CreateFormattedResistanceStringTests" name="testCreateFormattedResistanceStringFourBandOrangeBlackOrangeSilver" time="0.000" timestamp="2018-10-19T20:33:00"/>
	<testcase classname="create_formatted_resistance_string_tests.CreateFormattedResistanceStringTests" name="testCreateFormattedResistanceStringFourBandOrangeBlackOrangeViolet" time="0.000" timestamp="2018-10-19T20:33:00"/>
	<testcase classname="create_formatted_resistance_string_tests.CreateFormattedResistanceStringTests" name="testCreateFormattedResistanceStringFourBandOrangeBlackRedBlue" time="0.000" timestamp="2018-10-19T20:33:00"/>
	<testcase classname="create_formatted_resistance_string_tests.CreateFormattedResistanceStringTests" name="testCreateFormattedResistanceStringFourBandOrangeBlackRedBrown" time="0.000" timestamp="2018-10-19T20:33:00"/>
	<testcase classname="create_formatted_resistance_string_tests.CreateFormattedResistanceStringTests" name="testCreateFormattedResistanceStringFourBandOrangeBlackRedGold" time="0.000" timestamp="2018-10-19T20:33:00"/>
	<testcase classname="create_formatted_resistance_string_tests.CreateFormattedResistanceStringTests" name="testCreateFormattedResistanceStringFourBandOrangeBlackRedGreen" time="0.000" timestamp="2018-10-19T20:33:00"/>
	<testcase classname="create_formatted_resistance_string_tests.CreateFormattedResistanceStringTests" name="testCreateFormattedResistanceStringFourBandOrangeBlackRedGrey" time="0.000" timestamp="2018-10-19T20:33:00"/>
	<testcase classname="create_formatted_resistance_string_tests.CreateFormattedResistanceStringTests" name="testCreateFormattedResistanceStringFourBandOrangeBlackRedNone" time="0.000" timestamp="2018-10-19T20:33:00"/>
	<testcase classname="create_formatted_resistance_string_tests.CreateFormattedResistanceStringTests" name="testCreateFormattedResistanceStringFourBandOrangeBlackRedRed" time="0.000" timestamp="2018-10-19T20:33:00"/>
	<testcase classname="create_formatted_resistance_string_tests.CreateFormattedResistanceStringTests" name="testCreateFormattedResistanceStringFourBandOrangeBlackRedSilver" time="0.000" timestamp="2018-10-19T20:33:00"/>
	<testcase classname="create_formatted_resistance_string_tests.CreateFormattedResistanceStringTests" name="testCreateFormattedResistanceStringFourBandOrangeBlackRedViolet" time="0.000" timestamp="2018-10-19T20:33:00"/>
	<testcase classname="create_formatted_resistance_string_tests.CreateFormattedResistanceStringTests" name="testCreateFormattedResistanceStringFourBandOrangeBlackSilverBlue" time="0.000" timestamp="2018-10-19T20:33:00"/>
	<testcase classname="create_formatted_resistance_string_tests.CreateFormattedResistanceStringTests" name="testCreateFormattedResistanceStringFourBandOrangeBlackSilverBrown" time="0.000" timestamp="2018-10-19T20:33:00"/>
	<testcase classname="create_formatted_resistance_string_tests.CreateFormattedResistanceStringTests" name="testCreateFormattedResistanceStringFourBandOrangeBlackSilverGold" time="0.000" timestamp="2018-10-19T20:33:00"/>
	<testcase classname="create_formatted_resistance_string_tests.CreateFormattedResistanceStringTests" name="testCreateFormattedResistanceStringFourBandOrangeBlackSilverGreen" time="0.000" timestamp="2018-10-19T20:33:00"/>
	<testcase classname="create_formatted_resistance_string_tests.CreateFormattedResistanceStringTests" name="testCreateFormattedResistanceStringFourBandOrangeBlackSilverGrey" time="0.000" timestamp="2018-10-19T20:33:00"/>
	<testcase classname="create_formatted_resistance_string_tests.CreateFormattedResistanceStringTests" name="testCreateFormattedResistanceStringFourBandOrangeBlackSilverNone" time="0.000" timestamp="2018-10-19T20:33:00"/>
	<testcase classname="create_formatted_resistance_string_tests.CreateFormattedResistanceStringTests" name="testCreateFormattedResistanceStringFourBandOrangeBlackSilverRed" time="0.000" timestamp="2018-10-19T20:33:00"/>
	<testcase classname="create_formatted_resistance_string_tests.CreateFormattedResistanceStringTests" name="testCreateFormattedResistanceStringFourBandOrangeBlackSilverSilver" time="0.000" timestamp="2018-10-19T20:33:00"/>
	<testcase classname="create_formatted_resistance_string_tests.CreateFormattedResistanceStringTests" name="testCreateFormattedResistanceStringFourBandOrangeBlackSilverViolet" time="0.000" timestamp="2018-10-19T20:33:00"/>
	<testcase classname="create_formatted_resistance_string_tests.CreateFormattedResistanceStringTests" name="testCreateFormattedResistanceStringFourBandOrangeBlackVioletBlue" time="0.000" timestamp="2018-10-19T20:33:00"/>
	<testcase classname="create_formatted_resistance_string_tests.CreateFormattedResistanceStringTests" name="testCreateFormattedResistanceStringFourBandOrangeBlackVioletBrown" time="0.000" timestamp="2018-10-19T20:33:00"/>
	<testcase classname="create_formatted_resistance_string_tests.CreateFormattedResistanceStringTests" name="testCreateFormattedResistanceStringFourBandOrangeBlackVioletGold" time="0.000" timestamp="2018-10-19T20:33:00"/>
	<testcase classname="create_formatted_resistance_string_tests.CreateFormattedResistanceStringTests" name="testCreateFormattedResistanceStringFourBandOrangeBlackVioletGreen" time="0.000" timestamp="2018-10-19T20:33:00"/>
	<testcase classname="create_formatted_resistance_string_tests.CreateFormattedResistanceStringTests" name="testCreateFormattedResistanceStringFourBandOrangeBlackVioletGrey" time="0.000" timestamp="2018-10-19T20:33:00"/>
	<testcase classname="create_formatted_resistance_string_tests.CreateFormattedResistanceStringTests" name="testCreateFormattedResistanceStringFourBandOrangeBlackVioletNone" time="0.000" timestamp="2018-10-19T20:33:00"/>
	<testcase classname="create_formatted_resistance_string_tests.CreateFormattedResistanceStringTests" name="testCreateFormattedResistanceStringFourBandOrangeBlackVioletRed" time="0.000" timestamp="2018-10-19T20:33:00"/>
	<testcase classname="create_formatted_resistance_string_tests.CreateFormattedResistanceStringTests" name="testCreateFormattedResistanceStringFourBandOrangeBlackVioletSilver" time="0.000" timestamp="2018-10-19T20:33:00"/>
	<testcase classname="create_formatted_resistance_string_tests.CreateFormattedResistanceStringTests" name="testCreateFormattedResistanceStringFourBandOrangeBlackVioletViolet" time="0.000" timestamp="2018-10-19T20:33:00"/>
	<testcase classname="create_formatted_resistance_string_tests.CreateFormattedResistanceStringTests" name="testCreateFormattedResistanceStringFourBandOrangeBlackWhiteBlue" time="0.000" timestamp="2018-10-19T20:33:00"/>
	<testcase classname="create_formatted_resistance_string_tests.CreateFormattedResistanceStringTests" name="testCreateFormattedResistanceStringFourBandOrangeBlackWhiteBrown" time="0.000" timestamp="2018-10-19T20:33:00"/>
	<testcase classname="create_formatted_resistance_string_tests.CreateFormattedResistanceStringTests" name="testCreateFormattedResistanceStringFourBandOrangeBlackWhiteGold" time="0.000" timestamp="2018-10-19T20:33:00"/>
	<testcase classname="create_formatted_resistance_string_tests.CreateFormattedResistanceStringTests" name="testCreateFormattedResistanceStringFourBandOrangeBlackWhiteGreen" time="0.000" timestamp="2018-10-19T20:33:00"/>
	<testcase classname="create_formatted_resistance_string_tests.CreateFormattedResistanceStringTests" name="testCreateFormattedResistanceStringFourBandOrangeBlackWhiteGrey" time="0.000" timestamp="2018-10-19T20:33:00"/>
	<testcase classname="create_formatted_resistance_string_tests.CreateFormattedResistanceStringTests" name="testCreateFormattedResistanceStringFourBandOrangeBlackWhiteNone" time="0.000" timestamp="2018-10-19T20:33:00"/>
	<testcase classname="create_formatted_resistance_string_tests.CreateFormattedResistanceStringTests" name="testCreateFormattedResistanceStringFourBandOrangeBlackWhiteRed" time="0.000" timestamp="2018-10-19T20:33:00"/>
	<testcase classname="create_formatted_resistance_string_tests.CreateFormattedResistanceStringTests" name="testCreateFormattedResistanceStringFourBandOrangeBlackWhiteSilver" time="0.000" timestamp="2018-10-19T20:33:00"/>
	<testcase classname="create_formatted_resistance_string_tests.CreateFormattedResistanceStringTests" name="testCreateFormattedResistanceStringFourBandOrangeBlackWhiteViolet" time="0.000" timestamp="2018-10-19T20:33:00"/>
	<testcase classname="create_formatted_resistance_string_tests.CreateFormattedResistanceStringTests" name="testCreateFormattedResistanceStringFourBandOrangeBlackYellowBlue" time="0.000" timestamp="2018-10-19T20:33:00"/>
	<testcase classname="create_formatted_resistance_string_tests.CreateFormattedResistanceStringTests" name="testCreateFormattedResistanceStringFourBandOrangeBlackYellowBrown" time="0.000" timestamp="2018-10-19T20:33:00"/>
	<testcase classname="create_formatted_resistance_string_tests.CreateFormattedResistanceStringTests" name="testCreateFormattedResistanceStringFourBandOrangeBlackYellowGold" time="0.000" timestamp="2018-10-19T20:33:00"/>
	<testcase classname="create_formatted_resistance_string_tests.CreateFormattedResistanceStringTests" name="testCreateFormattedResistanceStringFourBandOrangeBlackYellowGreen" time="0.000" timestamp="2018-10-19T20:33:00"/>
	<testcase classname="create_formatted_resistance_string_tests.CreateFormattedResistanceStringTests" name="testCreateFormattedResistanceStringFourBandOrangeBlackYellowGrey" time="0.000" timestamp="2018-10-19T20:33:00"/>
	<testcase classname="create_formatted_resistance_string_tests.CreateFormattedResistanceStringTests" name="testCreateFormattedResistanceStringFourBandOrangeBlackYellowNone" time="0.000" timestamp="2018-10-19T20:33:00"/>
	<testcase classname="create_formatted_resistance_string_tests.CreateFormattedResistanceStringTests" name="testCreateFormattedResistanceStringFourBandOrangeBlackYellowRed" time="0.000" timestamp="2018-10-19T20:33:00"/>
	<testcase classname="create_formatted_resistance_string_tests.CreateFormattedResistanceStringTests" name="testCreateFormattedResistanceStringFourBandOrangeBlackYellowSilver" time="0.000" timestamp="2018-10-19T20:33:00"/>
	<testcase classname="create_formatted_resistance_string_tests.CreateFormattedResistanceStringTests" name="testCreateFormattedResistanceStringFourBandOrangeBlackYellowViolet" time="0.000" timestamp="2018-10-19T20:33:00"/>
	<testcase classname="create_formatted_resistance_string_tests.CreateFormattedResistanceStringTests" name="testCreateFormattedResistanceStringFourBandOrangeBlueBlackBlue" time="0.000" timestamp="2018-10-19T20:33:00"/>
	<testcase classname="create_formatted_resistance_string_tests.CreateFormattedResistanceStringTests" name="testCreateFormattedResistanceStringFourBandOrangeBlueBlackBrown" time="0.000" timestamp="2018-10-19T20:33:00"/>
	<testcase classname="create_formatted_resistance_string_tests.CreateFormattedResistanceStringTests" name="testCreateFormattedResistanceStringFourBandOrangeBlueBlackGold" time="0.000" timestamp="2018-10-19T20:33:00"/>
	<testcase classname="create_formatted_resistance_string_tests.CreateFormattedResistanceStringTests" name="testCreateFormattedResistanceStringFourBandOrangeBlueBlackGreen" time="0.000" timestamp="2018-10-19T20:33:00"/>
	<testcase classname="create_formatted_resistance_string_tests.CreateFormattedResistanceStringTests" name="testCreateFormattedResistanceStringFourBandOrangeBlueBlackGrey" time="0.000" timestamp="2018-10-19T20:33:00"/>
	<testcase classname="create_formatted_resistance_string_tests.CreateFormattedResistanceStringTests" name="testCreateFormattedResistanceStringFourBandOrangeBlueBlackNone" time="0.000" timestamp="2018-10-19T20:33:00"/>
	<testcase classname="create_formatted_resistance_string_tests.CreateFormattedResistanceStringTests" name="testCreateFormattedResistanceStringFourBandOrangeBlueBlackRed" time="0.000" timestamp="2018-10-19T20:33:00"/>
	<testcase classname="create_formatted_resistance_string_tests.CreateFormattedResistanceStringTests" name="testCreateFormattedResistanceStringFourBandOrangeBlueBlackSilver" time="0.000" timestamp="2018-10-19T20:33:00"/>
	<testcase classname="create_formatted_resistance_string_tests.CreateFormattedResistanceStringTests" name="testCreateFormattedResistanceStringFourBandOrangeBlueBlackViolet" time="0.000" timestamp="2018-10-19T20:33:00"/>
	<testcase classname="create_formatted_resistance_string_tests.CreateFormattedResistanceStringTests" name="testCreateFormattedResistanceStringFourBandOrangeBlueBlueBlue" time="0.000" timestamp="2018-10-19T20:33:00"/>
	<testcase classname="create_formatted_resistance_string_tests.CreateFormattedResistanceStringTests" name="testCreateFormattedResistanceStringFourBandOrangeBlueBlueBrown" time="0.000" timestamp="2018-10-19T20:33:00"/>
	<testcase classname="create_formatted_resistance_string_tests.CreateFormattedResistanceStringTests" name="testCreateFormattedResistanceStringFourBandOrangeBlueBlueGold" time="0.000" timestamp="2018-10-19T20:33:00"/>
	<testcase classname="create_formatted_resistance_string_tests.CreateFormattedResistanceStringTests" name="testCreateFormattedResistanceStringFourBandOrangeBlueBlueGreen" time="0.000" timestamp="2018-10-19T20:33:00"/>
	<testcase classname="create_formatted_resistance_string_tests.CreateFormattedResistanceStringTests" name="testCreateFormattedResistanceStringFourBandOrangeBlueBlueGrey" time="0.000" timestamp="2018-10-19T20:33:00"/>
	<testcase classname="create_formatted_resistance_string_tests.CreateFormattedResistanceStringTests" name="testCreateFormattedResistanceStringFourBandOrangeBlueBlueNone" time="0.000" timestamp="2018-10-19T20:33:00"/>
	<testcase classname="create_formatted_resistance_string_tests.CreateFormattedResistanceStringTests" name="testCreateFormattedResistanceStringFourBandOrangeBlueBlueRed" time="0.000" timestamp="2018-10-19T20:33:00"/>
	<testcase classname="create_formatted_resistance_string_tests.CreateFormattedResistanceStringTests" name="testCreateFormattedResistanceStringFourBandOrangeBlueBlueSilver" time="0.000" timestamp="2018-10-19T20:33:00"/>
	<testcase classname="create_formatted_resistance_string_tests.CreateFormattedResistanceStringTests" name="testCreateFormattedResistanceStringFourBandOrangeBlueBlueViolet" time="0.000" timestamp="2018-10-19T20:33:00"/>
	<testcase classname="create_formatted_resistance_string_tests.CreateFormattedResistanceStringTests" name="testCreateFormattedResistanceStringFourBandOrangeBlueBrownBlue" time="0.000" timestamp="2018-10-19T20:33:00"/>
	<testcase classname="create_formatted_resistance_string_tests.CreateFormattedResistanceStringTests" name="testCreateFormattedResistanceStringFourBandOrangeBlueBrownBrown" time="0.000" timestamp="2018-10-19T20:33:00"/>
	<testcase classname="create_formatted_resistance_string_tests.CreateFormattedResistanceStringTests" name="testCreateFormattedResistanceStringFourBandOrangeBlueBrownGold" time="0.000" timestamp="2018-10-19T20:33:00"/>
	<testcase classname="create_formatted_resistance_string_tests.CreateFormattedResistanceStringTests" name="testCreateFormattedResistanceStringFourBandOrangeBlueBrownGreen" time="0.000" timestamp="2018-10-19T20:33:00"/>
	<testcase classname="create_formatted_resistance_string_tests.CreateFormattedResistanceStringTests" name="testCreateFormattedResistanceStringFourBandOrangeBlueBrownGrey" time="0.000" timestamp="2018-10-19T20:33:00"/>
	<testcase classname="create_formatted_resistance_string_tests.CreateFormattedResistanceStringTests" name="testCreateFormattedResistanceStringFourBandOrangeBlueBrownNone" time="0.000" timestamp="2018-10-19T20:33:00"/>
	<testcase classname="create_formatted_resistance_string_tests.CreateFormattedResistanceStringTests" name="testCreateFormattedResistanceStringFourBandOrangeBlueBrownRed" time="0.000" timestamp="2018-10-19T20:33:00"/>
	<testcase classname="create_formatted_resistance_string_tests.CreateFormattedResistanceStringTests" name="testCreateFormattedResistanceStringFourBandOrangeBlueBrownSilver" time="0.000" timestamp="2018-10-19T20:33:00"/>
	<testcase classname="create_formatted_resistance_string_tests.CreateFormattedResistanceStringTests" name="testCreateFormattedResistanceStringFourBandOrangeBlueBrownViolet" time="0.000" timestamp="2018-10-19T20:33:00"/>
	<testcase classname="create_formatted_resistance_string_tests.CreateFormattedResistanceStringTests" name="testCreateFormattedResistanceStringFourBandOrangeBlueGoldBlue" time="0.000" timestamp="2018-10-19T20:33:00"/>
	<testcase classname="create_formatted_resistance_string_tests.CreateFormattedResistanceStringTests" name="testCreateFormattedResistanceStringFourBandOrangeBlueGoldBrown" time="0.000" timestamp="2018-10-19T20:33:00"/>
	<testcase classname="create_formatted_resistance_string_tests.CreateFormattedResistanceStringTests" name="testCreateFormattedResistanceStringFourBandOrangeBlueGoldGold" time="0.000" timestamp="2018-10-19T20:33:00"/>
	<testcase classname="create_formatted_resistance_string_tests.CreateFormattedResistanceStringTests" name="testCreateFormattedResistanceStringFourBandOrangeBlueGoldGreen" time="0.000" timestamp="2018-10-19T20:33:00"/>
	<testcase classname="create_formatted_resistance_string_tests.CreateFormattedResistanceStringTests" name="testCreateFormattedResistanceStringFourBandOrangeBlueGoldGrey" time="0.000" timestamp="2018-10-19T20:33:00"/>
	<testcase classname="create_formatted_resistance_string_tests.CreateFormattedResistanceStringTests" name="testCreateFormattedResistanceStringFourBandOrangeBlueGoldNone" time="0.000" timestamp="2018-10-19T20:33:00"/>
	<testcase classname="create_formatted_resistance_string_tests.CreateFormattedResistanceStringTests" name="testCreateFormattedResistanceStringFourBandOrangeBlueGoldRed" time="0.000" timestamp="2018-10-19T20:33:00"/>
	<testcase classname="create_formatted_resistance_string_tests.CreateFormattedResistanceStringTests" name="testCreateFormattedResistanceStringFourBandOrangeBlueGoldSilver" time="0.000" timestamp="2018-10-19T20:33:00"/>
	<testcase classname="create_formatted_resistance_string_tests.CreateFormattedResistanceStringTests" name="testCreateFormattedResistanceStringFourBandOrangeBlueGoldViolet" time="0.000" timestamp="2018-10-19T20:33:00"/>
	<testcase classname="create_formatted_resistance_string_tests.CreateFormattedResistanceStringTests" name="testCreateFormattedResistanceStringFourBandOrangeBlueGreenBlue" time="0.000" timestamp="2018-10-19T20:33:00"/>
	<testcase classname="create_formatted_resistance_string_tests.CreateFormattedResistanceStringTests" name="testCreateFormattedResistanceStringFourBandOrangeBlueGreenBrown" time="0.000" timestamp="2018-10-19T20:33:00"/>
	<testcase classname="create_formatted_resistance_string_tests.CreateFormattedResistanceStringTests" name="testCreateFormattedResistanceStringFourBandOrangeBlueGreenGold" time="0.000" timestamp="2018-10-19T20:33:00"/>
	<testcase classname="create_formatted_resistance_string_tests.CreateFormattedResistanceStringTests" name="testCreateFormattedResistanceStringFourBandOrangeBlueGreenGreen" time="0.000" timestamp="2018-10-19T20:33:00"/>
	<testcase classname="create_formatted_resistance_string_tests.CreateFormattedResistanceStringTests" name="testCreateFormattedResistanceStringFourBandOrangeBlueGreenGrey" time="0.000" timestamp="2018-10-19T20:33:00"/>
	<testcase classname="create_formatted_resistance_string_tests.CreateFormattedResistanceStringTests" name="testCreateFormattedResistanceStringFourBandOrangeBlueGreenNone" time="0.000" timestamp="2018-10-19T20:33:00"/>
	<testcase classname="create_formatted_resistance_string_tests.CreateFormattedResistanceStringTests" name="testCreateFormattedResistanceStringFourBandOrangeBlueGreenRed" time="0.000" timestamp="2018-10-19T20:33:00"/>
	<testcase classname="create_formatted_resistance_string_tests.CreateFormattedResistanceStringTests" name="testCreateFormattedResistanceStringFourBandOrangeBlueGreenSilver" time="0.000" timestamp="2018-10-19T20:33:00"/>
	<testcase classname="create_formatted_resistance_string_tests.CreateFormattedResistanceStringTests" name="testCreateFormattedResistanceStringFourBandOrangeBlueGreenViolet" time="0.000" timestamp="2018-10-19T20:33:00"/>
	<testcase classname="create_formatted_resistance_string_tests.CreateFormattedResistanceStringTests" name="testCreateFormattedResistanceStringFourBandOrangeBlueGreyBlue" time="0.000" timestamp="2018-10-19T20:33:00"/>
	<testcase classname="create_formatted_resistance_string_tests.CreateFormattedResistanceStringTests" name="testCreateFormattedResistanceStringFourBandOrangeBlueGreyBrown" time="0.000" timestamp="2018-10-19T20:33:00"/>
	<testcase classname="create_formatted_resistance_string_tests.CreateFormattedResistanceStringTests" name="testCreateFormattedResistanceStringFourBandOrangeBlueGreyGold" time="0.000" timestamp="2018-10-19T20:33:00"/>
	<testcase classname="create_formatted_resistance_string_tests.CreateFormattedResistanceStringTests" name="testCreateFormattedResistanceStringFourBandOrangeBlueGreyGreen" time="0.000" timestamp="2018-10-19T20:33:00"/>
	<testcase classname="create_formatted_resistance_string_tests.CreateFormattedResistanceStringTests" name="testCreateFormattedResistanceStringFourBandOrangeBlueGreyGrey" time="0.000" timestamp="2018-10-19T20:33:00"/>
	<testcase classname="create_formatted_resistance_string_tests.CreateFormattedResistanceStringTests" name="testCreateFormattedResistanceStringFourBandOrangeBlueGreyNone" time="0.000" timestamp="2018-10-19T20:33:00"/>
	<testcase classname="create_formatted_resistance_string_tests.CreateFormattedResistanceStringTests" name="testCreateFormattedResistanceStringFourBandOrangeBlueGreyRed" time="0.000" timestamp="2018-10-19T20:33:00"/>
	<testcase classname="create_formatted_resistance_string_tests.CreateFormattedResistanceStringTests" name="testCreateFormattedResistanceStringFourBandOrangeBlueGreySilver" time="0.000" timestamp="2018-10-19T20:33:00"/>
	<testcase classname="create_formatted_resistance_string_tests.CreateFormattedResistanceStringTests" name="testCreateFormattedResistanceStringFourBandOrangeBlueGreyViolet" time="0.000" timestamp="2018-10-19T20:33:00"/>
	<testcase classname="create_formatted_resistance_string_tests.CreateFormattedResistanceStringTests" name="testCreateFormattedResistanceStringFourBandOrangeBlueOrangeBlue" time="0.000" timestamp="2018-10-19T20:33:00"/>
	<testcase classname="create_formatted_resistance_string_tests.CreateFormattedResistanceStringTests" name="testCreateFormattedResistanceStringFourBandOrangeBlueOrangeBrown" time="0.000" timestamp="2018-10-19T20:33:00"/>
	<testcase classname="create_formatted_resistance_string_tests.CreateFormattedResistanceStringTests" name="testCreateFormattedResistanceStringFourBandOrangeBlueOrangeGold" time="0.000" timestamp="2018-10-19T20:33:00"/>
	<testcase classname="create_formatted_resistance_string_tests.CreateFormattedResistanceStringTests" name="testCreateFormattedResistanceStringFourBandOrangeBlueOrangeGreen" time="0.000" timestamp="2018-10-19T20:33:00"/>
	<testcase classname="create_formatted_resistance_string_tests.CreateFormattedResistanceStringTests" name="testCreateFormattedResistanceStringFourBandOrangeBlueOrangeGrey" time="0.000" timestamp="2018-10-19T20:33:00"/>
	<testcase classname="create_formatted_resistance_string_tests.CreateFormattedResistanceStringTests" name="testCreateFormattedResistanceStringFourBandOrangeBlueOrangeNone" time="0.000" timestamp="2018-10-19T20:33:00"/>
	<testcase classname="create_formatted_resistance_string_tests.CreateFormattedResistanceStringTests" name="testCreateFormattedResistanceStringFourBandOrangeBlueOrangeRed" time="0.000" timestamp="2018-10-19T20:33:00"/>
	<testcase classname="create_formatted_resistance_string_tests.CreateFormattedResistanceStringTests" name="testCreateFormattedResistanceStringFourBandOrangeBlueOrangeSilver" time="0.000" timestamp="2018-10-19T20:33:00"/>
	<testcase classname="create_formatted_resistance_string_tests.CreateFormattedResistanceStringTests" name="testCreateFormattedResistanceStringFourBandOrangeBlueOrangeViolet" time="0.000" timestamp="2018-10-19T20:33:00"/>
	<testcase classname="create_formatted_resistance_string_tests.CreateFormattedResistanceStringTests" name="testCreateFormattedResistanceStringFourBandOrangeBlueRedBlue" time="0.000" timestamp="2018-10-19T20:33:00"/>
	<testcase classname="create_formatted_resistance_string_tests.CreateFormattedResistanceStringTests" name="testCreateFormattedResistanceStringFourBandOrangeBlueRedBrown" time="0.000" timestamp="2018-10-19T20:33:00"/>
	<testcase classname="create_formatted_resistance_string_tests.CreateFormattedResistanceStringTests" name="testCreateFormattedResistanceStringFourBandOrangeBlueRedGold" time="0.000" timestamp="2018-10-19T20:33:00"/>
	<testcase classname="create_formatted_resistance_string_tests.CreateFormattedResistanceStringTests" name="testCreateFormattedResistanceStringFourBandOrangeBlueRedGreen" time="0.000" timestamp="2018-10-19T20:33:00"/>
	<testcase classname="create_formatted_resistance_string_tests.CreateFormattedResistanceStringTests" name="testCreateFormattedResistanceStringFourBandOrangeBlueRedGrey" time="0.000" timestamp="2018-10-19T20:33:00"/>
	<testcase classname="create_formatted_resistance_string_tests.CreateFormattedResistanceStringTests" name="testCreateFormattedResistanceStringFourBandOrangeBlueRedNone" time="0.000" timestamp="2018-10-19T20:33:00"/>
	<testcase classname="create_formatted_resistance_string_tests.CreateFormattedResistanceStringTests" name="testCreateFormattedResistanceStringFourBandOrangeBlueRedRed" time="0.000" timestamp="2018-10-19T20:33:00"/>
	<testcase classname="create_formatted_resistance_string_tests.CreateFormattedResistanceStringTests" name="testCreateFormattedResistanceStringFourBandOrangeBlueRedSilver" time="0.000" timestamp="2018-10-19T20:33:00"/>
	<testcase classname="create_formatted_resistance_string_tests.CreateFormattedResistanceStringTests" name="testCreateFormattedResistanceStringFourBandOrangeBlueRedViolet" time="0.000" timestamp="2018-10-19T20:33:00"/>
	<testcase classname="create_formatted_resistance_string_tests.CreateFormattedResistanceStringTests" name="testCreateFormattedResistanceStringFourBandOrangeBlueSilverBlue" time="0.000" timestamp="2018-10-19T20:33:00"/>
	<testcase classname="create_formatted_resistance_string_tests.CreateFormattedResistanceStringTests" name="testCreateFormattedResistanceStringFourBandOrangeBlueSilverBrown" time="0.000" timestamp="2018-10-19T20:33:00"/>
	<testcase classname="create_formatted_resistance_string_tests.CreateFormattedResistanceStringTests" name="testCreateFormattedResistanceStringFourBandOrangeBlueSilverGold" time="0.000" timestamp="2018-10-19T20:33:00"/>
	<testcase classname="create_formatted_resistance_string_tests.CreateFormattedResistanceStringTests" name="testCreateFormattedResistanceStringFourBandOrangeBlueSilverGreen" time="0.000" timestamp="2018-10-19T20:33:00"/>
	<testcase classname="create_formatted_resistance_string_tests.CreateFormattedResistanceStringTests" name="testCreateFormattedResistanceStringFourBandOrangeBlueSilverGrey" time="0.000" timestamp="2018-10-19T20:33:00"/>
	<testcase classname="create_formatted_resistance_string_tests.CreateFormattedResistanceStringTests" name="testCreateFormattedResistanceStringFourBandOrangeBlueSilverNone" time="0.000" timestamp="2018-10-19T20:33:00"/>
	<testcase classname="create_formatted_resistance_string_tests.CreateFormattedResistanceStringTests" name="testCreateFormattedResistanceStringFourBandOrangeBlueSilverRed" time="0.000" timestamp="2018-10-19T20:33:00"/>
	<testcase classname="create_formatted_resistance_string_tests.CreateFormattedResistanceStringTests" name="testCreateFormattedResistanceStringFourBandOrangeBlueSilverSilver" time="0.000" timestamp="2018-10-19T20:33:00"/>
	<testcase classname="create_formatted_resistance_string_tests.CreateFormattedResistanceStringTests" name="testCreateFormattedResistanceStringFourBandOrangeBlueSilverViolet" time="0.000" timestamp="2018-10-19T20:33:00"/>
	<testcase classname="create_formatted_resistance_string_tests.CreateFormattedResistanceStringTests" name="testCreateFormattedResistanceStringFourBandOrangeBlueVioletBlue" time="0.000" timestamp="2018-10-19T20:33:00"/>
	<testcase classname="create_formatted_resistance_string_tests.CreateFormattedResistanceStringTests" name="testCreateFormattedResistanceStringFourBandOrangeBlueVioletBrown" time="0.000" timestamp="2018-10-19T20:33:00"/>
	<testcase classname="create_formatted_resistance_string_tests.CreateFormattedResistanceStringTests" name="testCreateFormattedResistanceStringFourBandOrangeBlueVioletGold" time="0.000" timestamp="2018-10-19T20:33:00"/>
	<testcase classname="create_formatted_resistance_string_tests.CreateFormattedResistanceStringTests" name="testCreateFormattedResistanceStringFourBandOrangeBlueVioletGreen" time="0.000" timestamp="2018-10-19T20:33:00"/>
	<testcase classname="create_formatted_resistance_string_tests.CreateFormattedResistanceStringTests" name="testCreateFormattedResistanceStringFourBandOrangeBlueVioletGrey" time="0.000" timestamp="2018-10-19T20:33:00"/>
	<testcase classname="create_formatted_resistance_string_tests.CreateFormattedResistanceStringTests" name="testCreateFormattedResistanceStringFourBandOrangeBlueVioletNone" time="0.000" timestamp="2018-10-19T20:33:00"/>
	<testcase classname="create_formatted_resistance_string_tests.CreateFormattedResistanceStringTests" name="testCreateFormattedResistanceStringFourBandOrangeBlueVioletRed" time="0.000" timestamp="2018-10-19T20:33:00"/>
	<testcase classname="create_formatted_resistance_string_tests.CreateFormattedResistanceStringTests" name="testCreateFormattedResistanceStringFourBandOrangeBlueVioletSilver" time="0.000" timestamp="2018-10-19T20:33:00"/>
	<testcase classname="create_formatted_resistance_string_tests.CreateFormattedResistanceStringTests" name="testCreateFormattedResistanceStringFourBandOrangeBlueVioletViolet" time="0.000" timestamp="2018-10-19T20:33:00"/>
	<testcase classname="create_formatted_resistance_string_tests.CreateFormattedResistanceStringTests" name="testCreateFormattedResistanceStringFourBandOrangeBlueWhiteBlue" time="0.000" timestamp="2018-10-19T20:33:00"/>
	<testcase classname="create_formatted_resistance_string_tests.CreateFormattedResistanceStringTests" name="testCreateFormattedResistanceStringFourBandOrangeBlueWhiteBrown" time="0.000" timestamp="2018-10-19T20:33:00"/>
	<testcase classname="create_formatted_resistance_string_tests.CreateFormattedResistanceStringTests" name="testCreateFormattedResistanceStringFourBandOrangeBlueWhiteGold" time="0.000" timestamp="2018-10-19T20:33:00"/>
	<testcase classname="create_formatted_resistance_string_tests.CreateFormattedResistanceStringTests" name="testCreateFormattedResistanceStringFourBandOrangeBlueWhiteGreen" time="0.000" timestamp="2018-10-19T20:33:00"/>
	<testcase classname="create_formatted_resistance_string_tests.CreateFormattedResistanceStringTests" name="testCreateFormattedResistanceStringFourBandOrangeBlueWhiteGrey" time="0.000" timestamp="2018-10-19T20:33:00"/>
	<testcase classname="create_formatted_resistance_string_tests.CreateFormattedResistanceStringTests" name="testCreateFormattedResistanceStringFourBandOrangeBlueWhiteNone" time="0.000" timestamp="2018-10-19T20:33:00"/>
	<testcase classname="create_formatted_resistance_string_tests.CreateFormattedResistanceStringTests" name="testCreateFormattedResistanceStringFourBandOrangeBlueWhiteRed" time="0.000" timestamp="2018-10-19T20:33:00"/>
	<testcase classname="create_formatted_resistance_string_tests.CreateFormattedResistanceStringTests" name="testCreateFormattedResistanceStringFourBandOrangeBlueWhiteSilver" time="0.000" timestamp="2018-10-19T20:33:00"/>
	<testcase classname="create_formatted_resistance_string_tests.CreateFormattedResistanceStringTests" name="testCreateFormattedResistanceStringFourBandOrangeBlueWhiteViolet" time="0.000" timestamp="2018-10-19T20:33:00"/>
	<testcase classname="create_formatted_resistance_string_tests.CreateFormattedResistanceStringTests" name="testCreateFormattedResistanceStringFourBandOrangeBlueYellowBlue" time="0.000" timestamp="2018-10-19T20:33:00"/>
	<testcase classname="create_formatted_resistance_string_tests.CreateFormattedResistanceStringTests" name="testCreateFormattedResistanceStringFourBandOrangeBlueYellowBrown" time="0.000" timestamp="2018-10-19T20:33:00"/>
	<testcase classname="create_formatted_resistance_string_tests.CreateFormattedResistanceStringTests" name="testCreateFormattedResistanceStringFourBandOrangeBlueYellowGold" time="0.000" timestamp="2018-10-19T20:33:00"/>
	<testcase classname="create_formatted_resistance_string_tests.CreateFormattedResistanceStringTests" name="testCreateFormattedResistanceStringFourBandOrangeBlueYellowGreen" time="0.000" timestamp="2018-10-19T20:33:00"/>
	<testcase classname="create_formatted_resistance_string_tests.CreateFormattedResistanceStringTests" name="testCreateFormattedResistanceStringFourBandOrangeBlueYellowGrey" time="0.000" timestamp="2018-10-19T20:33:00"/>
	<testcase classname="create_formatted_resistance_string_tests.CreateFormattedResistanceStringTests" name="testCreateFormattedResistanceStringFourBandOrangeBlueYellowNone" time="0.000" timestamp="2018-10-19T20:33:00"/>
	<testcase classname="create_formatted_resistance_string_tests.CreateFormattedResistanceStringTests" name="testCreateFormattedResistanceStringFourBandOrangeBlueYellowRed" time="0.000" timestamp="2018-10-19T20:33:00"/>
	<testcase classname="create_formatted_resistance_string_tests.CreateFormattedResistanceStringTests" name="testCreateFormattedResistanceStringFourBandOrangeBlueYellowSilver" time="0.000" timestamp="2018-10-19T20:33:00"/>
	<testcase classname="create_formatted_resistance_string_tests.CreateFormattedResistanceStringTests" name="testCreateFormattedResistanceStringFourBandOrangeBlueYellowViolet" time="0.000" timestamp="2018-10-19T20:33:00"/>
	<testcase classname="create_formatted_resistance_string_tests.CreateFormattedResistanceStringTests" name="testCreateFormattedResistanceStringFourBandOrangeBrownBlackBlue" time="0.000" timestamp="2018-10-19T20:33:00"/>
	<testcase classname="create_formatted_resistance_string_tests.CreateFormattedResistanceStringTests" name="testCreateFormattedResistanceStringFourBandOrangeBrownBlackBrown" time="0.000" timestamp="2018-10-19T20:33:00"/>
	<testcase classname="create_formatted_resistance_string_tests.CreateFormattedResistanceStringTests" name="testCreateFormattedResistanceStringFourBandOrangeBrownBlackGold" time="0.000" timestamp="2018-10-19T20:33:00"/>
	<testcase classname="create_formatted_resistance_string_tests.CreateFormattedResistanceStringTests" name="testCreateFormattedResistanceStringFourBandOrangeBrownBlackGreen" time="0.000" timestamp="2018-10-19T20:33:00"/>
	<testcase classname="create_formatted_resistance_string_tests.CreateFormattedResistanceStringTests" name="testCreateFormattedResistanceStringFourBandOrangeBrownBlackGrey" time="0.000" timestamp="2018-10-19T20:33:00"/>
	<testcase classname="create_formatted_resistance_string_tests.CreateFormattedResistanceStringTests" name="testCreateFormattedResistanceStringFourBandOrangeBrownBlackNone" time="0.000" timestamp="2018-10-19T20:33:00"/>
	<testcase classname="create_formatted_resistance_string_tests.CreateFormattedResistanceStringTests" name="testCreateFormattedResistanceStringFourBandOrangeBrownBlackRed" time="0.000" timestamp="2018-10-19T20:33:00"/>
	<testcase classname="create_formatted_resistance_string_tests.CreateFormattedResistanceStringTests" name="testCreateFormattedResistanceStringFourBandOrangeBrownBlackSilver" time="0.000" timestamp="2018-10-19T20:33:00"/>
	<testcase classname="create_formatted_resistance_string_tests.CreateFormattedResistanceStringTests" name="testCreateFormattedResistanceStringFourBandOrangeBrownBlackViolet" time="0.000" timestamp="2018-10-19T20:33:00"/>
	<testcase classname="create_formatted_resistance_string_tests.CreateFormattedResistanceStringTests" name="testCreateFormattedResistanceStringFourBandOrangeBrownBlueBlue" time="0.000" timestamp="2018-10-19T20:33:00"/>
	<testcase classname="create_formatted_resistance_string_tests.CreateFormattedResistanceStringTests" name="testCreateFormattedResistanceStringFourBandOrangeBrownBlueBrown" time="0.000" timestamp="2018-10-19T20:33:00"/>
	<testcase classname="create_formatted_resistance_string_tests.CreateFormattedResistanceStringTests" name="testCreateFormattedResistanceStringFourBandOrangeBrownBlueGold" time="0.000" timestamp="2018-10-19T20:33:00"/>
	<testcase classname="create_formatted_resistance_string_tests.CreateFormattedResistanceStringTests" name="testCreateFormattedResistanceStringFourBandOrangeBrownBlueGreen" time="0.000" timestamp="2018-10-19T20:33:00"/>
	<testcase classname="create_formatted_resistance_string_tests.CreateFormattedResistanceStringTests" name="testCreateFormattedResistanceStringFourBandOrangeBrownBlueGrey" time="0.000" timestamp="2018-10-19T20:33:00"/>
	<testcase classname="create_formatted_resistance_string_tests.CreateFormattedResistanceStringTests" name="testCreateFormattedResistanceStringFourBandOrangeBrownBlueNone" time="0.000" timestamp="2018-10-19T20:33:00"/>
	<testcase classname="create_formatted_resistance_string_tests.CreateFormattedResistanceStringTests" name="testCreateFormattedResistanceStringFourBandOrangeBrownBlueRed" time="0.000" timestamp="2018-10-19T20:33:00"/>
	<testcase classname="create_formatted_resistance_string_tests.CreateFormattedResistanceStringTests" name="testCreateFormattedResistanceStringFourBandOrangeBrownBlueSilver" time="0.000" timestamp="2018-10-19T20:33:00"/>
	<testcase classname="create_formatted_resistance_string_tests.CreateFormattedResistanceStringTests" name="testCreateFormattedResistanceStringFourBandOrangeBrownBlueViolet" time="0.000" timestamp="2018-10-19T20:33:00"/>
	<testcase classname="create_formatted_resistance_string_tests.CreateFormattedResistanceStringTests" name="testCreateFormattedResistanceStringFourBandOrangeBrownBrownBlue" time="0.000" timestamp="2018-10-19T20:33:00"/>
	<testcase classname="create_formatted_resistance_string_tests.CreateFormattedResistanceStringTests" name="testCreateFormattedResistanceStringFourBandOrangeBrownBrownBrown" time="0.000" timestamp="2018-10-19T20:33:00"/>
	<testcase classname="create_formatted_resistance_string_tests.CreateFormattedResistanceStringTests" name="testCreateFormattedResistanceStringFourBandOrangeBrownBrownGold" time="0.000" timestamp="2018-10-19T20:33:00"/>
	<testcase classname="create_formatted_resistance_string_tests.CreateFormattedResistanceStringTests" name="testCreateFormattedResistanceStringFourBandOrangeBrownBrownGreen" time="0.000" timestamp="2018-10-19T20:33:00"/>
	<testcase classname="create_formatted_resistance_string_tests.CreateFormattedResistanceStringTests" name="testCreateFormattedResistanceStringFourBandOrangeBrownBrownGrey" time="0.000" timestamp="2018-10-19T20:33:00"/>
	<testcase classname="create_formatted_resistance_string_tests.CreateFormattedResistanceStringTests" name="testCreateFormattedResistanceStringFourBandOrangeBrownBrownNone" time="0.000" timestamp="2018-10-19T20:33:00"/>
	<testcase classname="create_formatted_resistance_string_tests.CreateFormattedResistanceStringTests" name="testCreateFormattedResistanceStringFourBandOrangeBrownBrownRed" time="0.000" timestamp="2018-10-19T20:33:00"/>
	<testcase classname="create_formatted_resistance_string_tests.CreateFormattedResistanceStringTests" name="testCreateFormattedResistanceStringFourBandOrangeBrownBrownSilver" time="0.000" timestamp="2018-10-19T20:33:00"/>
	<testcase classname="create_formatted_resistance_string_tests.CreateFormattedResistanceStringTests" name="testCreateFormattedResistanceStringFourBandOrangeBrownBrownViolet" time="0.000" timestamp="2018-10-19T20:33:00"/>
	<testcase classname="create_formatted_resistance_string_tests.CreateFormattedResistanceStringTests" name="testCreateFormattedResistanceStringFourBandOrangeBrownGoldBlue" time="0.000" timestamp="2018-10-19T20:33:00"/>
	<testcase classname="create_formatted_resistance_string_tests.CreateFormattedResistanceStringTests" name="testCreateFormattedResistanceStringFourBandOrangeBrownGoldBrown" time="0.000" timestamp="2018-10-19T20:33:00"/>
	<testcase classname="create_formatted_resistance_string_tests.CreateFormattedResistanceStringTests" name="testCreateFormattedResistanceStringFourBandOrangeBrownGoldGold" time="0.000" timestamp="2018-10-19T20:33:00"/>
	<testcase classname="create_formatted_resistance_string_tests.CreateFormattedResistanceStringTests" name="testCreateFormattedResistanceStringFourBandOrangeBrownGoldGreen" time="0.000" timestamp="2018-10-19T20:33:00"/>
	<testcase classname="create_formatted_resistance_string_tests.CreateFormattedResistanceStringTests" name="testCreateFormattedResistanceStringFourBandOrangeBrownGoldGrey" time="0.000" timestamp="2018-10-19T20:33:00"/>
	<testcase classname="create_formatted_resistance_string_tests.CreateFormattedResistanceStringTests" name="testCreateFormattedResistanceStringFourBandOrangeBrownGoldNone" time="0.000" timestamp="2018-10-19T20:33:00"/>
	<testcase classname="create_formatted_resistance_string_tests.CreateFormattedResistanceStringTests" name="testCreateFormattedResistanceStringFourBandOrangeBrownGoldRed" time="0.000" timestamp="2018-10-19T20:33:00"/>
	<testcase classname="create_formatted_resistance_string_tests.CreateFormattedResistanceStringTests" name="testCreateFormattedResistanceStringFourBandOrangeBrownGoldSilver" time="0.000" timestamp="2018-10-19T20:33:00"/>
	<testcase classname="create_formatted_resistance_string_tests.CreateFormattedResistanceStringTests" name="testCreateFormattedResistanceStringFourBandOrangeBrownGoldViolet" time="0.000" timestamp="2018-10-19T20:33:00"/>
	<testcase classname="create_formatted_resistance_string_tests.CreateFormattedResistanceStringTests" name="testCreateFormattedResistanceStringFourBandOrangeBrownGreenBlue" time="0.000" timestamp="2018-10-19T20:33:00"/>
	<testcase classname="create_formatted_resistance_string_tests.CreateFormattedResistanceStringTests" name="testCreateFormattedResistanceStringFourBandOrangeBrownGreenBrown" time="0.000" timestamp="2018-10-19T20:33:00"/>
	<testcase classname="create_formatted_resistance_string_tests.CreateFormattedResistanceStringTests" name="testCreateFormattedResistanceStringFourBandOrangeBrownGreenGold" time="0.000" timestamp="2018-10-19T20:33:00"/>
	<testcase classname="create_formatted_resistance_string_tests.CreateFormattedResistanceStringTests" name="testCreateFormattedResistanceStringFourBandOrangeBrownGreenGreen" time="0.000" timestamp="2018-10-19T20:33:00"/>
	<testcase classname="create_formatted_resistance_string_tests.CreateFormattedResistanceStringTests" name="testCreateFormattedResistanceStringFourBandOrangeBrownGreenGrey" time="0.000" timestamp="2018-10-19T20:33:00"/>
	<testcase classname="create_formatted_resistance_string_tests.CreateFormattedResistanceStringTests" name="testCreateFormattedResistanceStringFourBandOrangeBrownGreenNone" time="0.000" timestamp="2018-10-19T20:33:00"/>
	<testcase classname="create_formatted_resistance_string_tests.CreateFormattedResistanceStringTests" name="testCreateFormattedResistanceStringFourBandOrangeBrownGreenRed" time="0.000" timestamp="2018-10-19T20:33:00"/>
	<testcase classname="create_formatted_resistance_string_tests.CreateFormattedResistanceStringTests" name="testCreateFormattedResistanceStringFourBandOrangeBrownGreenSilver" time="0.000" timestamp="2018-10-19T20:33:00"/>
	<testcase classname="create_formatted_resistance_string_tests.CreateFormattedResistanceStringTests" name="testCreateFormattedResistanceStringFourBandOrangeBrownGreenViolet" time="0.000" timestamp="2018-10-19T20:33:00"/>
	<testcase classname="create_formatted_resistance_string_tests.CreateFormattedResistanceStringTests" name="testCreateFormattedResistanceStringFourBandOrangeBrownGreyBlue" time="0.000" timestamp="2018-10-19T20:33:00"/>
	<testcase classname="create_formatted_resistance_string_tests.CreateFormattedResistanceStringTests" name="testCreateFormattedResistanceStringFourBandOrangeBrownGreyBrown" time="0.000" timestamp="2018-10-19T20:33:00"/>
	<testcase classname="create_formatted_resistance_string_tests.CreateFormattedResistanceStringTests" name="testCreateFormattedResistanceStringFourBandOrangeBrownGreyGold" time="0.000" timestamp="2018-10-19T20:33:00"/>
	<testcase classname="create_formatted_resistance_string_tests.CreateFormattedResistanceStringTests" name="testCreateFormattedResistanceStringFourBandOrangeBrownGreyGreen" time="0.000" timestamp="2018-10-19T20:33:00"/>
	<testcase classname="create_formatted_resistance_string_tests.CreateFormattedResistanceStringTests" name="testCreateFormattedResistanceStringFourBandOrangeBrownGreyGrey" time="0.000" timestamp="2018-10-19T20:33:00"/>
	<testcase classname="create_formatted_resistance_string_tests.CreateFormattedResistanceStringTests" name="testCreateFormattedResistanceStringFourBandOrangeBrownGreyNone" time="0.000" timestamp="2018-10-19T20:33:00"/>
	<testcase classname="create_formatted_resistance_string_tests.CreateFormattedResistanceStringTests" name="testCreateFormattedResistanceStringFourBandOrangeBrownGreyRed" time="0.000" timestamp="2018-10-19T20:33:00"/>
	<testcase classname="create_formatted_resistance_string_tests.CreateFormattedResistanceStringTests" name="testCreateFormattedResistanceStringFourBandOrangeBrownGreySilver" time="0.000" timestamp="2018-10-19T20:33:00"/>
	<testcase classname="create_formatted_resistance_string_tests.CreateFormattedResistanceStringTests" name="testCreateFormattedResistanceStringFourBandOrangeBrownGreyViolet" time="0.000" timestamp="2018-10-19T20:33:00"/>
	<testcase classname="create_formatted_resistance_string_tests.CreateFormattedResistanceStringTests" name="testCreateFormattedResistanceStringFourBandOrangeBrownOrangeBlue" time="0.000" timestamp="2018-10-19T20:33:00"/>
	<testcase classname="create_formatted_resistance_string_tests.CreateFormattedResistanceStringTests" name="testCreateFormattedResistanceStringFourBandOrangeBrownOrangeBrown" time="0.000" timestamp="2018-10-19T20:33:00"/>
	<testcase classname="create_formatted_resistance_string_tests.CreateFormattedResistanceStringTests" name="testCreateFormattedResistanceStringFourBandOrangeBrownOrangeGold" time="0.000" timestamp="2018-10-19T20:33:00"/>
	<testcase classname="create_formatted_resistance_string_tests.CreateFormattedResistanceStringTests" name="testCreateFormattedResistanceStringFourBandOrangeBrownOrangeGreen" time="0.000" timestamp="2018-10-19T20:33:00"/>
	<testcase classname="create_formatted_resistance_string_tests.CreateFormattedResistanceStringTests" name="testCreateFormattedResistanceStringFourBandOrangeBrownOrangeGrey" time="0.000" timestamp="2018-10-19T20:33:00"/>
	<testcase classname="create_formatted_resistance_string_tests.CreateFormattedResistanceStringTests" name="testCreateFormattedResistanceStringFourBandOrangeBrownOrangeNone" time="0.000" timestamp="2018-10-19T20:33:00"/>
	<testcase classname="create_formatted_resistance_string_tests.CreateFormattedResistanceStringTests" name="testCreateFormattedResistanceStringFourBandOrangeBrownOrangeRed" time="0.000" timestamp="2018-10-19T20:33:00"/>
	<testcase classname="create_formatted_resistance_string_tests.CreateFormattedResistanceStringTests" name="testCreateFormattedResistanceStringFourBandOrangeBrownOrangeSilver" time="0.000" timestamp="2018-10-19T20:33:00"/>
	<testcase classname="create_formatted_resistance_string_tests.CreateFormattedResistanceStringTests" name="testCreateFormattedResistanceStringFourBandOrangeBrownOrangeViolet" time="0.000" timestamp="2018-10-19T20:33:00"/>
	<testcase classname="create_formatted_resistance_string_tests.CreateFormattedResistanceStringTests" name="testCreateFormattedResistanceStringFourBandOrangeBrownRedBlue" time="0.000" timestamp="2018-10-19T20:33:00"/>
	<testcase classname="create_formatted_resistance_string_tests.CreateFormattedResistanceStringTests" name="testCreateFormattedResistanceStringFourBandOrangeBrownRedBrown" time="0.000" timestamp="2018-10-19T20:33:00"/>
	<testcase classname="create_formatted_resistance_string_tests.CreateFormattedResistanceStringTests" name="testCreateFormattedResistanceStringFourBandOrangeBrownRedGold" time="0.000" timestamp="2018-10-19T20:33:00"/>
	<testcase classname="create_formatted_resistance_string_tests.CreateFormattedResistanceStringTests" name="testCreateFormattedResistanceStringFourBandOrangeBrownRedGreen" time="0.000" timestamp="2018-10-19T20:33:00"/>
	<testcase classname="create_formatted_resistance_string_tests.CreateFormattedResistanceStringTests" name="testCreateFormattedResistanceStringFourBandOrangeBrownRedGrey" time="0.000" timestamp="2018-10-19T20:33:00"/>
	<testcase classname="create_formatted_resistance_string_tests.CreateFormattedResistanceStringTests" name="testCreateFormattedResistanceStringFourBandOrangeBrownRedNone" time="0.000" timestamp="2018-10-19T20:33:00"/>
	<testcase classname="create_formatted_resistance_string_tests.CreateFormattedResistanceStringTests" name="testCreateFormattedResistanceStringFourBandOrangeBrownRedRed" time="0.000" timestamp="2018-10-19T20:33:00"/>
	<testcase classname="create_formatted_resistance_string_tests.CreateFormattedResistanceStringTests" name="testCreateFormattedResistanceStringFourBandOrangeBrownRedSilver" time="0.000" timestamp="2018-10-19T20:33:00"/>
	<testcase classname="create_formatted_resistance_string_tests.CreateFormattedResistanceStringTests" name="testCreateFormattedResistanceStringFourBandOrangeBrownRedViolet" time="0.000" timestamp="2018-10-19T20:33:00"/>
	<testcase classname="create_formatted_resistance_string_tests.CreateFormattedResistanceStringTests" name="testCreateFormattedResistanceStringFourBandOrangeBrownSilverBlue" time="0.000" timestamp="2018-10-19T20:33:00"/>
	<testcase classname="create_formatted_resistance_string_tests.CreateFormattedResistanceStringTests" name="testCreateFormattedResistanceStringFourBandOrangeBrownSilverBrown" time="0.000" timestamp="2018-10-19T20:33:00"/>
	<testcase classname="create_formatted_resistance_string_tests.CreateFormattedResistanceStringTests" name="testCreateFormattedResistanceStringFourBandOrangeBrownSilverGold" time="0.000" timestamp="2018-10-19T20:33:00"/>
	<testcase classname="create_formatted_resistance_string_tests.CreateFormattedResistanceStringTests" name="testCreateFormattedResistanceStringFourBandOrangeBrownSilverGreen" time="0.000" timestamp="2018-10-19T20:33:00"/>
	<testcase classname="create_formatted_resistance_string_tests.CreateFormattedResistanceStringTests" name="testCreateFormattedResistanceStringFourBandOrangeBrownSilverGrey" time="0.000" timestamp="2018-10-19T20:33:00"/>
	<testcase classname="create_formatted_resistance_string_tests.CreateFormattedResistanceStringTests" name="testCreateFormattedResistanceStringFourBandOrangeBrownSilverNone" time="0.000" timestamp="2018-10-19T20:33:00"/>
	<testcase classname="create_formatted_resistance_string_tests.CreateFormattedResistanceStringTests" name="testCreateFormattedResistanceStringFourBandOrangeBrownSilverRed" time="0.000" timestamp="2018-10-19T20:33:00"/>
	<testcase classname="create_formatted_resistance_string_tests.CreateFormattedResistanceStringTests" name="testCreateFormattedResistanceStringFourBandOrangeBrownSilverSilver" time="0.000" timestamp="2018-10-19T20:33:00"/>
	<testcase classname="create_formatted_resistance_string_tests.CreateFormattedResistanceStringTests" name="testCreateFormattedResistanceStringFourBandOrangeBrownSilverViolet" time="0.000" timestamp="2018-10-19T20:33:00"/>
	<testcase classname="create_formatted_resistance_string_tests.CreateFormattedResistanceStringTests" name="testCreateFormattedResistanceStringFourBandOrangeBrownVioletBlue" time="0.000" timestamp="2018-10-19T20:33:00"/>
	<testcase classname="create_formatted_resistance_string_tests.CreateFormattedResistanceStringTests" name="testCreateFormattedResistanceStringFourBandOrangeBrownVioletBrown" time="0.000" timestamp="2018-10-19T20:33:00"/>
	<testcase classname="create_formatted_resistance_string_tests.CreateFormattedResistanceStringTests" name="testCreateFormattedResistanceStringFourBandOrangeBrownVioletGold" time="0.000" timestamp="2018-10-19T20:33:00"/>
	<testcase classname="create_formatted_resistance_string_tests.CreateFormattedResistanceStringTests" name="testCreateFormattedResistanceStringFourBandOrangeBrownVioletGreen" time="0.000" timestamp="2018-10-19T20:33:00"/>
	<testcase classname="create_formatted_resistance_string_tests.CreateFormattedResistanceStringTests" name="testCreateFormattedResistanceStringFourBandOrangeBrownVioletGrey" time="0.000" timestamp="2018-10-19T20:33:00"/>
	<testcase classname="create_formatted_resistance_string_tests.CreateFormattedResistanceStringTests" name="testCreateFormattedResistanceStringFourBandOrangeBrownVioletNone" time="0.000" timestamp="2018-10-19T20:33:00"/>
	<testcase classname="create_formatted_resistance_string_tests.CreateFormattedResistanceStringTests" name="testCreateFormattedResistanceStringFourBandOrangeBrownVioletRed" time="0.000" timestamp="2018-10-19T20:33:00"/>
	<testcase classname="create_formatted_resistance_string_tests.CreateFormattedResistanceStringTests" name="testCreateFormattedResistanceStringFourBandOrangeBrownVioletSilver" time="0.000" timestamp="2018-10-19T20:33:00"/>
	<testcase classname="create_formatted_resistance_string_tests.CreateFormattedResistanceStringTests" name="testCreateFormattedResistanceStringFourBandOrangeBrownVioletViolet" time="0.000" timestamp="2018-10-19T20:33:00"/>
	<testcase classname="create_formatted_resistance_string_tests.CreateFormattedResistanceStringTests" name="testCreateFormattedResistanceStringFourBandOrangeBrownWhiteBlue" time="0.000" timestamp="2018-10-19T20:33:00"/>
	<testcase classname="create_formatted_resistance_string_tests.CreateFormattedResistanceStringTests" name="testCreateFormattedResistanceStringFourBandOrangeBrownWhiteBrown" time="0.000" timestamp="2018-10-19T20:33:00"/>
	<testcase classname="create_formatted_resistance_string_tests.CreateFormattedResistanceStringTests" name="testCreateFormattedResistanceStringFourBandOrangeBrownWhiteGold" time="0.000" timestamp="2018-10-19T20:33:00"/>
	<testcase classname="create_formatted_resistance_string_tests.CreateFormattedResistanceStringTests" name="testCreateFormattedResistanceStringFourBandOrangeBrownWhiteGreen" time="0.000" timestamp="2018-10-19T20:33:00"/>
	<testcase classname="create_formatted_resistance_string_tests.CreateFormattedResistanceStringTests" name="testCreateFormattedResistanceStringFourBandOrangeBrownWhiteGrey" time="0.000" timestamp="2018-10-19T20:33:00"/>
	<testcase classname="create_formatted_resistance_string_tests.CreateFormattedResistanceStringTests" name="testCreateFormattedResistanceStringFourBandOrangeBrownWhiteNone" time="0.000" timestamp="2018-10-19T20:33:00"/>
	<testcase classname="create_formatted_resistance_string_tests.CreateFormattedResistanceStringTests" name="testCreateFormattedResistanceStringFourBandOrangeBrownWhiteRed" time="0.000" timestamp="2018-10-19T20:33:00"/>
	<testcase classname="create_formatted_resistance_string_tests.CreateFormattedResistanceStringTests" name="testCreateFormattedResistanceStringFourBandOrangeBrownWhiteSilver" time="0.000" timestamp="2018-10-19T20:33:00"/>
	<testcase classname="create_formatted_resistance_string_tests.CreateFormattedResistanceStringTests" name="testCreateFormattedResistanceStringFourBandOrangeBrownWhiteViolet" time="0.000" timestamp="2018-10-19T20:33:00"/>
	<testcase classname="create_formatted_resistance_string_tests.CreateFormattedResistanceStringTests" name="testCreateFormattedResistanceStringFourBandOrangeBrownYellowBlue" time="0.000" timestamp="2018-10-19T20:33:00"/>
	<testcase classname="create_formatted_resistance_string_tests.CreateFormattedResistanceStringTests" name="testCreateFormattedResistanceStringFourBandOrangeBrownYellowBrown" time="0.000" timestamp="2018-10-19T20:33:00"/>
	<testcase classname="create_formatted_resistance_string_tests.CreateFormattedResistanceStringTests" name="testCreateFormattedResistanceStringFourBandOrangeBrownYellowGold" time="0.000" timestamp="2018-10-19T20:33:00"/>
	<testcase classname="create_formatted_resistance_string_tests.CreateFormattedResistanceStringTests" name="testCreateFormattedResistanceStringFourBandOrangeBrownYellowGreen" time="0.000" timestamp="2018-10-19T20:33:00"/>
	<testcase classname="create_formatted_resistance_string_tests.CreateFormattedResistanceStringTests" name="testCreateFormattedResistanceStringFourBandOrangeBrownYellowGrey" time="0.000" timestamp="2018-10-19T20:33:00"/>
	<testcase classname="create_formatted_resistance_string_tests.CreateFormattedResistanceStringTests" name="testCreateFormattedResistanceStringFourBandOrangeBrownYellowNone" time="0.000" timestamp="2018-10-19T20:33:00"/>
	<testcase classname="create_formatted_resistance_string_tests.CreateFormattedResistanceStringTests" name="testCreateFormattedResistanceStringFourBandOrangeBrownYellowRed" time="0.000" timestamp="2018-10-19T20:33:00"/>
	<testcase classname="create_formatted_resistance_string_tests.CreateFormattedResistanceStringTests" name="testCreateFormattedResistanceStringFourBandOrangeBrownYellowSilver" time="0.000" timestamp="2018-10-19T20:33:00"/>
	<testcase classname="create_formatted_resistance_string_tests.CreateFormattedResistanceStringTests" name="testCreateFormattedResistanceStringFourBandOrangeBrownYellowViolet" time="0.000" timestamp="2018-10-19T20:33:00"/>
	<testcase classname="create_formatted_resistance_string_tests.CreateFormattedResistanceStringTests" name="testCreateFormattedResistanceStringFourBandOrangeGreenBlackBlue" time="0.000" timestamp="2018-10-19T20:33:00"/>
	<testcase classname="create_formatted_resistance_string_tests.CreateFormattedResistanceStringTests" name="testCreateFormattedResistanceStringFourBandOrangeGreenBlackBrown" time="0.000" timestamp="2018-10-19T20:33:00"/>
	<testcase classname="create_formatted_resistance_string_tests.CreateFormattedResistanceStringTests" name="testCreateFormattedResistanceStringFourBandOrangeGreenBlackGold" time="0.000" timestamp="2018-10-19T20:33:00"/>
	<testcase classname="create_formatted_resistance_string_tests.CreateFormattedResistanceStringTests" name="testCreateFormattedResistanceStringFourBandOrangeGreenBlackGreen" time="0.000" timestamp="2018-10-19T20:33:00"/>
	<testcase classname="create_formatted_resistance_string_tests.CreateFormattedResistanceStringTests" name="testCreateFormattedResistanceStringFourBandOrangeGreenBlackGrey" time="0.000" timestamp="2018-10-19T20:33:00"/>
	<testcase classname="create_formatted_resistance_string_tests.CreateFormattedResistanceStringTests" name="testCreateFormattedResistanceStringFourBandOrangeGreenBlackNone" time="0.000" timestamp="2018-10-19T20:33:00"/>
	<testcase classname="create_formatted_resistance_string_tests.CreateFormattedResistanceStringTests" name="testCreateFormattedResistanceStringFourBandOrangeGreenBlackRed" time="0.000" timestamp="2018-10-19T20:33:00"/>
	<testcase classname="create_formatted_resistance_string_tests.CreateFormattedResistanceStringTests" name="testCreateFormattedResistanceStringFourBandOrangeGreenBlackSilver" time="0.000" timestamp="2018-10-19T20:33:00"/>
	<testcase classname="create_formatted_resistance_string_tests.CreateFormattedResistanceStringTests" name="testCreateFormattedResistanceStringFourBandOrangeGreenBlackViolet" time="0.000" timestamp="2018-10-19T20:33:00"/>
	<testcase classname="create_formatted_resistance_string_tests.CreateFormattedResistanceStringTests" name="testCreateFormattedResistanceStringFourBandOrangeGreenBlueBlue" time="0.000" timestamp="2018-10-19T20:33:00"/>
	<testcase classname="create_formatted_resistance_string_tests.CreateFormattedResistanceStringTests" name="testCreateFormattedResistanceStringFourBandOrangeGreenBlueBrown" time="0.000" timestamp="2018-10-19T20:33:00"/>
	<testcase classname="create_formatted_resistance_string_tests.CreateFormattedResistanceStringTests" name="testCreateFormattedResistanceStringFourBandOrangeGreenBlueGold" time="0.000" timestamp="2018-10-19T20:33:00"/>
	<testcase classname="create_formatted_resistance_string_tests.CreateFormattedResistanceStringTests" name="testCreateFormattedResistanceStringFourBandOrangeGreenBlueGreen" time="0.000" timestamp="2018-10-19T20:33:00"/>
	<testcase classname="create_formatted_resistance_string_tests.CreateFormattedResistanceStringTests" name="testCreateFormattedResistanceStringFourBandOrangeGreenBlueGrey" time="0.000" timestamp="2018-10-19T20:33:00"/>
	<testcase classname="create_formatted_resistance_string_tests.CreateFormattedResistanceStringTests" name="testCreateFormattedResistanceStringFourBandOrangeGreenBlueNone" time="0.000" timestamp="2018-10-19T20:33:00"/>
	<testcase classname="create_formatted_resistance_string_tests.CreateFormattedResistanceStringTests" name="testCreateFormattedResistanceStringFourBandOrangeGreenBlueRed" time="0.000" timestamp="2018-10-19T20:33:00"/>
	<testcase classname="create_formatted_resistance_string_tests.CreateFormattedResistanceStringTests" name="testCreateFormattedResistanceStringFourBandOrangeGreenBlueSilver" time="0.000" timestamp="2018-10-19T20:33:00"/>
	<testcase classname="create_formatted_resistance_string_tests.CreateFormattedResistanceStringTests" name="testCreateFormattedResistanceStringFourBandOrangeGreenBlueViolet" time="0.000" timestamp="2018-10-19T20:33:00"/>
	<testcase classname="create_formatted_resistance_string_tests.CreateFormattedResistanceStringTests" name="testCreateFormattedResistanceStringFourBandOrangeGreenBrownBlue" time="0.000" timestamp="2018-10-19T20:33:00"/>
	<testcase classname="create_formatted_resistance_string_tests.CreateFormattedResistanceStringTests" name="testCreateFormattedResistanceStringFourBandOrangeGreenBrownBrown" time="0.000" timestamp="2018-10-19T20:33:00"/>
	<testcase classname="create_formatted_resistance_string_tests.CreateFormattedResistanceStringTests" name="testCreateFormattedResistanceStringFourBandOrangeGreenBrownGold" time="0.000" timestamp="2018-10-19T20:33:00"/>
	<testcase classname="create_formatted_resistance_string_tests.CreateFormattedResistanceStringTests" name="testCreateFormattedResistanceStringFourBandOrangeGreenBrownGreen" time="0.000" timestamp="2018-10-19T20:33:00"/>
	<testcase classname="create_formatted_resistance_string_tests.CreateFormattedResistanceStringTests" name="testCreateFormattedResistanceStringFourBandOrangeGreenBrownGrey" time="0.000" timestamp="2018-10-19T20:33:00"/>
	<testcase classname="create_formatted_resistance_string_tests.CreateFormattedResistanceStringTests" name="testCreateFormattedResistanceStringFourBandOrangeGreenBrownNone" time="0.000" timestamp="2018-10-19T20:33:00"/>
	<testcase classname="create_formatted_resistance_string_tests.CreateFormattedResistanceStringTests" name="testCreateFormattedResistanceStringFourBandOrangeGreenBrownRed" time="0.000" timestamp="2018-10-19T20:33:00"/>
	<testcase classname="create_formatted_resistance_string_tests.CreateFormattedResistanceStringTests" name="testCreateFormattedResistanceStringFourBandOrangeGreenBrownSilver" time="0.000" timestamp="2018-10-19T20:33:00"/>
	<testcase classname="create_formatted_resistance_string_tests.CreateFormattedResistanceStringTests" name="testCreateFormattedResistanceStringFourBandOrangeGreenBrownViolet" time="0.000" timestamp="2018-10-19T20:33:00"/>
	<testcase classname="create_formatted_resistance_string_tests.CreateFormattedResistanceStringTests" name="testCreateFormattedResistanceStringFourBandOrangeGreenGoldBlue" time="0.000" timestamp="2018-10-19T20:33:00"/>
	<testcase classname="create_formatted_resistance_string_tests.CreateFormattedResistanceStringTests" name="testCreateFormattedResistanceStringFourBandOrangeGreenGoldBrown" time="0.000" timestamp="2018-10-19T20:33:00"/>
	<testcase classname="create_formatted_resistance_string_tests.CreateFormattedResistanceStringTests" name="testCreateFormattedResistanceStringFourBandOrangeGreenGoldGold" time="0.000" timestamp="2018-10-19T20:33:00"/>
	<testcase classname="create_formatted_resistance_string_tests.CreateFormattedResistanceStringTests" name="testCreateFormattedResistanceStringFourBandOrangeGreenGoldGreen" time="0.000" timestamp="2018-10-19T20:33:00"/>
	<testcase classname="create_formatted_resistance_string_tests.CreateFormattedResistanceStringTests" name="testCreateFormattedResistanceStringFourBandOrangeGreenGoldGrey" time="0.000" timestamp="2018-10-19T20:33:00"/>
	<testcase classname="create_formatted_resistance_string_tests.CreateFormattedResistanceStringTests" name="testCreateFormattedResistanceStringFourBandOrangeGreenGoldNone" time="0.000" timestamp="2018-10-19T20:33:00"/>
	<testcase classname="create_formatted_resistance_string_tests.CreateFormattedResistanceStringTests" name="testCreateFormattedResistanceStringFourBandOrangeGreenGoldRed" time="0.000" timestamp="2018-10-19T20:33:00"/>
	<testcase classname="create_formatted_resistance_string_tests.CreateFormattedResistanceStringTests" name="testCreateFormattedResistanceStringFourBandOrangeGreenGoldSilver" time="0.000" timestamp="2018-10-19T20:33:00"/>
	<testcase classname="create_formatted_resistance_string_tests.CreateFormattedResistanceStringTests" name="testCreateFormattedResistanceStringFourBandOrangeGreenGoldViolet" time="0.000" timestamp="2018-10-19T20:33:00"/>
	<testcase classname="create_formatted_resistance_string_tests.CreateFormattedResistanceStringTests" name="testCreateFormattedResistanceStringFourBandOrangeGreenGreenBlue" time="0.000" timestamp="2018-10-19T20:33:00"/>
	<testcase classname="create_formatted_resistance_string_tests.CreateFormattedResistanceStringTests" name="testCreateFormattedResistanceStringFourBandOrangeGreenGreenBrown" time="0.000" timestamp="2018-10-19T20:33:00"/>
	<testcase classname="create_formatted_resistance_string_tests.CreateFormattedResistanceStringTests" name="testCreateFormattedResistanceStringFourBandOrangeGreenGreenGold" time="0.000" timestamp="2018-10-19T20:33:00"/>
	<testcase classname="create_formatted_resistance_string_tests.CreateFormattedResistanceStringTests" name="testCreateFormattedResistanceStringFourBandOrangeGreenGreenGreen" time="0.000" timestamp="2018-10-19T20:33:00"/>
	<testcase classname="create_formatted_resistance_string_tests.CreateFormattedResistanceStringTests" name="testCreateFormattedResistanceStringFourBandOrangeGreenGreenGrey" time="0.000" timestamp="2018-10-19T20:33:00"/>
	<testcase classname="create_formatted_resistance_string_tests.CreateFormattedResistanceStringTests" name="testCreateFormattedResistanceStringFourBandOrangeGreenGreenNone" time="0.000" timestamp="2018-10-19T20:33:00"/>
	<testcase classname="create_formatted_resistance_string_tests.CreateFormattedResistanceStringTests" name="testCreateFormattedResistanceStringFourBandOrangeGreenGreenRed" time="0.000" timestamp="2018-10-19T20:33:00"/>
	<testcase classname="create_formatted_resistance_string_tests.CreateFormattedResistanceStringTests" name="testCreateFormattedResistanceStringFourBandOrangeGreenGreenSilver" time="0.000" timestamp="2018-10-19T20:33:00"/>
	<testcase classname="create_formatted_resistance_string_tests.CreateFormattedResistanceStringTests" name="testCreateFormattedResistanceStringFourBandOrangeGreenGreenViolet" time="0.000" timestamp="2018-10-19T20:33:00"/>
	<testcase classname="create_formatted_resistance_string_tests.CreateFormattedResistanceStringTests" name="testCreateFormattedResistanceStringFourBandOrangeGreenGreyBlue" time="0.000" timestamp="2018-10-19T20:33:00"/>
	<testcase classname="create_formatted_resistance_string_tests.CreateFormattedResistanceStringTests" name="testCreateFormattedResistanceStringFourBandOrangeGreenGreyBrown" time="0.000" timestamp="2018-10-19T20:33:00"/>
	<testcase classname="create_formatted_resistance_string_tests.CreateFormattedResistanceStringTests" name="testCreateFormattedResistanceStringFourBandOrangeGreenGreyGold" time="0.000" timestamp="2018-10-19T20:33:00"/>
	<testcase classname="create_formatted_resistance_string_tests.CreateFormattedResistanceStringTests" name="testCreateFormattedResistanceStringFourBandOrangeGreenGreyGreen" time="0.000" timestamp="2018-10-19T20:33:00"/>
	<testcase classname="create_formatted_resistance_string_tests.CreateFormattedResistanceStringTests" name="testCreateFormattedResistanceStringFourBandOrangeGreenGreyGrey" time="0.000" timestamp="2018-10-19T20:33:00"/>
	<testcase classname="create_formatted_resistance_string_tests.CreateFormattedResistanceStringTests" name="testCreateFormattedResistanceStringFourBandOrangeGreenGreyNone" time="0.000" timestamp="2018-10-19T20:33:00"/>
	<testcase classname="create_formatted_resistance_string_tests.CreateFormattedResistanceStringTests" name="testCreateFormattedResistanceStringFourBandOrangeGreenGreyRed" time="0.000" timestamp="2018-10-19T20:33:00"/>
	<testcase classname="create_formatted_resistance_string_tests.CreateFormattedResistanceStringTests" name="testCreateFormattedResistanceStringFourBandOrangeGreenGreySilver" time="0.000" timestamp="2018-10-19T20:33:00"/>
	<testcase classname="create_formatted_resistance_string_tests.CreateFormattedResistanceStringTests" name="testCreateFormattedResistanceStringFourBandOrangeGreenGreyViolet" time="0.000" timestamp="2018-10-19T20:33:00"/>
	<testcase classname="create_formatted_resistance_string_tests.CreateFormattedResistanceStringTests" name="testCreateFormattedResistanceStringFourBandOrangeGreenOrangeBlue" time="0.000" timestamp="2018-10-19T20:33:00"/>
	<testcase classname="create_formatted_resistance_string_tests.CreateFormattedResistanceStringTests" name="testCreateFormattedResistanceStringFourBandOrangeGreenOrangeBrown" time="0.000" timestamp="2018-10-19T20:33:00"/>
	<testcase classname="create_formatted_resistance_string_tests.CreateFormattedResistanceStringTests" name="testCreateFormattedResistanceStringFourBandOrangeGreenOrangeGold" time="0.000" timestamp="2018-10-19T20:33:00"/>
	<testcase classname="create_formatted_resistance_string_tests.CreateFormattedResistanceStringTests" name="testCreateFormattedResistanceStringFourBandOrangeGreenOrangeGreen" time="0.000" timestamp="2018-10-19T20:33:00"/>
	<testcase classname="create_formatted_resistance_string_tests.CreateFormattedResistanceStringTests" name="testCreateFormattedResistanceStringFourBandOrangeGreenOrangeGrey" time="0.000" timestamp="2018-10-19T20:33:00"/>
	<testcase classname="create_formatted_resistance_string_tests.CreateFormattedResistanceStringTests" name="testCreateFormattedResistanceStringFourBandOrangeGreenOrangeNone" time="0.000" timestamp="2018-10-19T20:33:00"/>
	<testcase classname="create_formatted_resistance_string_tests.CreateFormattedResistanceStringTests" name="testCreateFormattedResistanceStringFourBandOrangeGreenOrangeRed" time="0.000" timestamp="2018-10-19T20:33:00"/>
	<testcase classname="create_formatted_resistance_string_tests.CreateFormattedResistanceStringTests" name="testCreateFormattedResistanceStringFourBandOrangeGreenOrangeSilver" time="0.000" timestamp="2018-10-19T20:33:00"/>
	<testcase classname="create_formatted_resistance_string_tests.CreateFormattedResistanceStringTests" name="testCreateFormattedResistanceStringFourBandOrangeGreenOrangeViolet" time="0.000" timestamp="2018-10-19T20:33:00"/>
	<testcase classname="create_formatted_resistance_string_tests.CreateFormattedResistanceStringTests" name="testCreateFormattedResistanceStringFourBandOrangeGreenRedBlue" time="0.000" timestamp="2018-10-19T20:33:00"/>
	<testcase classname="create_formatted_resistance_string_tests.CreateFormattedResistanceStringTests" name="testCreateFormattedResistanceStringFourBandOrangeGreenRedBrown" time="0.000" timestamp="2018-10-19T20:33:00"/>
	<testcase classname="create_formatted_resistance_string_tests.CreateFormattedResistanceStringTests" name="testCreateFormattedResistanceStringFourBandOrangeGreenRedGold" time="0.000" timestamp="2018-10-19T20:33:00"/>
	<testcase classname="create_formatted_resistance_string_tests.CreateFormattedResistanceStringTests" name="testCreateFormattedResistanceStringFourBandOrangeGreenRedGreen" time="0.000" timestamp="2018-10-19T20:33:00"/>
	<testcase classname="create_formatted_resistance_string_tests.CreateFormattedResistanceStringTests" name="testCreateFormattedResistanceStringFourBandOrangeGreenRedGrey" time="0.000" timestamp="2018-10-19T20:33:00"/>
	<testcase classname="create_formatted_resistance_string_tests.CreateFormattedResistanceStringTests" name="testCreateFormattedResistanceStringFourBandOrangeGreenRedNone" time="0.000" timestamp="2018-10-19T20:33:00"/>
	<testcase classname="create_formatted_resistance_string_tests.CreateFormattedResistanceStringTests" name="testCreateFormattedResistanceStringFourBandOrangeGreenRedRed" time="0.000" timestamp="2018-10-19T20:33:00"/>
	<testcase classname="create_formatted_resistance_string_tests.CreateFormattedResistanceStringTests" name="testCreateFormattedResistanceStringFourBandOrangeGreenRedSilver" time="0.000" timestamp="2018-10-19T20:33:00"/>
	<testcase classname="create_formatted_resistance_string_tests.CreateFormattedResistanceStringTests" name="testCreateFormattedResistanceStringFourBandOrangeGreenRedViolet" time="0.000" timestamp="2018-10-19T20:33:00"/>
	<testcase classname="create_formatted_resistance_string_tests.CreateFormattedResistanceStringTests" name="testCreateFormattedResistanceStringFourBandOrangeGreenSilverBlue" time="0.000" timestamp="2018-10-19T20:33:00"/>
	<testcase classname="create_formatted_resistance_string_tests.CreateFormattedResistanceStringTests" name="testCreateFormattedResistanceStringFourBandOrangeGreenSilverBrown" time="0.000" timestamp="2018-10-19T20:33:00"/>
	<testcase classname="create_formatted_resistance_string_tests.CreateFormattedResistanceStringTests" name="testCreateFormattedResistanceStringFourBandOrangeGreenSilverGold" time="0.000" timestamp="2018-10-19T20:33:00"/>
	<testcase classname="create_formatted_resistance_string_tests.CreateFormattedResistanceStringTests" name="testCreateFormattedResistanceStringFourBandOrangeGreenSilverGreen" time="0.000" timestamp="2018-10-19T20:33:00"/>
	<testcase classname="create_formatted_resistance_string_tests.CreateFormattedResistanceStringTests" name="testCreateFormattedResistanceStringFourBandOrangeGreenSilverGrey" time="0.000" timestamp="2018-10-19T20:33:00"/>
	<testcase classname="create_formatted_resistance_string_tests.CreateFormattedResistanceStringTests" name="testCreateFormattedResistanceStringFourBandOrangeGreenSilverNone" time="0.000" timestamp="2018-10-19T20:33:00"/>
	<testcase classname="create_formatted_resistance_string_tests.CreateFormattedResistanceStringTests" name="testCreateFormattedResistanceStringFourBandOrangeGreenSilverRed" time="0.000" timestamp="2018-10-19T20:33:00"/>
	<testcase classname="create_formatted_resistance_string_tests.CreateFormattedResistanceStringTests" name="testCreateFormattedResistanceStringFourBandOrangeGreenSilverSilver" time="0.000" timestamp="2018-10-19T20:33:00"/>
	<testcase classname="create_formatted_resistance_string_tests.CreateFormattedResistanceStringTests" name="testCreateFormattedResistanceStringFourBandOrangeGreenSilverViolet" time="0.000" timestamp="2018-10-19T20:33:00"/>
	<testcase classname="create_formatted_resistance_string_tests.CreateFormattedResistanceStringTests" name="testCreateFormattedResistanceStringFourBandOrangeGreenVioletBlue" time="0.000" timestamp="2018-10-19T20:33:00"/>
	<testcase classname="create_formatted_resistance_string_tests.CreateFormattedResistanceStringTests" name="testCreateFormattedResistanceStringFourBandOrangeGreenVioletBrown" time="0.000" timestamp="2018-10-19T20:33:00"/>
	<testcase classname="create_formatted_resistance_string_tests.CreateFormattedResistanceStringTests" name="testCreateFormattedResistanceStringFourBandOrangeGreenVioletGold" time="0.000" timestamp="2018-10-19T20:33:00"/>
	<testcase classname="create_formatted_resistance_string_tests.CreateFormattedResistanceStringTests" name="testCreateFormattedResistanceStringFourBandOrangeGreenVioletGreen" time="0.000" timestamp="2018-10-19T20:33:00"/>
	<testcase classname="create_formatted_resistance_string_tests.CreateFormattedResistanceStringTests" name="testCreateFormattedResistanceStringFourBandOrangeGreenVioletGrey" time="0.000" timestamp="2018-10-19T20:33:00"/>
	<testcase classname="create_formatted_resistance_string_tests.CreateFormattedResistanceStringTests" name="testCreateFormattedResistanceStringFourBandOrangeGreenVioletNone" time="0.000" timestamp="2018-10-19T20:33:00"/>
	<testcase classname="create_formatted_resistance_string_tests.CreateFormattedResistanceStringTests" name="testCreateFormattedResistanceStringFourBandOrangeGreenVioletRed" time="0.000" timestamp="2018-10-19T20:33:00"/>
	<testcase classname="create_formatted_resistance_string_tests.CreateFormattedResistanceStringTests" name="testCreateFormattedResistanceStringFourBandOrangeGreenVioletSilver" time="0.000" timestamp="2018-10-19T20:33:00"/>
	<testcase classname="create_formatted_resistance_string_tests.CreateFormattedResistanceStringTests" name="testCreateFormattedResistanceStringFourBandOrangeGreenVioletViolet" time="0.000" timestamp="2018-10-19T20:33:00"/>
	<testcase classname="create_formatted_resistance_string_tests.CreateFormattedResistanceStringTests" name="testCreateFormattedResistanceStringFourBandOrangeGreenWhiteBlue" time="0.000" timestamp="2018-10-19T20:33:00"/>
	<testcase classname="create_formatted_resistance_string_tests.CreateFormattedResistanceStringTests" name="testCreateFormattedResistanceStringFourBandOrangeGreenWhiteBrown" time="0.000" timestamp="2018-10-19T20:33:00"/>
	<testcase classname="create_formatted_resistance_string_tests.CreateFormattedResistanceStringTests" name="testCreateFormattedResistanceStringFourBandOrangeGreenWhiteGold" time="0.000" timestamp="2018-10-19T20:33:00"/>
	<testcase classname="create_formatted_resistance_string_tests.CreateFormattedResistanceStringTests" name="testCreateFormattedResistanceStringFourBandOrangeGreenWhiteGreen" time="0.000" timestamp="2018-10-19T20:33:00"/>
	<testcase classname="create_formatted_resistance_string_tests.CreateFormattedResistanceStringTests" name="testCreateFormattedResistanceStringFourBandOrangeGreenWhiteGrey" time="0.000" timestamp="2018-10-19T20:33:00"/>
	<testcase classname="create_formatted_resistance_string_tests.CreateFormattedResistanceStringTests" name="testCreateFormattedResistanceStringFourBandOrangeGreenWhiteNone" time="0.000" timestamp="2018-10-19T20:33:00"/>
	<testcase classname="create_formatted_resistance_string_tests.CreateFormattedResistanceStringTests" name="testCreateFormattedResistanceStringFourBandOrangeGreenWhiteRed" time="0.000" timestamp="2018-10-19T20:33:00"/>
	<testcase classname="create_formatted_resistance_string_tests.CreateFormattedResistanceStringTests" name="testCreateFormattedResistanceStringFourBandOrangeGreenWhiteSilver" time="0.000" timestamp="2018-10-19T20:33:00"/>
	<testcase classname="create_formatted_resistance_string_tests.CreateFormattedResistanceStringTests" name="testCreateFormattedResistanceStringFourBandOrangeGreenWhiteViolet" time="0.000" timestamp="2018-10-19T20:33:00"/>
	<testcase classname="create_formatted_resistance_string_tests.CreateFormattedResistanceStringTests" name="testCreateFormattedResistanceStringFourBandOrangeGreenYellowBlue" time="0.000" timestamp="2018-10-19T20:33:00"/>
	<testcase classname="create_formatted_resistance_string_tests.CreateFormattedResistanceStringTests" name="testCreateFormattedResistanceStringFourBandOrangeGreenYellowBrown" time="0.000" timestamp="2018-10-19T20:33:00"/>
	<testcase classname="create_formatted_resistance_string_tests.CreateFormattedResistanceStringTests" name="testCreateFormattedResistanceStringFourBandOrangeGreenYellowGold" time="0.000" timestamp="2018-10-19T20:33:00"/>
	<testcase classname="create_formatted_resistance_string_tests.CreateFormattedResistanceStringTests" name="testCreateFormattedResistanceStringFourBandOrangeGreenYellowGreen" time="0.000" timestamp="2018-10-19T20:33:00"/>
	<testcase classname="create_formatted_resistance_string_tests.CreateFormattedResistanceStringTests" name="testCreateFormattedResistanceStringFourBandOrangeGreenYellowGrey" time="0.000" timestamp="2018-10-19T20:33:00"/>
	<testcase classname="create_formatted_resistance_string_tests.CreateFormattedResistanceStringTests" name="testCreateFormattedResistanceStringFourBandOrangeGreenYellowNone" time="0.000" timestamp="2018-10-19T20:33:00"/>
	<testcase classname="create_formatted_resistance_string_tests.CreateFormattedResistanceStringTests" name="testCreateFormattedResistanceStringFourBandOrangeGreenYellowRed" time="0.000" timestamp="2018-10-19T20:33:00"/>
	<testcase classname="create_formatted_resistance_string_tests.CreateFormattedResistanceStringTests" name="testCreateFormattedResistanceStringFourBandOrangeGreenYellowSilver" time="0.000" timestamp="2018-10-19T20:33:00"/>
	<testcase classname="create_formatted_resistance_string_tests.CreateFormattedResistanceStringTests" name="testCreateFormattedResistanceStringFourBandOrangeGreenYellowViolet" time="0.000" timestamp="2018-10-19T20:33:00"/>
	<testcase classname="create_formatted_resistance_string_tests.CreateFormattedResistanceStringTests" name="testCreateFormattedResistanceStringFourBandOrangeGreyBlackBlue" time="0.000" timestamp="2018-10-19T20:33:00"/>
	<testcase classname="create_formatted_resistance_string_tests.CreateFormattedResistanceStringTests" name="testCreateFormattedResistanceStringFourBandOrangeGreyBlackBrown" time="0.000" timestamp="2018-10-19T20:33:00"/>
	<testcase classname="create_formatted_resistance_string_tests.CreateFormattedResistanceStringTests" name="testCreateFormattedResistanceStringFourBandOrangeGreyBlackGold" time="0.000" timestamp="2018-10-19T20:33:00"/>
	<testcase classname="create_formatted_resistance_string_tests.CreateFormattedResistanceStringTests" name="testCreateFormattedResistanceStringFourBandOrangeGreyBlackGreen" time="0.000" timestamp="2018-10-19T20:33:00"/>
	<testcase classname="create_formatted_resistance_string_tests.CreateFormattedResistanceStringTests" name="testCreateFormattedResistanceStringFourBandOrangeGreyBlackGrey" time="0.000" timestamp="2018-10-19T20:33:00"/>
	<testcase classname="create_formatted_resistance_string_tests.CreateFormattedResistanceStringTests" name="testCreateFormattedResistanceStringFourBandOrangeGreyBlackNone" time="0.000" timestamp="2018-10-19T20:33:00"/>
	<testcase classname="create_formatted_resistance_string_tests.CreateFormattedResistanceStringTests" name="testCreateFormattedResistanceStringFourBandOrangeGreyBlackRed" time="0.000" timestamp="2018-10-19T20:33:00"/>
	<testcase classname="create_formatted_resistance_string_tests.CreateFormattedResistanceStringTests" name="testCreateFormattedResistanceStringFourBandOrangeGreyBlackSilver" time="0.000" timestamp="2018-10-19T20:33:00"/>
	<testcase classname="create_formatted_resistance_string_tests.CreateFormattedResistanceStringTests" name="testCreateFormattedResistanceStringFourBandOrangeGreyBlackViolet" time="0.000" timestamp="2018-10-19T20:33:00"/>
	<testcase classname="create_formatted_resistance_string_tests.CreateFormattedResistanceStringTests" name="testCreateFormattedResistanceStringFourBandOrangeGreyBlueBlue" time="0.000" timestamp="2018-10-19T20:33:00"/>
	<testcase classname="create_formatted_resistance_string_tests.CreateFormattedResistanceStringTests" name="testCreateFormattedResistanceStringFourBandOrangeGreyBlueBrown" time="0.000" timestamp="2018-10-19T20:33:00"/>
	<testcase classname="create_formatted_resistance_string_tests.CreateFormattedResistanceStringTests" name="testCreateFormattedResistanceStringFourBandOrangeGreyBlueGold" time="0.000" timestamp="2018-10-19T20:33:00"/>
	<testcase classname="create_formatted_resistance_string_tests.CreateFormattedResistanceStringTests" name="testCreateFormattedResistanceStringFourBandOrangeGreyBlueGreen" time="0.000" timestamp="2018-10-19T20:33:00"/>
	<testcase classname="create_formatted_resistance_string_tests.CreateFormattedResistanceStringTests" name="testCreateFormattedResistanceStringFourBandOrangeGreyBlueGrey" time="0.000" timestamp="2018-10-19T20:33:00"/>
	<testcase classname="create_formatted_resistance_string_tests.CreateFormattedResistanceStringTests" name="testCreateFormattedResistanceStringFourBandOrangeGreyBlueNone" time="0.000" timestamp="2018-10-19T20:33:00"/>
	<testcase classname="create_formatted_resistance_string_tests.CreateFormattedResistanceStringTests" name="testCreateFormattedResistanceStringFourBandOrangeGreyBlueRed" time="0.000" timestamp="2018-10-19T20:33:00"/>
	<testcase classname="create_formatted_resistance_string_tests.CreateFormattedResistanceStringTests" name="testCreateFormattedResistanceStringFourBandOrangeGreyBlueSilver" time="0.000" timestamp="2018-10-19T20:33:00"/>
	<testcase classname="create_formatted_resistance_string_tests.CreateFormattedResistanceStringTests" name="testCreateFormattedResistanceStringFourBandOrangeGreyBlueViolet" time="0.000" timestamp="2018-10-19T20:33:00"/>
	<testcase classname="create_formatted_resistance_string_tests.CreateFormattedResistanceStringTests" name="testCreateFormattedResistanceStringFourBandOrangeGreyBrownBlue" time="0.000" timestamp="2018-10-19T20:33:00"/>
	<testcase classname="create_formatted_resistance_string_tests.CreateFormattedResistanceStringTests" name="testCreateFormattedResistanceStringFourBandOrangeGreyBrownBrown" time="0.000" timestamp="2018-10-19T20:33:00"/>
	<testcase classname="create_formatted_resistance_string_tests.CreateFormattedResistanceStringTests" name="testCreateFormattedResistanceStringFourBandOrangeGreyBrownGold" time="0.000" timestamp="2018-10-19T20:33:00"/>
	<testcase classname="create_formatted_resistance_string_tests.CreateFormattedResistanceStringTests" name="testCreateFormattedResistanceStringFourBandOrangeGreyBrownGreen" time="0.000" timestamp="2018-10-19T20:33:00"/>
	<testcase classname="create_formatted_resistance_string_tests.CreateFormattedResistanceStringTests" name="testCreateFormattedResistanceStringFourBandOrangeGreyBrownGrey" time="0.000" timestamp="2018-10-19T20:33:00"/>
	<testcase classname="create_formatted_resistance_string_tests.CreateFormattedResistanceStringTests" name="testCreateFormattedResistanceStringFourBandOrangeGreyBrownNone" time="0.000" timestamp="2018-10-19T20:33:00"/>
	<testcase classname="create_formatted_resistance_string_tests.CreateFormattedResistanceStringTests" name="testCreateFormattedResistanceStringFourBandOrangeGreyBrownRed" time="0.000" timestamp="2018-10-19T20:33:00"/>
	<testcase classname="create_formatted_resistance_string_tests.CreateFormattedResistanceStringTests" name="testCreateFormattedResistanceStringFourBandOrangeGreyBrownSilver" time="0.000" timestamp="2018-10-19T20:33:00"/>
	<testcase classname="create_formatted_resistance_string_tests.CreateFormattedResistanceStringTests" name="testCreateFormattedResistanceStringFourBandOrangeGreyBrownViolet" time="0.000" timestamp="2018-10-19T20:33:00"/>
	<testcase classname="create_formatted_resistance_string_tests.CreateFormattedResistanceStringTests" name="testCreateFormattedResistanceStringFourBandOrangeGreyGoldBlue" time="0.000" timestamp="2018-10-19T20:33:00"/>
	<testcase classname="create_formatted_resistance_string_tests.CreateFormattedResistanceStringTests" name="testCreateFormattedResistanceStringFourBandOrangeGreyGoldBrown" time="0.000" timestamp="2018-10-19T20:33:00"/>
	<testcase classname="create_formatted_resistance_string_tests.CreateFormattedResistanceStringTests" name="testCreateFormattedResistanceStringFourBandOrangeGreyGoldGold" time="0.000" timestamp="2018-10-19T20:33:00"/>
	<testcase classname="create_formatted_resistance_string_tests.CreateFormattedResistanceStringTests" name="testCreateFormattedResistanceStringFourBandOrangeGreyGoldGreen" time="0.000" timestamp="2018-10-19T20:33:00"/>
	<testcase classname="create_formatted_resistance_string_tests.CreateFormattedResistanceStringTests" name="testCreateFormattedResistanceStringFourBandOrangeGreyGoldGrey" time="0.000" timestamp="2018-10-19T20:33:00"/>
	<testcase classname="create_formatted_resistance_string_tests.CreateFormattedResistanceStringTests" name="testCreateFormattedResistanceStringFourBandOrangeGreyGoldNone" time="0.000" timestamp="2018-10-19T20:33:00"/>
	<testcase classname="create_formatted_resistance_string_tests.CreateFormattedResistanceStringTests" name="testCreateFormattedResistanceStringFourBandOrangeGreyGoldRed" time="0.000" timestamp="2018-10-19T20:33:00"/>
	<testcase classname="create_formatted_resistance_string_tests.CreateFormattedResistanceStringTests" name="testCreateFormattedResistanceStringFourBandOrangeGreyGoldSilver" time="0.000" timestamp="2018-10-19T20:33:00"/>
	<testcase classname="create_formatted_resistance_string_tests.CreateFormattedResistanceStringTests" name="testCreateFormattedResistanceStringFourBandOrangeGreyGoldViolet" time="0.000" timestamp="2018-10-19T20:33:00"/>
	<testcase classname="create_formatted_resistance_string_tests.CreateFormattedResistanceStringTests" name="testCreateFormattedResistanceStringFourBandOrangeGreyGreenBlue" time="0.000" timestamp="2018-10-19T20:33:00"/>
	<testcase classname="create_formatted_resistance_string_tests.CreateFormattedResistanceStringTests" name="testCreateFormattedResistanceStringFourBandOrangeGreyGreenBrown" time="0.000" timestamp="2018-10-19T20:33:00"/>
	<testcase classname="create_formatted_resistance_string_tests.CreateFormattedResistanceStringTests" name="testCreateFormattedResistanceStringFourBandOrangeGreyGreenGold" time="0.000" timestamp="2018-10-19T20:33:00"/>
	<testcase classname="create_formatted_resistance_string_tests.CreateFormattedResistanceStringTests" name="testCreateFormattedResistanceStringFourBandOrangeGreyGreenGreen" time="0.000" timestamp="2018-10-19T20:33:00"/>
	<testcase classname="create_formatted_resistance_string_tests.CreateFormattedResistanceStringTests" name="testCreateFormattedResistanceStringFourBandOrangeGreyGreenGrey" time="0.000" timestamp="2018-10-19T20:33:00"/>
	<testcase classname="create_formatted_resistance_string_tests.CreateFormattedResistanceStringTests" name="testCreateFormattedResistanceStringFourBandOrangeGreyGreenNone" time="0.000" timestamp="2018-10-19T20:33:00"/>
	<testcase classname="create_formatted_resistance_string_tests.CreateFormattedResistanceStringTests" name="testCreateFormattedResistanceStringFourBandOrangeGreyGreenRed" time="0.000" timestamp="2018-10-19T20:33:00"/>
	<testcase classname="create_formatted_resistance_string_tests.CreateFormattedResistanceStringTests" name="testCreateFormattedResistanceStringFourBandOrangeGreyGreenSilver" time="0.000" timestamp="2018-10-19T20:33:00"/>
	<testcase classname="create_formatted_resistance_string_tests.CreateFormattedResistanceStringTests" name="testCreateFormattedResistanceStringFourBandOrangeGreyGreenViolet" time="0.000" timestamp="2018-10-19T20:33:00"/>
	<testcase classname="create_formatted_resistance_string_tests.CreateFormattedResistanceStringTests" name="testCreateFormattedResistanceStringFourBandOrangeGreyGreyBlue" time="0.000" timestamp="2018-10-19T20:33:00"/>
	<testcase classname="create_formatted_resistance_string_tests.CreateFormattedResistanceStringTests" name="testCreateFormattedResistanceStringFourBandOrangeGreyGreyBrown" time="0.000" timestamp="2018-10-19T20:33:00"/>
	<testcase classname="create_formatted_resistance_string_tests.CreateFormattedResistanceStringTests" name="testCreateFormattedResistanceStringFourBandOrangeGreyGreyGold" time="0.000" timestamp="2018-10-19T20:33:00"/>
	<testcase classname="create_formatted_resistance_string_tests.CreateFormattedResistanceStringTests" name="testCreateFormattedResistanceStringFourBandOrangeGreyGreyGreen" time="0.000" timestamp="2018-10-19T20:33:00"/>
	<testcase classname="create_formatted_resistance_string_tests.CreateFormattedResistanceStringTests" name="testCreateFormattedResistanceStringFourBandOrangeGreyGreyGrey" time="0.000" timestamp="2018-10-19T20:33:00"/>
	<testcase classname="create_formatted_resistance_string_tests.CreateFormattedResistanceStringTests" name="testCreateFormattedResistanceStringFourBandOrangeGreyGreyNone" time="0.000" timestamp="2018-10-19T20:33:00"/>
	<testcase classname="create_formatted_resistance_string_tests.CreateFormattedResistanceStringTests" name="testCreateFormattedResistanceStringFourBandOrangeGreyGreyRed" time="0.000" timestamp="2018-10-19T20:33:00"/>
	<testcase classname="create_formatted_resistance_string_tests.CreateFormattedResistanceStringTests" name="testCreateFormattedResistanceStringFourBandOrangeGreyGreySilver" time="0.000" timestamp="2018-10-19T20:33:00"/>
	<testcase classname="create_formatted_resistance_string_tests.CreateFormattedResistanceStringTests" name="testCreateFormattedResistanceStringFourBandOrangeGreyGreyViolet" time="0.000" timestamp="2018-10-19T20:33:00"/>
	<testcase classname="create_formatted_resistance_string_tests.CreateFormattedResistanceStringTests" name="testCreateFormattedResistanceStringFourBandOrangeGreyOrangeBlue" time="0.000" timestamp="2018-10-19T20:33:00"/>
	<testcase classname="create_formatted_resistance_string_tests.CreateFormattedResistanceStringTests" name="testCreateFormattedResistanceStringFourBandOrangeGreyOrangeBrown" time="0.000" timestamp="2018-10-19T20:33:00"/>
	<testcase classname="create_formatted_resistance_string_tests.CreateFormattedResistanceStringTests" name="testCreateFormattedResistanceStringFourBandOrangeGreyOrangeGold" time="0.000" timestamp="2018-10-19T20:33:00"/>
	<testcase classname="create_formatted_resistance_string_tests.CreateFormattedResistanceStringTests" name="testCreateFormattedResistanceStringFourBandOrangeGreyOrangeGreen" time="0.000" timestamp="2018-10-19T20:33:00"/>
	<testcase classname="create_formatted_resistance_string_tests.CreateFormattedResistanceStringTests" name="testCreateFormattedResistanceStringFourBandOrangeGreyOrangeGrey" time="0.000" timestamp="2018-10-19T20:33:00"/>
	<testcase classname="create_formatted_resistance_string_tests.CreateFormattedResistanceStringTests" name="testCreateFormattedResistanceStringFourBandOrangeGreyOrangeNone" time="0.000" timestamp="2018-10-19T20:33:00"/>
	<testcase classname="create_formatted_resistance_string_tests.CreateFormattedResistanceStringTests" name="testCreateFormattedResistanceStringFourBandOrangeGreyOrangeRed" time="0.000" timestamp="2018-10-19T20:33:00"/>
	<testcase classname="create_formatted_resistance_string_tests.CreateFormattedResistanceStringTests" name="testCreateFormattedResistanceStringFourBandOrangeGreyOrangeSilver" time="0.000" timestamp="2018-10-19T20:33:00"/>
	<testcase classname="create_formatted_resistance_string_tests.CreateFormattedResistanceStringTests" name="testCreateFormattedResistanceStringFourBandOrangeGreyOrangeViolet" time="0.000" timestamp="2018-10-19T20:33:00"/>
	<testcase classname="create_formatted_resistance_string_tests.CreateFormattedResistanceStringTests" name="testCreateFormattedResistanceStringFourBandOrangeGreyRedBlue" time="0.000" timestamp="2018-10-19T20:33:00"/>
	<testcase classname="create_formatted_resistance_string_tests.CreateFormattedResistanceStringTests" name="testCreateFormattedResistanceStringFourBandOrangeGreyRedBrown" time="0.000" timestamp="2018-10-19T20:33:00"/>
	<testcase classname="create_formatted_resistance_string_tests.CreateFormattedResistanceStringTests" name="testCreateFormattedResistanceStringFourBandOrangeGreyRedGold" time="0.000" timestamp="2018-10-19T20:33:00"/>
	<testcase classname="create_formatted_resistance_string_tests.CreateFormattedResistanceStringTests" name="testCreateFormattedResistanceStringFourBandOrangeGreyRedGreen" time="0.000" timestamp="2018-10-19T20:33:00"/>
	<testcase classname="create_formatted_resistance_string_tests.CreateFormattedResistanceStringTests" name="testCreateFormattedResistanceStringFourBandOrangeGreyRedGrey" time="0.000" timestamp="2018-10-19T20:33:00"/>
	<testcase classname="create_formatted_resistance_string_tests.CreateFormattedResistanceStringTests" name="testCreateFormattedResistanceStringFourBandOrangeGreyRedNone" time="0.000" timestamp="2018-10-19T20:33:00"/>
	<testcase classname="create_formatted_resistance_string_tests.CreateFormattedResistanceStringTests" name="testCreateFormattedResistanceStringFourBandOrangeGreyRedRed" time="0.000" timestamp="2018-10-19T20:33:00"/>
	<testcase classname="create_formatted_resistance_string_tests.CreateFormattedResistanceStringTests" name="testCreateFormattedResistanceStringFourBandOrangeGreyRedSilver" time="0.000" timestamp="2018-10-19T20:33:00"/>
	<testcase classname="create_formatted_resistance_string_tests.CreateFormattedResistanceStringTests" name="testCreateFormattedResistanceStringFourBandOrangeGreyRedViolet" time="0.000" timestamp="2018-10-19T20:33:00"/>
	<testcase classname="create_formatted_resistance_string_tests.CreateFormattedResistanceStringTests" name="testCreateFormattedResistanceStringFourBandOrangeGreySilverBlue" time="0.000" timestamp="2018-10-19T20:33:00"/>
	<testcase classname="create_formatted_resistance_string_tests.CreateFormattedResistanceStringTests" name="testCreateFormattedResistanceStringFourBandOrangeGreySilverBrown" time="0.000" timestamp="2018-10-19T20:33:00"/>
	<testcase classname="create_formatted_resistance_string_tests.CreateFormattedResistanceStringTests" name="testCreateFormattedResistanceStringFourBandOrangeGreySilverGold" time="0.000" timestamp="2018-10-19T20:33:00"/>
	<testcase classname="create_formatted_resistance_string_tests.CreateFormattedResistanceStringTests" name="testCreateFormattedResistanceStringFourBandOrangeGreySilverGreen" time="0.000" timestamp="2018-10-19T20:33:00"/>
	<testcase classname="create_formatted_resistance_string_tests.CreateFormattedResistanceStringTests" name="testCreateFormattedResistanceStringFourBandOrangeGreySilverGrey" time="0.000" timestamp="2018-10-19T20:33:00"/>
	<testcase classname="create_formatted_resistance_string_tests.CreateFormattedResistanceStringTests" name="testCreateFormattedResistanceStringFourBandOrangeGreySilverNone" time="0.000" timestamp="2018-10-19T20:33:00"/>
	<testcase classname="create_formatted_resistance_string_tests.CreateFormattedResistanceStringTests" name="testCreateFormattedResistanceStringFourBandOrangeGreySilverRed" time="0.000" timestamp="2018-10-19T20:33:00"/>
	<testcase classname="create_formatted_resistance_string_tests.CreateFormattedResistanceStringTests" name="testCreateFormattedResistanceStringFourBandOrangeGreySilverSilver" time="0.000" timestamp="2018-10-19T20:33:00"/>
	<testcase classname="create_formatted_resistance_string_tests.CreateFormattedResistanceStringTests" name="testCreateFormattedResistanceStringFourBandOrangeGreySilverViolet" time="0.000" timestamp="2018-10-19T20:33:00"/>
	<testcase classname="create_formatted_resistance_string_tests.CreateFormattedResistanceStringTests" name="testCreateFormattedResistanceStringFourBandOrangeGreyVioletBlue" time="0.000" timestamp="2018-10-19T20:33:00"/>
	<testcase classname="create_formatted_resistance_string_tests.CreateFormattedResistanceStringTests" name="testCreateFormattedResistanceStringFourBandOrangeGreyVioletBrown" time="0.000" timestamp="2018-10-19T20:33:00"/>
	<testcase classname="create_formatted_resistance_string_tests.CreateFormattedResistanceStringTests" name="testCreateFormattedResistanceStringFourBandOrangeGreyVioletGold" time="0.000" timestamp="2018-10-19T20:33:00"/>
	<testcase classname="create_formatted_resistance_string_tests.CreateFormattedResistanceStringTests" name="testCreateFormattedResistanceStringFourBandOrangeGreyVioletGreen" time="0.000" timestamp="2018-10-19T20:33:00"/>
	<testcase classname="create_formatted_resistance_string_tests.CreateFormattedResistanceStringTests" name="testCreateFormattedResistanceStringFourBandOrangeGreyVioletGrey" time="0.000" timestamp="2018-10-19T20:33:00"/>
	<testcase classname="create_formatted_resistance_string_tests.CreateFormattedResistanceStringTests" name="testCreateFormattedResistanceStringFourBandOrangeGreyVioletNone" time="0.000" timestamp="2018-10-19T20:33:00"/>
	<testcase classname="create_formatted_resistance_string_tests.CreateFormattedResistanceStringTests" name="testCreateFormattedResistanceStringFourBandOrangeGreyVioletRed" time="0.000" timestamp="2018-10-19T20:33:00"/>
	<testcase classname="create_formatted_resistance_string_tests.CreateFormattedResistanceStringTests" name="testCreateFormattedResistanceStringFourBandOrangeGreyVioletSilver" time="0.000" timestamp="2018-10-19T20:33:00"/>
	<testcase classname="create_formatted_resistance_string_tests.CreateFormattedResistanceStringTests" name="testCreateFormattedResistanceStringFourBandOrangeGreyVioletViolet" time="0.000" timestamp="2018-10-19T20:33:00"/>
	<testcase classname="create_formatted_resistance_string_tests.CreateFormattedResistanceStringTests" name="testCreateFormattedResistanceStringFourBandOrangeGreyWhiteBlue" time="0.000" timestamp="2018-10-19T20:33:00"/>
	<testcase classname="create_formatted_resistance_string_tests.CreateFormattedResistanceStringTests" name="testCreateFormattedResistanceStringFourBandOrangeGreyWhiteBrown" time="0.000" timestamp="2018-10-19T20:33:00"/>
	<testcase classname="create_formatted_resistance_string_tests.CreateFormattedResistanceStringTests" name="testCreateFormattedResistanceStringFourBandOrangeGreyWhiteGold" time="0.000" timestamp="2018-10-19T20:33:00"/>
	<testcase classname="create_formatted_resistance_string_tests.CreateFormattedResistanceStringTests" name="testCreateFormattedResistanceStringFourBandOrangeGreyWhiteGreen" time="0.000" timestamp="2018-10-19T20:33:00"/>
	<testcase classname="create_formatted_resistance_string_tests.CreateFormattedResistanceStringTests" name="testCreateFormattedResistanceStringFourBandOrangeGreyWhiteGrey" time="0.000" timestamp="2018-10-19T20:33:00"/>
	<testcase classname="create_formatted_resistance_string_tests.CreateFormattedResistanceStringTests" name="testCreateFormattedResistanceStringFourBandOrangeGreyWhiteNone" time="0.000" timestamp="2018-10-19T20:33:00"/>
	<testcase classname="create_formatted_resistance_string_tests.CreateFormattedResistanceStringTests" name="testCreateFormattedResistanceStringFourBandOrangeGreyWhiteRed" time="0.000" timestamp="2018-10-19T20:33:00"/>
	<testcase classname="create_formatted_resistance_string_tests.CreateFormattedResistanceStringTests" name="testCreateFormattedResistanceStringFourBandOrangeGreyWhiteSilver" time="0.000" timestamp="2018-10-19T20:33:00"/>
	<testcase classname="create_formatted_resistance_string_tests.CreateFormattedResistanceStringTests" name="testCreateFormattedResistanceStringFourBandOrangeGreyWhiteViolet" time="0.000" timestamp="2018-10-19T20:33:00"/>
	<testcase classname="create_formatted_resistance_string_tests.CreateFormattedResistanceStringTests" name="testCreateFormattedResistanceStringFourBandOrangeGreyYellowBlue" time="0.000" timestamp="2018-10-19T20:33:00"/>
	<testcase classname="create_formatted_resistance_string_tests.CreateFormattedResistanceStringTests" name="testCreateFormattedResistanceStringFourBandOrangeGreyYellowBrown" time="0.000" timestamp="2018-10-19T20:33:00"/>
	<testcase classname="create_formatted_resistance_string_tests.CreateFormattedResistanceStringTests" name="testCreateFormattedResistanceStringFourBandOrangeGreyYellowGold" time="0.000" timestamp="2018-10-19T20:33:00"/>
	<testcase classname="create_formatted_resistance_string_tests.CreateFormattedResistanceStringTests" name="testCreateFormattedResistanceStringFourBandOrangeGreyYellowGreen" time="0.000" timestamp="2018-10-19T20:33:00"/>
	<testcase classname="create_formatted_resistance_string_tests.CreateFormattedResistanceStringTests" name="testCreateFormattedResistanceStringFourBandOrangeGreyYellowGrey" time="0.000" timestamp="2018-10-19T20:33:00"/>
	<testcase classname="create_formatted_resistance_string_tests.CreateFormattedResistanceStringTests" name="testCreateFormattedResistanceStringFourBandOrangeGreyYellowNone" time="0.000" timestamp="2018-10-19T20:33:00"/>
	<testcase classname="create_formatted_resistance_string_tests.CreateFormattedResistanceStringTests" name="testCreateFormattedResistanceStringFourBandOrangeGreyYellowRed" time="0.000" timestamp="2018-10-19T20:33:00"/>
	<testcase classname="create_formatted_resistance_string_tests.CreateFormattedResistanceStringTests" name="testCreateFormattedResistanceStringFourBandOrangeGreyYellowSilver" time="0.000" timestamp="2018-10-19T20:33:00"/>
	<testcase classname="create_formatted_resistance_string_tests.CreateFormattedResistanceStringTests" name="testCreateFormattedResistanceStringFourBandOrangeGreyYellowViolet" time="0.000" timestamp="2018-10-19T20:33:00"/>
	<testcase classname="create_formatted_resistance_string_tests.CreateFormattedResistanceStringTests" name="testCreateFormattedResistanceStringFourBandOrangeOrangeBlackBlue" time="0.000" timestamp="2018-10-19T20:33:00"/>
	<testcase classname="create_formatted_resistance_string_tests.CreateFormattedResistanceStringTests" name="testCreateFormattedResistanceStringFourBandOrangeOrangeBlackBrown" time="0.000" timestamp="2018-10-19T20:33:00"/>
	<testcase classname="create_formatted_resistance_string_tests.CreateFormattedResistanceStringTests" name="testCreateFormattedResistanceStringFourBandOrangeOrangeBlackGold" time="0.000" timestamp="2018-10-19T20:33:00"/>
	<testcase classname="create_formatted_resistance_string_tests.CreateFormattedResistanceStringTests" name="testCreateFormattedResistanceStringFourBandOrangeOrangeBlackGreen" time="0.000" timestamp="2018-10-19T20:33:00"/>
	<testcase classname="create_formatted_resistance_string_tests.CreateFormattedResistanceStringTests" name="testCreateFormattedResistanceStringFourBandOrangeOrangeBlackGrey" time="0.000" timestamp="2018-10-19T20:33:00"/>
	<testcase classname="create_formatted_resistance_string_tests.CreateFormattedResistanceStringTests" name="testCreateFormattedResistanceStringFourBandOrangeOrangeBlackNone" time="0.000" timestamp="2018-10-19T20:33:00"/>
	<testcase classname="create_formatted_resistance_string_tests.CreateFormattedResistanceStringTests" name="testCreateFormattedResistanceStringFourBandOrangeOrangeBlackRed" time="0.000" timestamp="2018-10-19T20:33:00"/>
	<testcase classname="create_formatted_resistance_string_tests.CreateFormattedResistanceStringTests" name="testCreateFormattedResistanceStringFourBandOrangeOrangeBlackSilver" time="0.000" timestamp="2018-10-19T20:33:00"/>
	<testcase classname="create_formatted_resistance_string_tests.CreateFormattedResistanceStringTests" name="testCreateFormattedResistanceStringFourBandOrangeOrangeBlackViolet" time="0.000" timestamp="2018-10-19T20:33:00"/>
	<testcase classname="create_formatted_resistance_string_tests.CreateFormattedResistanceStringTests" name="testCreateFormattedResistanceStringFourBandOrangeOrangeBlueBlue" time="0.000" timestamp="2018-10-19T20:33:00"/>
	<testcase classname="create_formatted_resistance_string_tests.CreateFormattedResistanceStringTests" name="testCreateFormattedResistanceStringFourBandOrangeOrangeBlueBrown" time="0.000" timestamp="2018-10-19T20:33:00"/>
	<testcase classname="create_formatted_resistance_string_tests.CreateFormattedResistanceStringTests" name="testCreateFormattedResistanceStringFourBandOrangeOrangeBlueGold" time="0.000" timestamp="2018-10-19T20:33:00"/>
	<testcase classname="create_formatted_resistance_string_tests.CreateFormattedResistanceStringTests" name="testCreateFormattedResistanceStringFourBandOrangeOrangeBlueGreen" time="0.000" timestamp="2018-10-19T20:33:00"/>
	<testcase classname="create_formatted_resistance_string_tests.CreateFormattedResistanceStringTests" name="testCreateFormattedResistanceStringFourBandOrangeOrangeBlueGrey" time="0.000" timestamp="2018-10-19T20:33:00"/>
	<testcase classname="create_formatted_resistance_string_tests.CreateFormattedResistanceStringTests" name="testCreateFormattedResistanceStringFourBandOrangeOrangeBlueNone" time="0.000" timestamp="2018-10-19T20:33:00"/>
	<testcase classname="create_formatted_resistance_string_tests.CreateFormattedResistanceStringTests" name="testCreateFormattedResistanceStringFourBandOrangeOrangeBlueRed" time="0.000" timestamp="2018-10-19T20:33:00"/>
	<testcase classname="create_formatted_resistance_string_tests.CreateFormattedResistanceStringTests" name="testCreateFormattedResistanceStringFourBandOrangeOrangeBlueSilver" time="0.000" timestamp="2018-10-19T20:33:00"/>
	<testcase classname="create_formatted_resistance_string_tests.CreateFormattedResistanceStringTests" name="testCreateFormattedResistanceStringFourBandOrangeOrangeBlueViolet" time="0.000" timestamp="2018-10-19T20:33:00"/>
	<testcase classname="create_formatted_resistance_string_tests.CreateFormattedResistanceStringTests" name="testCreateFormattedResistanceStringFourBandOrangeOrangeBrownBlue" time="0.000" timestamp="2018-10-19T20:33:00"/>
	<testcase classname="create_formatted_resistance_string_tests.CreateFormattedResistanceStringTests" name="testCreateFormattedResistanceStringFourBandOrangeOrangeBrownBrown" time="0.000" timestamp="2018-10-19T20:33:00"/>
	<testcase classname="create_formatted_resistance_string_tests.CreateFormattedResistanceStringTests" name="testCreateFormattedResistanceStringFourBandOrangeOrangeBrownGold" time="0.000" timestamp="2018-10-19T20:33:00"/>
	<testcase classname="create_formatted_resistance_string_tests.CreateFormattedResistanceStringTests" name="testCreateFormattedResistanceStringFourBandOrangeOrangeBrownGreen" time="0.000" timestamp="2018-10-19T20:33:00"/>
	<testcase classname="create_formatted_resistance_string_tests.CreateFormattedResistanceStringTests" name="testCreateFormattedResistanceStringFourBandOrangeOrangeBrownGrey" time="0.000" timestamp="2018-10-19T20:33:00"/>
	<testcase classname="create_formatted_resistance_string_tests.CreateFormattedResistanceStringTests" name="testCreateFormattedResistanceStringFourBandOrangeOrangeBrownNone" time="0.000" timestamp="2018-10-19T20:33:00"/>
	<testcase classname="create_formatted_resistance_string_tests.CreateFormattedResistanceStringTests" name="testCreateFormattedResistanceStringFourBandOrangeOrangeBrownRed" time="0.000" timestamp="2018-10-19T20:33:00"/>
	<testcase classname="create_formatted_resistance_string_tests.CreateFormattedResistanceStringTests" name="testCreateFormattedResistanceStringFourBandOrangeOrangeBrownSilver" time="0.000" timestamp="2018-10-19T20:33:00"/>
	<testcase classname="create_formatted_resistance_string_tests.CreateFormattedResistanceStringTests" name="testCreateFormattedResistanceStringFourBandOrangeOrangeBrownViolet" time="0.000" timestamp="2018-10-19T20:33:00"/>
	<testcase classname="create_formatted_resistance_string_tests.CreateFormattedResistanceStringTests" name="testCreateFormattedResistanceStringFourBandOrangeOrangeGoldBlue" time="0.000" timestamp="2018-10-19T20:33:00"/>
	<testcase classname="create_formatted_resistance_string_tests.CreateFormattedResistanceStringTests" name="testCreateFormattedResistanceStringFourBandOrangeOrangeGoldBrown" time="0.000" timestamp="2018-10-19T20:33:00"/>
	<testcase classname="create_formatted_resistance_string_tests.CreateFormattedResistanceStringTests" name="testCreateFormattedResistanceStringFourBandOrangeOrangeGoldGold" time="0.000" timestamp="2018-10-19T20:33:00"/>
	<testcase classname="create_formatted_resistance_string_tests.CreateFormattedResistanceStringTests" name="testCreateFormattedResistanceStringFourBandOrangeOrangeGoldGreen" time="0.000" timestamp="2018-10-19T20:33:00"/>
	<testcase classname="create_formatted_resistance_string_tests.CreateFormattedResistanceStringTests" name="testCreateFormattedResistanceStringFourBandOrangeOrangeGoldGrey" time="0.000" timestamp="2018-10-19T20:33:00"/>
	<testcase classname="create_formatted_resistance_string_tests.CreateFormattedResistanceStringTests" name="testCreateFormattedResistanceStringFourBandOrangeOrangeGoldNone" time="0.000" timestamp="2018-10-19T20:33:00"/>
	<testcase classname="create_formatted_resistance_string_tests.CreateFormattedResistanceStringTests" name="testCreateFormattedResistanceStringFourBandOrangeOrangeGoldRed" time="0.000" timestamp="2018-10-19T20:33:00"/>
	<testcase classname="create_formatted_resistance_string_tests.CreateFormattedResistanceStringTests" name="testCreateFormattedResistanceStringFourBandOrangeOrangeGoldSilver" time="0.000" timestamp="2018-10-19T20:33:00"/>
	<testcase classname="create_formatted_resistance_string_tests.CreateFormattedResistanceStringTests" name="testCreateFormattedResistanceStringFourBandOrangeOrangeGoldViolet" time="0.000" timestamp="2018-10-19T20:33:00"/>
	<testcase classname="create_formatted_resistance_string_tests.CreateFormattedResistanceStringTests" name="testCreateFormattedResistanceStringFourBandOrangeOrangeGreenBlue" time="0.000" timestamp="2018-10-19T20:33:00"/>
	<testcase classname="create_formatted_resistance_string_tests.CreateFormattedResistanceStringTests" name="testCreateFormattedResistanceStringFourBandOrangeOrangeGreenBrown" time="0.000" timestamp="2018-10-19T20:33:00"/>
	<testcase classname="create_formatted_resistance_string_tests.CreateFormattedResistanceStringTests" name="testCreateFormattedResistanceStringFourBandOrangeOrangeGreenGold" time="0.000" timestamp="2018-10-19T20:33:00"/>
	<testcase classname="create_formatted_resistance_string_tests.CreateFormattedResistanceStringTests" name="testCreateFormattedResistanceStringFourBandOrangeOrangeGreenGreen" time="0.000" timestamp="2018-10-19T20:33:00"/>
	<testcase classname="create_formatted_resistance_string_tests.CreateFormattedResistanceStringTests" name="testCreateFormattedResistanceStringFourBandOrangeOrangeGreenGrey" time="0.000" timestamp="2018-10-19T20:33:00"/>
	<testcase classname="create_formatted_resistance_string_tests.CreateFormattedResistanceStringTests" name="testCreateFormattedResistanceStringFourBandOrangeOrangeGreenNone" time="0.000" timestamp="2018-10-19T20:33:00"/>
	<testcase classname="create_formatted_resistance_string_tests.CreateFormattedResistanceStringTests" name="testCreateFormattedResistanceStringFourBandOrangeOrangeGreenRed" time="0.000" timestamp="2018-10-19T20:33:00"/>
	<testcase classname="create_formatted_resistance_string_tests.CreateFormattedResistanceStringTests" name="testCreateFormattedResistanceStringFourBandOrangeOrangeGreenSilver" time="0.000" timestamp="2018-10-19T20:33:00"/>
	<testcase classname="create_formatted_resistance_string_tests.CreateFormattedResistanceStringTests" name="testCreateFormattedResistanceStringFourBandOrangeOrangeGreenViolet" time="0.000" timestamp="2018-10-19T20:33:00"/>
	<testcase classname="create_formatted_resistance_string_tests.CreateFormattedResistanceStringTests" name="testCreateFormattedResistanceStringFourBandOrangeOrangeGreyBlue" time="0.000" timestamp="2018-10-19T20:33:00"/>
	<testcase classname="create_formatted_resistance_string_tests.CreateFormattedResistanceStringTests" name="testCreateFormattedResistanceStringFourBandOrangeOrangeGreyBrown" time="0.000" timestamp="2018-10-19T20:33:00"/>
	<testcase classname="create_formatted_resistance_string_tests.CreateFormattedResistanceStringTests" name="testCreateFormattedResistanceStringFourBandOrangeOrangeGreyGold" time="0.000" timestamp="2018-10-19T20:33:00"/>
	<testcase classname="create_formatted_resistance_string_tests.CreateFormattedResistanceStringTests" name="testCreateFormattedResistanceStringFourBandOrangeOrangeGreyGreen" time="0.000" timestamp="2018-10-19T20:33:00"/>
	<testcase classname="create_formatted_resistance_string_tests.CreateFormattedResistanceStringTests" name="testCreateFormattedResistanceStringFourBandOrangeOrangeGreyGrey" time="0.000" timestamp="2018-10-19T20:33:00"/>
	<testcase classname="create_formatted_resistance_string_tests.CreateFormattedResistanceStringTests" name="testCreateFormattedResistanceStringFourBandOrangeOrangeGreyNone" time="0.000" timestamp="2018-10-19T20:33:00"/>
	<testcase classname="create_formatted_resistance_string_tests.CreateFormattedResistanceStringTests" name="testCreateFormattedResistanceStringFourBandOrangeOrangeGreyRed" time="0.000" timestamp="2018-10-19T20:33:00"/>
	<testcase classname="create_formatted_resistance_string_tests.CreateFormattedResistanceStringTests" name="testCreateFormattedResistanceStringFourBandOrangeOrangeGreySilver" time="0.000" timestamp="2018-10-19T20:33:00"/>
	<testcase classname="create_formatted_resistance_string_tests.CreateFormattedResistanceStringTests" name="testCreateFormattedResistanceStringFourBandOrangeOrangeGreyViolet" time="0.000" timestamp="2018-10-19T20:33:00"/>
	<testcase classname="create_formatted_resistance_string_tests.CreateFormattedResistanceStringTests" name="testCreateFormattedResistanceStringFourBandOrangeOrangeOrangeBlue" time="0.000" timestamp="2018-10-19T20:33:00"/>
	<testcase classname="create_formatted_resistance_string_tests.CreateFormattedResistanceStringTests" name="testCreateFormattedResistanceStringFourBandOrangeOrangeOrangeBrown" time="0.000" timestamp="2018-10-19T20:33:00"/>
	<testcase classname="create_formatted_resistance_string_tests.CreateFormattedResistanceStringTests" name="testCreateFormattedResistanceStringFourBandOrangeOrangeOrangeGold" time="0.000" timestamp="2018-10-19T20:33:00"/>
	<testcase classname="create_formatted_resistance_string_tests.CreateFormattedResistanceStringTests" name="testCreateFormattedResistanceStringFourBandOrangeOrangeOrangeGreen" time="0.000" timestamp="2018-10-19T20:33:00"/>
	<testcase classname="create_formatted_resistance_string_tests.CreateFormattedResistanceStringTests" name="testCreateFormattedResistanceStringFourBandOrangeOrangeOrangeGrey" time="0.000" timestamp="2018-10-19T20:33:00"/>
	<testcase classname="create_formatted_resistance_string_tests.CreateFormattedResistanceStringTests" name="testCreateFormattedResistanceStringFourBandOrangeOrangeOrangeNone" time="0.000" timestamp="2018-10-19T20:33:00"/>
	<testcase classname="create_formatted_resistance_string_tests.CreateFormattedResistanceStringTests" name="testCreateFormattedResistanceStringFourBandOrangeOrangeOrangeRed" time="0.000" timestamp="2018-10-19T20:33:00"/>
	<testcase classname="create_formatted_resistance_string_tests.CreateFormattedResistanceStringTests" name="testCreateFormattedResistanceStringFourBandOrangeOrangeOrangeSilver" time="0.000" timestamp="2018-10-19T20:33:00"/>
	<testcase classname="create_formatted_resistance_string_tests.CreateFormattedResistanceStringTests" name="testCreateFormattedResistanceStringFourBandOrangeOrangeOrangeViolet" time="0.000" timestamp="2018-10-19T20:33:00"/>
	<testcase classname="create_formatted_resistance_string_tests.CreateFormattedResistanceStringTests" name="testCreateFormattedResistanceStringFourBandOrangeOrangeRedBlue" time="0.000" timestamp="2018-10-19T20:33:00"/>
	<testcase classname="create_formatted_resistance_string_tests.CreateFormattedResistanceStringTests" name="testCreateFormattedResistanceStringFourBandOrangeOrangeRedBrown" time="0.000" timestamp="2018-10-19T20:33:00"/>
	<testcase classname="create_formatted_resistance_string_tests.CreateFormattedResistanceStringTests" name="testCreateFormattedResistanceStringFourBandOrangeOrangeRedGold" time="0.000" timestamp="2018-10-19T20:33:00"/>
	<testcase classname="create_formatted_resistance_string_tests.CreateFormattedResistanceStringTests" name="testCreateFormattedResistanceStringFourBandOrangeOrangeRedGreen" time="0.000" timestamp="2018-10-19T20:33:00"/>
	<testcase classname="create_formatted_resistance_string_tests.CreateFormattedResistanceStringTests" name="testCreateFormattedResistanceStringFourBandOrangeOrangeRedGrey" time="0.000" timestamp="2018-10-19T20:33:00"/>
	<testcase classname="create_formatted_resistance_string_tests.CreateFormattedResistanceStringTests" name="testCreateFormattedResistanceStringFourBandOrangeOrangeRedNone" time="0.000" timestamp="2018-10-19T20:33:00"/>
	<testcase classname="create_formatted_resistance_string_tests.CreateFormattedResistanceStringTests" name="testCreateFormattedResistanceStringFourBandOrangeOrangeRedRed" time="0.000" timestamp="2018-10-19T20:33:00"/>
	<testcase classname="create_formatted_resistance_string_tests.CreateFormattedResistanceStringTests" name="testCreateFormattedResistanceStringFourBandOrangeOrangeRedSilver" time="0.000" timestamp="2018-10-19T20:33:00"/>
	<testcase classname="create_formatted_resistance_string_tests.CreateFormattedResistanceStringTests" name="testCreateFormattedResistanceStringFourBandOrangeOrangeRedViolet" time="0.000" timestamp="2018-10-19T20:33:00"/>
	<testcase classname="create_formatted_resistance_string_tests.CreateFormattedResistanceStringTests" name="testCreateFormattedResistanceStringFourBandOrangeOrangeSilverBlue" time="0.000" timestamp="2018-10-19T20:33:00"/>
	<testcase classname="create_formatted_resistance_string_tests.CreateFormattedResistanceStringTests" name="testCreateFormattedResistanceStringFourBandOrangeOrangeSilverBrown" time="0.000" timestamp="2018-10-19T20:33:00"/>
	<testcase classname="create_formatted_resistance_string_tests.CreateFormattedResistanceStringTests" name="testCreateFormattedResistanceStringFourBandOrangeOrangeSilverGold" time="0.000" timestamp="2018-10-19T20:33:00"/>
	<testcase classname="create_formatted_resistance_string_tests.CreateFormattedResistanceStringTests" name="testCreateFormattedResistanceStringFourBandOrangeOrangeSilverGreen" time="0.000" timestamp="2018-10-19T20:33:00"/>
	<testcase classname="create_formatted_resistance_string_tests.CreateFormattedResistanceStringTests" name="testCreateFormattedResistanceStringFourBandOrangeOrangeSilverGrey" time="0.000" timestamp="2018-10-19T20:33:00"/>
	<testcase classname="create_formatted_resistance_string_tests.CreateFormattedResistanceStringTests" name="testCreateFormattedResistanceStringFourBandOrangeOrangeSilverNone" time="0.000" timestamp="2018-10-19T20:33:00"/>
	<testcase classname="create_formatted_resistance_string_tests.CreateFormattedResistanceStringTests" name="testCreateFormattedResistanceStringFourBandOrangeOrangeSilverRed" time="0.000" timestamp="2018-10-19T20:33:00"/>
	<testcase classname="create_formatted_resistance_string_tests.CreateFormattedResistanceStringTests" name="testCreateFormattedResistanceStringFourBandOrangeOrangeSilverSilver" time="0.000" timestamp="2018-10-19T20:33:00"/>
	<testcase classname="create_formatted_resistance_string_tests.CreateFormattedResistanceStringTests" name="testCreateFormattedResistanceStringFourBandOrangeOrangeSilverViolet" time="0.000" timestamp="2018-10-19T20:33:00"/>
	<testcase classname="create_formatted_resistance_string_tests.CreateFormattedResistanceStringTests" name="testCreateFormattedResistanceStringFourBandOrangeOrangeVioletBlue" time="0.000" timestamp="2018-10-19T20:33:00"/>
	<testcase classname="create_formatted_resistance_string_tests.CreateFormattedResistanceStringTests" name="testCreateFormattedResistanceStringFourBandOrangeOrangeVioletBrown" time="0.000" timestamp="2018-10-19T20:33:00"/>
	<testcase classname="create_formatted_resistance_string_tests.CreateFormattedResistanceStringTests" name="testCreateFormattedResistanceStringFourBandOrangeOrangeVioletGold" time="0.000" timestamp="2018-10-19T20:33:00"/>
	<testcase classname="create_formatted_resistance_string_tests.CreateFormattedResistanceStringTests" name="testCreateFormattedResistanceStringFourBandOrangeOrangeVioletGreen" time="0.000" timestamp="2018-10-19T20:33:00"/>
	<testcase classname="create_formatted_resistance_string_tests.CreateFormattedResistanceStringTests" name="testCreateFormattedResistanceStringFourBandOrangeOrangeVioletGrey" time="0.000" timestamp="2018-10-19T20:33:00"/>
	<testcase classname="create_formatted_resistance_string_tests.CreateFormattedResistanceStringTests" name="testCreateFormattedResistanceStringFourBandOrangeOrangeVioletNone" time="0.000" timestamp="2018-10-19T20:33:00"/>
	<testcase classname="create_formatted_resistance_string_tests.CreateFormattedResistanceStringTests" name="testCreateFormattedResistanceStringFourBandOrangeOrangeVioletRed" time="0.000" timestamp="2018-10-19T20:33:00"/>
	<testcase classname="create_formatted_resistance_string_tests.CreateFormattedResistanceStringTests" name="testCreateFormattedResistanceStringFourBandOrangeOrangeVioletSilver" time="0.000" timestamp="2018-10-19T20:33:00"/>
	<testcase classname="create_formatted_resistance_string_tests.CreateFormattedResistanceStringTests" name="testCreateFormattedResistanceStringFourBandOrangeOrangeVioletViolet" time="0.000" timestamp="2018-10-19T20:33:00"/>
	<testcase classname="create_formatted_resistance_string_tests.CreateFormattedResistanceStringTests" name="testCreateFormattedResistanceStringFourBandOrangeOrangeWhiteBlue" time="0.000" timestamp="2018-10-19T20:33:00"/>
	<testcase classname="create_formatted_resistance_string_tests.CreateFormattedResistanceStringTests" name="testCreateFormattedResistanceStringFourBandOrangeOrangeWhiteBrown" time="0.000" timestamp="2018-10-19T20:33:00"/>
	<testcase classname="create_formatted_resistance_string_tests.CreateFormattedResistanceStringTests" name="testCreateFormattedResistanceStringFourBandOrangeOrangeWhiteGold" time="0.000" timestamp="2018-10-19T20:33:00"/>
	<testcase classname="create_formatted_resistance_string_tests.CreateFormattedResistanceStringTests" name="testCreateFormattedResistanceStringFourBandOrangeOrangeWhiteGreen" time="0.000" timestamp="2018-10-19T20:33:00"/>
	<testcase classname="create_formatted_resistance_string_tests.CreateFormattedResistanceStringTests" name="testCreateFormattedResistanceStringFourBandOrangeOrangeWhiteGrey" time="0.000" timestamp="2018-10-19T20:33:00"/>
	<testcase classname="create_formatted_resistance_string_tests.CreateFormattedResistanceStringTests" name="testCreateFormattedResistanceStringFourBandOrangeOrangeWhiteNone" time="0.000" timestamp="2018-10-19T20:33:00"/>
	<testcase classname="create_formatted_resistance_string_tests.CreateFormattedResistanceStringTests" name="testCreateFormattedResistanceStringFourBandOrangeOrangeWhiteRed" time="0.000" timestamp="2018-10-19T20:33:00"/>
	<testcase classname="create_formatted_resistance_string_tests.CreateFormattedResistanceStringTests" name="testCreateFormattedResistanceStringFourBandOrangeOrangeWhiteSilver" time="0.000" timestamp="2018-10-19T20:33:00"/>
	<testcase classname="create_formatted_resistance_string_tests.CreateFormattedResistanceStringTests" name="testCreateFormattedResistanceStringFourBandOrangeOrangeWhiteViolet" time="0.000" timestamp="2018-10-19T20:33:00"/>
	<testcase classname="create_formatted_resistance_string_tests.CreateFormattedResistanceStringTests" name="testCreateFormattedResistanceStringFourBandOrangeOrangeYellowBlue" time="0.000" timestamp="2018-10-19T20:33:00"/>
	<testcase classname="create_formatted_resistance_string_tests.CreateFormattedResistanceStringTests" name="testCreateFormattedResistanceStringFourBandOrangeOrangeYellowBrown" time="0.000" timestamp="2018-10-19T20:33:00"/>
	<testcase classname="create_formatted_resistance_string_tests.CreateFormattedResistanceStringTests" name="testCreateFormattedResistanceStringFourBandOrangeOrangeYellowGold" time="0.000" timestamp="2018-10-19T20:33:00"/>
	<testcase classname="create_formatted_resistance_string_tests.CreateFormattedResistanceStringTests" name="testCreateFormattedResistanceStringFourBandOrangeOrangeYellowGreen" time="0.000" timestamp="2018-10-19T20:33:00"/>
	<testcase classname="create_formatted_resistance_string_tests.CreateFormattedResistanceStringTests" name="testCreateFormattedResistanceStringFourBandOrangeOrangeYellowGrey" time="0.000" timestamp="2018-10-19T20:33:00"/>
	<testcase classname="create_formatted_resistance_string_tests.CreateFormattedResistanceStringTests" name="testCreateFormattedResistanceStringFourBandOrangeOrangeYellowNone" time="0.000" timestamp="2018-10-19T20:33:00"/>
	<testcase classname="create_formatted_resistance_string_tests.CreateFormattedResistanceStringTests" name="testCreateFormattedResistanceStringFourBandOrangeOrangeYellowRed" time="0.000" timestamp="2018-10-19T20:33:00"/>
	<testcase classname="create_formatted_resistance_string_tests.CreateFormattedResistanceStringTests" name="testCreateFormattedResistanceStringFourBandOrangeOrangeYellowSilver" time="0.000" timestamp="2018-10-19T20:33:00"/>
	<testcase classname="create_formatted_resistance_string_tests.CreateFormattedResistanceStringTests" name="testCreateFormattedResistanceStringFourBandOrangeOrangeYellowViolet" time="0.000" timestamp="2018-10-19T20:33:00"/>
	<testcase classname="create_formatted_resistance_string_tests.CreateFormattedResistanceStringTests" name="testCreateFormattedResistanceStringFourBandOrangeRedBlackBlue" time="0.000" timestamp="2018-10-19T20:33:00"/>
	<testcase classname="create_formatted_resistance_string_tests.CreateFormattedResistanceStringTests" name="testCreateFormattedResistanceStringFourBandOrangeRedBlackBrown" time="0.000" timestamp="2018-10-19T20:33:00"/>
	<testcase classname="create_formatted_resistance_string_tests.CreateFormattedResistanceStringTests" name="testCreateFormattedResistanceStringFourBandOrangeRedBlackGold" time="0.000" timestamp="2018-10-19T20:33:00"/>
	<testcase classname="create_formatted_resistance_string_tests.CreateFormattedResistanceStringTests" name="testCreateFormattedResistanceStringFourBandOrangeRedBlackGreen" time="0.000" timestamp="2018-10-19T20:33:00"/>
	<testcase classname="create_formatted_resistance_string_tests.CreateFormattedResistanceStringTests" name="testCreateFormattedResistanceStringFourBandOrangeRedBlackGrey" time="0.000" timestamp="2018-10-19T20:33:00"/>
	<testcase classname="create_formatted_resistance_string_tests.CreateFormattedResistanceStringTests" name="testCreateFormattedResistanceStringFourBandOrangeRedBlackNone" time="0.000" timestamp="2018-10-19T20:33:00"/>
	<testcase classname="create_formatted_resistance_string_tests.CreateFormattedResistanceStringTests" name="testCreateFormattedResistanceStringFourBandOrangeRedBlackRed" time="0.000" timestamp="2018-10-19T20:33:00"/>
	<testcase classname="create_formatted_resistance_string_tests.CreateFormattedResistanceStringTests" name="testCreateFormattedResistanceStringFourBandOrangeRedBlackSilver" time="0.000" timestamp="2018-10-19T20:33:00"/>
	<testcase classname="create_formatted_resistance_string_tests.CreateFormattedResistanceStringTests" name="testCreateFormattedResistanceStringFourBandOrangeRedBlackViolet" time="0.000" timestamp="2018-10-19T20:33:00"/>
	<testcase classname="create_formatted_resistance_string_tests.CreateFormattedResistanceStringTests" name="testCreateFormattedResistanceStringFourBandOrangeRedBlueBlue" time="0.000" timestamp="2018-10-19T20:33:00"/>
	<testcase classname="create_formatted_resistance_string_tests.CreateFormattedResistanceStringTests" name="testCreateFormattedResistanceStringFourBandOrangeRedBlueBrown" time="0.000" timestamp="2018-10-19T20:33:00"/>
	<testcase classname="create_formatted_resistance_string_tests.CreateFormattedResistanceStringTests" name="testCreateFormattedResistanceStringFourBandOrangeRedBlueGold" time="0.000" timestamp="2018-10-19T20:33:00"/>
	<testcase classname="create_formatted_resistance_string_tests.CreateFormattedResistanceStringTests" name="testCreateFormattedResistanceStringFourBandOrangeRedBlueGreen" time="0.000" timestamp="2018-10-19T20:33:00"/>
	<testcase classname="create_formatted_resistance_string_tests.CreateFormattedResistanceStringTests" name="testCreateFormattedResistanceStringFourBandOrangeRedBlueGrey" time="0.000" timestamp="2018-10-19T20:33:00"/>
	<testcase classname="create_formatted_resistance_string_tests.CreateFormattedResistanceStringTests" name="testCreateFormattedResistanceStringFourBandOrangeRedBlueNone" time="0.000" timestamp="2018-10-19T20:33:00"/>
	<testcase classname="create_formatted_resistance_string_tests.CreateFormattedResistanceStringTests" name="testCreateFormattedResistanceStringFourBandOrangeRedBlueRed" time="0.000" timestamp="2018-10-19T20:33:00"/>
	<testcase classname="create_formatted_resistance_string_tests.CreateFormattedResistanceStringTests" name="testCreateFormattedResistanceStringFourBandOrangeRedBlueSilver" time="0.000" timestamp="2018-10-19T20:33:00"/>
	<testcase classname="create_formatted_resistance_string_tests.CreateFormattedResistanceStringTests" name="testCreateFormattedResistanceStringFourBandOrangeRedBlueViolet" time="0.000" timestamp="2018-10-19T20:33:00"/>
	<testcase classname="create_formatted_resistance_string_tests.CreateFormattedResistanceStringTests" name="testCreateFormattedResistanceStringFourBandOrangeRedBrownBlue" time="0.000" timestamp="2018-10-19T20:33:00"/>
	<testcase classname="create_formatted_resistance_string_tests.CreateFormattedResistanceStringTests" name="testCreateFormattedResistanceStringFourBandOrangeRedBrownBrown" time="0.000" timestamp="2018-10-19T20:33:00"/>
	<testcase classname="create_formatted_resistance_string_tests.CreateFormattedResistanceStringTests" name="testCreateFormattedResistanceStringFourBandOrangeRedBrownGold" time="0.000" timestamp="2018-10-19T20:33:00"/>
	<testcase classname="create_formatted_resistance_string_tests.CreateFormattedResistanceStringTests" name="testCreateFormattedResistanceStringFourBandOrangeRedBrownGreen" time="0.000" timestamp="2018-10-19T20:33:00"/>
	<testcase classname="create_formatted_resistance_string_tests.CreateFormattedResistanceStringTests" name="testCreateFormattedResistanceStringFourBandOrangeRedBrownGrey" time="0.000" timestamp="2018-10-19T20:33:00"/>
	<testcase classname="create_formatted_resistance_string_tests.CreateFormattedResistanceStringTests" name="testCreateFormattedResistanceStringFourBandOrangeRedBrownNone" time="0.000" timestamp="2018-10-19T20:33:00"/>
	<testcase classname="create_formatted_resistance_string_tests.CreateFormattedResistanceStringTests" name="testCreateFormattedResistanceStringFourBandOrangeRedBrownRed" time="0.000" timestamp="2018-10-19T20:33:00"/>
	<testcase classname="create_formatted_resistance_string_tests.CreateFormattedResistanceStringTests" name="testCreateFormattedResistanceStringFourBandOrangeRedBrownSilver" time="0.000" timestamp="2018-10-19T20:33:00"/>
	<testcase classname="create_formatted_resistance_string_tests.CreateFormattedResistanceStringTests" name="testCreateFormattedResistanceStringFourBandOrangeRedBrownViolet" time="0.000" timestamp="2018-10-19T20:33:00"/>
	<testcase classname="create_formatted_resistance_string_tests.CreateFormattedResistanceStringTests" name="testCreateFormattedResistanceStringFourBandOrangeRedGoldBlue" time="0.000" timestamp="2018-10-19T20:33:00"/>
	<testcase classname="create_formatted_resistance_string_tests.CreateFormattedResistanceStringTests" name="testCreateFormattedResistanceStringFourBandOrangeRedGoldBrown" time="0.000" timestamp="2018-10-19T20:33:00"/>
	<testcase classname="create_formatted_resistance_string_tests.CreateFormattedResistanceStringTests" name="testCreateFormattedResistanceStringFourBandOrangeRedGoldGold" time="0.000" timestamp="2018-10-19T20:33:00"/>
	<testcase classname="create_formatted_resistance_string_tests.CreateFormattedResistanceStringTests" name="testCreateFormattedResistanceStringFourBandOrangeRedGoldGreen" time="0.000" timestamp="2018-10-19T20:33:00"/>
	<testcase classname="create_formatted_resistance_string_tests.CreateFormattedResistanceStringTests" name="testCreateFormattedResistanceStringFourBandOrangeRedGoldGrey" time="0.000" timestamp="2018-10-19T20:33:00"/>
	<testcase classname="create_formatted_resistance_string_tests.CreateFormattedResistanceStringTests" name="testCreateFormattedResistanceStringFourBandOrangeRedGoldNone" time="0.000" timestamp="2018-10-19T20:33:00"/>
	<testcase classname="create_formatted_resistance_string_tests.CreateFormattedResistanceStringTests" name="testCreateFormattedResistanceStringFourBandOrangeRedGoldRed" time="0.000" timestamp="2018-10-19T20:33:00"/>
	<testcase classname="create_formatted_resistance_string_tests.CreateFormattedResistanceStringTests" name="testCreateFormattedResistanceStringFourBandOrangeRedGoldSilver" time="0.000" timestamp="2018-10-19T20:33:00"/>
	<testcase classname="create_formatted_resistance_string_tests.CreateFormattedResistanceStringTests" name="testCreateFormattedResistanceStringFourBandOrangeRedGoldViolet" time="0.000" timestamp="2018-10-19T20:33:00"/>
	<testcase classname="create_formatted_resistance_string_tests.CreateFormattedResistanceStringTests" name="testCreateFormattedResistanceStringFourBandOrangeRedGreenBlue" time="0.000" timestamp="2018-10-19T20:33:00"/>
	<testcase classname="create_formatted_resistance_string_tests.CreateFormattedResistanceStringTests" name="testCreateFormattedResistanceStringFourBandOrangeRedGreenBrown" time="0.000" timestamp="2018-10-19T20:33:00"/>
	<testcase classname="create_formatted_resistance_string_tests.CreateFormattedResistanceStringTests" name="testCreateFormattedResistanceStringFourBandOrangeRedGreenGold" time="0.000" timestamp="2018-10-19T20:33:00"/>
	<testcase classname="create_formatted_resistance_string_tests.CreateFormattedResistanceStringTests" name="testCreateFormattedResistanceStringFourBandOrangeRedGreenGreen" time="0.000" timestamp="2018-10-19T20:33:00"/>
	<testcase classname="create_formatted_resistance_string_tests.CreateFormattedResistanceStringTests" name="testCreateFormattedResistanceStringFourBandOrangeRedGreenGrey" time="0.000" timestamp="2018-10-19T20:33:00"/>
	<testcase classname="create_formatted_resistance_string_tests.CreateFormattedResistanceStringTests" name="testCreateFormattedResistanceStringFourBandOrangeRedGreenNone" time="0.000" timestamp="2018-10-19T20:33:00"/>
	<testcase classname="create_formatted_resistance_string_tests.CreateFormattedResistanceStringTests" name="testCreateFormattedResistanceStringFourBandOrangeRedGreenRed" time="0.000" timestamp="2018-10-19T20:33:00"/>
	<testcase classname="create_formatted_resistance_string_tests.CreateFormattedResistanceStringTests" name="testCreateFormattedResistanceStringFourBandOrangeRedGreenSilver" time="0.000" timestamp="2018-10-19T20:33:00"/>
	<testcase classname="create_formatted_resistance_string_tests.CreateFormattedResistanceStringTests" name="testCreateFormattedResistanceStringFourBandOrangeRedGreenViolet" time="0.000" timestamp="2018-10-19T20:33:00"/>
	<testcase classname="create_formatted_resistance_string_tests.CreateFormattedResistanceStringTests" name="testCreateFormattedResistanceStringFourBandOrangeRedGreyBlue" time="0.000" timestamp="2018-10-19T20:33:00"/>
	<testcase classname="create_formatted_resistance_string_tests.CreateFormattedResistanceStringTests" name="testCreateFormattedResistanceStringFourBandOrangeRedGreyBrown" time="0.000" timestamp="2018-10-19T20:33:00"/>
	<testcase classname="create_formatted_resistance_string_tests.CreateFormattedResistanceStringTests" name="testCreateFormattedResistanceStringFourBandOrangeRedGreyGold" time="0.000" timestamp="2018-10-19T20:33:00"/>
	<testcase classname="create_formatted_resistance_string_tests.CreateFormattedResistanceStringTests" name="testCreateFormattedResistanceStringFourBandOrangeRedGreyGreen" time="0.000" timestamp="2018-10-19T20:33:00"/>
	<testcase classname="create_formatted_resistance_string_tests.CreateFormattedResistanceStringTests" name="testCreateFormattedResistanceStringFourBandOrangeRedGreyGrey" time="0.000" timestamp="2018-10-19T20:33:00"/>
	<testcase classname="create_formatted_resistance_string_tests.CreateFormattedResistanceStringTests" name="testCreateFormattedResistanceStringFourBandOrangeRedGreyNone" time="0.000" timestamp="2018-10-19T20:33:00"/>
	<testcase classname="create_formatted_resistance_string_tests.CreateFormattedResistanceStringTests" name="testCreateFormattedResistanceStringFourBandOrangeRedGreyRed" time="0.000" timestamp="2018-10-19T20:33:00"/>
	<testcase classname="create_formatted_resistance_string_tests.CreateFormattedResistanceStringTests" name="testCreateFormattedResistanceStringFourBandOrangeRedGreySilver" time="0.000" timestamp="2018-10-19T20:33:00"/>
	<testcase classname="create_formatted_resistance_string_tests.CreateFormattedResistanceStringTests" name="testCreateFormattedResistanceStringFourBandOrangeRedGreyViolet" time="0.000" timestamp="2018-10-19T20:33:00"/>
	<testcase classname="create_formatted_resistance_string_tests.CreateFormattedResistanceStringTests" name="testCreateFormattedResistanceStringFourBandOrangeRedOrangeBlue" time="0.000" timestamp="2018-10-19T20:33:00"/>
	<testcase classname="create_formatted_resistance_string_tests.CreateFormattedResistanceStringTests" name="testCreateFormattedResistanceStringFourBandOrangeRedOrangeBrown" time="0.000" timestamp="2018-10-19T20:33:00"/>
	<testcase classname="create_formatted_resistance_string_tests.CreateFormattedResistanceStringTests" name="testCreateFormattedResistanceStringFourBandOrangeRedOrangeGold" time="0.000" timestamp="2018-10-19T20:33:00"/>
	<testcase classname="create_formatted_resistance_string_tests.CreateFormattedResistanceStringTests" name="testCreateFormattedResistanceStringFourBandOrangeRedOrangeGreen" time="0.000" timestamp="2018-10-19T20:33:00"/>
	<testcase classname="create_formatted_resistance_string_tests.CreateFormattedResistanceStringTests" name="testCreateFormattedResistanceStringFourBandOrangeRedOrangeGrey" time="0.000" timestamp="2018-10-19T20:33:00"/>
	<testcase classname="create_formatted_resistance_string_tests.CreateFormattedResistanceStringTests" name="testCreateFormattedResistanceStringFourBandOrangeRedOrangeNone" time="0.000" timestamp="2018-10-19T20:33:00"/>
	<testcase classname="create_formatted_resistance_string_tests.CreateFormattedResistanceStringTests" name="testCreateFormattedResistanceStringFourBandOrangeRedOrangeRed" time="0.000" timestamp="2018-10-19T20:33:00"/>
	<testcase classname="create_formatted_resistance_string_tests.CreateFormattedResistanceStringTests" name="testCreateFormattedResistanceStringFourBandOrangeRedOrangeSilver" time="0.000" timestamp="2018-10-19T20:33:00"/>
	<testcase classname="create_formatted_resistance_string_tests.CreateFormattedResistanceStringTests" name="testCreateFormattedResistanceStringFourBandOrangeRedOrangeViolet" time="0.000" timestamp="2018-10-19T20:33:00"/>
	<testcase classname="create_formatted_resistance_string_tests.CreateFormattedResistanceStringTests" name="testCreateFormattedResistanceStringFourBandOrangeRedRedBlue" time="0.000" timestamp="2018-10-19T20:33:00"/>
	<testcase classname="create_formatted_resistance_string_tests.CreateFormattedResistanceStringTests" name="testCreateFormattedResistanceStringFourBandOrangeRedRedBrown" time="0.000" timestamp="2018-10-19T20:33:00"/>
	<testcase classname="create_formatted_resistance_string_tests.CreateFormattedResistanceStringTests" name="testCreateFormattedResistanceStringFourBandOrangeRedRedGold" time="0.000" timestamp="2018-10-19T20:33:00"/>
	<testcase classname="create_formatted_resistance_string_tests.CreateFormattedResistanceStringTests" name="testCreateFormattedResistanceStringFourBandOrangeRedRedGreen" time="0.000" timestamp="2018-10-19T20:33:00"/>
	<testcase classname="create_formatted_resistance_string_tests.CreateFormattedResistanceStringTests" name="testCreateFormattedResistanceStringFourBandOrangeRedRedGrey" time="0.000" timestamp="2018-10-19T20:33:00"/>
	<testcase classname="create_formatted_resistance_string_tests.CreateFormattedResistanceStringTests" name="testCreateFormattedResistanceStringFourBandOrangeRedRedNone" time="0.000" timestamp="2018-10-19T20:33:00"/>
	<testcase classname="create_formatted_resistance_string_tests.CreateFormattedResistanceStringTests" name="testCreateFormattedResistanceStringFourBandOrangeRedRedRed" time="0.000" timestamp="2018-10-19T20:33:00"/>
	<testcase classname="create_formatted_resistance_string_tests.CreateFormattedResistanceStringTests" name="testCreateFormattedResistanceStringFourBandOrangeRedRedSilver" time="0.000" timestamp="2018-10-19T20:33:00"/>
	<testcase classname="create_formatted_resistance_string_tests.CreateFormattedResistanceStringTests" name="testCreateFormattedResistanceStringFourBandOrangeRedRedViolet" time="0.000" timestamp="2018-10-19T20:33:00"/>
	<testcase classname="create_formatted_resistance_string_tests.CreateFormattedResistanceStringTests" name="testCreateFormattedResistanceStringFourBandOrangeRedSilverBlue" time="0.000" timestamp="2018-10-19T20:33:00"/>
	<testcase classname="create_formatted_resistance_string_tests.CreateFormattedResistanceStringTests" name="testCreateFormattedResistanceStringFourBandOrangeRedSilverBrown" time="0.000" timestamp="2018-10-19T20:33:00"/>
	<testcase classname="create_formatted_resistance_string_tests.CreateFormattedResistanceStringTests" name="testCreateFormattedResistanceStringFourBandOrangeRedSilverGold" time="0.000" timestamp="2018-10-19T20:33:00"/>
	<testcase classname="create_formatted_resistance_string_tests.CreateFormattedResistanceStringTests" name="testCreateFormattedResistanceStringFourBandOrangeRedSilverGreen" time="0.000" timestamp="2018-10-19T20:33:00"/>
	<testcase classname="create_formatted_resistance_string_tests.CreateFormattedResistanceStringTests" name="testCreateFormattedResistanceStringFourBandOrangeRedSilverGrey" time="0.000" timestamp="2018-10-19T20:33:00"/>
	<testcase classname="create_formatted_resistance_string_tests.CreateFormattedResistanceStringTests" name="testCreateFormattedResistanceStringFourBandOrangeRedSilverNone" time="0.000" timestamp="2018-10-19T20:33:00"/>
	<testcase classname="create_formatted_resistance_string_tests.CreateFormattedResistanceStringTests" name="testCreateFormattedResistanceStringFourBandOrangeRedSilverRed" time="0.000" timestamp="2018-10-19T20:33:00"/>
	<testcase classname="create_formatted_resistance_string_tests.CreateFormattedResistanceStringTests" name="testCreateFormattedResistanceStringFourBandOrangeRedSilverSilver" time="0.000" timestamp="2018-10-19T20:33:00"/>
	<testcase classname="create_formatted_resistance_string_tests.CreateFormattedResistanceStringTests" name="testCreateFormattedResistanceStringFourBandOrangeRedSilverViolet" time="0.000" timestamp="2018-10-19T20:33:00"/>
	<testcase classname="create_formatted_resistance_string_tests.CreateFormattedResistanceStringTests" name="testCreateFormattedResistanceStringFourBandOrangeRedVioletBlue" time="0.000" timestamp="2018-10-19T20:33:00"/>
	<testcase classname="create_formatted_resistance_string_tests.CreateFormattedResistanceStringTests" name="testCreateFormattedResistanceStringFourBandOrangeRedVioletBrown" time="0.000" timestamp="2018-10-19T20:33:00"/>
	<testcase classname="create_formatted_resistance_string_tests.CreateFormattedResistanceStringTests" name="testCreateFormattedResistanceStringFourBandOrangeRedVioletGold" time="0.000" timestamp="2018-10-19T20:33:00"/>
	<testcase classname="create_formatted_resistance_string_tests.CreateFormattedResistanceStringTests" name="testCreateFormattedResistanceStringFourBandOrangeRedVioletGreen" time="0.000" timestamp="2018-10-19T20:33:00"/>
	<testcase classname="create_formatted_resistance_string_tests.CreateFormattedResistanceStringTests" name="testCreateFormattedResistanceStringFourBandOrangeRedVioletGrey" time="0.000" timestamp="2018-10-19T20:33:00"/>
	<testcase classname="create_formatted_resistance_string_tests.CreateFormattedResistanceStringTests" name="testCreateFormattedResistanceStringFourBandOrangeRedVioletNone" time="0.000" timestamp="2018-10-19T20:33:00"/>
	<testcase classname="create_formatted_resistance_string_tests.CreateFormattedResistanceStringTests" name="testCreateFormattedResistanceStringFourBandOrangeRedVioletRed" time="0.000" timestamp="2018-10-19T20:33:00"/>
	<testcase classname="create_formatted_resistance_string_tests.CreateFormattedResistanceStringTests" name="testCreateFormattedResistanceStringFourBandOrangeRedVioletSilver" time="0.000" timestamp="2018-10-19T20:33:00"/>
	<testcase classname="create_formatted_resistance_string_tests.CreateFormattedResistanceStringTests" name="testCreateFormattedResistanceStringFourBandOrangeRedVioletViolet" time="0.000" timestamp="2018-10-19T20:33:00"/>
	<testcase classname="create_formatted_resistance_string_tests.CreateFormattedResistanceStringTests" name="testCreateFormattedResistanceStringFourBandOrangeRedWhiteBlue" time="0.000" timestamp="2018-10-19T20:33:00"/>
	<testcase classname="create_formatted_resistance_string_tests.CreateFormattedResistanceStringTests" name="testCreateFormattedResistanceStringFourBandOrangeRedWhiteBrown" time="0.000" timestamp="2018-10-19T20:33:00"/>
	<testcase classname="create_formatted_resistance_string_tests.CreateFormattedResistanceStringTests" name="testCreateFormattedResistanceStringFourBandOrangeRedWhiteGold" time="0.000" timestamp="2018-10-19T20:33:00"/>
	<testcase classname="create_formatted_resistance_string_tests.CreateFormattedResistanceStringTests" name="testCreateFormattedResistanceStringFourBandOrangeRedWhiteGreen" time="0.000" timestamp="2018-10-19T20:33:00"/>
	<testcase classname="create_formatted_resistance_string_tests.CreateFormattedResistanceStringTests" name="testCreateFormattedResistanceStringFourBandOrangeRedWhiteGrey" time="0.000" timestamp="2018-10-19T20:33:00"/>
	<testcase classname="create_formatted_resistance_string_tests.CreateFormattedResistanceStringTests" name="testCreateFormattedResistanceStringFourBandOrangeRedWhiteNone" time="0.000" timestamp="2018-10-19T20:33:00"/>
	<testcase classname="create_formatted_resistance_string_tests.CreateFormattedResistanceStringTests" name="testCreateFormattedResistanceStringFourBandOrangeRedWhiteRed" time="0.000" timestamp="2018-10-19T20:33:00"/>
	<testcase classname="create_formatted_resistance_string_tests.CreateFormattedResistanceStringTests" name="testCreateFormattedResistanceStringFourBandOrangeRedWhiteSilver" time="0.000" timestamp="2018-10-19T20:33:00"/>
	<testcase classname="create_formatted_resistance_string_tests.CreateFormattedResistanceStringTests" name="testCreateFormattedResistanceStringFourBandOrangeRedWhiteViolet" time="0.000" timestamp="2018-10-19T20:33:00"/>
	<testcase classname="create_formatted_resistance_string_tests.CreateFormattedResistanceStringTests" name="testCreateFormattedResistanceStringFourBandOrangeRedYellowBlue" time="0.000" timestamp="2018-10-19T20:33:00"/>
	<testcase classname="create_formatted_resistance_string_tests.CreateFormattedResistanceStringTests" name="testCreateFormattedResistanceStringFourBandOrangeRedYellowBrown" time="0.000" timestamp="2018-10-19T20:33:00"/>
	<testcase classname="create_formatted_resistance_string_tests.CreateFormattedResistanceStringTests" name="testCreateFormattedResistanceStringFourBandOrangeRedYellowGold" time="0.000" timestamp="2018-10-19T20:33:00"/>
	<testcase classname="create_formatted_resistance_string_tests.CreateFormattedResistanceStringTests" name="testCreateFormattedResistanceStringFourBandOrangeRedYellowGreen" time="0.000" timestamp="2018-10-19T20:33:00"/>
	<testcase classname="create_formatted_resistance_string_tests.CreateFormattedResistanceStringTests" name="testCreateFormattedResistanceStringFourBandOrangeRedYellowGrey" time="0.000" timestamp="2018-10-19T20:33:00"/>
	<testcase classname="create_formatted_resistance_string_tests.CreateFormattedResistanceStringTests" name="testCreateFormattedResistanceStringFourBandOrangeRedYellowNone" time="0.000" timestamp="2018-10-19T20:33:00"/>
	<testcase classname="create_formatted_resistance_string_tests.CreateFormattedResistanceStringTests" name="testCreateFormattedResistanceStringFourBandOrangeRedYellowRed" time="0.000" timestamp="2018-10-19T20:33:00"/>
	<testcase classname="create_formatted_resistance_string_tests.CreateFormattedResistanceStringTests" name="testCreateFormattedResistanceStringFourBandOrangeRedYellowSilver" time="0.000" timestamp="2018-10-19T20:33:00"/>
	<testcase classname="create_formatted_resistance_string_tests.CreateFormattedResistanceStringTests" name="testCreateFormattedResistanceStringFourBandOrangeRedYellowViolet" time="0.000" timestamp="2018-10-19T20:33:00"/>
	<testcase classname="create_formatted_resistance_string_tests.CreateFormattedResistanceStringTests" name="testCreateFormattedResistanceStringFourBandOrangeVioletBlackBlue" time="0.000" timestamp="2018-10-19T20:33:00"/>
	<testcase classname="create_formatted_resistance_string_tests.CreateFormattedResistanceStringTests" name="testCreateFormattedResistanceStringFourBandOrangeVioletBlackBrown" time="0.000" timestamp="2018-10-19T20:33:00"/>
	<testcase classname="create_formatted_resistance_string_tests.CreateFormattedResistanceStringTests" name="testCreateFormattedResistanceStringFourBandOrangeVioletBlackGold" time="0.000" timestamp="2018-10-19T20:33:00"/>
	<testcase classname="create_formatted_resistance_string_tests.CreateFormattedResistanceStringTests" name="testCreateFormattedResistanceStringFourBandOrangeVioletBlackGreen" time="0.000" timestamp="2018-10-19T20:33:00"/>
	<testcase classname="create_formatted_resistance_string_tests.CreateFormattedResistanceStringTests" name="testCreateFormattedResistanceStringFourBandOrangeVioletBlackGrey" time="0.000" timestamp="2018-10-19T20:33:00"/>
	<testcase classname="create_formatted_resistance_string_tests.CreateFormattedResistanceStringTests" name="testCreateFormattedResistanceStringFourBandOrangeVioletBlackNone" time="0.000" timestamp="2018-10-19T20:33:00"/>
	<testcase classname="create_formatted_resistance_string_tests.CreateFormattedResistanceStringTests" name="testCreateFormattedResistanceStringFourBandOrangeVioletBlackRed" time="0.000" timestamp="2018-10-19T20:33:00"/>
	<testcase classname="create_formatted_resistance_string_tests.CreateFormattedResistanceStringTests" name="testCreateFormattedResistanceStringFourBandOrangeVioletBlackSilver" time="0.000" timestamp="2018-10-19T20:33:00"/>
	<testcase classname="create_formatted_resistance_string_tests.CreateFormattedResistanceStringTests" name="testCreateFormattedResistanceStringFourBandOrangeVioletBlackViolet" time="0.000" timestamp="2018-10-19T20:33:00"/>
	<testcase classname="create_formatted_resistance_string_tests.CreateFormattedResistanceStringTests" name="testCreateFormattedResistanceStringFourBandOrangeVioletBlueBlue" time="0.000" timestamp="2018-10-19T20:33:00"/>
	<testcase classname="create_formatted_resistance_string_tests.CreateFormattedResistanceStringTests" name="testCreateFormattedResistanceStringFourBandOrangeVioletBlueBrown" time="0.000" timestamp="2018-10-19T20:33:00"/>
	<testcase classname="create_formatted_resistance_string_tests.CreateFormattedResistanceStringTests" name="testCreateFormattedResistanceStringFourBandOrangeVioletBlueGold" time="0.000" timestamp="2018-10-19T20:33:00"/>
	<testcase classname="create_formatted_resistance_string_tests.CreateFormattedResistanceStringTests" name="testCreateFormattedResistanceStringFourBandOrangeVioletBlueGreen" time="0.000" timestamp="2018-10-19T20:33:00"/>
	<testcase classname="create_formatted_resistance_string_tests.CreateFormattedResistanceStringTests" name="testCreateFormattedResistanceStringFourBandOrangeVioletBlueGrey" time="0.000" timestamp="2018-10-19T20:33:00"/>
	<testcase classname="create_formatted_resistance_string_tests.CreateFormattedResistanceStringTests" name="testCreateFormattedResistanceStringFourBandOrangeVioletBlueNone" time="0.000" timestamp="2018-10-19T20:33:00"/>
	<testcase classname="create_formatted_resistance_string_tests.CreateFormattedResistanceStringTests" name="testCreateFormattedResistanceStringFourBandOrangeVioletBlueRed" time="0.000" timestamp="2018-10-19T20:33:00"/>
	<testcase classname="create_formatted_resistance_string_tests.CreateFormattedResistanceStringTests" name="testCreateFormattedResistanceStringFourBandOrangeVioletBlueSilver" time="0.000" timestamp="2018-10-19T20:33:00"/>
	<testcase classname="create_formatted_resistance_string_tests.CreateFormattedResistanceStringTests" name="testCreateFormattedResistanceStringFourBandOrangeVioletBlueViolet" time="0.000" timestamp="2018-10-19T20:33:00"/>
	<testcase classname="create_formatted_resistance_string_tests.CreateFormattedResistanceStringTests" name="testCreateFormattedResistanceStringFourBandOrangeVioletBrownBlue" time="0.000" timestamp="2018-10-19T20:33:00"/>
	<testcase classname="create_formatted_resistance_string_tests.CreateFormattedResistanceStringTests" name="testCreateFormattedResistanceStringFourBandOrangeVioletBrownBrown" time="0.000" timestamp="2018-10-19T20:33:00"/>
	<testcase classname="create_formatted_resistance_string_tests.CreateFormattedResistanceStringTests" name="testCreateFormattedResistanceStringFourBandOrangeVioletBrownGold" time="0.000" timestamp="2018-10-19T20:33:00"/>
	<testcase classname="create_formatted_resistance_string_tests.CreateFormattedResistanceStringTests" name="testCreateFormattedResistanceStringFourBandOrangeVioletBrownGreen" time="0.000" timestamp="2018-10-19T20:33:00"/>
	<testcase classname="create_formatted_resistance_string_tests.CreateFormattedResistanceStringTests" name="testCreateFormattedResistanceStringFourBandOrangeVioletBrownGrey" time="0.000" timestamp="2018-10-19T20:33:00"/>
	<testcase classname="create_formatted_resistance_string_tests.CreateFormattedResistanceStringTests" name="testCreateFormattedResistanceStringFourBandOrangeVioletBrownNone" time="0.000" timestamp="2018-10-19T20:33:00"/>
	<testcase classname="create_formatted_resistance_string_tests.CreateFormattedResistanceStringTests" name="testCreateFormattedResistanceStringFourBandOrangeVioletBrownRed" time="0.000" timestamp="2018-10-19T20:33:00"/>
	<testcase classname="create_formatted_resistance_string_tests.CreateFormattedResistanceStringTests" name="testCreateFormattedResistanceStringFourBandOrangeVioletBrownSilver" time="0.000" timestamp="2018-10-19T20:33:00"/>
	<testcase classname="create_formatted_resistance_string_tests.CreateFormattedResistanceStringTests" name="testCreateFormattedResistanceStringFourBandOrangeVioletBrownViolet" time="0.000" timestamp="2018-10-19T20:33:00"/>
	<testcase classname="create_formatted_resistance_string_tests.CreateFormattedResistanceStringTests" name="testCreateFormattedResistanceStringFourBandOrangeVioletGoldBlue" time="0.000" timestamp="2018-10-19T20:33:00"/>
	<testcase classname="create_formatted_resistance_string_tests.CreateFormattedResistanceStringTests" name="testCreateFormattedResistanceStringFourBandOrangeVioletGoldBrown" time="0.000" timestamp="2018-10-19T20:33:00"/>
	<testcase classname="create_formatted_resistance_string_tests.CreateFormattedResistanceStringTests" name="testCreateFormattedResistanceStringFourBandOrangeVioletGoldGold" time="0.000" timestamp="2018-10-19T20:33:00"/>
	<testcase classname="create_formatted_resistance_string_tests.CreateFormattedResistanceStringTests" name="testCreateFormattedResistanceStringFourBandOrangeVioletGoldGreen" time="0.000" timestamp="2018-10-19T20:33:00"/>
	<testcase classname="create_formatted_resistance_string_tests.CreateFormattedResistanceStringTests" name="testCreateFormattedResistanceStringFourBandOrangeVioletGoldGrey" time="0.000" timestamp="2018-10-19T20:33:00"/>
	<testcase classname="create_formatted_resistance_string_tests.CreateFormattedResistanceStringTests" name="testCreateFormattedResistanceStringFourBandOrangeVioletGoldNone" time="0.000" timestamp="2018-10-19T20:33:00"/>
	<testcase classname="create_formatted_resistance_string_tests.CreateFormattedResistanceStringTests" name="testCreateFormattedResistanceStringFourBandOrangeVioletGoldRed" time="0.000" timestamp="2018-10-19T20:33:00"/>
	<testcase classname="create_formatted_resistance_string_tests.CreateFormattedResistanceStringTests" name="testCreateFormattedResistanceStringFourBandOrangeVioletGoldSilver" time="0.000" timestamp="2018-10-19T20:33:00"/>
	<testcase classname="create_formatted_resistance_string_tests.CreateFormattedResistanceStringTests" name="testCreateFormattedResistanceStringFourBandOrangeVioletGoldViolet" time="0.000" timestamp="2018-10-19T20:33:00"/>
	<testcase classname="create_formatted_resistance_string_tests.CreateFormattedResistanceStringTests" name="testCreateFormattedResistanceStringFourBandOrangeVioletGreenBlue" time="0.000" timestamp="2018-10-19T20:33:00"/>
	<testcase classname="create_formatted_resistance_string_tests.CreateFormattedResistanceStringTests" name="testCreateFormattedResistanceStringFourBandOrangeVioletGreenBrown" time="0.000" timestamp="2018-10-19T20:33:00"/>
	<testcase classname="create_formatted_resistance_string_tests.CreateFormattedResistanceStringTests" name="testCreateFormattedResistanceStringFourBandOrangeVioletGreenGold" time="0.000" timestamp="2018-10-19T20:33:00"/>
	<testcase classname="create_formatted_resistance_string_tests.CreateFormattedResistanceStringTests" name="testCreateFormattedResistanceStringFourBandOrangeVioletGreenGreen" time="0.000" timestamp="2018-10-19T20:33:00"/>
	<testcase classname="create_formatted_resistance_string_tests.CreateFormattedResistanceStringTests" name="testCreateFormattedResistanceStringFourBandOrangeVioletGreenGrey" time="0.000" timestamp="2018-10-19T20:33:00"/>
	<testcase classname="create_formatted_resistance_string_tests.CreateFormattedResistanceStringTests" name="testCreateFormattedResistanceStringFourBandOrangeVioletGreenNone" time="0.000" timestamp="2018-10-19T20:33:00"/>
	<testcase classname="create_formatted_resistance_string_tests.CreateFormattedResistanceStringTests" name="testCreateFormattedResistanceStringFourBandOrangeVioletGreenRed" time="0.000" timestamp="2018-10-19T20:33:00"/>
	<testcase classname="create_formatted_resistance_string_tests.CreateFormattedResistanceStringTests" name="testCreateFormattedResistanceStringFourBandOrangeVioletGreenSilver" time="0.000" timestamp="2018-10-19T20:33:00"/>
	<testcase classname="create_formatted_resistance_string_tests.CreateFormattedResistanceStringTests" name="testCreateFormattedResistanceStringFourBandOrangeVioletGreenViolet" time="0.000" timestamp="2018-10-19T20:33:00"/>
	<testcase classname="create_formatted_resistance_string_tests.CreateFormattedResistanceStringTests" name="testCreateFormattedResistanceStringFourBandOrangeVioletGreyBlue" time="0.000" timestamp="2018-10-19T20:33:00"/>
	<testcase classname="create_formatted_resistance_string_tests.CreateFormattedResistanceStringTests" name="testCreateFormattedResistanceStringFourBandOrangeVioletGreyBrown" time="0.000" timestamp="2018-10-19T20:33:00"/>
	<testcase classname="create_formatted_resistance_string_tests.CreateFormattedResistanceStringTests" name="testCreateFormattedResistanceStringFourBandOrangeVioletGreyGold" time="0.000" timestamp="2018-10-19T20:33:00"/>
	<testcase classname="create_formatted_resistance_string_tests.CreateFormattedResistanceStringTests" name="testCreateFormattedResistanceStringFourBandOrangeVioletGreyGreen" time="0.000" timestamp="2018-10-19T20:33:00"/>
	<testcase classname="create_formatted_resistance_string_tests.CreateFormattedResistanceStringTests" name="testCreateFormattedResistanceStringFourBandOrangeVioletGreyGrey" time="0.000" timestamp="2018-10-19T20:33:00"/>
	<testcase classname="create_formatted_resistance_string_tests.CreateFormattedResistanceStringTests" name="testCreateFormattedResistanceStringFourBandOrangeVioletGreyNone" time="0.000" timestamp="2018-10-19T20:33:00"/>
	<testcase classname="create_formatted_resistance_string_tests.CreateFormattedResistanceStringTests" name="testCreateFormattedResistanceStringFourBandOrangeVioletGreyRed" time="0.000" timestamp="2018-10-19T20:33:00"/>
	<testcase classname="create_formatted_resistance_string_tests.CreateFormattedResistanceStringTests" name="testCreateFormattedResistanceStringFourBandOrangeVioletGreySilver" time="0.000" timestamp="2018-10-19T20:33:00"/>
	<testcase classname="create_formatted_resistance_string_tests.CreateFormattedResistanceStringTests" name="testCreateFormattedResistanceStringFourBandOrangeVioletGreyViolet" time="0.000" timestamp="2018-10-19T20:33:00"/>
	<testcase classname="create_formatted_resistance_string_tests.CreateFormattedResistanceStringTests" name="testCreateFormattedResistanceStringFourBandOrangeVioletOrangeBlue" time="0.000" timestamp="2018-10-19T20:33:00"/>
	<testcase classname="create_formatted_resistance_string_tests.CreateFormattedResistanceStringTests" name="testCreateFormattedResistanceStringFourBandOrangeVioletOrangeBrown" time="0.000" timestamp="2018-10-19T20:33:00"/>
	<testcase classname="create_formatted_resistance_string_tests.CreateFormattedResistanceStringTests" name="testCreateFormattedResistanceStringFourBandOrangeVioletOrangeGold" time="0.000" timestamp="2018-10-19T20:33:00"/>
	<testcase classname="create_formatted_resistance_string_tests.CreateFormattedResistanceStringTests" name="testCreateFormattedResistanceStringFourBandOrangeVioletOrangeGreen" time="0.000" timestamp="2018-10-19T20:33:00"/>
	<testcase classname="create_formatted_resistance_string_tests.CreateFormattedResistanceStringTests" name="testCreateFormattedResistanceStringFourBandOrangeVioletOrangeGrey" time="0.000" timestamp="2018-10-19T20:33:00"/>
	<testcase classname="create_formatted_resistance_string_tests.CreateFormattedResistanceStringTests" name="testCreateFormattedResistanceStringFourBandOrangeVioletOrangeNone" time="0.000" timestamp="2018-10-19T20:33:00"/>
	<testcase classname="create_formatted_resistance_string_tests.CreateFormattedResistanceStringTests" name="testCreateFormattedResistanceStringFourBandOrangeVioletOrangeRed" time="0.000" timestamp="2018-10-19T20:33:00"/>
	<testcase classname="create_formatted_resistance_string_tests.CreateFormattedResistanceStringTests" name="testCreateFormattedResistanceStringFourBandOrangeVioletOrangeSilver" time="0.000" timestamp="2018-10-19T20:33:00"/>
	<testcase classname="create_formatted_resistance_string_tests.CreateFormattedResistanceStringTests" name="testCreateFormattedResistanceStringFourBandOrangeVioletOrangeViolet" time="0.000" timestamp="2018-10-19T20:33:00"/>
	<testcase classname="create_formatted_resistance_string_tests.CreateFormattedResistanceStringTests" name="testCreateFormattedResistanceStringFourBandOrangeVioletRedBlue" time="0.000" timestamp="2018-10-19T20:33:00"/>
	<testcase classname="create_formatted_resistance_string_tests.CreateFormattedResistanceStringTests" name="testCreateFormattedResistanceStringFourBandOrangeVioletRedBrown" time="0.000" timestamp="2018-10-19T20:33:00"/>
	<testcase classname="create_formatted_resistance_string_tests.CreateFormattedResistanceStringTests" name="testCreateFormattedResistanceStringFourBandOrangeVioletRedGold" time="0.000" timestamp="2018-10-19T20:33:00"/>
	<testcase classname="create_formatted_resistance_string_tests.CreateFormattedResistanceStringTests" name="testCreateFormattedResistanceStringFourBandOrangeVioletRedGreen" time="0.000" timestamp="2018-10-19T20:33:00"/>
	<testcase classname="create_formatted_resistance_string_tests.CreateFormattedResistanceStringTests" name="testCreateFormattedResistanceStringFourBandOrangeVioletRedGrey" time="0.000" timestamp="2018-10-19T20:33:00"/>
	<testcase classname="create_formatted_resistance_string_tests.CreateFormattedResistanceStringTests" name="testCreateFormattedResistanceStringFourBandOrangeVioletRedNone" time="0.000" timestamp="2018-10-19T20:33:00"/>
	<testcase classname="create_formatted_resistance_string_tests.CreateFormattedResistanceStringTests" name="testCreateFormattedResistanceStringFourBandOrangeVioletRedRed" time="0.000" timestamp="2018-10-19T20:33:00"/>
	<testcase classname="create_formatted_resistance_string_tests.CreateFormattedResistanceStringTests" name="testCreateFormattedResistanceStringFourBandOrangeVioletRedSilver" time="0.000" timestamp="2018-10-19T20:33:00"/>
	<testcase classname="create_formatted_resistance_string_tests.CreateFormattedResistanceStringTests" name="testCreateFormattedResistanceStringFourBandOrangeVioletRedViolet" time="0.000" timestamp="2018-10-19T20:33:00"/>
	<testcase classname="create_formatted_resistance_string_tests.CreateFormattedResistanceStringTests" name="testCreateFormattedResistanceStringFourBandOrangeVioletSilverBlue" time="0.000" timestamp="2018-10-19T20:33:00"/>
	<testcase classname="create_formatted_resistance_string_tests.CreateFormattedResistanceStringTests" name="testCreateFormattedResistanceStringFourBandOrangeVioletSilverBrown" time="0.000" timestamp="2018-10-19T20:33:00"/>
	<testcase classname="create_formatted_resistance_string_tests.CreateFormattedResistanceStringTests" name="testCreateFormattedResistanceStringFourBandOrangeVioletSilverGold" time="0.000" timestamp="2018-10-19T20:33:00"/>
	<testcase classname="create_formatted_resistance_string_tests.CreateFormattedResistanceStringTests" name="testCreateFormattedResistanceStringFourBandOrangeVioletSilverGreen" time="0.000" timestamp="2018-10-19T20:33:00"/>
	<testcase classname="create_formatted_resistance_string_tests.CreateFormattedResistanceStringTests" name="testCreateFormattedResistanceStringFourBandOrangeVioletSilverGrey" time="0.000" timestamp="2018-10-19T20:33:00"/>
	<testcase classname="create_formatted_resistance_string_tests.CreateFormattedResistanceStringTests" name="testCreateFormattedResistanceStringFourBandOrangeVioletSilverNone" time="0.000" timestamp="2018-10-19T20:33:00"/>
	<testcase classname="create_formatted_resistance_string_tests.CreateFormattedResistanceStringTests" name="testCreateFormattedResistanceStringFourBandOrangeVioletSilverRed" time="0.000" timestamp="2018-10-19T20:33:00"/>
	<testcase classname="create_formatted_resistance_string_tests.CreateFormattedResistanceStringTests" name="testCreateFormattedResistanceStringFourBandOrangeVioletSilverSilver" time="0.000" timestamp="2018-10-19T20:33:00"/>
	<testcase classname="create_formatted_resistance_string_tests.CreateFormattedResistanceStringTests" name="testCreateFormattedResistanceStringFourBandOrangeVioletSilverViolet" time="0.000" timestamp="2018-10-19T20:33:00"/>
	<testcase classname="create_formatted_resistance_string_tests.CreateFormattedResistanceStringTests" name="testCreateFormattedResistanceStringFourBandOrangeVioletVioletBlue" time="0.000" timestamp="2018-10-19T20:33:00"/>
	<testcase classname="create_formatted_resistance_string_tests.CreateFormattedResistanceStringTests" name="testCreateFormattedResistanceStringFourBandOrangeVioletVioletBrown" time="0.000" timestamp="2018-10-19T20:33:00"/>
	<testcase classname="create_formatted_resistance_string_tests.CreateFormattedResistanceStringTests" name="testCreateFormattedResistanceStringFourBandOrangeVioletVioletGold" time="0.000" timestamp="2018-10-19T20:33:00"/>
	<testcase classname="create_formatted_resistance_string_tests.CreateFormattedResistanceStringTests" name="testCreateFormattedResistanceStringFourBandOrangeVioletVioletGreen" time="0.000" timestamp="2018-10-19T20:33:00"/>
	<testcase classname="create_formatted_resistance_string_tests.CreateFormattedResistanceStringTests" name="testCreateFormattedResistanceStringFourBandOrangeVioletVioletGrey" time="0.000" timestamp="2018-10-19T20:33:00"/>
	<testcase classname="create_formatted_resistance_string_tests.CreateFormattedResistanceStringTests" name="testCreateFormattedResistanceStringFourBandOrangeVioletVioletNone" time="0.000" timestamp="2018-10-19T20:33:00"/>
	<testcase classname="create_formatted_resistance_string_tests.CreateFormattedResistanceStringTests" name="testCreateFormattedResistanceStringFourBandOrangeVioletVioletRed" time="0.000" timestamp="2018-10-19T20:33:00"/>
	<testcase classname="create_formatted_resistance_string_tests.CreateFormattedResistanceStringTests" name="testCreateFormattedResistanceStringFourBandOrangeVioletVioletSilver" time="0.000" timestamp="2018-10-19T20:33:00"/>
	<testcase classname="create_formatted_resistance_string_tests.CreateFormattedResistanceStringTests" name="testCreateFormattedResistanceStringFourBandOrangeVioletVioletViolet" time="0.000" timestamp="2018-10-19T20:33:00"/>
	<testcase classname="create_formatted_resistance_string_tests.CreateFormattedResistanceStringTests" name="testCreateFormattedResistanceStringFourBandOrangeVioletWhiteBlue" time="0.000" timestamp="2018-10-19T20:33:00"/>
	<testcase classname="create_formatted_resistance_string_tests.CreateFormattedResistanceStringTests" name="testCreateFormattedResistanceStringFourBandOrangeVioletWhiteBrown" time="0.000" timestamp="2018-10-19T20:33:00"/>
	<testcase classname="create_formatted_resistance_string_tests.CreateFormattedResistanceStringTests" name="testCreateFormattedResistanceStringFourBandOrangeVioletWhiteGold" time="0.000" timestamp="2018-10-19T20:33:00"/>
	<testcase classname="create_formatted_resistance_string_tests.CreateFormattedResistanceStringTests" name="testCreateFormattedResistanceStringFourBandOrangeVioletWhiteGreen" time="0.000" timestamp="2018-10-19T20:33:00"/>
	<testcase classname="create_formatted_resistance_string_tests.CreateFormattedResistanceStringTests" name="testCreateFormattedResistanceStringFourBandOrangeVioletWhiteGrey" time="0.000" timestamp="2018-10-19T20:33:00"/>
	<testcase classname="create_formatted_resistance_string_tests.CreateFormattedResistanceStringTests" name="testCreateFormattedResistanceStringFourBandOrangeVioletWhiteNone" time="0.000" timestamp="2018-10-19T20:33:00"/>
	<testcase classname="create_formatted_resistance_string_tests.CreateFormattedResistanceStringTests" name="testCreateFormattedResistanceStringFourBandOrangeVioletWhiteRed" time="0.000" timestamp="2018-10-19T20:33:00"/>
	<testcase classname="create_formatted_resistance_string_tests.CreateFormattedResistanceStringTests" name="testCreateFormattedResistanceStringFourBandOrangeVioletWhiteSilver" time="0.000" timestamp="2018-10-19T20:33:00"/>
	<testcase classname="create_formatted_resistance_string_tests.CreateFormattedResistanceStringTests" name="testCreateFormattedResistanceStringFourBandOrangeVioletWhiteViolet" time="0.000" timestamp="2018-10-19T20:33:00"/>
	<testcase classname="create_formatted_resistance_string_tests.CreateFormattedResistanceStringTests" name="testCreateFormattedResistanceStringFourBandOrangeVioletYellowBlue" time="0.000" timestamp="2018-10-19T20:33:00"/>
	<testcase classname="create_formatted_resistance_string_tests.CreateFormattedResistanceStringTests" name="testCreateFormattedResistanceStringFourBandOrangeVioletYellowBrown" time="0.000" timestamp="2018-10-19T20:33:00"/>
	<testcase classname="create_formatted_resistance_string_tests.CreateFormattedResistanceStringTests" name="testCreateFormattedResistanceStringFourBandOrangeVioletYellowGold" time="0.000" timestamp="2018-10-19T20:33:00"/>
	<testcase classname="create_formatted_resistance_string_tests.CreateFormattedResistanceStringTests" name="testCreateFormattedResistanceStringFourBandOrangeVioletYellowGreen" time="0.000" timestamp="2018-10-19T20:33:00"/>
	<testcase classname="create_formatted_resistance_string_tests.CreateFormattedResistanceStringTests" name="testCreateFormattedResistanceStringFourBandOrangeVioletYellowGrey" time="0.000" timestamp="2018-10-19T20:33:00"/>
	<testcase classname="create_formatted_resistance_string_tests.CreateFormattedResistanceStringTests" name="testCreateFormattedResistanceStringFourBandOrangeVioletYellowNone" time="0.000" timestamp="2018-10-19T20:33:00"/>
	<testcase classname="create_formatted_resistance_string_tests.CreateFormattedResistanceStringTests" name="testCreateFormattedResistanceStringFourBandOrangeVioletYellowRed" time="0.000" timestamp="2018-10-19T20:33:00"/>
	<testcase classname="create_formatted_resistance_string_tests.CreateFormattedResistanceStringTests" name="testCreateFormattedResistanceStringFourBandOrangeVioletYellowSilver" time="0.000" timestamp="2018-10-19T20:33:00"/>
	<testcase classname="create_formatted_resistance_string_tests.CreateFormattedResistanceStringTests" name="testCreateFormattedResistanceStringFourBandOrangeVioletYellowViolet" time="0.000" timestamp="2018-10-19T20:33:00"/>
	<testcase classname="create_formatted_resistance_string_tests.CreateFormattedResistanceStringTests" name="testCreateFormattedResistanceStringFourBandOrangeWhiteBlackBlue" time="0.000" timestamp="2018-10-19T20:33:00"/>
	<testcase classname="create_formatted_resistance_string_tests.CreateFormattedResistanceStringTests" name="testCreateFormattedResistanceStringFourBandOrangeWhiteBlackBrown" time="0.000" timestamp="2018-10-19T20:33:00"/>
	<testcase classname="create_formatted_resistance_string_tests.CreateFormattedResistanceStringTests" name="testCreateFormattedResistanceStringFourBandOrangeWhiteBlackGold" time="0.000" timestamp="2018-10-19T20:33:00"/>
	<testcase classname="create_formatted_resistance_string_tests.CreateFormattedResistanceStringTests" name="testCreateFormattedResistanceStringFourBandOrangeWhiteBlackGreen" time="0.000" timestamp="2018-10-19T20:33:00"/>
	<testcase classname="create_formatted_resistance_string_tests.CreateFormattedResistanceStringTests" name="testCreateFormattedResistanceStringFourBandOrangeWhiteBlackGrey" time="0.000" timestamp="2018-10-19T20:33:00"/>
	<testcase classname="create_formatted_resistance_string_tests.CreateFormattedResistanceStringTests" name="testCreateFormattedResistanceStringFourBandOrangeWhiteBlackNone" time="0.000" timestamp="2018-10-19T20:33:00"/>
	<testcase classname="create_formatted_resistance_string_tests.CreateFormattedResistanceStringTests" name="testCreateFormattedResistanceStringFourBandOrangeWhiteBlackRed" time="0.000" timestamp="2018-10-19T20:33:00"/>
	<testcase classname="create_formatted_resistance_string_tests.CreateFormattedResistanceStringTests" name="testCreateFormattedResistanceStringFourBandOrangeWhiteBlackSilver" time="0.000" timestamp="2018-10-19T20:33:00"/>
	<testcase classname="create_formatted_resistance_string_tests.CreateFormattedResistanceStringTests" name="testCreateFormattedResistanceStringFourBandOrangeWhiteBlackViolet" time="0.000" timestamp="2018-10-19T20:33:00"/>
	<testcase classname="create_formatted_resistance_string_tests.CreateFormattedResistanceStringTests" name="testCreateFormattedResistanceStringFourBandOrangeWhiteBlueBlue" time="0.000" timestamp="2018-10-19T20:33:00"/>
	<testcase classname="create_formatted_resistance_string_tests.CreateFormattedResistanceStringTests" name="testCreateFormattedResistanceStringFourBandOrangeWhiteBlueBrown" time="0.000" timestamp="2018-10-19T20:33:00"/>
	<testcase classname="create_formatted_resistance_string_tests.CreateFormattedResistanceStringTests" name="testCreateFormattedResistanceStringFourBandOrangeWhiteBlueGold" time="0.000" timestamp="2018-10-19T20:33:00"/>
	<testcase classname="create_formatted_resistance_string_tests.CreateFormattedResistanceStringTests" name="testCreateFormattedResistanceStringFourBandOrangeWhiteBlueGreen" time="0.000" timestamp="2018-10-19T20:33:00"/>
	<testcase classname="create_formatted_resistance_string_tests.CreateFormattedResistanceStringTests" name="testCreateFormattedResistanceStringFourBandOrangeWhiteBlueGrey" time="0.000" timestamp="2018-10-19T20:33:00"/>
	<testcase classname="create_formatted_resistance_string_tests.CreateFormattedResistanceStringTests" name="testCreateFormattedResistanceStringFourBandOrangeWhiteBlueNone" time="0.000" timestamp="2018-10-19T20:33:00"/>
	<testcase classname="create_formatted_resistance_string_tests.CreateFormattedResistanceStringTests" name="testCreateFormattedResistanceStringFourBandOrangeWhiteBlueRed" time="0.000" timestamp="2018-10-19T20:33:00"/>
	<testcase classname="create_formatted_resistance_string_tests.CreateFormattedResistanceStringTests" name="testCreateFormattedResistanceStringFourBandOrangeWhiteBlueSilver" time="0.000" timestamp="2018-10-19T20:33:00"/>
	<testcase classname="create_formatted_resistance_string_tests.CreateFormattedResistanceStringTests" name="testCreateFormattedResistanceStringFourBandOrangeWhiteBlueViolet" time="0.000" timestamp="2018-10-19T20:33:00"/>
	<testcase classname="create_formatted_resistance_string_tests.CreateFormattedResistanceStringTests" name="testCreateFormattedResistanceStringFourBandOrangeWhiteBrownBlue" time="0.000" timestamp="2018-10-19T20:33:00"/>
	<testcase classname="create_formatted_resistance_string_tests.CreateFormattedResistanceStringTests" name="testCreateFormattedResistanceStringFourBandOrangeWhiteBrownBrown" time="0.000" timestamp="2018-10-19T20:33:00"/>
	<testcase classname="create_formatted_resistance_string_tests.CreateFormattedResistanceStringTests" name="testCreateFormattedResistanceStringFourBandOrangeWhiteBrownGold" time="0.000" timestamp="2018-10-19T20:33:00"/>
	<testcase classname="create_formatted_resistance_string_tests.CreateFormattedResistanceStringTests" name="testCreateFormattedResistanceStringFourBandOrangeWhiteBrownGreen" time="0.000" timestamp="2018-10-19T20:33:00"/>
	<testcase classname="create_formatted_resistance_string_tests.CreateFormattedResistanceStringTests" name="testCreateFormattedResistanceStringFourBandOrangeWhiteBrownGrey" time="0.000" timestamp="2018-10-19T20:33:00"/>
	<testcase classname="create_formatted_resistance_string_tests.CreateFormattedResistanceStringTests" name="testCreateFormattedResistanceStringFourBandOrangeWhiteBrownNone" time="0.000" timestamp="2018-10-19T20:33:00"/>
	<testcase classname="create_formatted_resistance_string_tests.CreateFormattedResistanceStringTests" name="testCreateFormattedResistanceStringFourBandOrangeWhiteBrownRed" time="0.000" timestamp="2018-10-19T20:33:00"/>
	<testcase classname="create_formatted_resistance_string_tests.CreateFormattedResistanceStringTests" name="testCreateFormattedResistanceStringFourBandOrangeWhiteBrownSilver" time="0.000" timestamp="2018-10-19T20:33:00"/>
	<testcase classname="create_formatted_resistance_string_tests.CreateFormattedResistanceStringTests" name="testCreateFormattedResistanceStringFourBandOrangeWhiteBrownViolet" time="0.000" timestamp="2018-10-19T20:33:00"/>
	<testcase classname="create_formatted_resistance_string_tests.CreateFormattedResistanceStringTests" name="testCreateFormattedResistanceStringFourBandOrangeWhiteGoldBlue" time="0.000" timestamp="2018-10-19T20:33:00"/>
	<testcase classname="create_formatted_resistance_string_tests.CreateFormattedResistanceStringTests" name="testCreateFormattedResistanceStringFourBandOrangeWhiteGoldBrown" time="0.000" timestamp="2018-10-19T20:33:00"/>
	<testcase classname="create_formatted_resistance_string_tests.CreateFormattedResistanceStringTests" name="testCreateFormattedResistanceStringFourBandOrangeWhiteGoldGold" time="0.000" timestamp="2018-10-19T20:33:00"/>
	<testcase classname="create_formatted_resistance_string_tests.CreateFormattedResistanceStringTests" name="testCreateFormattedResistanceStringFourBandOrangeWhiteGoldGreen" time="0.000" timestamp="2018-10-19T20:33:00"/>
	<testcase classname="create_formatted_resistance_string_tests.CreateFormattedResistanceStringTests" name="testCreateFormattedResistanceStringFourBandOrangeWhiteGoldGrey" time="0.000" timestamp="2018-10-19T20:33:00"/>
	<testcase classname="create_formatted_resistance_string_tests.CreateFormattedResistanceStringTests" name="testCreateFormattedResistanceStringFourBandOrangeWhiteGoldNone" time="0.000" timestamp="2018-10-19T20:33:00"/>
	<testcase classname="create_formatted_resistance_string_tests.CreateFormattedResistanceStringTests" name="testCreateFormattedResistanceStringFourBandOrangeWhiteGoldRed" time="0.000" timestamp="2018-10-19T20:33:00"/>
	<testcase classname="create_formatted_resistance_string_tests.CreateFormattedResistanceStringTests" name="testCreateFormattedResistanceStringFourBandOrangeWhiteGoldSilver" time="0.000" timestamp="2018-10-19T20:33:00"/>
	<testcase classname="create_formatted_resistance_string_tests.CreateFormattedResistanceStringTests" name="testCreateFormattedResistanceStringFourBandOrangeWhiteGoldViolet" time="0.000" timestamp="2018-10-19T20:33:00"/>
	<testcase classname="create_formatted_resistance_string_tests.CreateFormattedResistanceStringTests" name="testCreateFormattedResistanceStringFourBandOrangeWhiteGreenBlue" time="0.000" timestamp="2018-10-19T20:33:00"/>
	<testcase classname="create_formatted_resistance_string_tests.CreateFormattedResistanceStringTests" name="testCreateFormattedResistanceStringFourBandOrangeWhiteGreenBrown" time="0.000" timestamp="2018-10-19T20:33:00"/>
	<testcase classname="create_formatted_resistance_string_tests.CreateFormattedResistanceStringTests" name="testCreateFormattedResistanceStringFourBandOrangeWhiteGreenGold" time="0.000" timestamp="2018-10-19T20:33:00"/>
	<testcase classname="create_formatted_resistance_string_tests.CreateFormattedResistanceStringTests" name="testCreateFormattedResistanceStringFourBandOrangeWhiteGreenGreen" time="0.000" timestamp="2018-10-19T20:33:00"/>
	<testcase classname="create_formatted_resistance_string_tests.CreateFormattedResistanceStringTests" name="testCreateFormattedResistanceStringFourBandOrangeWhiteGreenGrey" time="0.000" timestamp="2018-10-19T20:33:00"/>
	<testcase classname="create_formatted_resistance_string_tests.CreateFormattedResistanceStringTests" name="testCreateFormattedResistanceStringFourBandOrangeWhiteGreenNone" time="0.000" timestamp="2018-10-19T20:33:00"/>
	<testcase classname="create_formatted_resistance_string_tests.CreateFormattedResistanceStringTests" name="testCreateFormattedResistanceStringFourBandOrangeWhiteGreenRed" time="0.000" timestamp="2018-10-19T20:33:00"/>
	<testcase classname="create_formatted_resistance_string_tests.CreateFormattedResistanceStringTests" name="testCreateFormattedResistanceStringFourBandOrangeWhiteGreenSilver" time="0.000" timestamp="2018-10-19T20:33:00"/>
	<testcase classname="create_formatted_resistance_string_tests.CreateFormattedResistanceStringTests" name="testCreateFormattedResistanceStringFourBandOrangeWhiteGreenViolet" time="0.000" timestamp="2018-10-19T20:33:00"/>
	<testcase classname="create_formatted_resistance_string_tests.CreateFormattedResistanceStringTests" name="testCreateFormattedResistanceStringFourBandOrangeWhiteGreyBlue" time="0.000" timestamp="2018-10-19T20:33:00"/>
	<testcase classname="create_formatted_resistance_string_tests.CreateFormattedResistanceStringTests" name="testCreateFormattedResistanceStringFourBandOrangeWhiteGreyBrown" time="0.000" timestamp="2018-10-19T20:33:00"/>
	<testcase classname="create_formatted_resistance_string_tests.CreateFormattedResistanceStringTests" name="testCreateFormattedResistanceStringFourBandOrangeWhiteGreyGold" time="0.000" timestamp="2018-10-19T20:33:00"/>
	<testcase classname="create_formatted_resistance_string_tests.CreateFormattedResistanceStringTests" name="testCreateFormattedResistanceStringFourBandOrangeWhiteGreyGreen" time="0.000" timestamp="2018-10-19T20:33:00"/>
	<testcase classname="create_formatted_resistance_string_tests.CreateFormattedResistanceStringTests" name="testCreateFormattedResistanceStringFourBandOrangeWhiteGreyGrey" time="0.000" timestamp="2018-10-19T20:33:00"/>
	<testcase classname="create_formatted_resistance_string_tests.CreateFormattedResistanceStringTests" name="testCreateFormattedResistanceStringFourBandOrangeWhiteGreyNone" time="0.000" timestamp="2018-10-19T20:33:00"/>
	<testcase classname="create_formatted_resistance_string_tests.CreateFormattedResistanceStringTests" name="testCreateFormattedResistanceStringFourBandOrangeWhiteGreyRed" time="0.000" timestamp="2018-10-19T20:33:00"/>
	<testcase classname="create_formatted_resistance_string_tests.CreateFormattedResistanceStringTests" name="testCreateFormattedResistanceStringFourBandOrangeWhiteGreySilver" time="0.000" timestamp="2018-10-19T20:33:00"/>
	<testcase classname="create_formatted_resistance_string_tests.CreateFormattedResistanceStringTests" name="testCreateFormattedResistanceStringFourBandOrangeWhiteGreyViolet" time="0.000" timestamp="2018-10-19T20:33:00"/>
	<testcase classname="create_formatted_resistance_string_tests.CreateFormattedResistanceStringTests" name="testCreateFormattedResistanceStringFourBandOrangeWhiteOrangeBlue" time="0.000" timestamp="2018-10-19T20:33:00"/>
	<testcase classname="create_formatted_resistance_string_tests.CreateFormattedResistanceStringTests" name="testCreateFormattedResistanceStringFourBandOrangeWhiteOrangeBrown" time="0.000" timestamp="2018-10-19T20:33:00"/>
	<testcase classname="create_formatted_resistance_string_tests.CreateFormattedResistanceStringTests" name="testCreateFormattedResistanceStringFourBandOrangeWhiteOrangeGold" time="0.000" timestamp="2018-10-19T20:33:00"/>
	<testcase classname="create_formatted_resistance_string_tests.CreateFormattedResistanceStringTests" name="testCreateFormattedResistanceStringFourBandOrangeWhiteOrangeGreen" time="0.000" timestamp="2018-10-19T20:33:00"/>
	<testcase classname="create_formatted_resistance_string_tests.CreateFormattedResistanceStringTests" name="testCreateFormattedResistanceStringFourBandOrangeWhiteOrangeGrey" time="0.000" timestamp="2018-10-19T20:33:00"/>
	<testcase classname="create_formatted_resistance_string_tests.CreateFormattedResistanceStringTests" name="testCreateFormattedResistanceStringFourBandOrangeWhiteOrangeNone" time="0.000" timestamp="2018-10-19T20:33:00"/>
	<testcase classname="create_formatted_resistance_string_tests.CreateFormattedResistanceStringTests" name="testCreateFormattedResistanceStringFourBandOrangeWhiteOrangeRed" time="0.000" timestamp="2018-10-19T20:33:00"/>
	<testcase classname="create_formatted_resistance_string_tests.CreateFormattedResistanceStringTests" name="testCreateFormattedResistanceStringFourBandOrangeWhiteOrangeSilver" time="0.000" timestamp="2018-10-19T20:33:00"/>
	<testcase classname="create_formatted_resistance_string_tests.CreateFormattedResistanceStringTests" name="testCreateFormattedResistanceStringFourBandOrangeWhiteOrangeViolet" time="0.000" timestamp="2018-10-19T20:33:00"/>
	<testcase classname="create_formatted_resistance_string_tests.CreateFormattedResistanceStringTests" name="testCreateFormattedResistanceStringFourBandOrangeWhiteRedBlue" time="0.000" timestamp="2018-10-19T20:33:00"/>
	<testcase classname="create_formatted_resistance_string_tests.CreateFormattedResistanceStringTests" name="testCreateFormattedResistanceStringFourBandOrangeWhiteRedBrown" time="0.000" timestamp="2018-10-19T20:33:00"/>
	<testcase classname="create_formatted_resistance_string_tests.CreateFormattedResistanceStringTests" name="testCreateFormattedResistanceStringFourBandOrangeWhiteRedGold" time="0.000" timestamp="2018-10-19T20:33:00"/>
	<testcase classname="create_formatted_resistance_string_tests.CreateFormattedResistanceStringTests" name="testCreateFormattedResistanceStringFourBandOrangeWhiteRedGreen" time="0.000" timestamp="2018-10-19T20:33:00"/>
	<testcase classname="create_formatted_resistance_string_tests.CreateFormattedResistanceStringTests" name="testCreateFormattedResistanceStringFourBandOrangeWhiteRedGrey" time="0.000" timestamp="2018-10-19T20:33:00"/>
	<testcase classname="create_formatted_resistance_string_tests.CreateFormattedResistanceStringTests" name="testCreateFormattedResistanceStringFourBandOrangeWhiteRedNone" time="0.000" timestamp="2018-10-19T20:33:00"/>
	<testcase classname="create_formatted_resistance_string_tests.CreateFormattedResistanceStringTests" name="testCreateFormattedResistanceStringFourBandOrangeWhiteRedRed" time="0.000" timestamp="2018-10-19T20:33:00"/>
	<testcase classname="create_formatted_resistance_string_tests.CreateFormattedResistanceStringTests" name="testCreateFormattedResistanceStringFourBandOrangeWhiteRedSilver" time="0.000" timestamp="2018-10-19T20:33:00"/>
	<testcase classname="create_formatted_resistance_string_tests.CreateFormattedResistanceStringTests" name="testCreateFormattedResistanceStringFourBandOrangeWhiteRedViolet" time="0.000" timestamp="2018-10-19T20:33:00"/>
	<testcase classname="create_formatted_resistance_string_tests.CreateFormattedResistanceStringTests" name="testCreateFormattedResistanceStringFourBandOrangeWhiteSilverBlue" time="0.000" timestamp="2018-10-19T20:33:00"/>
	<testcase classname="create_formatted_resistance_string_tests.CreateFormattedResistanceStringTests" name="testCreateFormattedResistanceStringFourBandOrangeWhiteSilverBrown" time="0.000" timestamp="2018-10-19T20:33:00"/>
	<testcase classname="create_formatted_resistance_string_tests.CreateFormattedResistanceStringTests" name="testCreateFormattedResistanceStringFourBandOrangeWhiteSilverGold" time="0.000" timestamp="2018-10-19T20:33:00"/>
	<testcase classname="create_formatted_resistance_string_tests.CreateFormattedResistanceStringTests" name="testCreateFormattedResistanceStringFourBandOrangeWhiteSilverGreen" time="0.000" timestamp="2018-10-19T20:33:00"/>
	<testcase classname="create_formatted_resistance_string_tests.CreateFormattedResistanceStringTests" name="testCreateFormattedResistanceStringFourBandOrangeWhiteSilverGrey" time="0.000" timestamp="2018-10-19T20:33:00"/>
	<testcase classname="create_formatted_resistance_string_tests.CreateFormattedResistanceStringTests" name="testCreateFormattedResistanceStringFourBandOrangeWhiteSilverNone" time="0.000" timestamp="2018-10-19T20:33:00"/>
	<testcase classname="create_formatted_resistance_string_tests.CreateFormattedResistanceStringTests" name="testCreateFormattedResistanceStringFourBandOrangeWhiteSilverRed" time="0.000" timestamp="2018-10-19T20:33:00"/>
	<testcase classname="create_formatted_resistance_string_tests.CreateFormattedResistanceStringTests" name="testCreateFormattedResistanceStringFourBandOrangeWhiteSilverSilver" time="0.000" timestamp="2018-10-19T20:33:00"/>
	<testcase classname="create_formatted_resistance_string_tests.CreateFormattedResistanceStringTests" name="testCreateFormattedResistanceStringFourBandOrangeWhiteSilverViolet" time="0.000" timestamp="2018-10-19T20:33:00"/>
	<testcase classname="create_formatted_resistance_string_tests.CreateFormattedResistanceStringTests" name="testCreateFormattedResistanceStringFourBandOrangeWhiteVioletBlue" time="0.000" timestamp="2018-10-19T20:33:00"/>
	<testcase classname="create_formatted_resistance_string_tests.CreateFormattedResistanceStringTests" name="testCreateFormattedResistanceStringFourBandOrangeWhiteVioletBrown" time="0.000" timestamp="2018-10-19T20:33:00"/>
	<testcase classname="create_formatted_resistance_string_tests.CreateFormattedResistanceStringTests" name="testCreateFormattedResistanceStringFourBandOrangeWhiteVioletGold" time="0.000" timestamp="2018-10-19T20:33:00"/>
	<testcase classname="create_formatted_resistance_string_tests.CreateFormattedResistanceStringTests" name="testCreateFormattedResistanceStringFourBandOrangeWhiteVioletGreen" time="0.000" timestamp="2018-10-19T20:33:00"/>
	<testcase classname="create_formatted_resistance_string_tests.CreateFormattedResistanceStringTests" name="testCreateFormattedResistanceStringFourBandOrangeWhiteVioletGrey" time="0.000" timestamp="2018-10-19T20:33:00"/>
	<testcase classname="create_formatted_resistance_string_tests.CreateFormattedResistanceStringTests" name="testCreateFormattedResistanceStringFourBandOrangeWhiteVioletNone" time="0.000" timestamp="2018-10-19T20:33:00"/>
	<testcase classname="create_formatted_resistance_string_tests.CreateFormattedResistanceStringTests" name="testCreateFormattedResistanceStringFourBandOrangeWhiteVioletRed" time="0.000" timestamp="2018-10-19T20:33:00"/>
	<testcase classname="create_formatted_resistance_string_tests.CreateFormattedResistanceStringTests" name="testCreateFormattedResistanceStringFourBandOrangeWhiteVioletSilver" time="0.000" timestamp="2018-10-19T20:33:00"/>
	<testcase classname="create_formatted_resistance_string_tests.CreateFormattedResistanceStringTests" name="testCreateFormattedResistanceStringFourBandOrangeWhiteVioletViolet" time="0.000" timestamp="2018-10-19T20:33:00"/>
	<testcase classname="create_formatted_resistance_string_tests.CreateFormattedResistanceStringTests" name="testCreateFormattedResistanceStringFourBandOrangeWhiteWhiteBlue" time="0.000" timestamp="2018-10-19T20:33:00"/>
	<testcase classname="create_formatted_resistance_string_tests.CreateFormattedResistanceStringTests" name="testCreateFormattedResistanceStringFourBandOrangeWhiteWhiteBrown" time="0.000" timestamp="2018-10-19T20:33:00"/>
	<testcase classname="create_formatted_resistance_string_tests.CreateFormattedResistanceStringTests" name="testCreateFormattedResistanceStringFourBandOrangeWhiteWhiteGold" time="0.000" timestamp="2018-10-19T20:33:00"/>
	<testcase classname="create_formatted_resistance_string_tests.CreateFormattedResistanceStringTests" name="testCreateFormattedResistanceStringFourBandOrangeWhiteWhiteGreen" time="0.000" timestamp="2018-10-19T20:33:00"/>
	<testcase classname="create_formatted_resistance_string_tests.CreateFormattedResistanceStringTests" name="testCreateFormattedResistanceStringFourBandOrangeWhiteWhiteGrey" time="0.000" timestamp="2018-10-19T20:33:00"/>
	<testcase classname="create_formatted_resistance_string_tests.CreateFormattedResistanceStringTests" name="testCreateFormattedResistanceStringFourBandOrangeWhiteWhiteNone" time="0.000" timestamp="2018-10-19T20:33:00"/>
	<testcase classname="create_formatted_resistance_string_tests.CreateFormattedResistanceStringTests" name="testCreateFormattedResistanceStringFourBandOrangeWhiteWhiteRed" time="0.000" timestamp="2018-10-19T20:33:00"/>
	<testcase classname="create_formatted_resistance_string_tests.CreateFormattedResistanceStringTests" name="testCreateFormattedResistanceStringFourBandOrangeWhiteWhiteSilver" time="0.000" timestamp="2018-10-19T20:33:00"/>
	<testcase classname="create_formatted_resistance_string_tests.CreateFormattedResistanceStringTests" name="testCreateFormattedResistanceStringFourBandOrangeWhiteWhiteViolet" time="0.000" timestamp="2018-10-19T20:33:00"/>
	<testcase classname="create_formatted_resistance_string_tests.CreateFormattedResistanceStringTests" name="testCreateFormattedResistanceStringFourBandOrangeWhiteYellowBlue" time="0.000" timestamp="2018-10-19T20:33:00"/>
	<testcase classname="create_formatted_resistance_string_tests.CreateFormattedResistanceStringTests" name="testCreateFormattedResistanceStringFourBandOrangeWhiteYellowBrown" time="0.000" timestamp="2018-10-19T20:33:00"/>
	<testcase classname="create_formatted_resistance_string_tests.CreateFormattedResistanceStringTests" name="testCreateFormattedResistanceStringFourBandOrangeWhiteYellowGold" time="0.000" timestamp="2018-10-19T20:33:00"/>
	<testcase classname="create_formatted_resistance_string_tests.CreateFormattedResistanceStringTests" name="testCreateFormattedResistanceStringFourBandOrangeWhiteYellowGreen" time="0.000" timestamp="2018-10-19T20:33:00"/>
	<testcase classname="create_formatted_resistance_string_tests.CreateFormattedResistanceStringTests" name="testCreateFormattedResistanceStringFourBandOrangeWhiteYellowGrey" time="0.000" timestamp="2018-10-19T20:33:00"/>
	<testcase classname="create_formatted_resistance_string_tests.CreateFormattedResistanceStringTests" name="testCreateFormattedResistanceStringFourBandOrangeWhiteYellowNone" time="0.000" timestamp="2018-10-19T20:33:00"/>
	<testcase classname="create_formatted_resistance_string_tests.CreateFormattedResistanceStringTests" name="testCreateFormattedResistanceStringFourBandOrangeWhiteYellowRed" time="0.000" timestamp="2018-10-19T20:33:00"/>
	<testcase classname="create_formatted_resistance_string_tests.CreateFormattedResistanceStringTests" name="testCreateFormattedResistanceStringFourBandOrangeWhiteYellowSilver" time="0.000" timestamp="2018-10-19T20:33:00"/>
	<testcase classname="create_formatted_resistance_string_tests.CreateFormattedResistanceStringTests" name="testCreateFormattedResistanceStringFourBandOrangeWhiteYellowViolet" time="0.000" timestamp="2018-10-19T20:33:00"/>
	<testcase classname="create_formatted_resistance_string_tests.CreateFormattedResistanceStringTests" name="testCreateFormattedResistanceStringFourBandOrangeYellowBlackBlue" time="0.000" timestamp="2018-10-19T20:33:00"/>
	<testcase classname="create_formatted_resistance_string_tests.CreateFormattedResistanceStringTests" name="testCreateFormattedResistanceStringFourBandOrangeYellowBlackBrown" time="0.000" timestamp="2018-10-19T20:33:00"/>
	<testcase classname="create_formatted_resistance_string_tests.CreateFormattedResistanceStringTests" name="testCreateFormattedResistanceStringFourBandOrangeYellowBlackGold" time="0.000" timestamp="2018-10-19T20:33:00"/>
	<testcase classname="create_formatted_resistance_string_tests.CreateFormattedResistanceStringTests" name="testCreateFormattedResistanceStringFourBandOrangeYellowBlackGreen" time="0.000" timestamp="2018-10-19T20:33:00"/>
	<testcase classname="create_formatted_resistance_string_tests.CreateFormattedResistanceStringTests" name="testCreateFormattedResistanceStringFourBandOrangeYellowBlackGrey" time="0.000" timestamp="2018-10-19T20:33:00"/>
	<testcase classname="create_formatted_resistance_string_tests.CreateFormattedResistanceStringTests" name="testCreateFormattedResistanceStringFourBandOrangeYellowBlackNone" time="0.000" timestamp="2018-10-19T20:33:00"/>
	<testcase classname="create_formatted_resistance_string_tests.CreateFormattedResistanceStringTests" name="testCreateFormattedResistanceStringFourBandOrangeYellowBlackRed" time="0.000" timestamp="2018-10-19T20:33:00"/>
	<testcase classname="create_formatted_resistance_string_tests.CreateFormattedResistanceStringTests" name="testCreateFormattedResistanceStringFourBandOrangeYellowBlackSilver" time="0.000" timestamp="2018-10-19T20:33:00"/>
	<testcase classname="create_formatted_resistance_string_tests.CreateFormattedResistanceStringTests" name="testCreateFormattedResistanceStringFourBandOrangeYellowBlackViolet" time="0.000" timestamp="2018-10-19T20:33:00"/>
	<testcase classname="create_formatted_resistance_string_tests.CreateFormattedResistanceStringTests" name="testCreateFormattedResistanceStringFourBandOrangeYellowBlueBlue" time="0.000" timestamp="2018-10-19T20:33:00"/>
	<testcase classname="create_formatted_resistance_string_tests.CreateFormattedResistanceStringTests" name="testCreateFormattedResistanceStringFourBandOrangeYellowBlueBrown" time="0.000" timestamp="2018-10-19T20:33:00"/>
	<testcase classname="create_formatted_resistance_string_tests.CreateFormattedResistanceStringTests" name="testCreateFormattedResistanceStringFourBandOrangeYellowBlueGold" time="0.000" timestamp="2018-10-19T20:33:00"/>
	<testcase classname="create_formatted_resistance_string_tests.CreateFormattedResistanceStringTests" name="testCreateFormattedResistanceStringFourBandOrangeYellowBlueGreen" time="0.000" timestamp="2018-10-19T20:33:00"/>
	<testcase classname="create_formatted_resistance_string_tests.CreateFormattedResistanceStringTests" name="testCreateFormattedResistanceStringFourBandOrangeYellowBlueGrey" time="0.000" timestamp="2018-10-19T20:33:00"/>
	<testcase classname="create_formatted_resistance_string_tests.CreateFormattedResistanceStringTests" name="testCreateFormattedResistanceStringFourBandOrangeYellowBlueNone" time="0.000" timestamp="2018-10-19T20:33:00"/>
	<testcase classname="create_formatted_resistance_string_tests.CreateFormattedResistanceStringTests" name="testCreateFormattedResistanceStringFourBandOrangeYellowBlueRed" time="0.000" timestamp="2018-10-19T20:33:00"/>
	<testcase classname="create_formatted_resistance_string_tests.CreateFormattedResistanceStringTests" name="testCreateFormattedResistanceStringFourBandOrangeYellowBlueSilver" time="0.000" timestamp="2018-10-19T20:33:00"/>
	<testcase classname="create_formatted_resistance_string_tests.CreateFormattedResistanceStringTests" name="testCreateFormattedResistanceStringFourBandOrangeYellowBlueViolet" time="0.000" timestamp="2018-10-19T20:33:00"/>
	<testcase classname="create_formatted_resistance_string_tests.CreateFormattedResistanceStringTests" name="testCreateFormattedResistanceStringFourBandOrangeYellowBrownBlue" time="0.000" timestamp="2018-10-19T20:33:00"/>
	<testcase classname="create_formatted_resistance_string_tests.CreateFormattedResistanceStringTests" name="testCreateFormattedResistanceStringFourBandOrangeYellowBrownBrown" time="0.000" timestamp="2018-10-19T20:33:00"/>
	<testcase classname="create_formatted_resistance_string_tests.CreateFormattedResistanceStringTests" name="testCreateFormattedResistanceStringFourBandOrangeYellowBrownGold" time="0.000" timestamp="2018-10-19T20:33:00"/>
	<testcase classname="create_formatted_resistance_string_tests.CreateFormattedResistanceStringTests" name="testCreateFormattedResistanceStringFourBandOrangeYellowBrownGreen" time="0.000" timestamp="2018-10-19T20:33:00"/>
	<testcase classname="create_formatted_resistance_string_tests.CreateFormattedResistanceStringTests" name="testCreateFormattedResistanceStringFourBandOrangeYellowBrownGrey" time="0.000" timestamp="2018-10-19T20:33:00"/>
	<testcase classname="create_formatted_resistance_string_tests.CreateFormattedResistanceStringTests" name="testCreateFormattedResistanceStringFourBandOrangeYellowBrownNone" time="0.000" timestamp="2018-10-19T20:33:00"/>
	<testcase classname="create_formatted_resistance_string_tests.CreateFormattedResistanceStringTests" name="testCreateFormattedResistanceStringFourBandOrangeYellowBrownRed" time="0.000" timestamp="2018-10-19T20:33:00"/>
	<testcase classname="create_formatted_resistance_string_tests.CreateFormattedResistanceStringTests" name="testCreateFormattedResistanceStringFourBandOrangeYellowBrownSilver" time="0.000" timestamp="2018-10-19T20:33:00"/>
	<testcase classname="create_formatted_resistance_string_tests.CreateFormattedResistanceStringTests" name="testCreateFormattedResistanceStringFourBandOrangeYellowBrownViolet" time="0.000" timestamp="2018-10-19T20:33:00"/>
	<testcase classname="create_formatted_resistance_string_tests.CreateFormattedResistanceStringTests" name="testCreateFormattedResistanceStringFourBandOrangeYellowGoldBlue" time="0.000" timestamp="2018-10-19T20:33:00"/>
	<testcase classname="create_formatted_resistance_string_tests.CreateFormattedResistanceStringTests" name="testCreateFormattedResistanceStringFourBandOrangeYellowGoldBrown" time="0.000" timestamp="2018-10-19T20:33:00"/>
	<testcase classname="create_formatted_resistance_string_tests.CreateFormattedResistanceStringTests" name="testCreateFormattedResistanceStringFourBandOrangeYellowGoldGold" time="0.000" timestamp="2018-10-19T20:33:00"/>
	<testcase classname="create_formatted_resistance_string_tests.CreateFormattedResistanceStringTests" name="testCreateFormattedResistanceStringFourBandOrangeYellowGoldGreen" time="0.000" timestamp="2018-10-19T20:33:00"/>
	<testcase classname="create_formatted_resistance_string_tests.CreateFormattedResistanceStringTests" name="testCreateFormattedResistanceStringFourBandOrangeYellowGoldGrey" time="0.000" timestamp="2018-10-19T20:33:00"/>
	<testcase classname="create_formatted_resistance_string_tests.CreateFormattedResistanceStringTests" name="testCreateFormattedResistanceStringFourBandOrangeYellowGoldNone" time="0.000" timestamp="2018-10-19T20:33:00"/>
	<testcase classname="create_formatted_resistance_string_tests.CreateFormattedResistanceStringTests" name="testCreateFormattedResistanceStringFourBandOrangeYellowGoldRed" time="0.000" timestamp="2018-10-19T20:33:00"/>
	<testcase classname="create_formatted_resistance_string_tests.CreateFormattedResistanceStringTests" name="testCreateFormattedResistanceStringFourBandOrangeYellowGoldSilver" time="0.000" timestamp="2018-10-19T20:33:00"/>
	<testcase classname="create_formatted_resistance_string_tests.CreateFormattedResistanceStringTests" name="testCreateFormattedResistanceStringFourBandOrangeYellowGoldViolet" time="0.000" timestamp="2018-10-19T20:33:00"/>
	<testcase classname="create_formatted_resistance_string_tests.CreateFormattedResistanceStringTests" name="testCreateFormattedResistanceStringFourBandOrangeYellowGreenBlue" time="0.000" timestamp="2018-10-19T20:33:00"/>
	<testcase classname="create_formatted_resistance_string_tests.CreateFormattedResistanceStringTests" name="testCreateFormattedResistanceStringFourBandOrangeYellowGreenBrown" time="0.000" timestamp="2018-10-19T20:33:00"/>
	<testcase classname="create_formatted_resistance_string_tests.CreateFormattedResistanceStringTests" name="testCreateFormattedResistanceStringFourBandOrangeYellowGreenGold" time="0.000" timestamp="2018-10-19T20:33:00"/>
	<testcase classname="create_formatted_resistance_string_tests.CreateFormattedResistanceStringTests" name="testCreateFormattedResistanceStringFourBandOrangeYellowGreenGreen" time="0.000" timestamp="2018-10-19T20:33:00"/>
	<testcase classname="create_formatted_resistance_string_tests.CreateFormattedResistanceStringTests" name="testCreateFormattedResistanceStringFourBandOrangeYellowGreenGrey" time="0.000" timestamp="2018-10-19T20:33:00"/>
	<testcase classname="create_formatted_resistance_string_tests.CreateFormattedResistanceStringTests" name="testCreateFormattedResistanceStringFourBandOrangeYellowGreenNone" time="0.000" timestamp="2018-10-19T20:33:00"/>
	<testcase classname="create_formatted_resistance_string_tests.CreateFormattedResistanceStringTests" name="testCreateFormattedResistanceStringFourBandOrangeYellowGreenRed" time="0.000" timestamp="2018-10-19T20:33:00"/>
	<testcase classname="create_formatted_resistance_string_tests.CreateFormattedResistanceStringTests" name="testCreateFormattedResistanceStringFourBandOrangeYellowGreenSilver" time="0.000" timestamp="2018-10-19T20:33:00"/>
	<testcase classname="create_formatted_resistance_string_tests.CreateFormattedResistanceStringTests" name="testCreateFormattedResistanceStringFourBandOrangeYellowGreenViolet" time="0.000" timestamp="2018-10-19T20:33:00"/>
	<testcase classname="create_formatted_resistance_string_tests.CreateFormattedResistanceStringTests" name="testCreateFormattedResistanceStringFourBandOrangeYellowGreyBlue" time="0.000" timestamp="2018-10-19T20:33:00"/>
	<testcase classname="create_formatted_resistance_string_tests.CreateFormattedResistanceStringTests" name="testCreateFormattedResistanceStringFourBandOrangeYellowGreyBrown" time="0.000" timestamp="2018-10-19T20:33:00"/>
	<testcase classname="create_formatted_resistance_string_tests.CreateFormattedResistanceStringTests" name="testCreateFormattedResistanceStringFourBandOrangeYellowGreyGold" time="0.000" timestamp="2018-10-19T20:33:00"/>
	<testcase classname="create_formatted_resistance_string_tests.CreateFormattedResistanceStringTests" name="testCreateFormattedResistanceStringFourBandOrangeYellowGreyGreen" time="0.000" timestamp="2018-10-19T20:33:00"/>
	<testcase classname="create_formatted_resistance_string_tests.CreateFormattedResistanceStringTests" name="testCreateFormattedResistanceStringFourBandOrangeYellowGreyGrey" time="0.000" timestamp="2018-10-19T20:33:00"/>
	<testcase classname="create_formatted_resistance_string_tests.CreateFormattedResistanceStringTests" name="testCreateFormattedResistanceStringFourBandOrangeYellowGreyNone" time="0.000" timestamp="2018-10-19T20:33:00"/>
	<testcase classname="create_formatted_resistance_string_tests.CreateFormattedResistanceStringTests" name="testCreateFormattedResistanceStringFourBandOrangeYellowGreyRed" time="0.000" timestamp="2018-10-19T20:33:00"/>
	<testcase classname="create_formatted_resistance_string_tests.CreateFormattedResistanceStringTests" name="testCreateFormattedResistanceStringFourBandOrangeYellowGreySilver" time="0.000" timestamp="2018-10-19T20:33:00"/>
	<testcase classname="create_formatted_resistance_string_tests.CreateFormattedResistanceStringTests" name="testCreateFormattedResistanceStringFourBandOrangeYellowGreyViolet" time="0.000" timestamp="2018-10-19T20:33:00"/>
	<testcase classname="create_formatted_resistance_string_tests.CreateFormattedResistanceStringTests" name="testCreateFormattedResistanceStringFourBandOrangeYellowOrangeBlue" time="0.000" timestamp="2018-10-19T20:33:00"/>
	<testcase classname="create_formatted_resistance_string_tests.CreateFormattedResistanceStringTests" name="testCreateFormattedResistanceStringFourBandOrangeYellowOrangeBrown" time="0.000" timestamp="2018-10-19T20:33:00"/>
	<testcase classname="create_formatted_resistance_string_tests.CreateFormattedResistanceStringTests" name="testCreateFormattedResistanceStringFourBandOrangeYellowOrangeGold" time="0.000" timestamp="2018-10-19T20:33:00"/>
	<testcase classname="create_formatted_resistance_string_tests.CreateFormattedResistanceStringTests" name="testCreateFormattedResistanceStringFourBandOrangeYellowOrangeGreen" time="0.000" timestamp="2018-10-19T20:33:00"/>
	<testcase classname="create_formatted_resistance_string_tests.CreateFormattedResistanceStringTests" name="testCreateFormattedResistanceStringFourBandOrangeYellowOrangeGrey" time="0.000" timestamp="2018-10-19T20:33:00"/>
	<testcase classname="create_formatted_resistance_string_tests.CreateFormattedResistanceStringTests" name="testCreateFormattedResistanceStringFourBandOrangeYellowOrangeNone" time="0.000" timestamp="2018-10-19T20:33:00"/>
	<testcase classname="create_formatted_resistance_string_tests.CreateFormattedResistanceStringTests" name="testCreateFormattedResistanceStringFourBandOrangeYellowOrangeRed" time="0.000" timestamp="2018-10-19T20:33:00"/>
	<testcase classname="create_formatted_resistance_string_tests.CreateFormattedResistanceStringTests" name="testCreateFormattedResistanceStringFourBandOrangeYellowOrangeSilver" time="0.000" timestamp="2018-10-19T20:33:00"/>
	<testcase classname="create_formatted_resistance_string_tests.CreateFormattedResistanceStringTests" name="testCreateFormattedResistanceStringFourBandOrangeYellowOrangeViolet" time="0.000" timestamp="2018-10-19T20:33:00"/>
	<testcase classname="create_formatted_resistance_string_tests.CreateFormattedResistanceStringTests" name="testCreateFormattedResistanceStringFourBandOrangeYellowRedBlue" time="0.000" timestamp="2018-10-19T20:33:00"/>
	<testcase classname="create_formatted_resistance_string_tests.CreateFormattedResistanceStringTests" name="testCreateFormattedResistanceStringFourBandOrangeYellowRedBrown" time="0.000" timestamp="2018-10-19T20:33:00"/>
	<testcase classname="create_formatted_resistance_string_tests.CreateFormattedResistanceStringTests" name="testCreateFormattedResistanceStringFourBandOrangeYellowRedGold" time="0.000" timestamp="2018-10-19T20:33:00"/>
	<testcase classname="create_formatted_resistance_string_tests.CreateFormattedResistanceStringTests" name="testCreateFormattedResistanceStringFourBandOrangeYellowRedGreen" time="0.000" timestamp="2018-10-19T20:33:00"/>
	<testcase classname="create_formatted_resistance_string_tests.CreateFormattedResistanceStringTests" name="testCreateFormattedResistanceStringFourBandOrangeYellowRedGrey" time="0.000" timestamp="2018-10-19T20:33:00"/>
	<testcase classname="create_formatted_resistance_string_tests.CreateFormattedResistanceStringTests" name="testCreateFormattedResistanceStringFourBandOrangeYellowRedNone" time="0.000" timestamp="2018-10-19T20:33:00"/>
	<testcase classname="create_formatted_resistance_string_tests.CreateFormattedResistanceStringTests" name="testCreateFormattedResistanceStringFourBandOrangeYellowRedRed" time="0.000" timestamp="2018-10-19T20:33:00"/>
	<testcase classname="create_formatted_resistance_string_tests.CreateFormattedResistanceStringTests" name="testCreateFormattedResistanceStringFourBandOrangeYellowRedSilver" time="0.000" timestamp="2018-10-19T20:33:00"/>
	<testcase classname="create_formatted_resistance_string_tests.CreateFormattedResistanceStringTests" name="testCreateFormattedResistanceStringFourBandOrangeYellowRedViolet" time="0.000" timestamp="2018-10-19T20:33:00"/>
	<testcase classname="create_formatted_resistance_string_tests.CreateFormattedResistanceStringTests" name="testCreateFormattedResistanceStringFourBandOrangeYellowSilverBlue" time="0.000" timestamp="2018-10-19T20:33:00"/>
	<testcase classname="create_formatted_resistance_string_tests.CreateFormattedResistanceStringTests" name="testCreateFormattedResistanceStringFourBandOrangeYellowSilverBrown" time="0.000" timestamp="2018-10-19T20:33:00"/>
	<testcase classname="create_formatted_resistance_string_tests.CreateFormattedResistanceStringTests" name="testCreateFormattedResistanceStringFourBandOrangeYellowSilverGold" time="0.000" timestamp="2018-10-19T20:33:00"/>
	<testcase classname="create_formatted_resistance_string_tests.CreateFormattedResistanceStringTests" name="testCreateFormattedResistanceStringFourBandOrangeYellowSilverGreen" time="0.000" timestamp="2018-10-19T20:33:00"/>
	<testcase classname="create_formatted_resistance_string_tests.CreateFormattedResistanceStringTests" name="testCreateFormattedResistanceStringFourBandOrangeYellowSilverGrey" time="0.000" timestamp="2018-10-19T20:33:00"/>
	<testcase classname="create_formatted_resistance_string_tests.CreateFormattedResistanceStringTests" name="testCreateFormattedResistanceStringFourBandOrangeYellowSilverNone" time="0.000" timestamp="2018-10-19T20:33:00"/>
	<testcase classname="create_formatted_resistance_string_tests.CreateFormattedResistanceStringTests" name="testCreateFormattedResistanceStringFourBandOrangeYellowSilverRed" time="0.000" timestamp="2018-10-19T20:33:00"/>
	<testcase classname="create_formatted_resistance_string_tests.CreateFormattedResistanceStringTests" name="testCreateFormattedResistanceStringFourBandOrangeYellowSilverSilver" time="0.000" timestamp="2018-10-19T20:33:00"/>
	<testcase classname="create_formatted_resistance_string_tests.CreateFormattedResistanceStringTests" name="testCreateFormattedResistanceStringFourBandOrangeYellowSilverViolet" time="0.000" timestamp="2018-10-19T20:33:00"/>
	<testcase classname="create_formatted_resistance_string_tests.CreateFormattedResistanceStringTests" name="testCreateFormattedResistanceStringFourBandOrangeYellowVioletBlue" time="0.000" timestamp="2018-10-19T20:33:00"/>
	<testcase classname="create_formatted_resistance_string_tests.CreateFormattedResistanceStringTests" name="testCreateFormattedResistanceStringFourBandOrangeYellowVioletBrown" time="0.000" timestamp="2018-10-19T20:33:00"/>
	<testcase classname="create_formatted_resistance_string_tests.CreateFormattedResistanceStringTests" name="testCreateFormattedResistanceStringFourBandOrangeYellowVioletGold" time="0.000" timestamp="2018-10-19T20:33:00"/>
	<testcase classname="create_formatted_resistance_string_tests.CreateFormattedResistanceStringTests" name="testCreateFormattedResistanceStringFourBandOrangeYellowVioletGreen" time="0.000" timestamp="2018-10-19T20:33:00"/>
	<testcase classname="create_formatted_resistance_string_tests.CreateFormattedResistanceStringTests" name="testCreateFormattedResistanceStringFourBandOrangeYellowVioletGrey" time="0.000" timestamp="2018-10-19T20:33:00"/>
	<testcase classname="create_formatted_resistance_string_tests.CreateFormattedResistanceStringTests" name="testCreateFormattedResistanceStringFourBandOrangeYellowVioletNone" time="0.000" timestamp="2018-10-19T20:33:00"/>
	<testcase classname="create_formatted_resistance_string_tests.CreateFormattedResistanceStringTests" name="testCreateFormattedResistanceStringFourBandOrangeYellowVioletRed" time="0.000" timestamp="2018-10-19T20:33:00"/>
	<testcase classname="create_formatted_resistance_string_tests.CreateFormattedResistanceStringTests" name="testCreateFormattedResistanceStringFourBandOrangeYellowVioletSilver" time="0.000" timestamp="2018-10-19T20:33:00"/>
	<testcase classname="create_formatted_resistance_string_tests.CreateFormattedResistanceStringTests" name="testCreateFormattedResistanceStringFourBandOrangeYellowVioletViolet" time="0.000" timestamp="2018-10-19T20:33:00"/>
	<testcase classname="create_formatted_resistance_string_tests.CreateFormattedResistanceStringTests" name="testCreateFormattedResistanceStringFourBandOrangeYellowWhiteBlue" time="0.000" timestamp="2018-10-19T20:33:00"/>
	<testcase classname="create_formatted_resistance_string_tests.CreateFormattedResistanceStringTests" name="testCreateFormattedResistanceStringFourBandOrangeYellowWhiteBrown" time="0.000" timestamp="2018-10-19T20:33:00"/>
	<testcase classname="create_formatted_resistance_string_tests.CreateFormattedResistanceStringTests" name="testCreateFormattedResistanceStringFourBandOrangeYellowWhiteGold" time="0.000" timestamp="2018-10-19T20:33:00"/>
	<testcase classname="create_formatted_resistance_string_tests.CreateFormattedResistanceStringTests" name="testCreateFormattedResistanceStringFourBandOrangeYellowWhiteGreen" time="0.000" timestamp="2018-10-19T20:33:00"/>
	<testcase classname="create_formatted_resistance_string_tests.CreateFormattedResistanceStringTests" name="testCreateFormattedResistanceStringFourBandOrangeYellowWhiteGrey" time="0.000" timestamp="2018-10-19T20:33:00"/>
	<testcase classname="create_formatted_resistance_string_tests.CreateFormattedResistanceStringTests" name="testCreateFormattedResistanceStringFourBandOrangeYellowWhiteNone" time="0.000" timestamp="2018-10-19T20:33:00"/>
	<testcase classname="create_formatted_resistance_string_tests.CreateFormattedResistanceStringTests" name="testCreateFormattedResistanceStringFourBandOrangeYellowWhiteRed" time="0.000" timestamp="2018-10-19T20:33:00"/>
	<testcase classname="create_formatted_resistance_string_tests.CreateFormattedResistanceStringTests" name="testCreateFormattedResistanceStringFourBandOrangeYellowWhiteSilver" time="0.000" timestamp="2018-10-19T20:33:00"/>
	<testcase classname="create_formatted_resistance_string_tests.CreateFormattedResistanceStringTests" name="testCreateFormattedResistanceStringFourBandOrangeYellowWhiteViolet" time="0.000" timestamp="2018-10-19T20:33:00"/>
	<testcase classname="create_formatted_resistance_string_tests.CreateFormattedResistanceStringTests" name="testCreateFormattedResistanceStringFourBandOrangeYellowYellowBlue" time="0.000" timestamp="2018-10-19T20:33:00"/>
	<testcase classname="create_formatted_resistance_string_tests.CreateFormattedResistanceStringTests" name="testCreateFormattedResistanceStringFourBandOrangeYellowYellowBrown" time="0.000" timestamp="2018-10-19T20:33:00"/>
	<testcase classname="create_formatted_resistance_string_tests.CreateFormattedResistanceStringTests" name="testCreateFormattedResistanceStringFourBandOrangeYellowYellowGold" time="0.000" timestamp="2018-10-19T20:33:00"/>
	<testcase classname="create_formatted_resistance_string_tests.CreateFormattedResistanceStringTests" name="testCreateFormattedResistanceStringFourBandOrangeYellowYellowGreen" time="0.000" timestamp="2018-10-19T20:33:00"/>
	<testcase classname="create_formatted_resistance_string_tests.CreateFormattedResistanceStringTests" name="testCreateFormattedResistanceStringFourBandOrangeYellowYellowGrey" time="0.000" timestamp="2018-10-19T20:33:00"/>
	<testcase classname="create_formatted_resistance_string_tests.CreateFormattedResistanceStringTests" name="testCreateFormattedResistanceStringFourBandOrangeYellowYellowNone" time="0.000" timestamp="2018-10-19T20:33:00"/>
	<testcase classname="create_formatted_resistance_string_tests.CreateFormattedResistanceStringTests" name="testCreateFormattedResistanceStringFourBandOrangeYellowYellowRed" time="0.000" timestamp="2018-10-19T20:33:00"/>
	<testcase classname="create_formatted_resistance_string_tests.CreateFormattedResistanceStringTests" name="testCreateFormattedResistanceStringFourBandOrangeYellowYellowSilver" time="0.000" timestamp="2018-10-19T20:33:00"/>
	<testcase classname="create_formatted_resistance_string_tests.CreateFormattedResistanceStringTests" name="testCreateFormattedResistanceStringFourBandOrangeYellowYellowViolet" time="0.000" timestamp="2018-10-19T20:33:00"/>
	<testcase classname="create_formatted_resistance_string_tests.CreateFormattedResistanceStringTests" name="testCreateFormattedResistanceStringFourBandRedBlackBlackBlue" time="0.000" timestamp="2018-10-19T20:33:00"/>
	<testcase classname="create_formatted_resistance_string_tests.CreateFormattedResistanceStringTests" name="testCreateFormattedResistanceStringFourBandRedBlackBlackBrown" time="0.000" timestamp="2018-10-19T20:33:00"/>
	<testcase classname="create_formatted_resistance_string_tests.CreateFormattedResistanceStringTests" name="testCreateFormattedResistanceStringFourBandRedBlackBlackGold" time="0.000" timestamp="2018-10-19T20:33:00"/>
	<testcase classname="create_formatted_resistance_string_tests.CreateFormattedResistanceStringTests" name="testCreateFormattedResistanceStringFourBandRedBlackBlackGreen" time="0.000" timestamp="2018-10-19T20:33:00"/>
	<testcase classname="create_formatted_resistance_string_tests.CreateFormattedResistanceStringTests" name="testCreateFormattedResistanceStringFourBandRedBlackBlackGrey" time="0.000" timestamp="2018-10-19T20:33:00"/>
	<testcase classname="create_formatted_resistance_string_tests.CreateFormattedResistanceStringTests" name="testCreateFormattedResistanceStringFourBandRedBlackBlackNone" time="0.000" timestamp="2018-10-19T20:33:00"/>
	<testcase classname="create_formatted_resistance_string_tests.CreateFormattedResistanceStringTests" name="testCreateFormattedResistanceStringFourBandRedBlackBlackRed" time="0.000" timestamp="2018-10-19T20:33:00"/>
	<testcase classname="create_formatted_resistance_string_tests.CreateFormattedResistanceStringTests" name="testCreateFormattedResistanceStringFourBandRedBlackBlackSilver" time="0.000" timestamp="2018-10-19T20:33:00"/>
	<testcase classname="create_formatted_resistance_string_tests.CreateFormattedResistanceStringTests" name="testCreateFormattedResistanceStringFourBandRedBlackBlackViolet" time="0.000" timestamp="2018-10-19T20:33:00"/>
	<testcase classname="create_formatted_resistance_string_tests.CreateFormattedResistanceStringTests" name="testCreateFormattedResistanceStringFourBandRedBlackBlueBlue" time="0.000" timestamp="2018-10-19T20:33:00"/>
	<testcase classname="create_formatted_resistance_string_tests.CreateFormattedResistanceStringTests" name="testCreateFormattedResistanceStringFourBandRedBlackBlueBrown" time="0.000" timestamp="2018-10-19T20:33:00"/>
	<testcase classname="create_formatted_resistance_string_tests.CreateFormattedResistanceStringTests" name="testCreateFormattedResistanceStringFourBandRedBlackBlueGold" time="0.000" timestamp="2018-10-19T20:33:00"/>
	<testcase classname="create_formatted_resistance_string_tests.CreateFormattedResistanceStringTests" name="testCreateFormattedResistanceStringFourBandRedBlackBlueGreen" time="0.000" timestamp="2018-10-19T20:33:00"/>
	<testcase classname="create_formatted_resistance_string_tests.CreateFormattedResistanceStringTests" name="testCreateFormattedResistanceStringFourBandRedBlackBlueGrey" time="0.000" timestamp="2018-10-19T20:33:00"/>
	<testcase classname="create_formatted_resistance_string_tests.CreateFormattedResistanceStringTests" name="testCreateFormattedResistanceStringFourBandRedBlackBlueNone" time="0.000" timestamp="2018-10-19T20:33:00"/>
	<testcase classname="create_formatted_resistance_string_tests.CreateFormattedResistanceStringTests" name="testCreateFormattedResistanceStringFourBandRedBlackBlueRed" time="0.000" timestamp="2018-10-19T20:33:00"/>
	<testcase classname="create_formatted_resistance_string_tests.CreateFormattedResistanceStringTests" name="testCreateFormattedResistanceStringFourBandRedBlackBlueSilver" time="0.000" timestamp="2018-10-19T20:33:00"/>
	<testcase classname="create_formatted_resistance_string_tests.CreateFormattedResistanceStringTests" name="testCreateFormattedResistanceStringFourBandRedBlackBlueViolet" time="0.000" timestamp="2018-10-19T20:33:00"/>
	<testcase classname="create_formatted_resistance_string_tests.CreateFormattedResistanceStringTests" name="testCreateFormattedResistanceStringFourBandRedBlackBrownBlue" time="0.000" timestamp="2018-10-19T20:33:00"/>
	<testcase classname="create_formatted_resistance_string_tests.CreateFormattedResistanceStringTests" name="testCreateFormattedResistanceStringFourBandRedBlackBrownBrown" time="0.000" timestamp="2018-10-19T20:33:00"/>
	<testcase classname="create_formatted_resistance_string_tests.CreateFormattedResistanceStringTests" name="testCreateFormattedResistanceStringFourBandRedBlackBrownGold" time="0.000" timestamp="2018-10-19T20:33:00"/>
	<testcase classname="create_formatted_resistance_string_tests.CreateFormattedResistanceStringTests" name="testCreateFormattedResistanceStringFourBandRedBlackBrownGreen" time="0.000" timestamp="2018-10-19T20:33:00"/>
	<testcase classname="create_formatted_resistance_string_tests.CreateFormattedResistanceStringTests" name="testCreateFormattedResistanceStringFourBandRedBlackBrownGrey" time="0.000" timestamp="2018-10-19T20:33:00"/>
	<testcase classname="create_formatted_resistance_string_tests.CreateFormattedResistanceStringTests" name="testCreateFormattedResistanceStringFourBandRedBlackBrownNone" time="0.000" timestamp="2018-10-19T20:33:00"/>
	<testcase classname="create_formatted_resistance_string_tests.CreateFormattedResistanceStringTests" name="testCreateFormattedResistanceStringFourBandRedBlackBrownRed" time="0.000" timestamp="2018-10-19T20:33:00"/>
	<testcase classname="create_formatted_resistance_string_tests.CreateFormattedResistanceStringTests" name="testCreateFormattedResistanceStringFourBandRedBlackBrownSilver" time="0.000" timestamp="2018-10-19T20:33:00"/>
	<testcase classname="create_formatted_resistance_string_tests.CreateFormattedResistanceStringTests" name="testCreateFormattedResistanceStringFourBandRedBlackBrownViolet" time="0.000" timestamp="2018-10-19T20:33:00"/>
	<testcase classname="create_formatted_resistance_string_tests.CreateFormattedResistanceStringTests" name="testCreateFormattedResistanceStringFourBandRedBlackGoldBlue" time="0.000" timestamp="2018-10-19T20:33:00"/>
	<testcase classname="create_formatted_resistance_string_tests.CreateFormattedResistanceStringTests" name="testCreateFormattedResistanceStringFourBandRedBlackGoldBrown" time="0.000" timestamp="2018-10-19T20:33:00"/>
	<testcase classname="create_formatted_resistance_string_tests.CreateFormattedResistanceStringTests" name="testCreateFormattedResistanceStringFourBandRedBlackGoldGold" time="0.000" timestamp="2018-10-19T20:33:00"/>
	<testcase classname="create_formatted_resistance_string_tests.CreateFormattedResistanceStringTests" name="testCreateFormattedResistanceStringFourBandRedBlackGoldGreen" time="0.000" timestamp="2018-10-19T20:33:00"/>
	<testcase classname="create_formatted_resistance_string_tests.CreateFormattedResistanceStringTests" name="testCreateFormattedResistanceStringFourBandRedBlackGoldGrey" time="0.000" timestamp="2018-10-19T20:33:00"/>
	<testcase classname="create_formatted_resistance_string_tests.CreateFormattedResistanceStringTests" name="testCreateFormattedResistanceStringFourBandRedBlackGoldNone" time="0.000" timestamp="2018-10-19T20:33:00"/>
	<testcase classname="create_formatted_resistance_string_tests.CreateFormattedResistanceStringTests" name="testCreateFormattedResistanceStringFourBandRedBlackGoldRed" time="0.000" timestamp="2018-10-19T20:33:00"/>
	<testcase classname="create_formatted_resistance_string_tests.CreateFormattedResistanceStringTests" name="testCreateFormattedResistanceStringFourBandRedBlackGoldSilver" time="0.000" timestamp="2018-10-19T20:33:00"/>
	<testcase classname="create_formatted_resistance_string_tests.CreateFormattedResistanceStringTests" name="testCreateFormattedResistanceStringFourBandRedBlackGoldViolet" time="0.000" timestamp="2018-10-19T20:33:00"/>
	<testcase classname="create_formatted_resistance_string_tests.CreateFormattedResistanceStringTests" name="testCreateFormattedResistanceStringFourBandRedBlackGreenBlue" time="0.000" timestamp="2018-10-19T20:33:00"/>
	<testcase classname="create_formatted_resistance_string_tests.CreateFormattedResistanceStringTests" name="testCreateFormattedResistanceStringFourBandRedBlackGreenBrown" time="0.000" timestamp="2018-10-19T20:33:00"/>
	<testcase classname="create_formatted_resistance_string_tests.CreateFormattedResistanceStringTests" name="testCreateFormattedResistanceStringFourBandRedBlackGreenGold" time="0.000" timestamp="2018-10-19T20:33:00"/>
	<testcase classname="create_formatted_resistance_string_tests.CreateFormattedResistanceStringTests" name="testCreateFormattedResistanceStringFourBandRedBlackGreenGreen" time="0.000" timestamp="2018-10-19T20:33:00"/>
	<testcase classname="create_formatted_resistance_string_tests.CreateFormattedResistanceStringTests" name="testCreateFormattedResistanceStringFourBandRedBlackGreenGrey" time="0.000" timestamp="2018-10-19T20:33:00"/>
	<testcase classname="create_formatted_resistance_string_tests.CreateFormattedResistanceStringTests" name="testCreateFormattedResistanceStringFourBandRedBlackGreenNone" time="0.000" timestamp="2018-10-19T20:33:00"/>
	<testcase classname="create_formatted_resistance_string_tests.CreateFormattedResistanceStringTests" name="testCreateFormattedResistanceStringFourBandRedBlackGreenRed" time="0.000" timestamp="2018-10-19T20:33:00"/>
	<testcase classname="create_formatted_resistance_string_tests.CreateFormattedResistanceStringTests" name="testCreateFormattedResistanceStringFourBandRedBlackGreenSilver" time="0.000" timestamp="2018-10-19T20:33:00"/>
	<testcase classname="create_formatted_resistance_string_tests.CreateFormattedResistanceStringTests" name="testCreateFormattedResistanceStringFourBandRedBlackGreenViolet" time="0.000" timestamp="2018-10-19T20:33:00"/>
	<testcase classname="create_formatted_resistance_string_tests.CreateFormattedResistanceStringTests" name="testCreateFormattedResistanceStringFourBandRedBlackGreyBlue" time="0.000" timestamp="2018-10-19T20:33:00"/>
	<testcase classname="create_formatted_resistance_string_tests.CreateFormattedResistanceStringTests" name="testCreateFormattedResistanceStringFourBandRedBlackGreyBrown" time="0.000" timestamp="2018-10-19T20:33:00"/>
	<testcase classname="create_formatted_resistance_string_tests.CreateFormattedResistanceStringTests" name="testCreateFormattedResistanceStringFourBandRedBlackGreyGold" time="0.000" timestamp="2018-10-19T20:33:00"/>
	<testcase classname="create_formatted_resistance_string_tests.CreateFormattedResistanceStringTests" name="testCreateFormattedResistanceStringFourBandRedBlackGreyGreen" time="0.000" timestamp="2018-10-19T20:33:00"/>
	<testcase classname="create_formatted_resistance_string_tests.CreateFormattedResistanceStringTests" name="testCreateFormattedResistanceStringFourBandRedBlackGreyGrey" time="0.000" timestamp="2018-10-19T20:33:00"/>
	<testcase classname="create_formatted_resistance_string_tests.CreateFormattedResistanceStringTests" name="testCreateFormattedResistanceStringFourBandRedBlackGreyNone" time="0.000" timestamp="2018-10-19T20:33:00"/>
	<testcase classname="create_formatted_resistance_string_tests.CreateFormattedResistanceStringTests" name="testCreateFormattedResistanceStringFourBandRedBlackGreyRed" time="0.000" timestamp="2018-10-19T20:33:00"/>
	<testcase classname="create_formatted_resistance_string_tests.CreateFormattedResistanceStringTests" name="testCreateFormattedResistanceStringFourBandRedBlackGreySilver" time="0.000" timestamp="2018-10-19T20:33:00"/>
	<testcase classname="create_formatted_resistance_string_tests.CreateFormattedResistanceStringTests" name="testCreateFormattedResistanceStringFourBandRedBlackGreyViolet" time="0.000" timestamp="2018-10-19T20:33:00"/>
	<testcase classname="create_formatted_resistance_string_tests.CreateFormattedResistanceStringTests" name="testCreateFormattedResistanceStringFourBandRedBlackOrangeBlue" time="0.000" timestamp="2018-10-19T20:33:00"/>
	<testcase classname="create_formatted_resistance_string_tests.CreateFormattedResistanceStringTests" name="testCreateFormattedResistanceStringFourBandRedBlackOrangeBrown" time="0.000" timestamp="2018-10-19T20:33:00"/>
	<testcase classname="create_formatted_resistance_string_tests.CreateFormattedResistanceStringTests" name="testCreateFormattedResistanceStringFourBandRedBlackOrangeGold" time="0.000" timestamp="2018-10-19T20:33:00"/>
	<testcase classname="create_formatted_resistance_string_tests.CreateFormattedResistanceStringTests" name="testCreateFormattedResistanceStringFourBandRedBlackOrangeGreen" time="0.000" timestamp="2018-10-19T20:33:00"/>
	<testcase classname="create_formatted_resistance_string_tests.CreateFormattedResistanceStringTests" name="testCreateFormattedResistanceStringFourBandRedBlackOrangeGrey" time="0.000" timestamp="2018-10-19T20:33:00"/>
	<testcase classname="create_formatted_resistance_string_tests.CreateFormattedResistanceStringTests" name="testCreateFormattedResistanceStringFourBandRedBlackOrangeNone" time="0.000" timestamp="2018-10-19T20:33:00"/>
	<testcase classname="create_formatted_resistance_string_tests.CreateFormattedResistanceStringTests" name="testCreateFormattedResistanceStringFourBandRedBlackOrangeRed" time="0.000" timestamp="2018-10-19T20:33:00"/>
	<testcase classname="create_formatted_resistance_string_tests.CreateFormattedResistanceStringTests" name="testCreateFormattedResistanceStringFourBandRedBlackOrangeSilver" time="0.000" timestamp="2018-10-19T20:33:00"/>
	<testcase classname="create_formatted_resistance_string_tests.CreateFormattedResistanceStringTests" name="testCreateFormattedResistanceStringFourBandRedBlackOrangeViolet" time="0.000" timestamp="2018-10-19T20:33:00"/>
	<testcase classname="create_formatted_resistance_string_tests.CreateFormattedResistanceStringTests" name="testCreateFormattedResistanceStringFourBandRedBlackRedBlue" time="0.000" timestamp="2018-10-19T20:33:00"/>
	<testcase classname="create_formatted_resistance_string_tests.CreateFormattedResistanceStringTests" name="testCreateFormattedResistanceStringFourBandRedBlackRedBrown" time="0.000" timestamp="2018-10-19T20:33:00"/>
	<testcase classname="create_formatted_resistance_string_tests.CreateFormattedResistanceStringTests" name="testCreateFormattedResistanceStringFourBandRedBlackRedGold" time="0.000" timestamp="2018-10-19T20:33:00"/>
	<testcase classname="create_formatted_resistance_string_tests.CreateFormattedResistanceStringTests" name="testCreateFormattedResistanceStringFourBandRedBlackRedGreen" time="0.000" timestamp="2018-10-19T20:33:00"/>
	<testcase classname="create_formatted_resistance_string_tests.CreateFormattedResistanceStringTests" name="testCreateFormattedResistanceStringFourBandRedBlackRedGrey" time="0.000" timestamp="2018-10-19T20:33:00"/>
	<testcase classname="create_formatted_resistance_string_tests.CreateFormattedResistanceStringTests" name="testCreateFormattedResistanceStringFourBandRedBlackRedNone" time="0.000" timestamp="2018-10-19T20:33:00"/>
	<testcase classname="create_formatted_resistance_string_tests.CreateFormattedResistanceStringTests" name="testCreateFormattedResistanceStringFourBandRedBlackRedRed" time="0.000" timestamp="2018-10-19T20:33:00"/>
	<testcase classname="create_formatted_resistance_string_tests.CreateFormattedResistanceStringTests" name="testCreateFormattedResistanceStringFourBandRedBlackRedSilver" time="0.000" timestamp="2018-10-19T20:33:00"/>
	<testcase classname="create_formatted_resistance_string_tests.CreateFormattedResistanceStringTests" name="testCreateFormattedResistanceStringFourBandRedBlackRedViolet" time="0.000" timestamp="2018-10-19T20:33:00"/>
	<testcase classname="create_formatted_resistance_string_tests.CreateFormattedResistanceStringTests" name="testCreateFormattedResistanceStringFourBandRedBlackSilverBlue" time="0.000" timestamp="2018-10-19T20:33:00"/>
	<testcase classname="create_formatted_resistance_string_tests.CreateFormattedResistanceStringTests" name="testCreateFormattedResistanceStringFourBandRedBlackSilverBrown" time="0.000" timestamp="2018-10-19T20:33:00"/>
	<testcase classname="create_formatted_resistance_string_tests.CreateFormattedResistanceStringTests" name="testCreateFormattedResistanceStringFourBandRedBlackSilverGold" time="0.000" timestamp="2018-10-19T20:33:00"/>
	<testcase classname="create_formatted_resistance_string_tests.CreateFormattedResistanceStringTests" name="testCreateFormattedResistanceStringFourBandRedBlackSilverGreen" time="0.000" timestamp="2018-10-19T20:33:00"/>
	<testcase classname="create_formatted_resistance_string_tests.CreateFormattedResistanceStringTests" name="testCreateFormattedResistanceStringFourBandRedBlackSilverGrey" time="0.000" timestamp="2018-10-19T20:33:00"/>
	<testcase classname="create_formatted_resistance_string_tests.CreateFormattedResistanceStringTests" name="testCreateFormattedResistanceStringFourBandRedBlackSilverNone" time="0.000" timestamp="2018-10-19T20:33:00"/>
	<testcase classname="create_formatted_resistance_string_tests.CreateFormattedResistanceStringTests" name="testCreateFormattedResistanceStringFourBandRedBlackSilverRed" time="0.000" timestamp="2018-10-19T20:33:00"/>
	<testcase classname="create_formatted_resistance_string_tests.CreateFormattedResistanceStringTests" name="testCreateFormattedResistanceStringFourBandRedBlackSilverSilver" time="0.000" timestamp="2018-10-19T20:33:00"/>
	<testcase classname="create_formatted_resistance_string_tests.CreateFormattedResistanceStringTests" name="testCreateFormattedResistanceStringFourBandRedBlackSilverViolet" time="0.000" timestamp="2018-10-19T20:33:00"/>
	<testcase classname="create_formatted_resistance_string_tests.CreateFormattedResistanceStringTests" name="testCreateFormattedResistanceStringFourBandRedBlackVioletBlue" time="0.000" timestamp="2018-10-19T20:33:00"/>
	<testcase classname="create_formatted_resistance_string_tests.CreateFormattedResistanceStringTests" name="testCreateFormattedResistanceStringFourBandRedBlackVioletBrown" time="0.000" timestamp="2018-10-19T20:33:00"/>
	<testcase classname="create_formatted_resistance_string_tests.CreateFormattedResistanceStringTests" name="testCreateFormattedResistanceStringFourBandRedBlackVioletGold" time="0.000" timestamp="2018-10-19T20:33:00"/>
	<testcase classname="create_formatted_resistance_string_tests.CreateFormattedResistanceStringTests" name="testCreateFormattedResistanceStringFourBandRedBlackVioletGreen" time="0.000" timestamp="2018-10-19T20:33:00"/>
	<testcase classname="create_formatted_resistance_string_tests.CreateFormattedResistanceStringTests" name="testCreateFormattedResistanceStringFourBandRedBlackVioletGrey" time="0.000" timestamp="2018-10-19T20:33:00"/>
	<testcase classname="create_formatted_resistance_string_tests.CreateFormattedResistanceStringTests" name="testCreateFormattedResistanceStringFourBandRedBlackVioletNone" time="0.000" timestamp="2018-10-19T20:33:00"/>
	<testcase classname="create_formatted_resistance_string_tests.CreateFormattedResistanceStringTests" name="testCreateFormattedResistanceStringFourBandRedBlackVioletRed" time="0.000" timestamp="2018-10-19T20:33:00"/>
	<testcase classname="create_formatted_resistance_string_tests.CreateFormattedResistanceStringTests" name="testCreateFormattedResistanceStringFourBandRedBlackVioletSilver" time="0.000" timestamp="2018-10-19T20:33:00"/>
	<testcase classname="create_formatted_resistance_string_tests.CreateFormattedResistanceStringTests" name="testCreateFormattedResistanceStringFourBandRedBlackVioletViolet" time="0.000" timestamp="2018-10-19T20:33:00"/>
	<testcase classname="create_formatted_resistance_string_tests.CreateFormattedResistanceStringTests" name="testCreateFormattedResistanceStringFourBandRedBlackWhiteBlue" time="0.000" timestamp="2018-10-19T20:33:00"/>
	<testcase classname="create_formatted_resistance_string_tests.CreateFormattedResistanceStringTests" name="testCreateFormattedResistanceStringFourBandRedBlackWhiteBrown" time="0.000" timestamp="2018-10-19T20:33:00"/>
	<testcase classname="create_formatted_resistance_string_tests.CreateFormattedResistanceStringTests" name="testCreateFormattedResistanceStringFourBandRedBlackWhiteGold" time="0.000" timestamp="2018-10-19T20:33:00"/>
	<testcase classname="create_formatted_resistance_string_tests.CreateFormattedResistanceStringTests" name="testCreateFormattedResistanceStringFourBandRedBlackWhiteGreen" time="0.000" timestamp="2018-10-19T20:33:00"/>
	<testcase classname="create_formatted_resistance_string_tests.CreateFormattedResistanceStringTests" name="testCreateFormattedResistanceStringFourBandRedBlackWhiteGrey" time="0.000" timestamp="2018-10-19T20:33:00"/>
	<testcase classname="create_formatted_resistance_string_tests.CreateFormattedResistanceStringTests" name="testCreateFormattedResistanceStringFourBandRedBlackWhiteNone" time="0.000" timestamp="2018-10-19T20:33:00"/>
	<testcase classname="create_formatted_resistance_string_tests.CreateFormattedResistanceStringTests" name="testCreateFormattedResistanceStringFourBandRedBlackWhiteRed" time="0.000" timestamp="2018-10-19T20:33:00"/>
	<testcase classname="create_formatted_resistance_string_tests.CreateFormattedResistanceStringTests" name="testCreateFormattedResistanceStringFourBandRedBlackWhiteSilver" time="0.000" timestamp="2018-10-19T20:33:00"/>
	<testcase classname="create_formatted_resistance_string_tests.CreateFormattedResistanceStringTests" name="testCreateFormattedResistanceStringFourBandRedBlackWhiteViolet" time="0.000" timestamp="2018-10-19T20:33:00"/>
	<testcase classname="create_formatted_resistance_string_tests.CreateFormattedResistanceStringTests" name="testCreateFormattedResistanceStringFourBandRedBlackYellowBlue" time="0.000" timestamp="2018-10-19T20:33:00"/>
	<testcase classname="create_formatted_resistance_string_tests.CreateFormattedResistanceStringTests" name="testCreateFormattedResistanceStringFourBandRedBlackYellowBrown" time="0.000" timestamp="2018-10-19T20:33:00"/>
	<testcase classname="create_formatted_resistance_string_tests.CreateFormattedResistanceStringTests" name="testCreateFormattedResistanceStringFourBandRedBlackYellowGold" time="0.000" timestamp="2018-10-19T20:33:00"/>
	<testcase classname="create_formatted_resistance_string_tests.CreateFormattedResistanceStringTests" name="testCreateFormattedResistanceStringFourBandRedBlackYellowGreen" time="0.000" timestamp="2018-10-19T20:33:00"/>
	<testcase classname="create_formatted_resistance_string_tests.CreateFormattedResistanceStringTests" name="testCreateFormattedResistanceStringFourBandRedBlackYellowGrey" time="0.000" timestamp="2018-10-19T20:33:00"/>
	<testcase classname="create_formatted_resistance_string_tests.CreateFormattedResistanceStringTests" name="testCreateFormattedResistanceStringFourBandRedBlackYellowNone" time="0.000" timestamp="2018-10-19T20:33:00"/>
	<testcase classname="create_formatted_resistance_string_tests.CreateFormattedResistanceStringTests" name="testCreateFormattedResistanceStringFourBandRedBlackYellowRed" time="0.000" timestamp="2018-10-19T20:33:00"/>
	<testcase classname="create_formatted_resistance_string_tests.CreateFormattedResistanceStringTests" name="testCreateFormattedResistanceStringFourBandRedBlackYellowSilver" time="0.000" timestamp="2018-10-19T20:33:00"/>
	<testcase classname="create_formatted_resistance_string_tests.CreateFormattedResistanceStringTests" name="testCreateFormattedResistanceStringFourBandRedBlackYellowViolet" time="0.000" timestamp="2018-10-19T20:33:00"/>
	<testcase classname="create_formatted_resistance_string_tests.CreateFormattedResistanceStringTests" name="testCreateFormattedResistanceStringFourBandRedBlueBlackBlue" time="0.000" timestamp="2018-10-19T20:33:00"/>
	<testcase classname="create_formatted_resistance_string_tests.CreateFormattedResistanceStringTests" name="testCreateFormattedResistanceStringFourBandRedBlueBlackBrown" time="0.000" timestamp="2018-10-19T20:33:00"/>
	<testcase classname="create_formatted_resistance_string_tests.CreateFormattedResistanceStringTests" name="testCreateFormattedResistanceStringFourBandRedBlueBlackGold" time="0.000" timestamp="2018-10-19T20:33:00"/>
	<testcase classname="create_formatted_resistance_string_tests.CreateFormattedResistanceStringTests" name="testCreateFormattedResistanceStringFourBandRedBlueBlackGreen" time="0.000" timestamp="2018-10-19T20:33:00"/>
	<testcase classname="create_formatted_resistance_string_tests.CreateFormattedResistanceStringTests" name="testCreateFormattedResistanceStringFourBandRedBlueBlackGrey" time="0.000" timestamp="2018-10-19T20:33:00"/>
	<testcase classname="create_formatted_resistance_string_tests.CreateFormattedResistanceStringTests" name="testCreateFormattedResistanceStringFourBandRedBlueBlackNone" time="0.000" timestamp="2018-10-19T20:33:00"/>
	<testcase classname="create_formatted_resistance_string_tests.CreateFormattedResistanceStringTests" name="testCreateFormattedResistanceStringFourBandRedBlueBlackRed" time="0.000" timestamp="2018-10-19T20:33:00"/>
	<testcase classname="create_formatted_resistance_string_tests.CreateFormattedResistanceStringTests" name="testCreateFormattedResistanceStringFourBandRedBlueBlackSilver" time="0.000" timestamp="2018-10-19T20:33:00"/>
	<testcase classname="create_formatted_resistance_string_tests.CreateFormattedResistanceStringTests" name="testCreateFormattedResistanceStringFourBandRedBlueBlackViolet" time="0.000" timestamp="2018-10-19T20:33:00"/>
	<testcase classname="create_formatted_resistance_string_tests.CreateFormattedResistanceStringTests" name="testCreateFormattedResistanceStringFourBandRedBlueBlueBlue" time="0.000" timestamp="2018-10-19T20:33:00"/>
	<testcase classname="create_formatted_resistance_string_tests.CreateFormattedResistanceStringTests" name="testCreateFormattedResistanceStringFourBandRedBlueBlueBrown" time="0.000" timestamp="2018-10-19T20:33:00"/>
	<testcase classname="create_formatted_resistance_string_tests.CreateFormattedResistanceStringTests" name="testCreateFormattedResistanceStringFourBandRedBlueBlueGold" time="0.000" timestamp="2018-10-19T20:33:00"/>
	<testcase classname="create_formatted_resistance_string_tests.CreateFormattedResistanceStringTests" name="testCreateFormattedResistanceStringFourBandRedBlueBlueGreen" time="0.000" timestamp="2018-10-19T20:33:00"/>
	<testcase classname="create_formatted_resistance_string_tests.CreateFormattedResistanceStringTests" name="testCreateFormattedResistanceStringFourBandRedBlueBlueGrey" time="0.000" timestamp="2018-10-19T20:33:00"/>
	<testcase classname="create_formatted_resistance_string_tests.CreateFormattedResistanceStringTests" name="testCreateFormattedResistanceStringFourBandRedBlueBlueNone" time="0.000" timestamp="2018-10-19T20:33:00"/>
	<testcase classname="create_formatted_resistance_string_tests.CreateFormattedResistanceStringTests" name="testCreateFormattedResistanceStringFourBandRedBlueBlueRed" time="0.000" timestamp="2018-10-19T20:33:00"/>
	<testcase classname="create_formatted_resistance_string_tests.CreateFormattedResistanceStringTests" name="testCreateFormattedResistanceStringFourBandRedBlueBlueSilver" time="0.000" timestamp="2018-10-19T20:33:00"/>
	<testcase classname="create_formatted_resistance_string_tests.CreateFormattedResistanceStringTests" name="testCreateFormattedResistanceStringFourBandRedBlueBlueViolet" time="0.000" timestamp="2018-10-19T20:33:00"/>
	<testcase classname="create_formatted_resistance_string_tests.CreateFormattedResistanceStringTests" name="testCreateFormattedResistanceStringFourBandRedBlueBrownBlue" time="0.000" timestamp="2018-10-19T20:33:00"/>
	<testcase classname="create_formatted_resistance_string_tests.CreateFormattedResistanceStringTests" name="testCreateFormattedResistanceStringFourBandRedBlueBrownBrown" time="0.000" timestamp="2018-10-19T20:33:00"/>
	<testcase classname="create_formatted_resistance_string_tests.CreateFormattedResistanceStringTests" name="testCreateFormattedResistanceStringFourBandRedBlueBrownGold" time="0.000" timestamp="2018-10-19T20:33:00"/>
	<testcase classname="create_formatted_resistance_string_tests.CreateFormattedResistanceStringTests" name="testCreateFormattedResistanceStringFourBandRedBlueBrownGreen" time="0.000" timestamp="2018-10-19T20:33:00"/>
	<testcase classname="create_formatted_resistance_string_tests.CreateFormattedResistanceStringTests" name="testCreateFormattedResistanceStringFourBandRedBlueBrownGrey" time="0.000" timestamp="2018-10-19T20:33:00"/>
	<testcase classname="create_formatted_resistance_string_tests.CreateFormattedResistanceStringTests" name="testCreateFormattedResistanceStringFourBandRedBlueBrownNone" time="0.000" timestamp="2018-10-19T20:33:00"/>
	<testcase classname="create_formatted_resistance_string_tests.CreateFormattedResistanceStringTests" name="testCreateFormattedResistanceStringFourBandRedBlueBrownRed" time="0.000" timestamp="2018-10-19T20:33:00"/>
	<testcase classname="create_formatted_resistance_string_tests.CreateFormattedResistanceStringTests" name="testCreateFormattedResistanceStringFourBandRedBlueBrownSilver" time="0.000" timestamp="2018-10-19T20:33:00"/>
	<testcase classname="create_formatted_resistance_string_tests.CreateFormattedResistanceStringTests" name="testCreateFormattedResistanceStringFourBandRedBlueBrownViolet" time="0.000" timestamp="2018-10-19T20:33:00"/>
	<testcase classname="create_formatted_resistance_string_tests.CreateFormattedResistanceStringTests" name="testCreateFormattedResistanceStringFourBandRedBlueGoldBlue" time="0.000" timestamp="2018-10-19T20:33:00"/>
	<testcase classname="create_formatted_resistance_string_tests.CreateFormattedResistanceStringTests" name="testCreateFormattedResistanceStringFourBandRedBlueGoldBrown" time="0.000" timestamp="2018-10-19T20:33:00"/>
	<testcase classname="create_formatted_resistance_string_tests.CreateFormattedResistanceStringTests" name="testCreateFormattedResistanceStringFourBandRedBlueGoldGold" time="0.000" timestamp="2018-10-19T20:33:00"/>
	<testcase classname="create_formatted_resistance_string_tests.CreateFormattedResistanceStringTests" name="testCreateFormattedResistanceStringFourBandRedBlueGoldGreen" time="0.000" timestamp="2018-10-19T20:33:00"/>
	<testcase classname="create_formatted_resistance_string_tests.CreateFormattedResistanceStringTests" name="testCreateFormattedResistanceStringFourBandRedBlueGoldGrey" time="0.000" timestamp="2018-10-19T20:33:00"/>
	<testcase classname="create_formatted_resistance_string_tests.CreateFormattedResistanceStringTests" name="testCreateFormattedResistanceStringFourBandRedBlueGoldNone" time="0.000" timestamp="2018-10-19T20:33:00"/>
	<testcase classname="create_formatted_resistance_string_tests.CreateFormattedResistanceStringTests" name="testCreateFormattedResistanceStringFourBandRedBlueGoldRed" time="0.000" timestamp="2018-10-19T20:33:00"/>
	<testcase classname="create_formatted_resistance_string_tests.CreateFormattedResistanceStringTests" name="testCreateFormattedResistanceStringFourBandRedBlueGoldSilver" time="0.000" timestamp="2018-10-19T20:33:00"/>
	<testcase classname="create_formatted_resistance_string_tests.CreateFormattedResistanceStringTests" name="testCreateFormattedResistanceStringFourBandRedBlueGoldViolet" time="0.000" timestamp="2018-10-19T20:33:00"/>
	<testcase classname="create_formatted_resistance_string_tests.CreateFormattedResistanceStringTests" name="testCreateFormattedResistanceStringFourBandRedBlueGreenBlue" time="0.000" timestamp="2018-10-19T20:33:00"/>
	<testcase classname="create_formatted_resistance_string_tests.CreateFormattedResistanceStringTests" name="testCreateFormattedResistanceStringFourBandRedBlueGreenBrown" time="0.000" timestamp="2018-10-19T20:33:00"/>
	<testcase classname="create_formatted_resistance_string_tests.CreateFormattedResistanceStringTests" name="testCreateFormattedResistanceStringFourBandRedBlueGreenGold" time="0.000" timestamp="2018-10-19T20:33:00"/>
	<testcase classname="create_formatted_resistance_string_tests.CreateFormattedResistanceStringTests" name="testCreateFormattedResistanceStringFourBandRedBlueGreenGreen" time="0.000" timestamp="2018-10-19T20:33:00"/>
	<testcase classname="create_formatted_resistance_string_tests.CreateFormattedResistanceStringTests" name="testCreateFormattedResistanceStringFourBandRedBlueGreenGrey" time="0.000" timestamp="2018-10-19T20:33:00"/>
	<testcase classname="create_formatted_resistance_string_tests.CreateFormattedResistanceStringTests" name="testCreateFormattedResistanceStringFourBandRedBlueGreenNone" time="0.000" timestamp="2018-10-19T20:33:00"/>
	<testcase classname="create_formatted_resistance_string_tests.CreateFormattedResistanceStringTests" name="testCreateFormattedResistanceStringFourBandRedBlueGreenRed" time="0.000" timestamp="2018-10-19T20:33:00"/>
	<testcase classname="create_formatted_resistance_string_tests.CreateFormattedResistanceStringTests" name="testCreateFormattedResistanceStringFourBandRedBlueGreenSilver" time="0.000" timestamp="2018-10-19T20:33:00"/>
	<testcase classname="create_formatted_resistance_string_tests.CreateFormattedResistanceStringTests" name="testCreateFormattedResistanceStringFourBandRedBlueGreenViolet" time="0.000" timestamp="2018-10-19T20:33:00"/>
	<testcase classname="create_formatted_resistance_string_tests.CreateFormattedResistanceStringTests" name="testCreateFormattedResistanceStringFourBandRedBlueGreyBlue" time="0.000" timestamp="2018-10-19T20:33:00"/>
	<testcase classname="create_formatted_resistance_string_tests.CreateFormattedResistanceStringTests" name="testCreateFormattedResistanceStringFourBandRedBlueGreyBrown" time="0.000" timestamp="2018-10-19T20:33:00"/>
	<testcase classname="create_formatted_resistance_string_tests.CreateFormattedResistanceStringTests" name="testCreateFormattedResistanceStringFourBandRedBlueGreyGold" time="0.000" timestamp="2018-10-19T20:33:00"/>
	<testcase classname="create_formatted_resistance_string_tests.CreateFormattedResistanceStringTests" name="testCreateFormattedResistanceStringFourBandRedBlueGreyGreen" time="0.000" timestamp="2018-10-19T20:33:00"/>
	<testcase classname="create_formatted_resistance_string_tests.CreateFormattedResistanceStringTests" name="testCreateFormattedResistanceStringFourBandRedBlueGreyGrey" time="0.000" timestamp="2018-10-19T20:33:00"/>
	<testcase classname="create_formatted_resistance_string_tests.CreateFormattedResistanceStringTests" name="testCreateFormattedResistanceStringFourBandRedBlueGreyNone" time="0.000" timestamp="2018-10-19T20:33:00"/>
	<testcase classname="create_formatted_resistance_string_tests.CreateFormattedResistanceStringTests" name="testCreateFormattedResistanceStringFourBandRedBlueGreyRed" time="0.000" timestamp="2018-10-19T20:33:00"/>
	<testcase classname="create_formatted_resistance_string_tests.CreateFormattedResistanceStringTests" name="testCreateFormattedResistanceStringFourBandRedBlueGreySilver" time="0.000" timestamp="2018-10-19T20:33:00"/>
	<testcase classname="create_formatted_resistance_string_tests.CreateFormattedResistanceStringTests" name="testCreateFormattedResistanceStringFourBandRedBlueGreyViolet" time="0.000" timestamp="2018-10-19T20:33:00"/>
	<testcase classname="create_formatted_resistance_string_tests.CreateFormattedResistanceStringTests" name="testCreateFormattedResistanceStringFourBandRedBlueOrangeBlue" time="0.000" timestamp="2018-10-19T20:33:00"/>
	<testcase classname="create_formatted_resistance_string_tests.CreateFormattedResistanceStringTests" name="testCreateFormattedResistanceStringFourBandRedBlueOrangeBrown" time="0.000" timestamp="2018-10-19T20:33:00"/>
	<testcase classname="create_formatted_resistance_string_tests.CreateFormattedResistanceStringTests" name="testCreateFormattedResistanceStringFourBandRedBlueOrangeGold" time="0.000" timestamp="2018-10-19T20:33:00"/>
	<testcase classname="create_formatted_resistance_string_tests.CreateFormattedResistanceStringTests" name="testCreateFormattedResistanceStringFourBandRedBlueOrangeGreen" time="0.000" timestamp="2018-10-19T20:33:00"/>
	<testcase classname="create_formatted_resistance_string_tests.CreateFormattedResistanceStringTests" name="testCreateFormattedResistanceStringFourBandRedBlueOrangeGrey" time="0.000" timestamp="2018-10-19T20:33:00"/>
	<testcase classname="create_formatted_resistance_string_tests.CreateFormattedResistanceStringTests" name="testCreateFormattedResistanceStringFourBandRedBlueOrangeNone" time="0.000" timestamp="2018-10-19T20:33:00"/>
	<testcase classname="create_formatted_resistance_string_tests.CreateFormattedResistanceStringTests" name="testCreateFormattedResistanceStringFourBandRedBlueOrangeRed" time="0.000" timestamp="2018-10-19T20:33:00"/>
	<testcase classname="create_formatted_resistance_string_tests.CreateFormattedResistanceStringTests" name="testCreateFormattedResistanceStringFourBandRedBlueOrangeSilver" time="0.000" timestamp="2018-10-19T20:33:00"/>
	<testcase classname="create_formatted_resistance_string_tests.CreateFormattedResistanceStringTests" name="testCreateFormattedResistanceStringFourBandRedBlueOrangeViolet" time="0.000" timestamp="2018-10-19T20:33:00"/>
	<testcase classname="create_formatted_resistance_string_tests.CreateFormattedResistanceStringTests" name="testCreateFormattedResistanceStringFourBandRedBlueRedBlue" time="0.000" timestamp="2018-10-19T20:33:00"/>
	<testcase classname="create_formatted_resistance_string_tests.CreateFormattedResistanceStringTests" name="testCreateFormattedResistanceStringFourBandRedBlueRedBrown" time="0.000" timestamp="2018-10-19T20:33:00"/>
	<testcase classname="create_formatted_resistance_string_tests.CreateFormattedResistanceStringTests" name="testCreateFormattedResistanceStringFourBandRedBlueRedGold" time="0.000" timestamp="2018-10-19T20:33:00"/>
	<testcase classname="create_formatted_resistance_string_tests.CreateFormattedResistanceStringTests" name="testCreateFormattedResistanceStringFourBandRedBlueRedGreen" time="0.000" timestamp="2018-10-19T20:33:00"/>
	<testcase classname="create_formatted_resistance_string_tests.CreateFormattedResistanceStringTests" name="testCreateFormattedResistanceStringFourBandRedBlueRedGrey" time="0.000" timestamp="2018-10-19T20:33:00"/>
	<testcase classname="create_formatted_resistance_string_tests.CreateFormattedResistanceStringTests" name="testCreateFormattedResistanceStringFourBandRedBlueRedNone" time="0.000" timestamp="2018-10-19T20:33:00"/>
	<testcase classname="create_formatted_resistance_string_tests.CreateFormattedResistanceStringTests" name="testCreateFormattedResistanceStringFourBandRedBlueRedRed" time="0.000" timestamp="2018-10-19T20:33:00"/>
	<testcase classname="create_formatted_resistance_string_tests.CreateFormattedResistanceStringTests" name="testCreateFormattedResistanceStringFourBandRedBlueRedSilver" time="0.000" timestamp="2018-10-19T20:33:00"/>
	<testcase classname="create_formatted_resistance_string_tests.CreateFormattedResistanceStringTests" name="testCreateFormattedResistanceStringFourBandRedBlueRedViolet" time="0.000" timestamp="2018-10-19T20:33:00"/>
	<testcase classname="create_formatted_resistance_string_tests.CreateFormattedResistanceStringTests" name="testCreateFormattedResistanceStringFourBandRedBlueSilverBlue" time="0.000" timestamp="2018-10-19T20:33:00"/>
	<testcase classname="create_formatted_resistance_string_tests.CreateFormattedResistanceStringTests" name="testCreateFormattedResistanceStringFourBandRedBlueSilverBrown" time="0.000" timestamp="2018-10-19T20:33:00"/>
	<testcase classname="create_formatted_resistance_string_tests.CreateFormattedResistanceStringTests" name="testCreateFormattedResistanceStringFourBandRedBlueSilverGold" time="0.000" timestamp="2018-10-19T20:33:00"/>
	<testcase classname="create_formatted_resistance_string_tests.CreateFormattedResistanceStringTests" name="testCreateFormattedResistanceStringFourBandRedBlueSilverGreen" time="0.000" timestamp="2018-10-19T20:33:00"/>
	<testcase classname="create_formatted_resistance_string_tests.CreateFormattedResistanceStringTests" name="testCreateFormattedResistanceStringFourBandRedBlueSilverGrey" time="0.000" timestamp="2018-10-19T20:33:00"/>
	<testcase classname="create_formatted_resistance_string_tests.CreateFormattedResistanceStringTests" name="testCreateFormattedResistanceStringFourBandRedBlueSilverNone" time="0.000" timestamp="2018-10-19T20:33:00"/>
	<testcase classname="create_formatted_resistance_string_tests.CreateFormattedResistanceStringTests" name="testCreateFormattedResistanceStringFourBandRedBlueSilverRed" time="0.000" timestamp="2018-10-19T20:33:00"/>
	<testcase classname="create_formatted_resistance_string_tests.CreateFormattedResistanceStringTests" name="testCreateFormattedResistanceStringFourBandRedBlueSilverSilver" time="0.000" timestamp="2018-10-19T20:33:00"/>
	<testcase classname="create_formatted_resistance_string_tests.CreateFormattedResistanceStringTests" name="testCreateFormattedResistanceStringFourBandRedBlueSilverViolet" time="0.000" timestamp="2018-10-19T20:33:00"/>
	<testcase classname="create_formatted_resistance_string_tests.CreateFormattedResistanceStringTests" name="testCreateFormattedResistanceStringFourBandRedBlueVioletBlue" time="0.000" timestamp="2018-10-19T20:33:00"/>
	<testcase classname="create_formatted_resistance_string_tests.CreateFormattedResistanceStringTests" name="testCreateFormattedResistanceStringFourBandRedBlueVioletBrown" time="0.000" timestamp="2018-10-19T20:33:00"/>
	<testcase classname="create_formatted_resistance_string_tests.CreateFormattedResistanceStringTests" name="testCreateFormattedResistanceStringFourBandRedBlueVioletGold" time="0.000" timestamp="2018-10-19T20:33:00"/>
	<testcase classname="create_formatted_resistance_string_tests.CreateFormattedResistanceStringTests" name="testCreateFormattedResistanceStringFourBandRedBlueVioletGreen" time="0.000" timestamp="2018-10-19T20:33:00"/>
	<testcase classname="create_formatted_resistance_string_tests.CreateFormattedResistanceStringTests" name="testCreateFormattedResistanceStringFourBandRedBlueVioletGrey" time="0.000" timestamp="2018-10-19T20:33:00"/>
	<testcase classname="create_formatted_resistance_string_tests.CreateFormattedResistanceStringTests" name="testCreateFormattedResistanceStringFourBandRedBlueVioletNone" time="0.000" timestamp="2018-10-19T20:33:00"/>
	<testcase classname="create_formatted_resistance_string_tests.CreateFormattedResistanceStringTests" name="testCreateFormattedResistanceStringFourBandRedBlueVioletRed" time="0.000" timestamp="2018-10-19T20:33:00"/>
	<testcase classname="create_formatted_resistance_string_tests.CreateFormattedResistanceStringTests" name="testCreateFormattedResistanceStringFourBandRedBlueVioletSilver" time="0.000" timestamp="2018-10-19T20:33:00"/>
	<testcase classname="create_formatted_resistance_string_tests.CreateFormattedResistanceStringTests" name="testCreateFormattedResistanceStringFourBandRedBlueVioletViolet" time="0.000" timestamp="2018-10-19T20:33:00"/>
	<testcase classname="create_formatted_resistance_string_tests.CreateFormattedResistanceStringTests" name="testCreateFormattedResistanceStringFourBandRedBlueWhiteBlue" time="0.000" timestamp="2018-10-19T20:33:00"/>
	<testcase classname="create_formatted_resistance_string_tests.CreateFormattedResistanceStringTests" name="testCreateFormattedResistanceStringFourBandRedBlueWhiteBrown" time="0.000" timestamp="2018-10-19T20:33:00"/>
	<testcase classname="create_formatted_resistance_string_tests.CreateFormattedResistanceStringTests" name="testCreateFormattedResistanceStringFourBandRedBlueWhiteGold" time="0.000" timestamp="2018-10-19T20:33:00"/>
	<testcase classname="create_formatted_resistance_string_tests.CreateFormattedResistanceStringTests" name="testCreateFormattedResistanceStringFourBandRedBlueWhiteGreen" time="0.000" timestamp="2018-10-19T20:33:00"/>
	<testcase classname="create_formatted_resistance_string_tests.CreateFormattedResistanceStringTests" name="testCreateFormattedResistanceStringFourBandRedBlueWhiteGrey" time="0.000" timestamp="2018-10-19T20:33:00"/>
	<testcase classname="create_formatted_resistance_string_tests.CreateFormattedResistanceStringTests" name="testCreateFormattedResistanceStringFourBandRedBlueWhiteNone" time="0.000" timestamp="2018-10-19T20:33:00"/>
	<testcase classname="create_formatted_resistance_string_tests.CreateFormattedResistanceStringTests" name="testCreateFormattedResistanceStringFourBandRedBlueWhiteRed" time="0.000" timestamp="2018-10-19T20:33:00"/>
	<testcase classname="create_formatted_resistance_string_tests.CreateFormattedResistanceStringTests" name="testCreateFormattedResistanceStringFourBandRedBlueWhiteSilver" time="0.000" timestamp="2018-10-19T20:33:00"/>
	<testcase classname="create_formatted_resistance_string_tests.CreateFormattedResistanceStringTests" name="testCreateFormattedResistanceStringFourBandRedBlueWhiteViolet" time="0.000" timestamp="2018-10-19T20:33:00"/>
	<testcase classname="create_formatted_resistance_string_tests.CreateFormattedResistanceStringTests" name="testCreateFormattedResistanceStringFourBandRedBlueYellowBlue" time="0.000" timestamp="2018-10-19T20:33:00"/>
	<testcase classname="create_formatted_resistance_string_tests.CreateFormattedResistanceStringTests" name="testCreateFormattedResistanceStringFourBandRedBlueYellowBrown" time="0.000" timestamp="2018-10-19T20:33:00"/>
	<testcase classname="create_formatted_resistance_string_tests.CreateFormattedResistanceStringTests" name="testCreateFormattedResistanceStringFourBandRedBlueYellowGold" time="0.000" timestamp="2018-10-19T20:33:00"/>
	<testcase classname="create_formatted_resistance_string_tests.CreateFormattedResistanceStringTests" name="testCreateFormattedResistanceStringFourBandRedBlueYellowGreen" time="0.000" timestamp="2018-10-19T20:33:00"/>
	<testcase classname="create_formatted_resistance_string_tests.CreateFormattedResistanceStringTests" name="testCreateFormattedResistanceStringFourBandRedBlueYellowGrey" time="0.000" timestamp="2018-10-19T20:33:00"/>
	<testcase classname="create_formatted_resistance_string_tests.CreateFormattedResistanceStringTests" name="testCreateFormattedResistanceStringFourBandRedBlueYellowNone" time="0.000" timestamp="2018-10-19T20:33:00"/>
	<testcase classname="create_formatted_resistance_string_tests.CreateFormattedResistanceStringTests" name="testCreateFormattedResistanceStringFourBandRedBlueYellowRed" time="0.000" timestamp="2018-10-19T20:33:00"/>
	<testcase classname="create_formatted_resistance_string_tests.CreateFormattedResistanceStringTests" name="testCreateFormattedResistanceStringFourBandRedBlueYellowSilver" time="0.000" timestamp="2018-10-19T20:33:00"/>
	<testcase classname="create_formatted_resistance_string_tests.CreateFormattedResistanceStringTests" name="testCreateFormattedResistanceStringFourBandRedBlueYellowViolet" time="0.000" timestamp="2018-10-19T20:33:00"/>
	<testcase classname="create_formatted_resistance_string_tests.CreateFormattedResistanceStringTests" name="testCreateFormattedResistanceStringFourBandRedBrownBlackBlue" time="0.000" timestamp="2018-10-19T20:33:00"/>
	<testcase classname="create_formatted_resistance_string_tests.CreateFormattedResistanceStringTests" name="testCreateFormattedResistanceStringFourBandRedBrownBlackBrown" time="0.000" timestamp="2018-10-19T20:33:00"/>
	<testcase classname="create_formatted_resistance_string_tests.CreateFormattedResistanceStringTests" name="testCreateFormattedResistanceStringFourBandRedBrownBlackGold" time="0.000" timestamp="2018-10-19T20:33:00"/>
	<testcase classname="create_formatted_resistance_string_tests.CreateFormattedResistanceStringTests" name="testCreateFormattedResistanceStringFourBandRedBrownBlackGreen" time="0.000" timestamp="2018-10-19T20:33:00"/>
	<testcase classname="create_formatted_resistance_string_tests.CreateFormattedResistanceStringTests" name="testCreateFormattedResistanceStringFourBandRedBrownBlackGrey" time="0.000" timestamp="2018-10-19T20:33:00"/>
	<testcase classname="create_formatted_resistance_string_tests.CreateFormattedResistanceStringTests" name="testCreateFormattedResistanceStringFourBandRedBrownBlackNone" time="0.000" timestamp="2018-10-19T20:33:00"/>
	<testcase classname="create_formatted_resistance_string_tests.CreateFormattedResistanceStringTests" name="testCreateFormattedResistanceStringFourBandRedBrownBlackRed" time="0.000" timestamp="2018-10-19T20:33:00"/>
	<testcase classname="create_formatted_resistance_string_tests.CreateFormattedResistanceStringTests" name="testCreateFormattedResistanceStringFourBandRedBrownBlackSilver" time="0.000" timestamp="2018-10-19T20:33:00"/>
	<testcase classname="create_formatted_resistance_string_tests.CreateFormattedResistanceStringTests" name="testCreateFormattedResistanceStringFourBandRedBrownBlackViolet" time="0.000" timestamp="2018-10-19T20:33:00"/>
	<testcase classname="create_formatted_resistance_string_tests.CreateFormattedResistanceStringTests" name="testCreateFormattedResistanceStringFourBandRedBrownBlueBlue" time="0.000" timestamp="2018-10-19T20:33:00"/>
	<testcase classname="create_formatted_resistance_string_tests.CreateFormattedResistanceStringTests" name="testCreateFormattedResistanceStringFourBandRedBrownBlueBrown" time="0.000" timestamp="2018-10-19T20:33:00"/>
	<testcase classname="create_formatted_resistance_string_tests.CreateFormattedResistanceStringTests" name="testCreateFormattedResistanceStringFourBandRedBrownBlueGold" time="0.000" timestamp="2018-10-19T20:33:00"/>
	<testcase classname="create_formatted_resistance_string_tests.CreateFormattedResistanceStringTests" name="testCreateFormattedResistanceStringFourBandRedBrownBlueGreen" time="0.000" timestamp="2018-10-19T20:33:00"/>
	<testcase classname="create_formatted_resistance_string_tests.CreateFormattedResistanceStringTests" name="testCreateFormattedResistanceStringFourBandRedBrownBlueGrey" time="0.000" timestamp="2018-10-19T20:33:00"/>
	<testcase classname="create_formatted_resistance_string_tests.CreateFormattedResistanceStringTests" name="testCreateFormattedResistanceStringFourBandRedBrownBlueNone" time="0.000" timestamp="2018-10-19T20:33:00"/>
	<testcase classname="create_formatted_resistance_string_tests.CreateFormattedResistanceStringTests" name="testCreateFormattedResistanceStringFourBandRedBrownBlueRed" time="0.000" timestamp="2018-10-19T20:33:00"/>
	<testcase classname="create_formatted_resistance_string_tests.CreateFormattedResistanceStringTests" name="testCreateFormattedResistanceStringFourBandRedBrownBlueSilver" time="0.000" timestamp="2018-10-19T20:33:00"/>
	<testcase classname="create_formatted_resistance_string_tests.CreateFormattedResistanceStringTests" name="testCreateFormattedResistanceStringFourBandRedBrownBlueViolet" time="0.000" timestamp="2018-10-19T20:33:00"/>
	<testcase classname="create_formatted_resistance_string_tests.CreateFormattedResistanceStringTests" name="testCreateFormattedResistanceStringFourBandRedBrownBrownBlue" time="0.000" timestamp="2018-10-19T20:33:00"/>
	<testcase classname="create_formatted_resistance_string_tests.CreateFormattedResistanceStringTests" name="testCreateFormattedResistanceStringFourBandRedBrownBrownBrown" time="0.000" timestamp="2018-10-19T20:33:00"/>
	<testcase classname="create_formatted_resistance_string_tests.CreateFormattedResistanceStringTests" name="testCreateFormattedResistanceStringFourBandRedBrownBrownGold" time="0.000" timestamp="2018-10-19T20:33:00"/>
	<testcase classname="create_formatted_resistance_string_tests.CreateFormattedResistanceStringTests" name="testCreateFormattedResistanceStringFourBandRedBrownBrownGreen" time="0.000" timestamp="2018-10-19T20:33:00"/>
	<testcase classname="create_formatted_resistance_string_tests.CreateFormattedResistanceStringTests" name="testCreateFormattedResistanceStringFourBandRedBrownBrownGrey" time="0.000" timestamp="2018-10-19T20:33:00"/>
	<testcase classname="create_formatted_resistance_string_tests.CreateFormattedResistanceStringTests" name="testCreateFormattedResistanceStringFourBandRedBrownBrownNone" time="0.000" timestamp="2018-10-19T20:33:00"/>
	<testcase classname="create_formatted_resistance_string_tests.CreateFormattedResistanceStringTests" name="testCreateFormattedResistanceStringFourBandRedBrownBrownRed" time="0.000" timestamp="2018-10-19T20:33:00"/>
	<testcase classname="create_formatted_resistance_string_tests.CreateFormattedResistanceStringTests" name="testCreateFormattedResistanceStringFourBandRedBrownBrownSilver" time="0.000" timestamp="2018-10-19T20:33:00"/>
	<testcase classname="create_formatted_resistance_string_tests.CreateFormattedResistanceStringTests" name="testCreateFormattedResistanceStringFourBandRedBrownBrownViolet" time="0.000" timestamp="2018-10-19T20:33:00"/>
	<testcase classname="create_formatted_resistance_string_tests.CreateFormattedResistanceStringTests" name="testCreateFormattedResistanceStringFourBandRedBrownGoldBlue" time="0.000" timestamp="2018-10-19T20:33:00"/>
	<testcase classname="create_formatted_resistance_string_tests.CreateFormattedResistanceStringTests" name="testCreateFormattedResistanceStringFourBandRedBrownGoldBrown" time="0.000" timestamp="2018-10-19T20:33:00"/>
	<testcase classname="create_formatted_resistance_string_tests.CreateFormattedResistanceStringTests" name="testCreateFormattedResistanceStringFourBandRedBrownGoldGold" time="0.000" timestamp="2018-10-19T20:33:00"/>
	<testcase classname="create_formatted_resistance_string_tests.CreateFormattedResistanceStringTests" name="testCreateFormattedResistanceStringFourBandRedBrownGoldGreen" time="0.000" timestamp="2018-10-19T20:33:00"/>
	<testcase classname="create_formatted_resistance_string_tests.CreateFormattedResistanceStringTests" name="testCreateFormattedResistanceStringFourBandRedBrownGoldGrey" time="0.000" timestamp="2018-10-19T20:33:00"/>
	<testcase classname="create_formatted_resistance_string_tests.CreateFormattedResistanceStringTests" name="testCreateFormattedResistanceStringFourBandRedBrownGoldNone" time="0.000" timestamp="2018-10-19T20:33:00"/>
	<testcase classname="create_formatted_resistance_string_tests.CreateFormattedResistanceStringTests" name="testCreateFormattedResistanceStringFourBandRedBrownGoldRed" time="0.000" timestamp="2018-10-19T20:33:00"/>
	<testcase classname="create_formatted_resistance_string_tests.CreateFormattedResistanceStringTests" name="testCreateFormattedResistanceStringFourBandRedBrownGoldSilver" time="0.000" timestamp="2018-10-19T20:33:00"/>
	<testcase classname="create_formatted_resistance_string_tests.CreateFormattedResistanceStringTests" name="testCreateFormattedResistanceStringFourBandRedBrownGoldViolet" time="0.000" timestamp="2018-10-19T20:33:00"/>
	<testcase classname="create_formatted_resistance_string_tests.CreateFormattedResistanceStringTests" name="testCreateFormattedResistanceStringFourBandRedBrownGreenBlue" time="0.000" timestamp="2018-10-19T20:33:00"/>
	<testcase classname="create_formatted_resistance_string_tests.CreateFormattedResistanceStringTests" name="testCreateFormattedResistanceStringFourBandRedBrownGreenBrown" time="0.000" timestamp="2018-10-19T20:33:00"/>
	<testcase classname="create_formatted_resistance_string_tests.CreateFormattedResistanceStringTests" name="testCreateFormattedResistanceStringFourBandRedBrownGreenGold" time="0.000" timestamp="2018-10-19T20:33:00"/>
	<testcase classname="create_formatted_resistance_string_tests.CreateFormattedResistanceStringTests" name="testCreateFormattedResistanceStringFourBandRedBrownGreenGreen" time="0.000" timestamp="2018-10-19T20:33:00"/>
	<testcase classname="create_formatted_resistance_string_tests.CreateFormattedResistanceStringTests" name="testCreateFormattedResistanceStringFourBandRedBrownGreenGrey" time="0.000" timestamp="2018-10-19T20:33:00"/>
	<testcase classname="create_formatted_resistance_string_tests.CreateFormattedResistanceStringTests" name="testCreateFormattedResistanceStringFourBandRedBrownGreenNone" time="0.000" timestamp="2018-10-19T20:33:00"/>
	<testcase classname="create_formatted_resistance_string_tests.CreateFormattedResistanceStringTests" name="testCreateFormattedResistanceStringFourBandRedBrownGreenRed" time="0.000" timestamp="2018-10-19T20:33:00"/>
	<testcase classname="create_formatted_resistance_string_tests.CreateFormattedResistanceStringTests" name="testCreateFormattedResistanceStringFourBandRedBrownGreenSilver" time="0.000" timestamp="2018-10-19T20:33:00"/>
	<testcase classname="create_formatted_resistance_string_tests.CreateFormattedResistanceStringTests" name="testCreateFormattedResistanceStringFourBandRedBrownGreenViolet" time="0.000" timestamp="2018-10-19T20:33:00"/>
	<testcase classname="create_formatted_resistance_string_tests.CreateFormattedResistanceStringTests" name="testCreateFormattedResistanceStringFourBandRedBrownGreyBlue" time="0.000" timestamp="2018-10-19T20:33:00"/>
	<testcase classname="create_formatted_resistance_string_tests.CreateFormattedResistanceStringTests" name="testCreateFormattedResistanceStringFourBandRedBrownGreyBrown" time="0.000" timestamp="2018-10-19T20:33:00"/>
	<testcase classname="create_formatted_resistance_string_tests.CreateFormattedResistanceStringTests" name="testCreateFormattedResistanceStringFourBandRedBrownGreyGold" time="0.000" timestamp="2018-10-19T20:33:00"/>
	<testcase classname="create_formatted_resistance_string_tests.CreateFormattedResistanceStringTests" name="testCreateFormattedResistanceStringFourBandRedBrownGreyGreen" time="0.000" timestamp="2018-10-19T20:33:00"/>
	<testcase classname="create_formatted_resistance_string_tests.CreateFormattedResistanceStringTests" name="testCreateFormattedResistanceStringFourBandRedBrownGreyGrey" time="0.000" timestamp="2018-10-19T20:33:00"/>
	<testcase classname="create_formatted_resistance_string_tests.CreateFormattedResistanceStringTests" name="testCreateFormattedResistanceStringFourBandRedBrownGreyNone" time="0.000" timestamp="2018-10-19T20:33:00"/>
	<testcase classname="create_formatted_resistance_string_tests.CreateFormattedResistanceStringTests" name="testCreateFormattedResistanceStringFourBandRedBrownGreyRed" time="0.000" timestamp="2018-10-19T20:33:00"/>
	<testcase classname="create_formatted_resistance_string_tests.CreateFormattedResistanceStringTests" name="testCreateFormattedResistanceStringFourBandRedBrownGreySilver" time="0.000" timestamp="2018-10-19T20:33:00"/>
	<testcase classname="create_formatted_resistance_string_tests.CreateFormattedResistanceStringTests" name="testCreateFormattedResistanceStringFourBandRedBrownGreyViolet" time="0.000" timestamp="2018-10-19T20:33:00"/>
	<testcase classname="create_formatted_resistance_string_tests.CreateFormattedResistanceStringTests" name="testCreateFormattedResistanceStringFourBandRedBrownOrangeBlue" time="0.000" timestamp="2018-10-19T20:33:00"/>
	<testcase classname="create_formatted_resistance_string_tests.CreateFormattedResistanceStringTests" name="testCreateFormattedResistanceStringFourBandRedBrownOrangeBrown" time="0.000" timestamp="2018-10-19T20:33:00"/>
	<testcase classname="create_formatted_resistance_string_tests.CreateFormattedResistanceStringTests" name="testCreateFormattedResistanceStringFourBandRedBrownOrangeGold" time="0.000" timestamp="2018-10-19T20:33:00"/>
	<testcase classname="create_formatted_resistance_string_tests.CreateFormattedResistanceStringTests" name="testCreateFormattedResistanceStringFourBandRedBrownOrangeGreen" time="0.000" timestamp="2018-10-19T20:33:00"/>
	<testcase classname="create_formatted_resistance_string_tests.CreateFormattedResistanceStringTests" name="testCreateFormattedResistanceStringFourBandRedBrownOrangeGrey" time="0.000" timestamp="2018-10-19T20:33:00"/>
	<testcase classname="create_formatted_resistance_string_tests.CreateFormattedResistanceStringTests" name="testCreateFormattedResistanceStringFourBandRedBrownOrangeNone" time="0.000" timestamp="2018-10-19T20:33:00"/>
	<testcase classname="create_formatted_resistance_string_tests.CreateFormattedResistanceStringTests" name="testCreateFormattedResistanceStringFourBandRedBrownOrangeRed" time="0.000" timestamp="2018-10-19T20:33:00"/>
	<testcase classname="create_formatted_resistance_string_tests.CreateFormattedResistanceStringTests" name="testCreateFormattedResistanceStringFourBandRedBrownOrangeSilver" time="0.000" timestamp="2018-10-19T20:33:00"/>
	<testcase classname="create_formatted_resistance_string_tests.CreateFormattedResistanceStringTests" name="testCreateFormattedResistanceStringFourBandRedBrownOrangeViolet" time="0.000" timestamp="2018-10-19T20:33:00"/>
	<testcase classname="create_formatted_resistance_string_tests.CreateFormattedResistanceStringTests" name="testCreateFormattedResistanceStringFourBandRedBrownRedBlue" time="0.000" timestamp="2018-10-19T20:33:00"/>
	<testcase classname="create_formatted_resistance_string_tests.CreateFormattedResistanceStringTests" name="testCreateFormattedResistanceStringFourBandRedBrownRedBrown" time="0.000" timestamp="2018-10-19T20:33:00"/>
	<testcase classname="create_formatted_resistance_string_tests.CreateFormattedResistanceStringTests" name="testCreateFormattedResistanceStringFourBandRedBrownRedGold" time="0.000" timestamp="2018-10-19T20:33:00"/>
	<testcase classname="create_formatted_resistance_string_tests.CreateFormattedResistanceStringTests" name="testCreateFormattedResistanceStringFourBandRedBrownRedGreen" time="0.000" timestamp="2018-10-19T20:33:00"/>
	<testcase classname="create_formatted_resistance_string_tests.CreateFormattedResistanceStringTests" name="testCreateFormattedResistanceStringFourBandRedBrownRedGrey" time="0.000" timestamp="2018-10-19T20:33:00"/>
	<testcase classname="create_formatted_resistance_string_tests.CreateFormattedResistanceStringTests" name="testCreateFormattedResistanceStringFourBandRedBrownRedNone" time="0.000" timestamp="2018-10-19T20:33:00"/>
	<testcase classname="create_formatted_resistance_string_tests.CreateFormattedResistanceStringTests" name="testCreateFormattedResistanceStringFourBandRedBrownRedRed" time="0.000" timestamp="2018-10-19T20:33:00"/>
	<testcase classname="create_formatted_resistance_string_tests.CreateFormattedResistanceStringTests" name="testCreateFormattedResistanceStringFourBandRedBrownRedSilver" time="0.000" timestamp="2018-10-19T20:33:00"/>
	<testcase classname="create_formatted_resistance_string_tests.CreateFormattedResistanceStringTests" name="testCreateFormattedResistanceStringFourBandRedBrownRedViolet" time="0.000" timestamp="2018-10-19T20:33:00"/>
	<testcase classname="create_formatted_resistance_string_tests.CreateFormattedResistanceStringTests" name="testCreateFormattedResistanceStringFourBandRedBrownSilverBlue" time="0.000" timestamp="2018-10-19T20:33:00"/>
	<testcase classname="create_formatted_resistance_string_tests.CreateFormattedResistanceStringTests" name="testCreateFormattedResistanceStringFourBandRedBrownSilverBrown" time="0.000" timestamp="2018-10-19T20:33:00"/>
	<testcase classname="create_formatted_resistance_string_tests.CreateFormattedResistanceStringTests" name="testCreateFormattedResistanceStringFourBandRedBrownSilverGold" time="0.000" timestamp="2018-10-19T20:33:00"/>
	<testcase classname="create_formatted_resistance_string_tests.CreateFormattedResistanceStringTests" name="testCreateFormattedResistanceStringFourBandRedBrownSilverGreen" time="0.000" timestamp="2018-10-19T20:33:00"/>
	<testcase classname="create_formatted_resistance_string_tests.CreateFormattedResistanceStringTests" name="testCreateFormattedResistanceStringFourBandRedBrownSilverGrey" time="0.000" timestamp="2018-10-19T20:33:00"/>
	<testcase classname="create_formatted_resistance_string_tests.CreateFormattedResistanceStringTests" name="testCreateFormattedResistanceStringFourBandRedBrownSilverNone" time="0.000" timestamp="2018-10-19T20:33:00"/>
	<testcase classname="create_formatted_resistance_string_tests.CreateFormattedResistanceStringTests" name="testCreateFormattedResistanceStringFourBandRedBrownSilverRed" time="0.000" timestamp="2018-10-19T20:33:00"/>
	<testcase classname="create_formatted_resistance_string_tests.CreateFormattedResistanceStringTests" name="testCreateFormattedResistanceStringFourBandRedBrownSilverSilver" time="0.000" timestamp="2018-10-19T20:33:00"/>
	<testcase classname="create_formatted_resistance_string_tests.CreateFormattedResistanceStringTests" name="testCreateFormattedResistanceStringFourBandRedBrownSilverViolet" time="0.000" timestamp="2018-10-19T20:33:00"/>
	<testcase classname="create_formatted_resistance_string_tests.CreateFormattedResistanceStringTests" name="testCreateFormattedResistanceStringFourBandRedBrownVioletBlue" time="0.000" timestamp="2018-10-19T20:33:00"/>
	<testcase classname="create_formatted_resistance_string_tests.CreateFormattedResistanceStringTests" name="testCreateFormattedResistanceStringFourBandRedBrownVioletBrown" time="0.000" timestamp="2018-10-19T20:33:00"/>
	<testcase classname="create_formatted_resistance_string_tests.CreateFormattedResistanceStringTests" name="testCreateFormattedResistanceStringFourBandRedBrownVioletGold" time="0.000" timestamp="2018-10-19T20:33:00"/>
	<testcase classname="create_formatted_resistance_string_tests.CreateFormattedResistanceStringTests" name="testCreateFormattedResistanceStringFourBandRedBrownVioletGreen" time="0.000" timestamp="2018-10-19T20:33:00"/>
	<testcase classname="create_formatted_resistance_string_tests.CreateFormattedResistanceStringTests" name="testCreateFormattedResistanceStringFourBandRedBrownVioletGrey" time="0.000" timestamp="2018-10-19T20:33:00"/>
	<testcase classname="create_formatted_resistance_string_tests.CreateFormattedResistanceStringTests" name="testCreateFormattedResistanceStringFourBandRedBrownVioletNone" time="0.000" timestamp="2018-10-19T20:33:00"/>
	<testcase classname="create_formatted_resistance_string_tests.CreateFormattedResistanceStringTests" name="testCreateFormattedResistanceStringFourBandRedBrownVioletRed" time="0.000" timestamp="2018-10-19T20:33:00"/>
	<testcase classname="create_formatted_resistance_string_tests.CreateFormattedResistanceStringTests" name="testCreateFormattedResistanceStringFourBandRedBrownVioletSilver" time="0.000" timestamp="2018-10-19T20:33:00"/>
	<testcase classname="create_formatted_resistance_string_tests.CreateFormattedResistanceStringTests" name="testCreateFormattedResistanceStringFourBandRedBrownVioletViolet" time="0.000" timestamp="2018-10-19T20:33:00"/>
	<testcase classname="create_formatted_resistance_string_tests.CreateFormattedResistanceStringTests" name="testCreateFormattedResistanceStringFourBandRedBrownWhiteBlue" time="0.000" timestamp="2018-10-19T20:33:00"/>
	<testcase classname="create_formatted_resistance_string_tests.CreateFormattedResistanceStringTests" name="testCreateFormattedResistanceStringFourBandRedBrownWhiteBrown" time="0.000" timestamp="2018-10-19T20:33:00"/>
	<testcase classname="create_formatted_resistance_string_tests.CreateFormattedResistanceStringTests" name="testCreateFormattedResistanceStringFourBandRedBrownWhiteGold" time="0.000" timestamp="2018-10-19T20:33:00"/>
	<testcase classname="create_formatted_resistance_string_tests.CreateFormattedResistanceStringTests" name="testCreateFormattedResistanceStringFourBandRedBrownWhiteGreen" time="0.000" timestamp="2018-10-19T20:33:00"/>
	<testcase classname="create_formatted_resistance_string_tests.CreateFormattedResistanceStringTests" name="testCreateFormattedResistanceStringFourBandRedBrownWhiteGrey" time="0.000" timestamp="2018-10-19T20:33:00"/>
	<testcase classname="create_formatted_resistance_string_tests.CreateFormattedResistanceStringTests" name="testCreateFormattedResistanceStringFourBandRedBrownWhiteNone" time="0.000" timestamp="2018-10-19T20:33:00"/>
	<testcase classname="create_formatted_resistance_string_tests.CreateFormattedResistanceStringTests" name="testCreateFormattedResistanceStringFourBandRedBrownWhiteRed" time="0.000" timestamp="2018-10-19T20:33:00"/>
	<testcase classname="create_formatted_resistance_string_tests.CreateFormattedResistanceStringTests" name="testCreateFormattedResistanceStringFourBandRedBrownWhiteSilver" time="0.000" timestamp="2018-10-19T20:33:00"/>
	<testcase classname="create_formatted_resistance_string_tests.CreateFormattedResistanceStringTests" name="testCreateFormattedResistanceStringFourBandRedBrownWhiteViolet" time="0.000" timestamp="2018-10-19T20:33:00"/>
	<testcase classname="create_formatted_resistance_string_tests.CreateFormattedResistanceStringTests" name="testCreateFormattedResistanceStringFourBandRedBrownYellowBlue" time="0.000" timestamp="2018-10-19T20:33:00"/>
	<testcase classname="create_formatted_resistance_string_tests.CreateFormattedResistanceStringTests" name="testCreateFormattedResistanceStringFourBandRedBrownYellowBrown" time="0.000" timestamp="2018-10-19T20:33:00"/>
	<testcase classname="create_formatted_resistance_string_tests.CreateFormattedResistanceStringTests" name="testCreateFormattedResistanceStringFourBandRedBrownYellowGold" time="0.000" timestamp="2018-10-19T20:33:00"/>
	<testcase classname="create_formatted_resistance_string_tests.CreateFormattedResistanceStringTests" name="testCreateFormattedResistanceStringFourBandRedBrownYellowGreen" time="0.000" timestamp="2018-10-19T20:33:00"/>
	<testcase classname="create_formatted_resistance_string_tests.CreateFormattedResistanceStringTests" name="testCreateFormattedResistanceStringFourBandRedBrownYellowGrey" time="0.000" timestamp="2018-10-19T20:33:00"/>
	<testcase classname="create_formatted_resistance_string_tests.CreateFormattedResistanceStringTests" name="testCreateFormattedResistanceStringFourBandRedBrownYellowNone" time="0.000" timestamp="2018-10-19T20:33:00"/>
	<testcase classname="create_formatted_resistance_string_tests.CreateFormattedResistanceStringTests" name="testCreateFormattedResistanceStringFourBandRedBrownYellowRed" time="0.000" timestamp="2018-10-19T20:33:00"/>
	<testcase classname="create_formatted_resistance_string_tests.CreateFormattedResistanceStringTests" name="testCreateFormattedResistanceStringFourBandRedBrownYellowSilver" time="0.000" timestamp="2018-10-19T20:33:00"/>
	<testcase classname="create_formatted_resistance_string_tests.CreateFormattedResistanceStringTests" name="testCreateFormattedResistanceStringFourBandRedBrownYellowViolet" time="0.000" timestamp="2018-10-19T20:33:00"/>
	<testcase classname="create_formatted_resistance_string_tests.CreateFormattedResistanceStringTests" name="testCreateFormattedResistanceStringFourBandRedGreenBlackBlue" time="0.000" timestamp="2018-10-19T20:33:00"/>
	<testcase classname="create_formatted_resistance_string_tests.CreateFormattedResistanceStringTests" name="testCreateFormattedResistanceStringFourBandRedGreenBlackBrown" time="0.000" timestamp="2018-10-19T20:33:00"/>
	<testcase classname="create_formatted_resistance_string_tests.CreateFormattedResistanceStringTests" name="testCreateFormattedResistanceStringFourBandRedGreenBlackGold" time="0.000" timestamp="2018-10-19T20:33:00"/>
	<testcase classname="create_formatted_resistance_string_tests.CreateFormattedResistanceStringTests" name="testCreateFormattedResistanceStringFourBandRedGreenBlackGreen" time="0.000" timestamp="2018-10-19T20:33:00"/>
	<testcase classname="create_formatted_resistance_string_tests.CreateFormattedResistanceStringTests" name="testCreateFormattedResistanceStringFourBandRedGreenBlackGrey" time="0.000" timestamp="2018-10-19T20:33:00"/>
	<testcase classname="create_formatted_resistance_string_tests.CreateFormattedResistanceStringTests" name="testCreateFormattedResistanceStringFourBandRedGreenBlackNone" time="0.000" timestamp="2018-10-19T20:33:00"/>
	<testcase classname="create_formatted_resistance_string_tests.CreateFormattedResistanceStringTests" name="testCreateFormattedResistanceStringFourBandRedGreenBlackRed" time="0.000" timestamp="2018-10-19T20:33:00"/>
	<testcase classname="create_formatted_resistance_string_tests.CreateFormattedResistanceStringTests" name="testCreateFormattedResistanceStringFourBandRedGreenBlackSilver" time="0.000" timestamp="2018-10-19T20:33:00"/>
	<testcase classname="create_formatted_resistance_string_tests.CreateFormattedResistanceStringTests" name="testCreateFormattedResistanceStringFourBandRedGreenBlackViolet" time="0.000" timestamp="2018-10-19T20:33:00"/>
	<testcase classname="create_formatted_resistance_string_tests.CreateFormattedResistanceStringTests" name="testCreateFormattedResistanceStringFourBandRedGreenBlueBlue" time="0.000" timestamp="2018-10-19T20:33:00"/>
	<testcase classname="create_formatted_resistance_string_tests.CreateFormattedResistanceStringTests" name="testCreateFormattedResistanceStringFourBandRedGreenBlueBrown" time="0.000" timestamp="2018-10-19T20:33:00"/>
	<testcase classname="create_formatted_resistance_string_tests.CreateFormattedResistanceStringTests" name="testCreateFormattedResistanceStringFourBandRedGreenBlueGold" time="0.000" timestamp="2018-10-19T20:33:00"/>
	<testcase classname="create_formatted_resistance_string_tests.CreateFormattedResistanceStringTests" name="testCreateFormattedResistanceStringFourBandRedGreenBlueGreen" time="0.000" timestamp="2018-10-19T20:33:00"/>
	<testcase classname="create_formatted_resistance_string_tests.CreateFormattedResistanceStringTests" name="testCreateFormattedResistanceStringFourBandRedGreenBlueGrey" time="0.000" timestamp="2018-10-19T20:33:00"/>
	<testcase classname="create_formatted_resistance_string_tests.CreateFormattedResistanceStringTests" name="testCreateFormattedResistanceStringFourBandRedGreenBlueNone" time="0.000" timestamp="2018-10-19T20:33:00"/>
	<testcase classname="create_formatted_resistance_string_tests.CreateFormattedResistanceStringTests" name="testCreateFormattedResistanceStringFourBandRedGreenBlueRed" time="0.000" timestamp="2018-10-19T20:33:00"/>
	<testcase classname="create_formatted_resistance_string_tests.CreateFormattedResistanceStringTests" name="testCreateFormattedResistanceStringFourBandRedGreenBlueSilver" time="0.000" timestamp="2018-10-19T20:33:00"/>
	<testcase classname="create_formatted_resistance_string_tests.CreateFormattedResistanceStringTests" name="testCreateFormattedResistanceStringFourBandRedGreenBlueViolet" time="0.000" timestamp="2018-10-19T20:33:00"/>
	<testcase classname="create_formatted_resistance_string_tests.CreateFormattedResistanceStringTests" name="testCreateFormattedResistanceStringFourBandRedGreenBrownBlue" time="0.000" timestamp="2018-10-19T20:33:00"/>
	<testcase classname="create_formatted_resistance_string_tests.CreateFormattedResistanceStringTests" name="testCreateFormattedResistanceStringFourBandRedGreenBrownBrown" time="0.000" timestamp="2018-10-19T20:33:00"/>
	<testcase classname="create_formatted_resistance_string_tests.CreateFormattedResistanceStringTests" name="testCreateFormattedResistanceStringFourBandRedGreenBrownGold" time="0.000" timestamp="2018-10-19T20:33:00"/>
	<testcase classname="create_formatted_resistance_string_tests.CreateFormattedResistanceStringTests" name="testCreateFormattedResistanceStringFourBandRedGreenBrownGreen" time="0.000" timestamp="2018-10-19T20:33:00"/>
	<testcase classname="create_formatted_resistance_string_tests.CreateFormattedResistanceStringTests" name="testCreateFormattedResistanceStringFourBandRedGreenBrownGrey" time="0.000" timestamp="2018-10-19T20:33:00"/>
	<testcase classname="create_formatted_resistance_string_tests.CreateFormattedResistanceStringTests" name="testCreateFormattedResistanceStringFourBandRedGreenBrownNone" time="0.000" timestamp="2018-10-19T20:33:00"/>
	<testcase classname="create_formatted_resistance_string_tests.CreateFormattedResistanceStringTests" name="testCreateFormattedResistanceStringFourBandRedGreenBrownRed" time="0.000" timestamp="2018-10-19T20:33:00"/>
	<testcase classname="create_formatted_resistance_string_tests.CreateFormattedResistanceStringTests" name="testCreateFormattedResistanceStringFourBandRedGreenBrownSilver" time="0.000" timestamp="2018-10-19T20:33:00"/>
	<testcase classname="create_formatted_resistance_string_tests.CreateFormattedResistanceStringTests" name="testCreateFormattedResistanceStringFourBandRedGreenBrownViolet" time="0.000" timestamp="2018-10-19T20:33:00"/>
	<testcase classname="create_formatted_resistance_string_tests.CreateFormattedResistanceStringTests" name="testCreateFormattedResistanceStringFourBandRedGreenGoldBlue" time="0.000" timestamp="2018-10-19T20:33:00"/>
	<testcase classname="create_formatted_resistance_string_tests.CreateFormattedResistanceStringTests" name="testCreateFormattedResistanceStringFourBandRedGreenGoldBrown" time="0.000" timestamp="2018-10-19T20:33:00"/>
	<testcase classname="create_formatted_resistance_string_tests.CreateFormattedResistanceStringTests" name="testCreateFormattedResistanceStringFourBandRedGreenGoldGold" time="0.000" timestamp="2018-10-19T20:33:00"/>
	<testcase classname="create_formatted_resistance_string_tests.CreateFormattedResistanceStringTests" name="testCreateFormattedResistanceStringFourBandRedGreenGoldGreen" time="0.000" timestamp="2018-10-19T20:33:00"/>
	<testcase classname="create_formatted_resistance_string_tests.CreateFormattedResistanceStringTests" name="testCreateFormattedResistanceStringFourBandRedGreenGoldGrey" time="0.000" timestamp="2018-10-19T20:33:00"/>
	<testcase classname="create_formatted_resistance_string_tests.CreateFormattedResistanceStringTests" name="testCreateFormattedResistanceStringFourBandRedGreenGoldNone" time="0.000" timestamp="2018-10-19T20:33:00"/>
	<testcase classname="create_formatted_resistance_string_tests.CreateFormattedResistanceStringTests" name="testCreateFormattedResistanceStringFourBandRedGreenGoldRed" time="0.000" timestamp="2018-10-19T20:33:00"/>
	<testcase classname="create_formatted_resistance_string_tests.CreateFormattedResistanceStringTests" name="testCreateFormattedResistanceStringFourBandRedGreenGoldSilver" time="0.000" timestamp="2018-10-19T20:33:00"/>
	<testcase classname="create_formatted_resistance_string_tests.CreateFormattedResistanceStringTests" name="testCreateFormattedResistanceStringFourBandRedGreenGoldViolet" time="0.000" timestamp="2018-10-19T20:33:00"/>
	<testcase classname="create_formatted_resistance_string_tests.CreateFormattedResistanceStringTests" name="testCreateFormattedResistanceStringFourBandRedGreenGreenBlue" time="0.000" timestamp="2018-10-19T20:33:00"/>
	<testcase classname="create_formatted_resistance_string_tests.CreateFormattedResistanceStringTests" name="testCreateFormattedResistanceStringFourBandRedGreenGreenBrown" time="0.000" timestamp="2018-10-19T20:33:00"/>
	<testcase classname="create_formatted_resistance_string_tests.CreateFormattedResistanceStringTests" name="testCreateFormattedResistanceStringFourBandRedGreenGreenGold" time="0.000" timestamp="2018-10-19T20:33:00"/>
	<testcase classname="create_formatted_resistance_string_tests.CreateFormattedResistanceStringTests" name="testCreateFormattedResistanceStringFourBandRedGreenGreenGreen" time="0.000" timestamp="2018-10-19T20:33:00"/>
	<testcase classname="create_formatted_resistance_string_tests.CreateFormattedResistanceStringTests" name="testCreateFormattedResistanceStringFourBandRedGreenGreenGrey" time="0.000" timestamp="2018-10-19T20:33:00"/>
	<testcase classname="create_formatted_resistance_string_tests.CreateFormattedResistanceStringTests" name="testCreateFormattedResistanceStringFourBandRedGreenGreenNone" time="0.000" timestamp="2018-10-19T20:33:00"/>
	<testcase classname="create_formatted_resistance_string_tests.CreateFormattedResistanceStringTests" name="testCreateFormattedResistanceStringFourBandRedGreenGreenRed" time="0.000" timestamp="2018-10-19T20:33:00"/>
	<testcase classname="create_formatted_resistance_string_tests.CreateFormattedResistanceStringTests" name="testCreateFormattedResistanceStringFourBandRedGreenGreenSilver" time="0.000" timestamp="2018-10-19T20:33:00"/>
	<testcase classname="create_formatted_resistance_string_tests.CreateFormattedResistanceStringTests" name="testCreateFormattedResistanceStringFourBandRedGreenGreenViolet" time="0.000" timestamp="2018-10-19T20:33:00"/>
	<testcase classname="create_formatted_resistance_string_tests.CreateFormattedResistanceStringTests" name="testCreateFormattedResistanceStringFourBandRedGreenGreyBlue" time="0.000" timestamp="2018-10-19T20:33:00"/>
	<testcase classname="create_formatted_resistance_string_tests.CreateFormattedResistanceStringTests" name="testCreateFormattedResistanceStringFourBandRedGreenGreyBrown" time="0.000" timestamp="2018-10-19T20:33:00"/>
	<testcase classname="create_formatted_resistance_string_tests.CreateFormattedResistanceStringTests" name="testCreateFormattedResistanceStringFourBandRedGreenGreyGold" time="0.000" timestamp="2018-10-19T20:33:00"/>
	<testcase classname="create_formatted_resistance_string_tests.CreateFormattedResistanceStringTests" name="testCreateFormattedResistanceStringFourBandRedGreenGreyGreen" time="0.000" timestamp="2018-10-19T20:33:00"/>
	<testcase classname="create_formatted_resistance_string_tests.CreateFormattedResistanceStringTests" name="testCreateFormattedResistanceStringFourBandRedGreenGreyGrey" time="0.000" timestamp="2018-10-19T20:33:00"/>
	<testcase classname="create_formatted_resistance_string_tests.CreateFormattedResistanceStringTests" name="testCreateFormattedResistanceStringFourBandRedGreenGreyNone" time="0.000" timestamp="2018-10-19T20:33:00"/>
	<testcase classname="create_formatted_resistance_string_tests.CreateFormattedResistanceStringTests" name="testCreateFormattedResistanceStringFourBandRedGreenGreyRed" time="0.000" timestamp="2018-10-19T20:33:00"/>
	<testcase classname="create_formatted_resistance_string_tests.CreateFormattedResistanceStringTests" name="testCreateFormattedResistanceStringFourBandRedGreenGreySilver" time="0.000" timestamp="2018-10-19T20:33:00"/>
	<testcase classname="create_formatted_resistance_string_tests.CreateFormattedResistanceStringTests" name="testCreateFormattedResistanceStringFourBandRedGreenGreyViolet" time="0.000" timestamp="2018-10-19T20:33:00"/>
	<testcase classname="create_formatted_resistance_string_tests.CreateFormattedResistanceStringTests" name="testCreateFormattedResistanceStringFourBandRedGreenOrangeBlue" time="0.000" timestamp="2018-10-19T20:33:00"/>
	<testcase classname="create_formatted_resistance_string_tests.CreateFormattedResistanceStringTests" name="testCreateFormattedResistanceStringFourBandRedGreenOrangeBrown" time="0.000" timestamp="2018-10-19T20:33:00"/>
	<testcase classname="create_formatted_resistance_string_tests.CreateFormattedResistanceStringTests" name="testCreateFormattedResistanceStringFourBandRedGreenOrangeGold" time="0.000" timestamp="2018-10-19T20:33:00"/>
	<testcase classname="create_formatted_resistance_string_tests.CreateFormattedResistanceStringTests" name="testCreateFormattedResistanceStringFourBandRedGreenOrangeGreen" time="0.000" timestamp="2018-10-19T20:33:00"/>
	<testcase classname="create_formatted_resistance_string_tests.CreateFormattedResistanceStringTests" name="testCreateFormattedResistanceStringFourBandRedGreenOrangeGrey" time="0.000" timestamp="2018-10-19T20:33:00"/>
	<testcase classname="create_formatted_resistance_string_tests.CreateFormattedResistanceStringTests" name="testCreateFormattedResistanceStringFourBandRedGreenOrangeNone" time="0.000" timestamp="2018-10-19T20:33:00"/>
	<testcase classname="create_formatted_resistance_string_tests.CreateFormattedResistanceStringTests" name="testCreateFormattedResistanceStringFourBandRedGreenOrangeRed" time="0.000" timestamp="2018-10-19T20:33:00"/>
	<testcase classname="create_formatted_resistance_string_tests.CreateFormattedResistanceStringTests" name="testCreateFormattedResistanceStringFourBandRedGreenOrangeSilver" time="0.000" timestamp="2018-10-19T20:33:00"/>
	<testcase classname="create_formatted_resistance_string_tests.CreateFormattedResistanceStringTests" name="testCreateFormattedResistanceStringFourBandRedGreenOrangeViolet" time="0.000" timestamp="2018-10-19T20:33:00"/>
	<testcase classname="create_formatted_resistance_string_tests.CreateFormattedResistanceStringTests" name="testCreateFormattedResistanceStringFourBandRedGreenRedBlue" time="0.000" timestamp="2018-10-19T20:33:00"/>
	<testcase classname="create_formatted_resistance_string_tests.CreateFormattedResistanceStringTests" name="testCreateFormattedResistanceStringFourBandRedGreenRedBrown" time="0.000" timestamp="2018-10-19T20:33:00"/>
	<testcase classname="create_formatted_resistance_string_tests.CreateFormattedResistanceStringTests" name="testCreateFormattedResistanceStringFourBandRedGreenRedGold" time="0.000" timestamp="2018-10-19T20:33:00"/>
	<testcase classname="create_formatted_resistance_string_tests.CreateFormattedResistanceStringTests" name="testCreateFormattedResistanceStringFourBandRedGreenRedGreen" time="0.000" timestamp="2018-10-19T20:33:00"/>
	<testcase classname="create_formatted_resistance_string_tests.CreateFormattedResistanceStringTests" name="testCreateFormattedResistanceStringFourBandRedGreenRedGrey" time="0.000" timestamp="2018-10-19T20:33:00"/>
	<testcase classname="create_formatted_resistance_string_tests.CreateFormattedResistanceStringTests" name="testCreateFormattedResistanceStringFourBandRedGreenRedNone" time="0.000" timestamp="2018-10-19T20:33:00"/>
	<testcase classname="create_formatted_resistance_string_tests.CreateFormattedResistanceStringTests" name="testCreateFormattedResistanceStringFourBandRedGreenRedRed" time="0.000" timestamp="2018-10-19T20:33:00"/>
	<testcase classname="create_formatted_resistance_string_tests.CreateFormattedResistanceStringTests" name="testCreateFormattedResistanceStringFourBandRedGreenRedSilver" time="0.000" timestamp="2018-10-19T20:33:00"/>
	<testcase classname="create_formatted_resistance_string_tests.CreateFormattedResistanceStringTests" name="testCreateFormattedResistanceStringFourBandRedGreenRedViolet" time="0.000" timestamp="2018-10-19T20:33:00"/>
	<testcase classname="create_formatted_resistance_string_tests.CreateFormattedResistanceStringTests" name="testCreateFormattedResistanceStringFourBandRedGreenSilverBlue" time="0.000" timestamp="2018-10-19T20:33:00"/>
	<testcase classname="create_formatted_resistance_string_tests.CreateFormattedResistanceStringTests" name="testCreateFormattedResistanceStringFourBandRedGreenSilverBrown" time="0.000" timestamp="2018-10-19T20:33:00"/>
	<testcase classname="create_formatted_resistance_string_tests.CreateFormattedResistanceStringTests" name="testCreateFormattedResistanceStringFourBandRedGreenSilverGold" time="0.000" timestamp="2018-10-19T20:33:00"/>
	<testcase classname="create_formatted_resistance_string_tests.CreateFormattedResistanceStringTests" name="testCreateFormattedResistanceStringFourBandRedGreenSilverGreen" time="0.000" timestamp="2018-10-19T20:33:00"/>
	<testcase classname="create_formatted_resistance_string_tests.CreateFormattedResistanceStringTests" name="testCreateFormattedResistanceStringFourBandRedGreenSilverGrey" time="0.000" timestamp="2018-10-19T20:33:00"/>
	<testcase classname="create_formatted_resistance_string_tests.CreateFormattedResistanceStringTests" name="testCreateFormattedResistanceStringFourBandRedGreenSilverNone" time="0.000" timestamp="2018-10-19T20:33:00"/>
	<testcase classname="create_formatted_resistance_string_tests.CreateFormattedResistanceStringTests" name="testCreateFormattedResistanceStringFourBandRedGreenSilverRed" time="0.000" timestamp="2018-10-19T20:33:00"/>
	<testcase classname="create_formatted_resistance_string_tests.CreateFormattedResistanceStringTests" name="testCreateFormattedResistanceStringFourBandRedGreenSilverSilver" time="0.000" timestamp="2018-10-19T20:33:00"/>
	<testcase classname="create_formatted_resistance_string_tests.CreateFormattedResistanceStringTests" name="testCreateFormattedResistanceStringFourBandRedGreenSilverViolet" time="0.000" timestamp="2018-10-19T20:33:00"/>
	<testcase classname="create_formatted_resistance_string_tests.CreateFormattedResistanceStringTests" name="testCreateFormattedResistanceStringFourBandRedGreenVioletBlue" time="0.000" timestamp="2018-10-19T20:33:00"/>
	<testcase classname="create_formatted_resistance_string_tests.CreateFormattedResistanceStringTests" name="testCreateFormattedResistanceStringFourBandRedGreenVioletBrown" time="0.000" timestamp="2018-10-19T20:33:00"/>
	<testcase classname="create_formatted_resistance_string_tests.CreateFormattedResistanceStringTests" name="testCreateFormattedResistanceStringFourBandRedGreenVioletGold" time="0.000" timestamp="2018-10-19T20:33:00"/>
	<testcase classname="create_formatted_resistance_string_tests.CreateFormattedResistanceStringTests" name="testCreateFormattedResistanceStringFourBandRedGreenVioletGreen" time="0.000" timestamp="2018-10-19T20:33:00"/>
	<testcase classname="create_formatted_resistance_string_tests.CreateFormattedResistanceStringTests" name="testCreateFormattedResistanceStringFourBandRedGreenVioletGrey" time="0.000" timestamp="2018-10-19T20:33:00"/>
	<testcase classname="create_formatted_resistance_string_tests.CreateFormattedResistanceStringTests" name="testCreateFormattedResistanceStringFourBandRedGreenVioletNone" time="0.000" timestamp="2018-10-19T20:33:00"/>
	<testcase classname="create_formatted_resistance_string_tests.CreateFormattedResistanceStringTests" name="testCreateFormattedResistanceStringFourBandRedGreenVioletRed" time="0.000" timestamp="2018-10-19T20:33:00"/>
	<testcase classname="create_formatted_resistance_string_tests.CreateFormattedResistanceStringTests" name="testCreateFormattedResistanceStringFourBandRedGreenVioletSilver" time="0.000" timestamp="2018-10-19T20:33:00"/>
	<testcase classname="create_formatted_resistance_string_tests.CreateFormattedResistanceStringTests" name="testCreateFormattedResistanceStringFourBandRedGreenVioletViolet" time="0.000" timestamp="2018-10-19T20:33:00"/>
	<testcase classname="create_formatted_resistance_string_tests.CreateFormattedResistanceStringTests" name="testCreateFormattedResistanceStringFourBandRedGreenWhiteBlue" time="0.000" timestamp="2018-10-19T20:33:00"/>
	<testcase classname="create_formatted_resistance_string_tests.CreateFormattedResistanceStringTests" name="testCreateFormattedResistanceStringFourBandRedGreenWhiteBrown" time="0.000" timestamp="2018-10-19T20:33:00"/>
	<testcase classname="create_formatted_resistance_string_tests.CreateFormattedResistanceStringTests" name="testCreateFormattedResistanceStringFourBandRedGreenWhiteGold" time="0.000" timestamp="2018-10-19T20:33:00"/>
	<testcase classname="create_formatted_resistance_string_tests.CreateFormattedResistanceStringTests" name="testCreateFormattedResistanceStringFourBandRedGreenWhiteGreen" time="0.000" timestamp="2018-10-19T20:33:00"/>
	<testcase classname="create_formatted_resistance_string_tests.CreateFormattedResistanceStringTests" name="testCreateFormattedResistanceStringFourBandRedGreenWhiteGrey" time="0.000" timestamp="2018-10-19T20:33:00"/>
	<testcase classname="create_formatted_resistance_string_tests.CreateFormattedResistanceStringTests" name="testCreateFormattedResistanceStringFourBandRedGreenWhiteNone" time="0.000" timestamp="2018-10-19T20:33:00"/>
	<testcase classname="create_formatted_resistance_string_tests.CreateFormattedResistanceStringTests" name="testCreateFormattedResistanceStringFourBandRedGreenWhiteRed" time="0.000" timestamp="2018-10-19T20:33:00"/>
	<testcase classname="create_formatted_resistance_string_tests.CreateFormattedResistanceStringTests" name="testCreateFormattedResistanceStringFourBandRedGreenWhiteSilver" time="0.000" timestamp="2018-10-19T20:33:00"/>
	<testcase classname="create_formatted_resistance_string_tests.CreateFormattedResistanceStringTests" name="testCreateFormattedResistanceStringFourBandRedGreenWhiteViolet" time="0.000" timestamp="2018-10-19T20:33:00"/>
	<testcase classname="create_formatted_resistance_string_tests.CreateFormattedResistanceStringTests" name="testCreateFormattedResistanceStringFourBandRedGreenYellowBlue" time="0.000" timestamp="2018-10-19T20:33:00"/>
	<testcase classname="create_formatted_resistance_string_tests.CreateFormattedResistanceStringTests" name="testCreateFormattedResistanceStringFourBandRedGreenYellowBrown" time="0.000" timestamp="2018-10-19T20:33:00"/>
	<testcase classname="create_formatted_resistance_string_tests.CreateFormattedResistanceStringTests" name="testCreateFormattedResistanceStringFourBandRedGreenYellowGold" time="0.000" timestamp="2018-10-19T20:33:00"/>
	<testcase classname="create_formatted_resistance_string_tests.CreateFormattedResistanceStringTests" name="testCreateFormattedResistanceStringFourBandRedGreenYellowGreen" time="0.000" timestamp="2018-10-19T20:33:00"/>
	<testcase classname="create_formatted_resistance_string_tests.CreateFormattedResistanceStringTests" name="testCreateFormattedResistanceStringFourBandRedGreenYellowGrey" time="0.000" timestamp="2018-10-19T20:33:00"/>
	<testcase classname="create_formatted_resistance_string_tests.CreateFormattedResistanceStringTests" name="testCreateFormattedResistanceStringFourBandRedGreenYellowNone" time="0.000" timestamp="2018-10-19T20:33:00"/>
	<testcase classname="create_formatted_resistance_string_tests.CreateFormattedResistanceStringTests" name="testCreateFormattedResistanceStringFourBandRedGreenYellowRed" time="0.000" timestamp="2018-10-19T20:33:00"/>
	<testcase classname="create_formatted_resistance_string_tests.CreateFormattedResistanceStringTests" name="testCreateFormattedResistanceStringFourBandRedGreenYellowSilver" time="0.000" timestamp="2018-10-19T20:33:00"/>
	<testcase classname="create_formatted_resistance_string_tests.CreateFormattedResistanceStringTests" name="testCreateFormattedResistanceStringFourBandRedGreenYellowViolet" time="0.000" timestamp="2018-10-19T20:33:00"/>
	<testcase classname="create_formatted_resistance_string_tests.CreateFormattedResistanceStringTests" name="testCreateFormattedResistanceStringFourBandRedGreyBlackBlue" time="0.000" timestamp="2018-10-19T20:33:00"/>
	<testcase classname="create_formatted_resistance_string_tests.CreateFormattedResistanceStringTests" name="testCreateFormattedResistanceStringFourBandRedGreyBlackBrown" time="0.000" timestamp="2018-10-19T20:33:00"/>
	<testcase classname="create_formatted_resistance_string_tests.CreateFormattedResistanceStringTests" name="testCreateFormattedResistanceStringFourBandRedGreyBlackGold" time="0.000" timestamp="2018-10-19T20:33:00"/>
	<testcase classname="create_formatted_resistance_string_tests.CreateFormattedResistanceStringTests" name="testCreateFormattedResistanceStringFourBandRedGreyBlackGreen" time="0.000" timestamp="2018-10-19T20:33:00"/>
	<testcase classname="create_formatted_resistance_string_tests.CreateFormattedResistanceStringTests" name="testCreateFormattedResistanceStringFourBandRedGreyBlackGrey" time="0.000" timestamp="2018-10-19T20:33:00"/>
	<testcase classname="create_formatted_resistance_string_tests.CreateFormattedResistanceStringTests" name="testCreateFormattedResistanceStringFourBandRedGreyBlackNone" time="0.000" timestamp="2018-10-19T20:33:00"/>
	<testcase classname="create_formatted_resistance_string_tests.CreateFormattedResistanceStringTests" name="testCreateFormattedResistanceStringFourBandRedGreyBlackRed" time="0.000" timestamp="2018-10-19T20:33:00"/>
	<testcase classname="create_formatted_resistance_string_tests.CreateFormattedResistanceStringTests" name="testCreateFormattedResistanceStringFourBandRedGreyBlackSilver" time="0.000" timestamp="2018-10-19T20:33:00"/>
	<testcase classname="create_formatted_resistance_string_tests.CreateFormattedResistanceStringTests" name="testCreateFormattedResistanceStringFourBandRedGreyBlackViolet" time="0.000" timestamp="2018-10-19T20:33:00"/>
	<testcase classname="create_formatted_resistance_string_tests.CreateFormattedResistanceStringTests" name="testCreateFormattedResistanceStringFourBandRedGreyBlueBlue" time="0.000" timestamp="2018-10-19T20:33:00"/>
	<testcase classname="create_formatted_resistance_string_tests.CreateFormattedResistanceStringTests" name="testCreateFormattedResistanceStringFourBandRedGreyBlueBrown" time="0.000" timestamp="2018-10-19T20:33:00"/>
	<testcase classname="create_formatted_resistance_string_tests.CreateFormattedResistanceStringTests" name="testCreateFormattedResistanceStringFourBandRedGreyBlueGold" time="0.000" timestamp="2018-10-19T20:33:00"/>
	<testcase classname="create_formatted_resistance_string_tests.CreateFormattedResistanceStringTests" name="testCreateFormattedResistanceStringFourBandRedGreyBlueGreen" time="0.000" timestamp="2018-10-19T20:33:00"/>
	<testcase classname="create_formatted_resistance_string_tests.CreateFormattedResistanceStringTests" name="testCreateFormattedResistanceStringFourBandRedGreyBlueGrey" time="0.000" timestamp="2018-10-19T20:33:00"/>
	<testcase classname="create_formatted_resistance_string_tests.CreateFormattedResistanceStringTests" name="testCreateFormattedResistanceStringFourBandRedGreyBlueNone" time="0.000" timestamp="2018-10-19T20:33:00"/>
	<testcase classname="create_formatted_resistance_string_tests.CreateFormattedResistanceStringTests" name="testCreateFormattedResistanceStringFourBandRedGreyBlueRed" time="0.000" timestamp="2018-10-19T20:33:00"/>
	<testcase classname="create_formatted_resistance_string_tests.CreateFormattedResistanceStringTests" name="testCreateFormattedResistanceStringFourBandRedGreyBlueSilver" time="0.000" timestamp="2018-10-19T20:33:00"/>
	<testcase classname="create_formatted_resistance_string_tests.CreateFormattedResistanceStringTests" name="testCreateFormattedResistanceStringFourBandRedGreyBlueViolet" time="0.000" timestamp="2018-10-19T20:33:00"/>
	<testcase classname="create_formatted_resistance_string_tests.CreateFormattedResistanceStringTests" name="testCreateFormattedResistanceStringFourBandRedGreyBrownBlue" time="0.000" timestamp="2018-10-19T20:33:00"/>
	<testcase classname="create_formatted_resistance_string_tests.CreateFormattedResistanceStringTests" name="testCreateFormattedResistanceStringFourBandRedGreyBrownBrown" time="0.000" timestamp="2018-10-19T20:33:00"/>
	<testcase classname="create_formatted_resistance_string_tests.CreateFormattedResistanceStringTests" name="testCreateFormattedResistanceStringFourBandRedGreyBrownGold" time="0.000" timestamp="2018-10-19T20:33:00"/>
	<testcase classname="create_formatted_resistance_string_tests.CreateFormattedResistanceStringTests" name="testCreateFormattedResistanceStringFourBandRedGreyBrownGreen" time="0.000" timestamp="2018-10-19T20:33:00"/>
	<testcase classname="create_formatted_resistance_string_tests.CreateFormattedResistanceStringTests" name="testCreateFormattedResistanceStringFourBandRedGreyBrownGrey" time="0.000" timestamp="2018-10-19T20:33:00"/>
	<testcase classname="create_formatted_resistance_string_tests.CreateFormattedResistanceStringTests" name="testCreateFormattedResistanceStringFourBandRedGreyBrownNone" time="0.000" timestamp="2018-10-19T20:33:00"/>
	<testcase classname="create_formatted_resistance_string_tests.CreateFormattedResistanceStringTests" name="testCreateFormattedResistanceStringFourBandRedGreyBrownRed" time="0.000" timestamp="2018-10-19T20:33:00"/>
	<testcase classname="create_formatted_resistance_string_tests.CreateFormattedResistanceStringTests" name="testCreateFormattedResistanceStringFourBandRedGreyBrownSilver" time="0.000" timestamp="2018-10-19T20:33:00"/>
	<testcase classname="create_formatted_resistance_string_tests.CreateFormattedResistanceStringTests" name="testCreateFormattedResistanceStringFourBandRedGreyBrownViolet" time="0.000" timestamp="2018-10-19T20:33:00"/>
	<testcase classname="create_formatted_resistance_string_tests.CreateFormattedResistanceStringTests" name="testCreateFormattedResistanceStringFourBandRedGreyGoldBlue" time="0.000" timestamp="2018-10-19T20:33:00"/>
	<testcase classname="create_formatted_resistance_string_tests.CreateFormattedResistanceStringTests" name="testCreateFormattedResistanceStringFourBandRedGreyGoldBrown" time="0.000" timestamp="2018-10-19T20:33:00"/>
	<testcase classname="create_formatted_resistance_string_tests.CreateFormattedResistanceStringTests" name="testCreateFormattedResistanceStringFourBandRedGreyGoldGold" time="0.000" timestamp="2018-10-19T20:33:00"/>
	<testcase classname="create_formatted_resistance_string_tests.CreateFormattedResistanceStringTests" name="testCreateFormattedResistanceStringFourBandRedGreyGoldGreen" time="0.000" timestamp="2018-10-19T20:33:00"/>
	<testcase classname="create_formatted_resistance_string_tests.CreateFormattedResistanceStringTests" name="testCreateFormattedResistanceStringFourBandRedGreyGoldGrey" time="0.000" timestamp="2018-10-19T20:33:00"/>
	<testcase classname="create_formatted_resistance_string_tests.CreateFormattedResistanceStringTests" name="testCreateFormattedResistanceStringFourBandRedGreyGoldNone" time="0.000" timestamp="2018-10-19T20:33:00"/>
	<testcase classname="create_formatted_resistance_string_tests.CreateFormattedResistanceStringTests" name="testCreateFormattedResistanceStringFourBandRedGreyGoldRed" time="0.000" timestamp="2018-10-19T20:33:00"/>
	<testcase classname="create_formatted_resistance_string_tests.CreateFormattedResistanceStringTests" name="testCreateFormattedResistanceStringFourBandRedGreyGoldSilver" time="0.000" timestamp="2018-10-19T20:33:00"/>
	<testcase classname="create_formatted_resistance_string_tests.CreateFormattedResistanceStringTests" name="testCreateFormattedResistanceStringFourBandRedGreyGoldViolet" time="0.000" timestamp="2018-10-19T20:33:00"/>
	<testcase classname="create_formatted_resistance_string_tests.CreateFormattedResistanceStringTests" name="testCreateFormattedResistanceStringFourBandRedGreyGreenBlue" time="0.000" timestamp="2018-10-19T20:33:00"/>
	<testcase classname="create_formatted_resistance_string_tests.CreateFormattedResistanceStringTests" name="testCreateFormattedResistanceStringFourBandRedGreyGreenBrown" time="0.000" timestamp="2018-10-19T20:33:00"/>
	<testcase classname="create_formatted_resistance_string_tests.CreateFormattedResistanceStringTests" name="testCreateFormattedResistanceStringFourBandRedGreyGreenGold" time="0.000" timestamp="2018-10-19T20:33:00"/>
	<testcase classname="create_formatted_resistance_string_tests.CreateFormattedResistanceStringTests" name="testCreateFormattedResistanceStringFourBandRedGreyGreenGreen" time="0.000" timestamp="2018-10-19T20:33:00"/>
	<testcase classname="create_formatted_resistance_string_tests.CreateFormattedResistanceStringTests" name="testCreateFormattedResistanceStringFourBandRedGreyGreenGrey" time="0.000" timestamp="2018-10-19T20:33:00"/>
	<testcase classname="create_formatted_resistance_string_tests.CreateFormattedResistanceStringTests" name="testCreateFormattedResistanceStringFourBandRedGreyGreenNone" time="0.000" timestamp="2018-10-19T20:33:00"/>
	<testcase classname="create_formatted_resistance_string_tests.CreateFormattedResistanceStringTests" name="testCreateFormattedResistanceStringFourBandRedGreyGreenRed" time="0.000" timestamp="2018-10-19T20:33:00"/>
	<testcase classname="create_formatted_resistance_string_tests.CreateFormattedResistanceStringTests" name="testCreateFormattedResistanceStringFourBandRedGreyGreenSilver" time="0.000" timestamp="2018-10-19T20:33:00"/>
	<testcase classname="create_formatted_resistance_string_tests.CreateFormattedResistanceStringTests" name="testCreateFormattedResistanceStringFourBandRedGreyGreenViolet" time="0.000" timestamp="2018-10-19T20:33:00"/>
	<testcase classname="create_formatted_resistance_string_tests.CreateFormattedResistanceStringTests" name="testCreateFormattedResistanceStringFourBandRedGreyGreyBlue" time="0.000" timestamp="2018-10-19T20:33:00"/>
	<testcase classname="create_formatted_resistance_string_tests.CreateFormattedResistanceStringTests" name="testCreateFormattedResistanceStringFourBandRedGreyGreyBrown" time="0.000" timestamp="2018-10-19T20:33:00"/>
	<testcase classname="create_formatted_resistance_string_tests.CreateFormattedResistanceStringTests" name="testCreateFormattedResistanceStringFourBandRedGreyGreyGold" time="0.000" timestamp="2018-10-19T20:33:00"/>
	<testcase classname="create_formatted_resistance_string_tests.CreateFormattedResistanceStringTests" name="testCreateFormattedResistanceStringFourBandRedGreyGreyGreen" time="0.000" timestamp="2018-10-19T20:33:00"/>
	<testcase classname="create_formatted_resistance_string_tests.CreateFormattedResistanceStringTests" name="testCreateFormattedResistanceStringFourBandRedGreyGreyGrey" time="0.000" timestamp="2018-10-19T20:33:00"/>
	<testcase classname="create_formatted_resistance_string_tests.CreateFormattedResistanceStringTests" name="testCreateFormattedResistanceStringFourBandRedGreyGreyNone" time="0.000" timestamp="2018-10-19T20:33:00"/>
	<testcase classname="create_formatted_resistance_string_tests.CreateFormattedResistanceStringTests" name="testCreateFormattedResistanceStringFourBandRedGreyGreyRed" time="0.000" timestamp="2018-10-19T20:33:00"/>
	<testcase classname="create_formatted_resistance_string_tests.CreateFormattedResistanceStringTests" name="testCreateFormattedResistanceStringFourBandRedGreyGreySilver" time="0.000" timestamp="2018-10-19T20:33:00"/>
	<testcase classname="create_formatted_resistance_string_tests.CreateFormattedResistanceStringTests" name="testCreateFormattedResistanceStringFourBandRedGreyGreyViolet" time="0.000" timestamp="2018-10-19T20:33:00"/>
	<testcase classname="create_formatted_resistance_string_tests.CreateFormattedResistanceStringTests" name="testCreateFormattedResistanceStringFourBandRedGreyOrangeBlue" time="0.000" timestamp="2018-10-19T20:33:00"/>
	<testcase classname="create_formatted_resistance_string_tests.CreateFormattedResistanceStringTests" name="testCreateFormattedResistanceStringFourBandRedGreyOrangeBrown" time="0.000" timestamp="2018-10-19T20:33:00"/>
	<testcase classname="create_formatted_resistance_string_tests.CreateFormattedResistanceStringTests" name="testCreateFormattedResistanceStringFourBandRedGreyOrangeGold" time="0.000" timestamp="2018-10-19T20:33:00"/>
	<testcase classname="create_formatted_resistance_string_tests.CreateFormattedResistanceStringTests" name="testCreateFormattedResistanceStringFourBandRedGreyOrangeGreen" time="0.000" timestamp="2018-10-19T20:33:00"/>
	<testcase classname="create_formatted_resistance_string_tests.CreateFormattedResistanceStringTests" name="testCreateFormattedResistanceStringFourBandRedGreyOrangeGrey" time="0.000" timestamp="2018-10-19T20:33:00"/>
	<testcase classname="create_formatted_resistance_string_tests.CreateFormattedResistanceStringTests" name="testCreateFormattedResistanceStringFourBandRedGreyOrangeNone" time="0.000" timestamp="2018-10-19T20:33:00"/>
	<testcase classname="create_formatted_resistance_string_tests.CreateFormattedResistanceStringTests" name="testCreateFormattedResistanceStringFourBandRedGreyOrangeRed" time="0.000" timestamp="2018-10-19T20:33:00"/>
	<testcase classname="create_formatted_resistance_string_tests.CreateFormattedResistanceStringTests" name="testCreateFormattedResistanceStringFourBandRedGreyOrangeSilver" time="0.000" timestamp="2018-10-19T20:33:00"/>
	<testcase classname="create_formatted_resistance_string_tests.CreateFormattedResistanceStringTests" name="testCreateFormattedResistanceStringFourBandRedGreyOrangeViolet" time="0.000" timestamp="2018-10-19T20:33:00"/>
	<testcase classname="create_formatted_resistance_string_tests.CreateFormattedResistanceStringTests" name="testCreateFormattedResistanceStringFourBandRedGreyRedBlue" time="0.000" timestamp="2018-10-19T20:33:00"/>
	<testcase classname="create_formatted_resistance_string_tests.CreateFormattedResistanceStringTests" name="testCreateFormattedResistanceStringFourBandRedGreyRedBrown" time="0.000" timestamp="2018-10-19T20:33:00"/>
	<testcase classname="create_formatted_resistance_string_tests.CreateFormattedResistanceStringTests" name="testCreateFormattedResistanceStringFourBandRedGreyRedGold" time="0.000" timestamp="2018-10-19T20:33:00"/>
	<testcase classname="create_formatted_resistance_string_tests.CreateFormattedResistanceStringTests" name="testCreateFormattedResistanceStringFourBandRedGreyRedGreen" time="0.000" timestamp="2018-10-19T20:33:00"/>
	<testcase classname="create_formatted_resistance_string_tests.CreateFormattedResistanceStringTests" name="testCreateFormattedResistanceStringFourBandRedGreyRedGrey" time="0.000" timestamp="2018-10-19T20:33:00"/>
	<testcase classname="create_formatted_resistance_string_tests.CreateFormattedResistanceStringTests" name="testCreateFormattedResistanceStringFourBandRedGreyRedNone" time="0.000" timestamp="2018-10-19T20:33:00"/>
	<testcase classname="create_formatted_resistance_string_tests.CreateFormattedResistanceStringTests" name="testCreateFormattedResistanceStringFourBandRedGreyRedRed" time="0.000" timestamp="2018-10-19T20:33:00"/>
	<testcase classname="create_formatted_resistance_string_tests.CreateFormattedResistanceStringTests" name="testCreateFormattedResistanceStringFourBandRedGreyRedSilver" time="0.000" timestamp="2018-10-19T20:33:00"/>
	<testcase classname="create_formatted_resistance_string_tests.CreateFormattedResistanceStringTests" name="testCreateFormattedResistanceStringFourBandRedGreyRedViolet" time="0.000" timestamp="2018-10-19T20:33:00"/>
	<testcase classname="create_formatted_resistance_string_tests.CreateFormattedResistanceStringTests" name="testCreateFormattedResistanceStringFourBandRedGreySilverBlue" time="0.000" timestamp="2018-10-19T20:33:00"/>
	<testcase classname="create_formatted_resistance_string_tests.CreateFormattedResistanceStringTests" name="testCreateFormattedResistanceStringFourBandRedGreySilverBrown" time="0.000" timestamp="2018-10-19T20:33:00"/>
	<testcase classname="create_formatted_resistance_string_tests.CreateFormattedResistanceStringTests" name="testCreateFormattedResistanceStringFourBandRedGreySilverGold" time="0.000" timestamp="2018-10-19T20:33:00"/>
	<testcase classname="create_formatted_resistance_string_tests.CreateFormattedResistanceStringTests" name="testCreateFormattedResistanceStringFourBandRedGreySilverGreen" time="0.000" timestamp="2018-10-19T20:33:00"/>
	<testcase classname="create_formatted_resistance_string_tests.CreateFormattedResistanceStringTests" name="testCreateFormattedResistanceStringFourBandRedGreySilverGrey" time="0.000" timestamp="2018-10-19T20:33:00"/>
	<testcase classname="create_formatted_resistance_string_tests.CreateFormattedResistanceStringTests" name="testCreateFormattedResistanceStringFourBandRedGreySilverNone" time="0.000" timestamp="2018-10-19T20:33:00"/>
	<testcase classname="create_formatted_resistance_string_tests.CreateFormattedResistanceStringTests" name="testCreateFormattedResistanceStringFourBandRedGreySilverRed" time="0.000" timestamp="2018-10-19T20:33:00"/>
	<testcase classname="create_formatted_resistance_string_tests.CreateFormattedResistanceStringTests" name="testCreateFormattedResistanceStringFourBandRedGreySilverSilver" time="0.000" timestamp="2018-10-19T20:33:00"/>
	<testcase classname="create_formatted_resistance_string_tests.CreateFormattedResistanceStringTests" name="testCreateFormattedResistanceStringFourBandRedGreySilverViolet" time="0.000" timestamp="2018-10-19T20:33:00"/>
	<testcase classname="create_formatted_resistance_string_tests.CreateFormattedResistanceStringTests" name="testCreateFormattedResistanceStringFourBandRedGreyVioletBlue" time="0.000" timestamp="2018-10-19T20:33:00"/>
	<testcase classname="create_formatted_resistance_string_tests.CreateFormattedResistanceStringTests" name="testCreateFormattedResistanceStringFourBandRedGreyVioletBrown" time="0.000" timestamp="2018-10-19T20:33:00"/>
	<testcase classname="create_formatted_resistance_string_tests.CreateFormattedResistanceStringTests" name="testCreateFormattedResistanceStringFourBandRedGreyVioletGold" time="0.000" timestamp="2018-10-19T20:33:00"/>
	<testcase classname="create_formatted_resistance_string_tests.CreateFormattedResistanceStringTests" name="testCreateFormattedResistanceStringFourBandRedGreyVioletGreen" time="0.000" timestamp="2018-10-19T20:33:00"/>
	<testcase classname="create_formatted_resistance_string_tests.CreateFormattedResistanceStringTests" name="testCreateFormattedResistanceStringFourBandRedGreyVioletGrey" time="0.000" timestamp="2018-10-19T20:33:00"/>
	<testcase classname="create_formatted_resistance_string_tests.CreateFormattedResistanceStringTests" name="testCreateFormattedResistanceStringFourBandRedGreyVioletNone" time="0.000" timestamp="2018-10-19T20:33:00"/>
	<testcase classname="create_formatted_resistance_string_tests.CreateFormattedResistanceStringTests" name="testCreateFormattedResistanceStringFourBandRedGreyVioletRed" time="0.000" timestamp="2018-10-19T20:33:00"/>
	<testcase classname="create_formatted_resistance_string_tests.CreateFormattedResistanceStringTests" name="testCreateFormattedResistanceStringFourBandRedGreyVioletSilver" time="0.000" timestamp="2018-10-19T20:33:00"/>
	<testcase classname="create_formatted_resistance_string_tests.CreateFormattedResistanceStringTests" name="testCreateFormattedResistanceStringFourBandRedGreyVioletViolet" time="0.000" timestamp="2018-10-19T20:33:00"/>
	<testcase classname="create_formatted_resistance_string_tests.CreateFormattedResistanceStringTests" name="testCreateFormattedResistanceStringFourBandRedGreyWhiteBlue" time="0.000" timestamp="2018-10-19T20:33:00"/>
	<testcase classname="create_formatted_resistance_string_tests.CreateFormattedResistanceStringTests" name="testCreateFormattedResistanceStringFourBandRedGreyWhiteBrown" time="0.000" timestamp="2018-10-19T20:33:00"/>
	<testcase classname="create_formatted_resistance_string_tests.CreateFormattedResistanceStringTests" name="testCreateFormattedResistanceStringFourBandRedGreyWhiteGold" time="0.000" timestamp="2018-10-19T20:33:00"/>
	<testcase classname="create_formatted_resistance_string_tests.CreateFormattedResistanceStringTests" name="testCreateFormattedResistanceStringFourBandRedGreyWhiteGreen" time="0.000" timestamp="2018-10-19T20:33:00"/>
	<testcase classname="create_formatted_resistance_string_tests.CreateFormattedResistanceStringTests" name="testCreateFormattedResistanceStringFourBandRedGreyWhiteGrey" time="0.000" timestamp="2018-10-19T20:33:00"/>
	<testcase classname="create_formatted_resistance_string_tests.CreateFormattedResistanceStringTests" name="testCreateFormattedResistanceStringFourBandRedGreyWhiteNone" time="0.000" timestamp="2018-10-19T20:33:00"/>
	<testcase classname="create_formatted_resistance_string_tests.CreateFormattedResistanceStringTests" name="testCreateFormattedResistanceStringFourBandRedGreyWhiteRed" time="0.000" timestamp="2018-10-19T20:33:00"/>
	<testcase classname="create_formatted_resistance_string_tests.CreateFormattedResistanceStringTests" name="testCreateFormattedResistanceStringFourBandRedGreyWhiteSilver" time="0.000" timestamp="2018-10-19T20:33:00"/>
	<testcase classname="create_formatted_resistance_string_tests.CreateFormattedResistanceStringTests" name="testCreateFormattedResistanceStringFourBandRedGreyWhiteViolet" time="0.000" timestamp="2018-10-19T20:33:00"/>
	<testcase classname="create_formatted_resistance_string_tests.CreateFormattedResistanceStringTests" name="testCreateFormattedResistanceStringFourBandRedGreyYellowBlue" time="0.000" timestamp="2018-10-19T20:33:00"/>
	<testcase classname="create_formatted_resistance_string_tests.CreateFormattedResistanceStringTests" name="testCreateFormattedResistanceStringFourBandRedGreyYellowBrown" time="0.000" timestamp="2018-10-19T20:33:00"/>
	<testcase classname="create_formatted_resistance_string_tests.CreateFormattedResistanceStringTests" name="testCreateFormattedResistanceStringFourBandRedGreyYellowGold" time="0.000" timestamp="2018-10-19T20:33:00"/>
	<testcase classname="create_formatted_resistance_string_tests.CreateFormattedResistanceStringTests" name="testCreateFormattedResistanceStringFourBandRedGreyYellowGreen" time="0.000" timestamp="2018-10-19T20:33:00"/>
	<testcase classname="create_formatted_resistance_string_tests.CreateFormattedResistanceStringTests" name="testCreateFormattedResistanceStringFourBandRedGreyYellowGrey" time="0.000" timestamp="2018-10-19T20:33:00"/>
	<testcase classname="create_formatted_resistance_string_tests.CreateFormattedResistanceStringTests" name="testCreateFormattedResistanceStringFourBandRedGreyYellowNone" time="0.000" timestamp="2018-10-19T20:33:00"/>
	<testcase classname="create_formatted_resistance_string_tests.CreateFormattedResistanceStringTests" name="testCreateFormattedResistanceStringFourBandRedGreyYellowRed" time="0.000" timestamp="2018-10-19T20:33:00"/>
	<testcase classname="create_formatted_resistance_string_tests.CreateFormattedResistanceStringTests" name="testCreateFormattedResistanceStringFourBandRedGreyYellowSilver" time="0.000" timestamp="2018-10-19T20:33:00"/>
	<testcase classname="create_formatted_resistance_string_tests.CreateFormattedResistanceStringTests" name="testCreateFormattedResistanceStringFourBandRedGreyYellowViolet" time="0.000" timestamp="2018-10-19T20:33:00"/>
	<testcase classname="create_formatted_resistance_string_tests.CreateFormattedResistanceStringTests" name="testCreateFormattedResistanceStringFourBandRedOrangeBlackBlue" time="0.000" timestamp="2018-10-19T20:33:00"/>
	<testcase classname="create_formatted_resistance_string_tests.CreateFormattedResistanceStringTests" name="testCreateFormattedResistanceStringFourBandRedOrangeBlackBrown" time="0.000" timestamp="2018-10-19T20:33:00"/>
	<testcase classname="create_formatted_resistance_string_tests.CreateFormattedResistanceStringTests" name="testCreateFormattedResistanceStringFourBandRedOrangeBlackGold" time="0.000" timestamp="2018-10-19T20:33:00"/>
	<testcase classname="create_formatted_resistance_string_tests.CreateFormattedResistanceStringTests" name="testCreateFormattedResistanceStringFourBandRedOrangeBlackGreen" time="0.000" timestamp="2018-10-19T20:33:00"/>
	<testcase classname="create_formatted_resistance_string_tests.CreateFormattedResistanceStringTests" name="testCreateFormattedResistanceStringFourBandRedOrangeBlackGrey" time="0.000" timestamp="2018-10-19T20:33:00"/>
	<testcase classname="create_formatted_resistance_string_tests.CreateFormattedResistanceStringTests" name="testCreateFormattedResistanceStringFourBandRedOrangeBlackNone" time="0.000" timestamp="2018-10-19T20:33:00"/>
	<testcase classname="create_formatted_resistance_string_tests.CreateFormattedResistanceStringTests" name="testCreateFormattedResistanceStringFourBandRedOrangeBlackRed" time="0.000" timestamp="2018-10-19T20:33:00"/>
	<testcase classname="create_formatted_resistance_string_tests.CreateFormattedResistanceStringTests" name="testCreateFormattedResistanceStringFourBandRedOrangeBlackSilver" time="0.000" timestamp="2018-10-19T20:33:00"/>
	<testcase classname="create_formatted_resistance_string_tests.CreateFormattedResistanceStringTests" name="testCreateFormattedResistanceStringFourBandRedOrangeBlackViolet" time="0.000" timestamp="2018-10-19T20:33:00"/>
	<testcase classname="create_formatted_resistance_string_tests.CreateFormattedResistanceStringTests" name="testCreateFormattedResistanceStringFourBandRedOrangeBlueBlue" time="0.000" timestamp="2018-10-19T20:33:00"/>
	<testcase classname="create_formatted_resistance_string_tests.CreateFormattedResistanceStringTests" name="testCreateFormattedResistanceStringFourBandRedOrangeBlueBrown" time="0.000" timestamp="2018-10-19T20:33:00"/>
	<testcase classname="create_formatted_resistance_string_tests.CreateFormattedResistanceStringTests" name="testCreateFormattedResistanceStringFourBandRedOrangeBlueGold" time="0.000" timestamp="2018-10-19T20:33:00"/>
	<testcase classname="create_formatted_resistance_string_tests.CreateFormattedResistanceStringTests" name="testCreateFormattedResistanceStringFourBandRedOrangeBlueGreen" time="0.000" timestamp="2018-10-19T20:33:00"/>
	<testcase classname="create_formatted_resistance_string_tests.CreateFormattedResistanceStringTests" name="testCreateFormattedResistanceStringFourBandRedOrangeBlueGrey" time="0.000" timestamp="2018-10-19T20:33:00"/>
	<testcase classname="create_formatted_resistance_string_tests.CreateFormattedResistanceStringTests" name="testCreateFormattedResistanceStringFourBandRedOrangeBlueNone" time="0.000" timestamp="2018-10-19T20:33:00"/>
	<testcase classname="create_formatted_resistance_string_tests.CreateFormattedResistanceStringTests" name="testCreateFormattedResistanceStringFourBandRedOrangeBlueRed" time="0.000" timestamp="2018-10-19T20:33:00"/>
	<testcase classname="create_formatted_resistance_string_tests.CreateFormattedResistanceStringTests" name="testCreateFormattedResistanceStringFourBandRedOrangeBlueSilver" time="0.000" timestamp="2018-10-19T20:33:00"/>
	<testcase classname="create_formatted_resistance_string_tests.CreateFormattedResistanceStringTests" name="testCreateFormattedResistanceStringFourBandRedOrangeBlueViolet" time="0.000" timestamp="2018-10-19T20:33:00"/>
	<testcase classname="create_formatted_resistance_string_tests.CreateFormattedResistanceStringTests" name="testCreateFormattedResistanceStringFourBandRedOrangeBrownBlue" time="0.000" timestamp="2018-10-19T20:33:00"/>
	<testcase classname="create_formatted_resistance_string_tests.CreateFormattedResistanceStringTests" name="testCreateFormattedResistanceStringFourBandRedOrangeBrownBrown" time="0.000" timestamp="2018-10-19T20:33:00"/>
	<testcase classname="create_formatted_resistance_string_tests.CreateFormattedResistanceStringTests" name="testCreateFormattedResistanceStringFourBandRedOrangeBrownGold" time="0.000" timestamp="2018-10-19T20:33:00"/>
	<testcase classname="create_formatted_resistance_string_tests.CreateFormattedResistanceStringTests" name="testCreateFormattedResistanceStringFourBandRedOrangeBrownGreen" time="0.000" timestamp="2018-10-19T20:33:00"/>
	<testcase classname="create_formatted_resistance_string_tests.CreateFormattedResistanceStringTests" name="testCreateFormattedResistanceStringFourBandRedOrangeBrownGrey" time="0.000" timestamp="2018-10-19T20:33:00"/>
	<testcase classname="create_formatted_resistance_string_tests.CreateFormattedResistanceStringTests" name="testCreateFormattedResistanceStringFourBandRedOrangeBrownNone" time="0.000" timestamp="2018-10-19T20:33:00"/>
	<testcase classname="create_formatted_resistance_string_tests.CreateFormattedResistanceStringTests" name="testCreateFormattedResistanceStringFourBandRedOrangeBrownRed" time="0.000" timestamp="2018-10-19T20:33:00"/>
	<testcase classname="create_formatted_resistance_string_tests.CreateFormattedResistanceStringTests" name="testCreateFormattedResistanceStringFourBandRedOrangeBrownSilver" time="0.000" timestamp="2018-10-19T20:33:00"/>
	<testcase classname="create_formatted_resistance_string_tests.CreateFormattedResistanceStringTests" name="testCreateFormattedResistanceStringFourBandRedOrangeBrownViolet" time="0.000" timestamp="2018-10-19T20:33:00"/>
	<testcase classname="create_formatted_resistance_string_tests.CreateFormattedResistanceStringTests" name="testCreateFormattedResistanceStringFourBandRedOrangeGoldBlue" time="0.000" timestamp="2018-10-19T20:33:00"/>
	<testcase classname="create_formatted_resistance_string_tests.CreateFormattedResistanceStringTests" name="testCreateFormattedResistanceStringFourBandRedOrangeGoldBrown" time="0.000" timestamp="2018-10-19T20:33:00"/>
	<testcase classname="create_formatted_resistance_string_tests.CreateFormattedResistanceStringTests" name="testCreateFormattedResistanceStringFourBandRedOrangeGoldGold" time="0.000" timestamp="2018-10-19T20:33:00"/>
	<testcase classname="create_formatted_resistance_string_tests.CreateFormattedResistanceStringTests" name="testCreateFormattedResistanceStringFourBandRedOrangeGoldGreen" time="0.000" timestamp="2018-10-19T20:33:00"/>
	<testcase classname="create_formatted_resistance_string_tests.CreateFormattedResistanceStringTests" name="testCreateFormattedResistanceStringFourBandRedOrangeGoldGrey" time="0.000" timestamp="2018-10-19T20:33:00"/>
	<testcase classname="create_formatted_resistance_string_tests.CreateFormattedResistanceStringTests" name="testCreateFormattedResistanceStringFourBandRedOrangeGoldNone" time="0.000" timestamp="2018-10-19T20:33:00"/>
	<testcase classname="create_formatted_resistance_string_tests.CreateFormattedResistanceStringTests" name="testCreateFormattedResistanceStringFourBandRedOrangeGoldRed" time="0.000" timestamp="2018-10-19T20:33:00"/>
	<testcase classname="create_formatted_resistance_string_tests.CreateFormattedResistanceStringTests" name="testCreateFormattedResistanceStringFourBandRedOrangeGoldSilver" time="0.000" timestamp="2018-10-19T20:33:00"/>
	<testcase classname="create_formatted_resistance_string_tests.CreateFormattedResistanceStringTests" name="testCreateFormattedResistanceStringFourBandRedOrangeGoldViolet" time="0.000" timestamp="2018-10-19T20:33:00"/>
	<testcase classname="create_formatted_resistance_string_tests.CreateFormattedResistanceStringTests" name="testCreateFormattedResistanceStringFourBandRedOrangeGreenBlue" time="0.000" timestamp="2018-10-19T20:33:00"/>
	<testcase classname="create_formatted_resistance_string_tests.CreateFormattedResistanceStringTests" name="testCreateFormattedResistanceStringFourBandRedOrangeGreenBrown" time="0.000" timestamp="2018-10-19T20:33:00"/>
	<testcase classname="create_formatted_resistance_string_tests.CreateFormattedResistanceStringTests" name="testCreateFormattedResistanceStringFourBandRedOrangeGreenGold" time="0.000" timestamp="2018-10-19T20:33:00"/>
	<testcase classname="create_formatted_resistance_string_tests.CreateFormattedResistanceStringTests" name="testCreateFormattedResistanceStringFourBandRedOrangeGreenGreen" time="0.000" timestamp="2018-10-19T20:33:00"/>
	<testcase classname="create_formatted_resistance_string_tests.CreateFormattedResistanceStringTests" name="testCreateFormattedResistanceStringFourBandRedOrangeGreenGrey" time="0.000" timestamp="2018-10-19T20:33:00"/>
	<testcase classname="create_formatted_resistance_string_tests.CreateFormattedResistanceStringTests" name="testCreateFormattedResistanceStringFourBandRedOrangeGreenNone" time="0.000" timestamp="2018-10-19T20:33:00"/>
	<testcase classname="create_formatted_resistance_string_tests.CreateFormattedResistanceStringTests" name="testCreateFormattedResistanceStringFourBandRedOrangeGreenRed" time="0.000" timestamp="2018-10-19T20:33:00"/>
	<testcase classname="create_formatted_resistance_string_tests.CreateFormattedResistanceStringTests" name="testCreateFormattedResistanceStringFourBandRedOrangeGreenSilver" time="0.000" timestamp="2018-10-19T20:33:00"/>
	<testcase classname="create_formatted_resistance_string_tests.CreateFormattedResistanceStringTests" name="testCreateFormattedResistanceStringFourBandRedOrangeGreenViolet" time="0.000" timestamp="2018-10-19T20:33:00"/>
	<testcase classname="create_formatted_resistance_string_tests.CreateFormattedResistanceStringTests" name="testCreateFormattedResistanceStringFourBandRedOrangeGreyBlue" time="0.000" timestamp="2018-10-19T20:33:00"/>
	<testcase classname="create_formatted_resistance_string_tests.CreateFormattedResistanceStringTests" name="testCreateFormattedResistanceStringFourBandRedOrangeGreyBrown" time="0.000" timestamp="2018-10-19T20:33:00"/>
	<testcase classname="create_formatted_resistance_string_tests.CreateFormattedResistanceStringTests" name="testCreateFormattedResistanceStringFourBandRedOrangeGreyGold" time="0.000" timestamp="2018-10-19T20:33:00"/>
	<testcase classname="create_formatted_resistance_string_tests.CreateFormattedResistanceStringTests" name="testCreateFormattedResistanceStringFourBandRedOrangeGreyGreen" time="0.000" timestamp="2018-10-19T20:33:00"/>
	<testcase classname="create_formatted_resistance_string_tests.CreateFormattedResistanceStringTests" name="testCreateFormattedResistanceStringFourBandRedOrangeGreyGrey" time="0.000" timestamp="2018-10-19T20:33:00"/>
	<testcase classname="create_formatted_resistance_string_tests.CreateFormattedResistanceStringTests" name="testCreateFormattedResistanceStringFourBandRedOrangeGreyNone" time="0.000" timestamp="2018-10-19T20:33:00"/>
	<testcase classname="create_formatted_resistance_string_tests.CreateFormattedResistanceStringTests" name="testCreateFormattedResistanceStringFourBandRedOrangeGreyRed" time="0.000" timestamp="2018-10-19T20:33:00"/>
	<testcase classname="create_formatted_resistance_string_tests.CreateFormattedResistanceStringTests" name="testCreateFormattedResistanceStringFourBandRedOrangeGreySilver" time="0.000" timestamp="2018-10-19T20:33:00"/>
	<testcase classname="create_formatted_resistance_string_tests.CreateFormattedResistanceStringTests" name="testCreateFormattedResistanceStringFourBandRedOrangeGreyViolet" time="0.000" timestamp="2018-10-19T20:33:00"/>
	<testcase classname="create_formatted_resistance_string_tests.CreateFormattedResistanceStringTests" name="testCreateFormattedResistanceStringFourBandRedOrangeOrangeBlue" time="0.000" timestamp="2018-10-19T20:33:00"/>
	<testcase classname="create_formatted_resistance_string_tests.CreateFormattedResistanceStringTests" name="testCreateFormattedResistanceStringFourBandRedOrangeOrangeBrown" time="0.000" timestamp="2018-10-19T20:33:00"/>
	<testcase classname="create_formatted_resistance_string_tests.CreateFormattedResistanceStringTests" name="testCreateFormattedResistanceStringFourBandRedOrangeOrangeGold" time="0.000" timestamp="2018-10-19T20:33:00"/>
	<testcase classname="create_formatted_resistance_string_tests.CreateFormattedResistanceStringTests" name="testCreateFormattedResistanceStringFourBandRedOrangeOrangeGreen" time="0.000" timestamp="2018-10-19T20:33:00"/>
	<testcase classname="create_formatted_resistance_string_tests.CreateFormattedResistanceStringTests" name="testCreateFormattedResistanceStringFourBandRedOrangeOrangeGrey" time="0.000" timestamp="2018-10-19T20:33:00"/>
	<testcase classname="create_formatted_resistance_string_tests.CreateFormattedResistanceStringTests" name="testCreateFormattedResistanceStringFourBandRedOrangeOrangeNone" time="0.000" timestamp="2018-10-19T20:33:00"/>
	<testcase classname="create_formatted_resistance_string_tests.CreateFormattedResistanceStringTests" name="testCreateFormattedResistanceStringFourBandRedOrangeOrangeRed" time="0.000" timestamp="2018-10-19T20:33:00"/>
	<testcase classname="create_formatted_resistance_string_tests.CreateFormattedResistanceStringTests" name="testCreateFormattedResistanceStringFourBandRedOrangeOrangeSilver" time="0.000" timestamp="2018-10-19T20:33:00"/>
	<testcase classname="create_formatted_resistance_string_tests.CreateFormattedResistanceStringTests" name="testCreateFormattedResistanceStringFourBandRedOrangeOrangeViolet" time="0.000" timestamp="2018-10-19T20:33:00"/>
	<testcase classname="create_formatted_resistance_string_tests.CreateFormattedResistanceStringTests" name="testCreateFormattedResistanceStringFourBandRedOrangeRedBlue" time="0.000" timestamp="2018-10-19T20:33:00"/>
	<testcase classname="create_formatted_resistance_string_tests.CreateFormattedResistanceStringTests" name="testCreateFormattedResistanceStringFourBandRedOrangeRedBrown" time="0.000" timestamp="2018-10-19T20:33:00"/>
	<testcase classname="create_formatted_resistance_string_tests.CreateFormattedResistanceStringTests" name="testCreateFormattedResistanceStringFourBandRedOrangeRedGold" time="0.000" timestamp="2018-10-19T20:33:00"/>
	<testcase classname="create_formatted_resistance_string_tests.CreateFormattedResistanceStringTests" name="testCreateFormattedResistanceStringFourBandRedOrangeRedGreen" time="0.000" timestamp="2018-10-19T20:33:00"/>
	<testcase classname="create_formatted_resistance_string_tests.CreateFormattedResistanceStringTests" name="testCreateFormattedResistanceStringFourBandRedOrangeRedGrey" time="0.000" timestamp="2018-10-19T20:33:00"/>
	<testcase classname="create_formatted_resistance_string_tests.CreateFormattedResistanceStringTests" name="testCreateFormattedResistanceStringFourBandRedOrangeRedNone" time="0.000" timestamp="2018-10-19T20:33:00"/>
	<testcase classname="create_formatted_resistance_string_tests.CreateFormattedResistanceStringTests" name="testCreateFormattedResistanceStringFourBandRedOrangeRedRed" time="0.000" timestamp="2018-10-19T20:33:00"/>
	<testcase classname="create_formatted_resistance_string_tests.CreateFormattedResistanceStringTests" name="testCreateFormattedResistanceStringFourBandRedOrangeRedSilver" time="0.000" timestamp="2018-10-19T20:33:00"/>
	<testcase classname="create_formatted_resistance_string_tests.CreateFormattedResistanceStringTests" name="testCreateFormattedResistanceStringFourBandRedOrangeRedViolet" time="0.000" timestamp="2018-10-19T20:33:00"/>
	<testcase classname="create_formatted_resistance_string_tests.CreateFormattedResistanceStringTests" name="testCreateFormattedResistanceStringFourBandRedOrangeSilverBlue" time="0.000" timestamp="2018-10-19T20:33:00"/>
	<testcase classname="create_formatted_resistance_string_tests.CreateFormattedResistanceStringTests" name="testCreateFormattedResistanceStringFourBandRedOrangeSilverBrown" time="0.000" timestamp="2018-10-19T20:33:00"/>
	<testcase classname="create_formatted_resistance_string_tests.CreateFormattedResistanceStringTests" name="testCreateFormattedResistanceStringFourBandRedOrangeSilverGold" time="0.000" timestamp="2018-10-19T20:33:00"/>
	<testcase classname="create_formatted_resistance_string_tests.CreateFormattedResistanceStringTests" name="testCreateFormattedResistanceStringFourBandRedOrangeSilverGreen" time="0.000" timestamp="2018-10-19T20:33:00"/>
	<testcase classname="create_formatted_resistance_string_tests.CreateFormattedResistanceStringTests" name="testCreateFormattedResistanceStringFourBandRedOrangeSilverGrey" time="0.000" timestamp="2018-10-19T20:33:00"/>
	<testcase classname="create_formatted_resistance_string_tests.CreateFormattedResistanceStringTests" name="testCreateFormattedResistanceStringFourBandRedOrangeSilverNone" time="0.000" timestamp="2018-10-19T20:33:00"/>
	<testcase classname="create_formatted_resistance_string_tests.CreateFormattedResistanceStringTests" name="testCreateFormattedResistanceStringFourBandRedOrangeSilverRed" time="0.000" timestamp="2018-10-19T20:33:00"/>
	<testcase classname="create_formatted_resistance_string_tests.CreateFormattedResistanceStringTests" name="testCreateFormattedResistanceStringFourBandRedOrangeSilverSilver" time="0.000" timestamp="2018-10-19T20:33:00"/>
	<testcase classname="create_formatted_resistance_string_tests.CreateFormattedResistanceStringTests" name="testCreateFormattedResistanceStringFourBandRedOrangeSilverViolet" time="0.000" timestamp="2018-10-19T20:33:00"/>
	<testcase classname="create_formatted_resistance_string_tests.CreateFormattedResistanceStringTests" name="testCreateFormattedResistanceStringFourBandRedOrangeVioletBlue" time="0.000" timestamp="2018-10-19T20:33:00"/>
	<testcase classname="create_formatted_resistance_string_tests.CreateFormattedResistanceStringTests" name="testCreateFormattedResistanceStringFourBandRedOrangeVioletBrown" time="0.000" timestamp="2018-10-19T20:33:00"/>
	<testcase classname="create_formatted_resistance_string_tests.CreateFormattedResistanceStringTests" name="testCreateFormattedResistanceStringFourBandRedOrangeVioletGold" time="0.000" timestamp="2018-10-19T20:33:00"/>
	<testcase classname="create_formatted_resistance_string_tests.CreateFormattedResistanceStringTests" name="testCreateFormattedResistanceStringFourBandRedOrangeVioletGreen" time="0.000" timestamp="2018-10-19T20:33:00"/>
	<testcase classname="create_formatted_resistance_string_tests.CreateFormattedResistanceStringTests" name="testCreateFormattedResistanceStringFourBandRedOrangeVioletGrey" time="0.000" timestamp="2018-10-19T20:33:00"/>
	<testcase classname="create_formatted_resistance_string_tests.CreateFormattedResistanceStringTests" name="testCreateFormattedResistanceStringFourBandRedOrangeVioletNone" time="0.000" timestamp="2018-10-19T20:33:00"/>
	<testcase classname="create_formatted_resistance_string_tests.CreateFormattedResistanceStringTests" name="testCreateFormattedResistanceStringFourBandRedOrangeVioletRed" time="0.000" timestamp="2018-10-19T20:33:00"/>
	<testcase classname="create_formatted_resistance_string_tests.CreateFormattedResistanceStringTests" name="testCreateFormattedResistanceStringFourBandRedOrangeVioletSilver" time="0.000" timestamp="2018-10-19T20:33:00"/>
	<testcase classname="create_formatted_resistance_string_tests.CreateFormattedResistanceStringTests" name="testCreateFormattedResistanceStringFourBandRedOrangeVioletViolet" time="0.000" timestamp="2018-10-19T20:33:00"/>
	<testcase classname="create_formatted_resistance_string_tests.CreateFormattedResistanceStringTests" name="testCreateFormattedResistanceStringFourBandRedOrangeWhiteBlue" time="0.000" timestamp="2018-10-19T20:33:00"/>
	<testcase classname="create_formatted_resistance_string_tests.CreateFormattedResistanceStringTests" name="testCreateFormattedResistanceStringFourBandRedOrangeWhiteBrown" time="0.000" timestamp="2018-10-19T20:33:00"/>
	<testcase classname="create_formatted_resistance_string_tests.CreateFormattedResistanceStringTests" name="testCreateFormattedResistanceStringFourBandRedOrangeWhiteGold" time="0.000" timestamp="2018-10-19T20:33:00"/>
	<testcase classname="create_formatted_resistance_string_tests.CreateFormattedResistanceStringTests" name="testCreateFormattedResistanceStringFourBandRedOrangeWhiteGreen" time="0.000" timestamp="2018-10-19T20:33:00"/>
	<testcase classname="create_formatted_resistance_string_tests.CreateFormattedResistanceStringTests" name="testCreateFormattedResistanceStringFourBandRedOrangeWhiteGrey" time="0.000" timestamp="2018-10-19T20:33:00"/>
	<testcase classname="create_formatted_resistance_string_tests.CreateFormattedResistanceStringTests" name="testCreateFormattedResistanceStringFourBandRedOrangeWhiteNone" time="0.000" timestamp="2018-10-19T20:33:00"/>
	<testcase classname="create_formatted_resistance_string_tests.CreateFormattedResistanceStringTests" name="testCreateFormattedResistanceStringFourBandRedOrangeWhiteRed" time="0.000" timestamp="2018-10-19T20:33:00"/>
	<testcase classname="create_formatted_resistance_string_tests.CreateFormattedResistanceStringTests" name="testCreateFormattedResistanceStringFourBandRedOrangeWhiteSilver" time="0.000" timestamp="2018-10-19T20:33:00"/>
	<testcase classname="create_formatted_resistance_string_tests.CreateFormattedResistanceStringTests" name="testCreateFormattedResistanceStringFourBandRedOrangeWhiteViolet" time="0.000" timestamp="2018-10-19T20:33:00"/>
	<testcase classname="create_formatted_resistance_string_tests.CreateFormattedResistanceStringTests" name="testCreateFormattedResistanceStringFourBandRedOrangeYellowBlue" time="0.000" timestamp="2018-10-19T20:33:00"/>
	<testcase classname="create_formatted_resistance_string_tests.CreateFormattedResistanceStringTests" name="testCreateFormattedResistanceStringFourBandRedOrangeYellowBrown" time="0.000" timestamp="2018-10-19T20:33:00"/>
	<testcase classname="create_formatted_resistance_string_tests.CreateFormattedResistanceStringTests" name="testCreateFormattedResistanceStringFourBandRedOrangeYellowGold" time="0.000" timestamp="2018-10-19T20:33:00"/>
	<testcase classname="create_formatted_resistance_string_tests.CreateFormattedResistanceStringTests" name="testCreateFormattedResistanceStringFourBandRedOrangeYellowGreen" time="0.000" timestamp="2018-10-19T20:33:00"/>
	<testcase classname="create_formatted_resistance_string_tests.CreateFormattedResistanceStringTests" name="testCreateFormattedResistanceStringFourBandRedOrangeYellowGrey" time="0.000" timestamp="2018-10-19T20:33:00"/>
	<testcase classname="create_formatted_resistance_string_tests.CreateFormattedResistanceStringTests" name="testCreateFormattedResistanceStringFourBandRedOrangeYellowNone" time="0.000" timestamp="2018-10-19T20:33:00"/>
	<testcase classname="create_formatted_resistance_string_tests.CreateFormattedResistanceStringTests" name="testCreateFormattedResistanceStringFourBandRedOrangeYellowRed" time="0.000" timestamp="2018-10-19T20:33:00"/>
	<testcase classname="create_formatted_resistance_string_tests.CreateFormattedResistanceStringTests" name="testCreateFormattedResistanceStringFourBandRedOrangeYellowSilver" time="0.000" timestamp="2018-10-19T20:33:00"/>
	<testcase classname="create_formatted_resistance_string_tests.CreateFormattedResistanceStringTests" name="testCreateFormattedResistanceStringFourBandRedOrangeYellowViolet" time="0.000" timestamp="2018-10-19T20:33:00"/>
	<testcase classname="create_formatted_resistance_string_tests.CreateFormattedResistanceStringTests" name="testCreateFormattedResistanceStringFourBandRedRedBlackBlue" time="0.000" timestamp="2018-10-19T20:33:00"/>
	<testcase classname="create_formatted_resistance_string_tests.CreateFormattedResistanceStringTests" name="testCreateFormattedResistanceStringFourBandRedRedBlackBrown" time="0.000" timestamp="2018-10-19T20:33:00"/>
	<testcase classname="create_formatted_resistance_string_tests.CreateFormattedResistanceStringTests" name="testCreateFormattedResistanceStringFourBandRedRedBlackGold" time="0.000" timestamp="2018-10-19T20:33:00"/>
	<testcase classname="create_formatted_resistance_string_tests.CreateFormattedResistanceStringTests" name="testCreateFormattedResistanceStringFourBandRedRedBlackGreen" time="0.000" timestamp="2018-10-19T20:33:00"/>
	<testcase classname="create_formatted_resistance_string_tests.CreateFormattedResistanceStringTests" name="testCreateFormattedResistanceStringFourBandRedRedBlackGrey" time="0.000" timestamp="2018-10-19T20:33:00"/>
	<testcase classname="create_formatted_resistance_string_tests.CreateFormattedResistanceStringTests" name="testCreateFormattedResistanceStringFourBandRedRedBlackNone" time="0.000" timestamp="2018-10-19T20:33:00"/>
	<testcase classname="create_formatted_resistance_string_tests.CreateFormattedResistanceStringTests" name="testCreateFormattedResistanceStringFourBandRedRedBlackRed" time="0.000" timestamp="2018-10-19T20:33:00"/>
	<testcase classname="create_formatted_resistance_string_tests.CreateFormattedResistanceStringTests" name="testCreateFormattedResistanceStringFourBandRedRedBlackSilver" time="0.000" timestamp="2018-10-19T20:33:00"/>
	<testcase classname="create_formatted_resistance_string_tests.CreateFormattedResistanceStringTests" name="testCreateFormattedResistanceStringFourBandRedRedBlackViolet" time="0.000" timestamp="2018-10-19T20:33:00"/>
	<testcase classname="create_formatted_resistance_string_tests.CreateFormattedResistanceStringTests" name="testCreateFormattedResistanceStringFourBandRedRedBlueBlue" time="0.000" timestamp="2018-10-19T20:33:00"/>
	<testcase classname="create_formatted_resistance_string_tests.CreateFormattedResistanceStringTests" name="testCreateFormattedResistanceStringFourBandRedRedBlueBrown" time="0.000" timestamp="2018-10-19T20:33:00"/>
	<testcase classname="create_formatted_resistance_string_tests.CreateFormattedResistanceStringTests" name="testCreateFormattedResistanceStringFourBandRedRedBlueGold" time="0.000" timestamp="2018-10-19T20:33:00"/>
	<testcase classname="create_formatted_resistance_string_tests.CreateFormattedResistanceStringTests" name="testCreateFormattedResistanceStringFourBandRedRedBlueGreen" time="0.000" timestamp="2018-10-19T20:33:00"/>
	<testcase classname="create_formatted_resistance_string_tests.CreateFormattedResistanceStringTests" name="testCreateFormattedResistanceStringFourBandRedRedBlueGrey" time="0.000" timestamp="2018-10-19T20:33:00"/>
	<testcase classname="create_formatted_resistance_string_tests.CreateFormattedResistanceStringTests" name="testCreateFormattedResistanceStringFourBandRedRedBlueNone" time="0.000" timestamp="2018-10-19T20:33:00"/>
	<testcase classname="create_formatted_resistance_string_tests.CreateFormattedResistanceStringTests" name="testCreateFormattedResistanceStringFourBandRedRedBlueRed" time="0.000" timestamp="2018-10-19T20:33:00"/>
	<testcase classname="create_formatted_resistance_string_tests.CreateFormattedResistanceStringTests" name="testCreateFormattedResistanceStringFourBandRedRedBlueSilver" time="0.000" timestamp="2018-10-19T20:33:00"/>
	<testcase classname="create_formatted_resistance_string_tests.CreateFormattedResistanceStringTests" name="testCreateFormattedResistanceStringFourBandRedRedBlueViolet" time="0.000" timestamp="2018-10-19T20:33:00"/>
	<testcase classname="create_formatted_resistance_string_tests.CreateFormattedResistanceStringTests" name="testCreateFormattedResistanceStringFourBandRedRedBrownBlue" time="0.000" timestamp="2018-10-19T20:33:00"/>
	<testcase classname="create_formatted_resistance_string_tests.CreateFormattedResistanceStringTests" name="testCreateFormattedResistanceStringFourBandRedRedBrownBrown" time="0.000" timestamp="2018-10-19T20:33:00"/>
	<testcase classname="create_formatted_resistance_string_tests.CreateFormattedResistanceStringTests" name="testCreateFormattedResistanceStringFourBandRedRedBrownGold" time="0.000" timestamp="2018-10-19T20:33:00"/>
	<testcase classname="create_formatted_resistance_string_tests.CreateFormattedResistanceStringTests" name="testCreateFormattedResistanceStringFourBandRedRedBrownGreen" time="0.000" timestamp="2018-10-19T20:33:00"/>
	<testcase classname="create_formatted_resistance_string_tests.CreateFormattedResistanceStringTests" name="testCreateFormattedResistanceStringFourBandRedRedBrownGrey" time="0.000" timestamp="2018-10-19T20:33:00"/>
	<testcase classname="create_formatted_resistance_string_tests.CreateFormattedResistanceStringTests" name="testCreateFormattedResistanceStringFourBandRedRedBrownNone" time="0.000" timestamp="2018-10-19T20:33:00"/>
	<testcase classname="create_formatted_resistance_string_tests.CreateFormattedResistanceStringTests" name="testCreateFormattedResistanceStringFourBandRedRedBrownRed" time="0.000" timestamp="2018-10-19T20:33:00"/>
	<testcase classname="create_formatted_resistance_string_tests.CreateFormattedResistanceStringTests" name="testCreateFormattedResistanceStringFourBandRedRedBrownSilver" time="0.000" timestamp="2018-10-19T20:33:00"/>
	<testcase classname="create_formatted_resistance_string_tests.CreateFormattedResistanceStringTests" name="testCreateFormattedResistanceStringFourBandRedRedBrownViolet" time="0.000" timestamp="2018-10-19T20:33:00"/>
	<testcase classname="create_formatted_resistance_string_tests.CreateFormattedResistanceStringTests" name="testCreateFormattedResistanceStringFourBandRedRedGoldBlue" time="0.000" timestamp="2018-10-19T20:33:00"/>
	<testcase classname="create_formatted_resistance_string_tests.CreateFormattedResistanceStringTests" name="testCreateFormattedResistanceStringFourBandRedRedGoldBrown" time="0.000" timestamp="2018-10-19T20:33:00"/>
	<testcase classname="create_formatted_resistance_string_tests.CreateFormattedResistanceStringTests" name="testCreateFormattedResistanceStringFourBandRedRedGoldGold" time="0.000" timestamp="2018-10-19T20:33:00"/>
	<testcase classname="create_formatted_resistance_string_tests.CreateFormattedResistanceStringTests" name="testCreateFormattedResistanceStringFourBandRedRedGoldGreen" time="0.000" timestamp="2018-10-19T20:33:00"/>
	<testcase classname="create_formatted_resistance_string_tests.CreateFormattedResistanceStringTests" name="testCreateFormattedResistanceStringFourBandRedRedGoldGrey" time="0.000" timestamp="2018-10-19T20:33:00"/>
	<testcase classname="create_formatted_resistance_string_tests.CreateFormattedResistanceStringTests" name="testCreateFormattedResistanceStringFourBandRedRedGoldNone" time="0.000" timestamp="2018-10-19T20:33:00"/>
	<testcase classname="create_formatted_resistance_string_tests.CreateFormattedResistanceStringTests" name="testCreateFormattedResistanceStringFourBandRedRedGoldRed" time="0.000" timestamp="2018-10-19T20:33:00"/>
	<testcase classname="create_formatted_resistance_string_tests.CreateFormattedResistanceStringTests" name="testCreateFormattedResistanceStringFourBandRedRedGoldSilver" time="0.000" timestamp="2018-10-19T20:33:00"/>
	<testcase classname="create_formatted_resistance_string_tests.CreateFormattedResistanceStringTests" name="testCreateFormattedResistanceStringFourBandRedRedGoldViolet" time="0.000" timestamp="2018-10-19T20:33:00"/>
	<testcase classname="create_formatted_resistance_string_tests.CreateFormattedResistanceStringTests" name="testCreateFormattedResistanceStringFourBandRedRedGreenBlue" time="0.001" timestamp="2018-10-19T20:33:00"/>
	<testcase classname="create_formatted_resistance_string_tests.CreateFormattedResistanceStringTests" name="testCreateFormattedResistanceStringFourBandRedRedGreenBrown" time="0.000" timestamp="2018-10-19T20:33:00"/>
	<testcase classname="create_formatted_resistance_string_tests.CreateFormattedResistanceStringTests" name="testCreateFormattedResistanceStringFourBandRedRedGreenGold" time="0.000" timestamp="2018-10-19T20:33:00"/>
	<testcase classname="create_formatted_resistance_string_tests.CreateFormattedResistanceStringTests" name="testCreateFormattedResistanceStringFourBandRedRedGreenGreen" time="0.000" timestamp="2018-10-19T20:33:00"/>
	<testcase classname="create_formatted_resistance_string_tests.CreateFormattedResistanceStringTests" name="testCreateFormattedResistanceStringFourBandRedRedGreenGrey" time="0.000" timestamp="2018-10-19T20:33:00"/>
	<testcase classname="create_formatted_resistance_string_tests.CreateFormattedResistanceStringTests" name="testCreateFormattedResistanceStringFourBandRedRedGreenNone" time="0.000" timestamp="2018-10-19T20:33:00"/>
	<testcase classname="create_formatted_resistance_string_tests.CreateFormattedResistanceStringTests" name="testCreateFormattedResistanceStringFourBandRedRedGreenRed" time="0.000" timestamp="2018-10-19T20:33:00"/>
	<testcase classname="create_formatted_resistance_string_tests.CreateFormattedResistanceStringTests" name="testCreateFormattedResistanceStringFourBandRedRedGreenSilver" time="0.000" timestamp="2018-10-19T20:33:00"/>
	<testcase classname="create_formatted_resistance_string_tests.CreateFormattedResistanceStringTests" name="testCreateFormattedResistanceStringFourBandRedRedGreenViolet" time="0.000" timestamp="2018-10-19T20:33:00"/>
	<testcase classname="create_formatted_resistance_string_tests.CreateFormattedResistanceStringTests" name="testCreateFormattedResistanceStringFourBandRedRedGreyBlue" time="0.000" timestamp="2018-10-19T20:33:00"/>
	<testcase classname="create_formatted_resistance_string_tests.CreateFormattedResistanceStringTests" name="testCreateFormattedResistanceStringFourBandRedRedGreyBrown" time="0.000" timestamp="2018-10-19T20:33:00"/>
	<testcase classname="create_formatted_resistance_string_tests.CreateFormattedResistanceStringTests" name="testCreateFormattedResistanceStringFourBandRedRedGreyGold" time="0.000" timestamp="2018-10-19T20:33:00"/>
	<testcase classname="create_formatted_resistance_string_tests.CreateFormattedResistanceStringTests" name="testCreateFormattedResistanceStringFourBandRedRedGreyGreen" time="0.000" timestamp="2018-10-19T20:33:00"/>
	<testcase classname="create_formatted_resistance_string_tests.CreateFormattedResistanceStringTests" name="testCreateFormattedResistanceStringFourBandRedRedGreyGrey" time="0.000" timestamp="2018-10-19T20:33:00"/>
	<testcase classname="create_formatted_resistance_string_tests.CreateFormattedResistanceStringTests" name="testCreateFormattedResistanceStringFourBandRedRedGreyNone" time="0.000" timestamp="2018-10-19T20:33:00"/>
	<testcase classname="create_formatted_resistance_string_tests.CreateFormattedResistanceStringTests" name="testCreateFormattedResistanceStringFourBandRedRedGreyRed" time="0.000" timestamp="2018-10-19T20:33:00"/>
	<testcase classname="create_formatted_resistance_string_tests.CreateFormattedResistanceStringTests" name="testCreateFormattedResistanceStringFourBandRedRedGreySilver" time="0.000" timestamp="2018-10-19T20:33:00"/>
	<testcase classname="create_formatted_resistance_string_tests.CreateFormattedResistanceStringTests" name="testCreateFormattedResistanceStringFourBandRedRedGreyViolet" time="0.000" timestamp="2018-10-19T20:33:00"/>
	<testcase classname="create_formatted_resistance_string_tests.CreateFormattedResistanceStringTests" name="testCreateFormattedResistanceStringFourBandRedRedOrangeBlue" time="0.000" timestamp="2018-10-19T20:33:00"/>
	<testcase classname="create_formatted_resistance_string_tests.CreateFormattedResistanceStringTests" name="testCreateFormattedResistanceStringFourBandRedRedOrangeBrown" time="0.000" timestamp="2018-10-19T20:33:00"/>
	<testcase classname="create_formatted_resistance_string_tests.CreateFormattedResistanceStringTests" name="testCreateFormattedResistanceStringFourBandRedRedOrangeGold" time="0.000" timestamp="2018-10-19T20:33:00"/>
	<testcase classname="create_formatted_resistance_string_tests.CreateFormattedResistanceStringTests" name="testCreateFormattedResistanceStringFourBandRedRedOrangeGreen" time="0.000" timestamp="2018-10-19T20:33:00"/>
	<testcase classname="create_formatted_resistance_string_tests.CreateFormattedResistanceStringTests" name="testCreateFormattedResistanceStringFourBandRedRedOrangeGrey" time="0.000" timestamp="2018-10-19T20:33:00"/>
	<testcase classname="create_formatted_resistance_string_tests.CreateFormattedResistanceStringTests" name="testCreateFormattedResistanceStringFourBandRedRedOrangeNone" time="0.000" timestamp="2018-10-19T20:33:00"/>
	<testcase classname="create_formatted_resistance_string_tests.CreateFormattedResistanceStringTests" name="testCreateFormattedResistanceStringFourBandRedRedOrangeRed" time="0.000" timestamp="2018-10-19T20:33:00"/>
	<testcase classname="create_formatted_resistance_string_tests.CreateFormattedResistanceStringTests" name="testCreateFormattedResistanceStringFourBandRedRedOrangeSilver" time="0.000" timestamp="2018-10-19T20:33:00"/>
	<testcase classname="create_formatted_resistance_string_tests.CreateFormattedResistanceStringTests" name="testCreateFormattedResistanceStringFourBandRedRedOrangeViolet" time="0.000" timestamp="2018-10-19T20:33:00"/>
	<testcase classname="create_formatted_resistance_string_tests.CreateFormattedResistanceStringTests" name="testCreateFormattedResistanceStringFourBandRedRedRedBlue" time="0.000" timestamp="2018-10-19T20:33:00"/>
	<testcase classname="create_formatted_resistance_string_tests.CreateFormattedResistanceStringTests" name="testCreateFormattedResistanceStringFourBandRedRedRedBrown" time="0.000" timestamp="2018-10-19T20:33:00"/>
	<testcase classname="create_formatted_resistance_string_tests.CreateFormattedResistanceStringTests" name="testCreateFormattedResistanceStringFourBandRedRedRedGold" time="0.000" timestamp="2018-10-19T20:33:00"/>
	<testcase classname="create_formatted_resistance_string_tests.CreateFormattedResistanceStringTests" name="testCreateFormattedResistanceStringFourBandRedRedRedGreen" time="0.000" timestamp="2018-10-19T20:33:00"/>
	<testcase classname="create_formatted_resistance_string_tests.CreateFormattedResistanceStringTests" name="testCreateFormattedResistanceStringFourBandRedRedRedGrey" time="0.000" timestamp="2018-10-19T20:33:00"/>
	<testcase classname="create_formatted_resistance_string_tests.CreateFormattedResistanceStringTests" name="testCreateFormattedResistanceStringFourBandRedRedRedNone" time="0.000" timestamp="2018-10-19T20:33:00"/>
	<testcase classname="create_formatted_resistance_string_tests.CreateFormattedResistanceStringTests" name="testCreateFormattedResistanceStringFourBandRedRedRedRed" time="0.000" timestamp="2018-10-19T20:33:00"/>
	<testcase classname="create_formatted_resistance_string_tests.CreateFormattedResistanceStringTests" name="testCreateFormattedResistanceStringFourBandRedRedRedSilver" time="0.000" timestamp="2018-10-19T20:33:00"/>
	<testcase classname="create_formatted_resistance_string_tests.CreateFormattedResistanceStringTests" name="testCreateFormattedResistanceStringFourBandRedRedRedViolet" time="0.000" timestamp="2018-10-19T20:33:00"/>
	<testcase classname="create_formatted_resistance_string_tests.CreateFormattedResistanceStringTests" name="testCreateFormattedResistanceStringFourBandRedRedSilverBlue" time="0.000" timestamp="2018-10-19T20:33:00"/>
	<testcase classname="create_formatted_resistance_string_tests.CreateFormattedResistanceStringTests" name="testCreateFormattedResistanceStringFourBandRedRedSilverBrown" time="0.000" timestamp="2018-10-19T20:33:00"/>
	<testcase classname="create_formatted_resistance_string_tests.CreateFormattedResistanceStringTests" name="testCreateFormattedResistanceStringFourBandRedRedSilverGold" time="0.000" timestamp="2018-10-19T20:33:00"/>
	<testcase classname="create_formatted_resistance_string_tests.CreateFormattedResistanceStringTests" name="testCreateFormattedResistanceStringFourBandRedRedSilverGreen" time="0.000" timestamp="2018-10-19T20:33:00"/>
	<testcase classname="create_formatted_resistance_string_tests.CreateFormattedResistanceStringTests" name="testCreateFormattedResistanceStringFourBandRedRedSilverGrey" time="0.000" timestamp="2018-10-19T20:33:00"/>
	<testcase classname="create_formatted_resistance_string_tests.CreateFormattedResistanceStringTests" name="testCreateFormattedResistanceStringFourBandRedRedSilverNone" time="0.000" timestamp="2018-10-19T20:33:00"/>
	<testcase classname="create_formatted_resistance_string_tests.CreateFormattedResistanceStringTests" name="testCreateFormattedResistanceStringFourBandRedRedSilverRed" time="0.000" timestamp="2018-10-19T20:33:00"/>
	<testcase classname="create_formatted_resistance_string_tests.CreateFormattedResistanceStringTests" name="testCreateFormattedResistanceStringFourBandRedRedSilverSilver" time="0.000" timestamp="2018-10-19T20:33:00"/>
	<testcase classname="create_formatted_resistance_string_tests.CreateFormattedResistanceStringTests" name="testCreateFormattedResistanceStringFourBandRedRedSilverViolet" time="0.000" timestamp="2018-10-19T20:33:00"/>
	<testcase classname="create_formatted_resistance_string_tests.CreateFormattedResistanceStringTests" name="testCreateFormattedResistanceStringFourBandRedRedVioletBlue" time="0.000" timestamp="2018-10-19T20:33:00"/>
	<testcase classname="create_formatted_resistance_string_tests.CreateFormattedResistanceStringTests" name="testCreateFormattedResistanceStringFourBandRedRedVioletBrown" time="0.000" timestamp="2018-10-19T20:33:00"/>
	<testcase classname="create_formatted_resistance_string_tests.CreateFormattedResistanceStringTests" name="testCreateFormattedResistanceStringFourBandRedRedVioletGold" time="0.000" timestamp="2018-10-19T20:33:00"/>
	<testcase classname="create_formatted_resistance_string_tests.CreateFormattedResistanceStringTests" name="testCreateFormattedResistanceStringFourBandRedRedVioletGreen" time="0.000" timestamp="2018-10-19T20:33:00"/>
	<testcase classname="create_formatted_resistance_string_tests.CreateFormattedResistanceStringTests" name="testCreateFormattedResistanceStringFourBandRedRedVioletGrey" time="0.000" timestamp="2018-10-19T20:33:00"/>
	<testcase classname="create_formatted_resistance_string_tests.CreateFormattedResistanceStringTests" name="testCreateFormattedResistanceStringFourBandRedRedVioletNone" time="0.000" timestamp="2018-10-19T20:33:00"/>
	<testcase classname="create_formatted_resistance_string_tests.CreateFormattedResistanceStringTests" name="testCreateFormattedResistanceStringFourBandRedRedVioletRed" time="0.000" timestamp="2018-10-19T20:33:00"/>
	<testcase classname="create_formatted_resistance_string_tests.CreateFormattedResistanceStringTests" name="testCreateFormattedResistanceStringFourBandRedRedVioletSilver" time="0.000" timestamp="2018-10-19T20:33:00"/>
	<testcase classname="create_formatted_resistance_string_tests.CreateFormattedResistanceStringTests" name="testCreateFormattedResistanceStringFourBandRedRedVioletViolet" time="0.000" timestamp="2018-10-19T20:33:00"/>
	<testcase classname="create_formatted_resistance_string_tests.CreateFormattedResistanceStringTests" name="testCreateFormattedResistanceStringFourBandRedRedWhiteBlue" time="0.000" timestamp="2018-10-19T20:33:00"/>
	<testcase classname="create_formatted_resistance_string_tests.CreateFormattedResistanceStringTests" name="testCreateFormattedResistanceStringFourBandRedRedWhiteBrown" time="0.000" timestamp="2018-10-19T20:33:00"/>
	<testcase classname="create_formatted_resistance_string_tests.CreateFormattedResistanceStringTests" name="testCreateFormattedResistanceStringFourBandRedRedWhiteGold" time="0.000" timestamp="2018-10-19T20:33:00"/>
	<testcase classname="create_formatted_resistance_string_tests.CreateFormattedResistanceStringTests" name="testCreateFormattedResistanceStringFourBandRedRedWhiteGreen" time="0.000" timestamp="2018-10-19T20:33:00"/>
	<testcase classname="create_formatted_resistance_string_tests.CreateFormattedResistanceStringTests" name="testCreateFormattedResistanceStringFourBandRedRedWhiteGrey" time="0.000" timestamp="2018-10-19T20:33:00"/>
	<testcase classname="create_formatted_resistance_string_tests.CreateFormattedResistanceStringTests" name="testCreateFormattedResistanceStringFourBandRedRedWhiteNone" time="0.000" timestamp="2018-10-19T20:33:00"/>
	<testcase classname="create_formatted_resistance_string_tests.CreateFormattedResistanceStringTests" name="testCreateFormattedResistanceStringFourBandRedRedWhiteRed" time="0.000" timestamp="2018-10-19T20:33:00"/>
	<testcase classname="create_formatted_resistance_string_tests.CreateFormattedResistanceStringTests" name="testCreateFormattedResistanceStringFourBandRedRedWhiteSilver" time="0.000" timestamp="2018-10-19T20:33:00"/>
	<testcase classname="create_formatted_resistance_string_tests.CreateFormattedResistanceStringTests" name="testCreateFormattedResistanceStringFourBandRedRedWhiteViolet" time="0.000" timestamp="2018-10-19T20:33:00"/>
	<testcase classname="create_formatted_resistance_string_tests.CreateFormattedResistanceStringTests" name="testCreateFormattedResistanceStringFourBandRedRedYellowBlue" time="0.000" timestamp="2018-10-19T20:33:00"/>
	<testcase classname="create_formatted_resistance_string_tests.CreateFormattedResistanceStringTests" name="testCreateFormattedResistanceStringFourBandRedRedYellowBrown" time="0.000" timestamp="2018-10-19T20:33:00"/>
	<testcase classname="create_formatted_resistance_string_tests.CreateFormattedResistanceStringTests" name="testCreateFormattedResistanceStringFourBandRedRedYellowGold" time="0.000" timestamp="2018-10-19T20:33:00"/>
	<testcase classname="create_formatted_resistance_string_tests.CreateFormattedResistanceStringTests" name="testCreateFormattedResistanceStringFourBandRedRedYellowGreen" time="0.000" timestamp="2018-10-19T20:33:00"/>
	<testcase classname="create_formatted_resistance_string_tests.CreateFormattedResistanceStringTests" name="testCreateFormattedResistanceStringFourBandRedRedYellowGrey" time="0.000" timestamp="2018-10-19T20:33:00"/>
	<testcase classname="create_formatted_resistance_string_tests.CreateFormattedResistanceStringTests" name="testCreateFormattedResistanceStringFourBandRedRedYellowNone" time="0.000" timestamp="2018-10-19T20:33:00"/>
	<testcase classname="create_formatted_resistance_string_tests.CreateFormattedResistanceStringTests" name="testCreateFormattedResistanceStringFourBandRedRedYellowRed" time="0.000" timestamp="2018-10-19T20:33:00"/>
	<testcase classname="create_formatted_resistance_string_tests.CreateFormattedResistanceStringTests" name="testCreateFormattedResistanceStringFourBandRedRedYellowSilver" time="0.000" timestamp="2018-10-19T20:33:00"/>
	<testcase classname="create_formatted_resistance_string_tests.CreateFormattedResistanceStringTests" name="testCreateFormattedResistanceStringFourBandRedRedYellowViolet" time="0.000" timestamp="2018-10-19T20:33:00"/>
	<testcase classname="create_formatted_resistance_string_tests.CreateFormattedResistanceStringTests" name="testCreateFormattedResistanceStringFourBandRedVioletBlackBlue" time="0.000" timestamp="2018-10-19T20:33:00"/>
	<testcase classname="create_formatted_resistance_string_tests.CreateFormattedResistanceStringTests" name="testCreateFormattedResistanceStringFourBandRedVioletBlackBrown" time="0.000" timestamp="2018-10-19T20:33:00"/>
	<testcase classname="create_formatted_resistance_string_tests.CreateFormattedResistanceStringTests" name="testCreateFormattedResistanceStringFourBandRedVioletBlackGold" time="0.000" timestamp="2018-10-19T20:33:00"/>
	<testcase classname="create_formatted_resistance_string_tests.CreateFormattedResistanceStringTests" name="testCreateFormattedResistanceStringFourBandRedVioletBlackGreen" time="0.000" timestamp="2018-10-19T20:33:00"/>
	<testcase classname="create_formatted_resistance_string_tests.CreateFormattedResistanceStringTests" name="testCreateFormattedResistanceStringFourBandRedVioletBlackGrey" time="0.000" timestamp="2018-10-19T20:33:00"/>
	<testcase classname="create_formatted_resistance_string_tests.CreateFormattedResistanceStringTests" name="testCreateFormattedResistanceStringFourBandRedVioletBlackNone" time="0.000" timestamp="2018-10-19T20:33:00"/>
	<testcase classname="create_formatted_resistance_string_tests.CreateFormattedResistanceStringTests" name="testCreateFormattedResistanceStringFourBandRedVioletBlackRed" time="0.000" timestamp="2018-10-19T20:33:00"/>
	<testcase classname="create_formatted_resistance_string_tests.CreateFormattedResistanceStringTests" name="testCreateFormattedResistanceStringFourBandRedVioletBlackSilver" time="0.000" timestamp="2018-10-19T20:33:00"/>
	<testcase classname="create_formatted_resistance_string_tests.CreateFormattedResistanceStringTests" name="testCreateFormattedResistanceStringFourBandRedVioletBlackViolet" time="0.000" timestamp="2018-10-19T20:33:00"/>
	<testcase classname="create_formatted_resistance_string_tests.CreateFormattedResistanceStringTests" name="testCreateFormattedResistanceStringFourBandRedVioletBlueBlue" time="0.000" timestamp="2018-10-19T20:33:00"/>
	<testcase classname="create_formatted_resistance_string_tests.CreateFormattedResistanceStringTests" name="testCreateFormattedResistanceStringFourBandRedVioletBlueBrown" time="0.000" timestamp="2018-10-19T20:33:00"/>
	<testcase classname="create_formatted_resistance_string_tests.CreateFormattedResistanceStringTests" name="testCreateFormattedResistanceStringFourBandRedVioletBlueGold" time="0.000" timestamp="2018-10-19T20:33:00"/>
	<testcase classname="create_formatted_resistance_string_tests.CreateFormattedResistanceStringTests" name="testCreateFormattedResistanceStringFourBandRedVioletBlueGreen" time="0.000" timestamp="2018-10-19T20:33:00"/>
	<testcase classname="create_formatted_resistance_string_tests.CreateFormattedResistanceStringTests" name="testCreateFormattedResistanceStringFourBandRedVioletBlueGrey" time="0.000" timestamp="2018-10-19T20:33:00"/>
	<testcase classname="create_formatted_resistance_string_tests.CreateFormattedResistanceStringTests" name="testCreateFormattedResistanceStringFourBandRedVioletBlueNone" time="0.000" timestamp="2018-10-19T20:33:00"/>
	<testcase classname="create_formatted_resistance_string_tests.CreateFormattedResistanceStringTests" name="testCreateFormattedResistanceStringFourBandRedVioletBlueRed" time="0.000" timestamp="2018-10-19T20:33:00"/>
	<testcase classname="create_formatted_resistance_string_tests.CreateFormattedResistanceStringTests" name="testCreateFormattedResistanceStringFourBandRedVioletBlueSilver" time="0.000" timestamp="2018-10-19T20:33:00"/>
	<testcase classname="create_formatted_resistance_string_tests.CreateFormattedResistanceStringTests" name="testCreateFormattedResistanceStringFourBandRedVioletBlueViolet" time="0.000" timestamp="2018-10-19T20:33:00"/>
	<testcase classname="create_formatted_resistance_string_tests.CreateFormattedResistanceStringTests" name="testCreateFormattedResistanceStringFourBandRedVioletBrownBlue" time="0.000" timestamp="2018-10-19T20:33:00"/>
	<testcase classname="create_formatted_resistance_string_tests.CreateFormattedResistanceStringTests" name="testCreateFormattedResistanceStringFourBandRedVioletBrownBrown" time="0.000" timestamp="2018-10-19T20:33:00"/>
	<testcase classname="create_formatted_resistance_string_tests.CreateFormattedResistanceStringTests" name="testCreateFormattedResistanceStringFourBandRedVioletBrownGold" time="0.000" timestamp="2018-10-19T20:33:00"/>
	<testcase classname="create_formatted_resistance_string_tests.CreateFormattedResistanceStringTests" name="testCreateFormattedResistanceStringFourBandRedVioletBrownGreen" time="0.000" timestamp="2018-10-19T20:33:00"/>
	<testcase classname="create_formatted_resistance_string_tests.CreateFormattedResistanceStringTests" name="testCreateFormattedResistanceStringFourBandRedVioletBrownGrey" time="0.000" timestamp="2018-10-19T20:33:00"/>
	<testcase classname="create_formatted_resistance_string_tests.CreateFormattedResistanceStringTests" name="testCreateFormattedResistanceStringFourBandRedVioletBrownNone" time="0.000" timestamp="2018-10-19T20:33:00"/>
	<testcase classname="create_formatted_resistance_string_tests.CreateFormattedResistanceStringTests" name="testCreateFormattedResistanceStringFourBandRedVioletBrownRed" time="0.000" timestamp="2018-10-19T20:33:00"/>
	<testcase classname="create_formatted_resistance_string_tests.CreateFormattedResistanceStringTests" name="testCreateFormattedResistanceStringFourBandRedVioletBrownSilver" time="0.000" timestamp="2018-10-19T20:33:00"/>
	<testcase classname="create_formatted_resistance_string_tests.CreateFormattedResistanceStringTests" name="testCreateFormattedResistanceStringFourBandRedVioletBrownViolet" time="0.000" timestamp="2018-10-19T20:33:00"/>
	<testcase classname="create_formatted_resistance_string_tests.CreateFormattedResistanceStringTests" name="testCreateFormattedResistanceStringFourBandRedVioletGoldBlue" time="0.000" timestamp="2018-10-19T20:33:00"/>
	<testcase classname="create_formatted_resistance_string_tests.CreateFormattedResistanceStringTests" name="testCreateFormattedResistanceStringFourBandRedVioletGoldBrown" time="0.000" timestamp="2018-10-19T20:33:00"/>
	<testcase classname="create_formatted_resistance_string_tests.CreateFormattedResistanceStringTests" name="testCreateFormattedResistanceStringFourBandRedVioletGoldGold" time="0.000" timestamp="2018-10-19T20:33:00"/>
	<testcase classname="create_formatted_resistance_string_tests.CreateFormattedResistanceStringTests" name="testCreateFormattedResistanceStringFourBandRedVioletGoldGreen" time="0.000" timestamp="2018-10-19T20:33:00"/>
	<testcase classname="create_formatted_resistance_string_tests.CreateFormattedResistanceStringTests" name="testCreateFormattedResistanceStringFourBandRedVioletGoldGrey" time="0.000" timestamp="2018-10-19T20:33:00"/>
	<testcase classname="create_formatted_resistance_string_tests.CreateFormattedResistanceStringTests" name="testCreateFormattedResistanceStringFourBandRedVioletGoldNone" time="0.000" timestamp="2018-10-19T20:33:00"/>
	<testcase classname="create_formatted_resistance_string_tests.CreateFormattedResistanceStringTests" name="testCreateFormattedResistanceStringFourBandRedVioletGoldRed" time="0.000" timestamp="2018-10-19T20:33:00"/>
	<testcase classname="create_formatted_resistance_string_tests.CreateFormattedResistanceStringTests" name="testCreateFormattedResistanceStringFourBandRedVioletGoldSilver" time="0.000" timestamp="2018-10-19T20:33:00"/>
	<testcase classname="create_formatted_resistance_string_tests.CreateFormattedResistanceStringTests" name="testCreateFormattedResistanceStringFourBandRedVioletGoldViolet" time="0.000" timestamp="2018-10-19T20:33:00"/>
	<testcase classname="create_formatted_resistance_string_tests.CreateFormattedResistanceStringTests" name="testCreateFormattedResistanceStringFourBandRedVioletGreenBlue" time="0.000" timestamp="2018-10-19T20:33:00"/>
	<testcase classname="create_formatted_resistance_string_tests.CreateFormattedResistanceStringTests" name="testCreateFormattedResistanceStringFourBandRedVioletGreenBrown" time="0.000" timestamp="2018-10-19T20:33:00"/>
	<testcase classname="create_formatted_resistance_string_tests.CreateFormattedResistanceStringTests" name="testCreateFormattedResistanceStringFourBandRedVioletGreenGold" time="0.000" timestamp="2018-10-19T20:33:00"/>
	<testcase classname="create_formatted_resistance_string_tests.CreateFormattedResistanceStringTests" name="testCreateFormattedResistanceStringFourBandRedVioletGreenGreen" time="0.000" timestamp="2018-10-19T20:33:00"/>
	<testcase classname="create_formatted_resistance_string_tests.CreateFormattedResistanceStringTests" name="testCreateFormattedResistanceStringFourBandRedVioletGreenGrey" time="0.000" timestamp="2018-10-19T20:33:00"/>
	<testcase classname="create_formatted_resistance_string_tests.CreateFormattedResistanceStringTests" name="testCreateFormattedResistanceStringFourBandRedVioletGreenNone" time="0.000" timestamp="2018-10-19T20:33:00"/>
	<testcase classname="create_formatted_resistance_string_tests.CreateFormattedResistanceStringTests" name="testCreateFormattedResistanceStringFourBandRedVioletGreenRed" time="0.000" timestamp="2018-10-19T20:33:00"/>
	<testcase classname="create_formatted_resistance_string_tests.CreateFormattedResistanceStringTests" name="testCreateFormattedResistanceStringFourBandRedVioletGreenSilver" time="0.000" timestamp="2018-10-19T20:33:00"/>
	<testcase classname="create_formatted_resistance_string_tests.CreateFormattedResistanceStringTests" name="testCreateFormattedResistanceStringFourBandRedVioletGreenViolet" time="0.000" timestamp="2018-10-19T20:33:00"/>
	<testcase classname="create_formatted_resistance_string_tests.CreateFormattedResistanceStringTests" name="testCreateFormattedResistanceStringFourBandRedVioletGreyBlue" time="0.000" timestamp="2018-10-19T20:33:00"/>
	<testcase classname="create_formatted_resistance_string_tests.CreateFormattedResistanceStringTests" name="testCreateFormattedResistanceStringFourBandRedVioletGreyBrown" time="0.000" timestamp="2018-10-19T20:33:00"/>
	<testcase classname="create_formatted_resistance_string_tests.CreateFormattedResistanceStringTests" name="testCreateFormattedResistanceStringFourBandRedVioletGreyGold" time="0.000" timestamp="2018-10-19T20:33:00"/>
	<testcase classname="create_formatted_resistance_string_tests.CreateFormattedResistanceStringTests" name="testCreateFormattedResistanceStringFourBandRedVioletGreyGreen" time="0.000" timestamp="2018-10-19T20:33:00"/>
	<testcase classname="create_formatted_resistance_string_tests.CreateFormattedResistanceStringTests" name="testCreateFormattedResistanceStringFourBandRedVioletGreyGrey" time="0.000" timestamp="2018-10-19T20:33:00"/>
	<testcase classname="create_formatted_resistance_string_tests.CreateFormattedResistanceStringTests" name="testCreateFormattedResistanceStringFourBandRedVioletGreyNone" time="0.000" timestamp="2018-10-19T20:33:00"/>
	<testcase classname="create_formatted_resistance_string_tests.CreateFormattedResistanceStringTests" name="testCreateFormattedResistanceStringFourBandRedVioletGreyRed" time="0.000" timestamp="2018-10-19T20:33:00"/>
	<testcase classname="create_formatted_resistance_string_tests.CreateFormattedResistanceStringTests" name="testCreateFormattedResistanceStringFourBandRedVioletGreySilver" time="0.000" timestamp="2018-10-19T20:33:00"/>
	<testcase classname="create_formatted_resistance_string_tests.CreateFormattedResistanceStringTests" name="testCreateFormattedResistanceStringFourBandRedVioletGreyViolet" time="0.000" timestamp="2018-10-19T20:33:00"/>
	<testcase classname="create_formatted_resistance_string_tests.CreateFormattedResistanceStringTests" name="testCreateFormattedResistanceStringFourBandRedVioletOrangeBlue" time="0.000" timestamp="2018-10-19T20:33:00"/>
	<testcase classname="create_formatted_resistance_string_tests.CreateFormattedResistanceStringTests" name="testCreateFormattedResistanceStringFourBandRedVioletOrangeBrown" time="0.000" timestamp="2018-10-19T20:33:00"/>
	<testcase classname="create_formatted_resistance_string_tests.CreateFormattedResistanceStringTests" name="testCreateFormattedResistanceStringFourBandRedVioletOrangeGold" time="0.000" timestamp="2018-10-19T20:33:00"/>
	<testcase classname="create_formatted_resistance_string_tests.CreateFormattedResistanceStringTests" name="testCreateFormattedResistanceStringFourBandRedVioletOrangeGreen" time="0.000" timestamp="2018-10-19T20:33:00"/>
	<testcase classname="create_formatted_resistance_string_tests.CreateFormattedResistanceStringTests" name="testCreateFormattedResistanceStringFourBandRedVioletOrangeGrey" time="0.000" timestamp="2018-10-19T20:33:00"/>
	<testcase classname="create_formatted_resistance_string_tests.CreateFormattedResistanceStringTests" name="testCreateFormattedResistanceStringFourBandRedVioletOrangeNone" time="0.000" timestamp="2018-10-19T20:33:00"/>
	<testcase classname="create_formatted_resistance_string_tests.CreateFormattedResistanceStringTests" name="testCreateFormattedResistanceStringFourBandRedVioletOrangeRed" time="0.000" timestamp="2018-10-19T20:33:00"/>
	<testcase classname="create_formatted_resistance_string_tests.CreateFormattedResistanceStringTests" name="testCreateFormattedResistanceStringFourBandRedVioletOrangeSilver" time="0.000" timestamp="2018-10-19T20:33:00"/>
	<testcase classname="create_formatted_resistance_string_tests.CreateFormattedResistanceStringTests" name="testCreateFormattedResistanceStringFourBandRedVioletOrangeViolet" time="0.000" timestamp="2018-10-19T20:33:00"/>
	<testcase classname="create_formatted_resistance_string_tests.CreateFormattedResistanceStringTests" name="testCreateFormattedResistanceStringFourBandRedVioletRedBlue" time="0.000" timestamp="2018-10-19T20:33:00"/>
	<testcase classname="create_formatted_resistance_string_tests.CreateFormattedResistanceStringTests" name="testCreateFormattedResistanceStringFourBandRedVioletRedBrown" time="0.000" timestamp="2018-10-19T20:33:00"/>
	<testcase classname="create_formatted_resistance_string_tests.CreateFormattedResistanceStringTests" name="testCreateFormattedResistanceStringFourBandRedVioletRedGold" time="0.000" timestamp="2018-10-19T20:33:00"/>
	<testcase classname="create_formatted_resistance_string_tests.CreateFormattedResistanceStringTests" name="testCreateFormattedResistanceStringFourBandRedVioletRedGreen" time="0.000" timestamp="2018-10-19T20:33:00"/>
	<testcase classname="create_formatted_resistance_string_tests.CreateFormattedResistanceStringTests" name="testCreateFormattedResistanceStringFourBandRedVioletRedGrey" time="0.000" timestamp="2018-10-19T20:33:00"/>
	<testcase classname="create_formatted_resistance_string_tests.CreateFormattedResistanceStringTests" name="testCreateFormattedResistanceStringFourBandRedVioletRedNone" time="0.000" timestamp="2018-10-19T20:33:00"/>
	<testcase classname="create_formatted_resistance_string_tests.CreateFormattedResistanceStringTests" name="testCreateFormattedResistanceStringFourBandRedVioletRedRed" time="0.000" timestamp="2018-10-19T20:33:00"/>
	<testcase classname="create_formatted_resistance_string_tests.CreateFormattedResistanceStringTests" name="testCreateFormattedResistanceStringFourBandRedVioletRedSilver" time="0.000" timestamp="2018-10-19T20:33:00"/>
	<testcase classname="create_formatted_resistance_string_tests.CreateFormattedResistanceStringTests" name="testCreateFormattedResistanceStringFourBandRedVioletRedViolet" time="0.000" timestamp="2018-10-19T20:33:00"/>
	<testcase classname="create_formatted_resistance_string_tests.CreateFormattedResistanceStringTests" name="testCreateFormattedResistanceStringFourBandRedVioletSilverBlue" time="0.000" timestamp="2018-10-19T20:33:00"/>
	<testcase classname="create_formatted_resistance_string_tests.CreateFormattedResistanceStringTests" name="testCreateFormattedResistanceStringFourBandRedVioletSilverBrown" time="0.000" timestamp="2018-10-19T20:33:00"/>
	<testcase classname="create_formatted_resistance_string_tests.CreateFormattedResistanceStringTests" name="testCreateFormattedResistanceStringFourBandRedVioletSilverGold" time="0.000" timestamp="2018-10-19T20:33:00"/>
	<testcase classname="create_formatted_resistance_string_tests.CreateFormattedResistanceStringTests" name="testCreateFormattedResistanceStringFourBandRedVioletSilverGreen" time="0.000" timestamp="2018-10-19T20:33:00"/>
	<testcase classname="create_formatted_resistance_string_tests.CreateFormattedResistanceStringTests" name="testCreateFormattedResistanceStringFourBandRedVioletSilverGrey" time="0.000" timestamp="2018-10-19T20:33:00"/>
	<testcase classname="create_formatted_resistance_string_tests.CreateFormattedResistanceStringTests" name="testCreateFormattedResistanceStringFourBandRedVioletSilverNone" time="0.000" timestamp="2018-10-19T20:33:00"/>
	<testcase classname="create_formatted_resistance_string_tests.CreateFormattedResistanceStringTests" name="testCreateFormattedResistanceStringFourBandRedVioletSilverRed" time="0.000" timestamp="2018-10-19T20:33:00"/>
	<testcase classname="create_formatted_resistance_string_tests.CreateFormattedResistanceStringTests" name="testCreateFormattedResistanceStringFourBandRedVioletSilverSilver" time="0.000" timestamp="2018-10-19T20:33:00"/>
	<testcase classname="create_formatted_resistance_string_tests.CreateFormattedResistanceStringTests" name="testCreateFormattedResistanceStringFourBandRedVioletSilverViolet" time="0.000" timestamp="2018-10-19T20:33:00"/>
	<testcase classname="create_formatted_resistance_string_tests.CreateFormattedResistanceStringTests" name="testCreateFormattedResistanceStringFourBandRedVioletVioletBlue" time="0.000" timestamp="2018-10-19T20:33:00"/>
	<testcase classname="create_formatted_resistance_string_tests.CreateFormattedResistanceStringTests" name="testCreateFormattedResistanceStringFourBandRedVioletVioletBrown" time="0.000" timestamp="2018-10-19T20:33:00"/>
	<testcase classname="create_formatted_resistance_string_tests.CreateFormattedResistanceStringTests" name="testCreateFormattedResistanceStringFourBandRedVioletVioletGold" time="0.000" timestamp="2018-10-19T20:33:00"/>
	<testcase classname="create_formatted_resistance_string_tests.CreateFormattedResistanceStringTests" name="testCreateFormattedResistanceStringFourBandRedVioletVioletGreen" time="0.000" timestamp="2018-10-19T20:33:00"/>
	<testcase classname="create_formatted_resistance_string_tests.CreateFormattedResistanceStringTests" name="testCreateFormattedResistanceStringFourBandRedVioletVioletGrey" time="0.000" timestamp="2018-10-19T20:33:00"/>
	<testcase classname="create_formatted_resistance_string_tests.CreateFormattedResistanceStringTests" name="testCreateFormattedResistanceStringFourBandRedVioletVioletNone" time="0.000" timestamp="2018-10-19T20:33:00"/>
	<testcase classname="create_formatted_resistance_string_tests.CreateFormattedResistanceStringTests" name="testCreateFormattedResistanceStringFourBandRedVioletVioletRed" time="0.000" timestamp="2018-10-19T20:33:00"/>
	<testcase classname="create_formatted_resistance_string_tests.CreateFormattedResistanceStringTests" name="testCreateFormattedResistanceStringFourBandRedVioletVioletSilver" time="0.000" timestamp="2018-10-19T20:33:00"/>
	<testcase classname="create_formatted_resistance_string_tests.CreateFormattedResistanceStringTests" name="testCreateFormattedResistanceStringFourBandRedVioletVioletViolet" time="0.000" timestamp="2018-10-19T20:33:00"/>
	<testcase classname="create_formatted_resistance_string_tests.CreateFormattedResistanceStringTests" name="testCreateFormattedResistanceStringFourBandRedVioletWhiteBlue" time="0.000" timestamp="2018-10-19T20:33:00"/>
	<testcase classname="create_formatted_resistance_string_tests.CreateFormattedResistanceStringTests" name="testCreateFormattedResistanceStringFourBandRedVioletWhiteBrown" time="0.000" timestamp="2018-10-19T20:33:00"/>
	<testcase classname="create_formatted_resistance_string_tests.CreateFormattedResistanceStringTests" name="testCreateFormattedResistanceStringFourBandRedVioletWhiteGold" time="0.000" timestamp="2018-10-19T20:33:00"/>
	<testcase classname="create_formatted_resistance_string_tests.CreateFormattedResistanceStringTests" name="testCreateFormattedResistanceStringFourBandRedVioletWhiteGreen" time="0.000" timestamp="2018-10-19T20:33:00"/>
	<testcase classname="create_formatted_resistance_string_tests.CreateFormattedResistanceStringTests" name="testCreateFormattedResistanceStringFourBandRedVioletWhiteGrey" time="0.000" timestamp="2018-10-19T20:33:00"/>
	<testcase classname="create_formatted_resistance_string_tests.CreateFormattedResistanceStringTests" name="testCreateFormattedResistanceStringFourBandRedVioletWhiteNone" time="0.000" timestamp="2018-10-19T20:33:00"/>
	<testcase classname="create_formatted_resistance_string_tests.CreateFormattedResistanceStringTests" name="testCreateFormattedResistanceStringFourBandRedVioletWhiteRed" time="0.000" timestamp="2018-10-19T20:33:00"/>
	<testcase classname="create_formatted_resistance_string_tests.CreateFormattedResistanceStringTests" name="testCreateFormattedResistanceStringFourBandRedVioletWhiteSilver" time="0.000" timestamp="2018-10-19T20:33:00"/>
	<testcase classname="create_formatted_resistance_string_tests.CreateFormattedResistanceStringTests" name="testCreateFormattedResistanceStringFourBandRedVioletWhiteViolet" time="0.000" timestamp="2018-10-19T20:33:00"/>
	<testcase classname="create_formatted_resistance_string_tests.CreateFormattedResistanceStringTests" name="testCreateFormattedResistanceStringFourBandRedVioletYellowBlue" time="0.000" timestamp="2018-10-19T20:33:00"/>
	<testcase classname="create_formatted_resistance_string_tests.CreateFormattedResistanceStringTests" name="testCreateFormattedResistanceStringFourBandRedVioletYellowBrown" time="0.000" timestamp="2018-10-19T20:33:00"/>
	<testcase classname="create_formatted_resistance_string_tests.CreateFormattedResistanceStringTests" name="testCreateFormattedResistanceStringFourBandRedVioletYellowGold" time="0.000" timestamp="2018-10-19T20:33:00"/>
	<testcase classname="create_formatted_resistance_string_tests.CreateFormattedResistanceStringTests" name="testCreateFormattedResistanceStringFourBandRedVioletYellowGreen" time="0.000" timestamp="2018-10-19T20:33:00"/>
	<testcase classname="create_formatted_resistance_string_tests.CreateFormattedResistanceStringTests" name="testCreateFormattedResistanceStringFourBandRedVioletYellowGrey" time="0.000" timestamp="2018-10-19T20:33:00"/>
	<testcase classname="create_formatted_resistance_string_tests.CreateFormattedResistanceStringTests" name="testCreateFormattedResistanceStringFourBandRedVioletYellowNone" time="0.000" timestamp="2018-10-19T20:33:00"/>
	<testcase classname="create_formatted_resistance_string_tests.CreateFormattedResistanceStringTests" name="testCreateFormattedResistanceStringFourBandRedVioletYellowRed" time="0.000" timestamp="2018-10-19T20:33:00"/>
	<testcase classname="create_formatted_resistance_string_tests.CreateFormattedResistanceStringTests" name="testCreateFormattedResistanceStringFourBandRedVioletYellowSilver" time="0.000" timestamp="2018-10-19T20:33:00"/>
	<testcase classname="create_formatted_resistance_string_tests.CreateFormattedResistanceStringTests" name="testCreateFormattedResistanceStringFourBandRedVioletYellowViolet" time="0.000" timestamp="2018-10-19T20:33:00"/>
	<testcase classname="create_formatted_resistance_string_tests.CreateFormattedResistanceStringTests" name="testCreateFormattedResistanceStringFourBandRedWhiteBlackBlue" time="0.000" timestamp="2018-10-19T20:33:00"/>
	<testcase classname="create_formatted_resistance_string_tests.CreateFormattedResistanceStringTests" name="testCreateFormattedResistanceStringFourBandRedWhiteBlackBrown" time="0.000" timestamp="2018-10-19T20:33:00"/>
	<testcase classname="create_formatted_resistance_string_tests.CreateFormattedResistanceStringTests" name="testCreateFormattedResistanceStringFourBandRedWhiteBlackGold" time="0.000" timestamp="2018-10-19T20:33:00"/>
	<testcase classname="create_formatted_resistance_string_tests.CreateFormattedResistanceStringTests" name="testCreateFormattedResistanceStringFourBandRedWhiteBlackGreen" time="0.000" timestamp="2018-10-19T20:33:00"/>
	<testcase classname="create_formatted_resistance_string_tests.CreateFormattedResistanceStringTests" name="testCreateFormattedResistanceStringFourBandRedWhiteBlackGrey" time="0.000" timestamp="2018-10-19T20:33:00"/>
	<testcase classname="create_formatted_resistance_string_tests.CreateFormattedResistanceStringTests" name="testCreateFormattedResistanceStringFourBandRedWhiteBlackNone" time="0.000" timestamp="2018-10-19T20:33:00"/>
	<testcase classname="create_formatted_resistance_string_tests.CreateFormattedResistanceStringTests" name="testCreateFormattedResistanceStringFourBandRedWhiteBlackRed" time="0.000" timestamp="2018-10-19T20:33:00"/>
	<testcase classname="create_formatted_resistance_string_tests.CreateFormattedResistanceStringTests" name="testCreateFormattedResistanceStringFourBandRedWhiteBlackSilver" time="0.000" timestamp="2018-10-19T20:33:00"/>
	<testcase classname="create_formatted_resistance_string_tests.CreateFormattedResistanceStringTests" name="testCreateFormattedResistanceStringFourBandRedWhiteBlackViolet" time="0.000" timestamp="2018-10-19T20:33:00"/>
	<testcase classname="create_formatted_resistance_string_tests.CreateFormattedResistanceStringTests" name="testCreateFormattedResistanceStringFourBandRedWhiteBlueBlue" time="0.000" timestamp="2018-10-19T20:33:00"/>
	<testcase classname="create_formatted_resistance_string_tests.CreateFormattedResistanceStringTests" name="testCreateFormattedResistanceStringFourBandRedWhiteBlueBrown" time="0.000" timestamp="2018-10-19T20:33:00"/>
	<testcase classname="create_formatted_resistance_string_tests.CreateFormattedResistanceStringTests" name="testCreateFormattedResistanceStringFourBandRedWhiteBlueGold" time="0.000" timestamp="2018-10-19T20:33:00"/>
	<testcase classname="create_formatted_resistance_string_tests.CreateFormattedResistanceStringTests" name="testCreateFormattedResistanceStringFourBandRedWhiteBlueGreen" time="0.000" timestamp="2018-10-19T20:33:00"/>
	<testcase classname="create_formatted_resistance_string_tests.CreateFormattedResistanceStringTests" name="testCreateFormattedResistanceStringFourBandRedWhiteBlueGrey" time="0.000" timestamp="2018-10-19T20:33:00"/>
	<testcase classname="create_formatted_resistance_string_tests.CreateFormattedResistanceStringTests" name="testCreateFormattedResistanceStringFourBandRedWhiteBlueNone" time="0.000" timestamp="2018-10-19T20:33:00"/>
	<testcase classname="create_formatted_resistance_string_tests.CreateFormattedResistanceStringTests" name="testCreateFormattedResistanceStringFourBandRedWhiteBlueRed" time="0.000" timestamp="2018-10-19T20:33:00"/>
	<testcase classname="create_formatted_resistance_string_tests.CreateFormattedResistanceStringTests" name="testCreateFormattedResistanceStringFourBandRedWhiteBlueSilver" time="0.000" timestamp="2018-10-19T20:33:00"/>
	<testcase classname="create_formatted_resistance_string_tests.CreateFormattedResistanceStringTests" name="testCreateFormattedResistanceStringFourBandRedWhiteBlueViolet" time="0.000" timestamp="2018-10-19T20:33:00"/>
	<testcase classname="create_formatted_resistance_string_tests.CreateFormattedResistanceStringTests" name="testCreateFormattedResistanceStringFourBandRedWhiteBrownBlue" time="0.000" timestamp="2018-10-19T20:33:00"/>
	<testcase classname="create_formatted_resistance_string_tests.CreateFormattedResistanceStringTests" name="testCreateFormattedResistanceStringFourBandRedWhiteBrownBrown" time="0.000" timestamp="2018-10-19T20:33:00"/>
	<testcase classname="create_formatted_resistance_string_tests.CreateFormattedResistanceStringTests" name="testCreateFormattedResistanceStringFourBandRedWhiteBrownGold" time="0.000" timestamp="2018-10-19T20:33:00"/>
	<testcase classname="create_formatted_resistance_string_tests.CreateFormattedResistanceStringTests" name="testCreateFormattedResistanceStringFourBandRedWhiteBrownGreen" time="0.000" timestamp="2018-10-19T20:33:00"/>
	<testcase classname="create_formatted_resistance_string_tests.CreateFormattedResistanceStringTests" name="testCreateFormattedResistanceStringFourBandRedWhiteBrownGrey" time="0.000" timestamp="2018-10-19T20:33:00"/>
	<testcase classname="create_formatted_resistance_string_tests.CreateFormattedResistanceStringTests" name="testCreateFormattedResistanceStringFourBandRedWhiteBrownNone" time="0.000" timestamp="2018-10-19T20:33:00"/>
	<testcase classname="create_formatted_resistance_string_tests.CreateFormattedResistanceStringTests" name="testCreateFormattedResistanceStringFourBandRedWhiteBrownRed" time="0.000" timestamp="2018-10-19T20:33:00"/>
	<testcase classname="create_formatted_resistance_string_tests.CreateFormattedResistanceStringTests" name="testCreateFormattedResistanceStringFourBandRedWhiteBrownSilver" time="0.000" timestamp="2018-10-19T20:33:00"/>
	<testcase classname="create_formatted_resistance_string_tests.CreateFormattedResistanceStringTests" name="testCreateFormattedResistanceStringFourBandRedWhiteBrownViolet" time="0.000" timestamp="2018-10-19T20:33:00"/>
	<testcase classname="create_formatted_resistance_string_tests.CreateFormattedResistanceStringTests" name="testCreateFormattedResistanceStringFourBandRedWhiteGoldBlue" time="0.000" timestamp="2018-10-19T20:33:00"/>
	<testcase classname="create_formatted_resistance_string_tests.CreateFormattedResistanceStringTests" name="testCreateFormattedResistanceStringFourBandRedWhiteGoldBrown" time="0.000" timestamp="2018-10-19T20:33:00"/>
	<testcase classname="create_formatted_resistance_string_tests.CreateFormattedResistanceStringTests" name="testCreateFormattedResistanceStringFourBandRedWhiteGoldGold" time="0.000" timestamp="2018-10-19T20:33:00"/>
	<testcase classname="create_formatted_resistance_string_tests.CreateFormattedResistanceStringTests" name="testCreateFormattedResistanceStringFourBandRedWhiteGoldGreen" time="0.000" timestamp="2018-10-19T20:33:00"/>
	<testcase classname="create_formatted_resistance_string_tests.CreateFormattedResistanceStringTests" name="testCreateFormattedResistanceStringFourBandRedWhiteGoldGrey" time="0.000" timestamp="2018-10-19T20:33:00"/>
	<testcase classname="create_formatted_resistance_string_tests.CreateFormattedResistanceStringTests" name="testCreateFormattedResistanceStringFourBandRedWhiteGoldNone" time="0.000" timestamp="2018-10-19T20:33:00"/>
	<testcase classname="create_formatted_resistance_string_tests.CreateFormattedResistanceStringTests" name="testCreateFormattedResistanceStringFourBandRedWhiteGoldRed" time="0.000" timestamp="2018-10-19T20:33:00"/>
	<testcase classname="create_formatted_resistance_string_tests.CreateFormattedResistanceStringTests" name="testCreateFormattedResistanceStringFourBandRedWhiteGoldSilver" time="0.000" timestamp="2018-10-19T20:33:00"/>
	<testcase classname="create_formatted_resistance_string_tests.CreateFormattedResistanceStringTests" name="testCreateFormattedResistanceStringFourBandRedWhiteGoldViolet" time="0.000" timestamp="2018-10-19T20:33:00"/>
	<testcase classname="create_formatted_resistance_string_tests.CreateFormattedResistanceStringTests" name="testCreateFormattedResistanceStringFourBandRedWhiteGreenBlue" time="0.000" timestamp="2018-10-19T20:33:00"/>
	<testcase classname="create_formatted_resistance_string_tests.CreateFormattedResistanceStringTests" name="testCreateFormattedResistanceStringFourBandRedWhiteGreenBrown" time="0.000" timestamp="2018-10-19T20:33:00"/>
	<testcase classname="create_formatted_resistance_string_tests.CreateFormattedResistanceStringTests" name="testCreateFormattedResistanceStringFourBandRedWhiteGreenGold" time="0.000" timestamp="2018-10-19T20:33:00"/>
	<testcase classname="create_formatted_resistance_string_tests.CreateFormattedResistanceStringTests" name="testCreateFormattedResistanceStringFourBandRedWhiteGreenGreen" time="0.000" timestamp="2018-10-19T20:33:00"/>
	<testcase classname="create_formatted_resistance_string_tests.CreateFormattedResistanceStringTests" name="testCreateFormattedResistanceStringFourBandRedWhiteGreenGrey" time="0.000" timestamp="2018-10-19T20:33:00"/>
	<testcase classname="create_formatted_resistance_string_tests.CreateFormattedResistanceStringTests" name="testCreateFormattedResistanceStringFourBandRedWhiteGreenNone" time="0.000" timestamp="2018-10-19T20:33:00"/>
	<testcase classname="create_formatted_resistance_string_tests.CreateFormattedResistanceStringTests" name="testCreateFormattedResistanceStringFourBandRedWhiteGreenRed" time="0.000" timestamp="2018-10-19T20:33:00"/>
	<testcase classname="create_formatted_resistance_string_tests.CreateFormattedResistanceStringTests" name="testCreateFormattedResistanceStringFourBandRedWhiteGreenSilver" time="0.000" timestamp="2018-10-19T20:33:00"/>
	<testcase classname="create_formatted_resistance_string_tests.CreateFormattedResistanceStringTests" name="testCreateFormattedResistanceStringFourBandRedWhiteGreenViolet" time="0.000" timestamp="2018-10-19T20:33:00"/>
	<testcase classname="create_formatted_resistance_string_tests.CreateFormattedResistanceStringTests" name="testCreateFormattedResistanceStringFourBandRedWhiteGreyBlue" time="0.000" timestamp="2018-10-19T20:33:00"/>
	<testcase classname="create_formatted_resistance_string_tests.CreateFormattedResistanceStringTests" name="testCreateFormattedResistanceStringFourBandRedWhiteGreyBrown" time="0.000" timestamp="2018-10-19T20:33:00"/>
	<testcase classname="create_formatted_resistance_string_tests.CreateFormattedResistanceStringTests" name="testCreateFormattedResistanceStringFourBandRedWhiteGreyGold" time="0.000" timestamp="2018-10-19T20:33:00"/>
	<testcase classname="create_formatted_resistance_string_tests.CreateFormattedResistanceStringTests" name="testCreateFormattedResistanceStringFourBandRedWhiteGreyGreen" time="0.000" timestamp="2018-10-19T20:33:00"/>
	<testcase classname="create_formatted_resistance_string_tests.CreateFormattedResistanceStringTests" name="testCreateFormattedResistanceStringFourBandRedWhiteGreyGrey" time="0.000" timestamp="2018-10-19T20:33:00"/>
	<testcase classname="create_formatted_resistance_string_tests.CreateFormattedResistanceStringTests" name="testCreateFormattedResistanceStringFourBandRedWhiteGreyNone" time="0.000" timestamp="2018-10-19T20:33:00"/>
	<testcase classname="create_formatted_resistance_string_tests.CreateFormattedResistanceStringTests" name="testCreateFormattedResistanceStringFourBandRedWhiteGreyRed" time="0.000" timestamp="2018-10-19T20:33:00"/>
	<testcase classname="create_formatted_resistance_string_tests.CreateFormattedResistanceStringTests" name="testCreateFormattedResistanceStringFourBandRedWhiteGreySilver" time="0.000" timestamp="2018-10-19T20:33:00"/>
	<testcase classname="create_formatted_resistance_string_tests.CreateFormattedResistanceStringTests" name="testCreateFormattedResistanceStringFourBandRedWhiteGreyViolet" time="0.000" timestamp="2018-10-19T20:33:00"/>
	<testcase classname="create_formatted_resistance_string_tests.CreateFormattedResistanceStringTests" name="testCreateFormattedResistanceStringFourBandRedWhiteOrangeBlue" time="0.000" timestamp="2018-10-19T20:33:00"/>
	<testcase classname="create_formatted_resistance_string_tests.CreateFormattedResistanceStringTests" name="testCreateFormattedResistanceStringFourBandRedWhiteOrangeBrown" time="0.000" timestamp="2018-10-19T20:33:00"/>
	<testcase classname="create_formatted_resistance_string_tests.CreateFormattedResistanceStringTests" name="testCreateFormattedResistanceStringFourBandRedWhiteOrangeGold" time="0.000" timestamp="2018-10-19T20:33:00"/>
	<testcase classname="create_formatted_resistance_string_tests.CreateFormattedResistanceStringTests" name="testCreateFormattedResistanceStringFourBandRedWhiteOrangeGreen" time="0.000" timestamp="2018-10-19T20:33:00"/>
	<testcase classname="create_formatted_resistance_string_tests.CreateFormattedResistanceStringTests" name="testCreateFormattedResistanceStringFourBandRedWhiteOrangeGrey" time="0.000" timestamp="2018-10-19T20:33:00"/>
	<testcase classname="create_formatted_resistance_string_tests.CreateFormattedResistanceStringTests" name="testCreateFormattedResistanceStringFourBandRedWhiteOrangeNone" time="0.000" timestamp="2018-10-19T20:33:00"/>
	<testcase classname="create_formatted_resistance_string_tests.CreateFormattedResistanceStringTests" name="testCreateFormattedResistanceStringFourBandRedWhiteOrangeRed" time="0.000" timestamp="2018-10-19T20:33:00"/>
	<testcase classname="create_formatted_resistance_string_tests.CreateFormattedResistanceStringTests" name="testCreateFormattedResistanceStringFourBandRedWhiteOrangeSilver" time="0.000" timestamp="2018-10-19T20:33:00"/>
	<testcase classname="create_formatted_resistance_string_tests.CreateFormattedResistanceStringTests" name="testCreateFormattedResistanceStringFourBandRedWhiteOrangeViolet" time="0.000" timestamp="2018-10-19T20:33:00"/>
	<testcase classname="create_formatted_resistance_string_tests.CreateFormattedResistanceStringTests" name="testCreateFormattedResistanceStringFourBandRedWhiteRedBlue" time="0.000" timestamp="2018-10-19T20:33:00"/>
	<testcase classname="create_formatted_resistance_string_tests.CreateFormattedResistanceStringTests" name="testCreateFormattedResistanceStringFourBandRedWhiteRedBrown" time="0.000" timestamp="2018-10-19T20:33:00"/>
	<testcase classname="create_formatted_resistance_string_tests.CreateFormattedResistanceStringTests" name="testCreateFormattedResistanceStringFourBandRedWhiteRedGold" time="0.000" timestamp="2018-10-19T20:33:00"/>
	<testcase classname="create_formatted_resistance_string_tests.CreateFormattedResistanceStringTests" name="testCreateFormattedResistanceStringFourBandRedWhiteRedGreen" time="0.000" timestamp="2018-10-19T20:33:00"/>
	<testcase classname="create_formatted_resistance_string_tests.CreateFormattedResistanceStringTests" name="testCreateFormattedResistanceStringFourBandRedWhiteRedGrey" time="0.000" timestamp="2018-10-19T20:33:00"/>
	<testcase classname="create_formatted_resistance_string_tests.CreateFormattedResistanceStringTests" name="testCreateFormattedResistanceStringFourBandRedWhiteRedNone" time="0.000" timestamp="2018-10-19T20:33:00"/>
	<testcase classname="create_formatted_resistance_string_tests.CreateFormattedResistanceStringTests" name="testCreateFormattedResistanceStringFourBandRedWhiteRedRed" time="0.000" timestamp="2018-10-19T20:33:00"/>
	<testcase classname="create_formatted_resistance_string_tests.CreateFormattedResistanceStringTests" name="testCreateFormattedResistanceStringFourBandRedWhiteRedSilver" time="0.000" timestamp="2018-10-19T20:33:00"/>
	<testcase classname="create_formatted_resistance_string_tests.CreateFormattedResistanceStringTests" name="testCreateFormattedResistanceStringFourBandRedWhiteRedViolet" time="0.000" timestamp="2018-10-19T20:33:00"/>
	<testcase classname="create_formatted_resistance_string_tests.CreateFormattedResistanceStringTests" name="testCreateFormattedResistanceStringFourBandRedWhiteSilverBlue" time="0.000" timestamp="2018-10-19T20:33:00"/>
	<testcase classname="create_formatted_resistance_string_tests.CreateFormattedResistanceStringTests" name="testCreateFormattedResistanceStringFourBandRedWhiteSilverBrown" time="0.000" timestamp="2018-10-19T20:33:00"/>
	<testcase classname="create_formatted_resistance_string_tests.CreateFormattedResistanceStringTests" name="testCreateFormattedResistanceStringFourBandRedWhiteSilverGold" time="0.000" timestamp="2018-10-19T20:33:00"/>
	<testcase classname="create_formatted_resistance_string_tests.CreateFormattedResistanceStringTests" name="testCreateFormattedResistanceStringFourBandRedWhiteSilverGreen" time="0.000" timestamp="2018-10-19T20:33:00"/>
	<testcase classname="create_formatted_resistance_string_tests.CreateFormattedResistanceStringTests" name="testCreateFormattedResistanceStringFourBandRedWhiteSilverGrey" time="0.000" timestamp="2018-10-19T20:33:00"/>
	<testcase classname="create_formatted_resistance_string_tests.CreateFormattedResistanceStringTests" name="testCreateFormattedResistanceStringFourBandRedWhiteSilverNone" time="0.000" timestamp="2018-10-19T20:33:00"/>
	<testcase classname="create_formatted_resistance_string_tests.CreateFormattedResistanceStringTests" name="testCreateFormattedResistanceStringFourBandRedWhiteSilverRed" time="0.000" timestamp="2018-10-19T20:33:00"/>
	<testcase classname="create_formatted_resistance_string_tests.CreateFormattedResistanceStringTests" name="testCreateFormattedResistanceStringFourBandRedWhiteSilverSilver" time="0.000" timestamp="2018-10-19T20:33:00"/>
	<testcase classname="create_formatted_resistance_string_tests.CreateFormattedResistanceStringTests" name="testCreateFormattedResistanceStringFourBandRedWhiteSilverViolet" time="0.000" timestamp="2018-10-19T20:33:00"/>
	<testcase classname="create_formatted_resistance_string_tests.CreateFormattedResistanceStringTests" name="testCreateFormattedResistanceStringFourBandRedWhiteVioletBlue" time="0.000" timestamp="2018-10-19T20:33:00"/>
	<testcase classname="create_formatted_resistance_string_tests.CreateFormattedResistanceStringTests" name="testCreateFormattedResistanceStringFourBandRedWhiteVioletBrown" time="0.000" timestamp="2018-10-19T20:33:00"/>
	<testcase classname="create_formatted_resistance_string_tests.CreateFormattedResistanceStringTests" name="testCreateFormattedResistanceStringFourBandRedWhiteVioletGold" time="0.000" timestamp="2018-10-19T20:33:00"/>
	<testcase classname="create_formatted_resistance_string_tests.CreateFormattedResistanceStringTests" name="testCreateFormattedResistanceStringFourBandRedWhiteVioletGreen" time="0.000" timestamp="2018-10-19T20:33:00"/>
	<testcase classname="create_formatted_resistance_string_tests.CreateFormattedResistanceStringTests" name="testCreateFormattedResistanceStringFourBandRedWhiteVioletGrey" time="0.000" timestamp="2018-10-19T20:33:00"/>
	<testcase classname="create_formatted_resistance_string_tests.CreateFormattedResistanceStringTests" name="testCreateFormattedResistanceStringFourBandRedWhiteVioletNone" time="0.000" timestamp="2018-10-19T20:33:00"/>
	<testcase classname="create_formatted_resistance_string_tests.CreateFormattedResistanceStringTests" name="testCreateFormattedResistanceStringFourBandRedWhiteVioletRed" time="0.000" timestamp="2018-10-19T20:33:00"/>
	<testcase classname="create_formatted_resistance_string_tests.CreateFormattedResistanceStringTests" name="testCreateFormattedResistanceStringFourBandRedWhiteVioletSilver" time="0.000" timestamp="2018-10-19T20:33:00"/>
	<testcase classname="create_formatted_resistance_string_tests.CreateFormattedResistanceStringTests" name="testCreateFormattedResistanceStringFourBandRedWhiteVioletViolet" time="0.000" timestamp="2018-10-19T20:33:00"/>
	<testcase classname="create_formatted_resistance_string_tests.CreateFormattedResistanceStringTests" name="testCreateFormattedResistanceStringFourBandRedWhiteWhiteBlue" time="0.000" timestamp="2018-10-19T20:33:00"/>
	<testcase classname="create_formatted_resistance_string_tests.CreateFormattedResistanceStringTests" name="testCreateFormattedResistanceStringFourBandRedWhiteWhiteBrown" time="0.000" timestamp="2018-10-19T20:33:00"/>
	<testcase classname="create_formatted_resistance_string_tests.CreateFormattedResistanceStringTests" name="testCreateFormattedResistanceStringFourBandRedWhiteWhiteGold" time="0.000" timestamp="2018-10-19T20:33:00"/>
	<testcase classname="create_formatted_resistance_string_tests.CreateFormattedResistanceStringTests" name="testCreateFormattedResistanceStringFourBandRedWhiteWhiteGreen" time="0.000" timestamp="2018-10-19T20:33:00"/>
	<testcase classname="create_formatted_resistance_string_tests.CreateFormattedResistanceStringTests" name="testCreateFormattedResistanceStringFourBandRedWhiteWhiteGrey" time="0.000" timestamp="2018-10-19T20:33:00"/>
	<testcase classname="create_formatted_resistance_string_tests.CreateFormattedResistanceStringTests" name="testCreateFormattedResistanceStringFourBandRedWhiteWhiteNone" time="0.000" timestamp="2018-10-19T20:33:00"/>
	<testcase classname="create_formatted_resistance_string_tests.CreateFormattedResistanceStringTests" name="testCreateFormattedResistanceStringFourBandRedWhiteWhiteRed" time="0.000" timestamp="2018-10-19T20:33:00"/>
	<testcase classname="create_formatted_resistance_string_tests.CreateFormattedResistanceStringTests" name="testCreateFormattedResistanceStringFourBandRedWhiteWhiteSilver" time="0.000" timestamp="2018-10-19T20:33:00"/>
	<testcase classname="create_formatted_resistance_string_tests.CreateFormattedResistanceStringTests" name="testCreateFormattedResistanceStringFourBandRedWhiteWhiteViolet" time="0.000" timestamp="2018-10-19T20:33:00"/>
	<testcase classname="create_formatted_resistance_string_tests.CreateFormattedResistanceStringTests" name="testCreateFormattedResistanceStringFourBandRedWhiteYellowBlue" time="0.000" timestamp="2018-10-19T20:33:00"/>
	<testcase classname="create_formatted_resistance_string_tests.CreateFormattedResistanceStringTests" name="testCreateFormattedResistanceStringFourBandRedWhiteYellowBrown" time="0.000" timestamp="2018-10-19T20:33:00"/>
	<testcase classname="create_formatted_resistance_string_tests.CreateFormattedResistanceStringTests" name="testCreateFormattedResistanceStringFourBandRedWhiteYellowGold" time="0.000" timestamp="2018-10-19T20:33:00"/>
	<testcase classname="create_formatted_resistance_string_tests.CreateFormattedResistanceStringTests" name="testCreateFormattedResistanceStringFourBandRedWhiteYellowGreen" time="0.000" timestamp="2018-10-19T20:33:00"/>
	<testcase classname="create_formatted_resistance_string_tests.CreateFormattedResistanceStringTests" name="testCreateFormattedResistanceStringFourBandRedWhiteYellowGrey" time="0.000" timestamp="2018-10-19T20:33:00"/>
	<testcase classname="create_formatted_resistance_string_tests.CreateFormattedResistanceStringTests" name="testCreateFormattedResistanceStringFourBandRedWhiteYellowNone" time="0.000" timestamp="2018-10-19T20:33:00"/>
	<testcase classname="create_formatted_resistance_string_tests.CreateFormattedResistanceStringTests" name="testCreateFormattedResistanceStringFourBandRedWhiteYellowRed" time="0.000" timestamp="2018-10-19T20:33:00"/>
	<testcase classname="create_formatted_resistance_string_tests.CreateFormattedResistanceStringTests" name="testCreateFormattedResistanceStringFourBandRedWhiteYellowSilver" time="0.000" timestamp="2018-10-19T20:33:00"/>
	<testcase classname="create_formatted_resistance_string_tests.CreateFormattedResistanceStringTests" name="testCreateFormattedResistanceStringFourBandRedWhiteYellowViolet" time="0.000" timestamp="2018-10-19T20:33:00"/>
	<testcase classname="create_formatted_resistance_string_tests.CreateFormattedResistanceStringTests" name="testCreateFormattedResistanceStringFourBandRedYellowBlackBlue" time="0.000" timestamp="2018-10-19T20:33:00"/>
	<testcase classname="create_formatted_resistance_string_tests.CreateFormattedResistanceStringTests" name="testCreateFormattedResistanceStringFourBandRedYellowBlackBrown" time="0.000" timestamp="2018-10-19T20:33:00"/>
	<testcase classname="create_formatted_resistance_string_tests.CreateFormattedResistanceStringTests" name="testCreateFormattedResistanceStringFourBandRedYellowBlackGold" time="0.000" timestamp="2018-10-19T20:33:00"/>
	<testcase classname="create_formatted_resistance_string_tests.CreateFormattedResistanceStringTests" name="testCreateFormattedResistanceStringFourBandRedYellowBlackGreen" time="0.000" timestamp="2018-10-19T20:33:00"/>
	<testcase classname="create_formatted_resistance_string_tests.CreateFormattedResistanceStringTests" name="testCreateFormattedResistanceStringFourBandRedYellowBlackGrey" time="0.000" timestamp="2018-10-19T20:33:00"/>
	<testcase classname="create_formatted_resistance_string_tests.CreateFormattedResistanceStringTests" name="testCreateFormattedResistanceStringFourBandRedYellowBlackNone" time="0.000" timestamp="2018-10-19T20:33:00"/>
	<testcase classname="create_formatted_resistance_string_tests.CreateFormattedResistanceStringTests" name="testCreateFormattedResistanceStringFourBandRedYellowBlackRed" time="0.000" timestamp="2018-10-19T20:33:00"/>
	<testcase classname="create_formatted_resistance_string_tests.CreateFormattedResistanceStringTests" name="testCreateFormattedResistanceStringFourBandRedYellowBlackSilver" time="0.000" timestamp="2018-10-19T20:33:00"/>
	<testcase classname="create_formatted_resistance_string_tests.CreateFormattedResistanceStringTests" name="testCreateFormattedResistanceStringFourBandRedYellowBlackViolet" time="0.000" timestamp="2018-10-19T20:33:00"/>
	<testcase classname="create_formatted_resistance_string_tests.CreateFormattedResistanceStringTests" name="testCreateFormattedResistanceStringFourBandRedYellowBlueBlue" time="0.000" timestamp="2018-10-19T20:33:00"/>
	<testcase classname="create_formatted_resistance_string_tests.CreateFormattedResistanceStringTests" name="testCreateFormattedResistanceStringFourBandRedYellowBlueBrown" time="0.000" timestamp="2018-10-19T20:33:00"/>
	<testcase classname="create_formatted_resistance_string_tests.CreateFormattedResistanceStringTests" name="testCreateFormattedResistanceStringFourBandRedYellowBlueGold" time="0.000" timestamp="2018-10-19T20:33:00"/>
	<testcase classname="create_formatted_resistance_string_tests.CreateFormattedResistanceStringTests" name="testCreateFormattedResistanceStringFourBandRedYellowBlueGreen" time="0.000" timestamp="2018-10-19T20:33:00"/>
	<testcase classname="create_formatted_resistance_string_tests.CreateFormattedResistanceStringTests" name="testCreateFormattedResistanceStringFourBandRedYellowBlueGrey" time="0.000" timestamp="2018-10-19T20:33:00"/>
	<testcase classname="create_formatted_resistance_string_tests.CreateFormattedResistanceStringTests" name="testCreateFormattedResistanceStringFourBandRedYellowBlueNone" time="0.000" timestamp="2018-10-19T20:33:00"/>
	<testcase classname="create_formatted_resistance_string_tests.CreateFormattedResistanceStringTests" name="testCreateFormattedResistanceStringFourBandRedYellowBlueRed" time="0.000" timestamp="2018-10-19T20:33:00"/>
	<testcase classname="create_formatted_resistance_string_tests.CreateFormattedResistanceStringTests" name="testCreateFormattedResistanceStringFourBandRedYellowBlueSilver" time="0.000" timestamp="2018-10-19T20:33:00"/>
	<testcase classname="create_formatted_resistance_string_tests.CreateFormattedResistanceStringTests" name="testCreateFormattedResistanceStringFourBandRedYellowBlueViolet" time="0.000" timestamp="2018-10-19T20:33:00"/>
	<testcase classname="create_formatted_resistance_string_tests.CreateFormattedResistanceStringTests" name="testCreateFormattedResistanceStringFourBandRedYellowBrownBlue" time="0.000" timestamp="2018-10-19T20:33:00"/>
	<testcase classname="create_formatted_resistance_string_tests.CreateFormattedResistanceStringTests" name="testCreateFormattedResistanceStringFourBandRedYellowBrownBrown" time="0.000" timestamp="2018-10-19T20:33:00"/>
	<testcase classname="create_formatted_resistance_string_tests.CreateFormattedResistanceStringTests" name="testCreateFormattedResistanceStringFourBandRedYellowBrownGold" time="0.000" timestamp="2018-10-19T20:33:00"/>
	<testcase classname="create_formatted_resistance_string_tests.CreateFormattedResistanceStringTests" name="testCreateFormattedResistanceStringFourBandRedYellowBrownGreen" time="0.000" timestamp="2018-10-19T20:33:00"/>
	<testcase classname="create_formatted_resistance_string_tests.CreateFormattedResistanceStringTests" name="testCreateFormattedResistanceStringFourBandRedYellowBrownGrey" time="0.000" timestamp="2018-10-19T20:33:00"/>
	<testcase classname="create_formatted_resistance_string_tests.CreateFormattedResistanceStringTests" name="testCreateFormattedResistanceStringFourBandRedYellowBrownNone" time="0.000" timestamp="2018-10-19T20:33:00"/>
	<testcase classname="create_formatted_resistance_string_tests.CreateFormattedResistanceStringTests" name="testCreateFormattedResistanceStringFourBandRedYellowBrownRed" time="0.000" timestamp="2018-10-19T20:33:00"/>
	<testcase classname="create_formatted_resistance_string_tests.CreateFormattedResistanceStringTests" name="testCreateFormattedResistanceStringFourBandRedYellowBrownSilver" time="0.000" timestamp="2018-10-19T20:33:00"/>
	<testcase classname="create_formatted_resistance_string_tests.CreateFormattedResistanceStringTests" name="testCreateFormattedResistanceStringFourBandRedYellowBrownViolet" time="0.000" timestamp="2018-10-19T20:33:00"/>
	<testcase classname="create_formatted_resistance_string_tests.CreateFormattedResistanceStringTests" name="testCreateFormattedResistanceStringFourBandRedYellowGoldBlue" time="0.000" timestamp="2018-10-19T20:33:00"/>
	<testcase classname="create_formatted_resistance_string_tests.CreateFormattedResistanceStringTests" name="testCreateFormattedResistanceStringFourBandRedYellowGoldBrown" time="0.000" timestamp="2018-10-19T20:33:00"/>
	<testcase classname="create_formatted_resistance_string_tests.CreateFormattedResistanceStringTests" name="testCreateFormattedResistanceStringFourBandRedYellowGoldGold" time="0.000" timestamp="2018-10-19T20:33:00"/>
	<testcase classname="create_formatted_resistance_string_tests.CreateFormattedResistanceStringTests" name="testCreateFormattedResistanceStringFourBandRedYellowGoldGreen" time="0.000" timestamp="2018-10-19T20:33:00"/>
	<testcase classname="create_formatted_resistance_string_tests.CreateFormattedResistanceStringTests" name="testCreateFormattedResistanceStringFourBandRedYellowGoldGrey" time="0.000" timestamp="2018-10-19T20:33:00"/>
	<testcase classname="create_formatted_resistance_string_tests.CreateFormattedResistanceStringTests" name="testCreateFormattedResistanceStringFourBandRedYellowGoldNone" time="0.000" timestamp="2018-10-19T20:33:00"/>
	<testcase classname="create_formatted_resistance_string_tests.CreateFormattedResistanceStringTests" name="testCreateFormattedResistanceStringFourBandRedYellowGoldRed" time="0.000" timestamp="2018-10-19T20:33:00"/>
	<testcase classname="create_formatted_resistance_string_tests.CreateFormattedResistanceStringTests" name="testCreateFormattedResistanceStringFourBandRedYellowGoldSilver" time="0.000" timestamp="2018-10-19T20:33:00"/>
	<testcase classname="create_formatted_resistance_string_tests.CreateFormattedResistanceStringTests" name="testCreateFormattedResistanceStringFourBandRedYellowGoldViolet" time="0.000" timestamp="2018-10-19T20:33:00"/>
	<testcase classname="create_formatted_resistance_string_tests.CreateFormattedResistanceStringTests" name="testCreateFormattedResistanceStringFourBandRedYellowGreenBlue" time="0.000" timestamp="2018-10-19T20:33:00"/>
	<testcase classname="create_formatted_resistance_string_tests.CreateFormattedResistanceStringTests" name="testCreateFormattedResistanceStringFourBandRedYellowGreenBrown" time="0.000" timestamp="2018-10-19T20:33:00"/>
	<testcase classname="create_formatted_resistance_string_tests.CreateFormattedResistanceStringTests" name="testCreateFormattedResistanceStringFourBandRedYellowGreenGold" time="0.000" timestamp="2018-10-19T20:33:00"/>
	<testcase classname="create_formatted_resistance_string_tests.CreateFormattedResistanceStringTests" name="testCreateFormattedResistanceStringFourBandRedYellowGreenGreen" time="0.000" timestamp="2018-10-19T20:33:00"/>
	<testcase classname="create_formatted_resistance_string_tests.CreateFormattedResistanceStringTests" name="testCreateFormattedResistanceStringFourBandRedYellowGreenGrey" time="0.000" timestamp="2018-10-19T20:33:00"/>
	<testcase classname="create_formatted_resistance_string_tests.CreateFormattedResistanceStringTests" name="testCreateFormattedResistanceStringFourBandRedYellowGreenNone" time="0.000" timestamp="2018-10-19T20:33:00"/>
	<testcase classname="create_formatted_resistance_string_tests.CreateFormattedResistanceStringTests" name="testCreateFormattedResistanceStringFourBandRedYellowGreenRed" time="0.000" timestamp="2018-10-19T20:33:00"/>
	<testcase classname="create_formatted_resistance_string_tests.CreateFormattedResistanceStringTests" name="testCreateFormattedResistanceStringFourBandRedYellowGreenSilver" time="0.000" timestamp="2018-10-19T20:33:00"/>
	<testcase classname="create_formatted_resistance_string_tests.CreateFormattedResistanceStringTests" name="testCreateFormattedResistanceStringFourBandRedYellowGreenViolet" time="0.000" timestamp="2018-10-19T20:33:00"/>
	<testcase classname="create_formatted_resistance_string_tests.CreateFormattedResistanceStringTests" name="testCreateFormattedResistanceStringFourBandRedYellowGreyBlue" time="0.000" timestamp="2018-10-19T20:33:00"/>
	<testcase classname="create_formatted_resistance_string_tests.CreateFormattedResistanceStringTests" name="testCreateFormattedResistanceStringFourBandRedYellowGreyBrown" time="0.000" timestamp="2018-10-19T20:33:00"/>
	<testcase classname="create_formatted_resistance_string_tests.CreateFormattedResistanceStringTests" name="testCreateFormattedResistanceStringFourBandRedYellowGreyGold" time="0.000" timestamp="2018-10-19T20:33:00"/>
	<testcase classname="create_formatted_resistance_string_tests.CreateFormattedResistanceStringTests" name="testCreateFormattedResistanceStringFourBandRedYellowGreyGreen" time="0.000" timestamp="2018-10-19T20:33:00"/>
	<testcase classname="create_formatted_resistance_string_tests.CreateFormattedResistanceStringTests" name="testCreateFormattedResistanceStringFourBandRedYellowGreyGrey" time="0.000" timestamp="2018-10-19T20:33:00"/>
	<testcase classname="create_formatted_resistance_string_tests.CreateFormattedResistanceStringTests" name="testCreateFormattedResistanceStringFourBandRedYellowGreyNone" time="0.000" timestamp="2018-10-19T20:33:01"/>
	<testcase classname="create_formatted_resistance_string_tests.CreateFormattedResistanceStringTests" name="testCreateFormattedResistanceStringFourBandRedYellowGreyRed" time="0.000" timestamp="2018-10-19T20:33:01"/>
	<testcase classname="create_formatted_resistance_string_tests.CreateFormattedResistanceStringTests" name="testCreateFormattedResistanceStringFourBandRedYellowGreySilver" time="0.000" timestamp="2018-10-19T20:33:01"/>
	<testcase classname="create_formatted_resistance_string_tests.CreateFormattedResistanceStringTests" name="testCreateFormattedResistanceStringFourBandRedYellowGreyViolet" time="0.000" timestamp="2018-10-19T20:33:01"/>
	<testcase classname="create_formatted_resistance_string_tests.CreateFormattedResistanceStringTests" name="testCreateFormattedResistanceStringFourBandRedYellowOrangeBlue" time="0.000" timestamp="2018-10-19T20:33:01"/>
	<testcase classname="create_formatted_resistance_string_tests.CreateFormattedResistanceStringTests" name="testCreateFormattedResistanceStringFourBandRedYellowOrangeBrown" time="0.000" timestamp="2018-10-19T20:33:01"/>
	<testcase classname="create_formatted_resistance_string_tests.CreateFormattedResistanceStringTests" name="testCreateFormattedResistanceStringFourBandRedYellowOrangeGold" time="0.000" timestamp="2018-10-19T20:33:01"/>
	<testcase classname="create_formatted_resistance_string_tests.CreateFormattedResistanceStringTests" name="testCreateFormattedResistanceStringFourBandRedYellowOrangeGreen" time="0.000" timestamp="2018-10-19T20:33:01"/>
	<testcase classname="create_formatted_resistance_string_tests.CreateFormattedResistanceStringTests" name="testCreateFormattedResistanceStringFourBandRedYellowOrangeGrey" time="0.000" timestamp="2018-10-19T20:33:01"/>
	<testcase classname="create_formatted_resistance_string_tests.CreateFormattedResistanceStringTests" name="testCreateFormattedResistanceStringFourBandRedYellowOrangeNone" time="0.000" timestamp="2018-10-19T20:33:01"/>
	<testcase classname="create_formatted_resistance_string_tests.CreateFormattedResistanceStringTests" name="testCreateFormattedResistanceStringFourBandRedYellowOrangeRed" time="0.000" timestamp="2018-10-19T20:33:01"/>
	<testcase classname="create_formatted_resistance_string_tests.CreateFormattedResistanceStringTests" name="testCreateFormattedResistanceStringFourBandRedYellowOrangeSilver" time="0.000" timestamp="2018-10-19T20:33:01"/>
	<testcase classname="create_formatted_resistance_string_tests.CreateFormattedResistanceStringTests" name="testCreateFormattedResistanceStringFourBandRedYellowOrangeViolet" time="0.000" timestamp="2018-10-19T20:33:01"/>
	<testcase classname="create_formatted_resistance_string_tests.CreateFormattedResistanceStringTests" name="testCreateFormattedResistanceStringFourBandRedYellowRedBlue" time="0.000" timestamp="2018-10-19T20:33:01"/>
	<testcase classname="create_formatted_resistance_string_tests.CreateFormattedResistanceStringTests" name="testCreateFormattedResistanceStringFourBandRedYellowRedBrown" time="0.000" timestamp="2018-10-19T20:33:01"/>
	<testcase classname="create_formatted_resistance_string_tests.CreateFormattedResistanceStringTests" name="testCreateFormattedResistanceStringFourBandRedYellowRedGold" time="0.000" timestamp="2018-10-19T20:33:01"/>
	<testcase classname="create_formatted_resistance_string_tests.CreateFormattedResistanceStringTests" name="testCreateFormattedResistanceStringFourBandRedYellowRedGreen" time="0.000" timestamp="2018-10-19T20:33:01"/>
	<testcase classname="create_formatted_resistance_string_tests.CreateFormattedResistanceStringTests" name="testCreateFormattedResistanceStringFourBandRedYellowRedGrey" time="0.000" timestamp="2018-10-19T20:33:01"/>
	<testcase classname="create_formatted_resistance_string_tests.CreateFormattedResistanceStringTests" name="testCreateFormattedResistanceStringFourBandRedYellowRedNone" time="0.000" timestamp="2018-10-19T20:33:01"/>
	<testcase classname="create_formatted_resistance_string_tests.CreateFormattedResistanceStringTests" name="testCreateFormattedResistanceStringFourBandRedYellowRedRed" time="0.000" timestamp="2018-10-19T20:33:01"/>
	<testcase classname="create_formatted_resistance_string_tests.CreateFormattedResistanceStringTests" name="testCreateFormattedResistanceStringFourBandRedYellowRedSilver" time="0.000" timestamp="2018-10-19T20:33:01"/>
	<testcase classname="create_formatted_resistance_string_tests.CreateFormattedResistanceStringTests" name="testCreateFormattedResistanceStringFourBandRedYellowRedViolet" time="0.000" timestamp="2018-10-19T20:33:01"/>
	<testcase classname="create_formatted_resistance_string_tests.CreateFormattedResistanceStringTests" name="testCreateFormattedResistanceStringFourBandRedYellowSilverBlue" time="0.000" timestamp="2018-10-19T20:33:01"/>
	<testcase classname="create_formatted_resistance_string_tests.CreateFormattedResistanceStringTests" name="testCreateFormattedResistanceStringFourBandRedYellowSilverBrown" time="0.000" timestamp="2018-10-19T20:33:01"/>
	<testcase classname="create_formatted_resistance_string_tests.CreateFormattedResistanceStringTests" name="testCreateFormattedResistanceStringFourBandRedYellowSilverGold" time="0.000" timestamp="2018-10-19T20:33:01"/>
	<testcase classname="create_formatted_resistance_string_tests.CreateFormattedResistanceStringTests" name="testCreateFormattedResistanceStringFourBandRedYellowSilverGreen" time="0.000" timestamp="2018-10-19T20:33:01"/>
	<testcase classname="create_formatted_resistance_string_tests.CreateFormattedResistanceStringTests" name="testCreateFormattedResistanceStringFourBandRedYellowSilverGrey" time="0.000" timestamp="2018-10-19T20:33:01"/>
	<testcase classname="create_formatted_resistance_string_tests.CreateFormattedResistanceStringTests" name="testCreateFormattedResistanceStringFourBandRedYellowSilverNone" time="0.000" timestamp="2018-10-19T20:33:01"/>
	<testcase classname="create_formatted_resistance_string_tests.CreateFormattedResistanceStringTests" name="testCreateFormattedResistanceStringFourBandRedYellowSilverRed" time="0.000" timestamp="2018-10-19T20:33:01"/>
	<testcase classname="create_formatted_resistance_string_tests.CreateFormattedResistanceStringTests" name="testCreateFormattedResistanceStringFourBandRedYellowSilverSilver" time="0.000" timestamp="2018-10-19T20:33:01"/>
	<testcase classname="create_formatted_resistance_string_tests.CreateFormattedResistanceStringTests" name="testCreateFormattedResistanceStringFourBandRedYellowSilverViolet" time="0.000" timestamp="2018-10-19T20:33:01"/>
	<testcase classname="create_formatted_resistance_string_tests.CreateFormattedResistanceStringTests" name="testCreateFormattedResistanceStringFourBandRedYellowVioletBlue" time="0.000" timestamp="2018-10-19T20:33:01"/>
	<testcase classname="create_formatted_resistance_string_tests.CreateFormattedResistanceStringTests" name="testCreateFormattedResistanceStringFourBandRedYellowVioletBrown" time="0.000" timestamp="2018-10-19T20:33:01"/>
	<testcase classname="create_formatted_resistance_string_tests.CreateFormattedResistanceStringTests" name="testCreateFormattedResistanceStringFourBandRedYellowVioletGold" time="0.000" timestamp="2018-10-19T20:33:01"/>
	<testcase classname="create_formatted_resistance_string_tests.CreateFormattedResistanceStringTests" name="testCreateFormattedResistanceStringFourBandRedYellowVioletGreen" time="0.000" timestamp="2018-10-19T20:33:01"/>
	<testcase classname="create_formatted_resistance_string_tests.CreateFormattedResistanceStringTests" name="testCreateFormattedResistanceStringFourBandRedYellowVioletGrey" time="0.000" timestamp="2018-10-19T20:33:01"/>
	<testcase classname="create_formatted_resistance_string_tests.CreateFormattedResistanceStringTests" name="testCreateFormattedResistanceStringFourBandRedYellowVioletNone" time="0.000" timestamp="2018-10-19T20:33:01"/>
	<testcase classname="create_formatted_resistance_string_tests.CreateFormattedResistanceStringTests" name="testCreateFormattedResistanceStringFourBandRedYellowVioletRed" time="0.000" timestamp="2018-10-19T20:33:01"/>
	<testcase classname="create_formatted_resistance_string_tests.CreateFormattedResistanceStringTests" name="testCreateFormattedResistanceStringFourBandRedYellowVioletSilver" time="0.000" timestamp="2018-10-19T20:33:01"/>
	<testcase classname="create_formatted_resistance_string_tests.CreateFormattedResistanceStringTests" name="testCreateFormattedResistanceStringFourBandRedYellowVioletViolet" time="0.000" timestamp="2018-10-19T20:33:01"/>
	<testcase classname="create_formatted_resistance_string_tests.CreateFormattedResistanceStringTests" name="testCreateFormattedResistanceStringFourBandRedYellowWhiteBlue" time="0.000" timestamp="2018-10-19T20:33:01"/>
	<testcase classname="create_formatted_resistance_string_tests.CreateFormattedResistanceStringTests" name="testCreateFormattedResistanceStringFourBandRedYellowWhiteBrown" time="0.000" timestamp="2018-10-19T20:33:01"/>
	<testcase classname="create_formatted_resistance_string_tests.CreateFormattedResistanceStringTests" name="testCreateFormattedResistanceStringFourBandRedYellowWhiteGold" time="0.000" timestamp="2018-10-19T20:33:01"/>
	<testcase classname="create_formatted_resistance_string_tests.CreateFormattedResistanceStringTests" name="testCreateFormattedResistanceStringFourBandRedYellowWhiteGreen" time="0.000" timestamp="2018-10-19T20:33:01"/>
	<testcase classname="create_formatted_resistance_string_tests.CreateFormattedResistanceStringTests" name="testCreateFormattedResistanceStringFourBandRedYellowWhiteGrey" time="0.000" timestamp="2018-10-19T20:33:01"/>
	<testcase classname="create_formatted_resistance_string_tests.CreateFormattedResistanceStringTests" name="testCreateFormattedResistanceStringFourBandRedYellowWhiteNone" time="0.000" timestamp="2018-10-19T20:33:01"/>
	<testcase classname="create_formatted_resistance_string_tests.CreateFormattedResistanceStringTests" name="testCreateFormattedResistanceStringFourBandRedYellowWhiteRed" time="0.000" timestamp="2018-10-19T20:33:01"/>
	<testcase classname="create_formatted_resistance_string_tests.CreateFormattedResistanceStringTests" name="testCreateFormattedResistanceStringFourBandRedYellowWhiteSilver" time="0.000" timestamp="2018-10-19T20:33:01"/>
	<testcase classname="create_formatted_resistance_string_tests.CreateFormattedResistanceStringTests" name="testCreateFormattedResistanceStringFourBandRedYellowWhiteViolet" time="0.000" timestamp="2018-10-19T20:33:01"/>
	<testcase classname="create_formatted_resistance_string_tests.CreateFormattedResistanceStringTests" name="testCreateFormattedResistanceStringFourBandRedYellowYellowBlue" time="0.000" timestamp="2018-10-19T20:33:01"/>
	<testcase classname="create_formatted_resistance_string_tests.CreateFormattedResistanceStringTests" name="testCreateFormattedResistanceStringFourBandRedYellowYellowBrown" time="0.000" timestamp="2018-10-19T20:33:01"/>
	<testcase classname="create_formatted_resistance_string_tests.CreateFormattedResistanceStringTests" name="testCreateFormattedResistanceStringFourBandRedYellowYellowGold" time="0.000" timestamp="2018-10-19T20:33:01"/>
	<testcase classname="create_formatted_resistance_string_tests.CreateFormattedResistanceStringTests" name="testCreateFormattedResistanceStringFourBandRedYellowYellowGreen" time="0.000" timestamp="2018-10-19T20:33:01"/>
	<testcase classname="create_formatted_resistance_string_tests.CreateFormattedResistanceStringTests" name="testCreateFormattedResistanceStringFourBandRedYellowYellowGrey" time="0.000" timestamp="2018-10-19T20:33:01"/>
	<testcase classname="create_formatted_resistance_string_tests.CreateFormattedResistanceStringTests" name="testCreateFormattedResistanceStringFourBandRedYellowYellowNone" time="0.000" timestamp="2018-10-19T20:33:01"/>
	<testcase classname="create_formatted_resistance_string_tests.CreateFormattedResistanceStringTests" name="testCreateFormattedResistanceStringFourBandRedYellowYellowRed" time="0.000" timestamp="2018-10-19T20:33:01"/>
	<testcase classname="create_formatted_resistance_string_tests.CreateFormattedResistanceStringTests" name="testCreateFormattedResistanceStringFourBandRedYellowYellowSilver" time="0.000" timestamp="2018-10-19T20:33:01"/>
	<testcase classname="create_formatted_resistance_string_tests.CreateFormattedResistanceStringTests" name="testCreateFormattedResistanceStringFourBandRedYellowYellowViolet" time="0.000" timestamp="2018-10-19T20:33:01"/>
	<testcase classname="create_formatted_resistance_string_tests.CreateFormattedResistanceStringTests" name="testCreateFormattedResistanceStringFourBandVioletBlackBlackBlue" time="0.000" timestamp="2018-10-19T20:33:01"/>
	<testcase classname="create_formatted_resistance_string_tests.CreateFormattedResistanceStringTests" name="testCreateFormattedResistanceStringFourBandVioletBlackBlackBrown" time="0.000" timestamp="2018-10-19T20:33:01"/>
	<testcase classname="create_formatted_resistance_string_tests.CreateFormattedResistanceStringTests" name="testCreateFormattedResistanceStringFourBandVioletBlackBlackGold" time="0.000" timestamp="2018-10-19T20:33:01"/>
	<testcase classname="create_formatted_resistance_string_tests.CreateFormattedResistanceStringTests" name="testCreateFormattedResistanceStringFourBandVioletBlackBlackGreen" time="0.000" timestamp="2018-10-19T20:33:01"/>
	<testcase classname="create_formatted_resistance_string_tests.CreateFormattedResistanceStringTests" name="testCreateFormattedResistanceStringFourBandVioletBlackBlackGrey" time="0.000" timestamp="2018-10-19T20:33:01"/>
	<testcase classname="create_formatted_resistance_string_tests.CreateFormattedResistanceStringTests" name="testCreateFormattedResistanceStringFourBandVioletBlackBlackNone" time="0.000" timestamp="2018-10-19T20:33:01"/>
	<testcase classname="create_formatted_resistance_string_tests.CreateFormattedResistanceStringTests" name="testCreateFormattedResistanceStringFourBandVioletBlackBlackRed" time="0.000" timestamp="2018-10-19T20:33:01"/>
	<testcase classname="create_formatted_resistance_string_tests.CreateFormattedResistanceStringTests" name="testCreateFormattedResistanceStringFourBandVioletBlackBlackSilver" time="0.000" timestamp="2018-10-19T20:33:01"/>
	<testcase classname="create_formatted_resistance_string_tests.CreateFormattedResistanceStringTests" name="testCreateFormattedResistanceStringFourBandVioletBlackBlackViolet" time="0.000" timestamp="2018-10-19T20:33:01"/>
	<testcase classname="create_formatted_resistance_string_tests.CreateFormattedResistanceStringTests" name="testCreateFormattedResistanceStringFourBandVioletBlackBlueBlue" time="0.000" timestamp="2018-10-19T20:33:01"/>
	<testcase classname="create_formatted_resistance_string_tests.CreateFormattedResistanceStringTests" name="testCreateFormattedResistanceStringFourBandVioletBlackBlueBrown" time="0.000" timestamp="2018-10-19T20:33:01"/>
	<testcase classname="create_formatted_resistance_string_tests.CreateFormattedResistanceStringTests" name="testCreateFormattedResistanceStringFourBandVioletBlackBlueGold" time="0.000" timestamp="2018-10-19T20:33:01"/>
	<testcase classname="create_formatted_resistance_string_tests.CreateFormattedResistanceStringTests" name="testCreateFormattedResistanceStringFourBandVioletBlackBlueGreen" time="0.000" timestamp="2018-10-19T20:33:01"/>
	<testcase classname="create_formatted_resistance_string_tests.CreateFormattedResistanceStringTests" name="testCreateFormattedResistanceStringFourBandVioletBlackBlueGrey" time="0.000" timestamp="2018-10-19T20:33:01"/>
	<testcase classname="create_formatted_resistance_string_tests.CreateFormattedResistanceStringTests" name="testCreateFormattedResistanceStringFourBandVioletBlackBlueNone" time="0.000" timestamp="2018-10-19T20:33:01"/>
	<testcase classname="create_formatted_resistance_string_tests.CreateFormattedResistanceStringTests" name="testCreateFormattedResistanceStringFourBandVioletBlackBlueRed" time="0.000" timestamp="2018-10-19T20:33:01"/>
	<testcase classname="create_formatted_resistance_string_tests.CreateFormattedResistanceStringTests" name="testCreateFormattedResistanceStringFourBandVioletBlackBlueSilver" time="0.000" timestamp="2018-10-19T20:33:01"/>
	<testcase classname="create_formatted_resistance_string_tests.CreateFormattedResistanceStringTests" name="testCreateFormattedResistanceStringFourBandVioletBlackBlueViolet" time="0.000" timestamp="2018-10-19T20:33:01"/>
	<testcase classname="create_formatted_resistance_string_tests.CreateFormattedResistanceStringTests" name="testCreateFormattedResistanceStringFourBandVioletBlackBrownBlue" time="0.000" timestamp="2018-10-19T20:33:01"/>
	<testcase classname="create_formatted_resistance_string_tests.CreateFormattedResistanceStringTests" name="testCreateFormattedResistanceStringFourBandVioletBlackBrownBrown" time="0.000" timestamp="2018-10-19T20:33:01"/>
	<testcase classname="create_formatted_resistance_string_tests.CreateFormattedResistanceStringTests" name="testCreateFormattedResistanceStringFourBandVioletBlackBrownGold" time="0.000" timestamp="2018-10-19T20:33:01"/>
	<testcase classname="create_formatted_resistance_string_tests.CreateFormattedResistanceStringTests" name="testCreateFormattedResistanceStringFourBandVioletBlackBrownGreen" time="0.000" timestamp="2018-10-19T20:33:01"/>
	<testcase classname="create_formatted_resistance_string_tests.CreateFormattedResistanceStringTests" name="testCreateFormattedResistanceStringFourBandVioletBlackBrownGrey" time="0.000" timestamp="2018-10-19T20:33:01"/>
	<testcase classname="create_formatted_resistance_string_tests.CreateFormattedResistanceStringTests" name="testCreateFormattedResistanceStringFourBandVioletBlackBrownNone" time="0.000" timestamp="2018-10-19T20:33:01"/>
	<testcase classname="create_formatted_resistance_string_tests.CreateFormattedResistanceStringTests" name="testCreateFormattedResistanceStringFourBandVioletBlackBrownRed" time="0.000" timestamp="2018-10-19T20:33:01"/>
	<testcase classname="create_formatted_resistance_string_tests.CreateFormattedResistanceStringTests" name="testCreateFormattedResistanceStringFourBandVioletBlackBrownSilver" time="0.000" timestamp="2018-10-19T20:33:01"/>
	<testcase classname="create_formatted_resistance_string_tests.CreateFormattedResistanceStringTests" name="testCreateFormattedResistanceStringFourBandVioletBlackBrownViolet" time="0.000" timestamp="2018-10-19T20:33:01"/>
	<testcase classname="create_formatted_resistance_string_tests.CreateFormattedResistanceStringTests" name="testCreateFormattedResistanceStringFourBandVioletBlackGoldBlue" time="0.000" timestamp="2018-10-19T20:33:01"/>
	<testcase classname="create_formatted_resistance_string_tests.CreateFormattedResistanceStringTests" name="testCreateFormattedResistanceStringFourBandVioletBlackGoldBrown" time="0.000" timestamp="2018-10-19T20:33:01"/>
	<testcase classname="create_formatted_resistance_string_tests.CreateFormattedResistanceStringTests" name="testCreateFormattedResistanceStringFourBandVioletBlackGoldGold" time="0.000" timestamp="2018-10-19T20:33:01"/>
	<testcase classname="create_formatted_resistance_string_tests.CreateFormattedResistanceStringTests" name="testCreateFormattedResistanceStringFourBandVioletBlackGoldGreen" time="0.000" timestamp="2018-10-19T20:33:01"/>
	<testcase classname="create_formatted_resistance_string_tests.CreateFormattedResistanceStringTests" name="testCreateFormattedResistanceStringFourBandVioletBlackGoldGrey" time="0.000" timestamp="2018-10-19T20:33:01"/>
	<testcase classname="create_formatted_resistance_string_tests.CreateFormattedResistanceStringTests" name="testCreateFormattedResistanceStringFourBandVioletBlackGoldNone" time="0.000" timestamp="2018-10-19T20:33:01"/>
	<testcase classname="create_formatted_resistance_string_tests.CreateFormattedResistanceStringTests" name="testCreateFormattedResistanceStringFourBandVioletBlackGoldRed" time="0.000" timestamp="2018-10-19T20:33:01"/>
	<testcase classname="create_formatted_resistance_string_tests.CreateFormattedResistanceStringTests" name="testCreateFormattedResistanceStringFourBandVioletBlackGoldSilver" time="0.000" timestamp="2018-10-19T20:33:01"/>
	<testcase classname="create_formatted_resistance_string_tests.CreateFormattedResistanceStringTests" name="testCreateFormattedResistanceStringFourBandVioletBlackGoldViolet" time="0.000" timestamp="2018-10-19T20:33:01"/>
	<testcase classname="create_formatted_resistance_string_tests.CreateFormattedResistanceStringTests" name="testCreateFormattedResistanceStringFourBandVioletBlackGreenBlue" time="0.000" timestamp="2018-10-19T20:33:01"/>
	<testcase classname="create_formatted_resistance_string_tests.CreateFormattedResistanceStringTests" name="testCreateFormattedResistanceStringFourBandVioletBlackGreenBrown" time="0.000" timestamp="2018-10-19T20:33:01"/>
	<testcase classname="create_formatted_resistance_string_tests.CreateFormattedResistanceStringTests" name="testCreateFormattedResistanceStringFourBandVioletBlackGreenGold" time="0.000" timestamp="2018-10-19T20:33:01"/>
	<testcase classname="create_formatted_resistance_string_tests.CreateFormattedResistanceStringTests" name="testCreateFormattedResistanceStringFourBandVioletBlackGreenGreen" time="0.000" timestamp="2018-10-19T20:33:01"/>
	<testcase classname="create_formatted_resistance_string_tests.CreateFormattedResistanceStringTests" name="testCreateFormattedResistanceStringFourBandVioletBlackGreenGrey" time="0.000" timestamp="2018-10-19T20:33:01"/>
	<testcase classname="create_formatted_resistance_string_tests.CreateFormattedResistanceStringTests" name="testCreateFormattedResistanceStringFourBandVioletBlackGreenNone" time="0.000" timestamp="2018-10-19T20:33:01"/>
	<testcase classname="create_formatted_resistance_string_tests.CreateFormattedResistanceStringTests" name="testCreateFormattedResistanceStringFourBandVioletBlackGreenRed" time="0.000" timestamp="2018-10-19T20:33:01"/>
	<testcase classname="create_formatted_resistance_string_tests.CreateFormattedResistanceStringTests" name="testCreateFormattedResistanceStringFourBandVioletBlackGreenSilver" time="0.000" timestamp="2018-10-19T20:33:01"/>
	<testcase classname="create_formatted_resistance_string_tests.CreateFormattedResistanceStringTests" name="testCreateFormattedResistanceStringFourBandVioletBlackGreenViolet" time="0.000" timestamp="2018-10-19T20:33:01"/>
	<testcase classname="create_formatted_resistance_string_tests.CreateFormattedResistanceStringTests" name="testCreateFormattedResistanceStringFourBandVioletBlackGreyBlue" time="0.000" timestamp="2018-10-19T20:33:01"/>
	<testcase classname="create_formatted_resistance_string_tests.CreateFormattedResistanceStringTests" name="testCreateFormattedResistanceStringFourBandVioletBlackGreyBrown" time="0.000" timestamp="2018-10-19T20:33:01"/>
	<testcase classname="create_formatted_resistance_string_tests.CreateFormattedResistanceStringTests" name="testCreateFormattedResistanceStringFourBandVioletBlackGreyGold" time="0.000" timestamp="2018-10-19T20:33:01"/>
	<testcase classname="create_formatted_resistance_string_tests.CreateFormattedResistanceStringTests" name="testCreateFormattedResistanceStringFourBandVioletBlackGreyGreen" time="0.000" timestamp="2018-10-19T20:33:01"/>
	<testcase classname="create_formatted_resistance_string_tests.CreateFormattedResistanceStringTests" name="testCreateFormattedResistanceStringFourBandVioletBlackGreyGrey" time="0.000" timestamp="2018-10-19T20:33:01"/>
	<testcase classname="create_formatted_resistance_string_tests.CreateFormattedResistanceStringTests" name="testCreateFormattedResistanceStringFourBandVioletBlackGreyNone" time="0.000" timestamp="2018-10-19T20:33:01"/>
	<testcase classname="create_formatted_resistance_string_tests.CreateFormattedResistanceStringTests" name="testCreateFormattedResistanceStringFourBandVioletBlackGreyRed" time="0.000" timestamp="2018-10-19T20:33:01"/>
	<testcase classname="create_formatted_resistance_string_tests.CreateFormattedResistanceStringTests" name="testCreateFormattedResistanceStringFourBandVioletBlackGreySilver" time="0.000" timestamp="2018-10-19T20:33:01"/>
	<testcase classname="create_formatted_resistance_string_tests.CreateFormattedResistanceStringTests" name="testCreateFormattedResistanceStringFourBandVioletBlackGreyViolet" time="0.000" timestamp="2018-10-19T20:33:01"/>
	<testcase classname="create_formatted_resistance_string_tests.CreateFormattedResistanceStringTests" name="testCreateFormattedResistanceStringFourBandVioletBlackOrangeBlue" time="0.000" timestamp="2018-10-19T20:33:01"/>
	<testcase classname="create_formatted_resistance_string_tests.CreateFormattedResistanceStringTests" name="testCreateFormattedResistanceStringFourBandVioletBlackOrangeBrown" time="0.000" timestamp="2018-10-19T20:33:01"/>
	<testcase classname="create_formatted_resistance_string_tests.CreateFormattedResistanceStringTests" name="testCreateFormattedResistanceStringFourBandVioletBlackOrangeGold" time="0.000" timestamp="2018-10-19T20:33:01"/>
	<testcase classname="create_formatted_resistance_string_tests.CreateFormattedResistanceStringTests" name="testCreateFormattedResistanceStringFourBandVioletBlackOrangeGreen" time="0.000" timestamp="2018-10-19T20:33:01"/>
	<testcase classname="create_formatted_resistance_string_tests.CreateFormattedResistanceStringTests" name="testCreateFormattedResistanceStringFourBandVioletBlackOrangeGrey" time="0.000" timestamp="2018-10-19T20:33:01"/>
	<testcase classname="create_formatted_resistance_string_tests.CreateFormattedResistanceStringTests" name="testCreateFormattedResistanceStringFourBandVioletBlackOrangeNone" time="0.000" timestamp="2018-10-19T20:33:01"/>
	<testcase classname="create_formatted_resistance_string_tests.CreateFormattedResistanceStringTests" name="testCreateFormattedResistanceStringFourBandVioletBlackOrangeRed" time="0.000" timestamp="2018-10-19T20:33:01"/>
	<testcase classname="create_formatted_resistance_string_tests.CreateFormattedResistanceStringTests" name="testCreateFormattedResistanceStringFourBandVioletBlackOrangeSilver" time="0.000" timestamp="2018-10-19T20:33:01"/>
	<testcase classname="create_formatted_resistance_string_tests.CreateFormattedResistanceStringTests" name="testCreateFormattedResistanceStringFourBandVioletBlackOrangeViolet" time="0.000" timestamp="2018-10-19T20:33:01"/>
	<testcase classname="create_formatted_resistance_string_tests.CreateFormattedResistanceStringTests" name="testCreateFormattedResistanceStringFourBandVioletBlackRedBlue" time="0.000" timestamp="2018-10-19T20:33:01"/>
	<testcase classname="create_formatted_resistance_string_tests.CreateFormattedResistanceStringTests" name="testCreateFormattedResistanceStringFourBandVioletBlackRedBrown" time="0.000" timestamp="2018-10-19T20:33:01"/>
	<testcase classname="create_formatted_resistance_string_tests.CreateFormattedResistanceStringTests" name="testCreateFormattedResistanceStringFourBandVioletBlackRedGold" time="0.000" timestamp="2018-10-19T20:33:01"/>
	<testcase classname="create_formatted_resistance_string_tests.CreateFormattedResistanceStringTests" name="testCreateFormattedResistanceStringFourBandVioletBlackRedGreen" time="0.000" timestamp="2018-10-19T20:33:01"/>
	<testcase classname="create_formatted_resistance_string_tests.CreateFormattedResistanceStringTests" name="testCreateFormattedResistanceStringFourBandVioletBlackRedGrey" time="0.000" timestamp="2018-10-19T20:33:01"/>
	<testcase classname="create_formatted_resistance_string_tests.CreateFormattedResistanceStringTests" name="testCreateFormattedResistanceStringFourBandVioletBlackRedNone" time="0.000" timestamp="2018-10-19T20:33:01"/>
	<testcase classname="create_formatted_resistance_string_tests.CreateFormattedResistanceStringTests" name="testCreateFormattedResistanceStringFourBandVioletBlackRedRed" time="0.000" timestamp="2018-10-19T20:33:01"/>
	<testcase classname="create_formatted_resistance_string_tests.CreateFormattedResistanceStringTests" name="testCreateFormattedResistanceStringFourBandVioletBlackRedSilver" time="0.000" timestamp="2018-10-19T20:33:01"/>
	<testcase classname="create_formatted_resistance_string_tests.CreateFormattedResistanceStringTests" name="testCreateFormattedResistanceStringFourBandVioletBlackRedViolet" time="0.000" timestamp="2018-10-19T20:33:01"/>
	<testcase classname="create_formatted_resistance_string_tests.CreateFormattedResistanceStringTests" name="testCreateFormattedResistanceStringFourBandVioletBlackSilverBlue" time="0.000" timestamp="2018-10-19T20:33:01"/>
	<testcase classname="create_formatted_resistance_string_tests.CreateFormattedResistanceStringTests" name="testCreateFormattedResistanceStringFourBandVioletBlackSilverBrown" time="0.000" timestamp="2018-10-19T20:33:01"/>
	<testcase classname="create_formatted_resistance_string_tests.CreateFormattedResistanceStringTests" name="testCreateFormattedResistanceStringFourBandVioletBlackSilverGold" time="0.000" timestamp="2018-10-19T20:33:01"/>
	<testcase classname="create_formatted_resistance_string_tests.CreateFormattedResistanceStringTests" name="testCreateFormattedResistanceStringFourBandVioletBlackSilverGreen" time="0.000" timestamp="2018-10-19T20:33:01"/>
	<testcase classname="create_formatted_resistance_string_tests.CreateFormattedResistanceStringTests" name="testCreateFormattedResistanceStringFourBandVioletBlackSilverGrey" time="0.000" timestamp="2018-10-19T20:33:01"/>
	<testcase classname="create_formatted_resistance_string_tests.CreateFormattedResistanceStringTests" name="testCreateFormattedResistanceStringFourBandVioletBlackSilverNone" time="0.000" timestamp="2018-10-19T20:33:01"/>
	<testcase classname="create_formatted_resistance_string_tests.CreateFormattedResistanceStringTests" name="testCreateFormattedResistanceStringFourBandVioletBlackSilverRed" time="0.000" timestamp="2018-10-19T20:33:01"/>
	<testcase classname="create_formatted_resistance_string_tests.CreateFormattedResistanceStringTests" name="testCreateFormattedResistanceStringFourBandVioletBlackSilverSilver" time="0.000" timestamp="2018-10-19T20:33:01"/>
	<testcase classname="create_formatted_resistance_string_tests.CreateFormattedResistanceStringTests" name="testCreateFormattedResistanceStringFourBandVioletBlackSilverViolet" time="0.000" timestamp="2018-10-19T20:33:01"/>
	<testcase classname="create_formatted_resistance_string_tests.CreateFormattedResistanceStringTests" name="testCreateFormattedResistanceStringFourBandVioletBlackVioletBlue" time="0.000" timestamp="2018-10-19T20:33:01"/>
	<testcase classname="create_formatted_resistance_string_tests.CreateFormattedResistanceStringTests" name="testCreateFormattedResistanceStringFourBandVioletBlackVioletBrown" time="0.000" timestamp="2018-10-19T20:33:01"/>
	<testcase classname="create_formatted_resistance_string_tests.CreateFormattedResistanceStringTests" name="testCreateFormattedResistanceStringFourBandVioletBlackVioletGold" time="0.000" timestamp="2018-10-19T20:33:01"/>
	<testcase classname="create_formatted_resistance_string_tests.CreateFormattedResistanceStringTests" name="testCreateFormattedResistanceStringFourBandVioletBlackVioletGreen" time="0.000" timestamp="2018-10-19T20:33:01"/>
	<testcase classname="create_formatted_resistance_string_tests.CreateFormattedResistanceStringTests" name="testCreateFormattedResistanceStringFourBandVioletBlackVioletGrey" time="0.000" timestamp="2018-10-19T20:33:01"/>
	<testcase classname="create_formatted_resistance_string_tests.CreateFormattedResistanceStringTests" name="testCreateFormattedResistanceStringFourBandVioletBlackVioletNone" time="0.000" timestamp="2018-10-19T20:33:01"/>
	<testcase classname="create_formatted_resistance_string_tests.CreateFormattedResistanceStringTests" name="testCreateFormattedResistanceStringFourBandVioletBlackVioletRed" time="0.000" timestamp="2018-10-19T20:33:01"/>
	<testcase classname="create_formatted_resistance_string_tests.CreateFormattedResistanceStringTests" name="testCreateFormattedResistanceStringFourBandVioletBlackVioletSilver" time="0.000" timestamp="2018-10-19T20:33:01"/>
	<testcase classname="create_formatted_resistance_string_tests.CreateFormattedResistanceStringTests" name="testCreateFormattedResistanceStringFourBandVioletBlackVioletViolet" time="0.000" timestamp="2018-10-19T20:33:01"/>
	<testcase classname="create_formatted_resistance_string_tests.CreateFormattedResistanceStringTests" name="testCreateFormattedResistanceStringFourBandVioletBlackWhiteBlue" time="0.000" timestamp="2018-10-19T20:33:01"/>
	<testcase classname="create_formatted_resistance_string_tests.CreateFormattedResistanceStringTests" name="testCreateFormattedResistanceStringFourBandVioletBlackWhiteBrown" time="0.000" timestamp="2018-10-19T20:33:01"/>
	<testcase classname="create_formatted_resistance_string_tests.CreateFormattedResistanceStringTests" name="testCreateFormattedResistanceStringFourBandVioletBlackWhiteGold" time="0.000" timestamp="2018-10-19T20:33:01"/>
	<testcase classname="create_formatted_resistance_string_tests.CreateFormattedResistanceStringTests" name="testCreateFormattedResistanceStringFourBandVioletBlackWhiteGreen" time="0.000" timestamp="2018-10-19T20:33:01"/>
	<testcase classname="create_formatted_resistance_string_tests.CreateFormattedResistanceStringTests" name="testCreateFormattedResistanceStringFourBandVioletBlackWhiteGrey" time="0.000" timestamp="2018-10-19T20:33:01"/>
	<testcase classname="create_formatted_resistance_string_tests.CreateFormattedResistanceStringTests" name="testCreateFormattedResistanceStringFourBandVioletBlackWhiteNone" time="0.000" timestamp="2018-10-19T20:33:01"/>
	<testcase classname="create_formatted_resistance_string_tests.CreateFormattedResistanceStringTests" name="testCreateFormattedResistanceStringFourBandVioletBlackWhiteRed" time="0.000" timestamp="2018-10-19T20:33:01"/>
	<testcase classname="create_formatted_resistance_string_tests.CreateFormattedResistanceStringTests" name="testCreateFormattedResistanceStringFourBandVioletBlackWhiteSilver" time="0.000" timestamp="2018-10-19T20:33:01"/>
	<testcase classname="create_formatted_resistance_string_tests.CreateFormattedResistanceStringTests" name="testCreateFormattedResistanceStringFourBandVioletBlackWhiteViolet" time="0.000" timestamp="2018-10-19T20:33:01"/>
	<testcase classname="create_formatted_resistance_string_tests.CreateFormattedResistanceStringTests" name="testCreateFormattedResistanceStringFourBandVioletBlackYellowBlue" time="0.000" timestamp="2018-10-19T20:33:01"/>
	<testcase classname="create_formatted_resistance_string_tests.CreateFormattedResistanceStringTests" name="testCreateFormattedResistanceStringFourBandVioletBlackYellowBrown" time="0.000" timestamp="2018-10-19T20:33:01"/>
	<testcase classname="create_formatted_resistance_string_tests.CreateFormattedResistanceStringTests" name="testCreateFormattedResistanceStringFourBandVioletBlackYellowGold" time="0.000" timestamp="2018-10-19T20:33:01"/>
	<testcase classname="create_formatted_resistance_string_tests.CreateFormattedResistanceStringTests" name="testCreateFormattedResistanceStringFourBandVioletBlackYellowGreen" time="0.000" timestamp="2018-10-19T20:33:01"/>
	<testcase classname="create_formatted_resistance_string_tests.CreateFormattedResistanceStringTests" name="testCreateFormattedResistanceStringFourBandVioletBlackYellowGrey" time="0.000" timestamp="2018-10-19T20:33:01"/>
	<testcase classname="create_formatted_resistance_string_tests.CreateFormattedResistanceStringTests" name="testCreateFormattedResistanceStringFourBandVioletBlackYellowNone" time="0.000" timestamp="2018-10-19T20:33:01"/>
	<testcase classname="create_formatted_resistance_string_tests.CreateFormattedResistanceStringTests" name="testCreateFormattedResistanceStringFourBandVioletBlackYellowRed" time="0.000" timestamp="2018-10-19T20:33:01"/>
	<testcase classname="create_formatted_resistance_string_tests.CreateFormattedResistanceStringTests" name="testCreateFormattedResistanceStringFourBandVioletBlackYellowSilver" time="0.000" timestamp="2018-10-19T20:33:01"/>
	<testcase classname="create_formatted_resistance_string_tests.CreateFormattedResistanceStringTests" name="testCreateFormattedResistanceStringFourBandVioletBlackYellowViolet" time="0.000" timestamp="2018-10-19T20:33:01"/>
	<testcase classname="create_formatted_resistance_string_tests.CreateFormattedResistanceStringTests" name="testCreateFormattedResistanceStringFourBandVioletBlueBlackBlue" time="0.000" timestamp="2018-10-19T20:33:01"/>
	<testcase classname="create_formatted_resistance_string_tests.CreateFormattedResistanceStringTests" name="testCreateFormattedResistanceStringFourBandVioletBlueBlackBrown" time="0.000" timestamp="2018-10-19T20:33:01"/>
	<testcase classname="create_formatted_resistance_string_tests.CreateFormattedResistanceStringTests" name="testCreateFormattedResistanceStringFourBandVioletBlueBlackGold" time="0.000" timestamp="2018-10-19T20:33:01"/>
	<testcase classname="create_formatted_resistance_string_tests.CreateFormattedResistanceStringTests" name="testCreateFormattedResistanceStringFourBandVioletBlueBlackGreen" time="0.000" timestamp="2018-10-19T20:33:01"/>
	<testcase classname="create_formatted_resistance_string_tests.CreateFormattedResistanceStringTests" name="testCreateFormattedResistanceStringFourBandVioletBlueBlackGrey" time="0.000" timestamp="2018-10-19T20:33:01"/>
	<testcase classname="create_formatted_resistance_string_tests.CreateFormattedResistanceStringTests" name="testCreateFormattedResistanceStringFourBandVioletBlueBlackNone" time="0.000" timestamp="2018-10-19T20:33:01"/>
	<testcase classname="create_formatted_resistance_string_tests.CreateFormattedResistanceStringTests" name="testCreateFormattedResistanceStringFourBandVioletBlueBlackRed" time="0.000" timestamp="2018-10-19T20:33:01"/>
	<testcase classname="create_formatted_resistance_string_tests.CreateFormattedResistanceStringTests" name="testCreateFormattedResistanceStringFourBandVioletBlueBlackSilver" time="0.000" timestamp="2018-10-19T20:33:01"/>
	<testcase classname="create_formatted_resistance_string_tests.CreateFormattedResistanceStringTests" name="testCreateFormattedResistanceStringFourBandVioletBlueBlackViolet" time="0.000" timestamp="2018-10-19T20:33:01"/>
	<testcase classname="create_formatted_resistance_string_tests.CreateFormattedResistanceStringTests" name="testCreateFormattedResistanceStringFourBandVioletBlueBlueBlue" time="0.000" timestamp="2018-10-19T20:33:01"/>
	<testcase classname="create_formatted_resistance_string_tests.CreateFormattedResistanceStringTests" name="testCreateFormattedResistanceStringFourBandVioletBlueBlueBrown" time="0.000" timestamp="2018-10-19T20:33:01"/>
	<testcase classname="create_formatted_resistance_string_tests.CreateFormattedResistanceStringTests" name="testCreateFormattedResistanceStringFourBandVioletBlueBlueGold" time="0.000" timestamp="2018-10-19T20:33:01"/>
	<testcase classname="create_formatted_resistance_string_tests.CreateFormattedResistanceStringTests" name="testCreateFormattedResistanceStringFourBandVioletBlueBlueGreen" time="0.000" timestamp="2018-10-19T20:33:01"/>
	<testcase classname="create_formatted_resistance_string_tests.CreateFormattedResistanceStringTests" name="testCreateFormattedResistanceStringFourBandVioletBlueBlueGrey" time="0.000" timestamp="2018-10-19T20:33:01"/>
	<testcase classname="create_formatted_resistance_string_tests.CreateFormattedResistanceStringTests" name="testCreateFormattedResistanceStringFourBandVioletBlueBlueNone" time="0.000" timestamp="2018-10-19T20:33:01"/>
	<testcase classname="create_formatted_resistance_string_tests.CreateFormattedResistanceStringTests" name="testCreateFormattedResistanceStringFourBandVioletBlueBlueRed" time="0.000" timestamp="2018-10-19T20:33:01"/>
	<testcase classname="create_formatted_resistance_string_tests.CreateFormattedResistanceStringTests" name="testCreateFormattedResistanceStringFourBandVioletBlueBlueSilver" time="0.000" timestamp="2018-10-19T20:33:01"/>
	<testcase classname="create_formatted_resistance_string_tests.CreateFormattedResistanceStringTests" name="testCreateFormattedResistanceStringFourBandVioletBlueBlueViolet" time="0.000" timestamp="2018-10-19T20:33:01"/>
	<testcase classname="create_formatted_resistance_string_tests.CreateFormattedResistanceStringTests" name="testCreateFormattedResistanceStringFourBandVioletBlueBrownBlue" time="0.000" timestamp="2018-10-19T20:33:01"/>
	<testcase classname="create_formatted_resistance_string_tests.CreateFormattedResistanceStringTests" name="testCreateFormattedResistanceStringFourBandVioletBlueBrownBrown" time="0.000" timestamp="2018-10-19T20:33:01"/>
	<testcase classname="create_formatted_resistance_string_tests.CreateFormattedResistanceStringTests" name="testCreateFormattedResistanceStringFourBandVioletBlueBrownGold" time="0.000" timestamp="2018-10-19T20:33:01"/>
	<testcase classname="create_formatted_resistance_string_tests.CreateFormattedResistanceStringTests" name="testCreateFormattedResistanceStringFourBandVioletBlueBrownGreen" time="0.000" timestamp="2018-10-19T20:33:01"/>
	<testcase classname="create_formatted_resistance_string_tests.CreateFormattedResistanceStringTests" name="testCreateFormattedResistanceStringFourBandVioletBlueBrownGrey" time="0.000" timestamp="2018-10-19T20:33:01"/>
	<testcase classname="create_formatted_resistance_string_tests.CreateFormattedResistanceStringTests" name="testCreateFormattedResistanceStringFourBandVioletBlueBrownNone" time="0.000" timestamp="2018-10-19T20:33:01"/>
	<testcase classname="create_formatted_resistance_string_tests.CreateFormattedResistanceStringTests" name="testCreateFormattedResistanceStringFourBandVioletBlueBrownRed" time="0.000" timestamp="2018-10-19T20:33:01"/>
	<testcase classname="create_formatted_resistance_string_tests.CreateFormattedResistanceStringTests" name="testCreateFormattedResistanceStringFourBandVioletBlueBrownSilver" time="0.000" timestamp="2018-10-19T20:33:01"/>
	<testcase classname="create_formatted_resistance_string_tests.CreateFormattedResistanceStringTests" name="testCreateFormattedResistanceStringFourBandVioletBlueBrownViolet" time="0.000" timestamp="2018-10-19T20:33:01"/>
	<testcase classname="create_formatted_resistance_string_tests.CreateFormattedResistanceStringTests" name="testCreateFormattedResistanceStringFourBandVioletBlueGoldBlue" time="0.000" timestamp="2018-10-19T20:33:01"/>
	<testcase classname="create_formatted_resistance_string_tests.CreateFormattedResistanceStringTests" name="testCreateFormattedResistanceStringFourBandVioletBlueGoldBrown" time="0.000" timestamp="2018-10-19T20:33:01"/>
	<testcase classname="create_formatted_resistance_string_tests.CreateFormattedResistanceStringTests" name="testCreateFormattedResistanceStringFourBandVioletBlueGoldGold" time="0.000" timestamp="2018-10-19T20:33:01"/>
	<testcase classname="create_formatted_resistance_string_tests.CreateFormattedResistanceStringTests" name="testCreateFormattedResistanceStringFourBandVioletBlueGoldGreen" time="0.000" timestamp="2018-10-19T20:33:01"/>
	<testcase classname="create_formatted_resistance_string_tests.CreateFormattedResistanceStringTests" name="testCreateFormattedResistanceStringFourBandVioletBlueGoldGrey" time="0.000" timestamp="2018-10-19T20:33:01"/>
	<testcase classname="create_formatted_resistance_string_tests.CreateFormattedResistanceStringTests" name="testCreateFormattedResistanceStringFourBandVioletBlueGoldNone" time="0.000" timestamp="2018-10-19T20:33:01"/>
	<testcase classname="create_formatted_resistance_string_tests.CreateFormattedResistanceStringTests" name="testCreateFormattedResistanceStringFourBandVioletBlueGoldRed" time="0.000" timestamp="2018-10-19T20:33:01"/>
	<testcase classname="create_formatted_resistance_string_tests.CreateFormattedResistanceStringTests" name="testCreateFormattedResistanceStringFourBandVioletBlueGoldSilver" time="0.000" timestamp="2018-10-19T20:33:01"/>
	<testcase classname="create_formatted_resistance_string_tests.CreateFormattedResistanceStringTests" name="testCreateFormattedResistanceStringFourBandVioletBlueGoldViolet" time="0.000" timestamp="2018-10-19T20:33:01"/>
	<testcase classname="create_formatted_resistance_string_tests.CreateFormattedResistanceStringTests" name="testCreateFormattedResistanceStringFourBandVioletBlueGreenBlue" time="0.000" timestamp="2018-10-19T20:33:01"/>
	<testcase classname="create_formatted_resistance_string_tests.CreateFormattedResistanceStringTests" name="testCreateFormattedResistanceStringFourBandVioletBlueGreenBrown" time="0.000" timestamp="2018-10-19T20:33:01"/>
	<testcase classname="create_formatted_resistance_string_tests.CreateFormattedResistanceStringTests" name="testCreateFormattedResistanceStringFourBandVioletBlueGreenGold" time="0.000" timestamp="2018-10-19T20:33:01"/>
	<testcase classname="create_formatted_resistance_string_tests.CreateFormattedResistanceStringTests" name="testCreateFormattedResistanceStringFourBandVioletBlueGreenGreen" time="0.000" timestamp="2018-10-19T20:33:01"/>
	<testcase classname="create_formatted_resistance_string_tests.CreateFormattedResistanceStringTests" name="testCreateFormattedResistanceStringFourBandVioletBlueGreenGrey" time="0.000" timestamp="2018-10-19T20:33:01"/>
	<testcase classname="create_formatted_resistance_string_tests.CreateFormattedResistanceStringTests" name="testCreateFormattedResistanceStringFourBandVioletBlueGreenNone" time="0.000" timestamp="2018-10-19T20:33:01"/>
	<testcase classname="create_formatted_resistance_string_tests.CreateFormattedResistanceStringTests" name="testCreateFormattedResistanceStringFourBandVioletBlueGreenRed" time="0.000" timestamp="2018-10-19T20:33:01"/>
	<testcase classname="create_formatted_resistance_string_tests.CreateFormattedResistanceStringTests" name="testCreateFormattedResistanceStringFourBandVioletBlueGreenSilver" time="0.000" timestamp="2018-10-19T20:33:01"/>
	<testcase classname="create_formatted_resistance_string_tests.CreateFormattedResistanceStringTests" name="testCreateFormattedResistanceStringFourBandVioletBlueGreenViolet" time="0.000" timestamp="2018-10-19T20:33:01"/>
	<testcase classname="create_formatted_resistance_string_tests.CreateFormattedResistanceStringTests" name="testCreateFormattedResistanceStringFourBandVioletBlueGreyBlue" time="0.000" timestamp="2018-10-19T20:33:01"/>
	<testcase classname="create_formatted_resistance_string_tests.CreateFormattedResistanceStringTests" name="testCreateFormattedResistanceStringFourBandVioletBlueGreyBrown" time="0.000" timestamp="2018-10-19T20:33:01"/>
	<testcase classname="create_formatted_resistance_string_tests.CreateFormattedResistanceStringTests" name="testCreateFormattedResistanceStringFourBandVioletBlueGreyGold" time="0.000" timestamp="2018-10-19T20:33:01"/>
	<testcase classname="create_formatted_resistance_string_tests.CreateFormattedResistanceStringTests" name="testCreateFormattedResistanceStringFourBandVioletBlueGreyGreen" time="0.000" timestamp="2018-10-19T20:33:01"/>
	<testcase classname="create_formatted_resistance_string_tests.CreateFormattedResistanceStringTests" name="testCreateFormattedResistanceStringFourBandVioletBlueGreyGrey" time="0.000" timestamp="2018-10-19T20:33:01"/>
	<testcase classname="create_formatted_resistance_string_tests.CreateFormattedResistanceStringTests" name="testCreateFormattedResistanceStringFourBandVioletBlueGreyNone" time="0.000" timestamp="2018-10-19T20:33:01"/>
	<testcase classname="create_formatted_resistance_string_tests.CreateFormattedResistanceStringTests" name="testCreateFormattedResistanceStringFourBandVioletBlueGreyRed" time="0.000" timestamp="2018-10-19T20:33:01"/>
	<testcase classname="create_formatted_resistance_string_tests.CreateFormattedResistanceStringTests" name="testCreateFormattedResistanceStringFourBandVioletBlueGreySilver" time="0.000" timestamp="2018-10-19T20:33:01"/>
	<testcase classname="create_formatted_resistance_string_tests.CreateFormattedResistanceStringTests" name="testCreateFormattedResistanceStringFourBandVioletBlueGreyViolet" time="0.000" timestamp="2018-10-19T20:33:01"/>
	<testcase classname="create_formatted_resistance_string_tests.CreateFormattedResistanceStringTests" name="testCreateFormattedResistanceStringFourBandVioletBlueOrangeBlue" time="0.000" timestamp="2018-10-19T20:33:01"/>
	<testcase classname="create_formatted_resistance_string_tests.CreateFormattedResistanceStringTests" name="testCreateFormattedResistanceStringFourBandVioletBlueOrangeBrown" time="0.000" timestamp="2018-10-19T20:33:01"/>
	<testcase classname="create_formatted_resistance_string_tests.CreateFormattedResistanceStringTests" name="testCreateFormattedResistanceStringFourBandVioletBlueOrangeGold" time="0.000" timestamp="2018-10-19T20:33:01"/>
	<testcase classname="create_formatted_resistance_string_tests.CreateFormattedResistanceStringTests" name="testCreateFormattedResistanceStringFourBandVioletBlueOrangeGreen" time="0.000" timestamp="2018-10-19T20:33:01"/>
	<testcase classname="create_formatted_resistance_string_tests.CreateFormattedResistanceStringTests" name="testCreateFormattedResistanceStringFourBandVioletBlueOrangeGrey" time="0.000" timestamp="2018-10-19T20:33:01"/>
	<testcase classname="create_formatted_resistance_string_tests.CreateFormattedResistanceStringTests" name="testCreateFormattedResistanceStringFourBandVioletBlueOrangeNone" time="0.000" timestamp="2018-10-19T20:33:01"/>
	<testcase classname="create_formatted_resistance_string_tests.CreateFormattedResistanceStringTests" name="testCreateFormattedResistanceStringFourBandVioletBlueOrangeRed" time="0.000" timestamp="2018-10-19T20:33:01"/>
	<testcase classname="create_formatted_resistance_string_tests.CreateFormattedResistanceStringTests" name="testCreateFormattedResistanceStringFourBandVioletBlueOrangeSilver" time="0.000" timestamp="2018-10-19T20:33:01"/>
	<testcase classname="create_formatted_resistance_string_tests.CreateFormattedResistanceStringTests" name="testCreateFormattedResistanceStringFourBandVioletBlueOrangeViolet" time="0.000" timestamp="2018-10-19T20:33:01"/>
	<testcase classname="create_formatted_resistance_string_tests.CreateFormattedResistanceStringTests" name="testCreateFormattedResistanceStringFourBandVioletBlueRedBlue" time="0.000" timestamp="2018-10-19T20:33:01"/>
	<testcase classname="create_formatted_resistance_string_tests.CreateFormattedResistanceStringTests" name="testCreateFormattedResistanceStringFourBandVioletBlueRedBrown" time="0.000" timestamp="2018-10-19T20:33:01"/>
	<testcase classname="create_formatted_resistance_string_tests.CreateFormattedResistanceStringTests" name="testCreateFormattedResistanceStringFourBandVioletBlueRedGold" time="0.000" timestamp="2018-10-19T20:33:01"/>
	<testcase classname="create_formatted_resistance_string_tests.CreateFormattedResistanceStringTests" name="testCreateFormattedResistanceStringFourBandVioletBlueRedGreen" time="0.000" timestamp="2018-10-19T20:33:01"/>
	<testcase classname="create_formatted_resistance_string_tests.CreateFormattedResistanceStringTests" name="testCreateFormattedResistanceStringFourBandVioletBlueRedGrey" time="0.000" timestamp="2018-10-19T20:33:01"/>
	<testcase classname="create_formatted_resistance_string_tests.CreateFormattedResistanceStringTests" name="testCreateFormattedResistanceStringFourBandVioletBlueRedNone" time="0.000" timestamp="2018-10-19T20:33:01"/>
	<testcase classname="create_formatted_resistance_string_tests.CreateFormattedResistanceStringTests" name="testCreateFormattedResistanceStringFourBandVioletBlueRedRed" time="0.000" timestamp="2018-10-19T20:33:01"/>
	<testcase classname="create_formatted_resistance_string_tests.CreateFormattedResistanceStringTests" name="testCreateFormattedResistanceStringFourBandVioletBlueRedSilver" time="0.000" timestamp="2018-10-19T20:33:01"/>
	<testcase classname="create_formatted_resistance_string_tests.CreateFormattedResistanceStringTests" name="testCreateFormattedResistanceStringFourBandVioletBlueRedViolet" time="0.000" timestamp="2018-10-19T20:33:01"/>
	<testcase classname="create_formatted_resistance_string_tests.CreateFormattedResistanceStringTests" name="testCreateFormattedResistanceStringFourBandVioletBlueSilverBlue" time="0.000" timestamp="2018-10-19T20:33:01"/>
	<testcase classname="create_formatted_resistance_string_tests.CreateFormattedResistanceStringTests" name="testCreateFormattedResistanceStringFourBandVioletBlueSilverBrown" time="0.000" timestamp="2018-10-19T20:33:01"/>
	<testcase classname="create_formatted_resistance_string_tests.CreateFormattedResistanceStringTests" name="testCreateFormattedResistanceStringFourBandVioletBlueSilverGold" time="0.000" timestamp="2018-10-19T20:33:01"/>
	<testcase classname="create_formatted_resistance_string_tests.CreateFormattedResistanceStringTests" name="testCreateFormattedResistanceStringFourBandVioletBlueSilverGreen" time="0.000" timestamp="2018-10-19T20:33:01"/>
	<testcase classname="create_formatted_resistance_string_tests.CreateFormattedResistanceStringTests" name="testCreateFormattedResistanceStringFourBandVioletBlueSilverGrey" time="0.000" timestamp="2018-10-19T20:33:01"/>
	<testcase classname="create_formatted_resistance_string_tests.CreateFormattedResistanceStringTests" name="testCreateFormattedResistanceStringFourBandVioletBlueSilverNone" time="0.000" timestamp="2018-10-19T20:33:01"/>
	<testcase classname="create_formatted_resistance_string_tests.CreateFormattedResistanceStringTests" name="testCreateFormattedResistanceStringFourBandVioletBlueSilverRed" time="0.000" timestamp="2018-10-19T20:33:01"/>
	<testcase classname="create_formatted_resistance_string_tests.CreateFormattedResistanceStringTests" name="testCreateFormattedResistanceStringFourBandVioletBlueSilverSilver" time="0.000" timestamp="2018-10-19T20:33:01"/>
	<testcase classname="create_formatted_resistance_string_tests.CreateFormattedResistanceStringTests" name="testCreateFormattedResistanceStringFourBandVioletBlueSilverViolet" time="0.000" timestamp="2018-10-19T20:33:01"/>
	<testcase classname="create_formatted_resistance_string_tests.CreateFormattedResistanceStringTests" name="testCreateFormattedResistanceStringFourBandVioletBlueVioletBlue" time="0.000" timestamp="2018-10-19T20:33:01"/>
	<testcase classname="create_formatted_resistance_string_tests.CreateFormattedResistanceStringTests" name="testCreateFormattedResistanceStringFourBandVioletBlueVioletBrown" time="0.000" timestamp="2018-10-19T20:33:01"/>
	<testcase classname="create_formatted_resistance_string_tests.CreateFormattedResistanceStringTests" name="testCreateFormattedResistanceStringFourBandVioletBlueVioletGold" time="0.000" timestamp="2018-10-19T20:33:01"/>
	<testcase classname="create_formatted_resistance_string_tests.CreateFormattedResistanceStringTests" name="testCreateFormattedResistanceStringFourBandVioletBlueVioletGreen" time="0.000" timestamp="2018-10-19T20:33:01"/>
	<testcase classname="create_formatted_resistance_string_tests.CreateFormattedResistanceStringTests" name="testCreateFormattedResistanceStringFourBandVioletBlueVioletGrey" time="0.000" timestamp="2018-10-19T20:33:01"/>
	<testcase classname="create_formatted_resistance_string_tests.CreateFormattedResistanceStringTests" name="testCreateFormattedResistanceStringFourBandVioletBlueVioletNone" time="0.000" timestamp="2018-10-19T20:33:01"/>
	<testcase classname="create_formatted_resistance_string_tests.CreateFormattedResistanceStringTests" name="testCreateFormattedResistanceStringFourBandVioletBlueVioletRed" time="0.000" timestamp="2018-10-19T20:33:01"/>
	<testcase classname="create_formatted_resistance_string_tests.CreateFormattedResistanceStringTests" name="testCreateFormattedResistanceStringFourBandVioletBlueVioletSilver" time="0.000" timestamp="2018-10-19T20:33:01"/>
	<testcase classname="create_formatted_resistance_string_tests.CreateFormattedResistanceStringTests" name="testCreateFormattedResistanceStringFourBandVioletBlueVioletViolet" time="0.000" timestamp="2018-10-19T20:33:01"/>
	<testcase classname="create_formatted_resistance_string_tests.CreateFormattedResistanceStringTests" name="testCreateFormattedResistanceStringFourBandVioletBlueWhiteBlue" time="0.000" timestamp="2018-10-19T20:33:01"/>
	<testcase classname="create_formatted_resistance_string_tests.CreateFormattedResistanceStringTests" name="testCreateFormattedResistanceStringFourBandVioletBlueWhiteBrown" time="0.000" timestamp="2018-10-19T20:33:01"/>
	<testcase classname="create_formatted_resistance_string_tests.CreateFormattedResistanceStringTests" name="testCreateFormattedResistanceStringFourBandVioletBlueWhiteGold" time="0.000" timestamp="2018-10-19T20:33:01"/>
	<testcase classname="create_formatted_resistance_string_tests.CreateFormattedResistanceStringTests" name="testCreateFormattedResistanceStringFourBandVioletBlueWhiteGreen" time="0.000" timestamp="2018-10-19T20:33:01"/>
	<testcase classname="create_formatted_resistance_string_tests.CreateFormattedResistanceStringTests" name="testCreateFormattedResistanceStringFourBandVioletBlueWhiteGrey" time="0.000" timestamp="2018-10-19T20:33:01"/>
	<testcase classname="create_formatted_resistance_string_tests.CreateFormattedResistanceStringTests" name="testCreateFormattedResistanceStringFourBandVioletBlueWhiteNone" time="0.000" timestamp="2018-10-19T20:33:01"/>
	<testcase classname="create_formatted_resistance_string_tests.CreateFormattedResistanceStringTests" name="testCreateFormattedResistanceStringFourBandVioletBlueWhiteRed" time="0.000" timestamp="2018-10-19T20:33:01"/>
	<testcase classname="create_formatted_resistance_string_tests.CreateFormattedResistanceStringTests" name="testCreateFormattedResistanceStringFourBandVioletBlueWhiteSilver" time="0.000" timestamp="2018-10-19T20:33:01"/>
	<testcase classname="create_formatted_resistance_string_tests.CreateFormattedResistanceStringTests" name="testCreateFormattedResistanceStringFourBandVioletBlueWhiteViolet" time="0.000" timestamp="2018-10-19T20:33:01"/>
	<testcase classname="create_formatted_resistance_string_tests.CreateFormattedResistanceStringTests" name="testCreateFormattedResistanceStringFourBandVioletBlueYellowBlue" time="0.000" timestamp="2018-10-19T20:33:01"/>
	<testcase classname="create_formatted_resistance_string_tests.CreateFormattedResistanceStringTests" name="testCreateFormattedResistanceStringFourBandVioletBlueYellowBrown" time="0.000" timestamp="2018-10-19T20:33:01"/>
	<testcase classname="create_formatted_resistance_string_tests.CreateFormattedResistanceStringTests" name="testCreateFormattedResistanceStringFourBandVioletBlueYellowGold" time="0.000" timestamp="2018-10-19T20:33:01"/>
	<testcase classname="create_formatted_resistance_string_tests.CreateFormattedResistanceStringTests" name="testCreateFormattedResistanceStringFourBandVioletBlueYellowGreen" time="0.000" timestamp="2018-10-19T20:33:01"/>
	<testcase classname="create_formatted_resistance_string_tests.CreateFormattedResistanceStringTests" name="testCreateFormattedResistanceStringFourBandVioletBlueYellowGrey" time="0.000" timestamp="2018-10-19T20:33:01"/>
	<testcase classname="create_formatted_resistance_string_tests.CreateFormattedResistanceStringTests" name="testCreateFormattedResistanceStringFourBandVioletBlueYellowNone" time="0.000" timestamp="2018-10-19T20:33:01"/>
	<testcase classname="create_formatted_resistance_string_tests.CreateFormattedResistanceStringTests" name="testCreateFormattedResistanceStringFourBandVioletBlueYellowRed" time="0.000" timestamp="2018-10-19T20:33:01"/>
	<testcase classname="create_formatted_resistance_string_tests.CreateFormattedResistanceStringTests" name="testCreateFormattedResistanceStringFourBandVioletBlueYellowSilver" time="0.000" timestamp="2018-10-19T20:33:01"/>
	<testcase classname="create_formatted_resistance_string_tests.CreateFormattedResistanceStringTests" name="testCreateFormattedResistanceStringFourBandVioletBlueYellowViolet" time="0.000" timestamp="2018-10-19T20:33:01"/>
	<testcase classname="create_formatted_resistance_string_tests.CreateFormattedResistanceStringTests" name="testCreateFormattedResistanceStringFourBandVioletBrownBlackBlue" time="0.000" timestamp="2018-10-19T20:33:01"/>
	<testcase classname="create_formatted_resistance_string_tests.CreateFormattedResistanceStringTests" name="testCreateFormattedResistanceStringFourBandVioletBrownBlackBrown" time="0.000" timestamp="2018-10-19T20:33:01"/>
	<testcase classname="create_formatted_resistance_string_tests.CreateFormattedResistanceStringTests" name="testCreateFormattedResistanceStringFourBandVioletBrownBlackGold" time="0.000" timestamp="2018-10-19T20:33:01"/>
	<testcase classname="create_formatted_resistance_string_tests.CreateFormattedResistanceStringTests" name="testCreateFormattedResistanceStringFourBandVioletBrownBlackGreen" time="0.000" timestamp="2018-10-19T20:33:01"/>
	<testcase classname="create_formatted_resistance_string_tests.CreateFormattedResistanceStringTests" name="testCreateFormattedResistanceStringFourBandVioletBrownBlackGrey" time="0.000" timestamp="2018-10-19T20:33:01"/>
	<testcase classname="create_formatted_resistance_string_tests.CreateFormattedResistanceStringTests" name="testCreateFormattedResistanceStringFourBandVioletBrownBlackNone" time="0.000" timestamp="2018-10-19T20:33:01"/>
	<testcase classname="create_formatted_resistance_string_tests.CreateFormattedResistanceStringTests" name="testCreateFormattedResistanceStringFourBandVioletBrownBlackRed" time="0.000" timestamp="2018-10-19T20:33:01"/>
	<testcase classname="create_formatted_resistance_string_tests.CreateFormattedResistanceStringTests" name="testCreateFormattedResistanceStringFourBandVioletBrownBlackSilver" time="0.000" timestamp="2018-10-19T20:33:01"/>
	<testcase classname="create_formatted_resistance_string_tests.CreateFormattedResistanceStringTests" name="testCreateFormattedResistanceStringFourBandVioletBrownBlackViolet" time="0.000" timestamp="2018-10-19T20:33:01"/>
	<testcase classname="create_formatted_resistance_string_tests.CreateFormattedResistanceStringTests" name="testCreateFormattedResistanceStringFourBandVioletBrownBlueBlue" time="0.000" timestamp="2018-10-19T20:33:01"/>
	<testcase classname="create_formatted_resistance_string_tests.CreateFormattedResistanceStringTests" name="testCreateFormattedResistanceStringFourBandVioletBrownBlueBrown" time="0.000" timestamp="2018-10-19T20:33:01"/>
	<testcase classname="create_formatted_resistance_string_tests.CreateFormattedResistanceStringTests" name="testCreateFormattedResistanceStringFourBandVioletBrownBlueGold" time="0.000" timestamp="2018-10-19T20:33:01"/>
	<testcase classname="create_formatted_resistance_string_tests.CreateFormattedResistanceStringTests" name="testCreateFormattedResistanceStringFourBandVioletBrownBlueGreen" time="0.000" timestamp="2018-10-19T20:33:01"/>
	<testcase classname="create_formatted_resistance_string_tests.CreateFormattedResistanceStringTests" name="testCreateFormattedResistanceStringFourBandVioletBrownBlueGrey" time="0.000" timestamp="2018-10-19T20:33:01"/>
	<testcase classname="create_formatted_resistance_string_tests.CreateFormattedResistanceStringTests" name="testCreateFormattedResistanceStringFourBandVioletBrownBlueNone" time="0.000" timestamp="2018-10-19T20:33:01"/>
	<testcase classname="create_formatted_resistance_string_tests.CreateFormattedResistanceStringTests" name="testCreateFormattedResistanceStringFourBandVioletBrownBlueRed" time="0.000" timestamp="2018-10-19T20:33:01"/>
	<testcase classname="create_formatted_resistance_string_tests.CreateFormattedResistanceStringTests" name="testCreateFormattedResistanceStringFourBandVioletBrownBlueSilver" time="0.000" timestamp="2018-10-19T20:33:01"/>
	<testcase classname="create_formatted_resistance_string_tests.CreateFormattedResistanceStringTests" name="testCreateFormattedResistanceStringFourBandVioletBrownBlueViolet" time="0.000" timestamp="2018-10-19T20:33:01"/>
	<testcase classname="create_formatted_resistance_string_tests.CreateFormattedResistanceStringTests" name="testCreateFormattedResistanceStringFourBandVioletBrownBrownBlue" time="0.000" timestamp="2018-10-19T20:33:01"/>
	<testcase classname="create_formatted_resistance_string_tests.CreateFormattedResistanceStringTests" name="testCreateFormattedResistanceStringFourBandVioletBrownBrownBrown" time="0.000" timestamp="2018-10-19T20:33:01"/>
	<testcase classname="create_formatted_resistance_string_tests.CreateFormattedResistanceStringTests" name="testCreateFormattedResistanceStringFourBandVioletBrownBrownGold" time="0.000" timestamp="2018-10-19T20:33:01"/>
	<testcase classname="create_formatted_resistance_string_tests.CreateFormattedResistanceStringTests" name="testCreateFormattedResistanceStringFourBandVioletBrownBrownGreen" time="0.000" timestamp="2018-10-19T20:33:01"/>
	<testcase classname="create_formatted_resistance_string_tests.CreateFormattedResistanceStringTests" name="testCreateFormattedResistanceStringFourBandVioletBrownBrownGrey" time="0.000" timestamp="2018-10-19T20:33:01"/>
	<testcase classname="create_formatted_resistance_string_tests.CreateFormattedResistanceStringTests" name="testCreateFormattedResistanceStringFourBandVioletBrownBrownNone" time="0.000" timestamp="2018-10-19T20:33:01"/>
	<testcase classname="create_formatted_resistance_string_tests.CreateFormattedResistanceStringTests" name="testCreateFormattedResistanceStringFourBandVioletBrownBrownRed" time="0.000" timestamp="2018-10-19T20:33:01"/>
	<testcase classname="create_formatted_resistance_string_tests.CreateFormattedResistanceStringTests" name="testCreateFormattedResistanceStringFourBandVioletBrownBrownSilver" time="0.000" timestamp="2018-10-19T20:33:01"/>
	<testcase classname="create_formatted_resistance_string_tests.CreateFormattedResistanceStringTests" name="testCreateFormattedResistanceStringFourBandVioletBrownBrownViolet" time="0.000" timestamp="2018-10-19T20:33:01"/>
	<testcase classname="create_formatted_resistance_string_tests.CreateFormattedResistanceStringTests" name="testCreateFormattedResistanceStringFourBandVioletBrownGoldBlue" time="0.000" timestamp="2018-10-19T20:33:01"/>
	<testcase classname="create_formatted_resistance_string_tests.CreateFormattedResistanceStringTests" name="testCreateFormattedResistanceStringFourBandVioletBrownGoldBrown" time="0.000" timestamp="2018-10-19T20:33:01"/>
	<testcase classname="create_formatted_resistance_string_tests.CreateFormattedResistanceStringTests" name="testCreateFormattedResistanceStringFourBandVioletBrownGoldGold" time="0.000" timestamp="2018-10-19T20:33:01"/>
	<testcase classname="create_formatted_resistance_string_tests.CreateFormattedResistanceStringTests" name="testCreateFormattedResistanceStringFourBandVioletBrownGoldGreen" time="0.000" timestamp="2018-10-19T20:33:01"/>
	<testcase classname="create_formatted_resistance_string_tests.CreateFormattedResistanceStringTests" name="testCreateFormattedResistanceStringFourBandVioletBrownGoldGrey" time="0.000" timestamp="2018-10-19T20:33:01"/>
	<testcase classname="create_formatted_resistance_string_tests.CreateFormattedResistanceStringTests" name="testCreateFormattedResistanceStringFourBandVioletBrownGoldNone" time="0.000" timestamp="2018-10-19T20:33:01"/>
	<testcase classname="create_formatted_resistance_string_tests.CreateFormattedResistanceStringTests" name="testCreateFormattedResistanceStringFourBandVioletBrownGoldRed" time="0.000" timestamp="2018-10-19T20:33:01"/>
	<testcase classname="create_formatted_resistance_string_tests.CreateFormattedResistanceStringTests" name="testCreateFormattedResistanceStringFourBandVioletBrownGoldSilver" time="0.000" timestamp="2018-10-19T20:33:01"/>
	<testcase classname="create_formatted_resistance_string_tests.CreateFormattedResistanceStringTests" name="testCreateFormattedResistanceStringFourBandVioletBrownGoldViolet" time="0.000" timestamp="2018-10-19T20:33:01"/>
	<testcase classname="create_formatted_resistance_string_tests.CreateFormattedResistanceStringTests" name="testCreateFormattedResistanceStringFourBandVioletBrownGreenBlue" time="0.000" timestamp="2018-10-19T20:33:01"/>
	<testcase classname="create_formatted_resistance_string_tests.CreateFormattedResistanceStringTests" name="testCreateFormattedResistanceStringFourBandVioletBrownGreenBrown" time="0.000" timestamp="2018-10-19T20:33:01"/>
	<testcase classname="create_formatted_resistance_string_tests.CreateFormattedResistanceStringTests" name="testCreateFormattedResistanceStringFourBandVioletBrownGreenGold" time="0.000" timestamp="2018-10-19T20:33:01"/>
	<testcase classname="create_formatted_resistance_string_tests.CreateFormattedResistanceStringTests" name="testCreateFormattedResistanceStringFourBandVioletBrownGreenGreen" time="0.000" timestamp="2018-10-19T20:33:01"/>
	<testcase classname="create_formatted_resistance_string_tests.CreateFormattedResistanceStringTests" name="testCreateFormattedResistanceStringFourBandVioletBrownGreenGrey" time="0.000" timestamp="2018-10-19T20:33:01"/>
	<testcase classname="create_formatted_resistance_string_tests.CreateFormattedResistanceStringTests" name="testCreateFormattedResistanceStringFourBandVioletBrownGreenNone" time="0.000" timestamp="2018-10-19T20:33:01"/>
	<testcase classname="create_formatted_resistance_string_tests.CreateFormattedResistanceStringTests" name="testCreateFormattedResistanceStringFourBandVioletBrownGreenRed" time="0.000" timestamp="2018-10-19T20:33:01"/>
	<testcase classname="create_formatted_resistance_string_tests.CreateFormattedResistanceStringTests" name="testCreateFormattedResistanceStringFourBandVioletBrownGreenSilver" time="0.000" timestamp="2018-10-19T20:33:01"/>
	<testcase classname="create_formatted_resistance_string_tests.CreateFormattedResistanceStringTests" name="testCreateFormattedResistanceStringFourBandVioletBrownGreenViolet" time="0.000" timestamp="2018-10-19T20:33:01"/>
	<testcase classname="create_formatted_resistance_string_tests.CreateFormattedResistanceStringTests" name="testCreateFormattedResistanceStringFourBandVioletBrownGreyBlue" time="0.000" timestamp="2018-10-19T20:33:01"/>
	<testcase classname="create_formatted_resistance_string_tests.CreateFormattedResistanceStringTests" name="testCreateFormattedResistanceStringFourBandVioletBrownGreyBrown" time="0.000" timestamp="2018-10-19T20:33:01"/>
	<testcase classname="create_formatted_resistance_string_tests.CreateFormattedResistanceStringTests" name="testCreateFormattedResistanceStringFourBandVioletBrownGreyGold" time="0.000" timestamp="2018-10-19T20:33:01"/>
	<testcase classname="create_formatted_resistance_string_tests.CreateFormattedResistanceStringTests" name="testCreateFormattedResistanceStringFourBandVioletBrownGreyGreen" time="0.000" timestamp="2018-10-19T20:33:01"/>
	<testcase classname="create_formatted_resistance_string_tests.CreateFormattedResistanceStringTests" name="testCreateFormattedResistanceStringFourBandVioletBrownGreyGrey" time="0.000" timestamp="2018-10-19T20:33:01"/>
	<testcase classname="create_formatted_resistance_string_tests.CreateFormattedResistanceStringTests" name="testCreateFormattedResistanceStringFourBandVioletBrownGreyNone" time="0.000" timestamp="2018-10-19T20:33:01"/>
	<testcase classname="create_formatted_resistance_string_tests.CreateFormattedResistanceStringTests" name="testCreateFormattedResistanceStringFourBandVioletBrownGreyRed" time="0.000" timestamp="2018-10-19T20:33:01"/>
	<testcase classname="create_formatted_resistance_string_tests.CreateFormattedResistanceStringTests" name="testCreateFormattedResistanceStringFourBandVioletBrownGreySilver" time="0.000" timestamp="2018-10-19T20:33:01"/>
	<testcase classname="create_formatted_resistance_string_tests.CreateFormattedResistanceStringTests" name="testCreateFormattedResistanceStringFourBandVioletBrownGreyViolet" time="0.000" timestamp="2018-10-19T20:33:01"/>
	<testcase classname="create_formatted_resistance_string_tests.CreateFormattedResistanceStringTests" name="testCreateFormattedResistanceStringFourBandVioletBrownOrangeBlue" time="0.000" timestamp="2018-10-19T20:33:01"/>
	<testcase classname="create_formatted_resistance_string_tests.CreateFormattedResistanceStringTests" name="testCreateFormattedResistanceStringFourBandVioletBrownOrangeBrown" time="0.000" timestamp="2018-10-19T20:33:01"/>
	<testcase classname="create_formatted_resistance_string_tests.CreateFormattedResistanceStringTests" name="testCreateFormattedResistanceStringFourBandVioletBrownOrangeGold" time="0.000" timestamp="2018-10-19T20:33:01"/>
	<testcase classname="create_formatted_resistance_string_tests.CreateFormattedResistanceStringTests" name="testCreateFormattedResistanceStringFourBandVioletBrownOrangeGreen" time="0.000" timestamp="2018-10-19T20:33:01"/>
	<testcase classname="create_formatted_resistance_string_tests.CreateFormattedResistanceStringTests" name="testCreateFormattedResistanceStringFourBandVioletBrownOrangeGrey" time="0.000" timestamp="2018-10-19T20:33:01"/>
	<testcase classname="create_formatted_resistance_string_tests.CreateFormattedResistanceStringTests" name="testCreateFormattedResistanceStringFourBandVioletBrownOrangeNone" time="0.000" timestamp="2018-10-19T20:33:01"/>
	<testcase classname="create_formatted_resistance_string_tests.CreateFormattedResistanceStringTests" name="testCreateFormattedResistanceStringFourBandVioletBrownOrangeRed" time="0.000" timestamp="2018-10-19T20:33:01"/>
	<testcase classname="create_formatted_resistance_string_tests.CreateFormattedResistanceStringTests" name="testCreateFormattedResistanceStringFourBandVioletBrownOrangeSilver" time="0.000" timestamp="2018-10-19T20:33:01"/>
	<testcase classname="create_formatted_resistance_string_tests.CreateFormattedResistanceStringTests" name="testCreateFormattedResistanceStringFourBandVioletBrownOrangeViolet" time="0.000" timestamp="2018-10-19T20:33:01"/>
	<testcase classname="create_formatted_resistance_string_tests.CreateFormattedResistanceStringTests" name="testCreateFormattedResistanceStringFourBandVioletBrownRedBlue" time="0.000" timestamp="2018-10-19T20:33:01"/>
	<testcase classname="create_formatted_resistance_string_tests.CreateFormattedResistanceStringTests" name="testCreateFormattedResistanceStringFourBandVioletBrownRedBrown" time="0.000" timestamp="2018-10-19T20:33:01"/>
	<testcase classname="create_formatted_resistance_string_tests.CreateFormattedResistanceStringTests" name="testCreateFormattedResistanceStringFourBandVioletBrownRedGold" time="0.000" timestamp="2018-10-19T20:33:01"/>
	<testcase classname="create_formatted_resistance_string_tests.CreateFormattedResistanceStringTests" name="testCreateFormattedResistanceStringFourBandVioletBrownRedGreen" time="0.000" timestamp="2018-10-19T20:33:01"/>
	<testcase classname="create_formatted_resistance_string_tests.CreateFormattedResistanceStringTests" name="testCreateFormattedResistanceStringFourBandVioletBrownRedGrey" time="0.000" timestamp="2018-10-19T20:33:01"/>
	<testcase classname="create_formatted_resistance_string_tests.CreateFormattedResistanceStringTests" name="testCreateFormattedResistanceStringFourBandVioletBrownRedNone" time="0.000" timestamp="2018-10-19T20:33:01"/>
	<testcase classname="create_formatted_resistance_string_tests.CreateFormattedResistanceStringTests" name="testCreateFormattedResistanceStringFourBandVioletBrownRedRed" time="0.000" timestamp="2018-10-19T20:33:01"/>
	<testcase classname="create_formatted_resistance_string_tests.CreateFormattedResistanceStringTests" name="testCreateFormattedResistanceStringFourBandVioletBrownRedSilver" time="0.000" timestamp="2018-10-19T20:33:01"/>
	<testcase classname="create_formatted_resistance_string_tests.CreateFormattedResistanceStringTests" name="testCreateFormattedResistanceStringFourBandVioletBrownRedViolet" time="0.000" timestamp="2018-10-19T20:33:01"/>
	<testcase classname="create_formatted_resistance_string_tests.CreateFormattedResistanceStringTests" name="testCreateFormattedResistanceStringFourBandVioletBrownSilverBlue" time="0.000" timestamp="2018-10-19T20:33:01"/>
	<testcase classname="create_formatted_resistance_string_tests.CreateFormattedResistanceStringTests" name="testCreateFormattedResistanceStringFourBandVioletBrownSilverBrown" time="0.000" timestamp="2018-10-19T20:33:01"/>
	<testcase classname="create_formatted_resistance_string_tests.CreateFormattedResistanceStringTests" name="testCreateFormattedResistanceStringFourBandVioletBrownSilverGold" time="0.000" timestamp="2018-10-19T20:33:01"/>
	<testcase classname="create_formatted_resistance_string_tests.CreateFormattedResistanceStringTests" name="testCreateFormattedResistanceStringFourBandVioletBrownSilverGreen" time="0.000" timestamp="2018-10-19T20:33:01"/>
	<testcase classname="create_formatted_resistance_string_tests.CreateFormattedResistanceStringTests" name="testCreateFormattedResistanceStringFourBandVioletBrownSilverGrey" time="0.000" timestamp="2018-10-19T20:33:01"/>
	<testcase classname="create_formatted_resistance_string_tests.CreateFormattedResistanceStringTests" name="testCreateFormattedResistanceStringFourBandVioletBrownSilverNone" time="0.000" timestamp="2018-10-19T20:33:01"/>
	<testcase classname="create_formatted_resistance_string_tests.CreateFormattedResistanceStringTests" name="testCreateFormattedResistanceStringFourBandVioletBrownSilverRed" time="0.000" timestamp="2018-10-19T20:33:01"/>
	<testcase classname="create_formatted_resistance_string_tests.CreateFormattedResistanceStringTests" name="testCreateFormattedResistanceStringFourBandVioletBrownSilverSilver" time="0.000" timestamp="2018-10-19T20:33:01"/>
	<testcase classname="create_formatted_resistance_string_tests.CreateFormattedResistanceStringTests" name="testCreateFormattedResistanceStringFourBandVioletBrownSilverViolet" time="0.000" timestamp="2018-10-19T20:33:01"/>
	<testcase classname="create_formatted_resistance_string_tests.CreateFormattedResistanceStringTests" name="testCreateFormattedResistanceStringFourBandVioletBrownVioletBlue" time="0.000" timestamp="2018-10-19T20:33:01"/>
	<testcase classname="create_formatted_resistance_string_tests.CreateFormattedResistanceStringTests" name="testCreateFormattedResistanceStringFourBandVioletBrownVioletBrown" time="0.000" timestamp="2018-10-19T20:33:01"/>
	<testcase classname="create_formatted_resistance_string_tests.CreateFormattedResistanceStringTests" name="testCreateFormattedResistanceStringFourBandVioletBrownVioletGold" time="0.000" timestamp="2018-10-19T20:33:01"/>
	<testcase classname="create_formatted_resistance_string_tests.CreateFormattedResistanceStringTests" name="testCreateFormattedResistanceStringFourBandVioletBrownVioletGreen" time="0.000" timestamp="2018-10-19T20:33:01"/>
	<testcase classname="create_formatted_resistance_string_tests.CreateFormattedResistanceStringTests" name="testCreateFormattedResistanceStringFourBandVioletBrownVioletGrey" time="0.000" timestamp="2018-10-19T20:33:01"/>
	<testcase classname="create_formatted_resistance_string_tests.CreateFormattedResistanceStringTests" name="testCreateFormattedResistanceStringFourBandVioletBrownVioletNone" time="0.000" timestamp="2018-10-19T20:33:01"/>
	<testcase classname="create_formatted_resistance_string_tests.CreateFormattedResistanceStringTests" name="testCreateFormattedResistanceStringFourBandVioletBrownVioletRed" time="0.000" timestamp="2018-10-19T20:33:01"/>
	<testcase classname="create_formatted_resistance_string_tests.CreateFormattedResistanceStringTests" name="testCreateFormattedResistanceStringFourBandVioletBrownVioletSilver" time="0.000" timestamp="2018-10-19T20:33:01"/>
	<testcase classname="create_formatted_resistance_string_tests.CreateFormattedResistanceStringTests" name="testCreateFormattedResistanceStringFourBandVioletBrownVioletViolet" time="0.000" timestamp="2018-10-19T20:33:01"/>
	<testcase classname="create_formatted_resistance_string_tests.CreateFormattedResistanceStringTests" name="testCreateFormattedResistanceStringFourBandVioletBrownWhiteBlue" time="0.000" timestamp="2018-10-19T20:33:01"/>
	<testcase classname="create_formatted_resistance_string_tests.CreateFormattedResistanceStringTests" name="testCreateFormattedResistanceStringFourBandVioletBrownWhiteBrown" time="0.000" timestamp="2018-10-19T20:33:01"/>
	<testcase classname="create_formatted_resistance_string_tests.CreateFormattedResistanceStringTests" name="testCreateFormattedResistanceStringFourBandVioletBrownWhiteGold" time="0.000" timestamp="2018-10-19T20:33:01"/>
	<testcase classname="create_formatted_resistance_string_tests.CreateFormattedResistanceStringTests" name="testCreateFormattedResistanceStringFourBandVioletBrownWhiteGreen" time="0.000" timestamp="2018-10-19T20:33:01"/>
	<testcase classname="create_formatted_resistance_string_tests.CreateFormattedResistanceStringTests" name="testCreateFormattedResistanceStringFourBandVioletBrownWhiteGrey" time="0.000" timestamp="2018-10-19T20:33:01"/>
	<testcase classname="create_formatted_resistance_string_tests.CreateFormattedResistanceStringTests" name="testCreateFormattedResistanceStringFourBandVioletBrownWhiteNone" time="0.000" timestamp="2018-10-19T20:33:01"/>
	<testcase classname="create_formatted_resistance_string_tests.CreateFormattedResistanceStringTests" name="testCreateFormattedResistanceStringFourBandVioletBrownWhiteRed" time="0.000" timestamp="2018-10-19T20:33:01"/>
	<testcase classname="create_formatted_resistance_string_tests.CreateFormattedResistanceStringTests" name="testCreateFormattedResistanceStringFourBandVioletBrownWhiteSilver" time="0.000" timestamp="2018-10-19T20:33:01"/>
	<testcase classname="create_formatted_resistance_string_tests.CreateFormattedResistanceStringTests" name="testCreateFormattedResistanceStringFourBandVioletBrownWhiteViolet" time="0.000" timestamp="2018-10-19T20:33:01"/>
	<testcase classname="create_formatted_resistance_string_tests.CreateFormattedResistanceStringTests" name="testCreateFormattedResistanceStringFourBandVioletBrownYellowBlue" time="0.000" timestamp="2018-10-19T20:33:01"/>
	<testcase classname="create_formatted_resistance_string_tests.CreateFormattedResistanceStringTests" name="testCreateFormattedResistanceStringFourBandVioletBrownYellowBrown" time="0.000" timestamp="2018-10-19T20:33:01"/>
	<testcase classname="create_formatted_resistance_string_tests.CreateFormattedResistanceStringTests" name="testCreateFormattedResistanceStringFourBandVioletBrownYellowGold" time="0.000" timestamp="2018-10-19T20:33:01"/>
	<testcase classname="create_formatted_resistance_string_tests.CreateFormattedResistanceStringTests" name="testCreateFormattedResistanceStringFourBandVioletBrownYellowGreen" time="0.000" timestamp="2018-10-19T20:33:01"/>
	<testcase classname="create_formatted_resistance_string_tests.CreateFormattedResistanceStringTests" name="testCreateFormattedResistanceStringFourBandVioletBrownYellowGrey" time="0.000" timestamp="2018-10-19T20:33:01"/>
	<testcase classname="create_formatted_resistance_string_tests.CreateFormattedResistanceStringTests" name="testCreateFormattedResistanceStringFourBandVioletBrownYellowNone" time="0.000" timestamp="2018-10-19T20:33:01"/>
	<testcase classname="create_formatted_resistance_string_tests.CreateFormattedResistanceStringTests" name="testCreateFormattedResistanceStringFourBandVioletBrownYellowRed" time="0.000" timestamp="2018-10-19T20:33:01"/>
	<testcase classname="create_formatted_resistance_string_tests.CreateFormattedResistanceStringTests" name="testCreateFormattedResistanceStringFourBandVioletBrownYellowSilver" time="0.000" timestamp="2018-10-19T20:33:01"/>
	<testcase classname="create_formatted_resistance_string_tests.CreateFormattedResistanceStringTests" name="testCreateFormattedResistanceStringFourBandVioletBrownYellowViolet" time="0.000" timestamp="2018-10-19T20:33:01"/>
	<testcase classname="create_formatted_resistance_string_tests.CreateFormattedResistanceStringTests" name="testCreateFormattedResistanceStringFourBandVioletGreenBlackBlue" time="0.000" timestamp="2018-10-19T20:33:01"/>
	<testcase classname="create_formatted_resistance_string_tests.CreateFormattedResistanceStringTests" name="testCreateFormattedResistanceStringFourBandVioletGreenBlackBrown" time="0.000" timestamp="2018-10-19T20:33:01"/>
	<testcase classname="create_formatted_resistance_string_tests.CreateFormattedResistanceStringTests" name="testCreateFormattedResistanceStringFourBandVioletGreenBlackGold" time="0.000" timestamp="2018-10-19T20:33:01"/>
	<testcase classname="create_formatted_resistance_string_tests.CreateFormattedResistanceStringTests" name="testCreateFormattedResistanceStringFourBandVioletGreenBlackGreen" time="0.000" timestamp="2018-10-19T20:33:01"/>
	<testcase classname="create_formatted_resistance_string_tests.CreateFormattedResistanceStringTests" name="testCreateFormattedResistanceStringFourBandVioletGreenBlackGrey" time="0.000" timestamp="2018-10-19T20:33:01"/>
	<testcase classname="create_formatted_resistance_string_tests.CreateFormattedResistanceStringTests" name="testCreateFormattedResistanceStringFourBandVioletGreenBlackNone" time="0.000" timestamp="2018-10-19T20:33:01"/>
	<testcase classname="create_formatted_resistance_string_tests.CreateFormattedResistanceStringTests" name="testCreateFormattedResistanceStringFourBandVioletGreenBlackRed" time="0.000" timestamp="2018-10-19T20:33:01"/>
	<testcase classname="create_formatted_resistance_string_tests.CreateFormattedResistanceStringTests" name="testCreateFormattedResistanceStringFourBandVioletGreenBlackSilver" time="0.000" timestamp="2018-10-19T20:33:01"/>
	<testcase classname="create_formatted_resistance_string_tests.CreateFormattedResistanceStringTests" name="testCreateFormattedResistanceStringFourBandVioletGreenBlackViolet" time="0.000" timestamp="2018-10-19T20:33:01"/>
	<testcase classname="create_formatted_resistance_string_tests.CreateFormattedResistanceStringTests" name="testCreateFormattedResistanceStringFourBandVioletGreenBlueBlue" time="0.000" timestamp="2018-10-19T20:33:01"/>
	<testcase classname="create_formatted_resistance_string_tests.CreateFormattedResistanceStringTests" name="testCreateFormattedResistanceStringFourBandVioletGreenBlueBrown" time="0.000" timestamp="2018-10-19T20:33:01"/>
	<testcase classname="create_formatted_resistance_string_tests.CreateFormattedResistanceStringTests" name="testCreateFormattedResistanceStringFourBandVioletGreenBlueGold" time="0.000" timestamp="2018-10-19T20:33:01"/>
	<testcase classname="create_formatted_resistance_string_tests.CreateFormattedResistanceStringTests" name="testCreateFormattedResistanceStringFourBandVioletGreenBlueGreen" time="0.000" timestamp="2018-10-19T20:33:01"/>
	<testcase classname="create_formatted_resistance_string_tests.CreateFormattedResistanceStringTests" name="testCreateFormattedResistanceStringFourBandVioletGreenBlueGrey" time="0.000" timestamp="2018-10-19T20:33:01"/>
	<testcase classname="create_formatted_resistance_string_tests.CreateFormattedResistanceStringTests" name="testCreateFormattedResistanceStringFourBandVioletGreenBlueNone" time="0.000" timestamp="2018-10-19T20:33:01"/>
	<testcase classname="create_formatted_resistance_string_tests.CreateFormattedResistanceStringTests" name="testCreateFormattedResistanceStringFourBandVioletGreenBlueRed" time="0.000" timestamp="2018-10-19T20:33:01"/>
	<testcase classname="create_formatted_resistance_string_tests.CreateFormattedResistanceStringTests" name="testCreateFormattedResistanceStringFourBandVioletGreenBlueSilver" time="0.000" timestamp="2018-10-19T20:33:01"/>
	<testcase classname="create_formatted_resistance_string_tests.CreateFormattedResistanceStringTests" name="testCreateFormattedResistanceStringFourBandVioletGreenBlueViolet" time="0.000" timestamp="2018-10-19T20:33:01"/>
	<testcase classname="create_formatted_resistance_string_tests.CreateFormattedResistanceStringTests" name="testCreateFormattedResistanceStringFourBandVioletGreenBrownBlue" time="0.000" timestamp="2018-10-19T20:33:01"/>
	<testcase classname="create_formatted_resistance_string_tests.CreateFormattedResistanceStringTests" name="testCreateFormattedResistanceStringFourBandVioletGreenBrownBrown" time="0.000" timestamp="2018-10-19T20:33:01"/>
	<testcase classname="create_formatted_resistance_string_tests.CreateFormattedResistanceStringTests" name="testCreateFormattedResistanceStringFourBandVioletGreenBrownGold" time="0.000" timestamp="2018-10-19T20:33:01"/>
	<testcase classname="create_formatted_resistance_string_tests.CreateFormattedResistanceStringTests" name="testCreateFormattedResistanceStringFourBandVioletGreenBrownGreen" time="0.000" timestamp="2018-10-19T20:33:01"/>
	<testcase classname="create_formatted_resistance_string_tests.CreateFormattedResistanceStringTests" name="testCreateFormattedResistanceStringFourBandVioletGreenBrownGrey" time="0.000" timestamp="2018-10-19T20:33:01"/>
	<testcase classname="create_formatted_resistance_string_tests.CreateFormattedResistanceStringTests" name="testCreateFormattedResistanceStringFourBandVioletGreenBrownNone" time="0.000" timestamp="2018-10-19T20:33:01"/>
	<testcase classname="create_formatted_resistance_string_tests.CreateFormattedResistanceStringTests" name="testCreateFormattedResistanceStringFourBandVioletGreenBrownRed" time="0.000" timestamp="2018-10-19T20:33:01"/>
	<testcase classname="create_formatted_resistance_string_tests.CreateFormattedResistanceStringTests" name="testCreateFormattedResistanceStringFourBandVioletGreenBrownSilver" time="0.000" timestamp="2018-10-19T20:33:01"/>
	<testcase classname="create_formatted_resistance_string_tests.CreateFormattedResistanceStringTests" name="testCreateFormattedResistanceStringFourBandVioletGreenBrownViolet" time="0.000" timestamp="2018-10-19T20:33:01"/>
	<testcase classname="create_formatted_resistance_string_tests.CreateFormattedResistanceStringTests" name="testCreateFormattedResistanceStringFourBandVioletGreenGoldBlue" time="0.000" timestamp="2018-10-19T20:33:01"/>
	<testcase classname="create_formatted_resistance_string_tests.CreateFormattedResistanceStringTests" name="testCreateFormattedResistanceStringFourBandVioletGreenGoldBrown" time="0.000" timestamp="2018-10-19T20:33:01"/>
	<testcase classname="create_formatted_resistance_string_tests.CreateFormattedResistanceStringTests" name="testCreateFormattedResistanceStringFourBandVioletGreenGoldGold" time="0.000" timestamp="2018-10-19T20:33:01"/>
	<testcase classname="create_formatted_resistance_string_tests.CreateFormattedResistanceStringTests" name="testCreateFormattedResistanceStringFourBandVioletGreenGoldGreen" time="0.000" timestamp="2018-10-19T20:33:01"/>
	<testcase classname="create_formatted_resistance_string_tests.CreateFormattedResistanceStringTests" name="testCreateFormattedResistanceStringFourBandVioletGreenGoldGrey" time="0.000" timestamp="2018-10-19T20:33:01"/>
	<testcase classname="create_formatted_resistance_string_tests.CreateFormattedResistanceStringTests" name="testCreateFormattedResistanceStringFourBandVioletGreenGoldNone" time="0.000" timestamp="2018-10-19T20:33:01"/>
	<testcase classname="create_formatted_resistance_string_tests.CreateFormattedResistanceStringTests" name="testCreateFormattedResistanceStringFourBandVioletGreenGoldRed" time="0.000" timestamp="2018-10-19T20:33:01"/>
	<testcase classname="create_formatted_resistance_string_tests.CreateFormattedResistanceStringTests" name="testCreateFormattedResistanceStringFourBandVioletGreenGoldSilver" time="0.000" timestamp="2018-10-19T20:33:01"/>
	<testcase classname="create_formatted_resistance_string_tests.CreateFormattedResistanceStringTests" name="testCreateFormattedResistanceStringFourBandVioletGreenGoldViolet" time="0.000" timestamp="2018-10-19T20:33:01"/>
	<testcase classname="create_formatted_resistance_string_tests.CreateFormattedResistanceStringTests" name="testCreateFormattedResistanceStringFourBandVioletGreenGreenBlue" time="0.000" timestamp="2018-10-19T20:33:01"/>
	<testcase classname="create_formatted_resistance_string_tests.CreateFormattedResistanceStringTests" name="testCreateFormattedResistanceStringFourBandVioletGreenGreenBrown" time="0.000" timestamp="2018-10-19T20:33:01"/>
	<testcase classname="create_formatted_resistance_string_tests.CreateFormattedResistanceStringTests" name="testCreateFormattedResistanceStringFourBandVioletGreenGreenGold" time="0.000" timestamp="2018-10-19T20:33:01"/>
	<testcase classname="create_formatted_resistance_string_tests.CreateFormattedResistanceStringTests" name="testCreateFormattedResistanceStringFourBandVioletGreenGreenGreen" time="0.000" timestamp="2018-10-19T20:33:01"/>
	<testcase classname="create_formatted_resistance_string_tests.CreateFormattedResistanceStringTests" name="testCreateFormattedResistanceStringFourBandVioletGreenGreenGrey" time="0.000" timestamp="2018-10-19T20:33:01"/>
	<testcase classname="create_formatted_resistance_string_tests.CreateFormattedResistanceStringTests" name="testCreateFormattedResistanceStringFourBandVioletGreenGreenNone" time="0.000" timestamp="2018-10-19T20:33:01"/>
	<testcase classname="create_formatted_resistance_string_tests.CreateFormattedResistanceStringTests" name="testCreateFormattedResistanceStringFourBandVioletGreenGreenRed" time="0.000" timestamp="2018-10-19T20:33:01"/>
	<testcase classname="create_formatted_resistance_string_tests.CreateFormattedResistanceStringTests" name="testCreateFormattedResistanceStringFourBandVioletGreenGreenSilver" time="0.000" timestamp="2018-10-19T20:33:01"/>
	<testcase classname="create_formatted_resistance_string_tests.CreateFormattedResistanceStringTests" name="testCreateFormattedResistanceStringFourBandVioletGreenGreenViolet" time="0.000" timestamp="2018-10-19T20:33:01"/>
	<testcase classname="create_formatted_resistance_string_tests.CreateFormattedResistanceStringTests" name="testCreateFormattedResistanceStringFourBandVioletGreenGreyBlue" time="0.000" timestamp="2018-10-19T20:33:01"/>
	<testcase classname="create_formatted_resistance_string_tests.CreateFormattedResistanceStringTests" name="testCreateFormattedResistanceStringFourBandVioletGreenGreyBrown" time="0.000" timestamp="2018-10-19T20:33:01"/>
	<testcase classname="create_formatted_resistance_string_tests.CreateFormattedResistanceStringTests" name="testCreateFormattedResistanceStringFourBandVioletGreenGreyGold" time="0.000" timestamp="2018-10-19T20:33:01"/>
	<testcase classname="create_formatted_resistance_string_tests.CreateFormattedResistanceStringTests" name="testCreateFormattedResistanceStringFourBandVioletGreenGreyGreen" time="0.000" timestamp="2018-10-19T20:33:01"/>
	<testcase classname="create_formatted_resistance_string_tests.CreateFormattedResistanceStringTests" name="testCreateFormattedResistanceStringFourBandVioletGreenGreyGrey" time="0.000" timestamp="2018-10-19T20:33:01"/>
	<testcase classname="create_formatted_resistance_string_tests.CreateFormattedResistanceStringTests" name="testCreateFormattedResistanceStringFourBandVioletGreenGreyNone" time="0.000" timestamp="2018-10-19T20:33:01"/>
	<testcase classname="create_formatted_resistance_string_tests.CreateFormattedResistanceStringTests" name="testCreateFormattedResistanceStringFourBandVioletGreenGreyRed" time="0.000" timestamp="2018-10-19T20:33:01"/>
	<testcase classname="create_formatted_resistance_string_tests.CreateFormattedResistanceStringTests" name="testCreateFormattedResistanceStringFourBandVioletGreenGreySilver" time="0.000" timestamp="2018-10-19T20:33:01"/>
	<testcase classname="create_formatted_resistance_string_tests.CreateFormattedResistanceStringTests" name="testCreateFormattedResistanceStringFourBandVioletGreenGreyViolet" time="0.000" timestamp="2018-10-19T20:33:01"/>
	<testcase classname="create_formatted_resistance_string_tests.CreateFormattedResistanceStringTests" name="testCreateFormattedResistanceStringFourBandVioletGreenOrangeBlue" time="0.000" timestamp="2018-10-19T20:33:01"/>
	<testcase classname="create_formatted_resistance_string_tests.CreateFormattedResistanceStringTests" name="testCreateFormattedResistanceStringFourBandVioletGreenOrangeBrown" time="0.000" timestamp="2018-10-19T20:33:01"/>
	<testcase classname="create_formatted_resistance_string_tests.CreateFormattedResistanceStringTests" name="testCreateFormattedResistanceStringFourBandVioletGreenOrangeGold" time="0.000" timestamp="2018-10-19T20:33:01"/>
	<testcase classname="create_formatted_resistance_string_tests.CreateFormattedResistanceStringTests" name="testCreateFormattedResistanceStringFourBandVioletGreenOrangeGreen" time="0.000" timestamp="2018-10-19T20:33:01"/>
	<testcase classname="create_formatted_resistance_string_tests.CreateFormattedResistanceStringTests" name="testCreateFormattedResistanceStringFourBandVioletGreenOrangeGrey" time="0.000" timestamp="2018-10-19T20:33:01"/>
	<testcase classname="create_formatted_resistance_string_tests.CreateFormattedResistanceStringTests" name="testCreateFormattedResistanceStringFourBandVioletGreenOrangeNone" time="0.000" timestamp="2018-10-19T20:33:01"/>
	<testcase classname="create_formatted_resistance_string_tests.CreateFormattedResistanceStringTests" name="testCreateFormattedResistanceStringFourBandVioletGreenOrangeRed" time="0.000" timestamp="2018-10-19T20:33:01"/>
	<testcase classname="create_formatted_resistance_string_tests.CreateFormattedResistanceStringTests" name="testCreateFormattedResistanceStringFourBandVioletGreenOrangeSilver" time="0.000" timestamp="2018-10-19T20:33:01"/>
	<testcase classname="create_formatted_resistance_string_tests.CreateFormattedResistanceStringTests" name="testCreateFormattedResistanceStringFourBandVioletGreenOrangeViolet" time="0.000" timestamp="2018-10-19T20:33:01"/>
	<testcase classname="create_formatted_resistance_string_tests.CreateFormattedResistanceStringTests" name="testCreateFormattedResistanceStringFourBandVioletGreenRedBlue" time="0.000" timestamp="2018-10-19T20:33:01"/>
	<testcase classname="create_formatted_resistance_string_tests.CreateFormattedResistanceStringTests" name="testCreateFormattedResistanceStringFourBandVioletGreenRedBrown" time="0.000" timestamp="2018-10-19T20:33:01"/>
	<testcase classname="create_formatted_resistance_string_tests.CreateFormattedResistanceStringTests" name="testCreateFormattedResistanceStringFourBandVioletGreenRedGold" time="0.000" timestamp="2018-10-19T20:33:01"/>
	<testcase classname="create_formatted_resistance_string_tests.CreateFormattedResistanceStringTests" name="testCreateFormattedResistanceStringFourBandVioletGreenRedGreen" time="0.000" timestamp="2018-10-19T20:33:01"/>
	<testcase classname="create_formatted_resistance_string_tests.CreateFormattedResistanceStringTests" name="testCreateFormattedResistanceStringFourBandVioletGreenRedGrey" time="0.000" timestamp="2018-10-19T20:33:01"/>
	<testcase classname="create_formatted_resistance_string_tests.CreateFormattedResistanceStringTests" name="testCreateFormattedResistanceStringFourBandVioletGreenRedNone" time="0.000" timestamp="2018-10-19T20:33:01"/>
	<testcase classname="create_formatted_resistance_string_tests.CreateFormattedResistanceStringTests" name="testCreateFormattedResistanceStringFourBandVioletGreenRedRed" time="0.000" timestamp="2018-10-19T20:33:01"/>
	<testcase classname="create_formatted_resistance_string_tests.CreateFormattedResistanceStringTests" name="testCreateFormattedResistanceStringFourBandVioletGreenRedSilver" time="0.000" timestamp="2018-10-19T20:33:01"/>
	<testcase classname="create_formatted_resistance_string_tests.CreateFormattedResistanceStringTests" name="testCreateFormattedResistanceStringFourBandVioletGreenRedViolet" time="0.000" timestamp="2018-10-19T20:33:01"/>
	<testcase classname="create_formatted_resistance_string_tests.CreateFormattedResistanceStringTests" name="testCreateFormattedResistanceStringFourBandVioletGreenSilverBlue" time="0.000" timestamp="2018-10-19T20:33:01"/>
	<testcase classname="create_formatted_resistance_string_tests.CreateFormattedResistanceStringTests" name="testCreateFormattedResistanceStringFourBandVioletGreenSilverBrown" time="0.000" timestamp="2018-10-19T20:33:01"/>
	<testcase classname="create_formatted_resistance_string_tests.CreateFormattedResistanceStringTests" name="testCreateFormattedResistanceStringFourBandVioletGreenSilverGold" time="0.000" timestamp="2018-10-19T20:33:01"/>
	<testcase classname="create_formatted_resistance_string_tests.CreateFormattedResistanceStringTests" name="testCreateFormattedResistanceStringFourBandVioletGreenSilverGreen" time="0.000" timestamp="2018-10-19T20:33:01"/>
	<testcase classname="create_formatted_resistance_string_tests.CreateFormattedResistanceStringTests" name="testCreateFormattedResistanceStringFourBandVioletGreenSilverGrey" time="0.000" timestamp="2018-10-19T20:33:01"/>
	<testcase classname="create_formatted_resistance_string_tests.CreateFormattedResistanceStringTests" name="testCreateFormattedResistanceStringFourBandVioletGreenSilverNone" time="0.000" timestamp="2018-10-19T20:33:01"/>
	<testcase classname="create_formatted_resistance_string_tests.CreateFormattedResistanceStringTests" name="testCreateFormattedResistanceStringFourBandVioletGreenSilverRed" time="0.000" timestamp="2018-10-19T20:33:01"/>
	<testcase classname="create_formatted_resistance_string_tests.CreateFormattedResistanceStringTests" name="testCreateFormattedResistanceStringFourBandVioletGreenSilverSilver" time="0.000" timestamp="2018-10-19T20:33:01"/>
	<testcase classname="create_formatted_resistance_string_tests.CreateFormattedResistanceStringTests" name="testCreateFormattedResistanceStringFourBandVioletGreenSilverViolet" time="0.000" timestamp="2018-10-19T20:33:01"/>
	<testcase classname="create_formatted_resistance_string_tests.CreateFormattedResistanceStringTests" name="testCreateFormattedResistanceStringFourBandVioletGreenVioletBlue" time="0.000" timestamp="2018-10-19T20:33:01"/>
	<testcase classname="create_formatted_resistance_string_tests.CreateFormattedResistanceStringTests" name="testCreateFormattedResistanceStringFourBandVioletGreenVioletBrown" time="0.000" timestamp="2018-10-19T20:33:01"/>
	<testcase classname="create_formatted_resistance_string_tests.CreateFormattedResistanceStringTests" name="testCreateFormattedResistanceStringFourBandVioletGreenVioletGold" time="0.000" timestamp="2018-10-19T20:33:01"/>
	<testcase classname="create_formatted_resistance_string_tests.CreateFormattedResistanceStringTests" name="testCreateFormattedResistanceStringFourBandVioletGreenVioletGreen" time="0.000" timestamp="2018-10-19T20:33:01"/>
	<testcase classname="create_formatted_resistance_string_tests.CreateFormattedResistanceStringTests" name="testCreateFormattedResistanceStringFourBandVioletGreenVioletGrey" time="0.000" timestamp="2018-10-19T20:33:01"/>
	<testcase classname="create_formatted_resistance_string_tests.CreateFormattedResistanceStringTests" name="testCreateFormattedResistanceStringFourBandVioletGreenVioletNone" time="0.000" timestamp="2018-10-19T20:33:01"/>
	<testcase classname="create_formatted_resistance_string_tests.CreateFormattedResistanceStringTests" name="testCreateFormattedResistanceStringFourBandVioletGreenVioletRed" time="0.000" timestamp="2018-10-19T20:33:01"/>
	<testcase classname="create_formatted_resistance_string_tests.CreateFormattedResistanceStringTests" name="testCreateFormattedResistanceStringFourBandVioletGreenVioletSilver" time="0.000" timestamp="2018-10-19T20:33:01"/>
	<testcase classname="create_formatted_resistance_string_tests.CreateFormattedResistanceStringTests" name="testCreateFormattedResistanceStringFourBandVioletGreenVioletViolet" time="0.000" timestamp="2018-10-19T20:33:01"/>
	<testcase classname="create_formatted_resistance_string_tests.CreateFormattedResistanceStringTests" name="testCreateFormattedResistanceStringFourBandVioletGreenWhiteBlue" time="0.000" timestamp="2018-10-19T20:33:01"/>
	<testcase classname="create_formatted_resistance_string_tests.CreateFormattedResistanceStringTests" name="testCreateFormattedResistanceStringFourBandVioletGreenWhiteBrown" time="0.000" timestamp="2018-10-19T20:33:01"/>
	<testcase classname="create_formatted_resistance_string_tests.CreateFormattedResistanceStringTests" name="testCreateFormattedResistanceStringFourBandVioletGreenWhiteGold" time="0.000" timestamp="2018-10-19T20:33:01"/>
	<testcase classname="create_formatted_resistance_string_tests.CreateFormattedResistanceStringTests" name="testCreateFormattedResistanceStringFourBandVioletGreenWhiteGreen" time="0.000" timestamp="2018-10-19T20:33:01"/>
	<testcase classname="create_formatted_resistance_string_tests.CreateFormattedResistanceStringTests" name="testCreateFormattedResistanceStringFourBandVioletGreenWhiteGrey" time="0.000" timestamp="2018-10-19T20:33:01"/>
	<testcase classname="create_formatted_resistance_string_tests.CreateFormattedResistanceStringTests" name="testCreateFormattedResistanceStringFourBandVioletGreenWhiteNone" time="0.000" timestamp="2018-10-19T20:33:01"/>
	<testcase classname="create_formatted_resistance_string_tests.CreateFormattedResistanceStringTests" name="testCreateFormattedResistanceStringFourBandVioletGreenWhiteRed" time="0.000" timestamp="2018-10-19T20:33:01"/>
	<testcase classname="create_formatted_resistance_string_tests.CreateFormattedResistanceStringTests" name="testCreateFormattedResistanceStringFourBandVioletGreenWhiteSilver" time="0.000" timestamp="2018-10-19T20:33:01"/>
	<testcase classname="create_formatted_resistance_string_tests.CreateFormattedResistanceStringTests" name="testCreateFormattedResistanceStringFourBandVioletGreenWhiteViolet" time="0.000" timestamp="2018-10-19T20:33:01"/>
	<testcase classname="create_formatted_resistance_string_tests.CreateFormattedResistanceStringTests" name="testCreateFormattedResistanceStringFourBandVioletGreenYellowBlue" time="0.000" timestamp="2018-10-19T20:33:01"/>
	<testcase classname="create_formatted_resistance_string_tests.CreateFormattedResistanceStringTests" name="testCreateFormattedResistanceStringFourBandVioletGreenYellowBrown" time="0.000" timestamp="2018-10-19T20:33:01"/>
	<testcase classname="create_formatted_resistance_string_tests.CreateFormattedResistanceStringTests" name="testCreateFormattedResistanceStringFourBandVioletGreenYellowGold" time="0.000" timestamp="2018-10-19T20:33:01"/>
	<testcase classname="create_formatted_resistance_string_tests.CreateFormattedResistanceStringTests" name="testCreateFormattedResistanceStringFourBandVioletGreenYellowGreen" time="0.000" timestamp="2018-10-19T20:33:01"/>
	<testcase classname="create_formatted_resistance_string_tests.CreateFormattedResistanceStringTests" name="testCreateFormattedResistanceStringFourBandVioletGreenYellowGrey" time="0.000" timestamp="2018-10-19T20:33:01"/>
	<testcase classname="create_formatted_resistance_string_tests.CreateFormattedResistanceStringTests" name="testCreateFormattedResistanceStringFourBandVioletGreenYellowNone" time="0.000" timestamp="2018-10-19T20:33:01"/>
	<testcase classname="create_formatted_resistance_string_tests.CreateFormattedResistanceStringTests" name="testCreateFormattedResistanceStringFourBandVioletGreenYellowRed" time="0.000" timestamp="2018-10-19T20:33:01"/>
	<testcase classname="create_formatted_resistance_string_tests.CreateFormattedResistanceStringTests" name="testCreateFormattedResistanceStringFourBandVioletGreenYellowSilver" time="0.000" timestamp="2018-10-19T20:33:01"/>
	<testcase classname="create_formatted_resistance_string_tests.CreateFormattedResistanceStringTests" name="testCreateFormattedResistanceStringFourBandVioletGreenYellowViolet" time="0.000" timestamp="2018-10-19T20:33:01"/>
	<testcase classname="create_formatted_resistance_string_tests.CreateFormattedResistanceStringTests" name="testCreateFormattedResistanceStringFourBandVioletGreyBlackBlue" time="0.000" timestamp="2018-10-19T20:33:01"/>
	<testcase classname="create_formatted_resistance_string_tests.CreateFormattedResistanceStringTests" name="testCreateFormattedResistanceStringFourBandVioletGreyBlackBrown" time="0.000" timestamp="2018-10-19T20:33:01"/>
	<testcase classname="create_formatted_resistance_string_tests.CreateFormattedResistanceStringTests" name="testCreateFormattedResistanceStringFourBandVioletGreyBlackGold" time="0.000" timestamp="2018-10-19T20:33:01"/>
	<testcase classname="create_formatted_resistance_string_tests.CreateFormattedResistanceStringTests" name="testCreateFormattedResistanceStringFourBandVioletGreyBlackGreen" time="0.000" timestamp="2018-10-19T20:33:01"/>
	<testcase classname="create_formatted_resistance_string_tests.CreateFormattedResistanceStringTests" name="testCreateFormattedResistanceStringFourBandVioletGreyBlackGrey" time="0.000" timestamp="2018-10-19T20:33:01"/>
	<testcase classname="create_formatted_resistance_string_tests.CreateFormattedResistanceStringTests" name="testCreateFormattedResistanceStringFourBandVioletGreyBlackNone" time="0.000" timestamp="2018-10-19T20:33:01"/>
	<testcase classname="create_formatted_resistance_string_tests.CreateFormattedResistanceStringTests" name="testCreateFormattedResistanceStringFourBandVioletGreyBlackRed" time="0.000" timestamp="2018-10-19T20:33:01"/>
	<testcase classname="create_formatted_resistance_string_tests.CreateFormattedResistanceStringTests" name="testCreateFormattedResistanceStringFourBandVioletGreyBlackSilver" time="0.000" timestamp="2018-10-19T20:33:01"/>
	<testcase classname="create_formatted_resistance_string_tests.CreateFormattedResistanceStringTests" name="testCreateFormattedResistanceStringFourBandVioletGreyBlackViolet" time="0.000" timestamp="2018-10-19T20:33:01"/>
	<testcase classname="create_formatted_resistance_string_tests.CreateFormattedResistanceStringTests" name="testCreateFormattedResistanceStringFourBandVioletGreyBlueBlue" time="0.000" timestamp="2018-10-19T20:33:01"/>
	<testcase classname="create_formatted_resistance_string_tests.CreateFormattedResistanceStringTests" name="testCreateFormattedResistanceStringFourBandVioletGreyBlueBrown" time="0.000" timestamp="2018-10-19T20:33:01"/>
	<testcase classname="create_formatted_resistance_string_tests.CreateFormattedResistanceStringTests" name="testCreateFormattedResistanceStringFourBandVioletGreyBlueGold" time="0.000" timestamp="2018-10-19T20:33:01"/>
	<testcase classname="create_formatted_resistance_string_tests.CreateFormattedResistanceStringTests" name="testCreateFormattedResistanceStringFourBandVioletGreyBlueGreen" time="0.000" timestamp="2018-10-19T20:33:01"/>
	<testcase classname="create_formatted_resistance_string_tests.CreateFormattedResistanceStringTests" name="testCreateFormattedResistanceStringFourBandVioletGreyBlueGrey" time="0.000" timestamp="2018-10-19T20:33:01"/>
	<testcase classname="create_formatted_resistance_string_tests.CreateFormattedResistanceStringTests" name="testCreateFormattedResistanceStringFourBandVioletGreyBlueNone" time="0.000" timestamp="2018-10-19T20:33:01"/>
	<testcase classname="create_formatted_resistance_string_tests.CreateFormattedResistanceStringTests" name="testCreateFormattedResistanceStringFourBandVioletGreyBlueRed" time="0.000" timestamp="2018-10-19T20:33:01"/>
	<testcase classname="create_formatted_resistance_string_tests.CreateFormattedResistanceStringTests" name="testCreateFormattedResistanceStringFourBandVioletGreyBlueSilver" time="0.000" timestamp="2018-10-19T20:33:01"/>
	<testcase classname="create_formatted_resistance_string_tests.CreateFormattedResistanceStringTests" name="testCreateFormattedResistanceStringFourBandVioletGreyBlueViolet" time="0.000" timestamp="2018-10-19T20:33:01"/>
	<testcase classname="create_formatted_resistance_string_tests.CreateFormattedResistanceStringTests" name="testCreateFormattedResistanceStringFourBandVioletGreyBrownBlue" time="0.000" timestamp="2018-10-19T20:33:01"/>
	<testcase classname="create_formatted_resistance_string_tests.CreateFormattedResistanceStringTests" name="testCreateFormattedResistanceStringFourBandVioletGreyBrownBrown" time="0.000" timestamp="2018-10-19T20:33:01"/>
	<testcase classname="create_formatted_resistance_string_tests.CreateFormattedResistanceStringTests" name="testCreateFormattedResistanceStringFourBandVioletGreyBrownGold" time="0.000" timestamp="2018-10-19T20:33:01"/>
	<testcase classname="create_formatted_resistance_string_tests.CreateFormattedResistanceStringTests" name="testCreateFormattedResistanceStringFourBandVioletGreyBrownGreen" time="0.000" timestamp="2018-10-19T20:33:01"/>
	<testcase classname="create_formatted_resistance_string_tests.CreateFormattedResistanceStringTests" name="testCreateFormattedResistanceStringFourBandVioletGreyBrownGrey" time="0.000" timestamp="2018-10-19T20:33:01"/>
	<testcase classname="create_formatted_resistance_string_tests.CreateFormattedResistanceStringTests" name="testCreateFormattedResistanceStringFourBandVioletGreyBrownNone" time="0.000" timestamp="2018-10-19T20:33:01"/>
	<testcase classname="create_formatted_resistance_string_tests.CreateFormattedResistanceStringTests" name="testCreateFormattedResistanceStringFourBandVioletGreyBrownRed" time="0.000" timestamp="2018-10-19T20:33:01"/>
	<testcase classname="create_formatted_resistance_string_tests.CreateFormattedResistanceStringTests" name="testCreateFormattedResistanceStringFourBandVioletGreyBrownSilver" time="0.000" timestamp="2018-10-19T20:33:01"/>
	<testcase classname="create_formatted_resistance_string_tests.CreateFormattedResistanceStringTests" name="testCreateFormattedResistanceStringFourBandVioletGreyBrownViolet" time="0.000" timestamp="2018-10-19T20:33:01"/>
	<testcase classname="create_formatted_resistance_string_tests.CreateFormattedResistanceStringTests" name="testCreateFormattedResistanceStringFourBandVioletGreyGoldBlue" time="0.000" timestamp="2018-10-19T20:33:01"/>
	<testcase classname="create_formatted_resistance_string_tests.CreateFormattedResistanceStringTests" name="testCreateFormattedResistanceStringFourBandVioletGreyGoldBrown" time="0.000" timestamp="2018-10-19T20:33:01"/>
	<testcase classname="create_formatted_resistance_string_tests.CreateFormattedResistanceStringTests" name="testCreateFormattedResistanceStringFourBandVioletGreyGoldGold" time="0.000" timestamp="2018-10-19T20:33:01"/>
	<testcase classname="create_formatted_resistance_string_tests.CreateFormattedResistanceStringTests" name="testCreateFormattedResistanceStringFourBandVioletGreyGoldGreen" time="0.000" timestamp="2018-10-19T20:33:01"/>
	<testcase classname="create_formatted_resistance_string_tests.CreateFormattedResistanceStringTests" name="testCreateFormattedResistanceStringFourBandVioletGreyGoldGrey" time="0.000" timestamp="2018-10-19T20:33:01"/>
	<testcase classname="create_formatted_resistance_string_tests.CreateFormattedResistanceStringTests" name="testCreateFormattedResistanceStringFourBandVioletGreyGoldNone" time="0.000" timestamp="2018-10-19T20:33:01"/>
	<testcase classname="create_formatted_resistance_string_tests.CreateFormattedResistanceStringTests" name="testCreateFormattedResistanceStringFourBandVioletGreyGoldRed" time="0.000" timestamp="2018-10-19T20:33:01"/>
	<testcase classname="create_formatted_resistance_string_tests.CreateFormattedResistanceStringTests" name="testCreateFormattedResistanceStringFourBandVioletGreyGoldSilver" time="0.000" timestamp="2018-10-19T20:33:01"/>
	<testcase classname="create_formatted_resistance_string_tests.CreateFormattedResistanceStringTests" name="testCreateFormattedResistanceStringFourBandVioletGreyGoldViolet" time="0.000" timestamp="2018-10-19T20:33:01"/>
	<testcase classname="create_formatted_resistance_string_tests.CreateFormattedResistanceStringTests" name="testCreateFormattedResistanceStringFourBandVioletGreyGreenBlue" time="0.000" timestamp="2018-10-19T20:33:01"/>
	<testcase classname="create_formatted_resistance_string_tests.CreateFormattedResistanceStringTests" name="testCreateFormattedResistanceStringFourBandVioletGreyGreenBrown" time="0.000" timestamp="2018-10-19T20:33:01"/>
	<testcase classname="create_formatted_resistance_string_tests.CreateFormattedResistanceStringTests" name="testCreateFormattedResistanceStringFourBandVioletGreyGreenGold" time="0.000" timestamp="2018-10-19T20:33:01"/>
	<testcase classname="create_formatted_resistance_string_tests.CreateFormattedResistanceStringTests" name="testCreateFormattedResistanceStringFourBandVioletGreyGreenGreen" time="0.000" timestamp="2018-10-19T20:33:01"/>
	<testcase classname="create_formatted_resistance_string_tests.CreateFormattedResistanceStringTests" name="testCreateFormattedResistanceStringFourBandVioletGreyGreenGrey" time="0.000" timestamp="2018-10-19T20:33:01"/>
	<testcase classname="create_formatted_resistance_string_tests.CreateFormattedResistanceStringTests" name="testCreateFormattedResistanceStringFourBandVioletGreyGreenNone" time="0.000" timestamp="2018-10-19T20:33:01"/>
	<testcase classname="create_formatted_resistance_string_tests.CreateFormattedResistanceStringTests" name="testCreateFormattedResistanceStringFourBandVioletGreyGreenRed" time="0.000" timestamp="2018-10-19T20:33:01"/>
	<testcase classname="create_formatted_resistance_string_tests.CreateFormattedResistanceStringTests" name="testCreateFormattedResistanceStringFourBandVioletGreyGreenSilver" time="0.000" timestamp="2018-10-19T20:33:01"/>
	<testcase classname="create_formatted_resistance_string_tests.CreateFormattedResistanceStringTests" name="testCreateFormattedResistanceStringFourBandVioletGreyGreenViolet" time="0.000" timestamp="2018-10-19T20:33:01"/>
	<testcase classname="create_formatted_resistance_string_tests.CreateFormattedResistanceStringTests" name="testCreateFormattedResistanceStringFourBandVioletGreyGreyBlue" time="0.000" timestamp="2018-10-19T20:33:01"/>
	<testcase classname="create_formatted_resistance_string_tests.CreateFormattedResistanceStringTests" name="testCreateFormattedResistanceStringFourBandVioletGreyGreyBrown" time="0.000" timestamp="2018-10-19T20:33:01"/>
	<testcase classname="create_formatted_resistance_string_tests.CreateFormattedResistanceStringTests" name="testCreateFormattedResistanceStringFourBandVioletGreyGreyGold" time="0.000" timestamp="2018-10-19T20:33:01"/>
	<testcase classname="create_formatted_resistance_string_tests.CreateFormattedResistanceStringTests" name="testCreateFormattedResistanceStringFourBandVioletGreyGreyGreen" time="0.000" timestamp="2018-10-19T20:33:01"/>
	<testcase classname="create_formatted_resistance_string_tests.CreateFormattedResistanceStringTests" name="testCreateFormattedResistanceStringFourBandVioletGreyGreyGrey" time="0.000" timestamp="2018-10-19T20:33:01"/>
	<testcase classname="create_formatted_resistance_string_tests.CreateFormattedResistanceStringTests" name="testCreateFormattedResistanceStringFourBandVioletGreyGreyNone" time="0.000" timestamp="2018-10-19T20:33:01"/>
	<testcase classname="create_formatted_resistance_string_tests.CreateFormattedResistanceStringTests" name="testCreateFormattedResistanceStringFourBandVioletGreyGreyRed" time="0.000" timestamp="2018-10-19T20:33:01"/>
	<testcase classname="create_formatted_resistance_string_tests.CreateFormattedResistanceStringTests" name="testCreateFormattedResistanceStringFourBandVioletGreyGreySilver" time="0.000" timestamp="2018-10-19T20:33:01"/>
	<testcase classname="create_formatted_resistance_string_tests.CreateFormattedResistanceStringTests" name="testCreateFormattedResistanceStringFourBandVioletGreyGreyViolet" time="0.000" timestamp="2018-10-19T20:33:01"/>
	<testcase classname="create_formatted_resistance_string_tests.CreateFormattedResistanceStringTests" name="testCreateFormattedResistanceStringFourBandVioletGreyOrangeBlue" time="0.000" timestamp="2018-10-19T20:33:01"/>
	<testcase classname="create_formatted_resistance_string_tests.CreateFormattedResistanceStringTests" name="testCreateFormattedResistanceStringFourBandVioletGreyOrangeBrown" time="0.000" timestamp="2018-10-19T20:33:01"/>
	<testcase classname="create_formatted_resistance_string_tests.CreateFormattedResistanceStringTests" name="testCreateFormattedResistanceStringFourBandVioletGreyOrangeGold" time="0.000" timestamp="2018-10-19T20:33:01"/>
	<testcase classname="create_formatted_resistance_string_tests.CreateFormattedResistanceStringTests" name="testCreateFormattedResistanceStringFourBandVioletGreyOrangeGreen" time="0.000" timestamp="2018-10-19T20:33:01"/>
	<testcase classname="create_formatted_resistance_string_tests.CreateFormattedResistanceStringTests" name="testCreateFormattedResistanceStringFourBandVioletGreyOrangeGrey" time="0.000" timestamp="2018-10-19T20:33:01"/>
	<testcase classname="create_formatted_resistance_string_tests.CreateFormattedResistanceStringTests" name="testCreateFormattedResistanceStringFourBandVioletGreyOrangeNone" time="0.000" timestamp="2018-10-19T20:33:01"/>
	<testcase classname="create_formatted_resistance_string_tests.CreateFormattedResistanceStringTests" name="testCreateFormattedResistanceStringFourBandVioletGreyOrangeRed" time="0.000" timestamp="2018-10-19T20:33:01"/>
	<testcase classname="create_formatted_resistance_string_tests.CreateFormattedResistanceStringTests" name="testCreateFormattedResistanceStringFourBandVioletGreyOrangeSilver" time="0.000" timestamp="2018-10-19T20:33:01"/>
	<testcase classname="create_formatted_resistance_string_tests.CreateFormattedResistanceStringTests" name="testCreateFormattedResistanceStringFourBandVioletGreyOrangeViolet" time="0.000" timestamp="2018-10-19T20:33:01"/>
	<testcase classname="create_formatted_resistance_string_tests.CreateFormattedResistanceStringTests" name="testCreateFormattedResistanceStringFourBandVioletGreyRedBlue" time="0.000" timestamp="2018-10-19T20:33:01"/>
	<testcase classname="create_formatted_resistance_string_tests.CreateFormattedResistanceStringTests" name="testCreateFormattedResistanceStringFourBandVioletGreyRedBrown" time="0.000" timestamp="2018-10-19T20:33:01"/>
	<testcase classname="create_formatted_resistance_string_tests.CreateFormattedResistanceStringTests" name="testCreateFormattedResistanceStringFourBandVioletGreyRedGold" time="0.000" timestamp="2018-10-19T20:33:01"/>
	<testcase classname="create_formatted_resistance_string_tests.CreateFormattedResistanceStringTests" name="testCreateFormattedResistanceStringFourBandVioletGreyRedGreen" time="0.000" timestamp="2018-10-19T20:33:01"/>
	<testcase classname="create_formatted_resistance_string_tests.CreateFormattedResistanceStringTests" name="testCreateFormattedResistanceStringFourBandVioletGreyRedGrey" time="0.000" timestamp="2018-10-19T20:33:01"/>
	<testcase classname="create_formatted_resistance_string_tests.CreateFormattedResistanceStringTests" name="testCreateFormattedResistanceStringFourBandVioletGreyRedNone" time="0.000" timestamp="2018-10-19T20:33:01"/>
	<testcase classname="create_formatted_resistance_string_tests.CreateFormattedResistanceStringTests" name="testCreateFormattedResistanceStringFourBandVioletGreyRedRed" time="0.000" timestamp="2018-10-19T20:33:01"/>
	<testcase classname="create_formatted_resistance_string_tests.CreateFormattedResistanceStringTests" name="testCreateFormattedResistanceStringFourBandVioletGreyRedSilver" time="0.000" timestamp="2018-10-19T20:33:01"/>
	<testcase classname="create_formatted_resistance_string_tests.CreateFormattedResistanceStringTests" name="testCreateFormattedResistanceStringFourBandVioletGreyRedViolet" time="0.000" timestamp="2018-10-19T20:33:01"/>
	<testcase classname="create_formatted_resistance_string_tests.CreateFormattedResistanceStringTests" name="testCreateFormattedResistanceStringFourBandVioletGreySilverBlue" time="0.000" timestamp="2018-10-19T20:33:01"/>
	<testcase classname="create_formatted_resistance_string_tests.CreateFormattedResistanceStringTests" name="testCreateFormattedResistanceStringFourBandVioletGreySilverBrown" time="0.000" timestamp="2018-10-19T20:33:01"/>
	<testcase classname="create_formatted_resistance_string_tests.CreateFormattedResistanceStringTests" name="testCreateFormattedResistanceStringFourBandVioletGreySilverGold" time="0.000" timestamp="2018-10-19T20:33:01"/>
	<testcase classname="create_formatted_resistance_string_tests.CreateFormattedResistanceStringTests" name="testCreateFormattedResistanceStringFourBandVioletGreySilverGreen" time="0.000" timestamp="2018-10-19T20:33:01"/>
	<testcase classname="create_formatted_resistance_string_tests.CreateFormattedResistanceStringTests" name="testCreateFormattedResistanceStringFourBandVioletGreySilverGrey" time="0.000" timestamp="2018-10-19T20:33:01"/>
	<testcase classname="create_formatted_resistance_string_tests.CreateFormattedResistanceStringTests" name="testCreateFormattedResistanceStringFourBandVioletGreySilverNone" time="0.000" timestamp="2018-10-19T20:33:01"/>
	<testcase classname="create_formatted_resistance_string_tests.CreateFormattedResistanceStringTests" name="testCreateFormattedResistanceStringFourBandVioletGreySilverRed" time="0.000" timestamp="2018-10-19T20:33:01"/>
	<testcase classname="create_formatted_resistance_string_tests.CreateFormattedResistanceStringTests" name="testCreateFormattedResistanceStringFourBandVioletGreySilverSilver" time="0.000" timestamp="2018-10-19T20:33:01"/>
	<testcase classname="create_formatted_resistance_string_tests.CreateFormattedResistanceStringTests" name="testCreateFormattedResistanceStringFourBandVioletGreySilverViolet" time="0.000" timestamp="2018-10-19T20:33:01"/>
	<testcase classname="create_formatted_resistance_string_tests.CreateFormattedResistanceStringTests" name="testCreateFormattedResistanceStringFourBandVioletGreyVioletBlue" time="0.000" timestamp="2018-10-19T20:33:01"/>
	<testcase classname="create_formatted_resistance_string_tests.CreateFormattedResistanceStringTests" name="testCreateFormattedResistanceStringFourBandVioletGreyVioletBrown" time="0.000" timestamp="2018-10-19T20:33:01"/>
	<testcase classname="create_formatted_resistance_string_tests.CreateFormattedResistanceStringTests" name="testCreateFormattedResistanceStringFourBandVioletGreyVioletGold" time="0.000" timestamp="2018-10-19T20:33:01"/>
	<testcase classname="create_formatted_resistance_string_tests.CreateFormattedResistanceStringTests" name="testCreateFormattedResistanceStringFourBandVioletGreyVioletGreen" time="0.000" timestamp="2018-10-19T20:33:01"/>
	<testcase classname="create_formatted_resistance_string_tests.CreateFormattedResistanceStringTests" name="testCreateFormattedResistanceStringFourBandVioletGreyVioletGrey" time="0.000" timestamp="2018-10-19T20:33:01"/>
	<testcase classname="create_formatted_resistance_string_tests.CreateFormattedResistanceStringTests" name="testCreateFormattedResistanceStringFourBandVioletGreyVioletNone" time="0.000" timestamp="2018-10-19T20:33:01"/>
	<testcase classname="create_formatted_resistance_string_tests.CreateFormattedResistanceStringTests" name="testCreateFormattedResistanceStringFourBandVioletGreyVioletRed" time="0.000" timestamp="2018-10-19T20:33:01"/>
	<testcase classname="create_formatted_resistance_string_tests.CreateFormattedResistanceStringTests" name="testCreateFormattedResistanceStringFourBandVioletGreyVioletSilver" time="0.000" timestamp="2018-10-19T20:33:01"/>
	<testcase classname="create_formatted_resistance_string_tests.CreateFormattedResistanceStringTests" name="testCreateFormattedResistanceStringFourBandVioletGreyVioletViolet" time="0.000" timestamp="2018-10-19T20:33:01"/>
	<testcase classname="create_formatted_resistance_string_tests.CreateFormattedResistanceStringTests" name="testCreateFormattedResistanceStringFourBandVioletGreyWhiteBlue" time="0.000" timestamp="2018-10-19T20:33:01"/>
	<testcase classname="create_formatted_resistance_string_tests.CreateFormattedResistanceStringTests" name="testCreateFormattedResistanceStringFourBandVioletGreyWhiteBrown" time="0.000" timestamp="2018-10-19T20:33:01"/>
	<testcase classname="create_formatted_resistance_string_tests.CreateFormattedResistanceStringTests" name="testCreateFormattedResistanceStringFourBandVioletGreyWhiteGold" time="0.000" timestamp="2018-10-19T20:33:01"/>
	<testcase classname="create_formatted_resistance_string_tests.CreateFormattedResistanceStringTests" name="testCreateFormattedResistanceStringFourBandVioletGreyWhiteGreen" time="0.000" timestamp="2018-10-19T20:33:01"/>
	<testcase classname="create_formatted_resistance_string_tests.CreateFormattedResistanceStringTests" name="testCreateFormattedResistanceStringFourBandVioletGreyWhiteGrey" time="0.000" timestamp="2018-10-19T20:33:01"/>
	<testcase classname="create_formatted_resistance_string_tests.CreateFormattedResistanceStringTests" name="testCreateFormattedResistanceStringFourBandVioletGreyWhiteNone" time="0.000" timestamp="2018-10-19T20:33:01"/>
	<testcase classname="create_formatted_resistance_string_tests.CreateFormattedResistanceStringTests" name="testCreateFormattedResistanceStringFourBandVioletGreyWhiteRed" time="0.000" timestamp="2018-10-19T20:33:01"/>
	<testcase classname="create_formatted_resistance_string_tests.CreateFormattedResistanceStringTests" name="testCreateFormattedResistanceStringFourBandVioletGreyWhiteSilver" time="0.000" timestamp="2018-10-19T20:33:01"/>
	<testcase classname="create_formatted_resistance_string_tests.CreateFormattedResistanceStringTests" name="testCreateFormattedResistanceStringFourBandVioletGreyWhiteViolet" time="0.000" timestamp="2018-10-19T20:33:01"/>
	<testcase classname="create_formatted_resistance_string_tests.CreateFormattedResistanceStringTests" name="testCreateFormattedResistanceStringFourBandVioletGreyYellowBlue" time="0.000" timestamp="2018-10-19T20:33:01"/>
	<testcase classname="create_formatted_resistance_string_tests.CreateFormattedResistanceStringTests" name="testCreateFormattedResistanceStringFourBandVioletGreyYellowBrown" time="0.000" timestamp="2018-10-19T20:33:01"/>
	<testcase classname="create_formatted_resistance_string_tests.CreateFormattedResistanceStringTests" name="testCreateFormattedResistanceStringFourBandVioletGreyYellowGold" time="0.000" timestamp="2018-10-19T20:33:01"/>
	<testcase classname="create_formatted_resistance_string_tests.CreateFormattedResistanceStringTests" name="testCreateFormattedResistanceStringFourBandVioletGreyYellowGreen" time="0.000" timestamp="2018-10-19T20:33:01"/>
	<testcase classname="create_formatted_resistance_string_tests.CreateFormattedResistanceStringTests" name="testCreateFormattedResistanceStringFourBandVioletGreyYellowGrey" time="0.000" timestamp="2018-10-19T20:33:01"/>
	<testcase classname="create_formatted_resistance_string_tests.CreateFormattedResistanceStringTests" name="testCreateFormattedResistanceStringFourBandVioletGreyYellowNone" time="0.000" timestamp="2018-10-19T20:33:01"/>
	<testcase classname="create_formatted_resistance_string_tests.CreateFormattedResistanceStringTests" name="testCreateFormattedResistanceStringFourBandVioletGreyYellowRed" time="0.000" timestamp="2018-10-19T20:33:01"/>
	<testcase classname="create_formatted_resistance_string_tests.CreateFormattedResistanceStringTests" name="testCreateFormattedResistanceStringFourBandVioletGreyYellowSilver" time="0.000" timestamp="2018-10-19T20:33:01"/>
	<testcase classname="create_formatted_resistance_string_tests.CreateFormattedResistanceStringTests" name="testCreateFormattedResistanceStringFourBandVioletGreyYellowViolet" time="0.000" timestamp="2018-10-19T20:33:01"/>
	<testcase classname="create_formatted_resistance_string_tests.CreateFormattedResistanceStringTests" name="testCreateFormattedResistanceStringFourBandVioletOrangeBlackBlue" time="0.000" timestamp="2018-10-19T20:33:01"/>
	<testcase classname="create_formatted_resistance_string_tests.CreateFormattedResistanceStringTests" name="testCreateFormattedResistanceStringFourBandVioletOrangeBlackBrown" time="0.000" timestamp="2018-10-19T20:33:01"/>
	<testcase classname="create_formatted_resistance_string_tests.CreateFormattedResistanceStringTests" name="testCreateFormattedResistanceStringFourBandVioletOrangeBlackGold" time="0.000" timestamp="2018-10-19T20:33:01"/>
	<testcase classname="create_formatted_resistance_string_tests.CreateFormattedResistanceStringTests" name="testCreateFormattedResistanceStringFourBandVioletOrangeBlackGreen" time="0.000" timestamp="2018-10-19T20:33:01"/>
	<testcase classname="create_formatted_resistance_string_tests.CreateFormattedResistanceStringTests" name="testCreateFormattedResistanceStringFourBandVioletOrangeBlackGrey" time="0.000" timestamp="2018-10-19T20:33:01"/>
	<testcase classname="create_formatted_resistance_string_tests.CreateFormattedResistanceStringTests" name="testCreateFormattedResistanceStringFourBandVioletOrangeBlackNone" time="0.000" timestamp="2018-10-19T20:33:01"/>
	<testcase classname="create_formatted_resistance_string_tests.CreateFormattedResistanceStringTests" name="testCreateFormattedResistanceStringFourBandVioletOrangeBlackRed" time="0.000" timestamp="2018-10-19T20:33:01"/>
	<testcase classname="create_formatted_resistance_string_tests.CreateFormattedResistanceStringTests" name="testCreateFormattedResistanceStringFourBandVioletOrangeBlackSilver" time="0.000" timestamp="2018-10-19T20:33:01"/>
	<testcase classname="create_formatted_resistance_string_tests.CreateFormattedResistanceStringTests" name="testCreateFormattedResistanceStringFourBandVioletOrangeBlackViolet" time="0.000" timestamp="2018-10-19T20:33:01"/>
	<testcase classname="create_formatted_resistance_string_tests.CreateFormattedResistanceStringTests" name="testCreateFormattedResistanceStringFourBandVioletOrangeBlueBlue" time="0.000" timestamp="2018-10-19T20:33:01"/>
	<testcase classname="create_formatted_resistance_string_tests.CreateFormattedResistanceStringTests" name="testCreateFormattedResistanceStringFourBandVioletOrangeBlueBrown" time="0.000" timestamp="2018-10-19T20:33:01"/>
	<testcase classname="create_formatted_resistance_string_tests.CreateFormattedResistanceStringTests" name="testCreateFormattedResistanceStringFourBandVioletOrangeBlueGold" time="0.000" timestamp="2018-10-19T20:33:01"/>
	<testcase classname="create_formatted_resistance_string_tests.CreateFormattedResistanceStringTests" name="testCreateFormattedResistanceStringFourBandVioletOrangeBlueGreen" time="0.000" timestamp="2018-10-19T20:33:01"/>
	<testcase classname="create_formatted_resistance_string_tests.CreateFormattedResistanceStringTests" name="testCreateFormattedResistanceStringFourBandVioletOrangeBlueGrey" time="0.000" timestamp="2018-10-19T20:33:01"/>
	<testcase classname="create_formatted_resistance_string_tests.CreateFormattedResistanceStringTests" name="testCreateFormattedResistanceStringFourBandVioletOrangeBlueNone" time="0.000" timestamp="2018-10-19T20:33:01"/>
	<testcase classname="create_formatted_resistance_string_tests.CreateFormattedResistanceStringTests" name="testCreateFormattedResistanceStringFourBandVioletOrangeBlueRed" time="0.000" timestamp="2018-10-19T20:33:01"/>
	<testcase classname="create_formatted_resistance_string_tests.CreateFormattedResistanceStringTests" name="testCreateFormattedResistanceStringFourBandVioletOrangeBlueSilver" time="0.000" timestamp="2018-10-19T20:33:01"/>
	<testcase classname="create_formatted_resistance_string_tests.CreateFormattedResistanceStringTests" name="testCreateFormattedResistanceStringFourBandVioletOrangeBlueViolet" time="0.000" timestamp="2018-10-19T20:33:01"/>
	<testcase classname="create_formatted_resistance_string_tests.CreateFormattedResistanceStringTests" name="testCreateFormattedResistanceStringFourBandVioletOrangeBrownBlue" time="0.000" timestamp="2018-10-19T20:33:01"/>
	<testcase classname="create_formatted_resistance_string_tests.CreateFormattedResistanceStringTests" name="testCreateFormattedResistanceStringFourBandVioletOrangeBrownBrown" time="0.000" timestamp="2018-10-19T20:33:01"/>
	<testcase classname="create_formatted_resistance_string_tests.CreateFormattedResistanceStringTests" name="testCreateFormattedResistanceStringFourBandVioletOrangeBrownGold" time="0.000" timestamp="2018-10-19T20:33:01"/>
	<testcase classname="create_formatted_resistance_string_tests.CreateFormattedResistanceStringTests" name="testCreateFormattedResistanceStringFourBandVioletOrangeBrownGreen" time="0.000" timestamp="2018-10-19T20:33:01"/>
	<testcase classname="create_formatted_resistance_string_tests.CreateFormattedResistanceStringTests" name="testCreateFormattedResistanceStringFourBandVioletOrangeBrownGrey" time="0.000" timestamp="2018-10-19T20:33:01"/>
	<testcase classname="create_formatted_resistance_string_tests.CreateFormattedResistanceStringTests" name="testCreateFormattedResistanceStringFourBandVioletOrangeBrownNone" time="0.000" timestamp="2018-10-19T20:33:01"/>
	<testcase classname="create_formatted_resistance_string_tests.CreateFormattedResistanceStringTests" name="testCreateFormattedResistanceStringFourBandVioletOrangeBrownRed" time="0.000" timestamp="2018-10-19T20:33:01"/>
	<testcase classname="create_formatted_resistance_string_tests.CreateFormattedResistanceStringTests" name="testCreateFormattedResistanceStringFourBandVioletOrangeBrownSilver" time="0.000" timestamp="2018-10-19T20:33:01"/>
	<testcase classname="create_formatted_resistance_string_tests.CreateFormattedResistanceStringTests" name="testCreateFormattedResistanceStringFourBandVioletOrangeBrownViolet" time="0.000" timestamp="2018-10-19T20:33:01"/>
	<testcase classname="create_formatted_resistance_string_tests.CreateFormattedResistanceStringTests" name="testCreateFormattedResistanceStringFourBandVioletOrangeGoldBlue" time="0.000" timestamp="2018-10-19T20:33:01"/>
	<testcase classname="create_formatted_resistance_string_tests.CreateFormattedResistanceStringTests" name="testCreateFormattedResistanceStringFourBandVioletOrangeGoldBrown" time="0.000" timestamp="2018-10-19T20:33:01"/>
	<testcase classname="create_formatted_resistance_string_tests.CreateFormattedResistanceStringTests" name="testCreateFormattedResistanceStringFourBandVioletOrangeGoldGold" time="0.000" timestamp="2018-10-19T20:33:01"/>
	<testcase classname="create_formatted_resistance_string_tests.CreateFormattedResistanceStringTests" name="testCreateFormattedResistanceStringFourBandVioletOrangeGoldGreen" time="0.000" timestamp="2018-10-19T20:33:01"/>
	<testcase classname="create_formatted_resistance_string_tests.CreateFormattedResistanceStringTests" name="testCreateFormattedResistanceStringFourBandVioletOrangeGoldGrey" time="0.000" timestamp="2018-10-19T20:33:01"/>
	<testcase classname="create_formatted_resistance_string_tests.CreateFormattedResistanceStringTests" name="testCreateFormattedResistanceStringFourBandVioletOrangeGoldNone" time="0.000" timestamp="2018-10-19T20:33:01"/>
	<testcase classname="create_formatted_resistance_string_tests.CreateFormattedResistanceStringTests" name="testCreateFormattedResistanceStringFourBandVioletOrangeGoldRed" time="0.000" timestamp="2018-10-19T20:33:01"/>
	<testcase classname="create_formatted_resistance_string_tests.CreateFormattedResistanceStringTests" name="testCreateFormattedResistanceStringFourBandVioletOrangeGoldSilver" time="0.000" timestamp="2018-10-19T20:33:01"/>
	<testcase classname="create_formatted_resistance_string_tests.CreateFormattedResistanceStringTests" name="testCreateFormattedResistanceStringFourBandVioletOrangeGoldViolet" time="0.000" timestamp="2018-10-19T20:33:01"/>
	<testcase classname="create_formatted_resistance_string_tests.CreateFormattedResistanceStringTests" name="testCreateFormattedResistanceStringFourBandVioletOrangeGreenBlue" time="0.000" timestamp="2018-10-19T20:33:01"/>
	<testcase classname="create_formatted_resistance_string_tests.CreateFormattedResistanceStringTests" name="testCreateFormattedResistanceStringFourBandVioletOrangeGreenBrown" time="0.000" timestamp="2018-10-19T20:33:01"/>
	<testcase classname="create_formatted_resistance_string_tests.CreateFormattedResistanceStringTests" name="testCreateFormattedResistanceStringFourBandVioletOrangeGreenGold" time="0.000" timestamp="2018-10-19T20:33:01"/>
	<testcase classname="create_formatted_resistance_string_tests.CreateFormattedResistanceStringTests" name="testCreateFormattedResistanceStringFourBandVioletOrangeGreenGreen" time="0.000" timestamp="2018-10-19T20:33:01"/>
	<testcase classname="create_formatted_resistance_string_tests.CreateFormattedResistanceStringTests" name="testCreateFormattedResistanceStringFourBandVioletOrangeGreenGrey" time="0.000" timestamp="2018-10-19T20:33:01"/>
	<testcase classname="create_formatted_resistance_string_tests.CreateFormattedResistanceStringTests" name="testCreateFormattedResistanceStringFourBandVioletOrangeGreenNone" time="0.000" timestamp="2018-10-19T20:33:01"/>
	<testcase classname="create_formatted_resistance_string_tests.CreateFormattedResistanceStringTests" name="testCreateFormattedResistanceStringFourBandVioletOrangeGreenRed" time="0.000" timestamp="2018-10-19T20:33:01"/>
	<testcase classname="create_formatted_resistance_string_tests.CreateFormattedResistanceStringTests" name="testCreateFormattedResistanceStringFourBandVioletOrangeGreenSilver" time="0.000" timestamp="2018-10-19T20:33:01"/>
	<testcase classname="create_formatted_resistance_string_tests.CreateFormattedResistanceStringTests" name="testCreateFormattedResistanceStringFourBandVioletOrangeGreenViolet" time="0.000" timestamp="2018-10-19T20:33:01"/>
	<testcase classname="create_formatted_resistance_string_tests.CreateFormattedResistanceStringTests" name="testCreateFormattedResistanceStringFourBandVioletOrangeGreyBlue" time="0.000" timestamp="2018-10-19T20:33:01"/>
	<testcase classname="create_formatted_resistance_string_tests.CreateFormattedResistanceStringTests" name="testCreateFormattedResistanceStringFourBandVioletOrangeGreyBrown" time="0.000" timestamp="2018-10-19T20:33:01"/>
	<testcase classname="create_formatted_resistance_string_tests.CreateFormattedResistanceStringTests" name="testCreateFormattedResistanceStringFourBandVioletOrangeGreyGold" time="0.000" timestamp="2018-10-19T20:33:01"/>
	<testcase classname="create_formatted_resistance_string_tests.CreateFormattedResistanceStringTests" name="testCreateFormattedResistanceStringFourBandVioletOrangeGreyGreen" time="0.000" timestamp="2018-10-19T20:33:01"/>
	<testcase classname="create_formatted_resistance_string_tests.CreateFormattedResistanceStringTests" name="testCreateFormattedResistanceStringFourBandVioletOrangeGreyGrey" time="0.000" timestamp="2018-10-19T20:33:01"/>
	<testcase classname="create_formatted_resistance_string_tests.CreateFormattedResistanceStringTests" name="testCreateFormattedResistanceStringFourBandVioletOrangeGreyNone" time="0.000" timestamp="2018-10-19T20:33:01"/>
	<testcase classname="create_formatted_resistance_string_tests.CreateFormattedResistanceStringTests" name="testCreateFormattedResistanceStringFourBandVioletOrangeGreyRed" time="0.000" timestamp="2018-10-19T20:33:01"/>
	<testcase classname="create_formatted_resistance_string_tests.CreateFormattedResistanceStringTests" name="testCreateFormattedResistanceStringFourBandVioletOrangeGreySilver" time="0.000" timestamp="2018-10-19T20:33:01"/>
	<testcase classname="create_formatted_resistance_string_tests.CreateFormattedResistanceStringTests" name="testCreateFormattedResistanceStringFourBandVioletOrangeGreyViolet" time="0.000" timestamp="2018-10-19T20:33:01"/>
	<testcase classname="create_formatted_resistance_string_tests.CreateFormattedResistanceStringTests" name="testCreateFormattedResistanceStringFourBandVioletOrangeOrangeBlue" time="0.000" timestamp="2018-10-19T20:33:01"/>
	<testcase classname="create_formatted_resistance_string_tests.CreateFormattedResistanceStringTests" name="testCreateFormattedResistanceStringFourBandVioletOrangeOrangeBrown" time="0.000" timestamp="2018-10-19T20:33:01"/>
	<testcase classname="create_formatted_resistance_string_tests.CreateFormattedResistanceStringTests" name="testCreateFormattedResistanceStringFourBandVioletOrangeOrangeGold" time="0.000" timestamp="2018-10-19T20:33:01"/>
	<testcase classname="create_formatted_resistance_string_tests.CreateFormattedResistanceStringTests" name="testCreateFormattedResistanceStringFourBandVioletOrangeOrangeGreen" time="0.000" timestamp="2018-10-19T20:33:01"/>
	<testcase classname="create_formatted_resistance_string_tests.CreateFormattedResistanceStringTests" name="testCreateFormattedResistanceStringFourBandVioletOrangeOrangeGrey" time="0.000" timestamp="2018-10-19T20:33:01"/>
	<testcase classname="create_formatted_resistance_string_tests.CreateFormattedResistanceStringTests" name="testCreateFormattedResistanceStringFourBandVioletOrangeOrangeNone" time="0.000" timestamp="2018-10-19T20:33:01"/>
	<testcase classname="create_formatted_resistance_string_tests.CreateFormattedResistanceStringTests" name="testCreateFormattedResistanceStringFourBandVioletOrangeOrangeRed" time="0.000" timestamp="2018-10-19T20:33:01"/>
	<testcase classname="create_formatted_resistance_string_tests.CreateFormattedResistanceStringTests" name="testCreateFormattedResistanceStringFourBandVioletOrangeOrangeSilver" time="0.000" timestamp="2018-10-19T20:33:01"/>
	<testcase classname="create_formatted_resistance_string_tests.CreateFormattedResistanceStringTests" name="testCreateFormattedResistanceStringFourBandVioletOrangeOrangeViolet" time="0.000" timestamp="2018-10-19T20:33:01"/>
	<testcase classname="create_formatted_resistance_string_tests.CreateFormattedResistanceStringTests" name="testCreateFormattedResistanceStringFourBandVioletOrangeRedBlue" time="0.000" timestamp="2018-10-19T20:33:01"/>
	<testcase classname="create_formatted_resistance_string_tests.CreateFormattedResistanceStringTests" name="testCreateFormattedResistanceStringFourBandVioletOrangeRedBrown" time="0.000" timestamp="2018-10-19T20:33:01"/>
	<testcase classname="create_formatted_resistance_string_tests.CreateFormattedResistanceStringTests" name="testCreateFormattedResistanceStringFourBandVioletOrangeRedGold" time="0.000" timestamp="2018-10-19T20:33:01"/>
	<testcase classname="create_formatted_resistance_string_tests.CreateFormattedResistanceStringTests" name="testCreateFormattedResistanceStringFourBandVioletOrangeRedGreen" time="0.000" timestamp="2018-10-19T20:33:01"/>
	<testcase classname="create_formatted_resistance_string_tests.CreateFormattedResistanceStringTests" name="testCreateFormattedResistanceStringFourBandVioletOrangeRedGrey" time="0.000" timestamp="2018-10-19T20:33:01"/>
	<testcase classname="create_formatted_resistance_string_tests.CreateFormattedResistanceStringTests" name="testCreateFormattedResistanceStringFourBandVioletOrangeRedNone" time="0.000" timestamp="2018-10-19T20:33:01"/>
	<testcase classname="create_formatted_resistance_string_tests.CreateFormattedResistanceStringTests" name="testCreateFormattedResistanceStringFourBandVioletOrangeRedRed" time="0.000" timestamp="2018-10-19T20:33:01"/>
	<testcase classname="create_formatted_resistance_string_tests.CreateFormattedResistanceStringTests" name="testCreateFormattedResistanceStringFourBandVioletOrangeRedSilver" time="0.000" timestamp="2018-10-19T20:33:01"/>
	<testcase classname="create_formatted_resistance_string_tests.CreateFormattedResistanceStringTests" name="testCreateFormattedResistanceStringFourBandVioletOrangeRedViolet" time="0.000" timestamp="2018-10-19T20:33:01"/>
	<testcase classname="create_formatted_resistance_string_tests.CreateFormattedResistanceStringTests" name="testCreateFormattedResistanceStringFourBandVioletOrangeSilverBlue" time="0.000" timestamp="2018-10-19T20:33:01"/>
	<testcase classname="create_formatted_resistance_string_tests.CreateFormattedResistanceStringTests" name="testCreateFormattedResistanceStringFourBandVioletOrangeSilverBrown" time="0.000" timestamp="2018-10-19T20:33:01"/>
	<testcase classname="create_formatted_resistance_string_tests.CreateFormattedResistanceStringTests" name="testCreateFormattedResistanceStringFourBandVioletOrangeSilverGold" time="0.000" timestamp="2018-10-19T20:33:01"/>
	<testcase classname="create_formatted_resistance_string_tests.CreateFormattedResistanceStringTests" name="testCreateFormattedResistanceStringFourBandVioletOrangeSilverGreen" time="0.000" timestamp="2018-10-19T20:33:01"/>
	<testcase classname="create_formatted_resistance_string_tests.CreateFormattedResistanceStringTests" name="testCreateFormattedResistanceStringFourBandVioletOrangeSilverGrey" time="0.000" timestamp="2018-10-19T20:33:01"/>
	<testcase classname="create_formatted_resistance_string_tests.CreateFormattedResistanceStringTests" name="testCreateFormattedResistanceStringFourBandVioletOrangeSilverNone" time="0.000" timestamp="2018-10-19T20:33:01"/>
	<testcase classname="create_formatted_resistance_string_tests.CreateFormattedResistanceStringTests" name="testCreateFormattedResistanceStringFourBandVioletOrangeSilverRed" time="0.000" timestamp="2018-10-19T20:33:01"/>
	<testcase classname="create_formatted_resistance_string_tests.CreateFormattedResistanceStringTests" name="testCreateFormattedResistanceStringFourBandVioletOrangeSilverSilver" time="0.000" timestamp="2018-10-19T20:33:01"/>
	<testcase classname="create_formatted_resistance_string_tests.CreateFormattedResistanceStringTests" name="testCreateFormattedResistanceStringFourBandVioletOrangeSilverViolet" time="0.000" timestamp="2018-10-19T20:33:01"/>
	<testcase classname="create_formatted_resistance_string_tests.CreateFormattedResistanceStringTests" name="testCreateFormattedResistanceStringFourBandVioletOrangeVioletBlue" time="0.000" timestamp="2018-10-19T20:33:01"/>
	<testcase classname="create_formatted_resistance_string_tests.CreateFormattedResistanceStringTests" name="testCreateFormattedResistanceStringFourBandVioletOrangeVioletBrown" time="0.000" timestamp="2018-10-19T20:33:01"/>
	<testcase classname="create_formatted_resistance_string_tests.CreateFormattedResistanceStringTests" name="testCreateFormattedResistanceStringFourBandVioletOrangeVioletGold" time="0.000" timestamp="2018-10-19T20:33:01"/>
	<testcase classname="create_formatted_resistance_string_tests.CreateFormattedResistanceStringTests" name="testCreateFormattedResistanceStringFourBandVioletOrangeVioletGreen" time="0.000" timestamp="2018-10-19T20:33:01"/>
	<testcase classname="create_formatted_resistance_string_tests.CreateFormattedResistanceStringTests" name="testCreateFormattedResistanceStringFourBandVioletOrangeVioletGrey" time="0.000" timestamp="2018-10-19T20:33:01"/>
	<testcase classname="create_formatted_resistance_string_tests.CreateFormattedResistanceStringTests" name="testCreateFormattedResistanceStringFourBandVioletOrangeVioletNone" time="0.000" timestamp="2018-10-19T20:33:01"/>
	<testcase classname="create_formatted_resistance_string_tests.CreateFormattedResistanceStringTests" name="testCreateFormattedResistanceStringFourBandVioletOrangeVioletRed" time="0.000" timestamp="2018-10-19T20:33:01"/>
	<testcase classname="create_formatted_resistance_string_tests.CreateFormattedResistanceStringTests" name="testCreateFormattedResistanceStringFourBandVioletOrangeVioletSilver" time="0.000" timestamp="2018-10-19T20:33:01"/>
	<testcase classname="create_formatted_resistance_string_tests.CreateFormattedResistanceStringTests" name="testCreateFormattedResistanceStringFourBandVioletOrangeVioletViolet" time="0.000" timestamp="2018-10-19T20:33:01"/>
	<testcase classname="create_formatted_resistance_string_tests.CreateFormattedResistanceStringTests" name="testCreateFormattedResistanceStringFourBandVioletOrangeWhiteBlue" time="0.000" timestamp="2018-10-19T20:33:01"/>
	<testcase classname="create_formatted_resistance_string_tests.CreateFormattedResistanceStringTests" name="testCreateFormattedResistanceStringFourBandVioletOrangeWhiteBrown" time="0.000" timestamp="2018-10-19T20:33:01"/>
	<testcase classname="create_formatted_resistance_string_tests.CreateFormattedResistanceStringTests" name="testCreateFormattedResistanceStringFourBandVioletOrangeWhiteGold" time="0.000" timestamp="2018-10-19T20:33:01"/>
	<testcase classname="create_formatted_resistance_string_tests.CreateFormattedResistanceStringTests" name="testCreateFormattedResistanceStringFourBandVioletOrangeWhiteGreen" time="0.000" timestamp="2018-10-19T20:33:01"/>
	<testcase classname="create_formatted_resistance_string_tests.CreateFormattedResistanceStringTests" name="testCreateFormattedResistanceStringFourBandVioletOrangeWhiteGrey" time="0.000" timestamp="2018-10-19T20:33:01"/>
	<testcase classname="create_formatted_resistance_string_tests.CreateFormattedResistanceStringTests" name="testCreateFormattedResistanceStringFourBandVioletOrangeWhiteNone" time="0.000" timestamp="2018-10-19T20:33:01"/>
	<testcase classname="create_formatted_resistance_string_tests.CreateFormattedResistanceStringTests" name="testCreateFormattedResistanceStringFourBandVioletOrangeWhiteRed" time="0.000" timestamp="2018-10-19T20:33:01"/>
	<testcase classname="create_formatted_resistance_string_tests.CreateFormattedResistanceStringTests" name="testCreateFormattedResistanceStringFourBandVioletOrangeWhiteSilver" time="0.000" timestamp="2018-10-19T20:33:01"/>
	<testcase classname="create_formatted_resistance_string_tests.CreateFormattedResistanceStringTests" name="testCreateFormattedResistanceStringFourBandVioletOrangeWhiteViolet" time="0.000" timestamp="2018-10-19T20:33:01"/>
	<testcase classname="create_formatted_resistance_string_tests.CreateFormattedResistanceStringTests" name="testCreateFormattedResistanceStringFourBandVioletOrangeYellowBlue" time="0.000" timestamp="2018-10-19T20:33:01"/>
	<testcase classname="create_formatted_resistance_string_tests.CreateFormattedResistanceStringTests" name="testCreateFormattedResistanceStringFourBandVioletOrangeYellowBrown" time="0.000" timestamp="2018-10-19T20:33:01"/>
	<testcase classname="create_formatted_resistance_string_tests.CreateFormattedResistanceStringTests" name="testCreateFormattedResistanceStringFourBandVioletOrangeYellowGold" time="0.000" timestamp="2018-10-19T20:33:01"/>
	<testcase classname="create_formatted_resistance_string_tests.CreateFormattedResistanceStringTests" name="testCreateFormattedResistanceStringFourBandVioletOrangeYellowGreen" time="0.000" timestamp="2018-10-19T20:33:01"/>
	<testcase classname="create_formatted_resistance_string_tests.CreateFormattedResistanceStringTests" name="testCreateFormattedResistanceStringFourBandVioletOrangeYellowGrey" time="0.000" timestamp="2018-10-19T20:33:01"/>
	<testcase classname="create_formatted_resistance_string_tests.CreateFormattedResistanceStringTests" name="testCreateFormattedResistanceStringFourBandVioletOrangeYellowNone" time="0.000" timestamp="2018-10-19T20:33:01"/>
	<testcase classname="create_formatted_resistance_string_tests.CreateFormattedResistanceStringTests" name="testCreateFormattedResistanceStringFourBandVioletOrangeYellowRed" time="0.000" timestamp="2018-10-19T20:33:01"/>
	<testcase classname="create_formatted_resistance_string_tests.CreateFormattedResistanceStringTests" name="testCreateFormattedResistanceStringFourBandVioletOrangeYellowSilver" time="0.000" timestamp="2018-10-19T20:33:01"/>
	<testcase classname="create_formatted_resistance_string_tests.CreateFormattedResistanceStringTests" name="testCreateFormattedResistanceStringFourBandVioletOrangeYellowViolet" time="0.000" timestamp="2018-10-19T20:33:01"/>
	<testcase classname="create_formatted_resistance_string_tests.CreateFormattedResistanceStringTests" name="testCreateFormattedResistanceStringFourBandVioletRedBlackBlue" time="0.000" timestamp="2018-10-19T20:33:01"/>
	<testcase classname="create_formatted_resistance_string_tests.CreateFormattedResistanceStringTests" name="testCreateFormattedResistanceStringFourBandVioletRedBlackBrown" time="0.000" timestamp="2018-10-19T20:33:01"/>
	<testcase classname="create_formatted_resistance_string_tests.CreateFormattedResistanceStringTests" name="testCreateFormattedResistanceStringFourBandVioletRedBlackGold" time="0.000" timestamp="2018-10-19T20:33:01"/>
	<testcase classname="create_formatted_resistance_string_tests.CreateFormattedResistanceStringTests" name="testCreateFormattedResistanceStringFourBandVioletRedBlackGreen" time="0.000" timestamp="2018-10-19T20:33:01"/>
	<testcase classname="create_formatted_resistance_string_tests.CreateFormattedResistanceStringTests" name="testCreateFormattedResistanceStringFourBandVioletRedBlackGrey" time="0.000" timestamp="2018-10-19T20:33:01"/>
	<testcase classname="create_formatted_resistance_string_tests.CreateFormattedResistanceStringTests" name="testCreateFormattedResistanceStringFourBandVioletRedBlackNone" time="0.000" timestamp="2018-10-19T20:33:01"/>
	<testcase classname="create_formatted_resistance_string_tests.CreateFormattedResistanceStringTests" name="testCreateFormattedResistanceStringFourBandVioletRedBlackRed" time="0.000" timestamp="2018-10-19T20:33:01"/>
	<testcase classname="create_formatted_resistance_string_tests.CreateFormattedResistanceStringTests" name="testCreateFormattedResistanceStringFourBandVioletRedBlackSilver" time="0.000" timestamp="2018-10-19T20:33:01"/>
	<testcase classname="create_formatted_resistance_string_tests.CreateFormattedResistanceStringTests" name="testCreateFormattedResistanceStringFourBandVioletRedBlackViolet" time="0.000" timestamp="2018-10-19T20:33:01"/>
	<testcase classname="create_formatted_resistance_string_tests.CreateFormattedResistanceStringTests" name="testCreateFormattedResistanceStringFourBandVioletRedBlueBlue" time="0.000" timestamp="2018-10-19T20:33:01"/>
	<testcase classname="create_formatted_resistance_string_tests.CreateFormattedResistanceStringTests" name="testCreateFormattedResistanceStringFourBandVioletRedBlueBrown" time="0.000" timestamp="2018-10-19T20:33:01"/>
	<testcase classname="create_formatted_resistance_string_tests.CreateFormattedResistanceStringTests" name="testCreateFormattedResistanceStringFourBandVioletRedBlueGold" time="0.000" timestamp="2018-10-19T20:33:01"/>
	<testcase classname="create_formatted_resistance_string_tests.CreateFormattedResistanceStringTests" name="testCreateFormattedResistanceStringFourBandVioletRedBlueGreen" time="0.000" timestamp="2018-10-19T20:33:01"/>
	<testcase classname="create_formatted_resistance_string_tests.CreateFormattedResistanceStringTests" name="testCreateFormattedResistanceStringFourBandVioletRedBlueGrey" time="0.000" timestamp="2018-10-19T20:33:01"/>
	<testcase classname="create_formatted_resistance_string_tests.CreateFormattedResistanceStringTests" name="testCreateFormattedResistanceStringFourBandVioletRedBlueNone" time="0.000" timestamp="2018-10-19T20:33:01"/>
	<testcase classname="create_formatted_resistance_string_tests.CreateFormattedResistanceStringTests" name="testCreateFormattedResistanceStringFourBandVioletRedBlueRed" time="0.000" timestamp="2018-10-19T20:33:01"/>
	<testcase classname="create_formatted_resistance_string_tests.CreateFormattedResistanceStringTests" name="testCreateFormattedResistanceStringFourBandVioletRedBlueSilver" time="0.000" timestamp="2018-10-19T20:33:01"/>
	<testcase classname="create_formatted_resistance_string_tests.CreateFormattedResistanceStringTests" name="testCreateFormattedResistanceStringFourBandVioletRedBlueViolet" time="0.000" timestamp="2018-10-19T20:33:01"/>
	<testcase classname="create_formatted_resistance_string_tests.CreateFormattedResistanceStringTests" name="testCreateFormattedResistanceStringFourBandVioletRedBrownBlue" time="0.000" timestamp="2018-10-19T20:33:01"/>
	<testcase classname="create_formatted_resistance_string_tests.CreateFormattedResistanceStringTests" name="testCreateFormattedResistanceStringFourBandVioletRedBrownBrown" time="0.000" timestamp="2018-10-19T20:33:01"/>
	<testcase classname="create_formatted_resistance_string_tests.CreateFormattedResistanceStringTests" name="testCreateFormattedResistanceStringFourBandVioletRedBrownGold" time="0.000" timestamp="2018-10-19T20:33:01"/>
	<testcase classname="create_formatted_resistance_string_tests.CreateFormattedResistanceStringTests" name="testCreateFormattedResistanceStringFourBandVioletRedBrownGreen" time="0.000" timestamp="2018-10-19T20:33:01"/>
	<testcase classname="create_formatted_resistance_string_tests.CreateFormattedResistanceStringTests" name="testCreateFormattedResistanceStringFourBandVioletRedBrownGrey" time="0.000" timestamp="2018-10-19T20:33:01"/>
	<testcase classname="create_formatted_resistance_string_tests.CreateFormattedResistanceStringTests" name="testCreateFormattedResistanceStringFourBandVioletRedBrownNone" time="0.000" timestamp="2018-10-19T20:33:01"/>
	<testcase classname="create_formatted_resistance_string_tests.CreateFormattedResistanceStringTests" name="testCreateFormattedResistanceStringFourBandVioletRedBrownRed" time="0.000" timestamp="2018-10-19T20:33:01"/>
	<testcase classname="create_formatted_resistance_string_tests.CreateFormattedResistanceStringTests" name="testCreateFormattedResistanceStringFourBandVioletRedBrownSilver" time="0.000" timestamp="2018-10-19T20:33:01"/>
	<testcase classname="create_formatted_resistance_string_tests.CreateFormattedResistanceStringTests" name="testCreateFormattedResistanceStringFourBandVioletRedBrownViolet" time="0.000" timestamp="2018-10-19T20:33:01"/>
	<testcase classname="create_formatted_resistance_string_tests.CreateFormattedResistanceStringTests" name="testCreateFormattedResistanceStringFourBandVioletRedGoldBlue" time="0.000" timestamp="2018-10-19T20:33:01"/>
	<testcase classname="create_formatted_resistance_string_tests.CreateFormattedResistanceStringTests" name="testCreateFormattedResistanceStringFourBandVioletRedGoldBrown" time="0.000" timestamp="2018-10-19T20:33:01"/>
	<testcase classname="create_formatted_resistance_string_tests.CreateFormattedResistanceStringTests" name="testCreateFormattedResistanceStringFourBandVioletRedGoldGold" time="0.000" timestamp="2018-10-19T20:33:01"/>
	<testcase classname="create_formatted_resistance_string_tests.CreateFormattedResistanceStringTests" name="testCreateFormattedResistanceStringFourBandVioletRedGoldGreen" time="0.000" timestamp="2018-10-19T20:33:01"/>
	<testcase classname="create_formatted_resistance_string_tests.CreateFormattedResistanceStringTests" name="testCreateFormattedResistanceStringFourBandVioletRedGoldGrey" time="0.000" timestamp="2018-10-19T20:33:01"/>
	<testcase classname="create_formatted_resistance_string_tests.CreateFormattedResistanceStringTests" name="testCreateFormattedResistanceStringFourBandVioletRedGoldNone" time="0.000" timestamp="2018-10-19T20:33:01"/>
	<testcase classname="create_formatted_resistance_string_tests.CreateFormattedResistanceStringTests" name="testCreateFormattedResistanceStringFourBandVioletRedGoldRed" time="0.000" timestamp="2018-10-19T20:33:01"/>
	<testcase classname="create_formatted_resistance_string_tests.CreateFormattedResistanceStringTests" name="testCreateFormattedResistanceStringFourBandVioletRedGoldSilver" time="0.000" timestamp="2018-10-19T20:33:01"/>
	<testcase classname="create_formatted_resistance_string_tests.CreateFormattedResistanceStringTests" name="testCreateFormattedResistanceStringFourBandVioletRedGoldViolet" time="0.000" timestamp="2018-10-19T20:33:01"/>
	<testcase classname="create_formatted_resistance_string_tests.CreateFormattedResistanceStringTests" name="testCreateFormattedResistanceStringFourBandVioletRedGreenBlue" time="0.000" timestamp="2018-10-19T20:33:01"/>
	<testcase classname="create_formatted_resistance_string_tests.CreateFormattedResistanceStringTests" name="testCreateFormattedResistanceStringFourBandVioletRedGreenBrown" time="0.000" timestamp="2018-10-19T20:33:01"/>
	<testcase classname="create_formatted_resistance_string_tests.CreateFormattedResistanceStringTests" name="testCreateFormattedResistanceStringFourBandVioletRedGreenGold" time="0.000" timestamp="2018-10-19T20:33:01"/>
	<testcase classname="create_formatted_resistance_string_tests.CreateFormattedResistanceStringTests" name="testCreateFormattedResistanceStringFourBandVioletRedGreenGreen" time="0.000" timestamp="2018-10-19T20:33:01"/>
	<testcase classname="create_formatted_resistance_string_tests.CreateFormattedResistanceStringTests" name="testCreateFormattedResistanceStringFourBandVioletRedGreenGrey" time="0.000" timestamp="2018-10-19T20:33:01"/>
	<testcase classname="create_formatted_resistance_string_tests.CreateFormattedResistanceStringTests" name="testCreateFormattedResistanceStringFourBandVioletRedGreenNone" time="0.000" timestamp="2018-10-19T20:33:01"/>
	<testcase classname="create_formatted_resistance_string_tests.CreateFormattedResistanceStringTests" name="testCreateFormattedResistanceStringFourBandVioletRedGreenRed" time="0.000" timestamp="2018-10-19T20:33:01"/>
	<testcase classname="create_formatted_resistance_string_tests.CreateFormattedResistanceStringTests" name="testCreateFormattedResistanceStringFourBandVioletRedGreenSilver" time="0.000" timestamp="2018-10-19T20:33:01"/>
	<testcase classname="create_formatted_resistance_string_tests.CreateFormattedResistanceStringTests" name="testCreateFormattedResistanceStringFourBandVioletRedGreenViolet" time="0.000" timestamp="2018-10-19T20:33:01"/>
	<testcase classname="create_formatted_resistance_string_tests.CreateFormattedResistanceStringTests" name="testCreateFormattedResistanceStringFourBandVioletRedGreyBlue" time="0.000" timestamp="2018-10-19T20:33:01"/>
	<testcase classname="create_formatted_resistance_string_tests.CreateFormattedResistanceStringTests" name="testCreateFormattedResistanceStringFourBandVioletRedGreyBrown" time="0.000" timestamp="2018-10-19T20:33:01"/>
	<testcase classname="create_formatted_resistance_string_tests.CreateFormattedResistanceStringTests" name="testCreateFormattedResistanceStringFourBandVioletRedGreyGold" time="0.000" timestamp="2018-10-19T20:33:01"/>
	<testcase classname="create_formatted_resistance_string_tests.CreateFormattedResistanceStringTests" name="testCreateFormattedResistanceStringFourBandVioletRedGreyGreen" time="0.000" timestamp="2018-10-19T20:33:01"/>
	<testcase classname="create_formatted_resistance_string_tests.CreateFormattedResistanceStringTests" name="testCreateFormattedResistanceStringFourBandVioletRedGreyGrey" time="0.000" timestamp="2018-10-19T20:33:01"/>
	<testcase classname="create_formatted_resistance_string_tests.CreateFormattedResistanceStringTests" name="testCreateFormattedResistanceStringFourBandVioletRedGreyNone" time="0.000" timestamp="2018-10-19T20:33:01"/>
	<testcase classname="create_formatted_resistance_string_tests.CreateFormattedResistanceStringTests" name="testCreateFormattedResistanceStringFourBandVioletRedGreyRed" time="0.000" timestamp="2018-10-19T20:33:01"/>
	<testcase classname="create_formatted_resistance_string_tests.CreateFormattedResistanceStringTests" name="testCreateFormattedResistanceStringFourBandVioletRedGreySilver" time="0.000" timestamp="2018-10-19T20:33:01"/>
	<testcase classname="create_formatted_resistance_string_tests.CreateFormattedResistanceStringTests" name="testCreateFormattedResistanceStringFourBandVioletRedGreyViolet" time="0.000" timestamp="2018-10-19T20:33:01"/>
	<testcase classname="create_formatted_resistance_string_tests.CreateFormattedResistanceStringTests" name="testCreateFormattedResistanceStringFourBandVioletRedOrangeBlue" time="0.000" timestamp="2018-10-19T20:33:01"/>
	<testcase classname="create_formatted_resistance_string_tests.CreateFormattedResistanceStringTests" name="testCreateFormattedResistanceStringFourBandVioletRedOrangeBrown" time="0.000" timestamp="2018-10-19T20:33:01"/>
	<testcase classname="create_formatted_resistance_string_tests.CreateFormattedResistanceStringTests" name="testCreateFormattedResistanceStringFourBandVioletRedOrangeGold" time="0.000" timestamp="2018-10-19T20:33:01"/>
	<testcase classname="create_formatted_resistance_string_tests.CreateFormattedResistanceStringTests" name="testCreateFormattedResistanceStringFourBandVioletRedOrangeGreen" time="0.000" timestamp="2018-10-19T20:33:01"/>
	<testcase classname="create_formatted_resistance_string_tests.CreateFormattedResistanceStringTests" name="testCreateFormattedResistanceStringFourBandVioletRedOrangeGrey" time="0.000" timestamp="2018-10-19T20:33:01"/>
	<testcase classname="create_formatted_resistance_string_tests.CreateFormattedResistanceStringTests" name="testCreateFormattedResistanceStringFourBandVioletRedOrangeNone" time="0.000" timestamp="2018-10-19T20:33:01"/>
	<testcase classname="create_formatted_resistance_string_tests.CreateFormattedResistanceStringTests" name="testCreateFormattedResistanceStringFourBandVioletRedOrangeRed" time="0.000" timestamp="2018-10-19T20:33:01"/>
	<testcase classname="create_formatted_resistance_string_tests.CreateFormattedResistanceStringTests" name="testCreateFormattedResistanceStringFourBandVioletRedOrangeSilver" time="0.000" timestamp="2018-10-19T20:33:01"/>
	<testcase classname="create_formatted_resistance_string_tests.CreateFormattedResistanceStringTests" name="testCreateFormattedResistanceStringFourBandVioletRedOrangeViolet" time="0.000" timestamp="2018-10-19T20:33:01"/>
	<testcase classname="create_formatted_resistance_string_tests.CreateFormattedResistanceStringTests" name="testCreateFormattedResistanceStringFourBandVioletRedRedBlue" time="0.000" timestamp="2018-10-19T20:33:01"/>
	<testcase classname="create_formatted_resistance_string_tests.CreateFormattedResistanceStringTests" name="testCreateFormattedResistanceStringFourBandVioletRedRedBrown" time="0.000" timestamp="2018-10-19T20:33:01"/>
	<testcase classname="create_formatted_resistance_string_tests.CreateFormattedResistanceStringTests" name="testCreateFormattedResistanceStringFourBandVioletRedRedGold" time="0.000" timestamp="2018-10-19T20:33:01"/>
	<testcase classname="create_formatted_resistance_string_tests.CreateFormattedResistanceStringTests" name="testCreateFormattedResistanceStringFourBandVioletRedRedGreen" time="0.000" timestamp="2018-10-19T20:33:01"/>
	<testcase classname="create_formatted_resistance_string_tests.CreateFormattedResistanceStringTests" name="testCreateFormattedResistanceStringFourBandVioletRedRedGrey" time="0.000" timestamp="2018-10-19T20:33:01"/>
	<testcase classname="create_formatted_resistance_string_tests.CreateFormattedResistanceStringTests" name="testCreateFormattedResistanceStringFourBandVioletRedRedNone" time="0.000" timestamp="2018-10-19T20:33:01"/>
	<testcase classname="create_formatted_resistance_string_tests.CreateFormattedResistanceStringTests" name="testCreateFormattedResistanceStringFourBandVioletRedRedRed" time="0.000" timestamp="2018-10-19T20:33:01"/>
	<testcase classname="create_formatted_resistance_string_tests.CreateFormattedResistanceStringTests" name="testCreateFormattedResistanceStringFourBandVioletRedRedSilver" time="0.000" timestamp="2018-10-19T20:33:01"/>
	<testcase classname="create_formatted_resistance_string_tests.CreateFormattedResistanceStringTests" name="testCreateFormattedResistanceStringFourBandVioletRedRedViolet" time="0.000" timestamp="2018-10-19T20:33:01"/>
	<testcase classname="create_formatted_resistance_string_tests.CreateFormattedResistanceStringTests" name="testCreateFormattedResistanceStringFourBandVioletRedSilverBlue" time="0.000" timestamp="2018-10-19T20:33:01"/>
	<testcase classname="create_formatted_resistance_string_tests.CreateFormattedResistanceStringTests" name="testCreateFormattedResistanceStringFourBandVioletRedSilverBrown" time="0.000" timestamp="2018-10-19T20:33:01"/>
	<testcase classname="create_formatted_resistance_string_tests.CreateFormattedResistanceStringTests" name="testCreateFormattedResistanceStringFourBandVioletRedSilverGold" time="0.000" timestamp="2018-10-19T20:33:01"/>
	<testcase classname="create_formatted_resistance_string_tests.CreateFormattedResistanceStringTests" name="testCreateFormattedResistanceStringFourBandVioletRedSilverGreen" time="0.000" timestamp="2018-10-19T20:33:01"/>
	<testcase classname="create_formatted_resistance_string_tests.CreateFormattedResistanceStringTests" name="testCreateFormattedResistanceStringFourBandVioletRedSilverGrey" time="0.000" timestamp="2018-10-19T20:33:01"/>
	<testcase classname="create_formatted_resistance_string_tests.CreateFormattedResistanceStringTests" name="testCreateFormattedResistanceStringFourBandVioletRedSilverNone" time="0.000" timestamp="2018-10-19T20:33:01"/>
	<testcase classname="create_formatted_resistance_string_tests.CreateFormattedResistanceStringTests" name="testCreateFormattedResistanceStringFourBandVioletRedSilverRed" time="0.000" timestamp="2018-10-19T20:33:01"/>
	<testcase classname="create_formatted_resistance_string_tests.CreateFormattedResistanceStringTests" name="testCreateFormattedResistanceStringFourBandVioletRedSilverSilver" time="0.000" timestamp="2018-10-19T20:33:01"/>
	<testcase classname="create_formatted_resistance_string_tests.CreateFormattedResistanceStringTests" name="testCreateFormattedResistanceStringFourBandVioletRedSilverViolet" time="0.000" timestamp="2018-10-19T20:33:01"/>
	<testcase classname="create_formatted_resistance_string_tests.CreateFormattedResistanceStringTests" name="testCreateFormattedResistanceStringFourBandVioletRedVioletBlue" time="0.000" timestamp="2018-10-19T20:33:01"/>
	<testcase classname="create_formatted_resistance_string_tests.CreateFormattedResistanceStringTests" name="testCreateFormattedResistanceStringFourBandVioletRedVioletBrown" time="0.000" timestamp="2018-10-19T20:33:01"/>
	<testcase classname="create_formatted_resistance_string_tests.CreateFormattedResistanceStringTests" name="testCreateFormattedResistanceStringFourBandVioletRedVioletGold" time="0.000" timestamp="2018-10-19T20:33:01"/>
	<testcase classname="create_formatted_resistance_string_tests.CreateFormattedResistanceStringTests" name="testCreateFormattedResistanceStringFourBandVioletRedVioletGreen" time="0.000" timestamp="2018-10-19T20:33:01"/>
	<testcase classname="create_formatted_resistance_string_tests.CreateFormattedResistanceStringTests" name="testCreateFormattedResistanceStringFourBandVioletRedVioletGrey" time="0.000" timestamp="2018-10-19T20:33:01"/>
	<testcase classname="create_formatted_resistance_string_tests.CreateFormattedResistanceStringTests" name="testCreateFormattedResistanceStringFourBandVioletRedVioletNone" time="0.000" timestamp="2018-10-19T20:33:01"/>
	<testcase classname="create_formatted_resistance_string_tests.CreateFormattedResistanceStringTests" name="testCreateFormattedResistanceStringFourBandVioletRedVioletRed" time="0.000" timestamp="2018-10-19T20:33:01"/>
	<testcase classname="create_formatted_resistance_string_tests.CreateFormattedResistanceStringTests" name="testCreateFormattedResistanceStringFourBandVioletRedVioletSilver" time="0.000" timestamp="2018-10-19T20:33:01"/>
	<testcase classname="create_formatted_resistance_string_tests.CreateFormattedResistanceStringTests" name="testCreateFormattedResistanceStringFourBandVioletRedVioletViolet" time="0.000" timestamp="2018-10-19T20:33:01"/>
	<testcase classname="create_formatted_resistance_string_tests.CreateFormattedResistanceStringTests" name="testCreateFormattedResistanceStringFourBandVioletRedWhiteBlue" time="0.000" timestamp="2018-10-19T20:33:01"/>
	<testcase classname="create_formatted_resistance_string_tests.CreateFormattedResistanceStringTests" name="testCreateFormattedResistanceStringFourBandVioletRedWhiteBrown" time="0.000" timestamp="2018-10-19T20:33:01"/>
	<testcase classname="create_formatted_resistance_string_tests.CreateFormattedResistanceStringTests" name="testCreateFormattedResistanceStringFourBandVioletRedWhiteGold" time="0.000" timestamp="2018-10-19T20:33:01"/>
	<testcase classname="create_formatted_resistance_string_tests.CreateFormattedResistanceStringTests" name="testCreateFormattedResistanceStringFourBandVioletRedWhiteGreen" time="0.000" timestamp="2018-10-19T20:33:01"/>
	<testcase classname="create_formatted_resistance_string_tests.CreateFormattedResistanceStringTests" name="testCreateFormattedResistanceStringFourBandVioletRedWhiteGrey" time="0.000" timestamp="2018-10-19T20:33:01"/>
	<testcase classname="create_formatted_resistance_string_tests.CreateFormattedResistanceStringTests" name="testCreateFormattedResistanceStringFourBandVioletRedWhiteNone" time="0.000" timestamp="2018-10-19T20:33:01"/>
	<testcase classname="create_formatted_resistance_string_tests.CreateFormattedResistanceStringTests" name="testCreateFormattedResistanceStringFourBandVioletRedWhiteRed" time="0.000" timestamp="2018-10-19T20:33:01"/>
	<testcase classname="create_formatted_resistance_string_tests.CreateFormattedResistanceStringTests" name="testCreateFormattedResistanceStringFourBandVioletRedWhiteSilver" time="0.000" timestamp="2018-10-19T20:33:01"/>
	<testcase classname="create_formatted_resistance_string_tests.CreateFormattedResistanceStringTests" name="testCreateFormattedResistanceStringFourBandVioletRedWhiteViolet" time="0.000" timestamp="2018-10-19T20:33:01"/>
	<testcase classname="create_formatted_resistance_string_tests.CreateFormattedResistanceStringTests" name="testCreateFormattedResistanceStringFourBandVioletRedYellowBlue" time="0.000" timestamp="2018-10-19T20:33:01"/>
	<testcase classname="create_formatted_resistance_string_tests.CreateFormattedResistanceStringTests" name="testCreateFormattedResistanceStringFourBandVioletRedYellowBrown" time="0.000" timestamp="2018-10-19T20:33:01"/>
	<testcase classname="create_formatted_resistance_string_tests.CreateFormattedResistanceStringTests" name="testCreateFormattedResistanceStringFourBandVioletRedYellowGold" time="0.000" timestamp="2018-10-19T20:33:01"/>
	<testcase classname="create_formatted_resistance_string_tests.CreateFormattedResistanceStringTests" name="testCreateFormattedResistanceStringFourBandVioletRedYellowGreen" time="0.000" timestamp="2018-10-19T20:33:01"/>
	<testcase classname="create_formatted_resistance_string_tests.CreateFormattedResistanceStringTests" name="testCreateFormattedResistanceStringFourBandVioletRedYellowGrey" time="0.000" timestamp="2018-10-19T20:33:01"/>
	<testcase classname="create_formatted_resistance_string_tests.CreateFormattedResistanceStringTests" name="testCreateFormattedResistanceStringFourBandVioletRedYellowNone" time="0.000" timestamp="2018-10-19T20:33:01"/>
	<testcase classname="create_formatted_resistance_string_tests.CreateFormattedResistanceStringTests" name="testCreateFormattedResistanceStringFourBandVioletRedYellowRed" time="0.000" timestamp="2018-10-19T20:33:01"/>
	<testcase classname="create_formatted_resistance_string_tests.CreateFormattedResistanceStringTests" name="testCreateFormattedResistanceStringFourBandVioletRedYellowSilver" time="0.000" timestamp="2018-10-19T20:33:01"/>
	<testcase classname="create_formatted_resistance_string_tests.CreateFormattedResistanceStringTests" name="testCreateFormattedResistanceStringFourBandVioletRedYellowViolet" time="0.000" timestamp="2018-10-19T20:33:01"/>
	<testcase classname="create_formatted_resistance_string_tests.CreateFormattedResistanceStringTests" name="testCreateFormattedResistanceStringFourBandVioletVioletBlackBlue" time="0.000" timestamp="2018-10-19T20:33:01"/>
	<testcase classname="create_formatted_resistance_string_tests.CreateFormattedResistanceStringTests" name="testCreateFormattedResistanceStringFourBandVioletVioletBlackBrown" time="0.000" timestamp="2018-10-19T20:33:01"/>
	<testcase classname="create_formatted_resistance_string_tests.CreateFormattedResistanceStringTests" name="testCreateFormattedResistanceStringFourBandVioletVioletBlackGold" time="0.000" timestamp="2018-10-19T20:33:01"/>
	<testcase classname="create_formatted_resistance_string_tests.CreateFormattedResistanceStringTests" name="testCreateFormattedResistanceStringFourBandVioletVioletBlackGreen" time="0.000" timestamp="2018-10-19T20:33:01"/>
	<testcase classname="create_formatted_resistance_string_tests.CreateFormattedResistanceStringTests" name="testCreateFormattedResistanceStringFourBandVioletVioletBlackGrey" time="0.000" timestamp="2018-10-19T20:33:01"/>
	<testcase classname="create_formatted_resistance_string_tests.CreateFormattedResistanceStringTests" name="testCreateFormattedResistanceStringFourBandVioletVioletBlackNone" time="0.000" timestamp="2018-10-19T20:33:01"/>
	<testcase classname="create_formatted_resistance_string_tests.CreateFormattedResistanceStringTests" name="testCreateFormattedResistanceStringFourBandVioletVioletBlackRed" time="0.000" timestamp="2018-10-19T20:33:01"/>
	<testcase classname="create_formatted_resistance_string_tests.CreateFormattedResistanceStringTests" name="testCreateFormattedResistanceStringFourBandVioletVioletBlackSilver" time="0.000" timestamp="2018-10-19T20:33:01"/>
	<testcase classname="create_formatted_resistance_string_tests.CreateFormattedResistanceStringTests" name="testCreateFormattedResistanceStringFourBandVioletVioletBlackViolet" time="0.000" timestamp="2018-10-19T20:33:01"/>
	<testcase classname="create_formatted_resistance_string_tests.CreateFormattedResistanceStringTests" name="testCreateFormattedResistanceStringFourBandVioletVioletBlueBlue" time="0.000" timestamp="2018-10-19T20:33:01"/>
	<testcase classname="create_formatted_resistance_string_tests.CreateFormattedResistanceStringTests" name="testCreateFormattedResistanceStringFourBandVioletVioletBlueBrown" time="0.000" timestamp="2018-10-19T20:33:01"/>
	<testcase classname="create_formatted_resistance_string_tests.CreateFormattedResistanceStringTests" name="testCreateFormattedResistanceStringFourBandVioletVioletBlueGold" time="0.000" timestamp="2018-10-19T20:33:01"/>
	<testcase classname="create_formatted_resistance_string_tests.CreateFormattedResistanceStringTests" name="testCreateFormattedResistanceStringFourBandVioletVioletBlueGreen" time="0.000" timestamp="2018-10-19T20:33:01"/>
	<testcase classname="create_formatted_resistance_string_tests.CreateFormattedResistanceStringTests" name="testCreateFormattedResistanceStringFourBandVioletVioletBlueGrey" time="0.000" timestamp="2018-10-19T20:33:01"/>
	<testcase classname="create_formatted_resistance_string_tests.CreateFormattedResistanceStringTests" name="testCreateFormattedResistanceStringFourBandVioletVioletBlueNone" time="0.000" timestamp="2018-10-19T20:33:01"/>
	<testcase classname="create_formatted_resistance_string_tests.CreateFormattedResistanceStringTests" name="testCreateFormattedResistanceStringFourBandVioletVioletBlueRed" time="0.000" timestamp="2018-10-19T20:33:01"/>
	<testcase classname="create_formatted_resistance_string_tests.CreateFormattedResistanceStringTests" name="testCreateFormattedResistanceStringFourBandVioletVioletBlueSilver" time="0.000" timestamp="2018-10-19T20:33:01"/>
	<testcase classname="create_formatted_resistance_string_tests.CreateFormattedResistanceStringTests" name="testCreateFormattedResistanceStringFourBandVioletVioletBlueViolet" time="0.000" timestamp="2018-10-19T20:33:01"/>
	<testcase classname="create_formatted_resistance_string_tests.CreateFormattedResistanceStringTests" name="testCreateFormattedResistanceStringFourBandVioletVioletBrownBlue" time="0.000" timestamp="2018-10-19T20:33:01"/>
	<testcase classname="create_formatted_resistance_string_tests.CreateFormattedResistanceStringTests" name="testCreateFormattedResistanceStringFourBandVioletVioletBrownBrown" time="0.000" timestamp="2018-10-19T20:33:01"/>
	<testcase classname="create_formatted_resistance_string_tests.CreateFormattedResistanceStringTests" name="testCreateFormattedResistanceStringFourBandVioletVioletBrownGold" time="0.000" timestamp="2018-10-19T20:33:01"/>
	<testcase classname="create_formatted_resistance_string_tests.CreateFormattedResistanceStringTests" name="testCreateFormattedResistanceStringFourBandVioletVioletBrownGreen" time="0.000" timestamp="2018-10-19T20:33:01"/>
	<testcase classname="create_formatted_resistance_string_tests.CreateFormattedResistanceStringTests" name="testCreateFormattedResistanceStringFourBandVioletVioletBrownGrey" time="0.000" timestamp="2018-10-19T20:33:01"/>
	<testcase classname="create_formatted_resistance_string_tests.CreateFormattedResistanceStringTests" name="testCreateFormattedResistanceStringFourBandVioletVioletBrownNone" time="0.000" timestamp="2018-10-19T20:33:01"/>
	<testcase classname="create_formatted_resistance_string_tests.CreateFormattedResistanceStringTests" name="testCreateFormattedResistanceStringFourBandVioletVioletBrownRed" time="0.000" timestamp="2018-10-19T20:33:01"/>
	<testcase classname="create_formatted_resistance_string_tests.CreateFormattedResistanceStringTests" name="testCreateFormattedResistanceStringFourBandVioletVioletBrownSilver" time="0.000" timestamp="2018-10-19T20:33:01"/>
	<testcase classname="create_formatted_resistance_string_tests.CreateFormattedResistanceStringTests" name="testCreateFormattedResistanceStringFourBandVioletVioletBrownViolet" time="0.000" timestamp="2018-10-19T20:33:01"/>
	<testcase classname="create_formatted_resistance_string_tests.CreateFormattedResistanceStringTests" name="testCreateFormattedResistanceStringFourBandVioletVioletGoldBlue" time="0.000" timestamp="2018-10-19T20:33:01"/>
	<testcase classname="create_formatted_resistance_string_tests.CreateFormattedResistanceStringTests" name="testCreateFormattedResistanceStringFourBandVioletVioletGoldBrown" time="0.000" timestamp="2018-10-19T20:33:01"/>
	<testcase classname="create_formatted_resistance_string_tests.CreateFormattedResistanceStringTests" name="testCreateFormattedResistanceStringFourBandVioletVioletGoldGold" time="0.000" timestamp="2018-10-19T20:33:01"/>
	<testcase classname="create_formatted_resistance_string_tests.CreateFormattedResistanceStringTests" name="testCreateFormattedResistanceStringFourBandVioletVioletGoldGreen" time="0.000" timestamp="2018-10-19T20:33:01"/>
	<testcase classname="create_formatted_resistance_string_tests.CreateFormattedResistanceStringTests" name="testCreateFormattedResistanceStringFourBandVioletVioletGoldGrey" time="0.000" timestamp="2018-10-19T20:33:01"/>
	<testcase classname="create_formatted_resistance_string_tests.CreateFormattedResistanceStringTests" name="testCreateFormattedResistanceStringFourBandVioletVioletGoldNone" time="0.000" timestamp="2018-10-19T20:33:01"/>
	<testcase classname="create_formatted_resistance_string_tests.CreateFormattedResistanceStringTests" name="testCreateFormattedResistanceStringFourBandVioletVioletGoldRed" time="0.000" timestamp="2018-10-19T20:33:01"/>
	<testcase classname="create_formatted_resistance_string_tests.CreateFormattedResistanceStringTests" name="testCreateFormattedResistanceStringFourBandVioletVioletGoldSilver" time="0.000" timestamp="2018-10-19T20:33:01"/>
	<testcase classname="create_formatted_resistance_string_tests.CreateFormattedResistanceStringTests" name="testCreateFormattedResistanceStringFourBandVioletVioletGoldViolet" time="0.000" timestamp="2018-10-19T20:33:01"/>
	<testcase classname="create_formatted_resistance_string_tests.CreateFormattedResistanceStringTests" name="testCreateFormattedResistanceStringFourBandVioletVioletGreenBlue" time="0.000" timestamp="2018-10-19T20:33:01"/>
	<testcase classname="create_formatted_resistance_string_tests.CreateFormattedResistanceStringTests" name="testCreateFormattedResistanceStringFourBandVioletVioletGreenBrown" time="0.000" timestamp="2018-10-19T20:33:01"/>
	<testcase classname="create_formatted_resistance_string_tests.CreateFormattedResistanceStringTests" name="testCreateFormattedResistanceStringFourBandVioletVioletGreenGold" time="0.000" timestamp="2018-10-19T20:33:01"/>
	<testcase classname="create_formatted_resistance_string_tests.CreateFormattedResistanceStringTests" name="testCreateFormattedResistanceStringFourBandVioletVioletGreenGreen" time="0.000" timestamp="2018-10-19T20:33:01"/>
	<testcase classname="create_formatted_resistance_string_tests.CreateFormattedResistanceStringTests" name="testCreateFormattedResistanceStringFourBandVioletVioletGreenGrey" time="0.000" timestamp="2018-10-19T20:33:01"/>
	<testcase classname="create_formatted_resistance_string_tests.CreateFormattedResistanceStringTests" name="testCreateFormattedResistanceStringFourBandVioletVioletGreenNone" time="0.000" timestamp="2018-10-19T20:33:01"/>
	<testcase classname="create_formatted_resistance_string_tests.CreateFormattedResistanceStringTests" name="testCreateFormattedResistanceStringFourBandVioletVioletGreenRed" time="0.000" timestamp="2018-10-19T20:33:01"/>
	<testcase classname="create_formatted_resistance_string_tests.CreateFormattedResistanceStringTests" name="testCreateFormattedResistanceStringFourBandVioletVioletGreenSilver" time="0.000" timestamp="2018-10-19T20:33:01"/>
	<testcase classname="create_formatted_resistance_string_tests.CreateFormattedResistanceStringTests" name="testCreateFormattedResistanceStringFourBandVioletVioletGreenViolet" time="0.000" timestamp="2018-10-19T20:33:01"/>
	<testcase classname="create_formatted_resistance_string_tests.CreateFormattedResistanceStringTests" name="testCreateFormattedResistanceStringFourBandVioletVioletGreyBlue" time="0.000" timestamp="2018-10-19T20:33:01"/>
	<testcase classname="create_formatted_resistance_string_tests.CreateFormattedResistanceStringTests" name="testCreateFormattedResistanceStringFourBandVioletVioletGreyBrown" time="0.000" timestamp="2018-10-19T20:33:01"/>
	<testcase classname="create_formatted_resistance_string_tests.CreateFormattedResistanceStringTests" name="testCreateFormattedResistanceStringFourBandVioletVioletGreyGold" time="0.000" timestamp="2018-10-19T20:33:01"/>
	<testcase classname="create_formatted_resistance_string_tests.CreateFormattedResistanceStringTests" name="testCreateFormattedResistanceStringFourBandVioletVioletGreyGreen" time="0.000" timestamp="2018-10-19T20:33:01"/>
	<testcase classname="create_formatted_resistance_string_tests.CreateFormattedResistanceStringTests" name="testCreateFormattedResistanceStringFourBandVioletVioletGreyGrey" time="0.000" timestamp="2018-10-19T20:33:01"/>
	<testcase classname="create_formatted_resistance_string_tests.CreateFormattedResistanceStringTests" name="testCreateFormattedResistanceStringFourBandVioletVioletGreyNone" time="0.000" timestamp="2018-10-19T20:33:01"/>
	<testcase classname="create_formatted_resistance_string_tests.CreateFormattedResistanceStringTests" name="testCreateFormattedResistanceStringFourBandVioletVioletGreyRed" time="0.000" timestamp="2018-10-19T20:33:01"/>
	<testcase classname="create_formatted_resistance_string_tests.CreateFormattedResistanceStringTests" name="testCreateFormattedResistanceStringFourBandVioletVioletGreySilver" time="0.000" timestamp="2018-10-19T20:33:01"/>
	<testcase classname="create_formatted_resistance_string_tests.CreateFormattedResistanceStringTests" name="testCreateFormattedResistanceStringFourBandVioletVioletGreyViolet" time="0.000" timestamp="2018-10-19T20:33:01"/>
	<testcase classname="create_formatted_resistance_string_tests.CreateFormattedResistanceStringTests" name="testCreateFormattedResistanceStringFourBandVioletVioletOrangeBlue" time="0.000" timestamp="2018-10-19T20:33:01"/>
	<testcase classname="create_formatted_resistance_string_tests.CreateFormattedResistanceStringTests" name="testCreateFormattedResistanceStringFourBandVioletVioletOrangeBrown" time="0.000" timestamp="2018-10-19T20:33:01"/>
	<testcase classname="create_formatted_resistance_string_tests.CreateFormattedResistanceStringTests" name="testCreateFormattedResistanceStringFourBandVioletVioletOrangeGold" time="0.000" timestamp="2018-10-19T20:33:01"/>
	<testcase classname="create_formatted_resistance_string_tests.CreateFormattedResistanceStringTests" name="testCreateFormattedResistanceStringFourBandVioletVioletOrangeGreen" time="0.000" timestamp="2018-10-19T20:33:01"/>
	<testcase classname="create_formatted_resistance_string_tests.CreateFormattedResistanceStringTests" name="testCreateFormattedResistanceStringFourBandVioletVioletOrangeGrey" time="0.000" timestamp="2018-10-19T20:33:01"/>
	<testcase classname="create_formatted_resistance_string_tests.CreateFormattedResistanceStringTests" name="testCreateFormattedResistanceStringFourBandVioletVioletOrangeNone" time="0.000" timestamp="2018-10-19T20:33:01"/>
	<testcase classname="create_formatted_resistance_string_tests.CreateFormattedResistanceStringTests" name="testCreateFormattedResistanceStringFourBandVioletVioletOrangeRed" time="0.000" timestamp="2018-10-19T20:33:01"/>
	<testcase classname="create_formatted_resistance_string_tests.CreateFormattedResistanceStringTests" name="testCreateFormattedResistanceStringFourBandVioletVioletOrangeSilver" time="0.000" timestamp="2018-10-19T20:33:01"/>
	<testcase classname="create_formatted_resistance_string_tests.CreateFormattedResistanceStringTests" name="testCreateFormattedResistanceStringFourBandVioletVioletOrangeViolet" time="0.000" timestamp="2018-10-19T20:33:01"/>
	<testcase classname="create_formatted_resistance_string_tests.CreateFormattedResistanceStringTests" name="testCreateFormattedResistanceStringFourBandVioletVioletRedBlue" time="0.000" timestamp="2018-10-19T20:33:01"/>
	<testcase classname="create_formatted_resistance_string_tests.CreateFormattedResistanceStringTests" name="testCreateFormattedResistanceStringFourBandVioletVioletRedBrown" time="0.000" timestamp="2018-10-19T20:33:01"/>
	<testcase classname="create_formatted_resistance_string_tests.CreateFormattedResistanceStringTests" name="testCreateFormattedResistanceStringFourBandVioletVioletRedGold" time="0.000" timestamp="2018-10-19T20:33:01"/>
	<testcase classname="create_formatted_resistance_string_tests.CreateFormattedResistanceStringTests" name="testCreateFormattedResistanceStringFourBandVioletVioletRedGreen" time="0.000" timestamp="2018-10-19T20:33:01"/>
	<testcase classname="create_formatted_resistance_string_tests.CreateFormattedResistanceStringTests" name="testCreateFormattedResistanceStringFourBandVioletVioletRedGrey" time="0.000" timestamp="2018-10-19T20:33:01"/>
	<testcase classname="create_formatted_resistance_string_tests.CreateFormattedResistanceStringTests" name="testCreateFormattedResistanceStringFourBandVioletVioletRedNone" time="0.000" timestamp="2018-10-19T20:33:01"/>
	<testcase classname="create_formatted_resistance_string_tests.CreateFormattedResistanceStringTests" name="testCreateFormattedResistanceStringFourBandVioletVioletRedRed" time="0.000" timestamp="2018-10-19T20:33:01"/>
	<testcase classname="create_formatted_resistance_string_tests.CreateFormattedResistanceStringTests" name="testCreateFormattedResistanceStringFourBandVioletVioletRedSilver" time="0.000" timestamp="2018-10-19T20:33:01"/>
	<testcase classname="create_formatted_resistance_string_tests.CreateFormattedResistanceStringTests" name="testCreateFormattedResistanceStringFourBandVioletVioletRedViolet" time="0.000" timestamp="2018-10-19T20:33:01"/>
	<testcase classname="create_formatted_resistance_string_tests.CreateFormattedResistanceStringTests" name="testCreateFormattedResistanceStringFourBandVioletVioletSilverBlue" time="0.000" timestamp="2018-10-19T20:33:01"/>
	<testcase classname="create_formatted_resistance_string_tests.CreateFormattedResistanceStringTests" name="testCreateFormattedResistanceStringFourBandVioletVioletSilverBrown" time="0.000" timestamp="2018-10-19T20:33:01"/>
	<testcase classname="create_formatted_resistance_string_tests.CreateFormattedResistanceStringTests" name="testCreateFormattedResistanceStringFourBandVioletVioletSilverGold" time="0.000" timestamp="2018-10-19T20:33:01"/>
	<testcase classname="create_formatted_resistance_string_tests.CreateFormattedResistanceStringTests" name="testCreateFormattedResistanceStringFourBandVioletVioletSilverGreen" time="0.000" timestamp="2018-10-19T20:33:01"/>
	<testcase classname="create_formatted_resistance_string_tests.CreateFormattedResistanceStringTests" name="testCreateFormattedResistanceStringFourBandVioletVioletSilverGrey" time="0.000" timestamp="2018-10-19T20:33:01"/>
	<testcase classname="create_formatted_resistance_string_tests.CreateFormattedResistanceStringTests" name="testCreateFormattedResistanceStringFourBandVioletVioletSilverNone" time="0.000" timestamp="2018-10-19T20:33:01"/>
	<testcase classname="create_formatted_resistance_string_tests.CreateFormattedResistanceStringTests" name="testCreateFormattedResistanceStringFourBandVioletVioletSilverRed" time="0.000" timestamp="2018-10-19T20:33:01"/>
	<testcase classname="create_formatted_resistance_string_tests.CreateFormattedResistanceStringTests" name="testCreateFormattedResistanceStringFourBandVioletVioletSilverSilver" time="0.000" timestamp="2018-10-19T20:33:01"/>
	<testcase classname="create_formatted_resistance_string_tests.CreateFormattedResistanceStringTests" name="testCreateFormattedResistanceStringFourBandVioletVioletSilverViolet" time="0.000" timestamp="2018-10-19T20:33:01"/>
	<testcase classname="create_formatted_resistance_string_tests.CreateFormattedResistanceStringTests" name="testCreateFormattedResistanceStringFourBandVioletVioletVioletBlue" time="0.000" timestamp="2018-10-19T20:33:01"/>
	<testcase classname="create_formatted_resistance_string_tests.CreateFormattedResistanceStringTests" name="testCreateFormattedResistanceStringFourBandVioletVioletVioletBrown" time="0.000" timestamp="2018-10-19T20:33:01"/>
	<testcase classname="create_formatted_resistance_string_tests.CreateFormattedResistanceStringTests" name="testCreateFormattedResistanceStringFourBandVioletVioletVioletGold" time="0.000" timestamp="2018-10-19T20:33:01"/>
	<testcase classname="create_formatted_resistance_string_tests.CreateFormattedResistanceStringTests" name="testCreateFormattedResistanceStringFourBandVioletVioletVioletGreen" time="0.000" timestamp="2018-10-19T20:33:01"/>
	<testcase classname="create_formatted_resistance_string_tests.CreateFormattedResistanceStringTests" name="testCreateFormattedResistanceStringFourBandVioletVioletVioletGrey" time="0.000" timestamp="2018-10-19T20:33:01"/>
	<testcase classname="create_formatted_resistance_string_tests.CreateFormattedResistanceStringTests" name="testCreateFormattedResistanceStringFourBandVioletVioletVioletNone" time="0.000" timestamp="2018-10-19T20:33:01"/>
	<testcase classname="create_formatted_resistance_string_tests.CreateFormattedResistanceStringTests" name="testCreateFormattedResistanceStringFourBandVioletVioletVioletRed" time="0.000" timestamp="2018-10-19T20:33:01"/>
	<testcase classname="create_formatted_resistance_string_tests.CreateFormattedResistanceStringTests" name="testCreateFormattedResistanceStringFourBandVioletVioletVioletSilver" time="0.000" timestamp="2018-10-19T20:33:01"/>
	<testcase classname="create_formatted_resistance_string_tests.CreateFormattedResistanceStringTests" name="testCreateFormattedResistanceStringFourBandVioletVioletVioletViolet" time="0.000" timestamp="2018-10-19T20:33:01"/>
	<testcase classname="create_formatted_resistance_string_tests.CreateFormattedResistanceStringTests" name="testCreateFormattedResistanceStringFourBandVioletVioletWhiteBlue" time="0.000" timestamp="2018-10-19T20:33:01"/>
	<testcase classname="create_formatted_resistance_string_tests.CreateFormattedResistanceStringTests" name="testCreateFormattedResistanceStringFourBandVioletVioletWhiteBrown" time="0.000" timestamp="2018-10-19T20:33:01"/>
	<testcase classname="create_formatted_resistance_string_tests.CreateFormattedResistanceStringTests" name="testCreateFormattedResistanceStringFourBandVioletVioletWhiteGold" time="0.000" timestamp="2018-10-19T20:33:01"/>
	<testcase classname="create_formatted_resistance_string_tests.CreateFormattedResistanceStringTests" name="testCreateFormattedResistanceStringFourBandVioletVioletWhiteGreen" time="0.000" timestamp="2018-10-19T20:33:01"/>
	<testcase classname="create_formatted_resistance_string_tests.CreateFormattedResistanceStringTests" name="testCreateFormattedResistanceStringFourBandVioletVioletWhiteGrey" time="0.000" timestamp="2018-10-19T20:33:01"/>
	<testcase classname="create_formatted_resistance_string_tests.CreateFormattedResistanceStringTests" name="testCreateFormattedResistanceStringFourBandVioletVioletWhiteNone" time="0.000" timestamp="2018-10-19T20:33:01"/>
	<testcase classname="create_formatted_resistance_string_tests.CreateFormattedResistanceStringTests" name="testCreateFormattedResistanceStringFourBandVioletVioletWhiteRed" time="0.000" timestamp="2018-10-19T20:33:01"/>
	<testcase classname="create_formatted_resistance_string_tests.CreateFormattedResistanceStringTests" name="testCreateFormattedResistanceStringFourBandVioletVioletWhiteSilver" time="0.000" timestamp="2018-10-19T20:33:01"/>
	<testcase classname="create_formatted_resistance_string_tests.CreateFormattedResistanceStringTests" name="testCreateFormattedResistanceStringFourBandVioletVioletWhiteViolet" time="0.000" timestamp="2018-10-19T20:33:01"/>
	<testcase classname="create_formatted_resistance_string_tests.CreateFormattedResistanceStringTests" name="testCreateFormattedResistanceStringFourBandVioletVioletYellowBlue" time="0.000" timestamp="2018-10-19T20:33:01"/>
	<testcase classname="create_formatted_resistance_string_tests.CreateFormattedResistanceStringTests" name="testCreateFormattedResistanceStringFourBandVioletVioletYellowBrown" time="0.000" timestamp="2018-10-19T20:33:01"/>
	<testcase classname="create_formatted_resistance_string_tests.CreateFormattedResistanceStringTests" name="testCreateFormattedResistanceStringFourBandVioletVioletYellowGold" time="0.000" timestamp="2018-10-19T20:33:01"/>
	<testcase classname="create_formatted_resistance_string_tests.CreateFormattedResistanceStringTests" name="testCreateFormattedResistanceStringFourBandVioletVioletYellowGreen" time="0.000" timestamp="2018-10-19T20:33:01"/>
	<testcase classname="create_formatted_resistance_string_tests.CreateFormattedResistanceStringTests" name="testCreateFormattedResistanceStringFourBandVioletVioletYellowGrey" time="0.000" timestamp="2018-10-19T20:33:01"/>
	<testcase classname="create_formatted_resistance_string_tests.CreateFormattedResistanceStringTests" name="testCreateFormattedResistanceStringFourBandVioletVioletYellowNone" time="0.000" timestamp="2018-10-19T20:33:01"/>
	<testcase classname="create_formatted_resistance_string_tests.CreateFormattedResistanceStringTests" name="testCreateFormattedResistanceStringFourBandVioletVioletYellowRed" time="0.000" timestamp="2018-10-19T20:33:01"/>
	<testcase classname="create_formatted_resistance_string_tests.CreateFormattedResistanceStringTests" name="testCreateFormattedResistanceStringFourBandVioletVioletYellowSilver" time="0.000" timestamp="2018-10-19T20:33:01"/>
	<testcase classname="create_formatted_resistance_string_tests.CreateFormattedResistanceStringTests" name="testCreateFormattedResistanceStringFourBandVioletVioletYellowViolet" time="0.000" timestamp="2018-10-19T20:33:01"/>
	<testcase classname="create_formatted_resistance_string_tests.CreateFormattedResistanceStringTests" name="testCreateFormattedResistanceStringFourBandVioletWhiteBlackBlue" time="0.000" timestamp="2018-10-19T20:33:01"/>
	<testcase classname="create_formatted_resistance_string_tests.CreateFormattedResistanceStringTests" name="testCreateFormattedResistanceStringFourBandVioletWhiteBlackBrown" time="0.000" timestamp="2018-10-19T20:33:01"/>
	<testcase classname="create_formatted_resistance_string_tests.CreateFormattedResistanceStringTests" name="testCreateFormattedResistanceStringFourBandVioletWhiteBlackGold" time="0.000" timestamp="2018-10-19T20:33:01"/>
	<testcase classname="create_formatted_resistance_string_tests.CreateFormattedResistanceStringTests" name="testCreateFormattedResistanceStringFourBandVioletWhiteBlackGreen" time="0.000" timestamp="2018-10-19T20:33:01"/>
	<testcase classname="create_formatted_resistance_string_tests.CreateFormattedResistanceStringTests" name="testCreateFormattedResistanceStringFourBandVioletWhiteBlackGrey" time="0.000" timestamp="2018-10-19T20:33:01"/>
	<testcase classname="create_formatted_resistance_string_tests.CreateFormattedResistanceStringTests" name="testCreateFormattedResistanceStringFourBandVioletWhiteBlackNone" time="0.000" timestamp="2018-10-19T20:33:01"/>
	<testcase classname="create_formatted_resistance_string_tests.CreateFormattedResistanceStringTests" name="testCreateFormattedResistanceStringFourBandVioletWhiteBlackRed" time="0.000" timestamp="2018-10-19T20:33:01"/>
	<testcase classname="create_formatted_resistance_string_tests.CreateFormattedResistanceStringTests" name="testCreateFormattedResistanceStringFourBandVioletWhiteBlackSilver" time="0.000" timestamp="2018-10-19T20:33:01"/>
	<testcase classname="create_formatted_resistance_string_tests.CreateFormattedResistanceStringTests" name="testCreateFormattedResistanceStringFourBandVioletWhiteBlackViolet" time="0.000" timestamp="2018-10-19T20:33:01"/>
	<testcase classname="create_formatted_resistance_string_tests.CreateFormattedResistanceStringTests" name="testCreateFormattedResistanceStringFourBandVioletWhiteBlueBlue" time="0.000" timestamp="2018-10-19T20:33:01"/>
	<testcase classname="create_formatted_resistance_string_tests.CreateFormattedResistanceStringTests" name="testCreateFormattedResistanceStringFourBandVioletWhiteBlueBrown" time="0.000" timestamp="2018-10-19T20:33:01"/>
	<testcase classname="create_formatted_resistance_string_tests.CreateFormattedResistanceStringTests" name="testCreateFormattedResistanceStringFourBandVioletWhiteBlueGold" time="0.000" timestamp="2018-10-19T20:33:01"/>
	<testcase classname="create_formatted_resistance_string_tests.CreateFormattedResistanceStringTests" name="testCreateFormattedResistanceStringFourBandVioletWhiteBlueGreen" time="0.000" timestamp="2018-10-19T20:33:01"/>
	<testcase classname="create_formatted_resistance_string_tests.CreateFormattedResistanceStringTests" name="testCreateFormattedResistanceStringFourBandVioletWhiteBlueGrey" time="0.000" timestamp="2018-10-19T20:33:01"/>
	<testcase classname="create_formatted_resistance_string_tests.CreateFormattedResistanceStringTests" name="testCreateFormattedResistanceStringFourBandVioletWhiteBlueNone" time="0.000" timestamp="2018-10-19T20:33:01"/>
	<testcase classname="create_formatted_resistance_string_tests.CreateFormattedResistanceStringTests" name="testCreateFormattedResistanceStringFourBandVioletWhiteBlueRed" time="0.000" timestamp="2018-10-19T20:33:01"/>
	<testcase classname="create_formatted_resistance_string_tests.CreateFormattedResistanceStringTests" name="testCreateFormattedResistanceStringFourBandVioletWhiteBlueSilver" time="0.000" timestamp="2018-10-19T20:33:01"/>
	<testcase classname="create_formatted_resistance_string_tests.CreateFormattedResistanceStringTests" name="testCreateFormattedResistanceStringFourBandVioletWhiteBlueViolet" time="0.000" timestamp="2018-10-19T20:33:01"/>
	<testcase classname="create_formatted_resistance_string_tests.CreateFormattedResistanceStringTests" name="testCreateFormattedResistanceStringFourBandVioletWhiteBrownBlue" time="0.000" timestamp="2018-10-19T20:33:01"/>
	<testcase classname="create_formatted_resistance_string_tests.CreateFormattedResistanceStringTests" name="testCreateFormattedResistanceStringFourBandVioletWhiteBrownBrown" time="0.000" timestamp="2018-10-19T20:33:01"/>
	<testcase classname="create_formatted_resistance_string_tests.CreateFormattedResistanceStringTests" name="testCreateFormattedResistanceStringFourBandVioletWhiteBrownGold" time="0.000" timestamp="2018-10-19T20:33:01"/>
	<testcase classname="create_formatted_resistance_string_tests.CreateFormattedResistanceStringTests" name="testCreateFormattedResistanceStringFourBandVioletWhiteBrownGreen" time="0.000" timestamp="2018-10-19T20:33:01"/>
	<testcase classname="create_formatted_resistance_string_tests.CreateFormattedResistanceStringTests" name="testCreateFormattedResistanceStringFourBandVioletWhiteBrownGrey" time="0.000" timestamp="2018-10-19T20:33:01"/>
	<testcase classname="create_formatted_resistance_string_tests.CreateFormattedResistanceStringTests" name="testCreateFormattedResistanceStringFourBandVioletWhiteBrownNone" time="0.000" timestamp="2018-10-19T20:33:01"/>
	<testcase classname="create_formatted_resistance_string_tests.CreateFormattedResistanceStringTests" name="testCreateFormattedResistanceStringFourBandVioletWhiteBrownRed" time="0.000" timestamp="2018-10-19T20:33:01"/>
	<testcase classname="create_formatted_resistance_string_tests.CreateFormattedResistanceStringTests" name="testCreateFormattedResistanceStringFourBandVioletWhiteBrownSilver" time="0.000" timestamp="2018-10-19T20:33:01"/>
	<testcase classname="create_formatted_resistance_string_tests.CreateFormattedResistanceStringTests" name="testCreateFormattedResistanceStringFourBandVioletWhiteBrownViolet" time="0.000" timestamp="2018-10-19T20:33:01"/>
	<testcase classname="create_formatted_resistance_string_tests.CreateFormattedResistanceStringTests" name="testCreateFormattedResistanceStringFourBandVioletWhiteGoldBlue" time="0.000" timestamp="2018-10-19T20:33:01"/>
	<testcase classname="create_formatted_resistance_string_tests.CreateFormattedResistanceStringTests" name="testCreateFormattedResistanceStringFourBandVioletWhiteGoldBrown" time="0.000" timestamp="2018-10-19T20:33:01"/>
	<testcase classname="create_formatted_resistance_string_tests.CreateFormattedResistanceStringTests" name="testCreateFormattedResistanceStringFourBandVioletWhiteGoldGold" time="0.000" timestamp="2018-10-19T20:33:01"/>
	<testcase classname="create_formatted_resistance_string_tests.CreateFormattedResistanceStringTests" name="testCreateFormattedResistanceStringFourBandVioletWhiteGoldGreen" time="0.000" timestamp="2018-10-19T20:33:01"/>
	<testcase classname="create_formatted_resistance_string_tests.CreateFormattedResistanceStringTests" name="testCreateFormattedResistanceStringFourBandVioletWhiteGoldGrey" time="0.000" timestamp="2018-10-19T20:33:01"/>
	<testcase classname="create_formatted_resistance_string_tests.CreateFormattedResistanceStringTests" name="testCreateFormattedResistanceStringFourBandVioletWhiteGoldNone" time="0.000" timestamp="2018-10-19T20:33:01"/>
	<testcase classname="create_formatted_resistance_string_tests.CreateFormattedResistanceStringTests" name="testCreateFormattedResistanceStringFourBandVioletWhiteGoldRed" time="0.000" timestamp="2018-10-19T20:33:01"/>
	<testcase classname="create_formatted_resistance_string_tests.CreateFormattedResistanceStringTests" name="testCreateFormattedResistanceStringFourBandVioletWhiteGoldSilver" time="0.000" timestamp="2018-10-19T20:33:01"/>
	<testcase classname="create_formatted_resistance_string_tests.CreateFormattedResistanceStringTests" name="testCreateFormattedResistanceStringFourBandVioletWhiteGoldViolet" time="0.000" timestamp="2018-10-19T20:33:01"/>
	<testcase classname="create_formatted_resistance_string_tests.CreateFormattedResistanceStringTests" name="testCreateFormattedResistanceStringFourBandVioletWhiteGreenBlue" time="0.000" timestamp="2018-10-19T20:33:01"/>
	<testcase classname="create_formatted_resistance_string_tests.CreateFormattedResistanceStringTests" name="testCreateFormattedResistanceStringFourBandVioletWhiteGreenBrown" time="0.000" timestamp="2018-10-19T20:33:01"/>
	<testcase classname="create_formatted_resistance_string_tests.CreateFormattedResistanceStringTests" name="testCreateFormattedResistanceStringFourBandVioletWhiteGreenGold" time="0.000" timestamp="2018-10-19T20:33:01"/>
	<testcase classname="create_formatted_resistance_string_tests.CreateFormattedResistanceStringTests" name="testCreateFormattedResistanceStringFourBandVioletWhiteGreenGreen" time="0.000" timestamp="2018-10-19T20:33:01"/>
	<testcase classname="create_formatted_resistance_string_tests.CreateFormattedResistanceStringTests" name="testCreateFormattedResistanceStringFourBandVioletWhiteGreenGrey" time="0.000" timestamp="2018-10-19T20:33:01"/>
	<testcase classname="create_formatted_resistance_string_tests.CreateFormattedResistanceStringTests" name="testCreateFormattedResistanceStringFourBandVioletWhiteGreenNone" time="0.000" timestamp="2018-10-19T20:33:01"/>
	<testcase classname="create_formatted_resistance_string_tests.CreateFormattedResistanceStringTests" name="testCreateFormattedResistanceStringFourBandVioletWhiteGreenRed" time="0.000" timestamp="2018-10-19T20:33:01"/>
	<testcase classname="create_formatted_resistance_string_tests.CreateFormattedResistanceStringTests" name="testCreateFormattedResistanceStringFourBandVioletWhiteGreenSilver" time="0.000" timestamp="2018-10-19T20:33:01"/>
	<testcase classname="create_formatted_resistance_string_tests.CreateFormattedResistanceStringTests" name="testCreateFormattedResistanceStringFourBandVioletWhiteGreenViolet" time="0.000" timestamp="2018-10-19T20:33:01"/>
	<testcase classname="create_formatted_resistance_string_tests.CreateFormattedResistanceStringTests" name="testCreateFormattedResistanceStringFourBandVioletWhiteGreyBlue" time="0.000" timestamp="2018-10-19T20:33:01"/>
	<testcase classname="create_formatted_resistance_string_tests.CreateFormattedResistanceStringTests" name="testCreateFormattedResistanceStringFourBandVioletWhiteGreyBrown" time="0.000" timestamp="2018-10-19T20:33:01"/>
	<testcase classname="create_formatted_resistance_string_tests.CreateFormattedResistanceStringTests" name="testCreateFormattedResistanceStringFourBandVioletWhiteGreyGold" time="0.000" timestamp="2018-10-19T20:33:01"/>
	<testcase classname="create_formatted_resistance_string_tests.CreateFormattedResistanceStringTests" name="testCreateFormattedResistanceStringFourBandVioletWhiteGreyGreen" time="0.000" timestamp="2018-10-19T20:33:01"/>
	<testcase classname="create_formatted_resistance_string_tests.CreateFormattedResistanceStringTests" name="testCreateFormattedResistanceStringFourBandVioletWhiteGreyGrey" time="0.000" timestamp="2018-10-19T20:33:01"/>
	<testcase classname="create_formatted_resistance_string_tests.CreateFormattedResistanceStringTests" name="testCreateFormattedResistanceStringFourBandVioletWhiteGreyNone" time="0.000" timestamp="2018-10-19T20:33:01"/>
	<testcase classname="create_formatted_resistance_string_tests.CreateFormattedResistanceStringTests" name="testCreateFormattedResistanceStringFourBandVioletWhiteGreyRed" time="0.000" timestamp="2018-10-19T20:33:01"/>
	<testcase classname="create_formatted_resistance_string_tests.CreateFormattedResistanceStringTests" name="testCreateFormattedResistanceStringFourBandVioletWhiteGreySilver" time="0.000" timestamp="2018-10-19T20:33:01"/>
	<testcase classname="create_formatted_resistance_string_tests.CreateFormattedResistanceStringTests" name="testCreateFormattedResistanceStringFourBandVioletWhiteGreyViolet" time="0.000" timestamp="2018-10-19T20:33:01"/>
	<testcase classname="create_formatted_resistance_string_tests.CreateFormattedResistanceStringTests" name="testCreateFormattedResistanceStringFourBandVioletWhiteOrangeBlue" time="0.000" timestamp="2018-10-19T20:33:01"/>
	<testcase classname="create_formatted_resistance_string_tests.CreateFormattedResistanceStringTests" name="testCreateFormattedResistanceStringFourBandVioletWhiteOrangeBrown" time="0.000" timestamp="2018-10-19T20:33:01"/>
	<testcase classname="create_formatted_resistance_string_tests.CreateFormattedResistanceStringTests" name="testCreateFormattedResistanceStringFourBandVioletWhiteOrangeGold" time="0.000" timestamp="2018-10-19T20:33:01"/>
	<testcase classname="create_formatted_resistance_string_tests.CreateFormattedResistanceStringTests" name="testCreateFormattedResistanceStringFourBandVioletWhiteOrangeGreen" time="0.000" timestamp="2018-10-19T20:33:01"/>
	<testcase classname="create_formatted_resistance_string_tests.CreateFormattedResistanceStringTests" name="testCreateFormattedResistanceStringFourBandVioletWhiteOrangeGrey" time="0.000" timestamp="2018-10-19T20:33:01"/>
	<testcase classname="create_formatted_resistance_string_tests.CreateFormattedResistanceStringTests" name="testCreateFormattedResistanceStringFourBandVioletWhiteOrangeNone" time="0.000" timestamp="2018-10-19T20:33:01"/>
	<testcase classname="create_formatted_resistance_string_tests.CreateFormattedResistanceStringTests" name="testCreateFormattedResistanceStringFourBandVioletWhiteOrangeRed" time="0.000" timestamp="2018-10-19T20:33:01"/>
	<testcase classname="create_formatted_resistance_string_tests.CreateFormattedResistanceStringTests" name="testCreateFormattedResistanceStringFourBandVioletWhiteOrangeSilver" time="0.000" timestamp="2018-10-19T20:33:01"/>
	<testcase classname="create_formatted_resistance_string_tests.CreateFormattedResistanceStringTests" name="testCreateFormattedResistanceStringFourBandVioletWhiteOrangeViolet" time="0.000" timestamp="2018-10-19T20:33:01"/>
	<testcase classname="create_formatted_resistance_string_tests.CreateFormattedResistanceStringTests" name="testCreateFormattedResistanceStringFourBandVioletWhiteRedBlue" time="0.000" timestamp="2018-10-19T20:33:01"/>
	<testcase classname="create_formatted_resistance_string_tests.CreateFormattedResistanceStringTests" name="testCreateFormattedResistanceStringFourBandVioletWhiteRedBrown" time="0.000" timestamp="2018-10-19T20:33:01"/>
	<testcase classname="create_formatted_resistance_string_tests.CreateFormattedResistanceStringTests" name="testCreateFormattedResistanceStringFourBandVioletWhiteRedGold" time="0.000" timestamp="2018-10-19T20:33:01"/>
	<testcase classname="create_formatted_resistance_string_tests.CreateFormattedResistanceStringTests" name="testCreateFormattedResistanceStringFourBandVioletWhiteRedGreen" time="0.000" timestamp="2018-10-19T20:33:01"/>
	<testcase classname="create_formatted_resistance_string_tests.CreateFormattedResistanceStringTests" name="testCreateFormattedResistanceStringFourBandVioletWhiteRedGrey" time="0.000" timestamp="2018-10-19T20:33:01"/>
	<testcase classname="create_formatted_resistance_string_tests.CreateFormattedResistanceStringTests" name="testCreateFormattedResistanceStringFourBandVioletWhiteRedNone" time="0.000" timestamp="2018-10-19T20:33:01"/>
	<testcase classname="create_formatted_resistance_string_tests.CreateFormattedResistanceStringTests" name="testCreateFormattedResistanceStringFourBandVioletWhiteRedRed" time="0.000" timestamp="2018-10-19T20:33:01"/>
	<testcase classname="create_formatted_resistance_string_tests.CreateFormattedResistanceStringTests" name="testCreateFormattedResistanceStringFourBandVioletWhiteRedSilver" time="0.000" timestamp="2018-10-19T20:33:01"/>
	<testcase classname="create_formatted_resistance_string_tests.CreateFormattedResistanceStringTests" name="testCreateFormattedResistanceStringFourBandVioletWhiteRedViolet" time="0.000" timestamp="2018-10-19T20:33:01"/>
	<testcase classname="create_formatted_resistance_string_tests.CreateFormattedResistanceStringTests" name="testCreateFormattedResistanceStringFourBandVioletWhiteSilverBlue" time="0.000" timestamp="2018-10-19T20:33:01"/>
	<testcase classname="create_formatted_resistance_string_tests.CreateFormattedResistanceStringTests" name="testCreateFormattedResistanceStringFourBandVioletWhiteSilverBrown" time="0.000" timestamp="2018-10-19T20:33:01"/>
	<testcase classname="create_formatted_resistance_string_tests.CreateFormattedResistanceStringTests" name="testCreateFormattedResistanceStringFourBandVioletWhiteSilverGold" time="0.000" timestamp="2018-10-19T20:33:01"/>
	<testcase classname="create_formatted_resistance_string_tests.CreateFormattedResistanceStringTests" name="testCreateFormattedResistanceStringFourBandVioletWhiteSilverGreen" time="0.000" timestamp="2018-10-19T20:33:01"/>
	<testcase classname="create_formatted_resistance_string_tests.CreateFormattedResistanceStringTests" name="testCreateFormattedResistanceStringFourBandVioletWhiteSilverGrey" time="0.000" timestamp="2018-10-19T20:33:01"/>
	<testcase classname="create_formatted_resistance_string_tests.CreateFormattedResistanceStringTests" name="testCreateFormattedResistanceStringFourBandVioletWhiteSilverNone" time="0.000" timestamp="2018-10-19T20:33:01"/>
	<testcase classname="create_formatted_resistance_string_tests.CreateFormattedResistanceStringTests" name="testCreateFormattedResistanceStringFourBandVioletWhiteSilverRed" time="0.000" timestamp="2018-10-19T20:33:01"/>
	<testcase classname="create_formatted_resistance_string_tests.CreateFormattedResistanceStringTests" name="testCreateFormattedResistanceStringFourBandVioletWhiteSilverSilver" time="0.000" timestamp="2018-10-19T20:33:01"/>
	<testcase classname="create_formatted_resistance_string_tests.CreateFormattedResistanceStringTests" name="testCreateFormattedResistanceStringFourBandVioletWhiteSilverViolet" time="0.000" timestamp="2018-10-19T20:33:01"/>
	<testcase classname="create_formatted_resistance_string_tests.CreateFormattedResistanceStringTests" name="testCreateFormattedResistanceStringFourBandVioletWhiteVioletBlue" time="0.000" timestamp="2018-10-19T20:33:01"/>
	<testcase classname="create_formatted_resistance_string_tests.CreateFormattedResistanceStringTests" name="testCreateFormattedResistanceStringFourBandVioletWhiteVioletBrown" time="0.000" timestamp="2018-10-19T20:33:01"/>
	<testcase classname="create_formatted_resistance_string_tests.CreateFormattedResistanceStringTests" name="testCreateFormattedResistanceStringFourBandVioletWhiteVioletGold" time="0.000" timestamp="2018-10-19T20:33:01"/>
	<testcase classname="create_formatted_resistance_string_tests.CreateFormattedResistanceStringTests" name="testCreateFormattedResistanceStringFourBandVioletWhiteVioletGreen" time="0.000" timestamp="2018-10-19T20:33:01"/>
	<testcase classname="create_formatted_resistance_string_tests.CreateFormattedResistanceStringTests" name="testCreateFormattedResistanceStringFourBandVioletWhiteVioletGrey" time="0.000" timestamp="2018-10-19T20:33:01"/>
	<testcase classname="create_formatted_resistance_string_tests.CreateFormattedResistanceStringTests" name="testCreateFormattedResistanceStringFourBandVioletWhiteVioletNone" time="0.000" timestamp="2018-10-19T20:33:01"/>
	<testcase classname="create_formatted_resistance_string_tests.CreateFormattedResistanceStringTests" name="testCreateFormattedResistanceStringFourBandVioletWhiteVioletRed" time="0.000" timestamp="2018-10-19T20:33:01"/>
	<testcase classname="create_formatted_resistance_string_tests.CreateFormattedResistanceStringTests" name="testCreateFormattedResistanceStringFourBandVioletWhiteVioletSilver" time="0.000" timestamp="2018-10-19T20:33:01"/>
	<testcase classname="create_formatted_resistance_string_tests.CreateFormattedResistanceStringTests" name="testCreateFormattedResistanceStringFourBandVioletWhiteVioletViolet" time="0.000" timestamp="2018-10-19T20:33:01"/>
	<testcase classname="create_formatted_resistance_string_tests.CreateFormattedResistanceStringTests" name="testCreateFormattedResistanceStringFourBandVioletWhiteWhiteBlue" time="0.000" timestamp="2018-10-19T20:33:01"/>
	<testcase classname="create_formatted_resistance_string_tests.CreateFormattedResistanceStringTests" name="testCreateFormattedResistanceStringFourBandVioletWhiteWhiteBrown" time="0.000" timestamp="2018-10-19T20:33:01"/>
	<testcase classname="create_formatted_resistance_string_tests.CreateFormattedResistanceStringTests" name="testCreateFormattedResistanceStringFourBandVioletWhiteWhiteGold" time="0.000" timestamp="2018-10-19T20:33:01"/>
	<testcase classname="create_formatted_resistance_string_tests.CreateFormattedResistanceStringTests" name="testCreateFormattedResistanceStringFourBandVioletWhiteWhiteGreen" time="0.000" timestamp="2018-10-19T20:33:01"/>
	<testcase classname="create_formatted_resistance_string_tests.CreateFormattedResistanceStringTests" name="testCreateFormattedResistanceStringFourBandVioletWhiteWhiteGrey" time="0.000" timestamp="2018-10-19T20:33:01"/>
	<testcase classname="create_formatted_resistance_string_tests.CreateFormattedResistanceStringTests" name="testCreateFormattedResistanceStringFourBandVioletWhiteWhiteNone" time="0.000" timestamp="2018-10-19T20:33:01"/>
	<testcase classname="create_formatted_resistance_string_tests.CreateFormattedResistanceStringTests" name="testCreateFormattedResistanceStringFourBandVioletWhiteWhiteRed" time="0.000" timestamp="2018-10-19T20:33:01"/>
	<testcase classname="create_formatted_resistance_string_tests.CreateFormattedResistanceStringTests" name="testCreateFormattedResistanceStringFourBandVioletWhiteWhiteSilver" time="0.000" timestamp="2018-10-19T20:33:01"/>
	<testcase classname="create_formatted_resistance_string_tests.CreateFormattedResistanceStringTests" name="testCreateFormattedResistanceStringFourBandVioletWhiteWhiteViolet" time="0.000" timestamp="2018-10-19T20:33:01"/>
	<testcase classname="create_formatted_resistance_string_tests.CreateFormattedResistanceStringTests" name="testCreateFormattedResistanceStringFourBandVioletWhiteYellowBlue" time="0.000" timestamp="2018-10-19T20:33:01"/>
	<testcase classname="create_formatted_resistance_string_tests.CreateFormattedResistanceStringTests" name="testCreateFormattedResistanceStringFourBandVioletWhiteYellowBrown" time="0.000" timestamp="2018-10-19T20:33:01"/>
	<testcase classname="create_formatted_resistance_string_tests.CreateFormattedResistanceStringTests" name="testCreateFormattedResistanceStringFourBandVioletWhiteYellowGold" time="0.000" timestamp="2018-10-19T20:33:01"/>
	<testcase classname="create_formatted_resistance_string_tests.CreateFormattedResistanceStringTests" name="testCreateFormattedResistanceStringFourBandVioletWhiteYellowGreen" time="0.000" timestamp="2018-10-19T20:33:01"/>
	<testcase classname="create_formatted_resistance_string_tests.CreateFormattedResistanceStringTests" name="testCreateFormattedResistanceStringFourBandVioletWhiteYellowGrey" time="0.000" timestamp="2018-10-19T20:33:01"/>
	<testcase classname="create_formatted_resistance_string_tests.CreateFormattedResistanceStringTests" name="testCreateFormattedResistanceStringFourBandVioletWhiteYellowNone" time="0.000" timestamp="2018-10-19T20:33:01"/>
	<testcase classname="create_formatted_resistance_string_tests.CreateFormattedResistanceStringTests" name="testCreateFormattedResistanceStringFourBandVioletWhiteYellowRed" time="0.000" timestamp="2018-10-19T20:33:01"/>
	<testcase classname="create_formatted_resistance_string_tests.CreateFormattedResistanceStringTests" name="testCreateFormattedResistanceStringFourBandVioletWhiteYellowSilver" time="0.000" timestamp="2018-10-19T20:33:01"/>
	<testcase classname="create_formatted_resistance_string_tests.CreateFormattedResistanceStringTests" name="testCreateFormattedResistanceStringFourBandVioletWhiteYellowViolet" time="0.000" timestamp="2018-10-19T20:33:01"/>
	<testcase classname="create_formatted_resistance_string_tests.CreateFormattedResistanceStringTests" name="testCreateFormattedResistanceStringFourBandVioletYellowBlackBlue" time="0.000" timestamp="2018-10-19T20:33:01"/>
	<testcase classname="create_formatted_resistance_string_tests.CreateFormattedResistanceStringTests" name="testCreateFormattedResistanceStringFourBandVioletYellowBlackBrown" time="0.000" timestamp="2018-10-19T20:33:01"/>
	<testcase classname="create_formatted_resistance_string_tests.CreateFormattedResistanceStringTests" name="testCreateFormattedResistanceStringFourBandVioletYellowBlackGold" time="0.000" timestamp="2018-10-19T20:33:01"/>
	<testcase classname="create_formatted_resistance_string_tests.CreateFormattedResistanceStringTests" name="testCreateFormattedResistanceStringFourBandVioletYellowBlackGreen" time="0.000" timestamp="2018-10-19T20:33:01"/>
	<testcase classname="create_formatted_resistance_string_tests.CreateFormattedResistanceStringTests" name="testCreateFormattedResistanceStringFourBandVioletYellowBlackGrey" time="0.000" timestamp="2018-10-19T20:33:01"/>
	<testcase classname="create_formatted_resistance_string_tests.CreateFormattedResistanceStringTests" name="testCreateFormattedResistanceStringFourBandVioletYellowBlackNone" time="0.000" timestamp="2018-10-19T20:33:01"/>
	<testcase classname="create_formatted_resistance_string_tests.CreateFormattedResistanceStringTests" name="testCreateFormattedResistanceStringFourBandVioletYellowBlackRed" time="0.000" timestamp="2018-10-19T20:33:01"/>
	<testcase classname="create_formatted_resistance_string_tests.CreateFormattedResistanceStringTests" name="testCreateFormattedResistanceStringFourBandVioletYellowBlackSilver" time="0.000" timestamp="2018-10-19T20:33:01"/>
	<testcase classname="create_formatted_resistance_string_tests.CreateFormattedResistanceStringTests" name="testCreateFormattedResistanceStringFourBandVioletYellowBlackViolet" time="0.000" timestamp="2018-10-19T20:33:01"/>
	<testcase classname="create_formatted_resistance_string_tests.CreateFormattedResistanceStringTests" name="testCreateFormattedResistanceStringFourBandVioletYellowBlueBlue" time="0.000" timestamp="2018-10-19T20:33:01"/>
	<testcase classname="create_formatted_resistance_string_tests.CreateFormattedResistanceStringTests" name="testCreateFormattedResistanceStringFourBandVioletYellowBlueBrown" time="0.000" timestamp="2018-10-19T20:33:01"/>
	<testcase classname="create_formatted_resistance_string_tests.CreateFormattedResistanceStringTests" name="testCreateFormattedResistanceStringFourBandVioletYellowBlueGold" time="0.000" timestamp="2018-10-19T20:33:01"/>
	<testcase classname="create_formatted_resistance_string_tests.CreateFormattedResistanceStringTests" name="testCreateFormattedResistanceStringFourBandVioletYellowBlueGreen" time="0.000" timestamp="2018-10-19T20:33:01"/>
	<testcase classname="create_formatted_resistance_string_tests.CreateFormattedResistanceStringTests" name="testCreateFormattedResistanceStringFourBandVioletYellowBlueGrey" time="0.000" timestamp="2018-10-19T20:33:01"/>
	<testcase classname="create_formatted_resistance_string_tests.CreateFormattedResistanceStringTests" name="testCreateFormattedResistanceStringFourBandVioletYellowBlueNone" time="0.000" timestamp="2018-10-19T20:33:01"/>
	<testcase classname="create_formatted_resistance_string_tests.CreateFormattedResistanceStringTests" name="testCreateFormattedResistanceStringFourBandVioletYellowBlueRed" time="0.000" timestamp="2018-10-19T20:33:01"/>
	<testcase classname="create_formatted_resistance_string_tests.CreateFormattedResistanceStringTests" name="testCreateFormattedResistanceStringFourBandVioletYellowBlueSilver" time="0.000" timestamp="2018-10-19T20:33:01"/>
	<testcase classname="create_formatted_resistance_string_tests.CreateFormattedResistanceStringTests" name="testCreateFormattedResistanceStringFourBandVioletYellowBlueViolet" time="0.000" timestamp="2018-10-19T20:33:01"/>
	<testcase classname="create_formatted_resistance_string_tests.CreateFormattedResistanceStringTests" name="testCreateFormattedResistanceStringFourBandVioletYellowBrownBlue" time="0.000" timestamp="2018-10-19T20:33:01"/>
	<testcase classname="create_formatted_resistance_string_tests.CreateFormattedResistanceStringTests" name="testCreateFormattedResistanceStringFourBandVioletYellowBrownBrown" time="0.000" timestamp="2018-10-19T20:33:01"/>
	<testcase classname="create_formatted_resistance_string_tests.CreateFormattedResistanceStringTests" name="testCreateFormattedResistanceStringFourBandVioletYellowBrownGold" time="0.000" timestamp="2018-10-19T20:33:01"/>
	<testcase classname="create_formatted_resistance_string_tests.CreateFormattedResistanceStringTests" name="testCreateFormattedResistanceStringFourBandVioletYellowBrownGreen" time="0.000" timestamp="2018-10-19T20:33:01"/>
	<testcase classname="create_formatted_resistance_string_tests.CreateFormattedResistanceStringTests" name="testCreateFormattedResistanceStringFourBandVioletYellowBrownGrey" time="0.000" timestamp="2018-10-19T20:33:01"/>
	<testcase classname="create_formatted_resistance_string_tests.CreateFormattedResistanceStringTests" name="testCreateFormattedResistanceStringFourBandVioletYellowBrownNone" time="0.000" timestamp="2018-10-19T20:33:01"/>
	<testcase classname="create_formatted_resistance_string_tests.CreateFormattedResistanceStringTests" name="testCreateFormattedResistanceStringFourBandVioletYellowBrownRed" time="0.000" timestamp="2018-10-19T20:33:01"/>
	<testcase classname="create_formatted_resistance_string_tests.CreateFormattedResistanceStringTests" name="testCreateFormattedResistanceStringFourBandVioletYellowBrownSilver" time="0.000" timestamp="2018-10-19T20:33:01"/>
	<testcase classname="create_formatted_resistance_string_tests.CreateFormattedResistanceStringTests" name="testCreateFormattedResistanceStringFourBandVioletYellowBrownViolet" time="0.000" timestamp="2018-10-19T20:33:01"/>
	<testcase classname="create_formatted_resistance_string_tests.CreateFormattedResistanceStringTests" name="testCreateFormattedResistanceStringFourBandVioletYellowGoldBlue" time="0.000" timestamp="2018-10-19T20:33:01"/>
	<testcase classname="create_formatted_resistance_string_tests.CreateFormattedResistanceStringTests" name="testCreateFormattedResistanceStringFourBandVioletYellowGoldBrown" time="0.000" timestamp="2018-10-19T20:33:01"/>
	<testcase classname="create_formatted_resistance_string_tests.CreateFormattedResistanceStringTests" name="testCreateFormattedResistanceStringFourBandVioletYellowGoldGold" time="0.000" timestamp="2018-10-19T20:33:01"/>
	<testcase classname="create_formatted_resistance_string_tests.CreateFormattedResistanceStringTests" name="testCreateFormattedResistanceStringFourBandVioletYellowGoldGreen" time="0.000" timestamp="2018-10-19T20:33:01"/>
	<testcase classname="create_formatted_resistance_string_tests.CreateFormattedResistanceStringTests" name="testCreateFormattedResistanceStringFourBandVioletYellowGoldGrey" time="0.000" timestamp="2018-10-19T20:33:01"/>
	<testcase classname="create_formatted_resistance_string_tests.CreateFormattedResistanceStringTests" name="testCreateFormattedResistanceStringFourBandVioletYellowGoldNone" time="0.000" timestamp="2018-10-19T20:33:01"/>
	<testcase classname="create_formatted_resistance_string_tests.CreateFormattedResistanceStringTests" name="testCreateFormattedResistanceStringFourBandVioletYellowGoldRed" time="0.000" timestamp="2018-10-19T20:33:01"/>
	<testcase classname="create_formatted_resistance_string_tests.CreateFormattedResistanceStringTests" name="testCreateFormattedResistanceStringFourBandVioletYellowGoldSilver" time="0.000" timestamp="2018-10-19T20:33:01"/>
	<testcase classname="create_formatted_resistance_string_tests.CreateFormattedResistanceStringTests" name="testCreateFormattedResistanceStringFourBandVioletYellowGoldViolet" time="0.000" timestamp="2018-10-19T20:33:01"/>
	<testcase classname="create_formatted_resistance_string_tests.CreateFormattedResistanceStringTests" name="testCreateFormattedResistanceStringFourBandVioletYellowGreenBlue" time="0.000" timestamp="2018-10-19T20:33:01"/>
	<testcase classname="create_formatted_resistance_string_tests.CreateFormattedResistanceStringTests" name="testCreateFormattedResistanceStringFourBandVioletYellowGreenBrown" time="0.000" timestamp="2018-10-19T20:33:01"/>
	<testcase classname="create_formatted_resistance_string_tests.CreateFormattedResistanceStringTests" name="testCreateFormattedResistanceStringFourBandVioletYellowGreenGold" time="0.000" timestamp="2018-10-19T20:33:01"/>
	<testcase classname="create_formatted_resistance_string_tests.CreateFormattedResistanceStringTests" name="testCreateFormattedResistanceStringFourBandVioletYellowGreenGreen" time="0.000" timestamp="2018-10-19T20:33:01"/>
	<testcase classname="create_formatted_resistance_string_tests.CreateFormattedResistanceStringTests" name="testCreateFormattedResistanceStringFourBandVioletYellowGreenGrey" time="0.000" timestamp="2018-10-19T20:33:01"/>
	<testcase classname="create_formatted_resistance_string_tests.CreateFormattedResistanceStringTests" name="testCreateFormattedResistanceStringFourBandVioletYellowGreenNone" time="0.000" timestamp="2018-10-19T20:33:01"/>
	<testcase classname="create_formatted_resistance_string_tests.CreateFormattedResistanceStringTests" name="testCreateFormattedResistanceStringFourBandVioletYellowGreenRed" time="0.000" timestamp="2018-10-19T20:33:01"/>
	<testcase classname="create_formatted_resistance_string_tests.CreateFormattedResistanceStringTests" name="testCreateFormattedResistanceStringFourBandVioletYellowGreenSilver" time="0.000" timestamp="2018-10-19T20:33:01"/>
	<testcase classname="create_formatted_resistance_string_tests.CreateFormattedResistanceStringTests" name="testCreateFormattedResistanceStringFourBandVioletYellowGreenViolet" time="0.000" timestamp="2018-10-19T20:33:01"/>
	<testcase classname="create_formatted_resistance_string_tests.CreateFormattedResistanceStringTests" name="testCreateFormattedResistanceStringFourBandVioletYellowGreyBlue" time="0.000" timestamp="2018-10-19T20:33:01"/>
	<testcase classname="create_formatted_resistance_string_tests.CreateFormattedResistanceStringTests" name="testCreateFormattedResistanceStringFourBandVioletYellowGreyBrown" time="0.000" timestamp="2018-10-19T20:33:01"/>
	<testcase classname="create_formatted_resistance_string_tests.CreateFormattedResistanceStringTests" name="testCreateFormattedResistanceStringFourBandVioletYellowGreyGold" time="0.000" timestamp="2018-10-19T20:33:01"/>
	<testcase classname="create_formatted_resistance_string_tests.CreateFormattedResistanceStringTests" name="testCreateFormattedResistanceStringFourBandVioletYellowGreyGreen" time="0.000" timestamp="2018-10-19T20:33:01"/>
	<testcase classname="create_formatted_resistance_string_tests.CreateFormattedResistanceStringTests" name="testCreateFormattedResistanceStringFourBandVioletYellowGreyGrey" time="0.000" timestamp="2018-10-19T20:33:01"/>
	<testcase classname="create_formatted_resistance_string_tests.CreateFormattedResistanceStringTests" name="testCreateFormattedResistanceStringFourBandVioletYellowGreyNone" time="0.000" timestamp="2018-10-19T20:33:01"/>
	<testcase classname="create_formatted_resistance_string_tests.CreateFormattedResistanceStringTests" name="testCreateFormattedResistanceStringFourBandVioletYellowGreyRed" time="0.000" timestamp="2018-10-19T20:33:01"/>
	<testcase classname="create_formatted_resistance_string_tests.CreateFormattedResistanceStringTests" name="testCreateFormattedResistanceStringFourBandVioletYellowGreySilver" time="0.000" timestamp="2018-10-19T20:33:01"/>
	<testcase classname="create_formatted_resistance_string_tests.CreateFormattedResistanceStringTests" name="testCreateFormattedResistanceStringFourBandVioletYellowGreyViolet" time="0.000" timestamp="2018-10-19T20:33:01"/>
	<testcase classname="create_formatted_resistance_string_tests.CreateFormattedResistanceStringTests" name="testCreateFormattedResistanceStringFourBandVioletYellowOrangeBlue" time="0.000" timestamp="2018-10-19T20:33:01"/>
	<testcase classname="create_formatted_resistance_string_tests.CreateFormattedResistanceStringTests" name="testCreateFormattedResistanceStringFourBandVioletYellowOrangeBrown" time="0.000" timestamp="2018-10-19T20:33:01"/>
	<testcase classname="create_formatted_resistance_string_tests.CreateFormattedResistanceStringTests" name="testCreateFormattedResistanceStringFourBandVioletYellowOrangeGold" time="0.000" timestamp="2018-10-19T20:33:01"/>
	<testcase classname="create_formatted_resistance_string_tests.CreateFormattedResistanceStringTests" name="testCreateFormattedResistanceStringFourBandVioletYellowOrangeGreen" time="0.000" timestamp="2018-10-19T20:33:01"/>
	<testcase classname="create_formatted_resistance_string_tests.CreateFormattedResistanceStringTests" name="testCreateFormattedResistanceStringFourBandVioletYellowOrangeGrey" time="0.000" timestamp="2018-10-19T20:33:01"/>
	<testcase classname="create_formatted_resistance_string_tests.CreateFormattedResistanceStringTests" name="testCreateFormattedResistanceStringFourBandVioletYellowOrangeNone" time="0.000" timestamp="2018-10-19T20:33:01"/>
	<testcase classname="create_formatted_resistance_string_tests.CreateFormattedResistanceStringTests" name="testCreateFormattedResistanceStringFourBandVioletYellowOrangeRed" time="0.000" timestamp="2018-10-19T20:33:01"/>
	<testcase classname="create_formatted_resistance_string_tests.CreateFormattedResistanceStringTests" name="testCreateFormattedResistanceStringFourBandVioletYellowOrangeSilver" time="0.000" timestamp="2018-10-19T20:33:01"/>
	<testcase classname="create_formatted_resistance_string_tests.CreateFormattedResistanceStringTests" name="testCreateFormattedResistanceStringFourBandVioletYellowOrangeViolet" time="0.000" timestamp="2018-10-19T20:33:01"/>
	<testcase classname="create_formatted_resistance_string_tests.CreateFormattedResistanceStringTests" name="testCreateFormattedResistanceStringFourBandVioletYellowRedBlue" time="0.000" timestamp="2018-10-19T20:33:01"/>
	<testcase classname="create_formatted_resistance_string_tests.CreateFormattedResistanceStringTests" name="testCreateFormattedResistanceStringFourBandVioletYellowRedBrown" time="0.000" timestamp="2018-10-19T20:33:01"/>
	<testcase classname="create_formatted_resistance_string_tests.CreateFormattedResistanceStringTests" name="testCreateFormattedResistanceStringFourBandVioletYellowRedGold" time="0.000" timestamp="2018-10-19T20:33:01"/>
	<testcase classname="create_formatted_resistance_string_tests.CreateFormattedResistanceStringTests" name="testCreateFormattedResistanceStringFourBandVioletYellowRedGreen" time="0.000" timestamp="2018-10-19T20:33:01"/>
	<testcase classname="create_formatted_resistance_string_tests.CreateFormattedResistanceStringTests" name="testCreateFormattedResistanceStringFourBandVioletYellowRedGrey" time="0.000" timestamp="2018-10-19T20:33:01"/>
	<testcase classname="create_formatted_resistance_string_tests.CreateFormattedResistanceStringTests" name="testCreateFormattedResistanceStringFourBandVioletYellowRedNone" time="0.000" timestamp="2018-10-19T20:33:01"/>
	<testcase classname="create_formatted_resistance_string_tests.CreateFormattedResistanceStringTests" name="testCreateFormattedResistanceStringFourBandVioletYellowRedRed" time="0.000" timestamp="2018-10-19T20:33:01"/>
	<testcase classname="create_formatted_resistance_string_tests.CreateFormattedResistanceStringTests" name="testCreateFormattedResistanceStringFourBandVioletYellowRedSilver" time="0.000" timestamp="2018-10-19T20:33:01"/>
	<testcase classname="create_formatted_resistance_string_tests.CreateFormattedResistanceStringTests" name="testCreateFormattedResistanceStringFourBandVioletYellowRedViolet" time="0.000" timestamp="2018-10-19T20:33:01"/>
	<testcase classname="create_formatted_resistance_string_tests.CreateFormattedResistanceStringTests" name="testCreateFormattedResistanceStringFourBandVioletYellowSilverBlue" time="0.000" timestamp="2018-10-19T20:33:01"/>
	<testcase classname="create_formatted_resistance_string_tests.CreateFormattedResistanceStringTests" name="testCreateFormattedResistanceStringFourBandVioletYellowSilverBrown" time="0.000" timestamp="2018-10-19T20:33:01"/>
	<testcase classname="create_formatted_resistance_string_tests.CreateFormattedResistanceStringTests" name="testCreateFormattedResistanceStringFourBandVioletYellowSilverGold" time="0.000" timestamp="2018-10-19T20:33:01"/>
	<testcase classname="create_formatted_resistance_string_tests.CreateFormattedResistanceStringTests" name="testCreateFormattedResistanceStringFourBandVioletYellowSilverGreen" time="0.000" timestamp="2018-10-19T20:33:01"/>
	<testcase classname="create_formatted_resistance_string_tests.CreateFormattedResistanceStringTests" name="testCreateFormattedResistanceStringFourBandVioletYellowSilverGrey" time="0.000" timestamp="2018-10-19T20:33:01"/>
	<testcase classname="create_formatted_resistance_string_tests.CreateFormattedResistanceStringTests" name="testCreateFormattedResistanceStringFourBandVioletYellowSilverNone" time="0.000" timestamp="2018-10-19T20:33:01"/>
	<testcase classname="create_formatted_resistance_string_tests.CreateFormattedResistanceStringTests" name="testCreateFormattedResistanceStringFourBandVioletYellowSilverRed" time="0.000" timestamp="2018-10-19T20:33:01"/>
	<testcase classname="create_formatted_resistance_string_tests.CreateFormattedResistanceStringTests" name="testCreateFormattedResistanceStringFourBandVioletYellowSilverSilver" time="0.000" timestamp="2018-10-19T20:33:01"/>
	<testcase classname="create_formatted_resistance_string_tests.CreateFormattedResistanceStringTests" name="testCreateFormattedResistanceStringFourBandVioletYellowSilverViolet" time="0.000" timestamp="2018-10-19T20:33:01"/>
	<testcase classname="create_formatted_resistance_string_tests.CreateFormattedResistanceStringTests" name="testCreateFormattedResistanceStringFourBandVioletYellowVioletBlue" time="0.000" timestamp="2018-10-19T20:33:01"/>
	<testcase classname="create_formatted_resistance_string_tests.CreateFormattedResistanceStringTests" name="testCreateFormattedResistanceStringFourBandVioletYellowVioletBrown" time="0.000" timestamp="2018-10-19T20:33:01"/>
	<testcase classname="create_formatted_resistance_string_tests.CreateFormattedResistanceStringTests" name="testCreateFormattedResistanceStringFourBandVioletYellowVioletGold" time="0.000" timestamp="2018-10-19T20:33:01"/>
	<testcase classname="create_formatted_resistance_string_tests.CreateFormattedResistanceStringTests" name="testCreateFormattedResistanceStringFourBandVioletYellowVioletGreen" time="0.000" timestamp="2018-10-19T20:33:01"/>
	<testcase classname="create_formatted_resistance_string_tests.CreateFormattedResistanceStringTests" name="testCreateFormattedResistanceStringFourBandVioletYellowVioletGrey" time="0.000" timestamp="2018-10-19T20:33:01"/>
	<testcase classname="create_formatted_resistance_string_tests.CreateFormattedResistanceStringTests" name="testCreateFormattedResistanceStringFourBandVioletYellowVioletNone" time="0.000" timestamp="2018-10-19T20:33:01"/>
	<testcase classname="create_formatted_resistance_string_tests.CreateFormattedResistanceStringTests" name="testCreateFormattedResistanceStringFourBandVioletYellowVioletRed" time="0.000" timestamp="2018-10-19T20:33:01"/>
	<testcase classname="create_formatted_resistance_string_tests.CreateFormattedResistanceStringTests" name="testCreateFormattedResistanceStringFourBandVioletYellowVioletSilver" time="0.000" timestamp="2018-10-19T20:33:01"/>
	<testcase classname="create_formatted_resistance_string_tests.CreateFormattedResistanceStringTests" name="testCreateFormattedResistanceStringFourBandVioletYellowVioletViolet" time="0.000" timestamp="2018-10-19T20:33:01"/>
	<testcase classname="create_formatted_resistance_string_tests.CreateFormattedResistanceStringTests" name="testCreateFormattedResistanceStringFourBandVioletYellowWhiteBlue" time="0.000" timestamp="2018-10-19T20:33:01"/>
	<testcase classname="create_formatted_resistance_string_tests.CreateFormattedResistanceStringTests" name="testCreateFormattedResistanceStringFourBandVioletYellowWhiteBrown" time="0.000" timestamp="2018-10-19T20:33:01"/>
	<testcase classname="create_formatted_resistance_string_tests.CreateFormattedResistanceStringTests" name="testCreateFormattedResistanceStringFourBandVioletYellowWhiteGold" time="0.000" timestamp="2018-10-19T20:33:01"/>
	<testcase classname="create_formatted_resistance_string_tests.CreateFormattedResistanceStringTests" name="testCreateFormattedResistanceStringFourBandVioletYellowWhiteGreen" time="0.000" timestamp="2018-10-19T20:33:01"/>
	<testcase classname="create_formatted_resistance_string_tests.CreateFormattedResistanceStringTests" name="testCreateFormattedResistanceStringFourBandVioletYellowWhiteGrey" time="0.000" timestamp="2018-10-19T20:33:01"/>
	<testcase classname="create_formatted_resistance_string_tests.CreateFormattedResistanceStringTests" name="testCreateFormattedResistanceStringFourBandVioletYellowWhiteNone" time="0.000" timestamp="2018-10-19T20:33:01"/>
	<testcase classname="create_formatted_resistance_string_tests.CreateFormattedResistanceStringTests" name="testCreateFormattedResistanceStringFourBandVioletYellowWhiteRed" time="0.000" timestamp="2018-10-19T20:33:01"/>
	<testcase classname="create_formatted_resistance_string_tests.CreateFormattedResistanceStringTests" name="testCreateFormattedResistanceStringFourBandVioletYellowWhiteSilver" time="0.000" timestamp="2018-10-19T20:33:01"/>
	<testcase classname="create_formatted_resistance_string_tests.CreateFormattedResistanceStringTests" name="testCreateFormattedResistanceStringFourBandVioletYellowWhiteViolet" time="0.000" timestamp="2018-10-19T20:33:01"/>
	<testcase classname="create_formatted_resistance_string_tests.CreateFormattedResistanceStringTests" name="testCreateFormattedResistanceStringFourBandVioletYellowYellowBlue" time="0.000" timestamp="2018-10-19T20:33:01"/>
	<testcase classname="create_formatted_resistance_string_tests.CreateFormattedResistanceStringTests" name="testCreateFormattedResistanceStringFourBandVioletYellowYellowBrown" time="0.000" timestamp="2018-10-19T20:33:01"/>
	<testcase classname="create_formatted_resistance_string_tests.CreateFormattedResistanceStringTests" name="testCreateFormattedResistanceStringFourBandVioletYellowYellowGold" time="0.000" timestamp="2018-10-19T20:33:01"/>
	<testcase classname="create_formatted_resistance_string_tests.CreateFormattedResistanceStringTests" name="testCreateFormattedResistanceStringFourBandVioletYellowYellowGreen" time="0.000" timestamp="2018-10-19T20:33:01"/>
	<testcase classname="create_formatted_resistance_string_tests.CreateFormattedResistanceStringTests" name="testCreateFormattedResistanceStringFourBandVioletYellowYellowGrey" time="0.000" timestamp="2018-10-19T20:33:01"/>
	<testcase classname="create_formatted_resistance_string_tests.CreateFormattedResistanceStringTests" name="testCreateFormattedResistanceStringFourBandVioletYellowYellowNone" time="0.000" timestamp="2018-10-19T20:33:01"/>
	<testcase classname="create_formatted_resistance_string_tests.CreateFormattedResistanceStringTests" name="testCreateFormattedResistanceStringFourBandVioletYellowYellowRed" time="0.000" timestamp="2018-10-19T20:33:01"/>
	<testcase classname="create_formatted_resistance_string_tests.CreateFormattedResistanceStringTests" name="testCreateFormattedResistanceStringFourBandVioletYellowYellowSilver" time="0.000" timestamp="2018-10-19T20:33:01"/>
	<testcase classname="create_formatted_resistance_string_tests.CreateFormattedResistanceStringTests" name="testCreateFormattedResistanceStringFourBandVioletYellowYellowViolet" time="0.000" timestamp="2018-10-19T20:33:01"/>
	<testcase classname="create_formatted_resistance_string_tests.CreateFormattedResistanceStringTests" name="testCreateFormattedResistanceStringFourBandWhiteBlackBlackBlue" time="0.000" timestamp="2018-10-19T20:33:01"/>
	<testcase classname="create_formatted_resistance_string_tests.CreateFormattedResistanceStringTests" name="testCreateFormattedResistanceStringFourBandWhiteBlackBlackBrown" time="0.000" timestamp="2018-10-19T20:33:01"/>
	<testcase classname="create_formatted_resistance_string_tests.CreateFormattedResistanceStringTests" name="testCreateFormattedResistanceStringFourBandWhiteBlackBlackGold" time="0.000" timestamp="2018-10-19T20:33:01"/>
	<testcase classname="create_formatted_resistance_string_tests.CreateFormattedResistanceStringTests" name="testCreateFormattedResistanceStringFourBandWhiteBlackBlackGreen" time="0.000" timestamp="2018-10-19T20:33:01"/>
	<testcase classname="create_formatted_resistance_string_tests.CreateFormattedResistanceStringTests" name="testCreateFormattedResistanceStringFourBandWhiteBlackBlackGrey" time="0.000" timestamp="2018-10-19T20:33:01"/>
	<testcase classname="create_formatted_resistance_string_tests.CreateFormattedResistanceStringTests" name="testCreateFormattedResistanceStringFourBandWhiteBlackBlackNone" time="0.000" timestamp="2018-10-19T20:33:01"/>
	<testcase classname="create_formatted_resistance_string_tests.CreateFormattedResistanceStringTests" name="testCreateFormattedResistanceStringFourBandWhiteBlackBlackRed" time="0.000" timestamp="2018-10-19T20:33:01"/>
	<testcase classname="create_formatted_resistance_string_tests.CreateFormattedResistanceStringTests" name="testCreateFormattedResistanceStringFourBandWhiteBlackBlackSilver" time="0.000" timestamp="2018-10-19T20:33:01"/>
	<testcase classname="create_formatted_resistance_string_tests.CreateFormattedResistanceStringTests" name="testCreateFormattedResistanceStringFourBandWhiteBlackBlackViolet" time="0.000" timestamp="2018-10-19T20:33:01"/>
	<testcase classname="create_formatted_resistance_string_tests.CreateFormattedResistanceStringTests" name="testCreateFormattedResistanceStringFourBandWhiteBlackBlueBlue" time="0.000" timestamp="2018-10-19T20:33:01"/>
	<testcase classname="create_formatted_resistance_string_tests.CreateFormattedResistanceStringTests" name="testCreateFormattedResistanceStringFourBandWhiteBlackBlueBrown" time="0.000" timestamp="2018-10-19T20:33:01"/>
	<testcase classname="create_formatted_resistance_string_tests.CreateFormattedResistanceStringTests" name="testCreateFormattedResistanceStringFourBandWhiteBlackBlueGold" time="0.000" timestamp="2018-10-19T20:33:01"/>
	<testcase classname="create_formatted_resistance_string_tests.CreateFormattedResistanceStringTests" name="testCreateFormattedResistanceStringFourBandWhiteBlackBlueGreen" time="0.000" timestamp="2018-10-19T20:33:01"/>
	<testcase classname="create_formatted_resistance_string_tests.CreateFormattedResistanceStringTests" name="testCreateFormattedResistanceStringFourBandWhiteBlackBlueGrey" time="0.000" timestamp="2018-10-19T20:33:01"/>
	<testcase classname="create_formatted_resistance_string_tests.CreateFormattedResistanceStringTests" name="testCreateFormattedResistanceStringFourBandWhiteBlackBlueNone" time="0.000" timestamp="2018-10-19T20:33:01"/>
	<testcase classname="create_formatted_resistance_string_tests.CreateFormattedResistanceStringTests" name="testCreateFormattedResistanceStringFourBandWhiteBlackBlueRed" time="0.000" timestamp="2018-10-19T20:33:01"/>
	<testcase classname="create_formatted_resistance_string_tests.CreateFormattedResistanceStringTests" name="testCreateFormattedResistanceStringFourBandWhiteBlackBlueSilver" time="0.000" timestamp="2018-10-19T20:33:01"/>
	<testcase classname="create_formatted_resistance_string_tests.CreateFormattedResistanceStringTests" name="testCreateFormattedResistanceStringFourBandWhiteBlackBlueViolet" time="0.000" timestamp="2018-10-19T20:33:01"/>
	<testcase classname="create_formatted_resistance_string_tests.CreateFormattedResistanceStringTests" name="testCreateFormattedResistanceStringFourBandWhiteBlackBrownBlue" time="0.000" timestamp="2018-10-19T20:33:01"/>
	<testcase classname="create_formatted_resistance_string_tests.CreateFormattedResistanceStringTests" name="testCreateFormattedResistanceStringFourBandWhiteBlackBrownBrown" time="0.000" timestamp="2018-10-19T20:33:01"/>
	<testcase classname="create_formatted_resistance_string_tests.CreateFormattedResistanceStringTests" name="testCreateFormattedResistanceStringFourBandWhiteBlackBrownGold" time="0.000" timestamp="2018-10-19T20:33:01"/>
	<testcase classname="create_formatted_resistance_string_tests.CreateFormattedResistanceStringTests" name="testCreateFormattedResistanceStringFourBandWhiteBlackBrownGreen" time="0.000" timestamp="2018-10-19T20:33:01"/>
	<testcase classname="create_formatted_resistance_string_tests.CreateFormattedResistanceStringTests" name="testCreateFormattedResistanceStringFourBandWhiteBlackBrownGrey" time="0.000" timestamp="2018-10-19T20:33:01"/>
	<testcase classname="create_formatted_resistance_string_tests.CreateFormattedResistanceStringTests" name="testCreateFormattedResistanceStringFourBandWhiteBlackBrownNone" time="0.000" timestamp="2018-10-19T20:33:01"/>
	<testcase classname="create_formatted_resistance_string_tests.CreateFormattedResistanceStringTests" name="testCreateFormattedResistanceStringFourBandWhiteBlackBrownRed" time="0.000" timestamp="2018-10-19T20:33:01"/>
	<testcase classname="create_formatted_resistance_string_tests.CreateFormattedResistanceStringTests" name="testCreateFormattedResistanceStringFourBandWhiteBlackBrownSilver" time="0.000" timestamp="2018-10-19T20:33:01"/>
	<testcase classname="create_formatted_resistance_string_tests.CreateFormattedResistanceStringTests" name="testCreateFormattedResistanceStringFourBandWhiteBlackBrownViolet" time="0.000" timestamp="2018-10-19T20:33:01"/>
	<testcase classname="create_formatted_resistance_string_tests.CreateFormattedResistanceStringTests" name="testCreateFormattedResistanceStringFourBandWhiteBlackGoldBlue" time="0.000" timestamp="2018-10-19T20:33:01"/>
	<testcase classname="create_formatted_resistance_string_tests.CreateFormattedResistanceStringTests" name="testCreateFormattedResistanceStringFourBandWhiteBlackGoldBrown" time="0.000" timestamp="2018-10-19T20:33:01"/>
	<testcase classname="create_formatted_resistance_string_tests.CreateFormattedResistanceStringTests" name="testCreateFormattedResistanceStringFourBandWhiteBlackGoldGold" time="0.000" timestamp="2018-10-19T20:33:01"/>
	<testcase classname="create_formatted_resistance_string_tests.CreateFormattedResistanceStringTests" name="testCreateFormattedResistanceStringFourBandWhiteBlackGoldGreen" time="0.000" timestamp="2018-10-19T20:33:01"/>
	<testcase classname="create_formatted_resistance_string_tests.CreateFormattedResistanceStringTests" name="testCreateFormattedResistanceStringFourBandWhiteBlackGoldGrey" time="0.000" timestamp="2018-10-19T20:33:01"/>
	<testcase classname="create_formatted_resistance_string_tests.CreateFormattedResistanceStringTests" name="testCreateFormattedResistanceStringFourBandWhiteBlackGoldNone" time="0.000" timestamp="2018-10-19T20:33:01"/>
	<testcase classname="create_formatted_resistance_string_tests.CreateFormattedResistanceStringTests" name="testCreateFormattedResistanceStringFourBandWhiteBlackGoldRed" time="0.000" timestamp="2018-10-19T20:33:01"/>
	<testcase classname="create_formatted_resistance_string_tests.CreateFormattedResistanceStringTests" name="testCreateFormattedResistanceStringFourBandWhiteBlackGoldSilver" time="0.000" timestamp="2018-10-19T20:33:01"/>
	<testcase classname="create_formatted_resistance_string_tests.CreateFormattedResistanceStringTests" name="testCreateFormattedResistanceStringFourBandWhiteBlackGoldViolet" time="0.000" timestamp="2018-10-19T20:33:01"/>
	<testcase classname="create_formatted_resistance_string_tests.CreateFormattedResistanceStringTests" name="testCreateFormattedResistanceStringFourBandWhiteBlackGreenBlue" time="0.000" timestamp="2018-10-19T20:33:01"/>
	<testcase classname="create_formatted_resistance_string_tests.CreateFormattedResistanceStringTests" name="testCreateFormattedResistanceStringFourBandWhiteBlackGreenBrown" time="0.000" timestamp="2018-10-19T20:33:01"/>
	<testcase classname="create_formatted_resistance_string_tests.CreateFormattedResistanceStringTests" name="testCreateFormattedResistanceStringFourBandWhiteBlackGreenGold" time="0.000" timestamp="2018-10-19T20:33:01"/>
	<testcase classname="create_formatted_resistance_string_tests.CreateFormattedResistanceStringTests" name="testCreateFormattedResistanceStringFourBandWhiteBlackGreenGreen" time="0.000" timestamp="2018-10-19T20:33:01"/>
	<testcase classname="create_formatted_resistance_string_tests.CreateFormattedResistanceStringTests" name="testCreateFormattedResistanceStringFourBandWhiteBlackGreenGrey" time="0.000" timestamp="2018-10-19T20:33:01"/>
	<testcase classname="create_formatted_resistance_string_tests.CreateFormattedResistanceStringTests" name="testCreateFormattedResistanceStringFourBandWhiteBlackGreenNone" time="0.000" timestamp="2018-10-19T20:33:01"/>
	<testcase classname="create_formatted_resistance_string_tests.CreateFormattedResistanceStringTests" name="testCreateFormattedResistanceStringFourBandWhiteBlackGreenRed" time="0.000" timestamp="2018-10-19T20:33:01"/>
	<testcase classname="create_formatted_resistance_string_tests.CreateFormattedResistanceStringTests" name="testCreateFormattedResistanceStringFourBandWhiteBlackGreenSilver" time="0.000" timestamp="2018-10-19T20:33:01"/>
	<testcase classname="create_formatted_resistance_string_tests.CreateFormattedResistanceStringTests" name="testCreateFormattedResistanceStringFourBandWhiteBlackGreenViolet" time="0.000" timestamp="2018-10-19T20:33:01"/>
	<testcase classname="create_formatted_resistance_string_tests.CreateFormattedResistanceStringTests" name="testCreateFormattedResistanceStringFourBandWhiteBlackGreyBlue" time="0.000" timestamp="2018-10-19T20:33:01"/>
	<testcase classname="create_formatted_resistance_string_tests.CreateFormattedResistanceStringTests" name="testCreateFormattedResistanceStringFourBandWhiteBlackGreyBrown" time="0.000" timestamp="2018-10-19T20:33:01"/>
	<testcase classname="create_formatted_resistance_string_tests.CreateFormattedResistanceStringTests" name="testCreateFormattedResistanceStringFourBandWhiteBlackGreyGold" time="0.000" timestamp="2018-10-19T20:33:01"/>
	<testcase classname="create_formatted_resistance_string_tests.CreateFormattedResistanceStringTests" name="testCreateFormattedResistanceStringFourBandWhiteBlackGreyGreen" time="0.000" timestamp="2018-10-19T20:33:01"/>
	<testcase classname="create_formatted_resistance_string_tests.CreateFormattedResistanceStringTests" name="testCreateFormattedResistanceStringFourBandWhiteBlackGreyGrey" time="0.000" timestamp="2018-10-19T20:33:01"/>
	<testcase classname="create_formatted_resistance_string_tests.CreateFormattedResistanceStringTests" name="testCreateFormattedResistanceStringFourBandWhiteBlackGreyNone" time="0.000" timestamp="2018-10-19T20:33:01"/>
	<testcase classname="create_formatted_resistance_string_tests.CreateFormattedResistanceStringTests" name="testCreateFormattedResistanceStringFourBandWhiteBlackGreyRed" time="0.000" timestamp="2018-10-19T20:33:01"/>
	<testcase classname="create_formatted_resistance_string_tests.CreateFormattedResistanceStringTests" name="testCreateFormattedResistanceStringFourBandWhiteBlackGreySilver" time="0.000" timestamp="2018-10-19T20:33:01"/>
	<testcase classname="create_formatted_resistance_string_tests.CreateFormattedResistanceStringTests" name="testCreateFormattedResistanceStringFourBandWhiteBlackGreyViolet" time="0.000" timestamp="2018-10-19T20:33:01"/>
	<testcase classname="create_formatted_resistance_string_tests.CreateFormattedResistanceStringTests" name="testCreateFormattedResistanceStringFourBandWhiteBlackOrangeBlue" time="0.000" timestamp="2018-10-19T20:33:01"/>
	<testcase classname="create_formatted_resistance_string_tests.CreateFormattedResistanceStringTests" name="testCreateFormattedResistanceStringFourBandWhiteBlackOrangeBrown" time="0.000" timestamp="2018-10-19T20:33:01"/>
	<testcase classname="create_formatted_resistance_string_tests.CreateFormattedResistanceStringTests" name="testCreateFormattedResistanceStringFourBandWhiteBlackOrangeGold" time="0.000" timestamp="2018-10-19T20:33:01"/>
	<testcase classname="create_formatted_resistance_string_tests.CreateFormattedResistanceStringTests" name="testCreateFormattedResistanceStringFourBandWhiteBlackOrangeGreen" time="0.000" timestamp="2018-10-19T20:33:01"/>
	<testcase classname="create_formatted_resistance_string_tests.CreateFormattedResistanceStringTests" name="testCreateFormattedResistanceStringFourBandWhiteBlackOrangeGrey" time="0.000" timestamp="2018-10-19T20:33:01"/>
	<testcase classname="create_formatted_resistance_string_tests.CreateFormattedResistanceStringTests" name="testCreateFormattedResistanceStringFourBandWhiteBlackOrangeNone" time="0.000" timestamp="2018-10-19T20:33:01"/>
	<testcase classname="create_formatted_resistance_string_tests.CreateFormattedResistanceStringTests" name="testCreateFormattedResistanceStringFourBandWhiteBlackOrangeRed" time="0.000" timestamp="2018-10-19T20:33:01"/>
	<testcase classname="create_formatted_resistance_string_tests.CreateFormattedResistanceStringTests" name="testCreateFormattedResistanceStringFourBandWhiteBlackOrangeSilver" time="0.000" timestamp="2018-10-19T20:33:01"/>
	<testcase classname="create_formatted_resistance_string_tests.CreateFormattedResistanceStringTests" name="testCreateFormattedResistanceStringFourBandWhiteBlackOrangeViolet" time="0.000" timestamp="2018-10-19T20:33:01"/>
	<testcase classname="create_formatted_resistance_string_tests.CreateFormattedResistanceStringTests" name="testCreateFormattedResistanceStringFourBandWhiteBlackRedBlue" time="0.000" timestamp="2018-10-19T20:33:01"/>
	<testcase classname="create_formatted_resistance_string_tests.CreateFormattedResistanceStringTests" name="testCreateFormattedResistanceStringFourBandWhiteBlackRedBrown" time="0.000" timestamp="2018-10-19T20:33:01"/>
	<testcase classname="create_formatted_resistance_string_tests.CreateFormattedResistanceStringTests" name="testCreateFormattedResistanceStringFourBandWhiteBlackRedGold" time="0.000" timestamp="2018-10-19T20:33:01"/>
	<testcase classname="create_formatted_resistance_string_tests.CreateFormattedResistanceStringTests" name="testCreateFormattedResistanceStringFourBandWhiteBlackRedGreen" time="0.000" timestamp="2018-10-19T20:33:01"/>
	<testcase classname="create_formatted_resistance_string_tests.CreateFormattedResistanceStringTests" name="testCreateFormattedResistanceStringFourBandWhiteBlackRedGrey" time="0.000" timestamp="2018-10-19T20:33:01"/>
	<testcase classname="create_formatted_resistance_string_tests.CreateFormattedResistanceStringTests" name="testCreateFormattedResistanceStringFourBandWhiteBlackRedNone" time="0.000" timestamp="2018-10-19T20:33:01"/>
	<testcase classname="create_formatted_resistance_string_tests.CreateFormattedResistanceStringTests" name="testCreateFormattedResistanceStringFourBandWhiteBlackRedRed" time="0.000" timestamp="2018-10-19T20:33:01"/>
	<testcase classname="create_formatted_resistance_string_tests.CreateFormattedResistanceStringTests" name="testCreateFormattedResistanceStringFourBandWhiteBlackRedSilver" time="0.000" timestamp="2018-10-19T20:33:01"/>
	<testcase classname="create_formatted_resistance_string_tests.CreateFormattedResistanceStringTests" name="testCreateFormattedResistanceStringFourBandWhiteBlackRedViolet" time="0.000" timestamp="2018-10-19T20:33:01"/>
	<testcase classname="create_formatted_resistance_string_tests.CreateFormattedResistanceStringTests" name="testCreateFormattedResistanceStringFourBandWhiteBlackSilverBlue" time="0.000" timestamp="2018-10-19T20:33:01"/>
	<testcase classname="create_formatted_resistance_string_tests.CreateFormattedResistanceStringTests" name="testCreateFormattedResistanceStringFourBandWhiteBlackSilverBrown" time="0.000" timestamp="2018-10-19T20:33:01"/>
	<testcase classname="create_formatted_resistance_string_tests.CreateFormattedResistanceStringTests" name="testCreateFormattedResistanceStringFourBandWhiteBlackSilverGold" time="0.000" timestamp="2018-10-19T20:33:01"/>
	<testcase classname="create_formatted_resistance_string_tests.CreateFormattedResistanceStringTests" name="testCreateFormattedResistanceStringFourBandWhiteBlackSilverGreen" time="0.000" timestamp="2018-10-19T20:33:01"/>
	<testcase classname="create_formatted_resistance_string_tests.CreateFormattedResistanceStringTests" name="testCreateFormattedResistanceStringFourBandWhiteBlackSilverGrey" time="0.000" timestamp="2018-10-19T20:33:01"/>
	<testcase classname="create_formatted_resistance_string_tests.CreateFormattedResistanceStringTests" name="testCreateFormattedResistanceStringFourBandWhiteBlackSilverNone" time="0.000" timestamp="2018-10-19T20:33:01"/>
	<testcase classname="create_formatted_resistance_string_tests.CreateFormattedResistanceStringTests" name="testCreateFormattedResistanceStringFourBandWhiteBlackSilverRed" time="0.000" timestamp="2018-10-19T20:33:01"/>
	<testcase classname="create_formatted_resistance_string_tests.CreateFormattedResistanceStringTests" name="testCreateFormattedResistanceStringFourBandWhiteBlackSilverSilver" time="0.000" timestamp="2018-10-19T20:33:01"/>
	<testcase classname="create_formatted_resistance_string_tests.CreateFormattedResistanceStringTests" name="testCreateFormattedResistanceStringFourBandWhiteBlackSilverViolet" time="0.000" timestamp="2018-10-19T20:33:01"/>
	<testcase classname="create_formatted_resistance_string_tests.CreateFormattedResistanceStringTests" name="testCreateFormattedResistanceStringFourBandWhiteBlackVioletBlue" time="0.000" timestamp="2018-10-19T20:33:01"/>
	<testcase classname="create_formatted_resistance_string_tests.CreateFormattedResistanceStringTests" name="testCreateFormattedResistanceStringFourBandWhiteBlackVioletBrown" time="0.000" timestamp="2018-10-19T20:33:01"/>
	<testcase classname="create_formatted_resistance_string_tests.CreateFormattedResistanceStringTests" name="testCreateFormattedResistanceStringFourBandWhiteBlackVioletGold" time="0.000" timestamp="2018-10-19T20:33:01"/>
	<testcase classname="create_formatted_resistance_string_tests.CreateFormattedResistanceStringTests" name="testCreateFormattedResistanceStringFourBandWhiteBlackVioletGreen" time="0.000" timestamp="2018-10-19T20:33:01"/>
	<testcase classname="create_formatted_resistance_string_tests.CreateFormattedResistanceStringTests" name="testCreateFormattedResistanceStringFourBandWhiteBlackVioletGrey" time="0.000" timestamp="2018-10-19T20:33:01"/>
	<testcase classname="create_formatted_resistance_string_tests.CreateFormattedResistanceStringTests" name="testCreateFormattedResistanceStringFourBandWhiteBlackVioletNone" time="0.000" timestamp="2018-10-19T20:33:01"/>
	<testcase classname="create_formatted_resistance_string_tests.CreateFormattedResistanceStringTests" name="testCreateFormattedResistanceStringFourBandWhiteBlackVioletRed" time="0.000" timestamp="2018-10-19T20:33:01"/>
	<testcase classname="create_formatted_resistance_string_tests.CreateFormattedResistanceStringTests" name="testCreateFormattedResistanceStringFourBandWhiteBlackVioletSilver" time="0.000" timestamp="2018-10-19T20:33:01"/>
	<testcase classname="create_formatted_resistance_string_tests.CreateFormattedResistanceStringTests" name="testCreateFormattedResistanceStringFourBandWhiteBlackVioletViolet" time="0.000" timestamp="2018-10-19T20:33:01"/>
	<testcase classname="create_formatted_resistance_string_tests.CreateFormattedResistanceStringTests" name="testCreateFormattedResistanceStringFourBandWhiteBlackWhiteBlue" time="0.000" timestamp="2018-10-19T20:33:01"/>
	<testcase classname="create_formatted_resistance_string_tests.CreateFormattedResistanceStringTests" name="testCreateFormattedResistanceStringFourBandWhiteBlackWhiteBrown" time="0.000" timestamp="2018-10-19T20:33:01"/>
	<testcase classname="create_formatted_resistance_string_tests.CreateFormattedResistanceStringTests" name="testCreateFormattedResistanceStringFourBandWhiteBlackWhiteGold" time="0.000" timestamp="2018-10-19T20:33:01"/>
	<testcase classname="create_formatted_resistance_string_tests.CreateFormattedResistanceStringTests" name="testCreateFormattedResistanceStringFourBandWhiteBlackWhiteGreen" time="0.000" timestamp="2018-10-19T20:33:01"/>
	<testcase classname="create_formatted_resistance_string_tests.CreateFormattedResistanceStringTests" name="testCreateFormattedResistanceStringFourBandWhiteBlackWhiteGrey" time="0.000" timestamp="2018-10-19T20:33:01"/>
	<testcase classname="create_formatted_resistance_string_tests.CreateFormattedResistanceStringTests" name="testCreateFormattedResistanceStringFourBandWhiteBlackWhiteNone" time="0.000" timestamp="2018-10-19T20:33:01"/>
	<testcase classname="create_formatted_resistance_string_tests.CreateFormattedResistanceStringTests" name="testCreateFormattedResistanceStringFourBandWhiteBlackWhiteRed" time="0.000" timestamp="2018-10-19T20:33:01"/>
	<testcase classname="create_formatted_resistance_string_tests.CreateFormattedResistanceStringTests" name="testCreateFormattedResistanceStringFourBandWhiteBlackWhiteSilver" time="0.000" timestamp="2018-10-19T20:33:01"/>
	<testcase classname="create_formatted_resistance_string_tests.CreateFormattedResistanceStringTests" name="testCreateFormattedResistanceStringFourBandWhiteBlackWhiteViolet" time="0.000" timestamp="2018-10-19T20:33:01"/>
	<testcase classname="create_formatted_resistance_string_tests.CreateFormattedResistanceStringTests" name="testCreateFormattedResistanceStringFourBandWhiteBlackYellowBlue" time="0.000" timestamp="2018-10-19T20:33:01"/>
	<testcase classname="create_formatted_resistance_string_tests.CreateFormattedResistanceStringTests" name="testCreateFormattedResistanceStringFourBandWhiteBlackYellowBrown" time="0.000" timestamp="2018-10-19T20:33:01"/>
	<testcase classname="create_formatted_resistance_string_tests.CreateFormattedResistanceStringTests" name="testCreateFormattedResistanceStringFourBandWhiteBlackYellowGold" time="0.000" timestamp="2018-10-19T20:33:01"/>
	<testcase classname="create_formatted_resistance_string_tests.CreateFormattedResistanceStringTests" name="testCreateFormattedResistanceStringFourBandWhiteBlackYellowGreen" time="0.000" timestamp="2018-10-19T20:33:01"/>
	<testcase classname="create_formatted_resistance_string_tests.CreateFormattedResistanceStringTests" name="testCreateFormattedResistanceStringFourBandWhiteBlackYellowGrey" time="0.000" timestamp="2018-10-19T20:33:01"/>
	<testcase classname="create_formatted_resistance_string_tests.CreateFormattedResistanceStringTests" name="testCreateFormattedResistanceStringFourBandWhiteBlackYellowNone" time="0.000" timestamp="2018-10-19T20:33:01"/>
	<testcase classname="create_formatted_resistance_string_tests.CreateFormattedResistanceStringTests" name="testCreateFormattedResistanceStringFourBandWhiteBlackYellowRed" time="0.000" timestamp="2018-10-19T20:33:01"/>
	<testcase classname="create_formatted_resistance_string_tests.CreateFormattedResistanceStringTests" name="testCreateFormattedResistanceStringFourBandWhiteBlackYellowSilver" time="0.000" timestamp="2018-10-19T20:33:01"/>
	<testcase classname="create_formatted_resistance_string_tests.CreateFormattedResistanceStringTests" name="testCreateFormattedResistanceStringFourBandWhiteBlackYellowViolet" time="0.000" timestamp="2018-10-19T20:33:01"/>
	<testcase classname="create_formatted_resistance_string_tests.CreateFormattedResistanceStringTests" name="testCreateFormattedResistanceStringFourBandWhiteBlueBlackBlue" time="0.000" timestamp="2018-10-19T20:33:01"/>
	<testcase classname="create_formatted_resistance_string_tests.CreateFormattedResistanceStringTests" name="testCreateFormattedResistanceStringFourBandWhiteBlueBlackBrown" time="0.000" timestamp="2018-10-19T20:33:01"/>
	<testcase classname="create_formatted_resistance_string_tests.CreateFormattedResistanceStringTests" name="testCreateFormattedResistanceStringFourBandWhiteBlueBlackGold" time="0.000" timestamp="2018-10-19T20:33:01"/>
	<testcase classname="create_formatted_resistance_string_tests.CreateFormattedResistanceStringTests" name="testCreateFormattedResistanceStringFourBandWhiteBlueBlackGreen" time="0.000" timestamp="2018-10-19T20:33:01"/>
	<testcase classname="create_formatted_resistance_string_tests.CreateFormattedResistanceStringTests" name="testCreateFormattedResistanceStringFourBandWhiteBlueBlackGrey" time="0.000" timestamp="2018-10-19T20:33:01"/>
	<testcase classname="create_formatted_resistance_string_tests.CreateFormattedResistanceStringTests" name="testCreateFormattedResistanceStringFourBandWhiteBlueBlackNone" time="0.000" timestamp="2018-10-19T20:33:01"/>
	<testcase classname="create_formatted_resistance_string_tests.CreateFormattedResistanceStringTests" name="testCreateFormattedResistanceStringFourBandWhiteBlueBlackRed" time="0.000" timestamp="2018-10-19T20:33:01"/>
	<testcase classname="create_formatted_resistance_string_tests.CreateFormattedResistanceStringTests" name="testCreateFormattedResistanceStringFourBandWhiteBlueBlackSilver" time="0.000" timestamp="2018-10-19T20:33:01"/>
	<testcase classname="create_formatted_resistance_string_tests.CreateFormattedResistanceStringTests" name="testCreateFormattedResistanceStringFourBandWhiteBlueBlackViolet" time="0.000" timestamp="2018-10-19T20:33:01"/>
	<testcase classname="create_formatted_resistance_string_tests.CreateFormattedResistanceStringTests" name="testCreateFormattedResistanceStringFourBandWhiteBlueBlueBlue" time="0.000" timestamp="2018-10-19T20:33:01"/>
	<testcase classname="create_formatted_resistance_string_tests.CreateFormattedResistanceStringTests" name="testCreateFormattedResistanceStringFourBandWhiteBlueBlueBrown" time="0.000" timestamp="2018-10-19T20:33:01"/>
	<testcase classname="create_formatted_resistance_string_tests.CreateFormattedResistanceStringTests" name="testCreateFormattedResistanceStringFourBandWhiteBlueBlueGold" time="0.000" timestamp="2018-10-19T20:33:01"/>
	<testcase classname="create_formatted_resistance_string_tests.CreateFormattedResistanceStringTests" name="testCreateFormattedResistanceStringFourBandWhiteBlueBlueGreen" time="0.000" timestamp="2018-10-19T20:33:01"/>
	<testcase classname="create_formatted_resistance_string_tests.CreateFormattedResistanceStringTests" name="testCreateFormattedResistanceStringFourBandWhiteBlueBlueGrey" time="0.000" timestamp="2018-10-19T20:33:01"/>
	<testcase classname="create_formatted_resistance_string_tests.CreateFormattedResistanceStringTests" name="testCreateFormattedResistanceStringFourBandWhiteBlueBlueNone" time="0.000" timestamp="2018-10-19T20:33:01"/>
	<testcase classname="create_formatted_resistance_string_tests.CreateFormattedResistanceStringTests" name="testCreateFormattedResistanceStringFourBandWhiteBlueBlueRed" time="0.000" timestamp="2018-10-19T20:33:01"/>
	<testcase classname="create_formatted_resistance_string_tests.CreateFormattedResistanceStringTests" name="testCreateFormattedResistanceStringFourBandWhiteBlueBlueSilver" time="0.000" timestamp="2018-10-19T20:33:01"/>
	<testcase classname="create_formatted_resistance_string_tests.CreateFormattedResistanceStringTests" name="testCreateFormattedResistanceStringFourBandWhiteBlueBlueViolet" time="0.000" timestamp="2018-10-19T20:33:01"/>
	<testcase classname="create_formatted_resistance_string_tests.CreateFormattedResistanceStringTests" name="testCreateFormattedResistanceStringFourBandWhiteBlueBrownBlue" time="0.000" timestamp="2018-10-19T20:33:01"/>
	<testcase classname="create_formatted_resistance_string_tests.CreateFormattedResistanceStringTests" name="testCreateFormattedResistanceStringFourBandWhiteBlueBrownBrown" time="0.000" timestamp="2018-10-19T20:33:01"/>
	<testcase classname="create_formatted_resistance_string_tests.CreateFormattedResistanceStringTests" name="testCreateFormattedResistanceStringFourBandWhiteBlueBrownGold" time="0.000" timestamp="2018-10-19T20:33:01"/>
	<testcase classname="create_formatted_resistance_string_tests.CreateFormattedResistanceStringTests" name="testCreateFormattedResistanceStringFourBandWhiteBlueBrownGreen" time="0.000" timestamp="2018-10-19T20:33:01"/>
	<testcase classname="create_formatted_resistance_string_tests.CreateFormattedResistanceStringTests" name="testCreateFormattedResistanceStringFourBandWhiteBlueBrownGrey" time="0.000" timestamp="2018-10-19T20:33:01"/>
	<testcase classname="create_formatted_resistance_string_tests.CreateFormattedResistanceStringTests" name="testCreateFormattedResistanceStringFourBandWhiteBlueBrownNone" time="0.000" timestamp="2018-10-19T20:33:01"/>
	<testcase classname="create_formatted_resistance_string_tests.CreateFormattedResistanceStringTests" name="testCreateFormattedResistanceStringFourBandWhiteBlueBrownRed" time="0.000" timestamp="2018-10-19T20:33:01"/>
	<testcase classname="create_formatted_resistance_string_tests.CreateFormattedResistanceStringTests" name="testCreateFormattedResistanceStringFourBandWhiteBlueBrownSilver" time="0.000" timestamp="2018-10-19T20:33:01"/>
	<testcase classname="create_formatted_resistance_string_tests.CreateFormattedResistanceStringTests" name="testCreateFormattedResistanceStringFourBandWhiteBlueBrownViolet" time="0.000" timestamp="2018-10-19T20:33:01"/>
	<testcase classname="create_formatted_resistance_string_tests.CreateFormattedResistanceStringTests" name="testCreateFormattedResistanceStringFourBandWhiteBlueGoldBlue" time="0.000" timestamp="2018-10-19T20:33:01"/>
	<testcase classname="create_formatted_resistance_string_tests.CreateFormattedResistanceStringTests" name="testCreateFormattedResistanceStringFourBandWhiteBlueGoldBrown" time="0.000" timestamp="2018-10-19T20:33:01"/>
	<testcase classname="create_formatted_resistance_string_tests.CreateFormattedResistanceStringTests" name="testCreateFormattedResistanceStringFourBandWhiteBlueGoldGold" time="0.000" timestamp="2018-10-19T20:33:01"/>
	<testcase classname="create_formatted_resistance_string_tests.CreateFormattedResistanceStringTests" name="testCreateFormattedResistanceStringFourBandWhiteBlueGoldGreen" time="0.000" timestamp="2018-10-19T20:33:01"/>
	<testcase classname="create_formatted_resistance_string_tests.CreateFormattedResistanceStringTests" name="testCreateFormattedResistanceStringFourBandWhiteBlueGoldGrey" time="0.000" timestamp="2018-10-19T20:33:01"/>
	<testcase classname="create_formatted_resistance_string_tests.CreateFormattedResistanceStringTests" name="testCreateFormattedResistanceStringFourBandWhiteBlueGoldNone" time="0.000" timestamp="2018-10-19T20:33:01"/>
	<testcase classname="create_formatted_resistance_string_tests.CreateFormattedResistanceStringTests" name="testCreateFormattedResistanceStringFourBandWhiteBlueGoldRed" time="0.000" timestamp="2018-10-19T20:33:01"/>
	<testcase classname="create_formatted_resistance_string_tests.CreateFormattedResistanceStringTests" name="testCreateFormattedResistanceStringFourBandWhiteBlueGoldSilver" time="0.000" timestamp="2018-10-19T20:33:01"/>
	<testcase classname="create_formatted_resistance_string_tests.CreateFormattedResistanceStringTests" name="testCreateFormattedResistanceStringFourBandWhiteBlueGoldViolet" time="0.000" timestamp="2018-10-19T20:33:01"/>
	<testcase classname="create_formatted_resistance_string_tests.CreateFormattedResistanceStringTests" name="testCreateFormattedResistanceStringFourBandWhiteBlueGreenBlue" time="0.000" timestamp="2018-10-19T20:33:01"/>
	<testcase classname="create_formatted_resistance_string_tests.CreateFormattedResistanceStringTests" name="testCreateFormattedResistanceStringFourBandWhiteBlueGreenBrown" time="0.000" timestamp="2018-10-19T20:33:01"/>
	<testcase classname="create_formatted_resistance_string_tests.CreateFormattedResistanceStringTests" name="testCreateFormattedResistanceStringFourBandWhiteBlueGreenGold" time="0.000" timestamp="2018-10-19T20:33:01"/>
	<testcase classname="create_formatted_resistance_string_tests.CreateFormattedResistanceStringTests" name="testCreateFormattedResistanceStringFourBandWhiteBlueGreenGreen" time="0.000" timestamp="2018-10-19T20:33:01"/>
	<testcase classname="create_formatted_resistance_string_tests.CreateFormattedResistanceStringTests" name="testCreateFormattedResistanceStringFourBandWhiteBlueGreenGrey" time="0.000" timestamp="2018-10-19T20:33:01"/>
	<testcase classname="create_formatted_resistance_string_tests.CreateFormattedResistanceStringTests" name="testCreateFormattedResistanceStringFourBandWhiteBlueGreenNone" time="0.000" timestamp="2018-10-19T20:33:01"/>
	<testcase classname="create_formatted_resistance_string_tests.CreateFormattedResistanceStringTests" name="testCreateFormattedResistanceStringFourBandWhiteBlueGreenRed" time="0.000" timestamp="2018-10-19T20:33:01"/>
	<testcase classname="create_formatted_resistance_string_tests.CreateFormattedResistanceStringTests" name="testCreateFormattedResistanceStringFourBandWhiteBlueGreenSilver" time="0.000" timestamp="2018-10-19T20:33:01"/>
	<testcase classname="create_formatted_resistance_string_tests.CreateFormattedResistanceStringTests" name="testCreateFormattedResistanceStringFourBandWhiteBlueGreenViolet" time="0.000" timestamp="2018-10-19T20:33:01"/>
	<testcase classname="create_formatted_resistance_string_tests.CreateFormattedResistanceStringTests" name="testCreateFormattedResistanceStringFourBandWhiteBlueGreyBlue" time="0.000" timestamp="2018-10-19T20:33:01"/>
	<testcase classname="create_formatted_resistance_string_tests.CreateFormattedResistanceStringTests" name="testCreateFormattedResistanceStringFourBandWhiteBlueGreyBrown" time="0.000" timestamp="2018-10-19T20:33:01"/>
	<testcase classname="create_formatted_resistance_string_tests.CreateFormattedResistanceStringTests" name="testCreateFormattedResistanceStringFourBandWhiteBlueGreyGold" time="0.000" timestamp="2018-10-19T20:33:01"/>
	<testcase classname="create_formatted_resistance_string_tests.CreateFormattedResistanceStringTests" name="testCreateFormattedResistanceStringFourBandWhiteBlueGreyGreen" time="0.000" timestamp="2018-10-19T20:33:01"/>
	<testcase classname="create_formatted_resistance_string_tests.CreateFormattedResistanceStringTests" name="testCreateFormattedResistanceStringFourBandWhiteBlueGreyGrey" time="0.000" timestamp="2018-10-19T20:33:01"/>
	<testcase classname="create_formatted_resistance_string_tests.CreateFormattedResistanceStringTests" name="testCreateFormattedResistanceStringFourBandWhiteBlueGreyNone" time="0.000" timestamp="2018-10-19T20:33:01"/>
	<testcase classname="create_formatted_resistance_string_tests.CreateFormattedResistanceStringTests" name="testCreateFormattedResistanceStringFourBandWhiteBlueGreyRed" time="0.000" timestamp="2018-10-19T20:33:01"/>
	<testcase classname="create_formatted_resistance_string_tests.CreateFormattedResistanceStringTests" name="testCreateFormattedResistanceStringFourBandWhiteBlueGreySilver" time="0.000" timestamp="2018-10-19T20:33:01"/>
	<testcase classname="create_formatted_resistance_string_tests.CreateFormattedResistanceStringTests" name="testCreateFormattedResistanceStringFourBandWhiteBlueGreyViolet" time="0.000" timestamp="2018-10-19T20:33:01"/>
	<testcase classname="create_formatted_resistance_string_tests.CreateFormattedResistanceStringTests" name="testCreateFormattedResistanceStringFourBandWhiteBlueOrangeBlue" time="0.000" timestamp="2018-10-19T20:33:01"/>
	<testcase classname="create_formatted_resistance_string_tests.CreateFormattedResistanceStringTests" name="testCreateFormattedResistanceStringFourBandWhiteBlueOrangeBrown" time="0.000" timestamp="2018-10-19T20:33:01"/>
	<testcase classname="create_formatted_resistance_string_tests.CreateFormattedResistanceStringTests" name="testCreateFormattedResistanceStringFourBandWhiteBlueOrangeGold" time="0.000" timestamp="2018-10-19T20:33:01"/>
	<testcase classname="create_formatted_resistance_string_tests.CreateFormattedResistanceStringTests" name="testCreateFormattedResistanceStringFourBandWhiteBlueOrangeGreen" time="0.000" timestamp="2018-10-19T20:33:01"/>
	<testcase classname="create_formatted_resistance_string_tests.CreateFormattedResistanceStringTests" name="testCreateFormattedResistanceStringFourBandWhiteBlueOrangeGrey" time="0.000" timestamp="2018-10-19T20:33:01"/>
	<testcase classname="create_formatted_resistance_string_tests.CreateFormattedResistanceStringTests" name="testCreateFormattedResistanceStringFourBandWhiteBlueOrangeNone" time="0.000" timestamp="2018-10-19T20:33:01"/>
	<testcase classname="create_formatted_resistance_string_tests.CreateFormattedResistanceStringTests" name="testCreateFormattedResistanceStringFourBandWhiteBlueOrangeRed" time="0.000" timestamp="2018-10-19T20:33:01"/>
	<testcase classname="create_formatted_resistance_string_tests.CreateFormattedResistanceStringTests" name="testCreateFormattedResistanceStringFourBandWhiteBlueOrangeSilver" time="0.000" timestamp="2018-10-19T20:33:01"/>
	<testcase classname="create_formatted_resistance_string_tests.CreateFormattedResistanceStringTests" name="testCreateFormattedResistanceStringFourBandWhiteBlueOrangeViolet" time="0.000" timestamp="2018-10-19T20:33:01"/>
	<testcase classname="create_formatted_resistance_string_tests.CreateFormattedResistanceStringTests" name="testCreateFormattedResistanceStringFourBandWhiteBlueRedBlue" time="0.000" timestamp="2018-10-19T20:33:01"/>
	<testcase classname="create_formatted_resistance_string_tests.CreateFormattedResistanceStringTests" name="testCreateFormattedResistanceStringFourBandWhiteBlueRedBrown" time="0.000" timestamp="2018-10-19T20:33:01"/>
	<testcase classname="create_formatted_resistance_string_tests.CreateFormattedResistanceStringTests" name="testCreateFormattedResistanceStringFourBandWhiteBlueRedGold" time="0.000" timestamp="2018-10-19T20:33:01"/>
	<testcase classname="create_formatted_resistance_string_tests.CreateFormattedResistanceStringTests" name="testCreateFormattedResistanceStringFourBandWhiteBlueRedGreen" time="0.000" timestamp="2018-10-19T20:33:01"/>
	<testcase classname="create_formatted_resistance_string_tests.CreateFormattedResistanceStringTests" name="testCreateFormattedResistanceStringFourBandWhiteBlueRedGrey" time="0.000" timestamp="2018-10-19T20:33:01"/>
	<testcase classname="create_formatted_resistance_string_tests.CreateFormattedResistanceStringTests" name="testCreateFormattedResistanceStringFourBandWhiteBlueRedNone" time="0.000" timestamp="2018-10-19T20:33:01"/>
	<testcase classname="create_formatted_resistance_string_tests.CreateFormattedResistanceStringTests" name="testCreateFormattedResistanceStringFourBandWhiteBlueRedRed" time="0.000" timestamp="2018-10-19T20:33:01"/>
	<testcase classname="create_formatted_resistance_string_tests.CreateFormattedResistanceStringTests" name="testCreateFormattedResistanceStringFourBandWhiteBlueRedSilver" time="0.000" timestamp="2018-10-19T20:33:01"/>
	<testcase classname="create_formatted_resistance_string_tests.CreateFormattedResistanceStringTests" name="testCreateFormattedResistanceStringFourBandWhiteBlueRedViolet" time="0.000" timestamp="2018-10-19T20:33:01"/>
	<testcase classname="create_formatted_resistance_string_tests.CreateFormattedResistanceStringTests" name="testCreateFormattedResistanceStringFourBandWhiteBlueSilverBlue" time="0.000" timestamp="2018-10-19T20:33:01"/>
	<testcase classname="create_formatted_resistance_string_tests.CreateFormattedResistanceStringTests" name="testCreateFormattedResistanceStringFourBandWhiteBlueSilverBrown" time="0.000" timestamp="2018-10-19T20:33:01"/>
	<testcase classname="create_formatted_resistance_string_tests.CreateFormattedResistanceStringTests" name="testCreateFormattedResistanceStringFourBandWhiteBlueSilverGold" time="0.000" timestamp="2018-10-19T20:33:01"/>
	<testcase classname="create_formatted_resistance_string_tests.CreateFormattedResistanceStringTests" name="testCreateFormattedResistanceStringFourBandWhiteBlueSilverGreen" time="0.000" timestamp="2018-10-19T20:33:01"/>
	<testcase classname="create_formatted_resistance_string_tests.CreateFormattedResistanceStringTests" name="testCreateFormattedResistanceStringFourBandWhiteBlueSilverGrey" time="0.000" timestamp="2018-10-19T20:33:01"/>
	<testcase classname="create_formatted_resistance_string_tests.CreateFormattedResistanceStringTests" name="testCreateFormattedResistanceStringFourBandWhiteBlueSilverNone" time="0.000" timestamp="2018-10-19T20:33:01"/>
	<testcase classname="create_formatted_resistance_string_tests.CreateFormattedResistanceStringTests" name="testCreateFormattedResistanceStringFourBandWhiteBlueSilverRed" time="0.000" timestamp="2018-10-19T20:33:01"/>
	<testcase classname="create_formatted_resistance_string_tests.CreateFormattedResistanceStringTests" name="testCreateFormattedResistanceStringFourBandWhiteBlueSilverSilver" time="0.000" timestamp="2018-10-19T20:33:01"/>
	<testcase classname="create_formatted_resistance_string_tests.CreateFormattedResistanceStringTests" name="testCreateFormattedResistanceStringFourBandWhiteBlueSilverViolet" time="0.000" timestamp="2018-10-19T20:33:01"/>
	<testcase classname="create_formatted_resistance_string_tests.CreateFormattedResistanceStringTests" name="testCreateFormattedResistanceStringFourBandWhiteBlueVioletBlue" time="0.000" timestamp="2018-10-19T20:33:01"/>
	<testcase classname="create_formatted_resistance_string_tests.CreateFormattedResistanceStringTests" name="testCreateFormattedResistanceStringFourBandWhiteBlueVioletBrown" time="0.000" timestamp="2018-10-19T20:33:01"/>
	<testcase classname="create_formatted_resistance_string_tests.CreateFormattedResistanceStringTests" name="testCreateFormattedResistanceStringFourBandWhiteBlueVioletGold" time="0.000" timestamp="2018-10-19T20:33:01"/>
	<testcase classname="create_formatted_resistance_string_tests.CreateFormattedResistanceStringTests" name="testCreateFormattedResistanceStringFourBandWhiteBlueVioletGreen" time="0.000" timestamp="2018-10-19T20:33:01"/>
	<testcase classname="create_formatted_resistance_string_tests.CreateFormattedResistanceStringTests" name="testCreateFormattedResistanceStringFourBandWhiteBlueVioletGrey" time="0.000" timestamp="2018-10-19T20:33:01"/>
	<testcase classname="create_formatted_resistance_string_tests.CreateFormattedResistanceStringTests" name="testCreateFormattedResistanceStringFourBandWhiteBlueVioletNone" time="0.000" timestamp="2018-10-19T20:33:01"/>
	<testcase classname="create_formatted_resistance_string_tests.CreateFormattedResistanceStringTests" name="testCreateFormattedResistanceStringFourBandWhiteBlueVioletRed" time="0.000" timestamp="2018-10-19T20:33:01"/>
	<testcase classname="create_formatted_resistance_string_tests.CreateFormattedResistanceStringTests" name="testCreateFormattedResistanceStringFourBandWhiteBlueVioletSilver" time="0.000" timestamp="2018-10-19T20:33:01"/>
	<testcase classname="create_formatted_resistance_string_tests.CreateFormattedResistanceStringTests" name="testCreateFormattedResistanceStringFourBandWhiteBlueVioletViolet" time="0.000" timestamp="2018-10-19T20:33:01"/>
	<testcase classname="create_formatted_resistance_string_tests.CreateFormattedResistanceStringTests" name="testCreateFormattedResistanceStringFourBandWhiteBlueWhiteBlue" time="0.000" timestamp="2018-10-19T20:33:01"/>
	<testcase classname="create_formatted_resistance_string_tests.CreateFormattedResistanceStringTests" name="testCreateFormattedResistanceStringFourBandWhiteBlueWhiteBrown" time="0.000" timestamp="2018-10-19T20:33:01"/>
	<testcase classname="create_formatted_resistance_string_tests.CreateFormattedResistanceStringTests" name="testCreateFormattedResistanceStringFourBandWhiteBlueWhiteGold" time="0.000" timestamp="2018-10-19T20:33:01"/>
	<testcase classname="create_formatted_resistance_string_tests.CreateFormattedResistanceStringTests" name="testCreateFormattedResistanceStringFourBandWhiteBlueWhiteGreen" time="0.000" timestamp="2018-10-19T20:33:01"/>
	<testcase classname="create_formatted_resistance_string_tests.CreateFormattedResistanceStringTests" name="testCreateFormattedResistanceStringFourBandWhiteBlueWhiteGrey" time="0.000" timestamp="2018-10-19T20:33:01"/>
	<testcase classname="create_formatted_resistance_string_tests.CreateFormattedResistanceStringTests" name="testCreateFormattedResistanceStringFourBandWhiteBlueWhiteNone" time="0.000" timestamp="2018-10-19T20:33:01"/>
	<testcase classname="create_formatted_resistance_string_tests.CreateFormattedResistanceStringTests" name="testCreateFormattedResistanceStringFourBandWhiteBlueWhiteRed" time="0.000" timestamp="2018-10-19T20:33:01"/>
	<testcase classname="create_formatted_resistance_string_tests.CreateFormattedResistanceStringTests" name="testCreateFormattedResistanceStringFourBandWhiteBlueWhiteSilver" time="0.000" timestamp="2018-10-19T20:33:01"/>
	<testcase classname="create_formatted_resistance_string_tests.CreateFormattedResistanceStringTests" name="testCreateFormattedResistanceStringFourBandWhiteBlueWhiteViolet" time="0.000" timestamp="2018-10-19T20:33:01"/>
	<testcase classname="create_formatted_resistance_string_tests.CreateFormattedResistanceStringTests" name="testCreateFormattedResistanceStringFourBandWhiteBlueYellowBlue" time="0.000" timestamp="2018-10-19T20:33:01"/>
	<testcase classname="create_formatted_resistance_string_tests.CreateFormattedResistanceStringTests" name="testCreateFormattedResistanceStringFourBandWhiteBlueYellowBrown" time="0.000" timestamp="2018-10-19T20:33:01"/>
	<testcase classname="create_formatted_resistance_string_tests.CreateFormattedResistanceStringTests" name="testCreateFormattedResistanceStringFourBandWhiteBlueYellowGold" time="0.000" timestamp="2018-10-19T20:33:01"/>
	<testcase classname="create_formatted_resistance_string_tests.CreateFormattedResistanceStringTests" name="testCreateFormattedResistanceStringFourBandWhiteBlueYellowGreen" time="0.000" timestamp="2018-10-19T20:33:01"/>
	<testcase classname="create_formatted_resistance_string_tests.CreateFormattedResistanceStringTests" name="testCreateFormattedResistanceStringFourBandWhiteBlueYellowGrey" time="0.000" timestamp="2018-10-19T20:33:01"/>
	<testcase classname="create_formatted_resistance_string_tests.CreateFormattedResistanceStringTests" name="testCreateFormattedResistanceStringFourBandWhiteBlueYellowNone" time="0.000" timestamp="2018-10-19T20:33:01"/>
	<testcase classname="create_formatted_resistance_string_tests.CreateFormattedResistanceStringTests" name="testCreateFormattedResistanceStringFourBandWhiteBlueYellowRed" time="0.000" timestamp="2018-10-19T20:33:01"/>
	<testcase classname="create_formatted_resistance_string_tests.CreateFormattedResistanceStringTests" name="testCreateFormattedResistanceStringFourBandWhiteBlueYellowSilver" time="0.000" timestamp="2018-10-19T20:33:01"/>
	<testcase classname="create_formatted_resistance_string_tests.CreateFormattedResistanceStringTests" name="testCreateFormattedResistanceStringFourBandWhiteBlueYellowViolet" time="0.000" timestamp="2018-10-19T20:33:01"/>
	<testcase classname="create_formatted_resistance_string_tests.CreateFormattedResistanceStringTests" name="testCreateFormattedResistanceStringFourBandWhiteBrownBlackBlue" time="0.000" timestamp="2018-10-19T20:33:01"/>
	<testcase classname="create_formatted_resistance_string_tests.CreateFormattedResistanceStringTests" name="testCreateFormattedResistanceStringFourBandWhiteBrownBlackBrown" time="0.000" timestamp="2018-10-19T20:33:01"/>
	<testcase classname="create_formatted_resistance_string_tests.CreateFormattedResistanceStringTests" name="testCreateFormattedResistanceStringFourBandWhiteBrownBlackGold" time="0.000" timestamp="2018-10-19T20:33:01"/>
	<testcase classname="create_formatted_resistance_string_tests.CreateFormattedResistanceStringTests" name="testCreateFormattedResistanceStringFourBandWhiteBrownBlackGreen" time="0.000" timestamp="2018-10-19T20:33:01"/>
	<testcase classname="create_formatted_resistance_string_tests.CreateFormattedResistanceStringTests" name="testCreateFormattedResistanceStringFourBandWhiteBrownBlackGrey" time="0.000" timestamp="2018-10-19T20:33:01"/>
	<testcase classname="create_formatted_resistance_string_tests.CreateFormattedResistanceStringTests" name="testCreateFormattedResistanceStringFourBandWhiteBrownBlackNone" time="0.000" timestamp="2018-10-19T20:33:01"/>
	<testcase classname="create_formatted_resistance_string_tests.CreateFormattedResistanceStringTests" name="testCreateFormattedResistanceStringFourBandWhiteBrownBlackRed" time="0.000" timestamp="2018-10-19T20:33:01"/>
	<testcase classname="create_formatted_resistance_string_tests.CreateFormattedResistanceStringTests" name="testCreateFormattedResistanceStringFourBandWhiteBrownBlackSilver" time="0.000" timestamp="2018-10-19T20:33:01"/>
	<testcase classname="create_formatted_resistance_string_tests.CreateFormattedResistanceStringTests" name="testCreateFormattedResistanceStringFourBandWhiteBrownBlackViolet" time="0.000" timestamp="2018-10-19T20:33:01"/>
	<testcase classname="create_formatted_resistance_string_tests.CreateFormattedResistanceStringTests" name="testCreateFormattedResistanceStringFourBandWhiteBrownBlueBlue" time="0.000" timestamp="2018-10-19T20:33:01"/>
	<testcase classname="create_formatted_resistance_string_tests.CreateFormattedResistanceStringTests" name="testCreateFormattedResistanceStringFourBandWhiteBrownBlueBrown" time="0.000" timestamp="2018-10-19T20:33:01"/>
	<testcase classname="create_formatted_resistance_string_tests.CreateFormattedResistanceStringTests" name="testCreateFormattedResistanceStringFourBandWhiteBrownBlueGold" time="0.000" timestamp="2018-10-19T20:33:01"/>
	<testcase classname="create_formatted_resistance_string_tests.CreateFormattedResistanceStringTests" name="testCreateFormattedResistanceStringFourBandWhiteBrownBlueGreen" time="0.000" timestamp="2018-10-19T20:33:01"/>
	<testcase classname="create_formatted_resistance_string_tests.CreateFormattedResistanceStringTests" name="testCreateFormattedResistanceStringFourBandWhiteBrownBlueGrey" time="0.000" timestamp="2018-10-19T20:33:01"/>
	<testcase classname="create_formatted_resistance_string_tests.CreateFormattedResistanceStringTests" name="testCreateFormattedResistanceStringFourBandWhiteBrownBlueNone" time="0.000" timestamp="2018-10-19T20:33:01"/>
	<testcase classname="create_formatted_resistance_string_tests.CreateFormattedResistanceStringTests" name="testCreateFormattedResistanceStringFourBandWhiteBrownBlueRed" time="0.000" timestamp="2018-10-19T20:33:01"/>
	<testcase classname="create_formatted_resistance_string_tests.CreateFormattedResistanceStringTests" name="testCreateFormattedResistanceStringFourBandWhiteBrownBlueSilver" time="0.000" timestamp="2018-10-19T20:33:01"/>
	<testcase classname="create_formatted_resistance_string_tests.CreateFormattedResistanceStringTests" name="testCreateFormattedResistanceStringFourBandWhiteBrownBlueViolet" time="0.000" timestamp="2018-10-19T20:33:01"/>
	<testcase classname="create_formatted_resistance_string_tests.CreateFormattedResistanceStringTests" name="testCreateFormattedResistanceStringFourBandWhiteBrownBrownBlue" time="0.000" timestamp="2018-10-19T20:33:01"/>
	<testcase classname="create_formatted_resistance_string_tests.CreateFormattedResistanceStringTests" name="testCreateFormattedResistanceStringFourBandWhiteBrownBrownBrown" time="0.000" timestamp="2018-10-19T20:33:01"/>
	<testcase classname="create_formatted_resistance_string_tests.CreateFormattedResistanceStringTests" name="testCreateFormattedResistanceStringFourBandWhiteBrownBrownGold" time="0.000" timestamp="2018-10-19T20:33:01"/>
	<testcase classname="create_formatted_resistance_string_tests.CreateFormattedResistanceStringTests" name="testCreateFormattedResistanceStringFourBandWhiteBrownBrownGreen" time="0.000" timestamp="2018-10-19T20:33:01"/>
	<testcase classname="create_formatted_resistance_string_tests.CreateFormattedResistanceStringTests" name="testCreateFormattedResistanceStringFourBandWhiteBrownBrownGrey" time="0.000" timestamp="2018-10-19T20:33:01"/>
	<testcase classname="create_formatted_resistance_string_tests.CreateFormattedResistanceStringTests" name="testCreateFormattedResistanceStringFourBandWhiteBrownBrownNone" time="0.000" timestamp="2018-10-19T20:33:01"/>
	<testcase classname="create_formatted_resistance_string_tests.CreateFormattedResistanceStringTests" name="testCreateFormattedResistanceStringFourBandWhiteBrownBrownRed" time="0.000" timestamp="2018-10-19T20:33:01"/>
	<testcase classname="create_formatted_resistance_string_tests.CreateFormattedResistanceStringTests" name="testCreateFormattedResistanceStringFourBandWhiteBrownBrownSilver" time="0.000" timestamp="2018-10-19T20:33:01"/>
	<testcase classname="create_formatted_resistance_string_tests.CreateFormattedResistanceStringTests" name="testCreateFormattedResistanceStringFourBandWhiteBrownBrownViolet" time="0.000" timestamp="2018-10-19T20:33:01"/>
	<testcase classname="create_formatted_resistance_string_tests.CreateFormattedResistanceStringTests" name="testCreateFormattedResistanceStringFourBandWhiteBrownGoldBlue" time="0.000" timestamp="2018-10-19T20:33:01"/>
	<testcase classname="create_formatted_resistance_string_tests.CreateFormattedResistanceStringTests" name="testCreateFormattedResistanceStringFourBandWhiteBrownGoldBrown" time="0.000" timestamp="2018-10-19T20:33:01"/>
	<testcase classname="create_formatted_resistance_string_tests.CreateFormattedResistanceStringTests" name="testCreateFormattedResistanceStringFourBandWhiteBrownGoldGold" time="0.000" timestamp="2018-10-19T20:33:01"/>
	<testcase classname="create_formatted_resistance_string_tests.CreateFormattedResistanceStringTests" name="testCreateFormattedResistanceStringFourBandWhiteBrownGoldGreen" time="0.000" timestamp="2018-10-19T20:33:01"/>
	<testcase classname="create_formatted_resistance_string_tests.CreateFormattedResistanceStringTests" name="testCreateFormattedResistanceStringFourBandWhiteBrownGoldGrey" time="0.000" timestamp="2018-10-19T20:33:01"/>
	<testcase classname="create_formatted_resistance_string_tests.CreateFormattedResistanceStringTests" name="testCreateFormattedResistanceStringFourBandWhiteBrownGoldNone" time="0.000" timestamp="2018-10-19T20:33:01"/>
	<testcase classname="create_formatted_resistance_string_tests.CreateFormattedResistanceStringTests" name="testCreateFormattedResistanceStringFourBandWhiteBrownGoldRed" time="0.000" timestamp="2018-10-19T20:33:01"/>
	<testcase classname="create_formatted_resistance_string_tests.CreateFormattedResistanceStringTests" name="testCreateFormattedResistanceStringFourBandWhiteBrownGoldSilver" time="0.000" timestamp="2018-10-19T20:33:01"/>
	<testcase classname="create_formatted_resistance_string_tests.CreateFormattedResistanceStringTests" name="testCreateFormattedResistanceStringFourBandWhiteBrownGoldViolet" time="0.000" timestamp="2018-10-19T20:33:01"/>
	<testcase classname="create_formatted_resistance_string_tests.CreateFormattedResistanceStringTests" name="testCreateFormattedResistanceStringFourBandWhiteBrownGreenBlue" time="0.000" timestamp="2018-10-19T20:33:01"/>
	<testcase classname="create_formatted_resistance_string_tests.CreateFormattedResistanceStringTests" name="testCreateFormattedResistanceStringFourBandWhiteBrownGreenBrown" time="0.000" timestamp="2018-10-19T20:33:01"/>
	<testcase classname="create_formatted_resistance_string_tests.CreateFormattedResistanceStringTests" name="testCreateFormattedResistanceStringFourBandWhiteBrownGreenGold" time="0.000" timestamp="2018-10-19T20:33:01"/>
	<testcase classname="create_formatted_resistance_string_tests.CreateFormattedResistanceStringTests" name="testCreateFormattedResistanceStringFourBandWhiteBrownGreenGreen" time="0.000" timestamp="2018-10-19T20:33:01"/>
	<testcase classname="create_formatted_resistance_string_tests.CreateFormattedResistanceStringTests" name="testCreateFormattedResistanceStringFourBandWhiteBrownGreenGrey" time="0.000" timestamp="2018-10-19T20:33:01"/>
	<testcase classname="create_formatted_resistance_string_tests.CreateFormattedResistanceStringTests" name="testCreateFormattedResistanceStringFourBandWhiteBrownGreenNone" time="0.000" timestamp="2018-10-19T20:33:01"/>
	<testcase classname="create_formatted_resistance_string_tests.CreateFormattedResistanceStringTests" name="testCreateFormattedResistanceStringFourBandWhiteBrownGreenRed" time="0.000" timestamp="2018-10-19T20:33:01"/>
	<testcase classname="create_formatted_resistance_string_tests.CreateFormattedResistanceStringTests" name="testCreateFormattedResistanceStringFourBandWhiteBrownGreenSilver" time="0.000" timestamp="2018-10-19T20:33:01"/>
	<testcase classname="create_formatted_resistance_string_tests.CreateFormattedResistanceStringTests" name="testCreateFormattedResistanceStringFourBandWhiteBrownGreenViolet" time="0.000" timestamp="2018-10-19T20:33:01"/>
	<testcase classname="create_formatted_resistance_string_tests.CreateFormattedResistanceStringTests" name="testCreateFormattedResistanceStringFourBandWhiteBrownGreyBlue" time="0.000" timestamp="2018-10-19T20:33:01"/>
	<testcase classname="create_formatted_resistance_string_tests.CreateFormattedResistanceStringTests" name="testCreateFormattedResistanceStringFourBandWhiteBrownGreyBrown" time="0.000" timestamp="2018-10-19T20:33:01"/>
	<testcase classname="create_formatted_resistance_string_tests.CreateFormattedResistanceStringTests" name="testCreateFormattedResistanceStringFourBandWhiteBrownGreyGold" time="0.000" timestamp="2018-10-19T20:33:01"/>
	<testcase classname="create_formatted_resistance_string_tests.CreateFormattedResistanceStringTests" name="testCreateFormattedResistanceStringFourBandWhiteBrownGreyGreen" time="0.000" timestamp="2018-10-19T20:33:01"/>
	<testcase classname="create_formatted_resistance_string_tests.CreateFormattedResistanceStringTests" name="testCreateFormattedResistanceStringFourBandWhiteBrownGreyGrey" time="0.000" timestamp="2018-10-19T20:33:01"/>
	<testcase classname="create_formatted_resistance_string_tests.CreateFormattedResistanceStringTests" name="testCreateFormattedResistanceStringFourBandWhiteBrownGreyNone" time="0.000" timestamp="2018-10-19T20:33:01"/>
	<testcase classname="create_formatted_resistance_string_tests.CreateFormattedResistanceStringTests" name="testCreateFormattedResistanceStringFourBandWhiteBrownGreyRed" time="0.000" timestamp="2018-10-19T20:33:01"/>
	<testcase classname="create_formatted_resistance_string_tests.CreateFormattedResistanceStringTests" name="testCreateFormattedResistanceStringFourBandWhiteBrownGreySilver" time="0.000" timestamp="2018-10-19T20:33:01"/>
	<testcase classname="create_formatted_resistance_string_tests.CreateFormattedResistanceStringTests" name="testCreateFormattedResistanceStringFourBandWhiteBrownGreyViolet" time="0.000" timestamp="2018-10-19T20:33:01"/>
	<testcase classname="create_formatted_resistance_string_tests.CreateFormattedResistanceStringTests" name="testCreateFormattedResistanceStringFourBandWhiteBrownOrangeBlue" time="0.000" timestamp="2018-10-19T20:33:01"/>
	<testcase classname="create_formatted_resistance_string_tests.CreateFormattedResistanceStringTests" name="testCreateFormattedResistanceStringFourBandWhiteBrownOrangeBrown" time="0.000" timestamp="2018-10-19T20:33:01"/>
	<testcase classname="create_formatted_resistance_string_tests.CreateFormattedResistanceStringTests" name="testCreateFormattedResistanceStringFourBandWhiteBrownOrangeGold" time="0.000" timestamp="2018-10-19T20:33:01"/>
	<testcase classname="create_formatted_resistance_string_tests.CreateFormattedResistanceStringTests" name="testCreateFormattedResistanceStringFourBandWhiteBrownOrangeGreen" time="0.000" timestamp="2018-10-19T20:33:01"/>
	<testcase classname="create_formatted_resistance_string_tests.CreateFormattedResistanceStringTests" name="testCreateFormattedResistanceStringFourBandWhiteBrownOrangeGrey" time="0.000" timestamp="2018-10-19T20:33:01"/>
	<testcase classname="create_formatted_resistance_string_tests.CreateFormattedResistanceStringTests" name="testCreateFormattedResistanceStringFourBandWhiteBrownOrangeNone" time="0.000" timestamp="2018-10-19T20:33:01"/>
	<testcase classname="create_formatted_resistance_string_tests.CreateFormattedResistanceStringTests" name="testCreateFormattedResistanceStringFourBandWhiteBrownOrangeRed" time="0.000" timestamp="2018-10-19T20:33:01"/>
	<testcase classname="create_formatted_resistance_string_tests.CreateFormattedResistanceStringTests" name="testCreateFormattedResistanceStringFourBandWhiteBrownOrangeSilver" time="0.000" timestamp="2018-10-19T20:33:01"/>
	<testcase classname="create_formatted_resistance_string_tests.CreateFormattedResistanceStringTests" name="testCreateFormattedResistanceStringFourBandWhiteBrownOrangeViolet" time="0.000" timestamp="2018-10-19T20:33:01"/>
	<testcase classname="create_formatted_resistance_string_tests.CreateFormattedResistanceStringTests" name="testCreateFormattedResistanceStringFourBandWhiteBrownRedBlue" time="0.000" timestamp="2018-10-19T20:33:01"/>
	<testcase classname="create_formatted_resistance_string_tests.CreateFormattedResistanceStringTests" name="testCreateFormattedResistanceStringFourBandWhiteBrownRedBrown" time="0.000" timestamp="2018-10-19T20:33:01"/>
	<testcase classname="create_formatted_resistance_string_tests.CreateFormattedResistanceStringTests" name="testCreateFormattedResistanceStringFourBandWhiteBrownRedGold" time="0.000" timestamp="2018-10-19T20:33:01"/>
	<testcase classname="create_formatted_resistance_string_tests.CreateFormattedResistanceStringTests" name="testCreateFormattedResistanceStringFourBandWhiteBrownRedGreen" time="0.000" timestamp="2018-10-19T20:33:01"/>
	<testcase classname="create_formatted_resistance_string_tests.CreateFormattedResistanceStringTests" name="testCreateFormattedResistanceStringFourBandWhiteBrownRedGrey" time="0.000" timestamp="2018-10-19T20:33:01"/>
	<testcase classname="create_formatted_resistance_string_tests.CreateFormattedResistanceStringTests" name="testCreateFormattedResistanceStringFourBandWhiteBrownRedNone" time="0.000" timestamp="2018-10-19T20:33:01"/>
	<testcase classname="create_formatted_resistance_string_tests.CreateFormattedResistanceStringTests" name="testCreateFormattedResistanceStringFourBandWhiteBrownRedRed" time="0.000" timestamp="2018-10-19T20:33:01"/>
	<testcase classname="create_formatted_resistance_string_tests.CreateFormattedResistanceStringTests" name="testCreateFormattedResistanceStringFourBandWhiteBrownRedSilver" time="0.000" timestamp="2018-10-19T20:33:01"/>
	<testcase classname="create_formatted_resistance_string_tests.CreateFormattedResistanceStringTests" name="testCreateFormattedResistanceStringFourBandWhiteBrownRedViolet" time="0.000" timestamp="2018-10-19T20:33:01"/>
	<testcase classname="create_formatted_resistance_string_tests.CreateFormattedResistanceStringTests" name="testCreateFormattedResistanceStringFourBandWhiteBrownSilverBlue" time="0.000" timestamp="2018-10-19T20:33:01"/>
	<testcase classname="create_formatted_resistance_string_tests.CreateFormattedResistanceStringTests" name="testCreateFormattedResistanceStringFourBandWhiteBrownSilverBrown" time="0.000" timestamp="2018-10-19T20:33:01"/>
	<testcase classname="create_formatted_resistance_string_tests.CreateFormattedResistanceStringTests" name="testCreateFormattedResistanceStringFourBandWhiteBrownSilverGold" time="0.000" timestamp="2018-10-19T20:33:01"/>
	<testcase classname="create_formatted_resistance_string_tests.CreateFormattedResistanceStringTests" name="testCreateFormattedResistanceStringFourBandWhiteBrownSilverGreen" time="0.000" timestamp="2018-10-19T20:33:01"/>
	<testcase classname="create_formatted_resistance_string_tests.CreateFormattedResistanceStringTests" name="testCreateFormattedResistanceStringFourBandWhiteBrownSilverGrey" time="0.000" timestamp="2018-10-19T20:33:01"/>
	<testcase classname="create_formatted_resistance_string_tests.CreateFormattedResistanceStringTests" name="testCreateFormattedResistanceStringFourBandWhiteBrownSilverNone" time="0.000" timestamp="2018-10-19T20:33:01"/>
	<testcase classname="create_formatted_resistance_string_tests.CreateFormattedResistanceStringTests" name="testCreateFormattedResistanceStringFourBandWhiteBrownSilverRed" time="0.000" timestamp="2018-10-19T20:33:01"/>
	<testcase classname="create_formatted_resistance_string_tests.CreateFormattedResistanceStringTests" name="testCreateFormattedResistanceStringFourBandWhiteBrownSilverSilver" time="0.000" timestamp="2018-10-19T20:33:01"/>
	<testcase classname="create_formatted_resistance_string_tests.CreateFormattedResistanceStringTests" name="testCreateFormattedResistanceStringFourBandWhiteBrownSilverViolet" time="0.000" timestamp="2018-10-19T20:33:01"/>
	<testcase classname="create_formatted_resistance_string_tests.CreateFormattedResistanceStringTests" name="testCreateFormattedResistanceStringFourBandWhiteBrownVioletBlue" time="0.000" timestamp="2018-10-19T20:33:01"/>
	<testcase classname="create_formatted_resistance_string_tests.CreateFormattedResistanceStringTests" name="testCreateFormattedResistanceStringFourBandWhiteBrownVioletBrown" time="0.000" timestamp="2018-10-19T20:33:01"/>
	<testcase classname="create_formatted_resistance_string_tests.CreateFormattedResistanceStringTests" name="testCreateFormattedResistanceStringFourBandWhiteBrownVioletGold" time="0.000" timestamp="2018-10-19T20:33:01"/>
	<testcase classname="create_formatted_resistance_string_tests.CreateFormattedResistanceStringTests" name="testCreateFormattedResistanceStringFourBandWhiteBrownVioletGreen" time="0.000" timestamp="2018-10-19T20:33:01"/>
	<testcase classname="create_formatted_resistance_string_tests.CreateFormattedResistanceStringTests" name="testCreateFormattedResistanceStringFourBandWhiteBrownVioletGrey" time="0.000" timestamp="2018-10-19T20:33:01"/>
	<testcase classname="create_formatted_resistance_string_tests.CreateFormattedResistanceStringTests" name="testCreateFormattedResistanceStringFourBandWhiteBrownVioletNone" time="0.000" timestamp="2018-10-19T20:33:01"/>
	<testcase classname="create_formatted_resistance_string_tests.CreateFormattedResistanceStringTests" name="testCreateFormattedResistanceStringFourBandWhiteBrownVioletRed" time="0.000" timestamp="2018-10-19T20:33:01"/>
	<testcase classname="create_formatted_resistance_string_tests.CreateFormattedResistanceStringTests" name="testCreateFormattedResistanceStringFourBandWhiteBrownVioletSilver" time="0.000" timestamp="2018-10-19T20:33:01"/>
	<testcase classname="create_formatted_resistance_string_tests.CreateFormattedResistanceStringTests" name="testCreateFormattedResistanceStringFourBandWhiteBrownVioletViolet" time="0.000" timestamp="2018-10-19T20:33:01"/>
	<testcase classname="create_formatted_resistance_string_tests.CreateFormattedResistanceStringTests" name="testCreateFormattedResistanceStringFourBandWhiteBrownWhiteBlue" time="0.000" timestamp="2018-10-19T20:33:01"/>
	<testcase classname="create_formatted_resistance_string_tests.CreateFormattedResistanceStringTests" name="testCreateFormattedResistanceStringFourBandWhiteBrownWhiteBrown" time="0.000" timestamp="2018-10-19T20:33:01"/>
	<testcase classname="create_formatted_resistance_string_tests.CreateFormattedResistanceStringTests" name="testCreateFormattedResistanceStringFourBandWhiteBrownWhiteGold" time="0.000" timestamp="2018-10-19T20:33:01"/>
	<testcase classname="create_formatted_resistance_string_tests.CreateFormattedResistanceStringTests" name="testCreateFormattedResistanceStringFourBandWhiteBrownWhiteGreen" time="0.000" timestamp="2018-10-19T20:33:01"/>
	<testcase classname="create_formatted_resistance_string_tests.CreateFormattedResistanceStringTests" name="testCreateFormattedResistanceStringFourBandWhiteBrownWhiteGrey" time="0.000" timestamp="2018-10-19T20:33:01"/>
	<testcase classname="create_formatted_resistance_string_tests.CreateFormattedResistanceStringTests" name="testCreateFormattedResistanceStringFourBandWhiteBrownWhiteNone" time="0.000" timestamp="2018-10-19T20:33:01"/>
	<testcase classname="create_formatted_resistance_string_tests.CreateFormattedResistanceStringTests" name="testCreateFormattedResistanceStringFourBandWhiteBrownWhiteRed" time="0.000" timestamp="2018-10-19T20:33:01"/>
	<testcase classname="create_formatted_resistance_string_tests.CreateFormattedResistanceStringTests" name="testCreateFormattedResistanceStringFourBandWhiteBrownWhiteSilver" time="0.000" timestamp="2018-10-19T20:33:01"/>
	<testcase classname="create_formatted_resistance_string_tests.CreateFormattedResistanceStringTests" name="testCreateFormattedResistanceStringFourBandWhiteBrownWhiteViolet" time="0.000" timestamp="2018-10-19T20:33:01"/>
	<testcase classname="create_formatted_resistance_string_tests.CreateFormattedResistanceStringTests" name="testCreateFormattedResistanceStringFourBandWhiteBrownYellowBlue" time="0.000" timestamp="2018-10-19T20:33:01"/>
	<testcase classname="create_formatted_resistance_string_tests.CreateFormattedResistanceStringTests" name="testCreateFormattedResistanceStringFourBandWhiteBrownYellowBrown" time="0.000" timestamp="2018-10-19T20:33:01"/>
	<testcase classname="create_formatted_resistance_string_tests.CreateFormattedResistanceStringTests" name="testCreateFormattedResistanceStringFourBandWhiteBrownYellowGold" time="0.000" timestamp="2018-10-19T20:33:01"/>
	<testcase classname="create_formatted_resistance_string_tests.CreateFormattedResistanceStringTests" name="testCreateFormattedResistanceStringFourBandWhiteBrownYellowGreen" time="0.000" timestamp="2018-10-19T20:33:01"/>
	<testcase classname="create_formatted_resistance_string_tests.CreateFormattedResistanceStringTests" name="testCreateFormattedResistanceStringFourBandWhiteBrownYellowGrey" time="0.000" timestamp="2018-10-19T20:33:01"/>
	<testcase classname="create_formatted_resistance_string_tests.CreateFormattedResistanceStringTests" name="testCreateFormattedResistanceStringFourBandWhiteBrownYellowNone" time="0.000" timestamp="2018-10-19T20:33:01"/>
	<testcase classname="create_formatted_resistance_string_tests.CreateFormattedResistanceStringTests" name="testCreateFormattedResistanceStringFourBandWhiteBrownYellowRed" time="0.000" timestamp="2018-10-19T20:33:01"/>
	<testcase classname="create_formatted_resistance_string_tests.CreateFormattedResistanceStringTests" name="testCreateFormattedResistanceStringFourBandWhiteBrownYellowSilver" time="0.000" timestamp="2018-10-19T20:33:01"/>
	<testcase classname="create_formatted_resistance_string_tests.CreateFormattedResistanceStringTests" name="testCreateFormattedResistanceStringFourBandWhiteBrownYellowViolet" time="0.000" timestamp="2018-10-19T20:33:01"/>
	<testcase classname="create_formatted_resistance_string_tests.CreateFormattedResistanceStringTests" name="testCreateFormattedResistanceStringFourBandWhiteGreenBlackBlue" time="0.000" timestamp="2018-10-19T20:33:01"/>
	<testcase classname="create_formatted_resistance_string_tests.CreateFormattedResistanceStringTests" name="testCreateFormattedResistanceStringFourBandWhiteGreenBlackBrown" time="0.000" timestamp="2018-10-19T20:33:01"/>
	<testcase classname="create_formatted_resistance_string_tests.CreateFormattedResistanceStringTests" name="testCreateFormattedResistanceStringFourBandWhiteGreenBlackGold" time="0.000" timestamp="2018-10-19T20:33:01"/>
	<testcase classname="create_formatted_resistance_string_tests.CreateFormattedResistanceStringTests" name="testCreateFormattedResistanceStringFourBandWhiteGreenBlackGreen" time="0.000" timestamp="2018-10-19T20:33:01"/>
	<testcase classname="create_formatted_resistance_string_tests.CreateFormattedResistanceStringTests" name="testCreateFormattedResistanceStringFourBandWhiteGreenBlackGrey" time="0.000" timestamp="2018-10-19T20:33:01"/>
	<testcase classname="create_formatted_resistance_string_tests.CreateFormattedResistanceStringTests" name="testCreateFormattedResistanceStringFourBandWhiteGreenBlackNone" time="0.000" timestamp="2018-10-19T20:33:01"/>
	<testcase classname="create_formatted_resistance_string_tests.CreateFormattedResistanceStringTests" name="testCreateFormattedResistanceStringFourBandWhiteGreenBlackRed" time="0.000" timestamp="2018-10-19T20:33:01"/>
	<testcase classname="create_formatted_resistance_string_tests.CreateFormattedResistanceStringTests" name="testCreateFormattedResistanceStringFourBandWhiteGreenBlackSilver" time="0.000" timestamp="2018-10-19T20:33:01"/>
	<testcase classname="create_formatted_resistance_string_tests.CreateFormattedResistanceStringTests" name="testCreateFormattedResistanceStringFourBandWhiteGreenBlackViolet" time="0.000" timestamp="2018-10-19T20:33:01"/>
	<testcase classname="create_formatted_resistance_string_tests.CreateFormattedResistanceStringTests" name="testCreateFormattedResistanceStringFourBandWhiteGreenBlueBlue" time="0.000" timestamp="2018-10-19T20:33:01"/>
	<testcase classname="create_formatted_resistance_string_tests.CreateFormattedResistanceStringTests" name="testCreateFormattedResistanceStringFourBandWhiteGreenBlueBrown" time="0.000" timestamp="2018-10-19T20:33:01"/>
	<testcase classname="create_formatted_resistance_string_tests.CreateFormattedResistanceStringTests" name="testCreateFormattedResistanceStringFourBandWhiteGreenBlueGold" time="0.000" timestamp="2018-10-19T20:33:01"/>
	<testcase classname="create_formatted_resistance_string_tests.CreateFormattedResistanceStringTests" name="testCreateFormattedResistanceStringFourBandWhiteGreenBlueGreen" time="0.000" timestamp="2018-10-19T20:33:01"/>
	<testcase classname="create_formatted_resistance_string_tests.CreateFormattedResistanceStringTests" name="testCreateFormattedResistanceStringFourBandWhiteGreenBlueGrey" time="0.000" timestamp="2018-10-19T20:33:01"/>
	<testcase classname="create_formatted_resistance_string_tests.CreateFormattedResistanceStringTests" name="testCreateFormattedResistanceStringFourBandWhiteGreenBlueNone" time="0.000" timestamp="2018-10-19T20:33:01"/>
	<testcase classname="create_formatted_resistance_string_tests.CreateFormattedResistanceStringTests" name="testCreateFormattedResistanceStringFourBandWhiteGreenBlueRed" time="0.000" timestamp="2018-10-19T20:33:01"/>
	<testcase classname="create_formatted_resistance_string_tests.CreateFormattedResistanceStringTests" name="testCreateFormattedResistanceStringFourBandWhiteGreenBlueSilver" time="0.000" timestamp="2018-10-19T20:33:01"/>
	<testcase classname="create_formatted_resistance_string_tests.CreateFormattedResistanceStringTests" name="testCreateFormattedResistanceStringFourBandWhiteGreenBlueViolet" time="0.000" timestamp="2018-10-19T20:33:01"/>
	<testcase classname="create_formatted_resistance_string_tests.CreateFormattedResistanceStringTests" name="testCreateFormattedResistanceStringFourBandWhiteGreenBrownBlue" time="0.000" timestamp="2018-10-19T20:33:01"/>
	<testcase classname="create_formatted_resistance_string_tests.CreateFormattedResistanceStringTests" name="testCreateFormattedResistanceStringFourBandWhiteGreenBrownBrown" time="0.000" timestamp="2018-10-19T20:33:01"/>
	<testcase classname="create_formatted_resistance_string_tests.CreateFormattedResistanceStringTests" name="testCreateFormattedResistanceStringFourBandWhiteGreenBrownGold" time="0.000" timestamp="2018-10-19T20:33:01"/>
	<testcase classname="create_formatted_resistance_string_tests.CreateFormattedResistanceStringTests" name="testCreateFormattedResistanceStringFourBandWhiteGreenBrownGreen" time="0.000" timestamp="2018-10-19T20:33:01"/>
	<testcase classname="create_formatted_resistance_string_tests.CreateFormattedResistanceStringTests" name="testCreateFormattedResistanceStringFourBandWhiteGreenBrownGrey" time="0.000" timestamp="2018-10-19T20:33:01"/>
	<testcase classname="create_formatted_resistance_string_tests.CreateFormattedResistanceStringTests" name="testCreateFormattedResistanceStringFourBandWhiteGreenBrownNone" time="0.000" timestamp="2018-10-19T20:33:01"/>
	<testcase classname="create_formatted_resistance_string_tests.CreateFormattedResistanceStringTests" name="testCreateFormattedResistanceStringFourBandWhiteGreenBrownRed" time="0.000" timestamp="2018-10-19T20:33:01"/>
	<testcase classname="create_formatted_resistance_string_tests.CreateFormattedResistanceStringTests" name="testCreateFormattedResistanceStringFourBandWhiteGreenBrownSilver" time="0.000" timestamp="2018-10-19T20:33:01"/>
	<testcase classname="create_formatted_resistance_string_tests.CreateFormattedResistanceStringTests" name="testCreateFormattedResistanceStringFourBandWhiteGreenBrownViolet" time="0.000" timestamp="2018-10-19T20:33:01"/>
	<testcase classname="create_formatted_resistance_string_tests.CreateFormattedResistanceStringTests" name="testCreateFormattedResistanceStringFourBandWhiteGreenGoldBlue" time="0.000" timestamp="2018-10-19T20:33:01"/>
	<testcase classname="create_formatted_resistance_string_tests.CreateFormattedResistanceStringTests" name="testCreateFormattedResistanceStringFourBandWhiteGreenGoldBrown" time="0.000" timestamp="2018-10-19T20:33:01"/>
	<testcase classname="create_formatted_resistance_string_tests.CreateFormattedResistanceStringTests" name="testCreateFormattedResistanceStringFourBandWhiteGreenGoldGold" time="0.000" timestamp="2018-10-19T20:33:01"/>
	<testcase classname="create_formatted_resistance_string_tests.CreateFormattedResistanceStringTests" name="testCreateFormattedResistanceStringFourBandWhiteGreenGoldGreen" time="0.000" timestamp="2018-10-19T20:33:01"/>
	<testcase classname="create_formatted_resistance_string_tests.CreateFormattedResistanceStringTests" name="testCreateFormattedResistanceStringFourBandWhiteGreenGoldGrey" time="0.000" timestamp="2018-10-19T20:33:01"/>
	<testcase classname="create_formatted_resistance_string_tests.CreateFormattedResistanceStringTests" name="testCreateFormattedResistanceStringFourBandWhiteGreenGoldNone" time="0.000" timestamp="2018-10-19T20:33:01"/>
	<testcase classname="create_formatted_resistance_string_tests.CreateFormattedResistanceStringTests" name="testCreateFormattedResistanceStringFourBandWhiteGreenGoldRed" time="0.000" timestamp="2018-10-19T20:33:01"/>
	<testcase classname="create_formatted_resistance_string_tests.CreateFormattedResistanceStringTests" name="testCreateFormattedResistanceStringFourBandWhiteGreenGoldSilver" time="0.000" timestamp="2018-10-19T20:33:01"/>
	<testcase classname="create_formatted_resistance_string_tests.CreateFormattedResistanceStringTests" name="testCreateFormattedResistanceStringFourBandWhiteGreenGoldViolet" time="0.000" timestamp="2018-10-19T20:33:01"/>
	<testcase classname="create_formatted_resistance_string_tests.CreateFormattedResistanceStringTests" name="testCreateFormattedResistanceStringFourBandWhiteGreenGreenBlue" time="0.000" timestamp="2018-10-19T20:33:01"/>
	<testcase classname="create_formatted_resistance_string_tests.CreateFormattedResistanceStringTests" name="testCreateFormattedResistanceStringFourBandWhiteGreenGreenBrown" time="0.000" timestamp="2018-10-19T20:33:01"/>
	<testcase classname="create_formatted_resistance_string_tests.CreateFormattedResistanceStringTests" name="testCreateFormattedResistanceStringFourBandWhiteGreenGreenGold" time="0.000" timestamp="2018-10-19T20:33:01"/>
	<testcase classname="create_formatted_resistance_string_tests.CreateFormattedResistanceStringTests" name="testCreateFormattedResistanceStringFourBandWhiteGreenGreenGreen" time="0.000" timestamp="2018-10-19T20:33:01"/>
	<testcase classname="create_formatted_resistance_string_tests.CreateFormattedResistanceStringTests" name="testCreateFormattedResistanceStringFourBandWhiteGreenGreenGrey" time="0.000" timestamp="2018-10-19T20:33:01"/>
	<testcase classname="create_formatted_resistance_string_tests.CreateFormattedResistanceStringTests" name="testCreateFormattedResistanceStringFourBandWhiteGreenGreenNone" time="0.000" timestamp="2018-10-19T20:33:01"/>
	<testcase classname="create_formatted_resistance_string_tests.CreateFormattedResistanceStringTests" name="testCreateFormattedResistanceStringFourBandWhiteGreenGreenRed" time="0.000" timestamp="2018-10-19T20:33:01"/>
	<testcase classname="create_formatted_resistance_string_tests.CreateFormattedResistanceStringTests" name="testCreateFormattedResistanceStringFourBandWhiteGreenGreenSilver" time="0.000" timestamp="2018-10-19T20:33:01"/>
	<testcase classname="create_formatted_resistance_string_tests.CreateFormattedResistanceStringTests" name="testCreateFormattedResistanceStringFourBandWhiteGreenGreenViolet" time="0.000" timestamp="2018-10-19T20:33:01"/>
	<testcase classname="create_formatted_resistance_string_tests.CreateFormattedResistanceStringTests" name="testCreateFormattedResistanceStringFourBandWhiteGreenGreyBlue" time="0.000" timestamp="2018-10-19T20:33:01"/>
	<testcase classname="create_formatted_resistance_string_tests.CreateFormattedResistanceStringTests" name="testCreateFormattedResistanceStringFourBandWhiteGreenGreyBrown" time="0.000" timestamp="2018-10-19T20:33:01"/>
	<testcase classname="create_formatted_resistance_string_tests.CreateFormattedResistanceStringTests" name="testCreateFormattedResistanceStringFourBandWhiteGreenGreyGold" time="0.000" timestamp="2018-10-19T20:33:01"/>
	<testcase classname="create_formatted_resistance_string_tests.CreateFormattedResistanceStringTests" name="testCreateFormattedResistanceStringFourBandWhiteGreenGreyGreen" time="0.000" timestamp="2018-10-19T20:33:01"/>
	<testcase classname="create_formatted_resistance_string_tests.CreateFormattedResistanceStringTests" name="testCreateFormattedResistanceStringFourBandWhiteGreenGreyGrey" time="0.000" timestamp="2018-10-19T20:33:01"/>
	<testcase classname="create_formatted_resistance_string_tests.CreateFormattedResistanceStringTests" name="testCreateFormattedResistanceStringFourBandWhiteGreenGreyNone" time="0.000" timestamp="2018-10-19T20:33:01"/>
	<testcase classname="create_formatted_resistance_string_tests.CreateFormattedResistanceStringTests" name="testCreateFormattedResistanceStringFourBandWhiteGreenGreyRed" time="0.000" timestamp="2018-10-19T20:33:01"/>
	<testcase classname="create_formatted_resistance_string_tests.CreateFormattedResistanceStringTests" name="testCreateFormattedResistanceStringFourBandWhiteGreenGreySilver" time="0.000" timestamp="2018-10-19T20:33:01"/>
	<testcase classname="create_formatted_resistance_string_tests.CreateFormattedResistanceStringTests" name="testCreateFormattedResistanceStringFourBandWhiteGreenGreyViolet" time="0.000" timestamp="2018-10-19T20:33:01"/>
	<testcase classname="create_formatted_resistance_string_tests.CreateFormattedResistanceStringTests" name="testCreateFormattedResistanceStringFourBandWhiteGreenOrangeBlue" time="0.000" timestamp="2018-10-19T20:33:01"/>
	<testcase classname="create_formatted_resistance_string_tests.CreateFormattedResistanceStringTests" name="testCreateFormattedResistanceStringFourBandWhiteGreenOrangeBrown" time="0.000" timestamp="2018-10-19T20:33:01"/>
	<testcase classname="create_formatted_resistance_string_tests.CreateFormattedResistanceStringTests" name="testCreateFormattedResistanceStringFourBandWhiteGreenOrangeGold" time="0.000" timestamp="2018-10-19T20:33:01"/>
	<testcase classname="create_formatted_resistance_string_tests.CreateFormattedResistanceStringTests" name="testCreateFormattedResistanceStringFourBandWhiteGreenOrangeGreen" time="0.000" timestamp="2018-10-19T20:33:01"/>
	<testcase classname="create_formatted_resistance_string_tests.CreateFormattedResistanceStringTests" name="testCreateFormattedResistanceStringFourBandWhiteGreenOrangeGrey" time="0.000" timestamp="2018-10-19T20:33:01"/>
	<testcase classname="create_formatted_resistance_string_tests.CreateFormattedResistanceStringTests" name="testCreateFormattedResistanceStringFourBandWhiteGreenOrangeNone" time="0.000" timestamp="2018-10-19T20:33:01"/>
	<testcase classname="create_formatted_resistance_string_tests.CreateFormattedResistanceStringTests" name="testCreateFormattedResistanceStringFourBandWhiteGreenOrangeRed" time="0.000" timestamp="2018-10-19T20:33:01"/>
	<testcase classname="create_formatted_resistance_string_tests.CreateFormattedResistanceStringTests" name="testCreateFormattedResistanceStringFourBandWhiteGreenOrangeSilver" time="0.000" timestamp="2018-10-19T20:33:01"/>
	<testcase classname="create_formatted_resistance_string_tests.CreateFormattedResistanceStringTests" name="testCreateFormattedResistanceStringFourBandWhiteGreenOrangeViolet" time="0.000" timestamp="2018-10-19T20:33:01"/>
	<testcase classname="create_formatted_resistance_string_tests.CreateFormattedResistanceStringTests" name="testCreateFormattedResistanceStringFourBandWhiteGreenRedBlue" time="0.000" timestamp="2018-10-19T20:33:01"/>
	<testcase classname="create_formatted_resistance_string_tests.CreateFormattedResistanceStringTests" name="testCreateFormattedResistanceStringFourBandWhiteGreenRedBrown" time="0.000" timestamp="2018-10-19T20:33:01"/>
	<testcase classname="create_formatted_resistance_string_tests.CreateFormattedResistanceStringTests" name="testCreateFormattedResistanceStringFourBandWhiteGreenRedGold" time="0.000" timestamp="2018-10-19T20:33:01"/>
	<testcase classname="create_formatted_resistance_string_tests.CreateFormattedResistanceStringTests" name="testCreateFormattedResistanceStringFourBandWhiteGreenRedGreen" time="0.000" timestamp="2018-10-19T20:33:01"/>
	<testcase classname="create_formatted_resistance_string_tests.CreateFormattedResistanceStringTests" name="testCreateFormattedResistanceStringFourBandWhiteGreenRedGrey" time="0.000" timestamp="2018-10-19T20:33:01"/>
	<testcase classname="create_formatted_resistance_string_tests.CreateFormattedResistanceStringTests" name="testCreateFormattedResistanceStringFourBandWhiteGreenRedNone" time="0.000" timestamp="2018-10-19T20:33:01"/>
	<testcase classname="create_formatted_resistance_string_tests.CreateFormattedResistanceStringTests" name="testCreateFormattedResistanceStringFourBandWhiteGreenRedRed" time="0.000" timestamp="2018-10-19T20:33:01"/>
	<testcase classname="create_formatted_resistance_string_tests.CreateFormattedResistanceStringTests" name="testCreateFormattedResistanceStringFourBandWhiteGreenRedSilver" time="0.000" timestamp="2018-10-19T20:33:01"/>
	<testcase classname="create_formatted_resistance_string_tests.CreateFormattedResistanceStringTests" name="testCreateFormattedResistanceStringFourBandWhiteGreenRedViolet" time="0.000" timestamp="2018-10-19T20:33:01"/>
	<testcase classname="create_formatted_resistance_string_tests.CreateFormattedResistanceStringTests" name="testCreateFormattedResistanceStringFourBandWhiteGreenSilverBlue" time="0.000" timestamp="2018-10-19T20:33:01"/>
	<testcase classname="create_formatted_resistance_string_tests.CreateFormattedResistanceStringTests" name="testCreateFormattedResistanceStringFourBandWhiteGreenSilverBrown" time="0.000" timestamp="2018-10-19T20:33:01"/>
	<testcase classname="create_formatted_resistance_string_tests.CreateFormattedResistanceStringTests" name="testCreateFormattedResistanceStringFourBandWhiteGreenSilverGold" time="0.000" timestamp="2018-10-19T20:33:01"/>
	<testcase classname="create_formatted_resistance_string_tests.CreateFormattedResistanceStringTests" name="testCreateFormattedResistanceStringFourBandWhiteGreenSilverGreen" time="0.000" timestamp="2018-10-19T20:33:01"/>
	<testcase classname="create_formatted_resistance_string_tests.CreateFormattedResistanceStringTests" name="testCreateFormattedResistanceStringFourBandWhiteGreenSilverGrey" time="0.000" timestamp="2018-10-19T20:33:01"/>
	<testcase classname="create_formatted_resistance_string_tests.CreateFormattedResistanceStringTests" name="testCreateFormattedResistanceStringFourBandWhiteGreenSilverNone" time="0.000" timestamp="2018-10-19T20:33:01"/>
	<testcase classname="create_formatted_resistance_string_tests.CreateFormattedResistanceStringTests" name="testCreateFormattedResistanceStringFourBandWhiteGreenSilverRed" time="0.000" timestamp="2018-10-19T20:33:01"/>
	<testcase classname="create_formatted_resistance_string_tests.CreateFormattedResistanceStringTests" name="testCreateFormattedResistanceStringFourBandWhiteGreenSilverSilver" time="0.000" timestamp="2018-10-19T20:33:01"/>
	<testcase classname="create_formatted_resistance_string_tests.CreateFormattedResistanceStringTests" name="testCreateFormattedResistanceStringFourBandWhiteGreenSilverViolet" time="0.000" timestamp="2018-10-19T20:33:01"/>
	<testcase classname="create_formatted_resistance_string_tests.CreateFormattedResistanceStringTests" name="testCreateFormattedResistanceStringFourBandWhiteGreenVioletBlue" time="0.000" timestamp="2018-10-19T20:33:01"/>
	<testcase classname="create_formatted_resistance_string_tests.CreateFormattedResistanceStringTests" name="testCreateFormattedResistanceStringFourBandWhiteGreenVioletBrown" time="0.000" timestamp="2018-10-19T20:33:01"/>
	<testcase classname="create_formatted_resistance_string_tests.CreateFormattedResistanceStringTests" name="testCreateFormattedResistanceStringFourBandWhiteGreenVioletGold" time="0.000" timestamp="2018-10-19T20:33:01"/>
	<testcase classname="create_formatted_resistance_string_tests.CreateFormattedResistanceStringTests" name="testCreateFormattedResistanceStringFourBandWhiteGreenVioletGreen" time="0.000" timestamp="2018-10-19T20:33:01"/>
	<testcase classname="create_formatted_resistance_string_tests.CreateFormattedResistanceStringTests" name="testCreateFormattedResistanceStringFourBandWhiteGreenVioletGrey" time="0.000" timestamp="2018-10-19T20:33:01"/>
	<testcase classname="create_formatted_resistance_string_tests.CreateFormattedResistanceStringTests" name="testCreateFormattedResistanceStringFourBandWhiteGreenVioletNone" time="0.000" timestamp="2018-10-19T20:33:01"/>
	<testcase classname="create_formatted_resistance_string_tests.CreateFormattedResistanceStringTests" name="testCreateFormattedResistanceStringFourBandWhiteGreenVioletRed" time="0.000" timestamp="2018-10-19T20:33:01"/>
	<testcase classname="create_formatted_resistance_string_tests.CreateFormattedResistanceStringTests" name="testCreateFormattedResistanceStringFourBandWhiteGreenVioletSilver" time="0.000" timestamp="2018-10-19T20:33:01"/>
	<testcase classname="create_formatted_resistance_string_tests.CreateFormattedResistanceStringTests" name="testCreateFormattedResistanceStringFourBandWhiteGreenVioletViolet" time="0.000" timestamp="2018-10-19T20:33:01"/>
	<testcase classname="create_formatted_resistance_string_tests.CreateFormattedResistanceStringTests" name="testCreateFormattedResistanceStringFourBandWhiteGreenWhiteBlue" time="0.000" timestamp="2018-10-19T20:33:01"/>
	<testcase classname="create_formatted_resistance_string_tests.CreateFormattedResistanceStringTests" name="testCreateFormattedResistanceStringFourBandWhiteGreenWhiteBrown" time="0.000" timestamp="2018-10-19T20:33:01"/>
	<testcase classname="create_formatted_resistance_string_tests.CreateFormattedResistanceStringTests" name="testCreateFormattedResistanceStringFourBandWhiteGreenWhiteGold" time="0.000" timestamp="2018-10-19T20:33:01"/>
	<testcase classname="create_formatted_resistance_string_tests.CreateFormattedResistanceStringTests" name="testCreateFormattedResistanceStringFourBandWhiteGreenWhiteGreen" time="0.000" timestamp="2018-10-19T20:33:01"/>
	<testcase classname="create_formatted_resistance_string_tests.CreateFormattedResistanceStringTests" name="testCreateFormattedResistanceStringFourBandWhiteGreenWhiteGrey" time="0.000" timestamp="2018-10-19T20:33:01"/>
	<testcase classname="create_formatted_resistance_string_tests.CreateFormattedResistanceStringTests" name="testCreateFormattedResistanceStringFourBandWhiteGreenWhiteNone" time="0.000" timestamp="2018-10-19T20:33:01"/>
	<testcase classname="create_formatted_resistance_string_tests.CreateFormattedResistanceStringTests" name="testCreateFormattedResistanceStringFourBandWhiteGreenWhiteRed" time="0.000" timestamp="2018-10-19T20:33:01"/>
	<testcase classname="create_formatted_resistance_string_tests.CreateFormattedResistanceStringTests" name="testCreateFormattedResistanceStringFourBandWhiteGreenWhiteSilver" time="0.000" timestamp="2018-10-19T20:33:01"/>
	<testcase classname="create_formatted_resistance_string_tests.CreateFormattedResistanceStringTests" name="testCreateFormattedResistanceStringFourBandWhiteGreenWhiteViolet" time="0.000" timestamp="2018-10-19T20:33:01"/>
	<testcase classname="create_formatted_resistance_string_tests.CreateFormattedResistanceStringTests" name="testCreateFormattedResistanceStringFourBandWhiteGreenYellowBlue" time="0.000" timestamp="2018-10-19T20:33:01"/>
	<testcase classname="create_formatted_resistance_string_tests.CreateFormattedResistanceStringTests" name="testCreateFormattedResistanceStringFourBandWhiteGreenYellowBrown" time="0.000" timestamp="2018-10-19T20:33:01"/>
	<testcase classname="create_formatted_resistance_string_tests.CreateFormattedResistanceStringTests" name="testCreateFormattedResistanceStringFourBandWhiteGreenYellowGold" time="0.000" timestamp="2018-10-19T20:33:01"/>
	<testcase classname="create_formatted_resistance_string_tests.CreateFormattedResistanceStringTests" name="testCreateFormattedResistanceStringFourBandWhiteGreenYellowGreen" time="0.000" timestamp="2018-10-19T20:33:01"/>
	<testcase classname="create_formatted_resistance_string_tests.CreateFormattedResistanceStringTests" name="testCreateFormattedResistanceStringFourBandWhiteGreenYellowGrey" time="0.000" timestamp="2018-10-19T20:33:01"/>
	<testcase classname="create_formatted_resistance_string_tests.CreateFormattedResistanceStringTests" name="testCreateFormattedResistanceStringFourBandWhiteGreenYellowNone" time="0.000" timestamp="2018-10-19T20:33:01"/>
	<testcase classname="create_formatted_resistance_string_tests.CreateFormattedResistanceStringTests" name="testCreateFormattedResistanceStringFourBandWhiteGreenYellowRed" time="0.000" timestamp="2018-10-19T20:33:01"/>
	<testcase classname="create_formatted_resistance_string_tests.CreateFormattedResistanceStringTests" name="testCreateFormattedResistanceStringFourBandWhiteGreenYellowSilver" time="0.000" timestamp="2018-10-19T20:33:01"/>
	<testcase classname="create_formatted_resistance_string_tests.CreateFormattedResistanceStringTests" name="testCreateFormattedResistanceStringFourBandWhiteGreenYellowViolet" time="0.000" timestamp="2018-10-19T20:33:01"/>
	<testcase classname="create_formatted_resistance_string_tests.CreateFormattedResistanceStringTests" name="testCreateFormattedResistanceStringFourBandWhiteGreyBlackBlue" time="0.000" timestamp="2018-10-19T20:33:01"/>
	<testcase classname="create_formatted_resistance_string_tests.CreateFormattedResistanceStringTests" name="testCreateFormattedResistanceStringFourBandWhiteGreyBlackBrown" time="0.000" timestamp="2018-10-19T20:33:01"/>
	<testcase classname="create_formatted_resistance_string_tests.CreateFormattedResistanceStringTests" name="testCreateFormattedResistanceStringFourBandWhiteGreyBlackGold" time="0.000" timestamp="2018-10-19T20:33:01"/>
	<testcase classname="create_formatted_resistance_string_tests.CreateFormattedResistanceStringTests" name="testCreateFormattedResistanceStringFourBandWhiteGreyBlackGreen" time="0.000" timestamp="2018-10-19T20:33:01"/>
	<testcase classname="create_formatted_resistance_string_tests.CreateFormattedResistanceStringTests" name="testCreateFormattedResistanceStringFourBandWhiteGreyBlackGrey" time="0.000" timestamp="2018-10-19T20:33:01"/>
	<testcase classname="create_formatted_resistance_string_tests.CreateFormattedResistanceStringTests" name="testCreateFormattedResistanceStringFourBandWhiteGreyBlackNone" time="0.000" timestamp="2018-10-19T20:33:01"/>
	<testcase classname="create_formatted_resistance_string_tests.CreateFormattedResistanceStringTests" name="testCreateFormattedResistanceStringFourBandWhiteGreyBlackRed" time="0.000" timestamp="2018-10-19T20:33:01"/>
	<testcase classname="create_formatted_resistance_string_tests.CreateFormattedResistanceStringTests" name="testCreateFormattedResistanceStringFourBandWhiteGreyBlackSilver" time="0.000" timestamp="2018-10-19T20:33:01"/>
	<testcase classname="create_formatted_resistance_string_tests.CreateFormattedResistanceStringTests" name="testCreateFormattedResistanceStringFourBandWhiteGreyBlackViolet" time="0.000" timestamp="2018-10-19T20:33:01"/>
	<testcase classname="create_formatted_resistance_string_tests.CreateFormattedResistanceStringTests" name="testCreateFormattedResistanceStringFourBandWhiteGreyBlueBlue" time="0.000" timestamp="2018-10-19T20:33:01"/>
	<testcase classname="create_formatted_resistance_string_tests.CreateFormattedResistanceStringTests" name="testCreateFormattedResistanceStringFourBandWhiteGreyBlueBrown" time="0.000" timestamp="2018-10-19T20:33:01"/>
	<testcase classname="create_formatted_resistance_string_tests.CreateFormattedResistanceStringTests" name="testCreateFormattedResistanceStringFourBandWhiteGreyBlueGold" time="0.000" timestamp="2018-10-19T20:33:01"/>
	<testcase classname="create_formatted_resistance_string_tests.CreateFormattedResistanceStringTests" name="testCreateFormattedResistanceStringFourBandWhiteGreyBlueGreen" time="0.000" timestamp="2018-10-19T20:33:01"/>
	<testcase classname="create_formatted_resistance_string_tests.CreateFormattedResistanceStringTests" name="testCreateFormattedResistanceStringFourBandWhiteGreyBlueGrey" time="0.000" timestamp="2018-10-19T20:33:01"/>
	<testcase classname="create_formatted_resistance_string_tests.CreateFormattedResistanceStringTests" name="testCreateFormattedResistanceStringFourBandWhiteGreyBlueNone" time="0.000" timestamp="2018-10-19T20:33:01"/>
	<testcase classname="create_formatted_resistance_string_tests.CreateFormattedResistanceStringTests" name="testCreateFormattedResistanceStringFourBandWhiteGreyBlueRed" time="0.000" timestamp="2018-10-19T20:33:01"/>
	<testcase classname="create_formatted_resistance_string_tests.CreateFormattedResistanceStringTests" name="testCreateFormattedResistanceStringFourBandWhiteGreyBlueSilver" time="0.000" timestamp="2018-10-19T20:33:01"/>
	<testcase classname="create_formatted_resistance_string_tests.CreateFormattedResistanceStringTests" name="testCreateFormattedResistanceStringFourBandWhiteGreyBlueViolet" time="0.000" timestamp="2018-10-19T20:33:01"/>
	<testcase classname="create_formatted_resistance_string_tests.CreateFormattedResistanceStringTests" name="testCreateFormattedResistanceStringFourBandWhiteGreyBrownBlue" time="0.000" timestamp="2018-10-19T20:33:01"/>
	<testcase classname="create_formatted_resistance_string_tests.CreateFormattedResistanceStringTests" name="testCreateFormattedResistanceStringFourBandWhiteGreyBrownBrown" time="0.000" timestamp="2018-10-19T20:33:01"/>
	<testcase classname="create_formatted_resistance_string_tests.CreateFormattedResistanceStringTests" name="testCreateFormattedResistanceStringFourBandWhiteGreyBrownGold" time="0.000" timestamp="2018-10-19T20:33:01"/>
	<testcase classname="create_formatted_resistance_string_tests.CreateFormattedResistanceStringTests" name="testCreateFormattedResistanceStringFourBandWhiteGreyBrownGreen" time="0.000" timestamp="2018-10-19T20:33:01"/>
	<testcase classname="create_formatted_resistance_string_tests.CreateFormattedResistanceStringTests" name="testCreateFormattedResistanceStringFourBandWhiteGreyBrownGrey" time="0.000" timestamp="2018-10-19T20:33:01"/>
	<testcase classname="create_formatted_resistance_string_tests.CreateFormattedResistanceStringTests" name="testCreateFormattedResistanceStringFourBandWhiteGreyBrownNone" time="0.000" timestamp="2018-10-19T20:33:01"/>
	<testcase classname="create_formatted_resistance_string_tests.CreateFormattedResistanceStringTests" name="testCreateFormattedResistanceStringFourBandWhiteGreyBrownRed" time="0.000" timestamp="2018-10-19T20:33:01"/>
	<testcase classname="create_formatted_resistance_string_tests.CreateFormattedResistanceStringTests" name="testCreateFormattedResistanceStringFourBandWhiteGreyBrownSilver" time="0.000" timestamp="2018-10-19T20:33:01"/>
	<testcase classname="create_formatted_resistance_string_tests.CreateFormattedResistanceStringTests" name="testCreateFormattedResistanceStringFourBandWhiteGreyBrownViolet" time="0.000" timestamp="2018-10-19T20:33:01"/>
	<testcase classname="create_formatted_resistance_string_tests.CreateFormattedResistanceStringTests" name="testCreateFormattedResistanceStringFourBandWhiteGreyGoldBlue" time="0.000" timestamp="2018-10-19T20:33:01"/>
	<testcase classname="create_formatted_resistance_string_tests.CreateFormattedResistanceStringTests" name="testCreateFormattedResistanceStringFourBandWhiteGreyGoldBrown" time="0.000" timestamp="2018-10-19T20:33:01"/>
	<testcase classname="create_formatted_resistance_string_tests.CreateFormattedResistanceStringTests" name="testCreateFormattedResistanceStringFourBandWhiteGreyGoldGold" time="0.000" timestamp="2018-10-19T20:33:01"/>
	<testcase classname="create_formatted_resistance_string_tests.CreateFormattedResistanceStringTests" name="testCreateFormattedResistanceStringFourBandWhiteGreyGoldGreen" time="0.000" timestamp="2018-10-19T20:33:01"/>
	<testcase classname="create_formatted_resistance_string_tests.CreateFormattedResistanceStringTests" name="testCreateFormattedResistanceStringFourBandWhiteGreyGoldGrey" time="0.000" timestamp="2018-10-19T20:33:01"/>
	<testcase classname="create_formatted_resistance_string_tests.CreateFormattedResistanceStringTests" name="testCreateFormattedResistanceStringFourBandWhiteGreyGoldNone" time="0.000" timestamp="2018-10-19T20:33:01"/>
	<testcase classname="create_formatted_resistance_string_tests.CreateFormattedResistanceStringTests" name="testCreateFormattedResistanceStringFourBandWhiteGreyGoldRed" time="0.000" timestamp="2018-10-19T20:33:01"/>
	<testcase classname="create_formatted_resistance_string_tests.CreateFormattedResistanceStringTests" name="testCreateFormattedResistanceStringFourBandWhiteGreyGoldSilver" time="0.000" timestamp="2018-10-19T20:33:01"/>
	<testcase classname="create_formatted_resistance_string_tests.CreateFormattedResistanceStringTests" name="testCreateFormattedResistanceStringFourBandWhiteGreyGoldViolet" time="0.000" timestamp="2018-10-19T20:33:01"/>
	<testcase classname="create_formatted_resistance_string_tests.CreateFormattedResistanceStringTests" name="testCreateFormattedResistanceStringFourBandWhiteGreyGreenBlue" time="0.000" timestamp="2018-10-19T20:33:01"/>
	<testcase classname="create_formatted_resistance_string_tests.CreateFormattedResistanceStringTests" name="testCreateFormattedResistanceStringFourBandWhiteGreyGreenBrown" time="0.000" timestamp="2018-10-19T20:33:01"/>
	<testcase classname="create_formatted_resistance_string_tests.CreateFormattedResistanceStringTests" name="testCreateFormattedResistanceStringFourBandWhiteGreyGreenGold" time="0.000" timestamp="2018-10-19T20:33:01"/>
	<testcase classname="create_formatted_resistance_string_tests.CreateFormattedResistanceStringTests" name="testCreateFormattedResistanceStringFourBandWhiteGreyGreenGreen" time="0.000" timestamp="2018-10-19T20:33:01"/>
	<testcase classname="create_formatted_resistance_string_tests.CreateFormattedResistanceStringTests" name="testCreateFormattedResistanceStringFourBandWhiteGreyGreenGrey" time="0.000" timestamp="2018-10-19T20:33:01"/>
	<testcase classname="create_formatted_resistance_string_tests.CreateFormattedResistanceStringTests" name="testCreateFormattedResistanceStringFourBandWhiteGreyGreenNone" time="0.000" timestamp="2018-10-19T20:33:01"/>
	<testcase classname="create_formatted_resistance_string_tests.CreateFormattedResistanceStringTests" name="testCreateFormattedResistanceStringFourBandWhiteGreyGreenRed" time="0.000" timestamp="2018-10-19T20:33:01"/>
	<testcase classname="create_formatted_resistance_string_tests.CreateFormattedResistanceStringTests" name="testCreateFormattedResistanceStringFourBandWhiteGreyGreenSilver" time="0.000" timestamp="2018-10-19T20:33:01"/>
	<testcase classname="create_formatted_resistance_string_tests.CreateFormattedResistanceStringTests" name="testCreateFormattedResistanceStringFourBandWhiteGreyGreenViolet" time="0.000" timestamp="2018-10-19T20:33:01"/>
	<testcase classname="create_formatted_resistance_string_tests.CreateFormattedResistanceStringTests" name="testCreateFormattedResistanceStringFourBandWhiteGreyGreyBlue" time="0.000" timestamp="2018-10-19T20:33:01"/>
	<testcase classname="create_formatted_resistance_string_tests.CreateFormattedResistanceStringTests" name="testCreateFormattedResistanceStringFourBandWhiteGreyGreyBrown" time="0.000" timestamp="2018-10-19T20:33:01"/>
	<testcase classname="create_formatted_resistance_string_tests.CreateFormattedResistanceStringTests" name="testCreateFormattedResistanceStringFourBandWhiteGreyGreyGold" time="0.000" timestamp="2018-10-19T20:33:01"/>
	<testcase classname="create_formatted_resistance_string_tests.CreateFormattedResistanceStringTests" name="testCreateFormattedResistanceStringFourBandWhiteGreyGreyGreen" time="0.000" timestamp="2018-10-19T20:33:01"/>
	<testcase classname="create_formatted_resistance_string_tests.CreateFormattedResistanceStringTests" name="testCreateFormattedResistanceStringFourBandWhiteGreyGreyGrey" time="0.000" timestamp="2018-10-19T20:33:01"/>
	<testcase classname="create_formatted_resistance_string_tests.CreateFormattedResistanceStringTests" name="testCreateFormattedResistanceStringFourBandWhiteGreyGreyNone" time="0.000" timestamp="2018-10-19T20:33:01"/>
	<testcase classname="create_formatted_resistance_string_tests.CreateFormattedResistanceStringTests" name="testCreateFormattedResistanceStringFourBandWhiteGreyGreyRed" time="0.000" timestamp="2018-10-19T20:33:01"/>
	<testcase classname="create_formatted_resistance_string_tests.CreateFormattedResistanceStringTests" name="testCreateFormattedResistanceStringFourBandWhiteGreyGreySilver" time="0.000" timestamp="2018-10-19T20:33:01"/>
	<testcase classname="create_formatted_resistance_string_tests.CreateFormattedResistanceStringTests" name="testCreateFormattedResistanceStringFourBandWhiteGreyGreyViolet" time="0.000" timestamp="2018-10-19T20:33:01"/>
	<testcase classname="create_formatted_resistance_string_tests.CreateFormattedResistanceStringTests" name="testCreateFormattedResistanceStringFourBandWhiteGreyOrangeBlue" time="0.000" timestamp="2018-10-19T20:33:01"/>
	<testcase classname="create_formatted_resistance_string_tests.CreateFormattedResistanceStringTests" name="testCreateFormattedResistanceStringFourBandWhiteGreyOrangeBrown" time="0.000" timestamp="2018-10-19T20:33:01"/>
	<testcase classname="create_formatted_resistance_string_tests.CreateFormattedResistanceStringTests" name="testCreateFormattedResistanceStringFourBandWhiteGreyOrangeGold" time="0.000" timestamp="2018-10-19T20:33:01"/>
	<testcase classname="create_formatted_resistance_string_tests.CreateFormattedResistanceStringTests" name="testCreateFormattedResistanceStringFourBandWhiteGreyOrangeGreen" time="0.000" timestamp="2018-10-19T20:33:01"/>
	<testcase classname="create_formatted_resistance_string_tests.CreateFormattedResistanceStringTests" name="testCreateFormattedResistanceStringFourBandWhiteGreyOrangeGrey" time="0.000" timestamp="2018-10-19T20:33:01"/>
	<testcase classname="create_formatted_resistance_string_tests.CreateFormattedResistanceStringTests" name="testCreateFormattedResistanceStringFourBandWhiteGreyOrangeNone" time="0.000" timestamp="2018-10-19T20:33:01"/>
	<testcase classname="create_formatted_resistance_string_tests.CreateFormattedResistanceStringTests" name="testCreateFormattedResistanceStringFourBandWhiteGreyOrangeRed" time="0.000" timestamp="2018-10-19T20:33:01"/>
	<testcase classname="create_formatted_resistance_string_tests.CreateFormattedResistanceStringTests" name="testCreateFormattedResistanceStringFourBandWhiteGreyOrangeSilver" time="0.000" timestamp="2018-10-19T20:33:01"/>
	<testcase classname="create_formatted_resistance_string_tests.CreateFormattedResistanceStringTests" name="testCreateFormattedResistanceStringFourBandWhiteGreyOrangeViolet" time="0.000" timestamp="2018-10-19T20:33:01"/>
	<testcase classname="create_formatted_resistance_string_tests.CreateFormattedResistanceStringTests" name="testCreateFormattedResistanceStringFourBandWhiteGreyRedBlue" time="0.000" timestamp="2018-10-19T20:33:01"/>
	<testcase classname="create_formatted_resistance_string_tests.CreateFormattedResistanceStringTests" name="testCreateFormattedResistanceStringFourBandWhiteGreyRedBrown" time="0.000" timestamp="2018-10-19T20:33:01"/>
	<testcase classname="create_formatted_resistance_string_tests.CreateFormattedResistanceStringTests" name="testCreateFormattedResistanceStringFourBandWhiteGreyRedGold" time="0.000" timestamp="2018-10-19T20:33:01"/>
	<testcase classname="create_formatted_resistance_string_tests.CreateFormattedResistanceStringTests" name="testCreateFormattedResistanceStringFourBandWhiteGreyRedGreen" time="0.000" timestamp="2018-10-19T20:33:01"/>
	<testcase classname="create_formatted_resistance_string_tests.CreateFormattedResistanceStringTests" name="testCreateFormattedResistanceStringFourBandWhiteGreyRedGrey" time="0.000" timestamp="2018-10-19T20:33:01"/>
	<testcase classname="create_formatted_resistance_string_tests.CreateFormattedResistanceStringTests" name="testCreateFormattedResistanceStringFourBandWhiteGreyRedNone" time="0.000" timestamp="2018-10-19T20:33:01"/>
	<testcase classname="create_formatted_resistance_string_tests.CreateFormattedResistanceStringTests" name="testCreateFormattedResistanceStringFourBandWhiteGreyRedRed" time="0.000" timestamp="2018-10-19T20:33:01"/>
	<testcase classname="create_formatted_resistance_string_tests.CreateFormattedResistanceStringTests" name="testCreateFormattedResistanceStringFourBandWhiteGreyRedSilver" time="0.000" timestamp="2018-10-19T20:33:01"/>
	<testcase classname="create_formatted_resistance_string_tests.CreateFormattedResistanceStringTests" name="testCreateFormattedResistanceStringFourBandWhiteGreyRedViolet" time="0.000" timestamp="2018-10-19T20:33:01"/>
	<testcase classname="create_formatted_resistance_string_tests.CreateFormattedResistanceStringTests" name="testCreateFormattedResistanceStringFourBandWhiteGreySilverBlue" time="0.000" timestamp="2018-10-19T20:33:01"/>
	<testcase classname="create_formatted_resistance_string_tests.CreateFormattedResistanceStringTests" name="testCreateFormattedResistanceStringFourBandWhiteGreySilverBrown" time="0.000" timestamp="2018-10-19T20:33:01"/>
	<testcase classname="create_formatted_resistance_string_tests.CreateFormattedResistanceStringTests" name="testCreateFormattedResistanceStringFourBandWhiteGreySilverGold" time="0.000" timestamp="2018-10-19T20:33:01"/>
	<testcase classname="create_formatted_resistance_string_tests.CreateFormattedResistanceStringTests" name="testCreateFormattedResistanceStringFourBandWhiteGreySilverGreen" time="0.000" timestamp="2018-10-19T20:33:01"/>
	<testcase classname="create_formatted_resistance_string_tests.CreateFormattedResistanceStringTests" name="testCreateFormattedResistanceStringFourBandWhiteGreySilverGrey" time="0.000" timestamp="2018-10-19T20:33:01"/>
	<testcase classname="create_formatted_resistance_string_tests.CreateFormattedResistanceStringTests" name="testCreateFormattedResistanceStringFourBandWhiteGreySilverNone" time="0.000" timestamp="2018-10-19T20:33:01"/>
	<testcase classname="create_formatted_resistance_string_tests.CreateFormattedResistanceStringTests" name="testCreateFormattedResistanceStringFourBandWhiteGreySilverRed" time="0.000" timestamp="2018-10-19T20:33:01"/>
	<testcase classname="create_formatted_resistance_string_tests.CreateFormattedResistanceStringTests" name="testCreateFormattedResistanceStringFourBandWhiteGreySilverSilver" time="0.000" timestamp="2018-10-19T20:33:01"/>
	<testcase classname="create_formatted_resistance_string_tests.CreateFormattedResistanceStringTests" name="testCreateFormattedResistanceStringFourBandWhiteGreySilverViolet" time="0.000" timestamp="2018-10-19T20:33:01"/>
	<testcase classname="create_formatted_resistance_string_tests.CreateFormattedResistanceStringTests" name="testCreateFormattedResistanceStringFourBandWhiteGreyVioletBlue" time="0.000" timestamp="2018-10-19T20:33:01"/>
	<testcase classname="create_formatted_resistance_string_tests.CreateFormattedResistanceStringTests" name="testCreateFormattedResistanceStringFourBandWhiteGreyVioletBrown" time="0.000" timestamp="2018-10-19T20:33:01"/>
	<testcase classname="create_formatted_resistance_string_tests.CreateFormattedResistanceStringTests" name="testCreateFormattedResistanceStringFourBandWhiteGreyVioletGold" time="0.000" timestamp="2018-10-19T20:33:01"/>
	<testcase classname="create_formatted_resistance_string_tests.CreateFormattedResistanceStringTests" name="testCreateFormattedResistanceStringFourBandWhiteGreyVioletGreen" time="0.000" timestamp="2018-10-19T20:33:01"/>
	<testcase classname="create_formatted_resistance_string_tests.CreateFormattedResistanceStringTests" name="testCreateFormattedResistanceStringFourBandWhiteGreyVioletGrey" time="0.000" timestamp="2018-10-19T20:33:01"/>
	<testcase classname="create_formatted_resistance_string_tests.CreateFormattedResistanceStringTests" name="testCreateFormattedResistanceStringFourBandWhiteGreyVioletNone" time="0.000" timestamp="2018-10-19T20:33:01"/>
	<testcase classname="create_formatted_resistance_string_tests.CreateFormattedResistanceStringTests" name="testCreateFormattedResistanceStringFourBandWhiteGreyVioletRed" time="0.000" timestamp="2018-10-19T20:33:01"/>
	<testcase classname="create_formatted_resistance_string_tests.CreateFormattedResistanceStringTests" name="testCreateFormattedResistanceStringFourBandWhiteGreyVioletSilver" time="0.000" timestamp="2018-10-19T20:33:01"/>
	<testcase classname="create_formatted_resistance_string_tests.CreateFormattedResistanceStringTests" name="testCreateFormattedResistanceStringFourBandWhiteGreyVioletViolet" time="0.000" timestamp="2018-10-19T20:33:01"/>
	<testcase classname="create_formatted_resistance_string_tests.CreateFormattedResistanceStringTests" name="testCreateFormattedResistanceStringFourBandWhiteGreyWhiteBlue" time="0.000" timestamp="2018-10-19T20:33:01"/>
	<testcase classname="create_formatted_resistance_string_tests.CreateFormattedResistanceStringTests" name="testCreateFormattedResistanceStringFourBandWhiteGreyWhiteBrown" time="0.000" timestamp="2018-10-19T20:33:01"/>
	<testcase classname="create_formatted_resistance_string_tests.CreateFormattedResistanceStringTests" name="testCreateFormattedResistanceStringFourBandWhiteGreyWhiteGold" time="0.000" timestamp="2018-10-19T20:33:01"/>
	<testcase classname="create_formatted_resistance_string_tests.CreateFormattedResistanceStringTests" name="testCreateFormattedResistanceStringFourBandWhiteGreyWhiteGreen" time="0.000" timestamp="2018-10-19T20:33:01"/>
	<testcase classname="create_formatted_resistance_string_tests.CreateFormattedResistanceStringTests" name="testCreateFormattedResistanceStringFourBandWhiteGreyWhiteGrey" time="0.000" timestamp="2018-10-19T20:33:01"/>
	<testcase classname="create_formatted_resistance_string_tests.CreateFormattedResistanceStringTests" name="testCreateFormattedResistanceStringFourBandWhiteGreyWhiteNone" time="0.000" timestamp="2018-10-19T20:33:01"/>
	<testcase classname="create_formatted_resistance_string_tests.CreateFormattedResistanceStringTests" name="testCreateFormattedResistanceStringFourBandWhiteGreyWhiteRed" time="0.000" timestamp="2018-10-19T20:33:01"/>
	<testcase classname="create_formatted_resistance_string_tests.CreateFormattedResistanceStringTests" name="testCreateFormattedResistanceStringFourBandWhiteGreyWhiteSilver" time="0.000" timestamp="2018-10-19T20:33:01"/>
	<testcase classname="create_formatted_resistance_string_tests.CreateFormattedResistanceStringTests" name="testCreateFormattedResistanceStringFourBandWhiteGreyWhiteViolet" time="0.000" timestamp="2018-10-19T20:33:01"/>
	<testcase classname="create_formatted_resistance_string_tests.CreateFormattedResistanceStringTests" name="testCreateFormattedResistanceStringFourBandWhiteGreyYellowBlue" time="0.000" timestamp="2018-10-19T20:33:01"/>
	<testcase classname="create_formatted_resistance_string_tests.CreateFormattedResistanceStringTests" name="testCreateFormattedResistanceStringFourBandWhiteGreyYellowBrown" time="0.000" timestamp="2018-10-19T20:33:01"/>
	<testcase classname="create_formatted_resistance_string_tests.CreateFormattedResistanceStringTests" name="testCreateFormattedResistanceStringFourBandWhiteGreyYellowGold" time="0.000" timestamp="2018-10-19T20:33:01"/>
	<testcase classname="create_formatted_resistance_string_tests.CreateFormattedResistanceStringTests" name="testCreateFormattedResistanceStringFourBandWhiteGreyYellowGreen" time="0.000" timestamp="2018-10-19T20:33:01"/>
	<testcase classname="create_formatted_resistance_string_tests.CreateFormattedResistanceStringTests" name="testCreateFormattedResistanceStringFourBandWhiteGreyYellowGrey" time="0.000" timestamp="2018-10-19T20:33:01"/>
	<testcase classname="create_formatted_resistance_string_tests.CreateFormattedResistanceStringTests" name="testCreateFormattedResistanceStringFourBandWhiteGreyYellowNone" time="0.000" timestamp="2018-10-19T20:33:01"/>
	<testcase classname="create_formatted_resistance_string_tests.CreateFormattedResistanceStringTests" name="testCreateFormattedResistanceStringFourBandWhiteGreyYellowRed" time="0.000" timestamp="2018-10-19T20:33:01"/>
	<testcase classname="create_formatted_resistance_string_tests.CreateFormattedResistanceStringTests" name="testCreateFormattedResistanceStringFourBandWhiteGreyYellowSilver" time="0.000" timestamp="2018-10-19T20:33:01"/>
	<testcase classname="create_formatted_resistance_string_tests.CreateFormattedResistanceStringTests" name="testCreateFormattedResistanceStringFourBandWhiteGreyYellowViolet" time="0.000" timestamp="2018-10-19T20:33:01"/>
	<testcase classname="create_formatted_resistance_string_tests.CreateFormattedResistanceStringTests" name="testCreateFormattedResistanceStringFourBandWhiteOrangeBlackBlue" time="0.000" timestamp="2018-10-19T20:33:01"/>
	<testcase classname="create_formatted_resistance_string_tests.CreateFormattedResistanceStringTests" name="testCreateFormattedResistanceStringFourBandWhiteOrangeBlackBrown" time="0.000" timestamp="2018-10-19T20:33:01"/>
	<testcase classname="create_formatted_resistance_string_tests.CreateFormattedResistanceStringTests" name="testCreateFormattedResistanceStringFourBandWhiteOrangeBlackGold" time="0.000" timestamp="2018-10-19T20:33:01"/>
	<testcase classname="create_formatted_resistance_string_tests.CreateFormattedResistanceStringTests" name="testCreateFormattedResistanceStringFourBandWhiteOrangeBlackGreen" time="0.000" timestamp="2018-10-19T20:33:01"/>
	<testcase classname="create_formatted_resistance_string_tests.CreateFormattedResistanceStringTests" name="testCreateFormattedResistanceStringFourBandWhiteOrangeBlackGrey" time="0.000" timestamp="2018-10-19T20:33:01"/>
	<testcase classname="create_formatted_resistance_string_tests.CreateFormattedResistanceStringTests" name="testCreateFormattedResistanceStringFourBandWhiteOrangeBlackNone" time="0.000" timestamp="2018-10-19T20:33:01"/>
	<testcase classname="create_formatted_resistance_string_tests.CreateFormattedResistanceStringTests" name="testCreateFormattedResistanceStringFourBandWhiteOrangeBlackRed" time="0.000" timestamp="2018-10-19T20:33:01"/>
	<testcase classname="create_formatted_resistance_string_tests.CreateFormattedResistanceStringTests" name="testCreateFormattedResistanceStringFourBandWhiteOrangeBlackSilver" time="0.000" timestamp="2018-10-19T20:33:01"/>
	<testcase classname="create_formatted_resistance_string_tests.CreateFormattedResistanceStringTests" name="testCreateFormattedResistanceStringFourBandWhiteOrangeBlackViolet" time="0.000" timestamp="2018-10-19T20:33:01"/>
	<testcase classname="create_formatted_resistance_string_tests.CreateFormattedResistanceStringTests" name="testCreateFormattedResistanceStringFourBandWhiteOrangeBlueBlue" time="0.000" timestamp="2018-10-19T20:33:01"/>
	<testcase classname="create_formatted_resistance_string_tests.CreateFormattedResistanceStringTests" name="testCreateFormattedResistanceStringFourBandWhiteOrangeBlueBrown" time="0.000" timestamp="2018-10-19T20:33:01"/>
	<testcase classname="create_formatted_resistance_string_tests.CreateFormattedResistanceStringTests" name="testCreateFormattedResistanceStringFourBandWhiteOrangeBlueGold" time="0.000" timestamp="2018-10-19T20:33:01"/>
	<testcase classname="create_formatted_resistance_string_tests.CreateFormattedResistanceStringTests" name="testCreateFormattedResistanceStringFourBandWhiteOrangeBlueGreen" time="0.000" timestamp="2018-10-19T20:33:01"/>
	<testcase classname="create_formatted_resistance_string_tests.CreateFormattedResistanceStringTests" name="testCreateFormattedResistanceStringFourBandWhiteOrangeBlueGrey" time="0.000" timestamp="2018-10-19T20:33:01"/>
	<testcase classname="create_formatted_resistance_string_tests.CreateFormattedResistanceStringTests" name="testCreateFormattedResistanceStringFourBandWhiteOrangeBlueNone" time="0.000" timestamp="2018-10-19T20:33:01"/>
	<testcase classname="create_formatted_resistance_string_tests.CreateFormattedResistanceStringTests" name="testCreateFormattedResistanceStringFourBandWhiteOrangeBlueRed" time="0.000" timestamp="2018-10-19T20:33:01"/>
	<testcase classname="create_formatted_resistance_string_tests.CreateFormattedResistanceStringTests" name="testCreateFormattedResistanceStringFourBandWhiteOrangeBlueSilver" time="0.000" timestamp="2018-10-19T20:33:01"/>
	<testcase classname="create_formatted_resistance_string_tests.CreateFormattedResistanceStringTests" name="testCreateFormattedResistanceStringFourBandWhiteOrangeBlueViolet" time="0.000" timestamp="2018-10-19T20:33:01"/>
	<testcase classname="create_formatted_resistance_string_tests.CreateFormattedResistanceStringTests" name="testCreateFormattedResistanceStringFourBandWhiteOrangeBrownBlue" time="0.000" timestamp="2018-10-19T20:33:01"/>
	<testcase classname="create_formatted_resistance_string_tests.CreateFormattedResistanceStringTests" name="testCreateFormattedResistanceStringFourBandWhiteOrangeBrownBrown" time="0.000" timestamp="2018-10-19T20:33:01"/>
	<testcase classname="create_formatted_resistance_string_tests.CreateFormattedResistanceStringTests" name="testCreateFormattedResistanceStringFourBandWhiteOrangeBrownGold" time="0.000" timestamp="2018-10-19T20:33:01"/>
	<testcase classname="create_formatted_resistance_string_tests.CreateFormattedResistanceStringTests" name="testCreateFormattedResistanceStringFourBandWhiteOrangeBrownGreen" time="0.000" timestamp="2018-10-19T20:33:01"/>
	<testcase classname="create_formatted_resistance_string_tests.CreateFormattedResistanceStringTests" name="testCreateFormattedResistanceStringFourBandWhiteOrangeBrownGrey" time="0.000" timestamp="2018-10-19T20:33:01"/>
	<testcase classname="create_formatted_resistance_string_tests.CreateFormattedResistanceStringTests" name="testCreateFormattedResistanceStringFourBandWhiteOrangeBrownNone" time="0.000" timestamp="2018-10-19T20:33:01"/>
	<testcase classname="create_formatted_resistance_string_tests.CreateFormattedResistanceStringTests" name="testCreateFormattedResistanceStringFourBandWhiteOrangeBrownRed" time="0.000" timestamp="2018-10-19T20:33:01"/>
	<testcase classname="create_formatted_resistance_string_tests.CreateFormattedResistanceStringTests" name="testCreateFormattedResistanceStringFourBandWhiteOrangeBrownSilver" time="0.000" timestamp="2018-10-19T20:33:01"/>
	<testcase classname="create_formatted_resistance_string_tests.CreateFormattedResistanceStringTests" name="testCreateFormattedResistanceStringFourBandWhiteOrangeBrownViolet" time="0.000" timestamp="2018-10-19T20:33:01"/>
	<testcase classname="create_formatted_resistance_string_tests.CreateFormattedResistanceStringTests" name="testCreateFormattedResistanceStringFourBandWhiteOrangeGoldBlue" time="0.000" timestamp="2018-10-19T20:33:01"/>
	<testcase classname="create_formatted_resistance_string_tests.CreateFormattedResistanceStringTests" name="testCreateFormattedResistanceStringFourBandWhiteOrangeGoldBrown" time="0.000" timestamp="2018-10-19T20:33:01"/>
	<testcase classname="create_formatted_resistance_string_tests.CreateFormattedResistanceStringTests" name="testCreateFormattedResistanceStringFourBandWhiteOrangeGoldGold" time="0.000" timestamp="2018-10-19T20:33:01"/>
	<testcase classname="create_formatted_resistance_string_tests.CreateFormattedResistanceStringTests" name="testCreateFormattedResistanceStringFourBandWhiteOrangeGoldGreen" time="0.000" timestamp="2018-10-19T20:33:01"/>
	<testcase classname="create_formatted_resistance_string_tests.CreateFormattedResistanceStringTests" name="testCreateFormattedResistanceStringFourBandWhiteOrangeGoldGrey" time="0.000" timestamp="2018-10-19T20:33:01"/>
	<testcase classname="create_formatted_resistance_string_tests.CreateFormattedResistanceStringTests" name="testCreateFormattedResistanceStringFourBandWhiteOrangeGoldNone" time="0.000" timestamp="2018-10-19T20:33:01"/>
	<testcase classname="create_formatted_resistance_string_tests.CreateFormattedResistanceStringTests" name="testCreateFormattedResistanceStringFourBandWhiteOrangeGoldRed" time="0.000" timestamp="2018-10-19T20:33:01"/>
	<testcase classname="create_formatted_resistance_string_tests.CreateFormattedResistanceStringTests" name="testCreateFormattedResistanceStringFourBandWhiteOrangeGoldSilver" time="0.000" timestamp="2018-10-19T20:33:01"/>
	<testcase classname="create_formatted_resistance_string_tests.CreateFormattedResistanceStringTests" name="testCreateFormattedResistanceStringFourBandWhiteOrangeGoldViolet" time="0.000" timestamp="2018-10-19T20:33:01"/>
	<testcase classname="create_formatted_resistance_string_tests.CreateFormattedResistanceStringTests" name="testCreateFormattedResistanceStringFourBandWhiteOrangeGreenBlue" time="0.000" timestamp="2018-10-19T20:33:01"/>
	<testcase classname="create_formatted_resistance_string_tests.CreateFormattedResistanceStringTests" name="testCreateFormattedResistanceStringFourBandWhiteOrangeGreenBrown" time="0.000" timestamp="2018-10-19T20:33:01"/>
	<testcase classname="create_formatted_resistance_string_tests.CreateFormattedResistanceStringTests" name="testCreateFormattedResistanceStringFourBandWhiteOrangeGreenGold" time="0.000" timestamp="2018-10-19T20:33:01"/>
	<testcase classname="create_formatted_resistance_string_tests.CreateFormattedResistanceStringTests" name="testCreateFormattedResistanceStringFourBandWhiteOrangeGreenGreen" time="0.000" timestamp="2018-10-19T20:33:01"/>
	<testcase classname="create_formatted_resistance_string_tests.CreateFormattedResistanceStringTests" name="testCreateFormattedResistanceStringFourBandWhiteOrangeGreenGrey" time="0.000" timestamp="2018-10-19T20:33:01"/>
	<testcase classname="create_formatted_resistance_string_tests.CreateFormattedResistanceStringTests" name="testCreateFormattedResistanceStringFourBandWhiteOrangeGreenNone" time="0.000" timestamp="2018-10-19T20:33:01"/>
	<testcase classname="create_formatted_resistance_string_tests.CreateFormattedResistanceStringTests" name="testCreateFormattedResistanceStringFourBandWhiteOrangeGreenRed" time="0.000" timestamp="2018-10-19T20:33:01"/>
	<testcase classname="create_formatted_resistance_string_tests.CreateFormattedResistanceStringTests" name="testCreateFormattedResistanceStringFourBandWhiteOrangeGreenSilver" time="0.000" timestamp="2018-10-19T20:33:01"/>
	<testcase classname="create_formatted_resistance_string_tests.CreateFormattedResistanceStringTests" name="testCreateFormattedResistanceStringFourBandWhiteOrangeGreenViolet" time="0.000" timestamp="2018-10-19T20:33:01"/>
	<testcase classname="create_formatted_resistance_string_tests.CreateFormattedResistanceStringTests" name="testCreateFormattedResistanceStringFourBandWhiteOrangeGreyBlue" time="0.000" timestamp="2018-10-19T20:33:01"/>
	<testcase classname="create_formatted_resistance_string_tests.CreateFormattedResistanceStringTests" name="testCreateFormattedResistanceStringFourBandWhiteOrangeGreyBrown" time="0.000" timestamp="2018-10-19T20:33:01"/>
	<testcase classname="create_formatted_resistance_string_tests.CreateFormattedResistanceStringTests" name="testCreateFormattedResistanceStringFourBandWhiteOrangeGreyGold" time="0.000" timestamp="2018-10-19T20:33:01"/>
	<testcase classname="create_formatted_resistance_string_tests.CreateFormattedResistanceStringTests" name="testCreateFormattedResistanceStringFourBandWhiteOrangeGreyGreen" time="0.000" timestamp="2018-10-19T20:33:01"/>
	<testcase classname="create_formatted_resistance_string_tests.CreateFormattedResistanceStringTests" name="testCreateFormattedResistanceStringFourBandWhiteOrangeGreyGrey" time="0.000" timestamp="2018-10-19T20:33:01"/>
	<testcase classname="create_formatted_resistance_string_tests.CreateFormattedResistanceStringTests" name="testCreateFormattedResistanceStringFourBandWhiteOrangeGreyNone" time="0.000" timestamp="2018-10-19T20:33:01"/>
	<testcase classname="create_formatted_resistance_string_tests.CreateFormattedResistanceStringTests" name="testCreateFormattedResistanceStringFourBandWhiteOrangeGreyRed" time="0.000" timestamp="2018-10-19T20:33:01"/>
	<testcase classname="create_formatted_resistance_string_tests.CreateFormattedResistanceStringTests" name="testCreateFormattedResistanceStringFourBandWhiteOrangeGreySilver" time="0.000" timestamp="2018-10-19T20:33:01"/>
	<testcase classname="create_formatted_resistance_string_tests.CreateFormattedResistanceStringTests" name="testCreateFormattedResistanceStringFourBandWhiteOrangeGreyViolet" time="0.000" timestamp="2018-10-19T20:33:01"/>
	<testcase classname="create_formatted_resistance_string_tests.CreateFormattedResistanceStringTests" name="testCreateFormattedResistanceStringFourBandWhiteOrangeOrangeBlue" time="0.000" timestamp="2018-10-19T20:33:01"/>
	<testcase classname="create_formatted_resistance_string_tests.CreateFormattedResistanceStringTests" name="testCreateFormattedResistanceStringFourBandWhiteOrangeOrangeBrown" time="0.000" timestamp="2018-10-19T20:33:01"/>
	<testcase classname="create_formatted_resistance_string_tests.CreateFormattedResistanceStringTests" name="testCreateFormattedResistanceStringFourBandWhiteOrangeOrangeGold" time="0.000" timestamp="2018-10-19T20:33:01"/>
	<testcase classname="create_formatted_resistance_string_tests.CreateFormattedResistanceStringTests" name="testCreateFormattedResistanceStringFourBandWhiteOrangeOrangeGreen" time="0.000" timestamp="2018-10-19T20:33:01"/>
	<testcase classname="create_formatted_resistance_string_tests.CreateFormattedResistanceStringTests" name="testCreateFormattedResistanceStringFourBandWhiteOrangeOrangeGrey" time="0.000" timestamp="2018-10-19T20:33:01"/>
	<testcase classname="create_formatted_resistance_string_tests.CreateFormattedResistanceStringTests" name="testCreateFormattedResistanceStringFourBandWhiteOrangeOrangeNone" time="0.000" timestamp="2018-10-19T20:33:01"/>
	<testcase classname="create_formatted_resistance_string_tests.CreateFormattedResistanceStringTests" name="testCreateFormattedResistanceStringFourBandWhiteOrangeOrangeRed" time="0.000" timestamp="2018-10-19T20:33:01"/>
	<testcase classname="create_formatted_resistance_string_tests.CreateFormattedResistanceStringTests" name="testCreateFormattedResistanceStringFourBandWhiteOrangeOrangeSilver" time="0.000" timestamp="2018-10-19T20:33:01"/>
	<testcase classname="create_formatted_resistance_string_tests.CreateFormattedResistanceStringTests" name="testCreateFormattedResistanceStringFourBandWhiteOrangeOrangeViolet" time="0.000" timestamp="2018-10-19T20:33:01"/>
	<testcase classname="create_formatted_resistance_string_tests.CreateFormattedResistanceStringTests" name="testCreateFormattedResistanceStringFourBandWhiteOrangeRedBlue" time="0.000" timestamp="2018-10-19T20:33:01"/>
	<testcase classname="create_formatted_resistance_string_tests.CreateFormattedResistanceStringTests" name="testCreateFormattedResistanceStringFourBandWhiteOrangeRedBrown" time="0.000" timestamp="2018-10-19T20:33:01"/>
	<testcase classname="create_formatted_resistance_string_tests.CreateFormattedResistanceStringTests" name="testCreateFormattedResistanceStringFourBandWhiteOrangeRedGold" time="0.000" timestamp="2018-10-19T20:33:01"/>
	<testcase classname="create_formatted_resistance_string_tests.CreateFormattedResistanceStringTests" name="testCreateFormattedResistanceStringFourBandWhiteOrangeRedGreen" time="0.000" timestamp="2018-10-19T20:33:01"/>
	<testcase classname="create_formatted_resistance_string_tests.CreateFormattedResistanceStringTests" name="testCreateFormattedResistanceStringFourBandWhiteOrangeRedGrey" time="0.000" timestamp="2018-10-19T20:33:01"/>
	<testcase classname="create_formatted_resistance_string_tests.CreateFormattedResistanceStringTests" name="testCreateFormattedResistanceStringFourBandWhiteOrangeRedNone" time="0.000" timestamp="2018-10-19T20:33:01"/>
	<testcase classname="create_formatted_resistance_string_tests.CreateFormattedResistanceStringTests" name="testCreateFormattedResistanceStringFourBandWhiteOrangeRedRed" time="0.000" timestamp="2018-10-19T20:33:01"/>
	<testcase classname="create_formatted_resistance_string_tests.CreateFormattedResistanceStringTests" name="testCreateFormattedResistanceStringFourBandWhiteOrangeRedSilver" time="0.000" timestamp="2018-10-19T20:33:01"/>
	<testcase classname="create_formatted_resistance_string_tests.CreateFormattedResistanceStringTests" name="testCreateFormattedResistanceStringFourBandWhiteOrangeRedViolet" time="0.000" timestamp="2018-10-19T20:33:01"/>
	<testcase classname="create_formatted_resistance_string_tests.CreateFormattedResistanceStringTests" name="testCreateFormattedResistanceStringFourBandWhiteOrangeSilverBlue" time="0.000" timestamp="2018-10-19T20:33:01"/>
	<testcase classname="create_formatted_resistance_string_tests.CreateFormattedResistanceStringTests" name="testCreateFormattedResistanceStringFourBandWhiteOrangeSilverBrown" time="0.000" timestamp="2018-10-19T20:33:01"/>
	<testcase classname="create_formatted_resistance_string_tests.CreateFormattedResistanceStringTests" name="testCreateFormattedResistanceStringFourBandWhiteOrangeSilverGold" time="0.000" timestamp="2018-10-19T20:33:01"/>
	<testcase classname="create_formatted_resistance_string_tests.CreateFormattedResistanceStringTests" name="testCreateFormattedResistanceStringFourBandWhiteOrangeSilverGreen" time="0.000" timestamp="2018-10-19T20:33:01"/>
	<testcase classname="create_formatted_resistance_string_tests.CreateFormattedResistanceStringTests" name="testCreateFormattedResistanceStringFourBandWhiteOrangeSilverGrey" time="0.000" timestamp="2018-10-19T20:33:01"/>
	<testcase classname="create_formatted_resistance_string_tests.CreateFormattedResistanceStringTests" name="testCreateFormattedResistanceStringFourBandWhiteOrangeSilverNone" time="0.000" timestamp="2018-10-19T20:33:01"/>
	<testcase classname="create_formatted_resistance_string_tests.CreateFormattedResistanceStringTests" name="testCreateFormattedResistanceStringFourBandWhiteOrangeSilverRed" time="0.000" timestamp="2018-10-19T20:33:01"/>
	<testcase classname="create_formatted_resistance_string_tests.CreateFormattedResistanceStringTests" name="testCreateFormattedResistanceStringFourBandWhiteOrangeSilverSilver" time="0.000" timestamp="2018-10-19T20:33:01"/>
	<testcase classname="create_formatted_resistance_string_tests.CreateFormattedResistanceStringTests" name="testCreateFormattedResistanceStringFourBandWhiteOrangeSilverViolet" time="0.000" timestamp="2018-10-19T20:33:01"/>
	<testcase classname="create_formatted_resistance_string_tests.CreateFormattedResistanceStringTests" name="testCreateFormattedResistanceStringFourBandWhiteOrangeVioletBlue" time="0.000" timestamp="2018-10-19T20:33:01"/>
	<testcase classname="create_formatted_resistance_string_tests.CreateFormattedResistanceStringTests" name="testCreateFormattedResistanceStringFourBandWhiteOrangeVioletBrown" time="0.000" timestamp="2018-10-19T20:33:01"/>
	<testcase classname="create_formatted_resistance_string_tests.CreateFormattedResistanceStringTests" name="testCreateFormattedResistanceStringFourBandWhiteOrangeVioletGold" time="0.000" timestamp="2018-10-19T20:33:01"/>
	<testcase classname="create_formatted_resistance_string_tests.CreateFormattedResistanceStringTests" name="testCreateFormattedResistanceStringFourBandWhiteOrangeVioletGreen" time="0.000" timestamp="2018-10-19T20:33:01"/>
	<testcase classname="create_formatted_resistance_string_tests.CreateFormattedResistanceStringTests" name="testCreateFormattedResistanceStringFourBandWhiteOrangeVioletGrey" time="0.000" timestamp="2018-10-19T20:33:01"/>
	<testcase classname="create_formatted_resistance_string_tests.CreateFormattedResistanceStringTests" name="testCreateFormattedResistanceStringFourBandWhiteOrangeVioletNone" time="0.000" timestamp="2018-10-19T20:33:01"/>
	<testcase classname="create_formatted_resistance_string_tests.CreateFormattedResistanceStringTests" name="testCreateFormattedResistanceStringFourBandWhiteOrangeVioletRed" time="0.000" timestamp="2018-10-19T20:33:01"/>
	<testcase classname="create_formatted_resistance_string_tests.CreateFormattedResistanceStringTests" name="testCreateFormattedResistanceStringFourBandWhiteOrangeVioletSilver" time="0.000" timestamp="2018-10-19T20:33:01"/>
	<testcase classname="create_formatted_resistance_string_tests.CreateFormattedResistanceStringTests" name="testCreateFormattedResistanceStringFourBandWhiteOrangeVioletViolet" time="0.000" timestamp="2018-10-19T20:33:01"/>
	<testcase classname="create_formatted_resistance_string_tests.CreateFormattedResistanceStringTests" name="testCreateFormattedResistanceStringFourBandWhiteOrangeWhiteBlue" time="0.000" timestamp="2018-10-19T20:33:01"/>
	<testcase classname="create_formatted_resistance_string_tests.CreateFormattedResistanceStringTests" name="testCreateFormattedResistanceStringFourBandWhiteOrangeWhiteBrown" time="0.000" timestamp="2018-10-19T20:33:01"/>
	<testcase classname="create_formatted_resistance_string_tests.CreateFormattedResistanceStringTests" name="testCreateFormattedResistanceStringFourBandWhiteOrangeWhiteGold" time="0.000" timestamp="2018-10-19T20:33:01"/>
	<testcase classname="create_formatted_resistance_string_tests.CreateFormattedResistanceStringTests" name="testCreateFormattedResistanceStringFourBandWhiteOrangeWhiteGreen" time="0.000" timestamp="2018-10-19T20:33:01"/>
	<testcase classname="create_formatted_resistance_string_tests.CreateFormattedResistanceStringTests" name="testCreateFormattedResistanceStringFourBandWhiteOrangeWhiteGrey" time="0.000" timestamp="2018-10-19T20:33:01"/>
	<testcase classname="create_formatted_resistance_string_tests.CreateFormattedResistanceStringTests" name="testCreateFormattedResistanceStringFourBandWhiteOrangeWhiteNone" time="0.000" timestamp="2018-10-19T20:33:01"/>
	<testcase classname="create_formatted_resistance_string_tests.CreateFormattedResistanceStringTests" name="testCreateFormattedResistanceStringFourBandWhiteOrangeWhiteRed" time="0.000" timestamp="2018-10-19T20:33:01"/>
	<testcase classname="create_formatted_resistance_string_tests.CreateFormattedResistanceStringTests" name="testCreateFormattedResistanceStringFourBandWhiteOrangeWhiteSilver" time="0.000" timestamp="2018-10-19T20:33:01"/>
	<testcase classname="create_formatted_resistance_string_tests.CreateFormattedResistanceStringTests" name="testCreateFormattedResistanceStringFourBandWhiteOrangeWhiteViolet" time="0.000" timestamp="2018-10-19T20:33:01"/>
	<testcase classname="create_formatted_resistance_string_tests.CreateFormattedResistanceStringTests" name="testCreateFormattedResistanceStringFourBandWhiteOrangeYellowBlue" time="0.000" timestamp="2018-10-19T20:33:01"/>
	<testcase classname="create_formatted_resistance_string_tests.CreateFormattedResistanceStringTests" name="testCreateFormattedResistanceStringFourBandWhiteOrangeYellowBrown" time="0.000" timestamp="2018-10-19T20:33:01"/>
	<testcase classname="create_formatted_resistance_string_tests.CreateFormattedResistanceStringTests" name="testCreateFormattedResistanceStringFourBandWhiteOrangeYellowGold" time="0.000" timestamp="2018-10-19T20:33:01"/>
	<testcase classname="create_formatted_resistance_string_tests.CreateFormattedResistanceStringTests" name="testCreateFormattedResistanceStringFourBandWhiteOrangeYellowGreen" time="0.000" timestamp="2018-10-19T20:33:01"/>
	<testcase classname="create_formatted_resistance_string_tests.CreateFormattedResistanceStringTests" name="testCreateFormattedResistanceStringFourBandWhiteOrangeYellowGrey" time="0.000" timestamp="2018-10-19T20:33:01"/>
	<testcase classname="create_formatted_resistance_string_tests.CreateFormattedResistanceStringTests" name="testCreateFormattedResistanceStringFourBandWhiteOrangeYellowNone" time="0.000" timestamp="2018-10-19T20:33:01"/>
	<testcase classname="create_formatted_resistance_string_tests.CreateFormattedResistanceStringTests" name="testCreateFormattedResistanceStringFourBandWhiteOrangeYellowRed" time="0.000" timestamp="2018-10-19T20:33:01"/>
	<testcase classname="create_formatted_resistance_string_tests.CreateFormattedResistanceStringTests" name="testCreateFormattedResistanceStringFourBandWhiteOrangeYellowSilver" time="0.000" timestamp="2018-10-19T20:33:01"/>
	<testcase classname="create_formatted_resistance_string_tests.CreateFormattedResistanceStringTests" name="testCreateFormattedResistanceStringFourBandWhiteOrangeYellowViolet" time="0.000" timestamp="2018-10-19T20:33:01"/>
	<testcase classname="create_formatted_resistance_string_tests.CreateFormattedResistanceStringTests" name="testCreateFormattedResistanceStringFourBandWhiteRedBlackBlue" time="0.000" timestamp="2018-10-19T20:33:01"/>
	<testcase classname="create_formatted_resistance_string_tests.CreateFormattedResistanceStringTests" name="testCreateFormattedResistanceStringFourBandWhiteRedBlackBrown" time="0.000" timestamp="2018-10-19T20:33:01"/>
	<testcase classname="create_formatted_resistance_string_tests.CreateFormattedResistanceStringTests" name="testCreateFormattedResistanceStringFourBandWhiteRedBlackGold" time="0.000" timestamp="2018-10-19T20:33:01"/>
	<testcase classname="create_formatted_resistance_string_tests.CreateFormattedResistanceStringTests" name="testCreateFormattedResistanceStringFourBandWhiteRedBlackGreen" time="0.000" timestamp="2018-10-19T20:33:01"/>
	<testcase classname="create_formatted_resistance_string_tests.CreateFormattedResistanceStringTests" name="testCreateFormattedResistanceStringFourBandWhiteRedBlackGrey" time="0.000" timestamp="2018-10-19T20:33:01"/>
	<testcase classname="create_formatted_resistance_string_tests.CreateFormattedResistanceStringTests" name="testCreateFormattedResistanceStringFourBandWhiteRedBlackNone" time="0.000" timestamp="2018-10-19T20:33:01"/>
	<testcase classname="create_formatted_resistance_string_tests.CreateFormattedResistanceStringTests" name="testCreateFormattedResistanceStringFourBandWhiteRedBlackRed" time="0.000" timestamp="2018-10-19T20:33:01"/>
	<testcase classname="create_formatted_resistance_string_tests.CreateFormattedResistanceStringTests" name="testCreateFormattedResistanceStringFourBandWhiteRedBlackSilver" time="0.000" timestamp="2018-10-19T20:33:01"/>
	<testcase classname="create_formatted_resistance_string_tests.CreateFormattedResistanceStringTests" name="testCreateFormattedResistanceStringFourBandWhiteRedBlackViolet" time="0.000" timestamp="2018-10-19T20:33:01"/>
	<testcase classname="create_formatted_resistance_string_tests.CreateFormattedResistanceStringTests" name="testCreateFormattedResistanceStringFourBandWhiteRedBlueBlue" time="0.000" timestamp="2018-10-19T20:33:01"/>
	<testcase classname="create_formatted_resistance_string_tests.CreateFormattedResistanceStringTests" name="testCreateFormattedResistanceStringFourBandWhiteRedBlueBrown" time="0.000" timestamp="2018-10-19T20:33:01"/>
	<testcase classname="create_formatted_resistance_string_tests.CreateFormattedResistanceStringTests" name="testCreateFormattedResistanceStringFourBandWhiteRedBlueGold" time="0.000" timestamp="2018-10-19T20:33:01"/>
	<testcase classname="create_formatted_resistance_string_tests.CreateFormattedResistanceStringTests" name="testCreateFormattedResistanceStringFourBandWhiteRedBlueGreen" time="0.000" timestamp="2018-10-19T20:33:01"/>
	<testcase classname="create_formatted_resistance_string_tests.CreateFormattedResistanceStringTests" name="testCreateFormattedResistanceStringFourBandWhiteRedBlueGrey" time="0.000" timestamp="2018-10-19T20:33:01"/>
	<testcase classname="create_formatted_resistance_string_tests.CreateFormattedResistanceStringTests" name="testCreateFormattedResistanceStringFourBandWhiteRedBlueNone" time="0.000" timestamp="2018-10-19T20:33:01"/>
	<testcase classname="create_formatted_resistance_string_tests.CreateFormattedResistanceStringTests" name="testCreateFormattedResistanceStringFourBandWhiteRedBlueRed" time="0.000" timestamp="2018-10-19T20:33:01"/>
	<testcase classname="create_formatted_resistance_string_tests.CreateFormattedResistanceStringTests" name="testCreateFormattedResistanceStringFourBandWhiteRedBlueSilver" time="0.000" timestamp="2018-10-19T20:33:01"/>
	<testcase classname="create_formatted_resistance_string_tests.CreateFormattedResistanceStringTests" name="testCreateFormattedResistanceStringFourBandWhiteRedBlueViolet" time="0.000" timestamp="2018-10-19T20:33:01"/>
	<testcase classname="create_formatted_resistance_string_tests.CreateFormattedResistanceStringTests" name="testCreateFormattedResistanceStringFourBandWhiteRedBrownBlue" time="0.000" timestamp="2018-10-19T20:33:01"/>
	<testcase classname="create_formatted_resistance_string_tests.CreateFormattedResistanceStringTests" name="testCreateFormattedResistanceStringFourBandWhiteRedBrownBrown" time="0.000" timestamp="2018-10-19T20:33:01"/>
	<testcase classname="create_formatted_resistance_string_tests.CreateFormattedResistanceStringTests" name="testCreateFormattedResistanceStringFourBandWhiteRedBrownGold" time="0.000" timestamp="2018-10-19T20:33:01"/>
	<testcase classname="create_formatted_resistance_string_tests.CreateFormattedResistanceStringTests" name="testCreateFormattedResistanceStringFourBandWhiteRedBrownGreen" time="0.000" timestamp="2018-10-19T20:33:01"/>
	<testcase classname="create_formatted_resistance_string_tests.CreateFormattedResistanceStringTests" name="testCreateFormattedResistanceStringFourBandWhiteRedBrownGrey" time="0.000" timestamp="2018-10-19T20:33:01"/>
	<testcase classname="create_formatted_resistance_string_tests.CreateFormattedResistanceStringTests" name="testCreateFormattedResistanceStringFourBandWhiteRedBrownNone" time="0.000" timestamp="2018-10-19T20:33:01"/>
	<testcase classname="create_formatted_resistance_string_tests.CreateFormattedResistanceStringTests" name="testCreateFormattedResistanceStringFourBandWhiteRedBrownRed" time="0.000" timestamp="2018-10-19T20:33:01"/>
	<testcase classname="create_formatted_resistance_string_tests.CreateFormattedResistanceStringTests" name="testCreateFormattedResistanceStringFourBandWhiteRedBrownSilver" time="0.000" timestamp="2018-10-19T20:33:01"/>
	<testcase classname="create_formatted_resistance_string_tests.CreateFormattedResistanceStringTests" name="testCreateFormattedResistanceStringFourBandWhiteRedBrownViolet" time="0.000" timestamp="2018-10-19T20:33:01"/>
	<testcase classname="create_formatted_resistance_string_tests.CreateFormattedResistanceStringTests" name="testCreateFormattedResistanceStringFourBandWhiteRedGoldBlue" time="0.000" timestamp="2018-10-19T20:33:01"/>
	<testcase classname="create_formatted_resistance_string_tests.CreateFormattedResistanceStringTests" name="testCreateFormattedResistanceStringFourBandWhiteRedGoldBrown" time="0.000" timestamp="2018-10-19T20:33:01"/>
	<testcase classname="create_formatted_resistance_string_tests.CreateFormattedResistanceStringTests" name="testCreateFormattedResistanceStringFourBandWhiteRedGoldGold" time="0.000" timestamp="2018-10-19T20:33:01"/>
	<testcase classname="create_formatted_resistance_string_tests.CreateFormattedResistanceStringTests" name="testCreateFormattedResistanceStringFourBandWhiteRedGoldGreen" time="0.000" timestamp="2018-10-19T20:33:01"/>
	<testcase classname="create_formatted_resistance_string_tests.CreateFormattedResistanceStringTests" name="testCreateFormattedResistanceStringFourBandWhiteRedGoldGrey" time="0.000" timestamp="2018-10-19T20:33:01"/>
	<testcase classname="create_formatted_resistance_string_tests.CreateFormattedResistanceStringTests" name="testCreateFormattedResistanceStringFourBandWhiteRedGoldNone" time="0.000" timestamp="2018-10-19T20:33:01"/>
	<testcase classname="create_formatted_resistance_string_tests.CreateFormattedResistanceStringTests" name="testCreateFormattedResistanceStringFourBandWhiteRedGoldRed" time="0.000" timestamp="2018-10-19T20:33:01"/>
	<testcase classname="create_formatted_resistance_string_tests.CreateFormattedResistanceStringTests" name="testCreateFormattedResistanceStringFourBandWhiteRedGoldSilver" time="0.000" timestamp="2018-10-19T20:33:01"/>
	<testcase classname="create_formatted_resistance_string_tests.CreateFormattedResistanceStringTests" name="testCreateFormattedResistanceStringFourBandWhiteRedGoldViolet" time="0.000" timestamp="2018-10-19T20:33:01"/>
	<testcase classname="create_formatted_resistance_string_tests.CreateFormattedResistanceStringTests" name="testCreateFormattedResistanceStringFourBandWhiteRedGreenBlue" time="0.000" timestamp="2018-10-19T20:33:01"/>
	<testcase classname="create_formatted_resistance_string_tests.CreateFormattedResistanceStringTests" name="testCreateFormattedResistanceStringFourBandWhiteRedGreenBrown" time="0.000" timestamp="2018-10-19T20:33:01"/>
	<testcase classname="create_formatted_resistance_string_tests.CreateFormattedResistanceStringTests" name="testCreateFormattedResistanceStringFourBandWhiteRedGreenGold" time="0.000" timestamp="2018-10-19T20:33:01"/>
	<testcase classname="create_formatted_resistance_string_tests.CreateFormattedResistanceStringTests" name="testCreateFormattedResistanceStringFourBandWhiteRedGreenGreen" time="0.000" timestamp="2018-10-19T20:33:01"/>
	<testcase classname="create_formatted_resistance_string_tests.CreateFormattedResistanceStringTests" name="testCreateFormattedResistanceStringFourBandWhiteRedGreenGrey" time="0.000" timestamp="2018-10-19T20:33:01"/>
	<testcase classname="create_formatted_resistance_string_tests.CreateFormattedResistanceStringTests" name="testCreateFormattedResistanceStringFourBandWhiteRedGreenNone" time="0.000" timestamp="2018-10-19T20:33:01"/>
	<testcase classname="create_formatted_resistance_string_tests.CreateFormattedResistanceStringTests" name="testCreateFormattedResistanceStringFourBandWhiteRedGreenRed" time="0.000" timestamp="2018-10-19T20:33:01"/>
	<testcase classname="create_formatted_resistance_string_tests.CreateFormattedResistanceStringTests" name="testCreateFormattedResistanceStringFourBandWhiteRedGreenSilver" time="0.000" timestamp="2018-10-19T20:33:01"/>
	<testcase classname="create_formatted_resistance_string_tests.CreateFormattedResistanceStringTests" name="testCreateFormattedResistanceStringFourBandWhiteRedGreenViolet" time="0.000" timestamp="2018-10-19T20:33:01"/>
	<testcase classname="create_formatted_resistance_string_tests.CreateFormattedResistanceStringTests" name="testCreateFormattedResistanceStringFourBandWhiteRedGreyBlue" time="0.000" timestamp="2018-10-19T20:33:01"/>
	<testcase classname="create_formatted_resistance_string_tests.CreateFormattedResistanceStringTests" name="testCreateFormattedResistanceStringFourBandWhiteRedGreyBrown" time="0.000" timestamp="2018-10-19T20:33:01"/>
	<testcase classname="create_formatted_resistance_string_tests.CreateFormattedResistanceStringTests" name="testCreateFormattedResistanceStringFourBandWhiteRedGreyGold" time="0.000" timestamp="2018-10-19T20:33:01"/>
	<testcase classname="create_formatted_resistance_string_tests.CreateFormattedResistanceStringTests" name="testCreateFormattedResistanceStringFourBandWhiteRedGreyGreen" time="0.000" timestamp="2018-10-19T20:33:01"/>
	<testcase classname="create_formatted_resistance_string_tests.CreateFormattedResistanceStringTests" name="testCreateFormattedResistanceStringFourBandWhiteRedGreyGrey" time="0.000" timestamp="2018-10-19T20:33:01"/>
	<testcase classname="create_formatted_resistance_string_tests.CreateFormattedResistanceStringTests" name="testCreateFormattedResistanceStringFourBandWhiteRedGreyNone" time="0.000" timestamp="2018-10-19T20:33:01"/>
	<testcase classname="create_formatted_resistance_string_tests.CreateFormattedResistanceStringTests" name="testCreateFormattedResistanceStringFourBandWhiteRedGreyRed" time="0.000" timestamp="2018-10-19T20:33:01"/>
	<testcase classname="create_formatted_resistance_string_tests.CreateFormattedResistanceStringTests" name="testCreateFormattedResistanceStringFourBandWhiteRedGreySilver" time="0.000" timestamp="2018-10-19T20:33:01"/>
	<testcase classname="create_formatted_resistance_string_tests.CreateFormattedResistanceStringTests" name="testCreateFormattedResistanceStringFourBandWhiteRedGreyViolet" time="0.000" timestamp="2018-10-19T20:33:01"/>
	<testcase classname="create_formatted_resistance_string_tests.CreateFormattedResistanceStringTests" name="testCreateFormattedResistanceStringFourBandWhiteRedOrangeBlue" time="0.000" timestamp="2018-10-19T20:33:01"/>
	<testcase classname="create_formatted_resistance_string_tests.CreateFormattedResistanceStringTests" name="testCreateFormattedResistanceStringFourBandWhiteRedOrangeBrown" time="0.000" timestamp="2018-10-19T20:33:01"/>
	<testcase classname="create_formatted_resistance_string_tests.CreateFormattedResistanceStringTests" name="testCreateFormattedResistanceStringFourBandWhiteRedOrangeGold" time="0.000" timestamp="2018-10-19T20:33:01"/>
	<testcase classname="create_formatted_resistance_string_tests.CreateFormattedResistanceStringTests" name="testCreateFormattedResistanceStringFourBandWhiteRedOrangeGreen" time="0.000" timestamp="2018-10-19T20:33:01"/>
	<testcase classname="create_formatted_resistance_string_tests.CreateFormattedResistanceStringTests" name="testCreateFormattedResistanceStringFourBandWhiteRedOrangeGrey" time="0.000" timestamp="2018-10-19T20:33:01"/>
	<testcase classname="create_formatted_resistance_string_tests.CreateFormattedResistanceStringTests" name="testCreateFormattedResistanceStringFourBandWhiteRedOrangeNone" time="0.000" timestamp="2018-10-19T20:33:01"/>
	<testcase classname="create_formatted_resistance_string_tests.CreateFormattedResistanceStringTests" name="testCreateFormattedResistanceStringFourBandWhiteRedOrangeRed" time="0.000" timestamp="2018-10-19T20:33:01"/>
	<testcase classname="create_formatted_resistance_string_tests.CreateFormattedResistanceStringTests" name="testCreateFormattedResistanceStringFourBandWhiteRedOrangeSilver" time="0.000" timestamp="2018-10-19T20:33:01"/>
	<testcase classname="create_formatted_resistance_string_tests.CreateFormattedResistanceStringTests" name="testCreateFormattedResistanceStringFourBandWhiteRedOrangeViolet" time="0.000" timestamp="2018-10-19T20:33:01"/>
	<testcase classname="create_formatted_resistance_string_tests.CreateFormattedResistanceStringTests" name="testCreateFormattedResistanceStringFourBandWhiteRedRedBlue" time="0.000" timestamp="2018-10-19T20:33:01"/>
	<testcase classname="create_formatted_resistance_string_tests.CreateFormattedResistanceStringTests" name="testCreateFormattedResistanceStringFourBandWhiteRedRedBrown" time="0.000" timestamp="2018-10-19T20:33:01"/>
	<testcase classname="create_formatted_resistance_string_tests.CreateFormattedResistanceStringTests" name="testCreateFormattedResistanceStringFourBandWhiteRedRedGold" time="0.000" timestamp="2018-10-19T20:33:01"/>
	<testcase classname="create_formatted_resistance_string_tests.CreateFormattedResistanceStringTests" name="testCreateFormattedResistanceStringFourBandWhiteRedRedGreen" time="0.000" timestamp="2018-10-19T20:33:01"/>
	<testcase classname="create_formatted_resistance_string_tests.CreateFormattedResistanceStringTests" name="testCreateFormattedResistanceStringFourBandWhiteRedRedGrey" time="0.000" timestamp="2018-10-19T20:33:01"/>
	<testcase classname="create_formatted_resistance_string_tests.CreateFormattedResistanceStringTests" name="testCreateFormattedResistanceStringFourBandWhiteRedRedNone" time="0.000" timestamp="2018-10-19T20:33:01"/>
	<testcase classname="create_formatted_resistance_string_tests.CreateFormattedResistanceStringTests" name="testCreateFormattedResistanceStringFourBandWhiteRedRedRed" time="0.000" timestamp="2018-10-19T20:33:01"/>
	<testcase classname="create_formatted_resistance_string_tests.CreateFormattedResistanceStringTests" name="testCreateFormattedResistanceStringFourBandWhiteRedRedSilver" time="0.000" timestamp="2018-10-19T20:33:01"/>
	<testcase classname="create_formatted_resistance_string_tests.CreateFormattedResistanceStringTests" name="testCreateFormattedResistanceStringFourBandWhiteRedRedViolet" time="0.000" timestamp="2018-10-19T20:33:01"/>
	<testcase classname="create_formatted_resistance_string_tests.CreateFormattedResistanceStringTests" name="testCreateFormattedResistanceStringFourBandWhiteRedSilverBlue" time="0.000" timestamp="2018-10-19T20:33:01"/>
	<testcase classname="create_formatted_resistance_string_tests.CreateFormattedResistanceStringTests" name="testCreateFormattedResistanceStringFourBandWhiteRedSilverBrown" time="0.000" timestamp="2018-10-19T20:33:01"/>
	<testcase classname="create_formatted_resistance_string_tests.CreateFormattedResistanceStringTests" name="testCreateFormattedResistanceStringFourBandWhiteRedSilverGold" time="0.000" timestamp="2018-10-19T20:33:01"/>
	<testcase classname="create_formatted_resistance_string_tests.CreateFormattedResistanceStringTests" name="testCreateFormattedResistanceStringFourBandWhiteRedSilverGreen" time="0.000" timestamp="2018-10-19T20:33:01"/>
	<testcase classname="create_formatted_resistance_string_tests.CreateFormattedResistanceStringTests" name="testCreateFormattedResistanceStringFourBandWhiteRedSilverGrey" time="0.000" timestamp="2018-10-19T20:33:01"/>
	<testcase classname="create_formatted_resistance_string_tests.CreateFormattedResistanceStringTests" name="testCreateFormattedResistanceStringFourBandWhiteRedSilverNone" time="0.000" timestamp="2018-10-19T20:33:01"/>
	<testcase classname="create_formatted_resistance_string_tests.CreateFormattedResistanceStringTests" name="testCreateFormattedResistanceStringFourBandWhiteRedSilverRed" time="0.000" timestamp="2018-10-19T20:33:01"/>
	<testcase classname="create_formatted_resistance_string_tests.CreateFormattedResistanceStringTests" name="testCreateFormattedResistanceStringFourBandWhiteRedSilverSilver" time="0.000" timestamp="2018-10-19T20:33:01"/>
	<testcase classname="create_formatted_resistance_string_tests.CreateFormattedResistanceStringTests" name="testCreateFormattedResistanceStringFourBandWhiteRedSilverViolet" time="0.000" timestamp="2018-10-19T20:33:01"/>
	<testcase classname="create_formatted_resistance_string_tests.CreateFormattedResistanceStringTests" name="testCreateFormattedResistanceStringFourBandWhiteRedVioletBlue" time="0.000" timestamp="2018-10-19T20:33:01"/>
	<testcase classname="create_formatted_resistance_string_tests.CreateFormattedResistanceStringTests" name="testCreateFormattedResistanceStringFourBandWhiteRedVioletBrown" time="0.000" timestamp="2018-10-19T20:33:01"/>
	<testcase classname="create_formatted_resistance_string_tests.CreateFormattedResistanceStringTests" name="testCreateFormattedResistanceStringFourBandWhiteRedVioletGold" time="0.000" timestamp="2018-10-19T20:33:01"/>
	<testcase classname="create_formatted_resistance_string_tests.CreateFormattedResistanceStringTests" name="testCreateFormattedResistanceStringFourBandWhiteRedVioletGreen" time="0.000" timestamp="2018-10-19T20:33:01"/>
	<testcase classname="create_formatted_resistance_string_tests.CreateFormattedResistanceStringTests" name="testCreateFormattedResistanceStringFourBandWhiteRedVioletGrey" time="0.000" timestamp="2018-10-19T20:33:01"/>
	<testcase classname="create_formatted_resistance_string_tests.CreateFormattedResistanceStringTests" name="testCreateFormattedResistanceStringFourBandWhiteRedVioletNone" time="0.000" timestamp="2018-10-19T20:33:01"/>
	<testcase classname="create_formatted_resistance_string_tests.CreateFormattedResistanceStringTests" name="testCreateFormattedResistanceStringFourBandWhiteRedVioletRed" time="0.000" timestamp="2018-10-19T20:33:01"/>
	<testcase classname="create_formatted_resistance_string_tests.CreateFormattedResistanceStringTests" name="testCreateFormattedResistanceStringFourBandWhiteRedVioletSilver" time="0.000" timestamp="2018-10-19T20:33:01"/>
	<testcase classname="create_formatted_resistance_string_tests.CreateFormattedResistanceStringTests" name="testCreateFormattedResistanceStringFourBandWhiteRedVioletViolet" time="0.000" timestamp="2018-10-19T20:33:01"/>
	<testcase classname="create_formatted_resistance_string_tests.CreateFormattedResistanceStringTests" name="testCreateFormattedResistanceStringFourBandWhiteRedWhiteBlue" time="0.000" timestamp="2018-10-19T20:33:01"/>
	<testcase classname="create_formatted_resistance_string_tests.CreateFormattedResistanceStringTests" name="testCreateFormattedResistanceStringFourBandWhiteRedWhiteBrown" time="0.000" timestamp="2018-10-19T20:33:01"/>
	<testcase classname="create_formatted_resistance_string_tests.CreateFormattedResistanceStringTests" name="testCreateFormattedResistanceStringFourBandWhiteRedWhiteGold" time="0.000" timestamp="2018-10-19T20:33:01"/>
	<testcase classname="create_formatted_resistance_string_tests.CreateFormattedResistanceStringTests" name="testCreateFormattedResistanceStringFourBandWhiteRedWhiteGreen" time="0.000" timestamp="2018-10-19T20:33:01"/>
	<testcase classname="create_formatted_resistance_string_tests.CreateFormattedResistanceStringTests" name="testCreateFormattedResistanceStringFourBandWhiteRedWhiteGrey" time="0.000" timestamp="2018-10-19T20:33:01"/>
	<testcase classname="create_formatted_resistance_string_tests.CreateFormattedResistanceStringTests" name="testCreateFormattedResistanceStringFourBandWhiteRedWhiteNone" time="0.000" timestamp="2018-10-19T20:33:01"/>
	<testcase classname="create_formatted_resistance_string_tests.CreateFormattedResistanceStringTests" name="testCreateFormattedResistanceStringFourBandWhiteRedWhiteRed" time="0.000" timestamp="2018-10-19T20:33:01"/>
	<testcase classname="create_formatted_resistance_string_tests.CreateFormattedResistanceStringTests" name="testCreateFormattedResistanceStringFourBandWhiteRedWhiteSilver" time="0.000" timestamp="2018-10-19T20:33:01"/>
	<testcase classname="create_formatted_resistance_string_tests.CreateFormattedResistanceStringTests" name="testCreateFormattedResistanceStringFourBandWhiteRedWhiteViolet" time="0.000" timestamp="2018-10-19T20:33:01"/>
	<testcase classname="create_formatted_resistance_string_tests.CreateFormattedResistanceStringTests" name="testCreateFormattedResistanceStringFourBandWhiteRedYellowBlue" time="0.000" timestamp="2018-10-19T20:33:01"/>
	<testcase classname="create_formatted_resistance_string_tests.CreateFormattedResistanceStringTests" name="testCreateFormattedResistanceStringFourBandWhiteRedYellowBrown" time="0.000" timestamp="2018-10-19T20:33:01"/>
	<testcase classname="create_formatted_resistance_string_tests.CreateFormattedResistanceStringTests" name="testCreateFormattedResistanceStringFourBandWhiteRedYellowGold" time="0.000" timestamp="2018-10-19T20:33:01"/>
	<testcase classname="create_formatted_resistance_string_tests.CreateFormattedResistanceStringTests" name="testCreateFormattedResistanceStringFourBandWhiteRedYellowGreen" time="0.000" timestamp="2018-10-19T20:33:01"/>
	<testcase classname="create_formatted_resistance_string_tests.CreateFormattedResistanceStringTests" name="testCreateFormattedResistanceStringFourBandWhiteRedYellowGrey" time="0.000" timestamp="2018-10-19T20:33:01"/>
	<testcase classname="create_formatted_resistance_string_tests.CreateFormattedResistanceStringTests" name="testCreateFormattedResistanceStringFourBandWhiteRedYellowNone" time="0.000" timestamp="2018-10-19T20:33:01"/>
	<testcase classname="create_formatted_resistance_string_tests.CreateFormattedResistanceStringTests" name="testCreateFormattedResistanceStringFourBandWhiteRedYellowRed" time="0.000" timestamp="2018-10-19T20:33:01"/>
	<testcase classname="create_formatted_resistance_string_tests.CreateFormattedResistanceStringTests" name="testCreateFormattedResistanceStringFourBandWhiteRedYellowSilver" time="0.000" timestamp="2018-10-19T20:33:01"/>
	<testcase classname="create_formatted_resistance_string_tests.CreateFormattedResistanceStringTests" name="testCreateFormattedResistanceStringFourBandWhiteRedYellowViolet" time="0.000" timestamp="2018-10-19T20:33:01"/>
	<testcase classname="create_formatted_resistance_string_tests.CreateFormattedResistanceStringTests" name="testCreateFormattedResistanceStringFourBandWhiteVioletBlackBlue" time="0.000" timestamp="2018-10-19T20:33:01"/>
	<testcase classname="create_formatted_resistance_string_tests.CreateFormattedResistanceStringTests" name="testCreateFormattedResistanceStringFourBandWhiteVioletBlackBrown" time="0.000" timestamp="2018-10-19T20:33:01"/>
	<testcase classname="create_formatted_resistance_string_tests.CreateFormattedResistanceStringTests" name="testCreateFormattedResistanceStringFourBandWhiteVioletBlackGold" time="0.000" timestamp="2018-10-19T20:33:01"/>
	<testcase classname="create_formatted_resistance_string_tests.CreateFormattedResistanceStringTests" name="testCreateFormattedResistanceStringFourBandWhiteVioletBlackGreen" time="0.000" timestamp="2018-10-19T20:33:01"/>
	<testcase classname="create_formatted_resistance_string_tests.CreateFormattedResistanceStringTests" name="testCreateFormattedResistanceStringFourBandWhiteVioletBlackGrey" time="0.000" timestamp="2018-10-19T20:33:01"/>
	<testcase classname="create_formatted_resistance_string_tests.CreateFormattedResistanceStringTests" name="testCreateFormattedResistanceStringFourBandWhiteVioletBlackNone" time="0.000" timestamp="2018-10-19T20:33:01"/>
	<testcase classname="create_formatted_resistance_string_tests.CreateFormattedResistanceStringTests" name="testCreateFormattedResistanceStringFourBandWhiteVioletBlackRed" time="0.000" timestamp="2018-10-19T20:33:01"/>
	<testcase classname="create_formatted_resistance_string_tests.CreateFormattedResistanceStringTests" name="testCreateFormattedResistanceStringFourBandWhiteVioletBlackSilver" time="0.000" timestamp="2018-10-19T20:33:01"/>
	<testcase classname="create_formatted_resistance_string_tests.CreateFormattedResistanceStringTests" name="testCreateFormattedResistanceStringFourBandWhiteVioletBlackViolet" time="0.000" timestamp="2018-10-19T20:33:01"/>
	<testcase classname="create_formatted_resistance_string_tests.CreateFormattedResistanceStringTests" name="testCreateFormattedResistanceStringFourBandWhiteVioletBlueBlue" time="0.000" timestamp="2018-10-19T20:33:01"/>
	<testcase classname="create_formatted_resistance_string_tests.CreateFormattedResistanceStringTests" name="testCreateFormattedResistanceStringFourBandWhiteVioletBlueBrown" time="0.000" timestamp="2018-10-19T20:33:01"/>
	<testcase classname="create_formatted_resistance_string_tests.CreateFormattedResistanceStringTests" name="testCreateFormattedResistanceStringFourBandWhiteVioletBlueGold" time="0.000" timestamp="2018-10-19T20:33:01"/>
	<testcase classname="create_formatted_resistance_string_tests.CreateFormattedResistanceStringTests" name="testCreateFormattedResistanceStringFourBandWhiteVioletBlueGreen" time="0.000" timestamp="2018-10-19T20:33:01"/>
	<testcase classname="create_formatted_resistance_string_tests.CreateFormattedResistanceStringTests" name="testCreateFormattedResistanceStringFourBandWhiteVioletBlueGrey" time="0.000" timestamp="2018-10-19T20:33:01"/>
	<testcase classname="create_formatted_resistance_string_tests.CreateFormattedResistanceStringTests" name="testCreateFormattedResistanceStringFourBandWhiteVioletBlueNone" time="0.000" timestamp="2018-10-19T20:33:01"/>
	<testcase classname="create_formatted_resistance_string_tests.CreateFormattedResistanceStringTests" name="testCreateFormattedResistanceStringFourBandWhiteVioletBlueRed" time="0.000" timestamp="2018-10-19T20:33:01"/>
	<testcase classname="create_formatted_resistance_string_tests.CreateFormattedResistanceStringTests" name="testCreateFormattedResistanceStringFourBandWhiteVioletBlueSilver" time="0.000" timestamp="2018-10-19T20:33:01"/>
	<testcase classname="create_formatted_resistance_string_tests.CreateFormattedResistanceStringTests" name="testCreateFormattedResistanceStringFourBandWhiteVioletBlueViolet" time="0.000" timestamp="2018-10-19T20:33:01"/>
	<testcase classname="create_formatted_resistance_string_tests.CreateFormattedResistanceStringTests" name="testCreateFormattedResistanceStringFourBandWhiteVioletBrownBlue" time="0.000" timestamp="2018-10-19T20:33:01"/>
	<testcase classname="create_formatted_resistance_string_tests.CreateFormattedResistanceStringTests" name="testCreateFormattedResistanceStringFourBandWhiteVioletBrownBrown" time="0.000" timestamp="2018-10-19T20:33:01"/>
	<testcase classname="create_formatted_resistance_string_tests.CreateFormattedResistanceStringTests" name="testCreateFormattedResistanceStringFourBandWhiteVioletBrownGold" time="0.000" timestamp="2018-10-19T20:33:01"/>
	<testcase classname="create_formatted_resistance_string_tests.CreateFormattedResistanceStringTests" name="testCreateFormattedResistanceStringFourBandWhiteVioletBrownGreen" time="0.000" timestamp="2018-10-19T20:33:01"/>
	<testcase classname="create_formatted_resistance_string_tests.CreateFormattedResistanceStringTests" name="testCreateFormattedResistanceStringFourBandWhiteVioletBrownGrey" time="0.000" timestamp="2018-10-19T20:33:01"/>
	<testcase classname="create_formatted_resistance_string_tests.CreateFormattedResistanceStringTests" name="testCreateFormattedResistanceStringFourBandWhiteVioletBrownNone" time="0.000" timestamp="2018-10-19T20:33:01"/>
	<testcase classname="create_formatted_resistance_string_tests.CreateFormattedResistanceStringTests" name="testCreateFormattedResistanceStringFourBandWhiteVioletBrownRed" time="0.000" timestamp="2018-10-19T20:33:01"/>
	<testcase classname="create_formatted_resistance_string_tests.CreateFormattedResistanceStringTests" name="testCreateFormattedResistanceStringFourBandWhiteVioletBrownSilver" time="0.000" timestamp="2018-10-19T20:33:01"/>
	<testcase classname="create_formatted_resistance_string_tests.CreateFormattedResistanceStringTests" name="testCreateFormattedResistanceStringFourBandWhiteVioletBrownViolet" time="0.000" timestamp="2018-10-19T20:33:01"/>
	<testcase classname="create_formatted_resistance_string_tests.CreateFormattedResistanceStringTests" name="testCreateFormattedResistanceStringFourBandWhiteVioletGoldBlue" time="0.000" timestamp="2018-10-19T20:33:01"/>
	<testcase classname="create_formatted_resistance_string_tests.CreateFormattedResistanceStringTests" name="testCreateFormattedResistanceStringFourBandWhiteVioletGoldBrown" time="0.000" timestamp="2018-10-19T20:33:01"/>
	<testcase classname="create_formatted_resistance_string_tests.CreateFormattedResistanceStringTests" name="testCreateFormattedResistanceStringFourBandWhiteVioletGoldGold" time="0.000" timestamp="2018-10-19T20:33:01"/>
	<testcase classname="create_formatted_resistance_string_tests.CreateFormattedResistanceStringTests" name="testCreateFormattedResistanceStringFourBandWhiteVioletGoldGreen" time="0.000" timestamp="2018-10-19T20:33:01"/>
	<testcase classname="create_formatted_resistance_string_tests.CreateFormattedResistanceStringTests" name="testCreateFormattedResistanceStringFourBandWhiteVioletGoldGrey" time="0.000" timestamp="2018-10-19T20:33:01"/>
	<testcase classname="create_formatted_resistance_string_tests.CreateFormattedResistanceStringTests" name="testCreateFormattedResistanceStringFourBandWhiteVioletGoldNone" time="0.000" timestamp="2018-10-19T20:33:01"/>
	<testcase classname="create_formatted_resistance_string_tests.CreateFormattedResistanceStringTests" name="testCreateFormattedResistanceStringFourBandWhiteVioletGoldRed" time="0.000" timestamp="2018-10-19T20:33:01"/>
	<testcase classname="create_formatted_resistance_string_tests.CreateFormattedResistanceStringTests" name="testCreateFormattedResistanceStringFourBandWhiteVioletGoldSilver" time="0.000" timestamp="2018-10-19T20:33:01"/>
	<testcase classname="create_formatted_resistance_string_tests.CreateFormattedResistanceStringTests" name="testCreateFormattedResistanceStringFourBandWhiteVioletGoldViolet" time="0.000" timestamp="2018-10-19T20:33:01"/>
	<testcase classname="create_formatted_resistance_string_tests.CreateFormattedResistanceStringTests" name="testCreateFormattedResistanceStringFourBandWhiteVioletGreenBlue" time="0.000" timestamp="2018-10-19T20:33:01"/>
	<testcase classname="create_formatted_resistance_string_tests.CreateFormattedResistanceStringTests" name="testCreateFormattedResistanceStringFourBandWhiteVioletGreenBrown" time="0.000" timestamp="2018-10-19T20:33:01"/>
	<testcase classname="create_formatted_resistance_string_tests.CreateFormattedResistanceStringTests" name="testCreateFormattedResistanceStringFourBandWhiteVioletGreenGold" time="0.000" timestamp="2018-10-19T20:33:01"/>
	<testcase classname="create_formatted_resistance_string_tests.CreateFormattedResistanceStringTests" name="testCreateFormattedResistanceStringFourBandWhiteVioletGreenGreen" time="0.000" timestamp="2018-10-19T20:33:01"/>
	<testcase classname="create_formatted_resistance_string_tests.CreateFormattedResistanceStringTests" name="testCreateFormattedResistanceStringFourBandWhiteVioletGreenGrey" time="0.000" timestamp="2018-10-19T20:33:01"/>
	<testcase classname="create_formatted_resistance_string_tests.CreateFormattedResistanceStringTests" name="testCreateFormattedResistanceStringFourBandWhiteVioletGreenNone" time="0.000" timestamp="2018-10-19T20:33:01"/>
	<testcase classname="create_formatted_resistance_string_tests.CreateFormattedResistanceStringTests" name="testCreateFormattedResistanceStringFourBandWhiteVioletGreenRed" time="0.000" timestamp="2018-10-19T20:33:01"/>
	<testcase classname="create_formatted_resistance_string_tests.CreateFormattedResistanceStringTests" name="testCreateFormattedResistanceStringFourBandWhiteVioletGreenSilver" time="0.000" timestamp="2018-10-19T20:33:01"/>
	<testcase classname="create_formatted_resistance_string_tests.CreateFormattedResistanceStringTests" name="testCreateFormattedResistanceStringFourBandWhiteVioletGreenViolet" time="0.000" timestamp="2018-10-19T20:33:01"/>
	<testcase classname="create_formatted_resistance_string_tests.CreateFormattedResistanceStringTests" name="testCreateFormattedResistanceStringFourBandWhiteVioletGreyBlue" time="0.000" timestamp="2018-10-19T20:33:01"/>
	<testcase classname="create_formatted_resistance_string_tests.CreateFormattedResistanceStringTests" name="testCreateFormattedResistanceStringFourBandWhiteVioletGreyBrown" time="0.000" timestamp="2018-10-19T20:33:01"/>
	<testcase classname="create_formatted_resistance_string_tests.CreateFormattedResistanceStringTests" name="testCreateFormattedResistanceStringFourBandWhiteVioletGreyGold" time="0.000" timestamp="2018-10-19T20:33:01"/>
	<testcase classname="create_formatted_resistance_string_tests.CreateFormattedResistanceStringTests" name="testCreateFormattedResistanceStringFourBandWhiteVioletGreyGreen" time="0.000" timestamp="2018-10-19T20:33:01"/>
	<testcase classname="create_formatted_resistance_string_tests.CreateFormattedResistanceStringTests" name="testCreateFormattedResistanceStringFourBandWhiteVioletGreyGrey" time="0.000" timestamp="2018-10-19T20:33:01"/>
	<testcase classname="create_formatted_resistance_string_tests.CreateFormattedResistanceStringTests" name="testCreateFormattedResistanceStringFourBandWhiteVioletGreyNone" time="0.000" timestamp="2018-10-19T20:33:01"/>
	<testcase classname="create_formatted_resistance_string_tests.CreateFormattedResistanceStringTests" name="testCreateFormattedResistanceStringFourBandWhiteVioletGreyRed" time="0.000" timestamp="2018-10-19T20:33:01"/>
	<testcase classname="create_formatted_resistance_string_tests.CreateFormattedResistanceStringTests" name="testCreateFormattedResistanceStringFourBandWhiteVioletGreySilver" time="0.000" timestamp="2018-10-19T20:33:01"/>
	<testcase classname="create_formatted_resistance_string_tests.CreateFormattedResistanceStringTests" name="testCreateFormattedResistanceStringFourBandWhiteVioletGreyViolet" time="0.000" timestamp="2018-10-19T20:33:01"/>
	<testcase classname="create_formatted_resistance_string_tests.CreateFormattedResistanceStringTests" name="testCreateFormattedResistanceStringFourBandWhiteVioletOrangeBlue" time="0.000" timestamp="2018-10-19T20:33:01"/>
	<testcase classname="create_formatted_resistance_string_tests.CreateFormattedResistanceStringTests" name="testCreateFormattedResistanceStringFourBandWhiteVioletOrangeBrown" time="0.000" timestamp="2018-10-19T20:33:01"/>
	<testcase classname="create_formatted_resistance_string_tests.CreateFormattedResistanceStringTests" name="testCreateFormattedResistanceStringFourBandWhiteVioletOrangeGold" time="0.000" timestamp="2018-10-19T20:33:01"/>
	<testcase classname="create_formatted_resistance_string_tests.CreateFormattedResistanceStringTests" name="testCreateFormattedResistanceStringFourBandWhiteVioletOrangeGreen" time="0.000" timestamp="2018-10-19T20:33:01"/>
	<testcase classname="create_formatted_resistance_string_tests.CreateFormattedResistanceStringTests" name="testCreateFormattedResistanceStringFourBandWhiteVioletOrangeGrey" time="0.000" timestamp="2018-10-19T20:33:01"/>
	<testcase classname="create_formatted_resistance_string_tests.CreateFormattedResistanceStringTests" name="testCreateFormattedResistanceStringFourBandWhiteVioletOrangeNone" time="0.000" timestamp="2018-10-19T20:33:01"/>
	<testcase classname="create_formatted_resistance_string_tests.CreateFormattedResistanceStringTests" name="testCreateFormattedResistanceStringFourBandWhiteVioletOrangeRed" time="0.000" timestamp="2018-10-19T20:33:01"/>
	<testcase classname="create_formatted_resistance_string_tests.CreateFormattedResistanceStringTests" name="testCreateFormattedResistanceStringFourBandWhiteVioletOrangeSilver" time="0.000" timestamp="2018-10-19T20:33:01"/>
	<testcase classname="create_formatted_resistance_string_tests.CreateFormattedResistanceStringTests" name="testCreateFormattedResistanceStringFourBandWhiteVioletOrangeViolet" time="0.000" timestamp="2018-10-19T20:33:01"/>
	<testcase classname="create_formatted_resistance_string_tests.CreateFormattedResistanceStringTests" name="testCreateFormattedResistanceStringFourBandWhiteVioletRedBlue" time="0.000" timestamp="2018-10-19T20:33:01"/>
	<testcase classname="create_formatted_resistance_string_tests.CreateFormattedResistanceStringTests" name="testCreateFormattedResistanceStringFourBandWhiteVioletRedBrown" time="0.000" timestamp="2018-10-19T20:33:01"/>
	<testcase classname="create_formatted_resistance_string_tests.CreateFormattedResistanceStringTests" name="testCreateFormattedResistanceStringFourBandWhiteVioletRedGold" time="0.000" timestamp="2018-10-19T20:33:01"/>
	<testcase classname="create_formatted_resistance_string_tests.CreateFormattedResistanceStringTests" name="testCreateFormattedResistanceStringFourBandWhiteVioletRedGreen" time="0.000" timestamp="2018-10-19T20:33:01"/>
	<testcase classname="create_formatted_resistance_string_tests.CreateFormattedResistanceStringTests" name="testCreateFormattedResistanceStringFourBandWhiteVioletRedGrey" time="0.000" timestamp="2018-10-19T20:33:01"/>
	<testcase classname="create_formatted_resistance_string_tests.CreateFormattedResistanceStringTests" name="testCreateFormattedResistanceStringFourBandWhiteVioletRedNone" time="0.000" timestamp="2018-10-19T20:33:01"/>
	<testcase classname="create_formatted_resistance_string_tests.CreateFormattedResistanceStringTests" name="testCreateFormattedResistanceStringFourBandWhiteVioletRedRed" time="0.000" timestamp="2018-10-19T20:33:01"/>
	<testcase classname="create_formatted_resistance_string_tests.CreateFormattedResistanceStringTests" name="testCreateFormattedResistanceStringFourBandWhiteVioletRedSilver" time="0.000" timestamp="2018-10-19T20:33:01"/>
	<testcase classname="create_formatted_resistance_string_tests.CreateFormattedResistanceStringTests" name="testCreateFormattedResistanceStringFourBandWhiteVioletRedViolet" time="0.000" timestamp="2018-10-19T20:33:01"/>
	<testcase classname="create_formatted_resistance_string_tests.CreateFormattedResistanceStringTests" name="testCreateFormattedResistanceStringFourBandWhiteVioletSilverBlue" time="0.000" timestamp="2018-10-19T20:33:01"/>
	<testcase classname="create_formatted_resistance_string_tests.CreateFormattedResistanceStringTests" name="testCreateFormattedResistanceStringFourBandWhiteVioletSilverBrown" time="0.000" timestamp="2018-10-19T20:33:01"/>
	<testcase classname="create_formatted_resistance_string_tests.CreateFormattedResistanceStringTests" name="testCreateFormattedResistanceStringFourBandWhiteVioletSilverGold" time="0.000" timestamp="2018-10-19T20:33:01"/>
	<testcase classname="create_formatted_resistance_string_tests.CreateFormattedResistanceStringTests" name="testCreateFormattedResistanceStringFourBandWhiteVioletSilverGreen" time="0.000" timestamp="2018-10-19T20:33:01"/>
	<testcase classname="create_formatted_resistance_string_tests.CreateFormattedResistanceStringTests" name="testCreateFormattedResistanceStringFourBandWhiteVioletSilverGrey" time="0.000" timestamp="2018-10-19T20:33:01"/>
	<testcase classname="create_formatted_resistance_string_tests.CreateFormattedResistanceStringTests" name="testCreateFormattedResistanceStringFourBandWhiteVioletSilverNone" time="0.000" timestamp="2018-10-19T20:33:01"/>
	<testcase classname="create_formatted_resistance_string_tests.CreateFormattedResistanceStringTests" name="testCreateFormattedResistanceStringFourBandWhiteVioletSilverRed" time="0.000" timestamp="2018-10-19T20:33:01"/>
	<testcase classname="create_formatted_resistance_string_tests.CreateFormattedResistanceStringTests" name="testCreateFormattedResistanceStringFourBandWhiteVioletSilverSilver" time="0.000" timestamp="2018-10-19T20:33:01"/>
	<testcase classname="create_formatted_resistance_string_tests.CreateFormattedResistanceStringTests" name="testCreateFormattedResistanceStringFourBandWhiteVioletSilverViolet" time="0.000" timestamp="2018-10-19T20:33:01"/>
	<testcase classname="create_formatted_resistance_string_tests.CreateFormattedResistanceStringTests" name="testCreateFormattedResistanceStringFourBandWhiteVioletVioletBlue" time="0.000" timestamp="2018-10-19T20:33:01"/>
	<testcase classname="create_formatted_resistance_string_tests.CreateFormattedResistanceStringTests" name="testCreateFormattedResistanceStringFourBandWhiteVioletVioletBrown" time="0.000" timestamp="2018-10-19T20:33:01"/>
	<testcase classname="create_formatted_resistance_string_tests.CreateFormattedResistanceStringTests" name="testCreateFormattedResistanceStringFourBandWhiteVioletVioletGold" time="0.000" timestamp="2018-10-19T20:33:01"/>
	<testcase classname="create_formatted_resistance_string_tests.CreateFormattedResistanceStringTests" name="testCreateFormattedResistanceStringFourBandWhiteVioletVioletGreen" time="0.000" timestamp="2018-10-19T20:33:01"/>
	<testcase classname="create_formatted_resistance_string_tests.CreateFormattedResistanceStringTests" name="testCreateFormattedResistanceStringFourBandWhiteVioletVioletGrey" time="0.000" timestamp="2018-10-19T20:33:01"/>
	<testcase classname="create_formatted_resistance_string_tests.CreateFormattedResistanceStringTests" name="testCreateFormattedResistanceStringFourBandWhiteVioletVioletNone" time="0.000" timestamp="2018-10-19T20:33:01"/>
	<testcase classname="create_formatted_resistance_string_tests.CreateFormattedResistanceStringTests" name="testCreateFormattedResistanceStringFourBandWhiteVioletVioletRed" time="0.000" timestamp="2018-10-19T20:33:01"/>
	<testcase classname="create_formatted_resistance_string_tests.CreateFormattedResistanceStringTests" name="testCreateFormattedResistanceStringFourBandWhiteVioletVioletSilver" time="0.000" timestamp="2018-10-19T20:33:01"/>
	<testcase classname="create_formatted_resistance_string_tests.CreateFormattedResistanceStringTests" name="testCreateFormattedResistanceStringFourBandWhiteVioletVioletViolet" time="0.000" timestamp="2018-10-19T20:33:01"/>
	<testcase classname="create_formatted_resistance_string_tests.CreateFormattedResistanceStringTests" name="testCreateFormattedResistanceStringFourBandWhiteVioletWhiteBlue" time="0.000" timestamp="2018-10-19T20:33:01"/>
	<testcase classname="create_formatted_resistance_string_tests.CreateFormattedResistanceStringTests" name="testCreateFormattedResistanceStringFourBandWhiteVioletWhiteBrown" time="0.000" timestamp="2018-10-19T20:33:01"/>
	<testcase classname="create_formatted_resistance_string_tests.CreateFormattedResistanceStringTests" name="testCreateFormattedResistanceStringFourBandWhiteVioletWhiteGold" time="0.000" timestamp="2018-10-19T20:33:01"/>
	<testcase classname="create_formatted_resistance_string_tests.CreateFormattedResistanceStringTests" name="testCreateFormattedResistanceStringFourBandWhiteVioletWhiteGreen" time="0.000" timestamp="2018-10-19T20:33:01"/>
	<testcase classname="create_formatted_resistance_string_tests.CreateFormattedResistanceStringTests" name="testCreateFormattedResistanceStringFourBandWhiteVioletWhiteGrey" time="0.000" timestamp="2018-10-19T20:33:01"/>
	<testcase classname="create_formatted_resistance_string_tests.CreateFormattedResistanceStringTests" name="testCreateFormattedResistanceStringFourBandWhiteVioletWhiteNone" time="0.000" timestamp="2018-10-19T20:33:01"/>
	<testcase classname="create_formatted_resistance_string_tests.CreateFormattedResistanceStringTests" name="testCreateFormattedResistanceStringFourBandWhiteVioletWhiteRed" time="0.000" timestamp="2018-10-19T20:33:01"/>
	<testcase classname="create_formatted_resistance_string_tests.CreateFormattedResistanceStringTests" name="testCreateFormattedResistanceStringFourBandWhiteVioletWhiteSilver" time="0.000" timestamp="2018-10-19T20:33:01"/>
	<testcase classname="create_formatted_resistance_string_tests.CreateFormattedResistanceStringTests" name="testCreateFormattedResistanceStringFourBandWhiteVioletWhiteViolet" time="0.000" timestamp="2018-10-19T20:33:01"/>
	<testcase classname="create_formatted_resistance_string_tests.CreateFormattedResistanceStringTests" name="testCreateFormattedResistanceStringFourBandWhiteVioletYellowBlue" time="0.000" timestamp="2018-10-19T20:33:01"/>
	<testcase classname="create_formatted_resistance_string_tests.CreateFormattedResistanceStringTests" name="testCreateFormattedResistanceStringFourBandWhiteVioletYellowBrown" time="0.000" timestamp="2018-10-19T20:33:01"/>
	<testcase classname="create_formatted_resistance_string_tests.CreateFormattedResistanceStringTests" name="testCreateFormattedResistanceStringFourBandWhiteVioletYellowGold" time="0.000" timestamp="2018-10-19T20:33:01"/>
	<testcase classname="create_formatted_resistance_string_tests.CreateFormattedResistanceStringTests" name="testCreateFormattedResistanceStringFourBandWhiteVioletYellowGreen" time="0.000" timestamp="2018-10-19T20:33:01"/>
	<testcase classname="create_formatted_resistance_string_tests.CreateFormattedResistanceStringTests" name="testCreateFormattedResistanceStringFourBandWhiteVioletYellowGrey" time="0.000" timestamp="2018-10-19T20:33:01"/>
	<testcase classname="create_formatted_resistance_string_tests.CreateFormattedResistanceStringTests" name="testCreateFormattedResistanceStringFourBandWhiteVioletYellowNone" time="0.000" timestamp="2018-10-19T20:33:01"/>
	<testcase classname="create_formatted_resistance_string_tests.CreateFormattedResistanceStringTests" name="testCreateFormattedResistanceStringFourBandWhiteVioletYellowRed" time="0.000" timestamp="2018-10-19T20:33:01"/>
	<testcase classname="create_formatted_resistance_string_tests.CreateFormattedResistanceStringTests" name="testCreateFormattedResistanceStringFourBandWhiteVioletYellowSilver" time="0.000" timestamp="2018-10-19T20:33:01"/>
	<testcase classname="create_formatted_resistance_string_tests.CreateFormattedResistanceStringTests" name="testCreateFormattedResistanceStringFourBandWhiteVioletYellowViolet" time="0.000" timestamp="2018-10-19T20:33:01"/>
	<testcase classname="create_formatted_resistance_string_tests.CreateFormattedResistanceStringTests" name="testCreateFormattedResistanceStringFourBandWhiteWhiteBlackBlue" time="0.000" timestamp="2018-10-19T20:33:01"/>
	<testcase classname="create_formatted_resistance_string_tests.CreateFormattedResistanceStringTests" name="testCreateFormattedResistanceStringFourBandWhiteWhiteBlackBrown" time="0.000" timestamp="2018-10-19T20:33:01"/>
	<testcase classname="create_formatted_resistance_string_tests.CreateFormattedResistanceStringTests" name="testCreateFormattedResistanceStringFourBandWhiteWhiteBlackGold" time="0.000" timestamp="2018-10-19T20:33:01"/>
	<testcase classname="create_formatted_resistance_string_tests.CreateFormattedResistanceStringTests" name="testCreateFormattedResistanceStringFourBandWhiteWhiteBlackGreen" time="0.000" timestamp="2018-10-19T20:33:01"/>
	<testcase classname="create_formatted_resistance_string_tests.CreateFormattedResistanceStringTests" name="testCreateFormattedResistanceStringFourBandWhiteWhiteBlackGrey" time="0.000" timestamp="2018-10-19T20:33:01"/>
	<testcase classname="create_formatted_resistance_string_tests.CreateFormattedResistanceStringTests" name="testCreateFormattedResistanceStringFourBandWhiteWhiteBlackNone" time="0.000" timestamp="2018-10-19T20:33:01"/>
	<testcase classname="create_formatted_resistance_string_tests.CreateFormattedResistanceStringTests" name="testCreateFormattedResistanceStringFourBandWhiteWhiteBlackRed" time="0.000" timestamp="2018-10-19T20:33:01"/>
	<testcase classname="create_formatted_resistance_string_tests.CreateFormattedResistanceStringTests" name="testCreateFormattedResistanceStringFourBandWhiteWhiteBlackSilver" time="0.000" timestamp="2018-10-19T20:33:01"/>
	<testcase classname="create_formatted_resistance_string_tests.CreateFormattedResistanceStringTests" name="testCreateFormattedResistanceStringFourBandWhiteWhiteBlackViolet" time="0.000" timestamp="2018-10-19T20:33:01"/>
	<testcase classname="create_formatted_resistance_string_tests.CreateFormattedResistanceStringTests" name="testCreateFormattedResistanceStringFourBandWhiteWhiteBlueBlue" time="0.000" timestamp="2018-10-19T20:33:01"/>
	<testcase classname="create_formatted_resistance_string_tests.CreateFormattedResistanceStringTests" name="testCreateFormattedResistanceStringFourBandWhiteWhiteBlueBrown" time="0.000" timestamp="2018-10-19T20:33:01"/>
	<testcase classname="create_formatted_resistance_string_tests.CreateFormattedResistanceStringTests" name="testCreateFormattedResistanceStringFourBandWhiteWhiteBlueGold" time="0.000" timestamp="2018-10-19T20:33:01"/>
	<testcase classname="create_formatted_resistance_string_tests.CreateFormattedResistanceStringTests" name="testCreateFormattedResistanceStringFourBandWhiteWhiteBlueGreen" time="0.000" timestamp="2018-10-19T20:33:01"/>
	<testcase classname="create_formatted_resistance_string_tests.CreateFormattedResistanceStringTests" name="testCreateFormattedResistanceStringFourBandWhiteWhiteBlueGrey" time="0.000" timestamp="2018-10-19T20:33:01"/>
	<testcase classname="create_formatted_resistance_string_tests.CreateFormattedResistanceStringTests" name="testCreateFormattedResistanceStringFourBandWhiteWhiteBlueNone" time="0.000" timestamp="2018-10-19T20:33:01"/>
	<testcase classname="create_formatted_resistance_string_tests.CreateFormattedResistanceStringTests" name="testCreateFormattedResistanceStringFourBandWhiteWhiteBlueRed" time="0.000" timestamp="2018-10-19T20:33:01"/>
	<testcase classname="create_formatted_resistance_string_tests.CreateFormattedResistanceStringTests" name="testCreateFormattedResistanceStringFourBandWhiteWhiteBlueSilver" time="0.000" timestamp="2018-10-19T20:33:01"/>
	<testcase classname="create_formatted_resistance_string_tests.CreateFormattedResistanceStringTests" name="testCreateFormattedResistanceStringFourBandWhiteWhiteBlueViolet" time="0.000" timestamp="2018-10-19T20:33:01"/>
	<testcase classname="create_formatted_resistance_string_tests.CreateFormattedResistanceStringTests" name="testCreateFormattedResistanceStringFourBandWhiteWhiteBrownBlue" time="0.000" timestamp="2018-10-19T20:33:01"/>
	<testcase classname="create_formatted_resistance_string_tests.CreateFormattedResistanceStringTests" name="testCreateFormattedResistanceStringFourBandWhiteWhiteBrownBrown" time="0.000" timestamp="2018-10-19T20:33:01"/>
	<testcase classname="create_formatted_resistance_string_tests.CreateFormattedResistanceStringTests" name="testCreateFormattedResistanceStringFourBandWhiteWhiteBrownGold" time="0.000" timestamp="2018-10-19T20:33:01"/>
	<testcase classname="create_formatted_resistance_string_tests.CreateFormattedResistanceStringTests" name="testCreateFormattedResistanceStringFourBandWhiteWhiteBrownGreen" time="0.000" timestamp="2018-10-19T20:33:01"/>
	<testcase classname="create_formatted_resistance_string_tests.CreateFormattedResistanceStringTests" name="testCreateFormattedResistanceStringFourBandWhiteWhiteBrownGrey" time="0.000" timestamp="2018-10-19T20:33:01"/>
	<testcase classname="create_formatted_resistance_string_tests.CreateFormattedResistanceStringTests" name="testCreateFormattedResistanceStringFourBandWhiteWhiteBrownNone" time="0.000" timestamp="2018-10-19T20:33:01"/>
	<testcase classname="create_formatted_resistance_string_tests.CreateFormattedResistanceStringTests" name="testCreateFormattedResistanceStringFourBandWhiteWhiteBrownRed" time="0.000" timestamp="2018-10-19T20:33:01"/>
	<testcase classname="create_formatted_resistance_string_tests.CreateFormattedResistanceStringTests" name="testCreateFormattedResistanceStringFourBandWhiteWhiteBrownSilver" time="0.000" timestamp="2018-10-19T20:33:01"/>
	<testcase classname="create_formatted_resistance_string_tests.CreateFormattedResistanceStringTests" name="testCreateFormattedResistanceStringFourBandWhiteWhiteBrownViolet" time="0.000" timestamp="2018-10-19T20:33:01"/>
	<testcase classname="create_formatted_resistance_string_tests.CreateFormattedResistanceStringTests" name="testCreateFormattedResistanceStringFourBandWhiteWhiteGoldBlue" time="0.000" timestamp="2018-10-19T20:33:01"/>
	<testcase classname="create_formatted_resistance_string_tests.CreateFormattedResistanceStringTests" name="testCreateFormattedResistanceStringFourBandWhiteWhiteGoldBrown" time="0.000" timestamp="2018-10-19T20:33:01"/>
	<testcase classname="create_formatted_resistance_string_tests.CreateFormattedResistanceStringTests" name="testCreateFormattedResistanceStringFourBandWhiteWhiteGoldGold" time="0.000" timestamp="2018-10-19T20:33:01"/>
	<testcase classname="create_formatted_resistance_string_tests.CreateFormattedResistanceStringTests" name="testCreateFormattedResistanceStringFourBandWhiteWhiteGoldGreen" time="0.000" timestamp="2018-10-19T20:33:01"/>
	<testcase classname="create_formatted_resistance_string_tests.CreateFormattedResistanceStringTests" name="testCreateFormattedResistanceStringFourBandWhiteWhiteGoldGrey" time="0.000" timestamp="2018-10-19T20:33:01"/>
	<testcase classname="create_formatted_resistance_string_tests.CreateFormattedResistanceStringTests" name="testCreateFormattedResistanceStringFourBandWhiteWhiteGoldNone" time="0.000" timestamp="2018-10-19T20:33:01"/>
	<testcase classname="create_formatted_resistance_string_tests.CreateFormattedResistanceStringTests" name="testCreateFormattedResistanceStringFourBandWhiteWhiteGoldRed" time="0.000" timestamp="2018-10-19T20:33:01"/>
	<testcase classname="create_formatted_resistance_string_tests.CreateFormattedResistanceStringTests" name="testCreateFormattedResistanceStringFourBandWhiteWhiteGoldSilver" time="0.000" timestamp="2018-10-19T20:33:01"/>
	<testcase classname="create_formatted_resistance_string_tests.CreateFormattedResistanceStringTests" name="testCreateFormattedResistanceStringFourBandWhiteWhiteGoldViolet" time="0.000" timestamp="2018-10-19T20:33:01"/>
	<testcase classname="create_formatted_resistance_string_tests.CreateFormattedResistanceStringTests" name="testCreateFormattedResistanceStringFourBandWhiteWhiteGreenBlue" time="0.000" timestamp="2018-10-19T20:33:01"/>
	<testcase classname="create_formatted_resistance_string_tests.CreateFormattedResistanceStringTests" name="testCreateFormattedResistanceStringFourBandWhiteWhiteGreenBrown" time="0.000" timestamp="2018-10-19T20:33:01"/>
	<testcase classname="create_formatted_resistance_string_tests.CreateFormattedResistanceStringTests" name="testCreateFormattedResistanceStringFourBandWhiteWhiteGreenGold" time="0.000" timestamp="2018-10-19T20:33:01"/>
	<testcase classname="create_formatted_resistance_string_tests.CreateFormattedResistanceStringTests" name="testCreateFormattedResistanceStringFourBandWhiteWhiteGreenGreen" time="0.000" timestamp="2018-10-19T20:33:01"/>
	<testcase classname="create_formatted_resistance_string_tests.CreateFormattedResistanceStringTests" name="testCreateFormattedResistanceStringFourBandWhiteWhiteGreenGrey" time="0.000" timestamp="2018-10-19T20:33:01"/>
	<testcase classname="create_formatted_resistance_string_tests.CreateFormattedResistanceStringTests" name="testCreateFormattedResistanceStringFourBandWhiteWhiteGreenNone" time="0.000" timestamp="2018-10-19T20:33:01"/>
	<testcase classname="create_formatted_resistance_string_tests.CreateFormattedResistanceStringTests" name="testCreateFormattedResistanceStringFourBandWhiteWhiteGreenRed" time="0.000" timestamp="2018-10-19T20:33:01"/>
	<testcase classname="create_formatted_resistance_string_tests.CreateFormattedResistanceStringTests" name="testCreateFormattedResistanceStringFourBandWhiteWhiteGreenSilver" time="0.000" timestamp="2018-10-19T20:33:01"/>
	<testcase classname="create_formatted_resistance_string_tests.CreateFormattedResistanceStringTests" name="testCreateFormattedResistanceStringFourBandWhiteWhiteGreenViolet" time="0.000" timestamp="2018-10-19T20:33:01"/>
	<testcase classname="create_formatted_resistance_string_tests.CreateFormattedResistanceStringTests" name="testCreateFormattedResistanceStringFourBandWhiteWhiteGreyBlue" time="0.000" timestamp="2018-10-19T20:33:01"/>
	<testcase classname="create_formatted_resistance_string_tests.CreateFormattedResistanceStringTests" name="testCreateFormattedResistanceStringFourBandWhiteWhiteGreyBrown" time="0.000" timestamp="2018-10-19T20:33:01"/>
	<testcase classname="create_formatted_resistance_string_tests.CreateFormattedResistanceStringTests" name="testCreateFormattedResistanceStringFourBandWhiteWhiteGreyGold" time="0.000" timestamp="2018-10-19T20:33:01"/>
	<testcase classname="create_formatted_resistance_string_tests.CreateFormattedResistanceStringTests" name="testCreateFormattedResistanceStringFourBandWhiteWhiteGreyGreen" time="0.000" timestamp="2018-10-19T20:33:01"/>
	<testcase classname="create_formatted_resistance_string_tests.CreateFormattedResistanceStringTests" name="testCreateFormattedResistanceStringFourBandWhiteWhiteGreyGrey" time="0.000" timestamp="2018-10-19T20:33:01"/>
	<testcase classname="create_formatted_resistance_string_tests.CreateFormattedResistanceStringTests" name="testCreateFormattedResistanceStringFourBandWhiteWhiteGreyNone" time="0.000" timestamp="2018-10-19T20:33:01"/>
	<testcase classname="create_formatted_resistance_string_tests.CreateFormattedResistanceStringTests" name="testCreateFormattedResistanceStringFourBandWhiteWhiteGreyRed" time="0.000" timestamp="2018-10-19T20:33:01"/>
	<testcase classname="create_formatted_resistance_string_tests.CreateFormattedResistanceStringTests" name="testCreateFormattedResistanceStringFourBandWhiteWhiteGreySilver" time="0.000" timestamp="2018-10-19T20:33:01"/>
	<testcase classname="create_formatted_resistance_string_tests.CreateFormattedResistanceStringTests" name="testCreateFormattedResistanceStringFourBandWhiteWhiteGreyViolet" time="0.000" timestamp="2018-10-19T20:33:01"/>
	<testcase classname="create_formatted_resistance_string_tests.CreateFormattedResistanceStringTests" name="testCreateFormattedResistanceStringFourBandWhiteWhiteOrangeBlue" time="0.000" timestamp="2018-10-19T20:33:01"/>
	<testcase classname="create_formatted_resistance_string_tests.CreateFormattedResistanceStringTests" name="testCreateFormattedResistanceStringFourBandWhiteWhiteOrangeBrown" time="0.000" timestamp="2018-10-19T20:33:01"/>
	<testcase classname="create_formatted_resistance_string_tests.CreateFormattedResistanceStringTests" name="testCreateFormattedResistanceStringFourBandWhiteWhiteOrangeGold" time="0.000" timestamp="2018-10-19T20:33:01"/>
	<testcase classname="create_formatted_resistance_string_tests.CreateFormattedResistanceStringTests" name="testCreateFormattedResistanceStringFourBandWhiteWhiteOrangeGreen" time="0.000" timestamp="2018-10-19T20:33:01"/>
	<testcase classname="create_formatted_resistance_string_tests.CreateFormattedResistanceStringTests" name="testCreateFormattedResistanceStringFourBandWhiteWhiteOrangeGrey" time="0.000" timestamp="2018-10-19T20:33:01"/>
	<testcase classname="create_formatted_resistance_string_tests.CreateFormattedResistanceStringTests" name="testCreateFormattedResistanceStringFourBandWhiteWhiteOrangeNone" time="0.000" timestamp="2018-10-19T20:33:01"/>
	<testcase classname="create_formatted_resistance_string_tests.CreateFormattedResistanceStringTests" name="testCreateFormattedResistanceStringFourBandWhiteWhiteOrangeRed" time="0.000" timestamp="2018-10-19T20:33:01"/>
	<testcase classname="create_formatted_resistance_string_tests.CreateFormattedResistanceStringTests" name="testCreateFormattedResistanceStringFourBandWhiteWhiteOrangeSilver" time="0.000" timestamp="2018-10-19T20:33:01"/>
	<testcase classname="create_formatted_resistance_string_tests.CreateFormattedResistanceStringTests" name="testCreateFormattedResistanceStringFourBandWhiteWhiteOrangeViolet" time="0.000" timestamp="2018-10-19T20:33:01"/>
	<testcase classname="create_formatted_resistance_string_tests.CreateFormattedResistanceStringTests" name="testCreateFormattedResistanceStringFourBandWhiteWhiteRedBlue" time="0.000" timestamp="2018-10-19T20:33:01"/>
	<testcase classname="create_formatted_resistance_string_tests.CreateFormattedResistanceStringTests" name="testCreateFormattedResistanceStringFourBandWhiteWhiteRedBrown" time="0.000" timestamp="2018-10-19T20:33:01"/>
	<testcase classname="create_formatted_resistance_string_tests.CreateFormattedResistanceStringTests" name="testCreateFormattedResistanceStringFourBandWhiteWhiteRedGold" time="0.000" timestamp="2018-10-19T20:33:01"/>
	<testcase classname="create_formatted_resistance_string_tests.CreateFormattedResistanceStringTests" name="testCreateFormattedResistanceStringFourBandWhiteWhiteRedGreen" time="0.000" timestamp="2018-10-19T20:33:01"/>
	<testcase classname="create_formatted_resistance_string_tests.CreateFormattedResistanceStringTests" name="testCreateFormattedResistanceStringFourBandWhiteWhiteRedGrey" time="0.000" timestamp="2018-10-19T20:33:01"/>
	<testcase classname="create_formatted_resistance_string_tests.CreateFormattedResistanceStringTests" name="testCreateFormattedResistanceStringFourBandWhiteWhiteRedNone" time="0.000" timestamp="2018-10-19T20:33:01"/>
	<testcase classname="create_formatted_resistance_string_tests.CreateFormattedResistanceStringTests" name="testCreateFormattedResistanceStringFourBandWhiteWhiteRedRed" time="0.000" timestamp="2018-10-19T20:33:01"/>
	<testcase classname="create_formatted_resistance_string_tests.CreateFormattedResistanceStringTests" name="testCreateFormattedResistanceStringFourBandWhiteWhiteRedSilver" time="0.000" timestamp="2018-10-19T20:33:01"/>
	<testcase classname="create_formatted_resistance_string_tests.CreateFormattedResistanceStringTests" name="testCreateFormattedResistanceStringFourBandWhiteWhiteRedViolet" time="0.000" timestamp="2018-10-19T20:33:01"/>
	<testcase classname="create_formatted_resistance_string_tests.CreateFormattedResistanceStringTests" name="testCreateFormattedResistanceStringFourBandWhiteWhiteSilverBlue" time="0.000" timestamp="2018-10-19T20:33:01"/>
	<testcase classname="create_formatted_resistance_string_tests.CreateFormattedResistanceStringTests" name="testCreateFormattedResistanceStringFourBandWhiteWhiteSilverBrown" time="0.000" timestamp="2018-10-19T20:33:01"/>
	<testcase classname="create_formatted_resistance_string_tests.CreateFormattedResistanceStringTests" name="testCreateFormattedResistanceStringFourBandWhiteWhiteSilverGold" time="0.000" timestamp="2018-10-19T20:33:01"/>
	<testcase classname="create_formatted_resistance_string_tests.CreateFormattedResistanceStringTests" name="testCreateFormattedResistanceStringFourBandWhiteWhiteSilverGreen" time="0.000" timestamp="2018-10-19T20:33:01"/>
	<testcase classname="create_formatted_resistance_string_tests.CreateFormattedResistanceStringTests" name="testCreateFormattedResistanceStringFourBandWhiteWhiteSilverGrey" time="0.000" timestamp="2018-10-19T20:33:01"/>
	<testcase classname="create_formatted_resistance_string_tests.CreateFormattedResistanceStringTests" name="testCreateFormattedResistanceStringFourBandWhiteWhiteSilverNone" time="0.000" timestamp="2018-10-19T20:33:01"/>
	<testcase classname="create_formatted_resistance_string_tests.CreateFormattedResistanceStringTests" name="testCreateFormattedResistanceStringFourBandWhiteWhiteSilverRed" time="0.000" timestamp="2018-10-19T20:33:01"/>
	<testcase classname="create_formatted_resistance_string_tests.CreateFormattedResistanceStringTests" name="testCreateFormattedResistanceStringFourBandWhiteWhiteSilverSilver" time="0.000" timestamp="2018-10-19T20:33:01"/>
	<testcase classname="create_formatted_resistance_string_tests.CreateFormattedResistanceStringTests" name="testCreateFormattedResistanceStringFourBandWhiteWhiteSilverViolet" time="0.000" timestamp="2018-10-19T20:33:01"/>
	<testcase classname="create_formatted_resistance_string_tests.CreateFormattedResistanceStringTests" name="testCreateFormattedResistanceStringFourBandWhiteWhiteVioletBlue" time="0.000" timestamp="2018-10-19T20:33:01"/>
	<testcase classname="create_formatted_resistance_string_tests.CreateFormattedResistanceStringTests" name="testCreateFormattedResistanceStringFourBandWhiteWhiteVioletBrown" time="0.000" timestamp="2018-10-19T20:33:01"/>
	<testcase classname="create_formatted_resistance_string_tests.CreateFormattedResistanceStringTests" name="testCreateFormattedResistanceStringFourBandWhiteWhiteVioletGold" time="0.000" timestamp="2018-10-19T20:33:01"/>
	<testcase classname="create_formatted_resistance_string_tests.CreateFormattedResistanceStringTests" name="testCreateFormattedResistanceStringFourBandWhiteWhiteVioletGreen" time="0.000" timestamp="2018-10-19T20:33:01"/>
	<testcase classname="create_formatted_resistance_string_tests.CreateFormattedResistanceStringTests" name="testCreateFormattedResistanceStringFourBandWhiteWhiteVioletGrey" time="0.000" timestamp="2018-10-19T20:33:01"/>
	<testcase classname="create_formatted_resistance_string_tests.CreateFormattedResistanceStringTests" name="testCreateFormattedResistanceStringFourBandWhiteWhiteVioletNone" time="0.000" timestamp="2018-10-19T20:33:01"/>
	<testcase classname="create_formatted_resistance_string_tests.CreateFormattedResistanceStringTests" name="testCreateFormattedResistanceStringFourBandWhiteWhiteVioletRed" time="0.000" timestamp="2018-10-19T20:33:01"/>
	<testcase classname="create_formatted_resistance_string_tests.CreateFormattedResistanceStringTests" name="testCreateFormattedResistanceStringFourBandWhiteWhiteVioletSilver" time="0.000" timestamp="2018-10-19T20:33:01"/>
	<testcase classname="create_formatted_resistance_string_tests.CreateFormattedResistanceStringTests" name="testCreateFormattedResistanceStringFourBandWhiteWhiteVioletViolet" time="0.000" timestamp="2018-10-19T20:33:01"/>
	<testcase classname="create_formatted_resistance_string_tests.CreateFormattedResistanceStringTests" name="testCreateFormattedResistanceStringFourBandWhiteWhiteWhiteBlue" time="0.000" timestamp="2018-10-19T20:33:01"/>
	<testcase classname="create_formatted_resistance_string_tests.CreateFormattedResistanceStringTests" name="testCreateFormattedResistanceStringFourBandWhiteWhiteWhiteBrown" time="0.000" timestamp="2018-10-19T20:33:01"/>
	<testcase classname="create_formatted_resistance_string_tests.CreateFormattedResistanceStringTests" name="testCreateFormattedResistanceStringFourBandWhiteWhiteWhiteGold" time="0.000" timestamp="2018-10-19T20:33:01"/>
	<testcase classname="create_formatted_resistance_string_tests.CreateFormattedResistanceStringTests" name="testCreateFormattedResistanceStringFourBandWhiteWhiteWhiteGreen" time="0.000" timestamp="2018-10-19T20:33:01"/>
	<testcase classname="create_formatted_resistance_string_tests.CreateFormattedResistanceStringTests" name="testCreateFormattedResistanceStringFourBandWhiteWhiteWhiteGrey" time="0.000" timestamp="2018-10-19T20:33:01"/>
	<testcase classname="create_formatted_resistance_string_tests.CreateFormattedResistanceStringTests" name="testCreateFormattedResistanceStringFourBandWhiteWhiteWhiteNone" time="0.000" timestamp="2018-10-19T20:33:01"/>
	<testcase classname="create_formatted_resistance_string_tests.CreateFormattedResistanceStringTests" name="testCreateFormattedResistanceStringFourBandWhiteWhiteWhiteRed" time="0.000" timestamp="2018-10-19T20:33:01"/>
	<testcase classname="create_formatted_resistance_string_tests.CreateFormattedResistanceStringTests" name="testCreateFormattedResistanceStringFourBandWhiteWhiteWhiteSilver" time="0.000" timestamp="2018-10-19T20:33:01"/>
	<testcase classname="create_formatted_resistance_string_tests.CreateFormattedResistanceStringTests" name="testCreateFormattedResistanceStringFourBandWhiteWhiteWhiteViolet" time="0.000" timestamp="2018-10-19T20:33:01"/>
	<testcase classname="create_formatted_resistance_string_tests.CreateFormattedResistanceStringTests" name="testCreateFormattedResistanceStringFourBandWhiteWhiteYellowBlue" time="0.000" timestamp="2018-10-19T20:33:01"/>
	<testcase classname="create_formatted_resistance_string_tests.CreateFormattedResistanceStringTests" name="testCreateFormattedResistanceStringFourBandWhiteWhiteYellowBrown" time="0.000" timestamp="2018-10-19T20:33:01"/>
	<testcase classname="create_formatted_resistance_string_tests.CreateFormattedResistanceStringTests" name="testCreateFormattedResistanceStringFourBandWhiteWhiteYellowGold" time="0.000" timestamp="2018-10-19T20:33:01"/>
	<testcase classname="create_formatted_resistance_string_tests.CreateFormattedResistanceStringTests" name="testCreateFormattedResistanceStringFourBandWhiteWhiteYellowGreen" time="0.000" timestamp="2018-10-19T20:33:01"/>
	<testcase classname="create_formatted_resistance_string_tests.CreateFormattedResistanceStringTests" name="testCreateFormattedResistanceStringFourBandWhiteWhiteYellowGrey" time="0.000" timestamp="2018-10-19T20:33:01"/>
	<testcase classname="create_formatted_resistance_string_tests.CreateFormattedResistanceStringTests" name="testCreateFormattedResistanceStringFourBandWhiteWhiteYellowNone" time="0.000" timestamp="2018-10-19T20:33:01"/>
	<testcase classname="create_formatted_resistance_string_tests.CreateFormattedResistanceStringTests" name="testCreateFormattedResistanceStringFourBandWhiteWhiteYellowRed" time="0.000" timestamp="2018-10-19T20:33:01"/>
	<testcase classname="create_formatted_resistance_string_tests.CreateFormattedResistanceStringTests" name="testCreateFormattedResistanceStringFourBandWhiteWhiteYellowSilver" time="0.000" timestamp="2018-10-19T20:33:01"/>
	<testcase classname="create_formatted_resistance_string_tests.CreateFormattedResistanceStringTests" name="testCreateFormattedResistanceStringFourBandWhiteWhiteYellowViolet" time="0.000" timestamp="2018-10-19T20:33:01"/>
	<testcase classname="create_formatted_resistance_string_tests.CreateFormattedResistanceStringTests" name="testCreateFormattedResistanceStringFourBandWhiteYellowBlackBlue" time="0.000" timestamp="2018-10-19T20:33:01"/>
	<testcase classname="create_formatted_resistance_string_tests.CreateFormattedResistanceStringTests" name="testCreateFormattedResistanceStringFourBandWhiteYellowBlackBrown" time="0.000" timestamp="2018-10-19T20:33:01"/>
	<testcase classname="create_formatted_resistance_string_tests.CreateFormattedResistanceStringTests" name="testCreateFormattedResistanceStringFourBandWhiteYellowBlackGold" time="0.000" timestamp="2018-10-19T20:33:01"/>
	<testcase classname="create_formatted_resistance_string_tests.CreateFormattedResistanceStringTests" name="testCreateFormattedResistanceStringFourBandWhiteYellowBlackGreen" time="0.000" timestamp="2018-10-19T20:33:01"/>
	<testcase classname="create_formatted_resistance_string_tests.CreateFormattedResistanceStringTests" name="testCreateFormattedResistanceStringFourBandWhiteYellowBlackGrey" time="0.000" timestamp="2018-10-19T20:33:01"/>
	<testcase classname="create_formatted_resistance_string_tests.CreateFormattedResistanceStringTests" name="testCreateFormattedResistanceStringFourBandWhiteYellowBlackNone" time="0.000" timestamp="2018-10-19T20:33:01"/>
	<testcase classname="create_formatted_resistance_string_tests.CreateFormattedResistanceStringTests" name="testCreateFormattedResistanceStringFourBandWhiteYellowBlackRed" time="0.000" timestamp="2018-10-19T20:33:01"/>
	<testcase classname="create_formatted_resistance_string_tests.CreateFormattedResistanceStringTests" name="testCreateFormattedResistanceStringFourBandWhiteYellowBlackSilver" time="0.000" timestamp="2018-10-19T20:33:01"/>
	<testcase classname="create_formatted_resistance_string_tests.CreateFormattedResistanceStringTests" name="testCreateFormattedResistanceStringFourBandWhiteYellowBlackViolet" time="0.000" timestamp="2018-10-19T20:33:01"/>
	<testcase classname="create_formatted_resistance_string_tests.CreateFormattedResistanceStringTests" name="testCreateFormattedResistanceStringFourBandWhiteYellowBlueBlue" time="0.000" timestamp="2018-10-19T20:33:01"/>
	<testcase classname="create_formatted_resistance_string_tests.CreateFormattedResistanceStringTests" name="testCreateFormattedResistanceStringFourBandWhiteYellowBlueBrown" time="0.000" timestamp="2018-10-19T20:33:01"/>
	<testcase classname="create_formatted_resistance_string_tests.CreateFormattedResistanceStringTests" name="testCreateFormattedResistanceStringFourBandWhiteYellowBlueGold" time="0.000" timestamp="2018-10-19T20:33:01"/>
	<testcase classname="create_formatted_resistance_string_tests.CreateFormattedResistanceStringTests" name="testCreateFormattedResistanceStringFourBandWhiteYellowBlueGreen" time="0.000" timestamp="2018-10-19T20:33:01"/>
	<testcase classname="create_formatted_resistance_string_tests.CreateFormattedResistanceStringTests" name="testCreateFormattedResistanceStringFourBandWhiteYellowBlueGrey" time="0.000" timestamp="2018-10-19T20:33:01"/>
	<testcase classname="create_formatted_resistance_string_tests.CreateFormattedResistanceStringTests" name="testCreateFormattedResistanceStringFourBandWhiteYellowBlueNone" time="0.000" timestamp="2018-10-19T20:33:01"/>
	<testcase classname="create_formatted_resistance_string_tests.CreateFormattedResistanceStringTests" name="testCreateFormattedResistanceStringFourBandWhiteYellowBlueRed" time="0.000" timestamp="2018-10-19T20:33:01"/>
	<testcase classname="create_formatted_resistance_string_tests.CreateFormattedResistanceStringTests" name="testCreateFormattedResistanceStringFourBandWhiteYellowBlueSilver" time="0.000" timestamp="2018-10-19T20:33:01"/>
	<testcase classname="create_formatted_resistance_string_tests.CreateFormattedResistanceStringTests" name="testCreateFormattedResistanceStringFourBandWhiteYellowBlueViolet" time="0.000" timestamp="2018-10-19T20:33:01"/>
	<testcase classname="create_formatted_resistance_string_tests.CreateFormattedResistanceStringTests" name="testCreateFormattedResistanceStringFourBandWhiteYellowBrownBlue" time="0.000" timestamp="2018-10-19T20:33:01"/>
	<testcase classname="create_formatted_resistance_string_tests.CreateFormattedResistanceStringTests" name="testCreateFormattedResistanceStringFourBandWhiteYellowBrownBrown" time="0.000" timestamp="2018-10-19T20:33:01"/>
	<testcase classname="create_formatted_resistance_string_tests.CreateFormattedResistanceStringTests" name="testCreateFormattedResistanceStringFourBandWhiteYellowBrownGold" time="0.000" timestamp="2018-10-19T20:33:01"/>
	<testcase classname="create_formatted_resistance_string_tests.CreateFormattedResistanceStringTests" name="testCreateFormattedResistanceStringFourBandWhiteYellowBrownGreen" time="0.000" timestamp="2018-10-19T20:33:01"/>
	<testcase classname="create_formatted_resistance_string_tests.CreateFormattedResistanceStringTests" name="testCreateFormattedResistanceStringFourBandWhiteYellowBrownGrey" time="0.000" timestamp="2018-10-19T20:33:01"/>
	<testcase classname="create_formatted_resistance_string_tests.CreateFormattedResistanceStringTests" name="testCreateFormattedResistanceStringFourBandWhiteYellowBrownNone" time="0.000" timestamp="2018-10-19T20:33:01"/>
	<testcase classname="create_formatted_resistance_string_tests.CreateFormattedResistanceStringTests" name="testCreateFormattedResistanceStringFourBandWhiteYellowBrownRed" time="0.000" timestamp="2018-10-19T20:33:01"/>
	<testcase classname="create_formatted_resistance_string_tests.CreateFormattedResistanceStringTests" name="testCreateFormattedResistanceStringFourBandWhiteYellowBrownSilver" time="0.000" timestamp="2018-10-19T20:33:01"/>
	<testcase classname="create_formatted_resistance_string_tests.CreateFormattedResistanceStringTests" name="testCreateFormattedResistanceStringFourBandWhiteYellowBrownViolet" time="0.000" timestamp="2018-10-19T20:33:01"/>
	<testcase classname="create_formatted_resistance_string_tests.CreateFormattedResistanceStringTests" name="testCreateFormattedResistanceStringFourBandWhiteYellowGoldBlue" time="0.000" timestamp="2018-10-19T20:33:01"/>
	<testcase classname="create_formatted_resistance_string_tests.CreateFormattedResistanceStringTests" name="testCreateFormattedResistanceStringFourBandWhiteYellowGoldBrown" time="0.000" timestamp="2018-10-19T20:33:01"/>
	<testcase classname="create_formatted_resistance_string_tests.CreateFormattedResistanceStringTests" name="testCreateFormattedResistanceStringFourBandWhiteYellowGoldGold" time="0.000" timestamp="2018-10-19T20:33:01"/>
	<testcase classname="create_formatted_resistance_string_tests.CreateFormattedResistanceStringTests" name="testCreateFormattedResistanceStringFourBandWhiteYellowGoldGreen" time="0.000" timestamp="2018-10-19T20:33:01"/>
	<testcase classname="create_formatted_resistance_string_tests.CreateFormattedResistanceStringTests" name="testCreateFormattedResistanceStringFourBandWhiteYellowGoldGrey" time="0.000" timestamp="2018-10-19T20:33:01"/>
	<testcase classname="create_formatted_resistance_string_tests.CreateFormattedResistanceStringTests" name="testCreateFormattedResistanceStringFourBandWhiteYellowGoldNone" time="0.000" timestamp="2018-10-19T20:33:01"/>
	<testcase classname="create_formatted_resistance_string_tests.CreateFormattedResistanceStringTests" name="testCreateFormattedResistanceStringFourBandWhiteYellowGoldRed" time="0.000" timestamp="2018-10-19T20:33:01"/>
	<testcase classname="create_formatted_resistance_string_tests.CreateFormattedResistanceStringTests" name="testCreateFormattedResistanceStringFourBandWhiteYellowGoldSilver" time="0.000" timestamp="2018-10-19T20:33:01"/>
	<testcase classname="create_formatted_resistance_string_tests.CreateFormattedResistanceStringTests" name="testCreateFormattedResistanceStringFourBandWhiteYellowGoldViolet" time="0.000" timestamp="2018-10-19T20:33:01"/>
	<testcase classname="create_formatted_resistance_string_tests.CreateFormattedResistanceStringTests" name="testCreateFormattedResistanceStringFourBandWhiteYellowGreenBlue" time="0.000" timestamp="2018-10-19T20:33:01"/>
	<testcase classname="create_formatted_resistance_string_tests.CreateFormattedResistanceStringTests" name="testCreateFormattedResistanceStringFourBandWhiteYellowGreenBrown" time="0.000" timestamp="2018-10-19T20:33:01"/>
	<testcase classname="create_formatted_resistance_string_tests.CreateFormattedResistanceStringTests" name="testCreateFormattedResistanceStringFourBandWhiteYellowGreenGold" time="0.000" timestamp="2018-10-19T20:33:01"/>
	<testcase classname="create_formatted_resistance_string_tests.CreateFormattedResistanceStringTests" name="testCreateFormattedResistanceStringFourBandWhiteYellowGreenGreen" time="0.000" timestamp="2018-10-19T20:33:01"/>
	<testcase classname="create_formatted_resistance_string_tests.CreateFormattedResistanceStringTests" name="testCreateFormattedResistanceStringFourBandWhiteYellowGreenGrey" time="0.000" timestamp="2018-10-19T20:33:01"/>
	<testcase classname="create_formatted_resistance_string_tests.CreateFormattedResistanceStringTests" name="testCreateFormattedResistanceStringFourBandWhiteYellowGreenNone" time="0.000" timestamp="2018-10-19T20:33:01"/>
	<testcase classname="create_formatted_resistance_string_tests.CreateFormattedResistanceStringTests" name="testCreateFormattedResistanceStringFourBandWhiteYellowGreenRed" time="0.000" timestamp="2018-10-19T20:33:01"/>
	<testcase classname="create_formatted_resistance_string_tests.CreateFormattedResistanceStringTests" name="testCreateFormattedResistanceStringFourBandWhiteYellowGreenSilver" time="0.000" timestamp="2018-10-19T20:33:01"/>
	<testcase classname="create_formatted_resistance_string_tests.CreateFormattedResistanceStringTests" name="testCreateFormattedResistanceStringFourBandWhiteYellowGreenViolet" time="0.000" timestamp="2018-10-19T20:33:01"/>
	<testcase classname="create_formatted_resistance_string_tests.CreateFormattedResistanceStringTests" name="testCreateFormattedResistanceStringFourBandWhiteYellowGreyBlue" time="0.000" timestamp="2018-10-19T20:33:01"/>
	<testcase classname="create_formatted_resistance_string_tests.CreateFormattedResistanceStringTests" name="testCreateFormattedResistanceStringFourBandWhiteYellowGreyBrown" time="0.000" timestamp="2018-10-19T20:33:01"/>
	<testcase classname="create_formatted_resistance_string_tests.CreateFormattedResistanceStringTests" name="testCreateFormattedResistanceStringFourBandWhiteYellowGreyGold" time="0.000" timestamp="2018-10-19T20:33:01"/>
	<testcase classname="create_formatted_resistance_string_tests.CreateFormattedResistanceStringTests" name="testCreateFormattedResistanceStringFourBandWhiteYellowGreyGreen" time="0.000" timestamp="2018-10-19T20:33:01"/>
	<testcase classname="create_formatted_resistance_string_tests.CreateFormattedResistanceStringTests" name="testCreateFormattedResistanceStringFourBandWhiteYellowGreyGrey" time="0.000" timestamp="2018-10-19T20:33:01"/>
	<testcase classname="create_formatted_resistance_string_tests.CreateFormattedResistanceStringTests" name="testCreateFormattedResistanceStringFourBandWhiteYellowGreyNone" time="0.000" timestamp="2018-10-19T20:33:01"/>
	<testcase classname="create_formatted_resistance_string_tests.CreateFormattedResistanceStringTests" name="testCreateFormattedResistanceStringFourBandWhiteYellowGreyRed" time="0.000" timestamp="2018-10-19T20:33:01"/>
	<testcase classname="create_formatted_resistance_string_tests.CreateFormattedResistanceStringTests" name="testCreateFormattedResistanceStringFourBandWhiteYellowGreySilver" time="0.000" timestamp="2018-10-19T20:33:01"/>
	<testcase classname="create_formatted_resistance_string_tests.CreateFormattedResistanceStringTests" name="testCreateFormattedResistanceStringFourBandWhiteYellowGreyViolet" time="0.000" timestamp="2018-10-19T20:33:01"/>
	<testcase classname="create_formatted_resistance_string_tests.CreateFormattedResistanceStringTests" name="testCreateFormattedResistanceStringFourBandWhiteYellowOrangeBlue" time="0.000" timestamp="2018-10-19T20:33:01"/>
	<testcase classname="create_formatted_resistance_string_tests.CreateFormattedResistanceStringTests" name="testCreateFormattedResistanceStringFourBandWhiteYellowOrangeBrown" time="0.000" timestamp="2018-10-19T20:33:01"/>
	<testcase classname="create_formatted_resistance_string_tests.CreateFormattedResistanceStringTests" name="testCreateFormattedResistanceStringFourBandWhiteYellowOrangeGold" time="0.000" timestamp="2018-10-19T20:33:01"/>
	<testcase classname="create_formatted_resistance_string_tests.CreateFormattedResistanceStringTests" name="testCreateFormattedResistanceStringFourBandWhiteYellowOrangeGreen" time="0.000" timestamp="2018-10-19T20:33:01"/>
	<testcase classname="create_formatted_resistance_string_tests.CreateFormattedResistanceStringTests" name="testCreateFormattedResistanceStringFourBandWhiteYellowOrangeGrey" time="0.000" timestamp="2018-10-19T20:33:01"/>
	<testcase classname="create_formatted_resistance_string_tests.CreateFormattedResistanceStringTests" name="testCreateFormattedResistanceStringFourBandWhiteYellowOrangeNone" time="0.000" timestamp="2018-10-19T20:33:01"/>
	<testcase classname="create_formatted_resistance_string_tests.CreateFormattedResistanceStringTests" name="testCreateFormattedResistanceStringFourBandWhiteYellowOrangeRed" time="0.000" timestamp="2018-10-19T20:33:01"/>
	<testcase classname="create_formatted_resistance_string_tests.CreateFormattedResistanceStringTests" name="testCreateFormattedResistanceStringFourBandWhiteYellowOrangeSilver" time="0.000" timestamp="2018-10-19T20:33:01"/>
	<testcase classname="create_formatted_resistance_string_tests.CreateFormattedResistanceStringTests" name="testCreateFormattedResistanceStringFourBandWhiteYellowOrangeViolet" time="0.000" timestamp="2018-10-19T20:33:01"/>
	<testcase classname="create_formatted_resistance_string_tests.CreateFormattedResistanceStringTests" name="testCreateFormattedResistanceStringFourBandWhiteYellowRedBlue" time="0.000" timestamp="2018-10-19T20:33:01"/>
	<testcase classname="create_formatted_resistance_string_tests.CreateFormattedResistanceStringTests" name="testCreateFormattedResistanceStringFourBandWhiteYellowRedBrown" time="0.000" timestamp="2018-10-19T20:33:01"/>
	<testcase classname="create_formatted_resistance_string_tests.CreateFormattedResistanceStringTests" name="testCreateFormattedResistanceStringFourBandWhiteYellowRedGold" time="0.000" timestamp="2018-10-19T20:33:01"/>
	<testcase classname="create_formatted_resistance_string_tests.CreateFormattedResistanceStringTests" name="testCreateFormattedResistanceStringFourBandWhiteYellowRedGreen" time="0.000" timestamp="2018-10-19T20:33:01"/>
	<testcase classname="create_formatted_resistance_string_tests.CreateFormattedResistanceStringTests" name="testCreateFormattedResistanceStringFourBandWhiteYellowRedGrey" time="0.000" timestamp="2018-10-19T20:33:01"/>
	<testcase classname="create_formatted_resistance_string_tests.CreateFormattedResistanceStringTests" name="testCreateFormattedResistanceStringFourBandWhiteYellowRedNone" time="0.000" timestamp="2018-10-19T20:33:01"/>
	<testcase classname="create_formatted_resistance_string_tests.CreateFormattedResistanceStringTests" name="testCreateFormattedResistanceStringFourBandWhiteYellowRedRed" time="0.000" timestamp="2018-10-19T20:33:01"/>
	<testcase classname="create_formatted_resistance_string_tests.CreateFormattedResistanceStringTests" name="testCreateFormattedResistanceStringFourBandWhiteYellowRedSilver" time="0.000" timestamp="2018-10-19T20:33:01"/>
	<testcase classname="create_formatted_resistance_string_tests.CreateFormattedResistanceStringTests" name="testCreateFormattedResistanceStringFourBandWhiteYellowRedViolet" time="0.000" timestamp="2018-10-19T20:33:01"/>
	<testcase classname="create_formatted_resistance_string_tests.CreateFormattedResistanceStringTests" name="testCreateFormattedResistanceStringFourBandWhiteYellowSilverBlue" time="0.000" timestamp="2018-10-19T20:33:01"/>
	<testcase classname="create_formatted_resistance_string_tests.CreateFormattedResistanceStringTests" name="testCreateFormattedResistanceStringFourBandWhiteYellowSilverBrown" time="0.000" timestamp="2018-10-19T20:33:01"/>
	<testcase classname="create_formatted_resistance_string_tests.CreateFormattedResistanceStringTests" name="testCreateFormattedResistanceStringFourBandWhiteYellowSilverGold" time="0.000" timestamp="2018-10-19T20:33:01"/>
	<testcase classname="create_formatted_resistance_string_tests.CreateFormattedResistanceStringTests" name="testCreateFormattedResistanceStringFourBandWhiteYellowSilverGreen" time="0.000" timestamp="2018-10-19T20:33:01"/>
	<testcase classname="create_formatted_resistance_string_tests.CreateFormattedResistanceStringTests" name="testCreateFormattedResistanceStringFourBandWhiteYellowSilverGrey" time="0.000" timestamp="2018-10-19T20:33:01"/>
	<testcase classname="create_formatted_resistance_string_tests.CreateFormattedResistanceStringTests" name="testCreateFormattedResistanceStringFourBandWhiteYellowSilverNone" time="0.000" timestamp="2018-10-19T20:33:01"/>
	<testcase classname="create_formatted_resistance_string_tests.CreateFormattedResistanceStringTests" name="testCreateFormattedResistanceStringFourBandWhiteYellowSilverRed" time="0.000" timestamp="2018-10-19T20:33:01"/>
	<testcase classname="create_formatted_resistance_string_tests.CreateFormattedResistanceStringTests" name="testCreateFormattedResistanceStringFourBandWhiteYellowSilverSilver" time="0.000" timestamp="2018-10-19T20:33:01"/>
	<testcase classname="create_formatted_resistance_string_tests.CreateFormattedResistanceStringTests" name="testCreateFormattedResistanceStringFourBandWhiteYellowSilverViolet" time="0.000" timestamp="2018-10-19T20:33:01"/>
	<testcase classname="create_formatted_resistance_string_tests.CreateFormattedResistanceStringTests" name="testCreateFormattedResistanceStringFourBandWhiteYellowVioletBlue" time="0.000" timestamp="2018-10-19T20:33:01"/>
	<testcase classname="create_formatted_resistance_string_tests.CreateFormattedResistanceStringTests" name="testCreateFormattedResistanceStringFourBandWhiteYellowVioletBrown" time="0.000" timestamp="2018-10-19T20:33:01"/>
	<testcase classname="create_formatted_resistance_string_tests.CreateFormattedResistanceStringTests" name="testCreateFormattedResistanceStringFourBandWhiteYellowVioletGold" time="0.000" timestamp="2018-10-19T20:33:01"/>
	<testcase classname="create_formatted_resistance_string_tests.CreateFormattedResistanceStringTests" name="testCreateFormattedResistanceStringFourBandWhiteYellowVioletGreen" time="0.000" timestamp="2018-10-19T20:33:01"/>
	<testcase classname="create_formatted_resistance_string_tests.CreateFormattedResistanceStringTests" name="testCreateFormattedResistanceStringFourBandWhiteYellowVioletGrey" time="0.000" timestamp="2018-10-19T20:33:01"/>
	<testcase classname="create_formatted_resistance_string_tests.CreateFormattedResistanceStringTests" name="testCreateFormattedResistanceStringFourBandWhiteYellowVioletNone" time="0.000" timestamp="2018-10-19T20:33:01"/>
	<testcase classname="create_formatted_resistance_string_tests.CreateFormattedResistanceStringTests" name="testCreateFormattedResistanceStringFourBandWhiteYellowVioletRed" time="0.000" timestamp="2018-10-19T20:33:01"/>
	<testcase classname="create_formatted_resistance_string_tests.CreateFormattedResistanceStringTests" name="testCreateFormattedResistanceStringFourBandWhiteYellowVioletSilver" time="0.000" timestamp="2018-10-19T20:33:01"/>
	<testcase classname="create_formatted_resistance_string_tests.CreateFormattedResistanceStringTests" name="testCreateFormattedResistanceStringFourBandWhiteYellowVioletViolet" time="0.000" timestamp="2018-10-19T20:33:01"/>
	<testcase classname="create_formatted_resistance_string_tests.CreateFormattedResistanceStringTests" name="testCreateFormattedResistanceStringFourBandWhiteYellowWhiteBlue" time="0.000" timestamp="2018-10-19T20:33:01"/>
	<testcase classname="create_formatted_resistance_string_tests.CreateFormattedResistanceStringTests" name="testCreateFormattedResistanceStringFourBandWhiteYellowWhiteBrown" time="0.000" timestamp="2018-10-19T20:33:01"/>
	<testcase classname="create_formatted_resistance_string_tests.CreateFormattedResistanceStringTests" name="testCreateFormattedResistanceStringFourBandWhiteYellowWhiteGold" time="0.000" timestamp="2018-10-19T20:33:01"/>
	<testcase classname="create_formatted_resistance_string_tests.CreateFormattedResistanceStringTests" name="testCreateFormattedResistanceStringFourBandWhiteYellowWhiteGreen" time="0.000" timestamp="2018-10-19T20:33:01"/>
	<testcase classname="create_formatted_resistance_string_tests.CreateFormattedResistanceStringTests" name="testCreateFormattedResistanceStringFourBandWhiteYellowWhiteGrey" time="0.000" timestamp="2018-10-19T20:33:01"/>
	<testcase classname="create_formatted_resistance_string_tests.CreateFormattedResistanceStringTests" name="testCreateFormattedResistanceStringFourBandWhiteYellowWhiteNone" time="0.000" timestamp="2018-10-19T20:33:01"/>
	<testcase classname="create_formatted_resistance_string_tests.CreateFormattedResistanceStringTests" name="testCreateFormattedResistanceStringFourBandWhiteYellowWhiteRed" time="0.000" timestamp="2018-10-19T20:33:01"/>
	<testcase classname="create_formatted_resistance_string_tests.CreateFormattedResistanceStringTests" name="testCreateFormattedResistanceStringFourBandWhiteYellowWhiteSilver" time="0.000" timestamp="2018-10-19T20:33:01"/>
	<testcase classname="create_formatted_resistance_string_tests.CreateFormattedResistanceStringTests" name="testCreateFormattedResistanceStringFourBandWhiteYellowWhiteViolet" time="0.000" timestamp="2018-10-19T20:33:01"/>
	<testcase classname="create_formatted_resistance_string_tests.CreateFormattedResistanceStringTests" name="testCreateFormattedResistanceStringFourBandWhiteYellowYellowBlue" time="0.000" timestamp="2018-10-19T20:33:01"/>
	<testcase classname="create_formatted_resistance_string_tests.CreateFormattedResistanceStringTests" name="testCreateFormattedResistanceStringFourBandWhiteYellowYellowBrown" time="0.000" timestamp="2018-10-19T20:33:01"/>
	<testcase classname="create_formatted_resistance_string_tests.CreateFormattedResistanceStringTests" name="testCreateFormattedResistanceStringFourBandWhiteYellowYellowGold" time="0.000" timestamp="2018-10-19T20:33:01"/>
	<testcase classname="create_formatted_resistance_string_tests.CreateFormattedResistanceStringTests" name="testCreateFormattedResistanceStringFourBandWhiteYellowYellowGreen" time="0.000" timestamp="2018-10-19T20:33:01"/>
	<testcase classname="create_formatted_resistance_string_tests.CreateFormattedResistanceStringTests" name="testCreateFormattedResistanceStringFourBandWhiteYellowYellowGrey" time="0.000" timestamp="2018-10-19T20:33:01"/>
	<testcase classname="create_formatted_resistance_string_tests.CreateFormattedResistanceStringTests" name="testCreateFormattedResistanceStringFourBandWhiteYellowYellowNone" time="0.000" timestamp="2018-10-19T20:33:01"/>
	<testcase classname="create_formatted_resistance_string_tests.CreateFormattedResistanceStringTests" name="testCreateFormattedResistanceStringFourBandWhiteYellowYellowRed" time="0.000" timestamp="2018-10-19T20:33:01"/>
	<testcase classname="create_formatted_resistance_string_tests.CreateFormattedResistanceStringTests" name="testCreateFormattedResistanceStringFourBandWhiteYellowYellowSilver" time="0.000" timestamp="2018-10-19T20:33:01"/>
	<testcase classname="create_formatted_resistance_string_tests.CreateFormattedResistanceStringTests" name="testCreateFormattedResistanceStringFourBandWhiteYellowYellowViolet" time="0.000" timestamp="2018-10-19T20:33:01"/>
	<testcase classname="create_formatted_resistance_string_tests.CreateFormattedResistanceStringTests" name="testCreateFormattedResistanceStringFourBandYellowBlackBlackBlue" time="0.000" timestamp="2018-10-19T20:33:01"/>
	<testcase classname="create_formatted_resistance_string_tests.CreateFormattedResistanceStringTests" name="testCreateFormattedResistanceStringFourBandYellowBlackBlackBrown" time="0.000" timestamp="2018-10-19T20:33:01"/>
	<testcase classname="create_formatted_resistance_string_tests.CreateFormattedResistanceStringTests" name="testCreateFormattedResistanceStringFourBandYellowBlackBlackGold" time="0.000" timestamp="2018-10-19T20:33:01"/>
	<testcase classname="create_formatted_resistance_string_tests.CreateFormattedResistanceStringTests" name="testCreateFormattedResistanceStringFourBandYellowBlackBlackGreen" time="0.000" timestamp="2018-10-19T20:33:01"/>
	<testcase classname="create_formatted_resistance_string_tests.CreateFormattedResistanceStringTests" name="testCreateFormattedResistanceStringFourBandYellowBlackBlackGrey" time="0.000" timestamp="2018-10-19T20:33:01"/>
	<testcase classname="create_formatted_resistance_string_tests.CreateFormattedResistanceStringTests" name="testCreateFormattedResistanceStringFourBandYellowBlackBlackNone" time="0.000" timestamp="2018-10-19T20:33:01"/>
	<testcase classname="create_formatted_resistance_string_tests.CreateFormattedResistanceStringTests" name="testCreateFormattedResistanceStringFourBandYellowBlackBlackRed" time="0.000" timestamp="2018-10-19T20:33:01"/>
	<testcase classname="create_formatted_resistance_string_tests.CreateFormattedResistanceStringTests" name="testCreateFormattedResistanceStringFourBandYellowBlackBlackSilver" time="0.000" timestamp="2018-10-19T20:33:01"/>
	<testcase classname="create_formatted_resistance_string_tests.CreateFormattedResistanceStringTests" name="testCreateFormattedResistanceStringFourBandYellowBlackBlackViolet" time="0.000" timestamp="2018-10-19T20:33:01"/>
	<testcase classname="create_formatted_resistance_string_tests.CreateFormattedResistanceStringTests" name="testCreateFormattedResistanceStringFourBandYellowBlackBlueBlue" time="0.000" timestamp="2018-10-19T20:33:01"/>
	<testcase classname="create_formatted_resistance_string_tests.CreateFormattedResistanceStringTests" name="testCreateFormattedResistanceStringFourBandYellowBlackBlueBrown" time="0.000" timestamp="2018-10-19T20:33:01"/>
	<testcase classname="create_formatted_resistance_string_tests.CreateFormattedResistanceStringTests" name="testCreateFormattedResistanceStringFourBandYellowBlackBlueGold" time="0.000" timestamp="2018-10-19T20:33:01"/>
	<testcase classname="create_formatted_resistance_string_tests.CreateFormattedResistanceStringTests" name="testCreateFormattedResistanceStringFourBandYellowBlackBlueGreen" time="0.000" timestamp="2018-10-19T20:33:01"/>
	<testcase classname="create_formatted_resistance_string_tests.CreateFormattedResistanceStringTests" name="testCreateFormattedResistanceStringFourBandYellowBlackBlueGrey" time="0.000" timestamp="2018-10-19T20:33:01"/>
	<testcase classname="create_formatted_resistance_string_tests.CreateFormattedResistanceStringTests" name="testCreateFormattedResistanceStringFourBandYellowBlackBlueNone" time="0.000" timestamp="2018-10-19T20:33:01"/>
	<testcase classname="create_formatted_resistance_string_tests.CreateFormattedResistanceStringTests" name="testCreateFormattedResistanceStringFourBandYellowBlackBlueRed" time="0.000" timestamp="2018-10-19T20:33:01"/>
	<testcase classname="create_formatted_resistance_string_tests.CreateFormattedResistanceStringTests" name="testCreateFormattedResistanceStringFourBandYellowBlackBlueSilver" time="0.000" timestamp="2018-10-19T20:33:01"/>
	<testcase classname="create_formatted_resistance_string_tests.CreateFormattedResistanceStringTests" name="testCreateFormattedResistanceStringFourBandYellowBlackBlueViolet" time="0.000" timestamp="2018-10-19T20:33:01"/>
	<testcase classname="create_formatted_resistance_string_tests.CreateFormattedResistanceStringTests" name="testCreateFormattedResistanceStringFourBandYellowBlackBrownBlue" time="0.000" timestamp="2018-10-19T20:33:01"/>
	<testcase classname="create_formatted_resistance_string_tests.CreateFormattedResistanceStringTests" name="testCreateFormattedResistanceStringFourBandYellowBlackBrownBrown" time="0.000" timestamp="2018-10-19T20:33:01"/>
	<testcase classname="create_formatted_resistance_string_tests.CreateFormattedResistanceStringTests" name="testCreateFormattedResistanceStringFourBandYellowBlackBrownGold" time="0.000" timestamp="2018-10-19T20:33:01"/>
	<testcase classname="create_formatted_resistance_string_tests.CreateFormattedResistanceStringTests" name="testCreateFormattedResistanceStringFourBandYellowBlackBrownGreen" time="0.000" timestamp="2018-10-19T20:33:01"/>
	<testcase classname="create_formatted_resistance_string_tests.CreateFormattedResistanceStringTests" name="testCreateFormattedResistanceStringFourBandYellowBlackBrownGrey" time="0.000" timestamp="2018-10-19T20:33:01"/>
	<testcase classname="create_formatted_resistance_string_tests.CreateFormattedResistanceStringTests" name="testCreateFormattedResistanceStringFourBandYellowBlackBrownNone" time="0.000" timestamp="2018-10-19T20:33:01"/>
	<testcase classname="create_formatted_resistance_string_tests.CreateFormattedResistanceStringTests" name="testCreateFormattedResistanceStringFourBandYellowBlackBrownRed" time="0.000" timestamp="2018-10-19T20:33:01"/>
	<testcase classname="create_formatted_resistance_string_tests.CreateFormattedResistanceStringTests" name="testCreateFormattedResistanceStringFourBandYellowBlackBrownSilver" time="0.000" timestamp="2018-10-19T20:33:01"/>
	<testcase classname="create_formatted_resistance_string_tests.CreateFormattedResistanceStringTests" name="testCreateFormattedResistanceStringFourBandYellowBlackBrownViolet" time="0.000" timestamp="2018-10-19T20:33:01"/>
	<testcase classname="create_formatted_resistance_string_tests.CreateFormattedResistanceStringTests" name="testCreateFormattedResistanceStringFourBandYellowBlackGoldBlue" time="0.000" timestamp="2018-10-19T20:33:01"/>
	<testcase classname="create_formatted_resistance_string_tests.CreateFormattedResistanceStringTests" name="testCreateFormattedResistanceStringFourBandYellowBlackGoldBrown" time="0.000" timestamp="2018-10-19T20:33:01"/>
	<testcase classname="create_formatted_resistance_string_tests.CreateFormattedResistanceStringTests" name="testCreateFormattedResistanceStringFourBandYellowBlackGoldGold" time="0.000" timestamp="2018-10-19T20:33:01"/>
	<testcase classname="create_formatted_resistance_string_tests.CreateFormattedResistanceStringTests" name="testCreateFormattedResistanceStringFourBandYellowBlackGoldGreen" time="0.000" timestamp="2018-10-19T20:33:01"/>
	<testcase classname="create_formatted_resistance_string_tests.CreateFormattedResistanceStringTests" name="testCreateFormattedResistanceStringFourBandYellowBlackGoldGrey" time="0.000" timestamp="2018-10-19T20:33:01"/>
	<testcase classname="create_formatted_resistance_string_tests.CreateFormattedResistanceStringTests" name="testCreateFormattedResistanceStringFourBandYellowBlackGoldNone" time="0.000" timestamp="2018-10-19T20:33:01"/>
	<testcase classname="create_formatted_resistance_string_tests.CreateFormattedResistanceStringTests" name="testCreateFormattedResistanceStringFourBandYellowBlackGoldRed" time="0.000" timestamp="2018-10-19T20:33:01"/>
	<testcase classname="create_formatted_resistance_string_tests.CreateFormattedResistanceStringTests" name="testCreateFormattedResistanceStringFourBandYellowBlackGoldSilver" time="0.000" timestamp="2018-10-19T20:33:01"/>
	<testcase classname="create_formatted_resistance_string_tests.CreateFormattedResistanceStringTests" name="testCreateFormattedResistanceStringFourBandYellowBlackGoldViolet" time="0.000" timestamp="2018-10-19T20:33:01"/>
	<testcase classname="create_formatted_resistance_string_tests.CreateFormattedResistanceStringTests" name="testCreateFormattedResistanceStringFourBandYellowBlackGreenBlue" time="0.000" timestamp="2018-10-19T20:33:01"/>
	<testcase classname="create_formatted_resistance_string_tests.CreateFormattedResistanceStringTests" name="testCreateFormattedResistanceStringFourBandYellowBlackGreenBrown" time="0.000" timestamp="2018-10-19T20:33:01"/>
	<testcase classname="create_formatted_resistance_string_tests.CreateFormattedResistanceStringTests" name="testCreateFormattedResistanceStringFourBandYellowBlackGreenGold" time="0.000" timestamp="2018-10-19T20:33:01"/>
	<testcase classname="create_formatted_resistance_string_tests.CreateFormattedResistanceStringTests" name="testCreateFormattedResistanceStringFourBandYellowBlackGreenGreen" time="0.000" timestamp="2018-10-19T20:33:01"/>
	<testcase classname="create_formatted_resistance_string_tests.CreateFormattedResistanceStringTests" name="testCreateFormattedResistanceStringFourBandYellowBlackGreenGrey" time="0.000" timestamp="2018-10-19T20:33:01"/>
	<testcase classname="create_formatted_resistance_string_tests.CreateFormattedResistanceStringTests" name="testCreateFormattedResistanceStringFourBandYellowBlackGreenNone" time="0.000" timestamp="2018-10-19T20:33:01"/>
	<testcase classname="create_formatted_resistance_string_tests.CreateFormattedResistanceStringTests" name="testCreateFormattedResistanceStringFourBandYellowBlackGreenRed" time="0.000" timestamp="2018-10-19T20:33:01"/>
	<testcase classname="create_formatted_resistance_string_tests.CreateFormattedResistanceStringTests" name="testCreateFormattedResistanceStringFourBandYellowBlackGreenSilver" time="0.000" timestamp="2018-10-19T20:33:01"/>
	<testcase classname="create_formatted_resistance_string_tests.CreateFormattedResistanceStringTests" name="testCreateFormattedResistanceStringFourBandYellowBlackGreenViolet" time="0.000" timestamp="2018-10-19T20:33:01"/>
	<testcase classname="create_formatted_resistance_string_tests.CreateFormattedResistanceStringTests" name="testCreateFormattedResistanceStringFourBandYellowBlackGreyBlue" time="0.000" timestamp="2018-10-19T20:33:01"/>
	<testcase classname="create_formatted_resistance_string_tests.CreateFormattedResistanceStringTests" name="testCreateFormattedResistanceStringFourBandYellowBlackGreyBrown" time="0.000" timestamp="2018-10-19T20:33:01"/>
	<testcase classname="create_formatted_resistance_string_tests.CreateFormattedResistanceStringTests" name="testCreateFormattedResistanceStringFourBandYellowBlackGreyGold" time="0.000" timestamp="2018-10-19T20:33:01"/>
	<testcase classname="create_formatted_resistance_string_tests.CreateFormattedResistanceStringTests" name="testCreateFormattedResistanceStringFourBandYellowBlackGreyGreen" time="0.000" timestamp="2018-10-19T20:33:01"/>
	<testcase classname="create_formatted_resistance_string_tests.CreateFormattedResistanceStringTests" name="testCreateFormattedResistanceStringFourBandYellowBlackGreyGrey" time="0.000" timestamp="2018-10-19T20:33:01"/>
	<testcase classname="create_formatted_resistance_string_tests.CreateFormattedResistanceStringTests" name="testCreateFormattedResistanceStringFourBandYellowBlackGreyNone" time="0.000" timestamp="2018-10-19T20:33:01"/>
	<testcase classname="create_formatted_resistance_string_tests.CreateFormattedResistanceStringTests" name="testCreateFormattedResistanceStringFourBandYellowBlackGreyRed" time="0.000" timestamp="2018-10-19T20:33:01"/>
	<testcase classname="create_formatted_resistance_string_tests.CreateFormattedResistanceStringTests" name="testCreateFormattedResistanceStringFourBandYellowBlackGreySilver" time="0.000" timestamp="2018-10-19T20:33:01"/>
	<testcase classname="create_formatted_resistance_string_tests.CreateFormattedResistanceStringTests" name="testCreateFormattedResistanceStringFourBandYellowBlackGreyViolet" time="0.000" timestamp="2018-10-19T20:33:01"/>
	<testcase classname="create_formatted_resistance_string_tests.CreateFormattedResistanceStringTests" name="testCreateFormattedResistanceStringFourBandYellowBlackOrangeBlue" time="0.000" timestamp="2018-10-19T20:33:01"/>
	<testcase classname="create_formatted_resistance_string_tests.CreateFormattedResistanceStringTests" name="testCreateFormattedResistanceStringFourBandYellowBlackOrangeBrown" time="0.000" timestamp="2018-10-19T20:33:01"/>
	<testcase classname="create_formatted_resistance_string_tests.CreateFormattedResistanceStringTests" name="testCreateFormattedResistanceStringFourBandYellowBlackOrangeGold" time="0.000" timestamp="2018-10-19T20:33:01"/>
	<testcase classname="create_formatted_resistance_string_tests.CreateFormattedResistanceStringTests" name="testCreateFormattedResistanceStringFourBandYellowBlackOrangeGreen" time="0.000" timestamp="2018-10-19T20:33:01"/>
	<testcase classname="create_formatted_resistance_string_tests.CreateFormattedResistanceStringTests" name="testCreateFormattedResistanceStringFourBandYellowBlackOrangeGrey" time="0.000" timestamp="2018-10-19T20:33:01"/>
	<testcase classname="create_formatted_resistance_string_tests.CreateFormattedResistanceStringTests" name="testCreateFormattedResistanceStringFourBandYellowBlackOrangeNone" time="0.000" timestamp="2018-10-19T20:33:01"/>
	<testcase classname="create_formatted_resistance_string_tests.CreateFormattedResistanceStringTests" name="testCreateFormattedResistanceStringFourBandYellowBlackOrangeRed" time="0.000" timestamp="2018-10-19T20:33:01"/>
	<testcase classname="create_formatted_resistance_string_tests.CreateFormattedResistanceStringTests" name="testCreateFormattedResistanceStringFourBandYellowBlackOrangeSilver" time="0.000" timestamp="2018-10-19T20:33:01"/>
	<testcase classname="create_formatted_resistance_string_tests.CreateFormattedResistanceStringTests" name="testCreateFormattedResistanceStringFourBandYellowBlackOrangeViolet" time="0.000" timestamp="2018-10-19T20:33:01"/>
	<testcase classname="create_formatted_resistance_string_tests.CreateFormattedResistanceStringTests" name="testCreateFormattedResistanceStringFourBandYellowBlackRedBlue" time="0.000" timestamp="2018-10-19T20:33:01"/>
	<testcase classname="create_formatted_resistance_string_tests.CreateFormattedResistanceStringTests" name="testCreateFormattedResistanceStringFourBandYellowBlackRedBrown" time="0.000" timestamp="2018-10-19T20:33:01"/>
	<testcase classname="create_formatted_resistance_string_tests.CreateFormattedResistanceStringTests" name="testCreateFormattedResistanceStringFourBandYellowBlackRedGold" time="0.000" timestamp="2018-10-19T20:33:01"/>
	<testcase classname="create_formatted_resistance_string_tests.CreateFormattedResistanceStringTests" name="testCreateFormattedResistanceStringFourBandYellowBlackRedGreen" time="0.000" timestamp="2018-10-19T20:33:01"/>
	<testcase classname="create_formatted_resistance_string_tests.CreateFormattedResistanceStringTests" name="testCreateFormattedResistanceStringFourBandYellowBlackRedGrey" time="0.000" timestamp="2018-10-19T20:33:01"/>
	<testcase classname="create_formatted_resistance_string_tests.CreateFormattedResistanceStringTests" name="testCreateFormattedResistanceStringFourBandYellowBlackRedNone" time="0.000" timestamp="2018-10-19T20:33:01"/>
	<testcase classname="create_formatted_resistance_string_tests.CreateFormattedResistanceStringTests" name="testCreateFormattedResistanceStringFourBandYellowBlackRedRed" time="0.000" timestamp="2018-10-19T20:33:01"/>
	<testcase classname="create_formatted_resistance_string_tests.CreateFormattedResistanceStringTests" name="testCreateFormattedResistanceStringFourBandYellowBlackRedSilver" time="0.000" timestamp="2018-10-19T20:33:01"/>
	<testcase classname="create_formatted_resistance_string_tests.CreateFormattedResistanceStringTests" name="testCreateFormattedResistanceStringFourBandYellowBlackRedViolet" time="0.000" timestamp="2018-10-19T20:33:01"/>
	<testcase classname="create_formatted_resistance_string_tests.CreateFormattedResistanceStringTests" name="testCreateFormattedResistanceStringFourBandYellowBlackSilverBlue" time="0.000" timestamp="2018-10-19T20:33:01"/>
	<testcase classname="create_formatted_resistance_string_tests.CreateFormattedResistanceStringTests" name="testCreateFormattedResistanceStringFourBandYellowBlackSilverBrown" time="0.000" timestamp="2018-10-19T20:33:01"/>
	<testcase classname="create_formatted_resistance_string_tests.CreateFormattedResistanceStringTests" name="testCreateFormattedResistanceStringFourBandYellowBlackSilverGold" time="0.000" timestamp="2018-10-19T20:33:01"/>
	<testcase classname="create_formatted_resistance_string_tests.CreateFormattedResistanceStringTests" name="testCreateFormattedResistanceStringFourBandYellowBlackSilverGreen" time="0.000" timestamp="2018-10-19T20:33:01"/>
	<testcase classname="create_formatted_resistance_string_tests.CreateFormattedResistanceStringTests" name="testCreateFormattedResistanceStringFourBandYellowBlackSilverGrey" time="0.000" timestamp="2018-10-19T20:33:01"/>
	<testcase classname="create_formatted_resistance_string_tests.CreateFormattedResistanceStringTests" name="testCreateFormattedResistanceStringFourBandYellowBlackSilverNone" time="0.000" timestamp="2018-10-19T20:33:01"/>
	<testcase classname="create_formatted_resistance_string_tests.CreateFormattedResistanceStringTests" name="testCreateFormattedResistanceStringFourBandYellowBlackSilverRed" time="0.000" timestamp="2018-10-19T20:33:01"/>
	<testcase classname="create_formatted_resistance_string_tests.CreateFormattedResistanceStringTests" name="testCreateFormattedResistanceStringFourBandYellowBlackSilverSilver" time="0.000" timestamp="2018-10-19T20:33:01"/>
	<testcase classname="create_formatted_resistance_string_tests.CreateFormattedResistanceStringTests" name="testCreateFormattedResistanceStringFourBandYellowBlackSilverViolet" time="0.000" timestamp="2018-10-19T20:33:01"/>
	<testcase classname="create_formatted_resistance_string_tests.CreateFormattedResistanceStringTests" name="testCreateFormattedResistanceStringFourBandYellowBlackVioletBlue" time="0.000" timestamp="2018-10-19T20:33:01"/>
	<testcase classname="create_formatted_resistance_string_tests.CreateFormattedResistanceStringTests" name="testCreateFormattedResistanceStringFourBandYellowBlackVioletBrown" time="0.000" timestamp="2018-10-19T20:33:01"/>
	<testcase classname="create_formatted_resistance_string_tests.CreateFormattedResistanceStringTests" name="testCreateFormattedResistanceStringFourBandYellowBlackVioletGold" time="0.000" timestamp="2018-10-19T20:33:01"/>
	<testcase classname="create_formatted_resistance_string_tests.CreateFormattedResistanceStringTests" name="testCreateFormattedResistanceStringFourBandYellowBlackVioletGreen" time="0.000" timestamp="2018-10-19T20:33:01"/>
	<testcase classname="create_formatted_resistance_string_tests.CreateFormattedResistanceStringTests" name="testCreateFormattedResistanceStringFourBandYellowBlackVioletGrey" time="0.000" timestamp="2018-10-19T20:33:01"/>
	<testcase classname="create_formatted_resistance_string_tests.CreateFormattedResistanceStringTests" name="testCreateFormattedResistanceStringFourBandYellowBlackVioletNone" time="0.000" timestamp="2018-10-19T20:33:01"/>
	<testcase classname="create_formatted_resistance_string_tests.CreateFormattedResistanceStringTests" name="testCreateFormattedResistanceStringFourBandYellowBlackVioletRed" time="0.000" timestamp="2018-10-19T20:33:01"/>
	<testcase classname="create_formatted_resistance_string_tests.CreateFormattedResistanceStringTests" name="testCreateFormattedResistanceStringFourBandYellowBlackVioletSilver" time="0.000" timestamp="2018-10-19T20:33:01"/>
	<testcase classname="create_formatted_resistance_string_tests.CreateFormattedResistanceStringTests" name="testCreateFormattedResistanceStringFourBandYellowBlackVioletViolet" time="0.000" timestamp="2018-10-19T20:33:01"/>
	<testcase classname="create_formatted_resistance_string_tests.CreateFormattedResistanceStringTests" name="testCreateFormattedResistanceStringFourBandYellowBlackWhiteBlue" time="0.000" timestamp="2018-10-19T20:33:01"/>
	<testcase classname="create_formatted_resistance_string_tests.CreateFormattedResistanceStringTests" name="testCreateFormattedResistanceStringFourBandYellowBlackWhiteBrown" time="0.000" timestamp="2018-10-19T20:33:01"/>
	<testcase classname="create_formatted_resistance_string_tests.CreateFormattedResistanceStringTests" name="testCreateFormattedResistanceStringFourBandYellowBlackWhiteGold" time="0.000" timestamp="2018-10-19T20:33:01"/>
	<testcase classname="create_formatted_resistance_string_tests.CreateFormattedResistanceStringTests" name="testCreateFormattedResistanceStringFourBandYellowBlackWhiteGreen" time="0.000" timestamp="2018-10-19T20:33:01"/>
	<testcase classname="create_formatted_resistance_string_tests.CreateFormattedResistanceStringTests" name="testCreateFormattedResistanceStringFourBandYellowBlackWhiteGrey" time="0.000" timestamp="2018-10-19T20:33:01"/>
	<testcase classname="create_formatted_resistance_string_tests.CreateFormattedResistanceStringTests" name="testCreateFormattedResistanceStringFourBandYellowBlackWhiteNone" time="0.000" timestamp="2018-10-19T20:33:01"/>
	<testcase classname="create_formatted_resistance_string_tests.CreateFormattedResistanceStringTests" name="testCreateFormattedResistanceStringFourBandYellowBlackWhiteRed" time="0.000" timestamp="2018-10-19T20:33:01"/>
	<testcase classname="create_formatted_resistance_string_tests.CreateFormattedResistanceStringTests" name="testCreateFormattedResistanceStringFourBandYellowBlackWhiteSilver" time="0.000" timestamp="2018-10-19T20:33:01"/>
	<testcase classname="create_formatted_resistance_string_tests.CreateFormattedResistanceStringTests" name="testCreateFormattedResistanceStringFourBandYellowBlackWhiteViolet" time="0.000" timestamp="2018-10-19T20:33:01"/>
	<testcase classname="create_formatted_resistance_string_tests.CreateFormattedResistanceStringTests" name="testCreateFormattedResistanceStringFourBandYellowBlackYellowBlue" time="0.000" timestamp="2018-10-19T20:33:01"/>
	<testcase classname="create_formatted_resistance_string_tests.CreateFormattedResistanceStringTests" name="testCreateFormattedResistanceStringFourBandYellowBlackYellowBrown" time="0.000" timestamp="2018-10-19T20:33:01"/>
	<testcase classname="create_formatted_resistance_string_tests.CreateFormattedResistanceStringTests" name="testCreateFormattedResistanceStringFourBandYellowBlackYellowGold" time="0.000" timestamp="2018-10-19T20:33:01"/>
	<testcase classname="create_formatted_resistance_string_tests.CreateFormattedResistanceStringTests" name="testCreateFormattedResistanceStringFourBandYellowBlackYellowGreen" time="0.000" timestamp="2018-10-19T20:33:01"/>
	<testcase classname="create_formatted_resistance_string_tests.CreateFormattedResistanceStringTests" name="testCreateFormattedResistanceStringFourBandYellowBlackYellowGrey" time="0.000" timestamp="2018-10-19T20:33:01"/>
	<testcase classname="create_formatted_resistance_string_tests.CreateFormattedResistanceStringTests" name="testCreateFormattedResistanceStringFourBandYellowBlackYellowNone" time="0.000" timestamp="2018-10-19T20:33:01"/>
	<testcase classname="create_formatted_resistance_string_tests.CreateFormattedResistanceStringTests" name="testCreateFormattedResistanceStringFourBandYellowBlackYellowRed" time="0.000" timestamp="2018-10-19T20:33:01"/>
	<testcase classname="create_formatted_resistance_string_tests.CreateFormattedResistanceStringTests" name="testCreateFormattedResistanceStringFourBandYellowBlackYellowSilver" time="0.000" timestamp="2018-10-19T20:33:01"/>
	<testcase classname="create_formatted_resistance_string_tests.CreateFormattedResistanceStringTests" name="testCreateFormattedResistanceStringFourBandYellowBlackYellowViolet" time="0.000" timestamp="2018-10-19T20:33:01"/>
	<testcase classname="create_formatted_resistance_string_tests.CreateFormattedResistanceStringTests" name="testCreateFormattedResistanceStringFourBandYellowBlueBlackBlue" time="0.000" timestamp="2018-10-19T20:33:01"/>
	<testcase classname="create_formatted_resistance_string_tests.CreateFormattedResistanceStringTests" name="testCreateFormattedResistanceStringFourBandYellowBlueBlackBrown" time="0.000" timestamp="2018-10-19T20:33:01"/>
	<testcase classname="create_formatted_resistance_string_tests.CreateFormattedResistanceStringTests" name="testCreateFormattedResistanceStringFourBandYellowBlueBlackGold" time="0.000" timestamp="2018-10-19T20:33:01"/>
	<testcase classname="create_formatted_resistance_string_tests.CreateFormattedResistanceStringTests" name="testCreateFormattedResistanceStringFourBandYellowBlueBlackGreen" time="0.000" timestamp="2018-10-19T20:33:01"/>
	<testcase classname="create_formatted_resistance_string_tests.CreateFormattedResistanceStringTests" name="testCreateFormattedResistanceStringFourBandYellowBlueBlackGrey" time="0.000" timestamp="2018-10-19T20:33:01"/>
	<testcase classname="create_formatted_resistance_string_tests.CreateFormattedResistanceStringTests" name="testCreateFormattedResistanceStringFourBandYellowBlueBlackNone" time="0.000" timestamp="2018-10-19T20:33:01"/>
	<testcase classname="create_formatted_resistance_string_tests.CreateFormattedResistanceStringTests" name="testCreateFormattedResistanceStringFourBandYellowBlueBlackRed" time="0.000" timestamp="2018-10-19T20:33:01"/>
	<testcase classname="create_formatted_resistance_string_tests.CreateFormattedResistanceStringTests" name="testCreateFormattedResistanceStringFourBandYellowBlueBlackSilver" time="0.000" timestamp="2018-10-19T20:33:01"/>
	<testcase classname="create_formatted_resistance_string_tests.CreateFormattedResistanceStringTests" name="testCreateFormattedResistanceStringFourBandYellowBlueBlackViolet" time="0.000" timestamp="2018-10-19T20:33:01"/>
	<testcase classname="create_formatted_resistance_string_tests.CreateFormattedResistanceStringTests" name="testCreateFormattedResistanceStringFourBandYellowBlueBlueBlue" time="0.000" timestamp="2018-10-19T20:33:01"/>
	<testcase classname="create_formatted_resistance_string_tests.CreateFormattedResistanceStringTests" name="testCreateFormattedResistanceStringFourBandYellowBlueBlueBrown" time="0.000" timestamp="2018-10-19T20:33:01"/>
	<testcase classname="create_formatted_resistance_string_tests.CreateFormattedResistanceStringTests" name="testCreateFormattedResistanceStringFourBandYellowBlueBlueGold" time="0.000" timestamp="2018-10-19T20:33:01"/>
	<testcase classname="create_formatted_resistance_string_tests.CreateFormattedResistanceStringTests" name="testCreateFormattedResistanceStringFourBandYellowBlueBlueGreen" time="0.000" timestamp="2018-10-19T20:33:01"/>
	<testcase classname="create_formatted_resistance_string_tests.CreateFormattedResistanceStringTests" name="testCreateFormattedResistanceStringFourBandYellowBlueBlueGrey" time="0.000" timestamp="2018-10-19T20:33:01"/>
	<testcase classname="create_formatted_resistance_string_tests.CreateFormattedResistanceStringTests" name="testCreateFormattedResistanceStringFourBandYellowBlueBlueNone" time="0.000" timestamp="2018-10-19T20:33:01"/>
	<testcase classname="create_formatted_resistance_string_tests.CreateFormattedResistanceStringTests" name="testCreateFormattedResistanceStringFourBandYellowBlueBlueRed" time="0.000" timestamp="2018-10-19T20:33:01"/>
	<testcase classname="create_formatted_resistance_string_tests.CreateFormattedResistanceStringTests" name="testCreateFormattedResistanceStringFourBandYellowBlueBlueSilver" time="0.000" timestamp="2018-10-19T20:33:01"/>
	<testcase classname="create_formatted_resistance_string_tests.CreateFormattedResistanceStringTests" name="testCreateFormattedResistanceStringFourBandYellowBlueBlueViolet" time="0.000" timestamp="2018-10-19T20:33:01"/>
	<testcase classname="create_formatted_resistance_string_tests.CreateFormattedResistanceStringTests" name="testCreateFormattedResistanceStringFourBandYellowBlueBrownBlue" time="0.000" timestamp="2018-10-19T20:33:01"/>
	<testcase classname="create_formatted_resistance_string_tests.CreateFormattedResistanceStringTests" name="testCreateFormattedResistanceStringFourBandYellowBlueBrownBrown" time="0.000" timestamp="2018-10-19T20:33:01"/>
	<testcase classname="create_formatted_resistance_string_tests.CreateFormattedResistanceStringTests" name="testCreateFormattedResistanceStringFourBandYellowBlueBrownGold" time="0.000" timestamp="2018-10-19T20:33:01"/>
	<testcase classname="create_formatted_resistance_string_tests.CreateFormattedResistanceStringTests" name="testCreateFormattedResistanceStringFourBandYellowBlueBrownGreen" time="0.000" timestamp="2018-10-19T20:33:01"/>
	<testcase classname="create_formatted_resistance_string_tests.CreateFormattedResistanceStringTests" name="testCreateFormattedResistanceStringFourBandYellowBlueBrownGrey" time="0.000" timestamp="2018-10-19T20:33:01"/>
	<testcase classname="create_formatted_resistance_string_tests.CreateFormattedResistanceStringTests" name="testCreateFormattedResistanceStringFourBandYellowBlueBrownNone" time="0.000" timestamp="2018-10-19T20:33:01"/>
	<testcase classname="create_formatted_resistance_string_tests.CreateFormattedResistanceStringTests" name="testCreateFormattedResistanceStringFourBandYellowBlueBrownRed" time="0.000" timestamp="2018-10-19T20:33:01"/>
	<testcase classname="create_formatted_resistance_string_tests.CreateFormattedResistanceStringTests" name="testCreateFormattedResistanceStringFourBandYellowBlueBrownSilver" time="0.000" timestamp="2018-10-19T20:33:01"/>
	<testcase classname="create_formatted_resistance_string_tests.CreateFormattedResistanceStringTests" name="testCreateFormattedResistanceStringFourBandYellowBlueBrownViolet" time="0.000" timestamp="2018-10-19T20:33:01"/>
	<testcase classname="create_formatted_resistance_string_tests.CreateFormattedResistanceStringTests" name="testCreateFormattedResistanceStringFourBandYellowBlueGoldBlue" time="0.000" timestamp="2018-10-19T20:33:01"/>
	<testcase classname="create_formatted_resistance_string_tests.CreateFormattedResistanceStringTests" name="testCreateFormattedResistanceStringFourBandYellowBlueGoldBrown" time="0.000" timestamp="2018-10-19T20:33:01"/>
	<testcase classname="create_formatted_resistance_string_tests.CreateFormattedResistanceStringTests" name="testCreateFormattedResistanceStringFourBandYellowBlueGoldGold" time="0.000" timestamp="2018-10-19T20:33:01"/>
	<testcase classname="create_formatted_resistance_string_tests.CreateFormattedResistanceStringTests" name="testCreateFormattedResistanceStringFourBandYellowBlueGoldGreen" time="0.000" timestamp="2018-10-19T20:33:01"/>
	<testcase classname="create_formatted_resistance_string_tests.CreateFormattedResistanceStringTests" name="testCreateFormattedResistanceStringFourBandYellowBlueGoldGrey" time="0.000" timestamp="2018-10-19T20:33:01"/>
	<testcase classname="create_formatted_resistance_string_tests.CreateFormattedResistanceStringTests" name="testCreateFormattedResistanceStringFourBandYellowBlueGoldNone" time="0.000" timestamp="2018-10-19T20:33:01"/>
	<testcase classname="create_formatted_resistance_string_tests.CreateFormattedResistanceStringTests" name="testCreateFormattedResistanceStringFourBandYellowBlueGoldRed" time="0.000" timestamp="2018-10-19T20:33:01"/>
	<testcase classname="create_formatted_resistance_string_tests.CreateFormattedResistanceStringTests" name="testCreateFormattedResistanceStringFourBandYellowBlueGoldSilver" time="0.000" timestamp="2018-10-19T20:33:01"/>
	<testcase classname="create_formatted_resistance_string_tests.CreateFormattedResistanceStringTests" name="testCreateFormattedResistanceStringFourBandYellowBlueGoldViolet" time="0.000" timestamp="2018-10-19T20:33:01"/>
	<testcase classname="create_formatted_resistance_string_tests.CreateFormattedResistanceStringTests" name="testCreateFormattedResistanceStringFourBandYellowBlueGreenBlue" time="0.000" timestamp="2018-10-19T20:33:01"/>
	<testcase classname="create_formatted_resistance_string_tests.CreateFormattedResistanceStringTests" name="testCreateFormattedResistanceStringFourBandYellowBlueGreenBrown" time="0.000" timestamp="2018-10-19T20:33:01"/>
	<testcase classname="create_formatted_resistance_string_tests.CreateFormattedResistanceStringTests" name="testCreateFormattedResistanceStringFourBandYellowBlueGreenGold" time="0.000" timestamp="2018-10-19T20:33:01"/>
	<testcase classname="create_formatted_resistance_string_tests.CreateFormattedResistanceStringTests" name="testCreateFormattedResistanceStringFourBandYellowBlueGreenGreen" time="0.000" timestamp="2018-10-19T20:33:01"/>
	<testcase classname="create_formatted_resistance_string_tests.CreateFormattedResistanceStringTests" name="testCreateFormattedResistanceStringFourBandYellowBlueGreenGrey" time="0.000" timestamp="2018-10-19T20:33:01"/>
	<testcase classname="create_formatted_resistance_string_tests.CreateFormattedResistanceStringTests" name="testCreateFormattedResistanceStringFourBandYellowBlueGreenNone" time="0.000" timestamp="2018-10-19T20:33:01"/>
	<testcase classname="create_formatted_resistance_string_tests.CreateFormattedResistanceStringTests" name="testCreateFormattedResistanceStringFourBandYellowBlueGreenRed" time="0.000" timestamp="2018-10-19T20:33:01"/>
	<testcase classname="create_formatted_resistance_string_tests.CreateFormattedResistanceStringTests" name="testCreateFormattedResistanceStringFourBandYellowBlueGreenSilver" time="0.000" timestamp="2018-10-19T20:33:01"/>
	<testcase classname="create_formatted_resistance_string_tests.CreateFormattedResistanceStringTests" name="testCreateFormattedResistanceStringFourBandYellowBlueGreenViolet" time="0.000" timestamp="2018-10-19T20:33:01"/>
	<testcase classname="create_formatted_resistance_string_tests.CreateFormattedResistanceStringTests" name="testCreateFormattedResistanceStringFourBandYellowBlueGreyBlue" time="0.000" timestamp="2018-10-19T20:33:01"/>
	<testcase classname="create_formatted_resistance_string_tests.CreateFormattedResistanceStringTests" name="testCreateFormattedResistanceStringFourBandYellowBlueGreyBrown" time="0.000" timestamp="2018-10-19T20:33:01"/>
	<testcase classname="create_formatted_resistance_string_tests.CreateFormattedResistanceStringTests" name="testCreateFormattedResistanceStringFourBandYellowBlueGreyGold" time="0.000" timestamp="2018-10-19T20:33:01"/>
	<testcase classname="create_formatted_resistance_string_tests.CreateFormattedResistanceStringTests" name="testCreateFormattedResistanceStringFourBandYellowBlueGreyGreen" time="0.000" timestamp="2018-10-19T20:33:01"/>
	<testcase classname="create_formatted_resistance_string_tests.CreateFormattedResistanceStringTests" name="testCreateFormattedResistanceStringFourBandYellowBlueGreyGrey" time="0.000" timestamp="2018-10-19T20:33:01"/>
	<testcase classname="create_formatted_resistance_string_tests.CreateFormattedResistanceStringTests" name="testCreateFormattedResistanceStringFourBandYellowBlueGreyNone" time="0.000" timestamp="2018-10-19T20:33:01"/>
	<testcase classname="create_formatted_resistance_string_tests.CreateFormattedResistanceStringTests" name="testCreateFormattedResistanceStringFourBandYellowBlueGreyRed" time="0.000" timestamp="2018-10-19T20:33:01"/>
	<testcase classname="create_formatted_resistance_string_tests.CreateFormattedResistanceStringTests" name="testCreateFormattedResistanceStringFourBandYellowBlueGreySilver" time="0.000" timestamp="2018-10-19T20:33:01"/>
	<testcase classname="create_formatted_resistance_string_tests.CreateFormattedResistanceStringTests" name="testCreateFormattedResistanceStringFourBandYellowBlueGreyViolet" time="0.000" timestamp="2018-10-19T20:33:01"/>
	<testcase classname="create_formatted_resistance_string_tests.CreateFormattedResistanceStringTests" name="testCreateFormattedResistanceStringFourBandYellowBlueOrangeBlue" time="0.000" timestamp="2018-10-19T20:33:01"/>
	<testcase classname="create_formatted_resistance_string_tests.CreateFormattedResistanceStringTests" name="testCreateFormattedResistanceStringFourBandYellowBlueOrangeBrown" time="0.000" timestamp="2018-10-19T20:33:01"/>
	<testcase classname="create_formatted_resistance_string_tests.CreateFormattedResistanceStringTests" name="testCreateFormattedResistanceStringFourBandYellowBlueOrangeGold" time="0.000" timestamp="2018-10-19T20:33:01"/>
	<testcase classname="create_formatted_resistance_string_tests.CreateFormattedResistanceStringTests" name="testCreateFormattedResistanceStringFourBandYellowBlueOrangeGreen" time="0.000" timestamp="2018-10-19T20:33:01"/>
	<testcase classname="create_formatted_resistance_string_tests.CreateFormattedResistanceStringTests" name="testCreateFormattedResistanceStringFourBandYellowBlueOrangeGrey" time="0.000" timestamp="2018-10-19T20:33:01"/>
	<testcase classname="create_formatted_resistance_string_tests.CreateFormattedResistanceStringTests" name="testCreateFormattedResistanceStringFourBandYellowBlueOrangeNone" time="0.000" timestamp="2018-10-19T20:33:01"/>
	<testcase classname="create_formatted_resistance_string_tests.CreateFormattedResistanceStringTests" name="testCreateFormattedResistanceStringFourBandYellowBlueOrangeRed" time="0.000" timestamp="2018-10-19T20:33:01"/>
	<testcase classname="create_formatted_resistance_string_tests.CreateFormattedResistanceStringTests" name="testCreateFormattedResistanceStringFourBandYellowBlueOrangeSilver" time="0.000" timestamp="2018-10-19T20:33:01"/>
	<testcase classname="create_formatted_resistance_string_tests.CreateFormattedResistanceStringTests" name="testCreateFormattedResistanceStringFourBandYellowBlueOrangeViolet" time="0.000" timestamp="2018-10-19T20:33:01"/>
	<testcase classname="create_formatted_resistance_string_tests.CreateFormattedResistanceStringTests" name="testCreateFormattedResistanceStringFourBandYellowBlueRedBlue" time="0.000" timestamp="2018-10-19T20:33:01"/>
	<testcase classname="create_formatted_resistance_string_tests.CreateFormattedResistanceStringTests" name="testCreateFormattedResistanceStringFourBandYellowBlueRedBrown" time="0.000" timestamp="2018-10-19T20:33:01"/>
	<testcase classname="create_formatted_resistance_string_tests.CreateFormattedResistanceStringTests" name="testCreateFormattedResistanceStringFourBandYellowBlueRedGold" time="0.000" timestamp="2018-10-19T20:33:01"/>
	<testcase classname="create_formatted_resistance_string_tests.CreateFormattedResistanceStringTests" name="testCreateFormattedResistanceStringFourBandYellowBlueRedGreen" time="0.000" timestamp="2018-10-19T20:33:01"/>
	<testcase classname="create_formatted_resistance_string_tests.CreateFormattedResistanceStringTests" name="testCreateFormattedResistanceStringFourBandYellowBlueRedGrey" time="0.000" timestamp="2018-10-19T20:33:01"/>
	<testcase classname="create_formatted_resistance_string_tests.CreateFormattedResistanceStringTests" name="testCreateFormattedResistanceStringFourBandYellowBlueRedNone" time="0.000" timestamp="2018-10-19T20:33:01"/>
	<testcase classname="create_formatted_resistance_string_tests.CreateFormattedResistanceStringTests" name="testCreateFormattedResistanceStringFourBandYellowBlueRedRed" time="0.000" timestamp="2018-10-19T20:33:01"/>
	<testcase classname="create_formatted_resistance_string_tests.CreateFormattedResistanceStringTests" name="testCreateFormattedResistanceStringFourBandYellowBlueRedSilver" time="0.000" timestamp="2018-10-19T20:33:01"/>
	<testcase classname="create_formatted_resistance_string_tests.CreateFormattedResistanceStringTests" name="testCreateFormattedResistanceStringFourBandYellowBlueRedViolet" time="0.000" timestamp="2018-10-19T20:33:01"/>
	<testcase classname="create_formatted_resistance_string_tests.CreateFormattedResistanceStringTests" name="testCreateFormattedResistanceStringFourBandYellowBlueSilverBlue" time="0.000" timestamp="2018-10-19T20:33:01"/>
	<testcase classname="create_formatted_resistance_string_tests.CreateFormattedResistanceStringTests" name="testCreateFormattedResistanceStringFourBandYellowBlueSilverBrown" time="0.000" timestamp="2018-10-19T20:33:01"/>
	<testcase classname="create_formatted_resistance_string_tests.CreateFormattedResistanceStringTests" name="testCreateFormattedResistanceStringFourBandYellowBlueSilverGold" time="0.000" timestamp="2018-10-19T20:33:01"/>
	<testcase classname="create_formatted_resistance_string_tests.CreateFormattedResistanceStringTests" name="testCreateFormattedResistanceStringFourBandYellowBlueSilverGreen" time="0.000" timestamp="2018-10-19T20:33:01"/>
	<testcase classname="create_formatted_resistance_string_tests.CreateFormattedResistanceStringTests" name="testCreateFormattedResistanceStringFourBandYellowBlueSilverGrey" time="0.000" timestamp="2018-10-19T20:33:01"/>
	<testcase classname="create_formatted_resistance_string_tests.CreateFormattedResistanceStringTests" name="testCreateFormattedResistanceStringFourBandYellowBlueSilverNone" time="0.000" timestamp="2018-10-19T20:33:01"/>
	<testcase classname="create_formatted_resistance_string_tests.CreateFormattedResistanceStringTests" name="testCreateFormattedResistanceStringFourBandYellowBlueSilverRed" time="0.000" timestamp="2018-10-19T20:33:01"/>
	<testcase classname="create_formatted_resistance_string_tests.CreateFormattedResistanceStringTests" name="testCreateFormattedResistanceStringFourBandYellowBlueSilverSilver" time="0.000" timestamp="2018-10-19T20:33:01"/>
	<testcase classname="create_formatted_resistance_string_tests.CreateFormattedResistanceStringTests" name="testCreateFormattedResistanceStringFourBandYellowBlueSilverViolet" time="0.000" timestamp="2018-10-19T20:33:01"/>
	<testcase classname="create_formatted_resistance_string_tests.CreateFormattedResistanceStringTests" name="testCreateFormattedResistanceStringFourBandYellowBlueVioletBlue" time="0.000" timestamp="2018-10-19T20:33:01"/>
	<testcase classname="create_formatted_resistance_string_tests.CreateFormattedResistanceStringTests" name="testCreateFormattedResistanceStringFourBandYellowBlueVioletBrown" time="0.000" timestamp="2018-10-19T20:33:01"/>
	<testcase classname="create_formatted_resistance_string_tests.CreateFormattedResistanceStringTests" name="testCreateFormattedResistanceStringFourBandYellowBlueVioletGold" time="0.000" timestamp="2018-10-19T20:33:01"/>
	<testcase classname="create_formatted_resistance_string_tests.CreateFormattedResistanceStringTests" name="testCreateFormattedResistanceStringFourBandYellowBlueVioletGreen" time="0.000" timestamp="2018-10-19T20:33:01"/>
	<testcase classname="create_formatted_resistance_string_tests.CreateFormattedResistanceStringTests" name="testCreateFormattedResistanceStringFourBandYellowBlueVioletGrey" time="0.000" timestamp="2018-10-19T20:33:01"/>
	<testcase classname="create_formatted_resistance_string_tests.CreateFormattedResistanceStringTests" name="testCreateFormattedResistanceStringFourBandYellowBlueVioletNone" time="0.000" timestamp="2018-10-19T20:33:01"/>
	<testcase classname="create_formatted_resistance_string_tests.CreateFormattedResistanceStringTests" name="testCreateFormattedResistanceStringFourBandYellowBlueVioletRed" time="0.000" timestamp="2018-10-19T20:33:01"/>
	<testcase classname="create_formatted_resistance_string_tests.CreateFormattedResistanceStringTests" name="testCreateFormattedResistanceStringFourBandYellowBlueVioletSilver" time="0.000" timestamp="2018-10-19T20:33:01"/>
	<testcase classname="create_formatted_resistance_string_tests.CreateFormattedResistanceStringTests" name="testCreateFormattedResistanceStringFourBandYellowBlueVioletViolet" time="0.000" timestamp="2018-10-19T20:33:01"/>
	<testcase classname="create_formatted_resistance_string_tests.CreateFormattedResistanceStringTests" name="testCreateFormattedResistanceStringFourBandYellowBlueWhiteBlue" time="0.000" timestamp="2018-10-19T20:33:01"/>
	<testcase classname="create_formatted_resistance_string_tests.CreateFormattedResistanceStringTests" name="testCreateFormattedResistanceStringFourBandYellowBlueWhiteBrown" time="0.000" timestamp="2018-10-19T20:33:01"/>
	<testcase classname="create_formatted_resistance_string_tests.CreateFormattedResistanceStringTests" name="testCreateFormattedResistanceStringFourBandYellowBlueWhiteGold" time="0.000" timestamp="2018-10-19T20:33:01"/>
	<testcase classname="create_formatted_resistance_string_tests.CreateFormattedResistanceStringTests" name="testCreateFormattedResistanceStringFourBandYellowBlueWhiteGreen" time="0.000" timestamp="2018-10-19T20:33:01"/>
	<testcase classname="create_formatted_resistance_string_tests.CreateFormattedResistanceStringTests" name="testCreateFormattedResistanceStringFourBandYellowBlueWhiteGrey" time="0.000" timestamp="2018-10-19T20:33:01"/>
	<testcase classname="create_formatted_resistance_string_tests.CreateFormattedResistanceStringTests" name="testCreateFormattedResistanceStringFourBandYellowBlueWhiteNone" time="0.000" timestamp="2018-10-19T20:33:01"/>
	<testcase classname="create_formatted_resistance_string_tests.CreateFormattedResistanceStringTests" name="testCreateFormattedResistanceStringFourBandYellowBlueWhiteRed" time="0.000" timestamp="2018-10-19T20:33:01"/>
	<testcase classname="create_formatted_resistance_string_tests.CreateFormattedResistanceStringTests" name="testCreateFormattedResistanceStringFourBandYellowBlueWhiteSilver" time="0.000" timestamp="2018-10-19T20:33:01"/>
	<testcase classname="create_formatted_resistance_string_tests.CreateFormattedResistanceStringTests" name="testCreateFormattedResistanceStringFourBandYellowBlueWhiteViolet" time="0.000" timestamp="2018-10-19T20:33:01"/>
	<testcase classname="create_formatted_resistance_string_tests.CreateFormattedResistanceStringTests" name="testCreateFormattedResistanceStringFourBandYellowBlueYellowBlue" time="0.000" timestamp="2018-10-19T20:33:01"/>
	<testcase classname="create_formatted_resistance_string_tests.CreateFormattedResistanceStringTests" name="testCreateFormattedResistanceStringFourBandYellowBlueYellowBrown" time="0.000" timestamp="2018-10-19T20:33:01"/>
	<testcase classname="create_formatted_resistance_string_tests.CreateFormattedResistanceStringTests" name="testCreateFormattedResistanceStringFourBandYellowBlueYellowGold" time="0.000" timestamp="2018-10-19T20:33:01"/>
	<testcase classname="create_formatted_resistance_string_tests.CreateFormattedResistanceStringTests" name="testCreateFormattedResistanceStringFourBandYellowBlueYellowGreen" time="0.000" timestamp="2018-10-19T20:33:01"/>
	<testcase classname="create_formatted_resistance_string_tests.CreateFormattedResistanceStringTests" name="testCreateFormattedResistanceStringFourBandYellowBlueYellowGrey" time="0.000" timestamp="2018-10-19T20:33:01"/>
	<testcase classname="create_formatted_resistance_string_tests.CreateFormattedResistanceStringTests" name="testCreateFormattedResistanceStringFourBandYellowBlueYellowNone" time="0.000" timestamp="2018-10-19T20:33:01"/>
	<testcase classname="create_formatted_resistance_string_tests.CreateFormattedResistanceStringTests" name="testCreateFormattedResistanceStringFourBandYellowBlueYellowRed" time="0.000" timestamp="2018-10-19T20:33:01"/>
	<testcase classname="create_formatted_resistance_string_tests.CreateFormattedResistanceStringTests" name="testCreateFormattedResistanceStringFourBandYellowBlueYellowSilver" time="0.000" timestamp="2018-10-19T20:33:01"/>
	<testcase classname="create_formatted_resistance_string_tests.CreateFormattedResistanceStringTests" name="testCreateFormattedResistanceStringFourBandYellowBlueYellowViolet" time="0.000" timestamp="2018-10-19T20:33:01"/>
	<testcase classname="create_formatted_resistance_string_tests.CreateFormattedResistanceStringTests" name="testCreateFormattedResistanceStringFourBandYellowBrownBlackBlue" time="0.001" timestamp="2018-10-19T20:33:01"/>
	<testcase classname="create_formatted_resistance_string_tests.CreateFormattedResistanceStringTests" name="testCreateFormattedResistanceStringFourBandYellowBrownBlackBrown" time="0.000" timestamp="2018-10-19T20:33:01"/>
	<testcase classname="create_formatted_resistance_string_tests.CreateFormattedResistanceStringTests" name="testCreateFormattedResistanceStringFourBandYellowBrownBlackGold" time="0.000" timestamp="2018-10-19T20:33:01"/>
	<testcase classname="create_formatted_resistance_string_tests.CreateFormattedResistanceStringTests" name="testCreateFormattedResistanceStringFourBandYellowBrownBlackGreen" time="0.000" timestamp="2018-10-19T20:33:01"/>
	<testcase classname="create_formatted_resistance_string_tests.CreateFormattedResistanceStringTests" name="testCreateFormattedResistanceStringFourBandYellowBrownBlackGrey" time="0.000" timestamp="2018-10-19T20:33:01"/>
	<testcase classname="create_formatted_resistance_string_tests.CreateFormattedResistanceStringTests" name="testCreateFormattedResistanceStringFourBandYellowBrownBlackNone" time="0.000" timestamp="2018-10-19T20:33:01"/>
	<testcase classname="create_formatted_resistance_string_tests.CreateFormattedResistanceStringTests" name="testCreateFormattedResistanceStringFourBandYellowBrownBlackRed" time="0.000" timestamp="2018-10-19T20:33:01"/>
	<testcase classname="create_formatted_resistance_string_tests.CreateFormattedResistanceStringTests" name="testCreateFormattedResistanceStringFourBandYellowBrownBlackSilver" time="0.000" timestamp="2018-10-19T20:33:01"/>
	<testcase classname="create_formatted_resistance_string_tests.CreateFormattedResistanceStringTests" name="testCreateFormattedResistanceStringFourBandYellowBrownBlackViolet" time="0.000" timestamp="2018-10-19T20:33:01"/>
	<testcase classname="create_formatted_resistance_string_tests.CreateFormattedResistanceStringTests" name="testCreateFormattedResistanceStringFourBandYellowBrownBlueBlue" time="0.000" timestamp="2018-10-19T20:33:01"/>
	<testcase classname="create_formatted_resistance_string_tests.CreateFormattedResistanceStringTests" name="testCreateFormattedResistanceStringFourBandYellowBrownBlueBrown" time="0.000" timestamp="2018-10-19T20:33:01"/>
	<testcase classname="create_formatted_resistance_string_tests.CreateFormattedResistanceStringTests" name="testCreateFormattedResistanceStringFourBandYellowBrownBlueGold" time="0.000" timestamp="2018-10-19T20:33:01"/>
	<testcase classname="create_formatted_resistance_string_tests.CreateFormattedResistanceStringTests" name="testCreateFormattedResistanceStringFourBandYellowBrownBlueGreen" time="0.000" timestamp="2018-10-19T20:33:01"/>
	<testcase classname="create_formatted_resistance_string_tests.CreateFormattedResistanceStringTests" name="testCreateFormattedResistanceStringFourBandYellowBrownBlueGrey" time="0.000" timestamp="2018-10-19T20:33:01"/>
	<testcase classname="create_formatted_resistance_string_tests.CreateFormattedResistanceStringTests" name="testCreateFormattedResistanceStringFourBandYellowBrownBlueNone" time="0.000" timestamp="2018-10-19T20:33:01"/>
	<testcase classname="create_formatted_resistance_string_tests.CreateFormattedResistanceStringTests" name="testCreateFormattedResistanceStringFourBandYellowBrownBlueRed" time="0.000" timestamp="2018-10-19T20:33:01"/>
	<testcase classname="create_formatted_resistance_string_tests.CreateFormattedResistanceStringTests" name="testCreateFormattedResistanceStringFourBandYellowBrownBlueSilver" time="0.000" timestamp="2018-10-19T20:33:01"/>
	<testcase classname="create_formatted_resistance_string_tests.CreateFormattedResistanceStringTests" name="testCreateFormattedResistanceStringFourBandYellowBrownBlueViolet" time="0.000" timestamp="2018-10-19T20:33:01"/>
	<testcase classname="create_formatted_resistance_string_tests.CreateFormattedResistanceStringTests" name="testCreateFormattedResistanceStringFourBandYellowBrownBrownBlue" time="0.000" timestamp="2018-10-19T20:33:01"/>
	<testcase classname="create_formatted_resistance_string_tests.CreateFormattedResistanceStringTests" name="testCreateFormattedResistanceStringFourBandYellowBrownBrownBrown" time="0.000" timestamp="2018-10-19T20:33:01"/>
	<testcase classname="create_formatted_resistance_string_tests.CreateFormattedResistanceStringTests" name="testCreateFormattedResistanceStringFourBandYellowBrownBrownGold" time="0.000" timestamp="2018-10-19T20:33:01"/>
	<testcase classname="create_formatted_resistance_string_tests.CreateFormattedResistanceStringTests" name="testCreateFormattedResistanceStringFourBandYellowBrownBrownGreen" time="0.000" timestamp="2018-10-19T20:33:01"/>
	<testcase classname="create_formatted_resistance_string_tests.CreateFormattedResistanceStringTests" name="testCreateFormattedResistanceStringFourBandYellowBrownBrownGrey" time="0.000" timestamp="2018-10-19T20:33:01"/>
	<testcase classname="create_formatted_resistance_string_tests.CreateFormattedResistanceStringTests" name="testCreateFormattedResistanceStringFourBandYellowBrownBrownNone" time="0.000" timestamp="2018-10-19T20:33:01"/>
	<testcase classname="create_formatted_resistance_string_tests.CreateFormattedResistanceStringTests" name="testCreateFormattedResistanceStringFourBandYellowBrownBrownRed" time="0.000" timestamp="2018-10-19T20:33:01"/>
	<testcase classname="create_formatted_resistance_string_tests.CreateFormattedResistanceStringTests" name="testCreateFormattedResistanceStringFourBandYellowBrownBrownSilver" time="0.000" timestamp="2018-10-19T20:33:01"/>
	<testcase classname="create_formatted_resistance_string_tests.CreateFormattedResistanceStringTests" name="testCreateFormattedResistanceStringFourBandYellowBrownBrownViolet" time="0.000" timestamp="2018-10-19T20:33:01"/>
	<testcase classname="create_formatted_resistance_string_tests.CreateFormattedResistanceStringTests" name="testCreateFormattedResistanceStringFourBandYellowBrownGoldBlue" time="0.000" timestamp="2018-10-19T20:33:01"/>
	<testcase classname="create_formatted_resistance_string_tests.CreateFormattedResistanceStringTests" name="testCreateFormattedResistanceStringFourBandYellowBrownGoldBrown" time="0.000" timestamp="2018-10-19T20:33:01"/>
	<testcase classname="create_formatted_resistance_string_tests.CreateFormattedResistanceStringTests" name="testCreateFormattedResistanceStringFourBandYellowBrownGoldGold" time="0.000" timestamp="2018-10-19T20:33:01"/>
	<testcase classname="create_formatted_resistance_string_tests.CreateFormattedResistanceStringTests" name="testCreateFormattedResistanceStringFourBandYellowBrownGoldGreen" time="0.000" timestamp="2018-10-19T20:33:01"/>
	<testcase classname="create_formatted_resistance_string_tests.CreateFormattedResistanceStringTests" name="testCreateFormattedResistanceStringFourBandYellowBrownGoldGrey" time="0.000" timestamp="2018-10-19T20:33:01"/>
	<testcase classname="create_formatted_resistance_string_tests.CreateFormattedResistanceStringTests" name="testCreateFormattedResistanceStringFourBandYellowBrownGoldNone" time="0.000" timestamp="2018-10-19T20:33:01"/>
	<testcase classname="create_formatted_resistance_string_tests.CreateFormattedResistanceStringTests" name="testCreateFormattedResistanceStringFourBandYellowBrownGoldRed" time="0.000" timestamp="2018-10-19T20:33:01"/>
	<testcase classname="create_formatted_resistance_string_tests.CreateFormattedResistanceStringTests" name="testCreateFormattedResistanceStringFourBandYellowBrownGoldSilver" time="0.000" timestamp="2018-10-19T20:33:01"/>
	<testcase classname="create_formatted_resistance_string_tests.CreateFormattedResistanceStringTests" name="testCreateFormattedResistanceStringFourBandYellowBrownGoldViolet" time="0.000" timestamp="2018-10-19T20:33:01"/>
	<testcase classname="create_formatted_resistance_string_tests.CreateFormattedResistanceStringTests" name="testCreateFormattedResistanceStringFourBandYellowBrownGreenBlue" time="0.000" timestamp="2018-10-19T20:33:01"/>
	<testcase classname="create_formatted_resistance_string_tests.CreateFormattedResistanceStringTests" name="testCreateFormattedResistanceStringFourBandYellowBrownGreenBrown" time="0.000" timestamp="2018-10-19T20:33:01"/>
	<testcase classname="create_formatted_resistance_string_tests.CreateFormattedResistanceStringTests" name="testCreateFormattedResistanceStringFourBandYellowBrownGreenGold" time="0.000" timestamp="2018-10-19T20:33:01"/>
	<testcase classname="create_formatted_resistance_string_tests.CreateFormattedResistanceStringTests" name="testCreateFormattedResistanceStringFourBandYellowBrownGreenGreen" time="0.000" timestamp="2018-10-19T20:33:01"/>
	<testcase classname="create_formatted_resistance_string_tests.CreateFormattedResistanceStringTests" name="testCreateFormattedResistanceStringFourBandYellowBrownGreenGrey" time="0.000" timestamp="2018-10-19T20:33:01"/>
	<testcase classname="create_formatted_resistance_string_tests.CreateFormattedResistanceStringTests" name="testCreateFormattedResistanceStringFourBandYellowBrownGreenNone" time="0.000" timestamp="2018-10-19T20:33:01"/>
	<testcase classname="create_formatted_resistance_string_tests.CreateFormattedResistanceStringTests" name="testCreateFormattedResistanceStringFourBandYellowBrownGreenRed" time="0.000" timestamp="2018-10-19T20:33:01"/>
	<testcase classname="create_formatted_resistance_string_tests.CreateFormattedResistanceStringTests" name="testCreateFormattedResistanceStringFourBandYellowBrownGreenSilver" time="0.000" timestamp="2018-10-19T20:33:01"/>
	<testcase classname="create_formatted_resistance_string_tests.CreateFormattedResistanceStringTests" name="testCreateFormattedResistanceStringFourBandYellowBrownGreenViolet" time="0.000" timestamp="2018-10-19T20:33:01"/>
	<testcase classname="create_formatted_resistance_string_tests.CreateFormattedResistanceStringTests" name="testCreateFormattedResistanceStringFourBandYellowBrownGreyBlue" time="0.000" timestamp="2018-10-19T20:33:01"/>
	<testcase classname="create_formatted_resistance_string_tests.CreateFormattedResistanceStringTests" name="testCreateFormattedResistanceStringFourBandYellowBrownGreyBrown" time="0.000" timestamp="2018-10-19T20:33:01"/>
	<testcase classname="create_formatted_resistance_string_tests.CreateFormattedResistanceStringTests" name="testCreateFormattedResistanceStringFourBandYellowBrownGreyGold" time="0.000" timestamp="2018-10-19T20:33:01"/>
	<testcase classname="create_formatted_resistance_string_tests.CreateFormattedResistanceStringTests" name="testCreateFormattedResistanceStringFourBandYellowBrownGreyGreen" time="0.000" timestamp="2018-10-19T20:33:01"/>
	<testcase classname="create_formatted_resistance_string_tests.CreateFormattedResistanceStringTests" name="testCreateFormattedResistanceStringFourBandYellowBrownGreyGrey" time="0.000" timestamp="2018-10-19T20:33:01"/>
	<testcase classname="create_formatted_resistance_string_tests.CreateFormattedResistanceStringTests" name="testCreateFormattedResistanceStringFourBandYellowBrownGreyNone" time="0.000" timestamp="2018-10-19T20:33:01"/>
	<testcase classname="create_formatted_resistance_string_tests.CreateFormattedResistanceStringTests" name="testCreateFormattedResistanceStringFourBandYellowBrownGreyRed" time="0.000" timestamp="2018-10-19T20:33:01"/>
	<testcase classname="create_formatted_resistance_string_tests.CreateFormattedResistanceStringTests" name="testCreateFormattedResistanceStringFourBandYellowBrownGreySilver" time="0.000" timestamp="2018-10-19T20:33:01"/>
	<testcase classname="create_formatted_resistance_string_tests.CreateFormattedResistanceStringTests" name="testCreateFormattedResistanceStringFourBandYellowBrownGreyViolet" time="0.000" timestamp="2018-10-19T20:33:01"/>
	<testcase classname="create_formatted_resistance_string_tests.CreateFormattedResistanceStringTests" name="testCreateFormattedResistanceStringFourBandYellowBrownOrangeBlue" time="0.000" timestamp="2018-10-19T20:33:01"/>
	<testcase classname="create_formatted_resistance_string_tests.CreateFormattedResistanceStringTests" name="testCreateFormattedResistanceStringFourBandYellowBrownOrangeBrown" time="0.000" timestamp="2018-10-19T20:33:01"/>
	<testcase classname="create_formatted_resistance_string_tests.CreateFormattedResistanceStringTests" name="testCreateFormattedResistanceStringFourBandYellowBrownOrangeGold" time="0.000" timestamp="2018-10-19T20:33:01"/>
	<testcase classname="create_formatted_resistance_string_tests.CreateFormattedResistanceStringTests" name="testCreateFormattedResistanceStringFourBandYellowBrownOrangeGreen" time="0.000" timestamp="2018-10-19T20:33:01"/>
	<testcase classname="create_formatted_resistance_string_tests.CreateFormattedResistanceStringTests" name="testCreateFormattedResistanceStringFourBandYellowBrownOrangeGrey" time="0.000" timestamp="2018-10-19T20:33:01"/>
	<testcase classname="create_formatted_resistance_string_tests.CreateFormattedResistanceStringTests" name="testCreateFormattedResistanceStringFourBandYellowBrownOrangeNone" time="0.000" timestamp="2018-10-19T20:33:01"/>
	<testcase classname="create_formatted_resistance_string_tests.CreateFormattedResistanceStringTests" name="testCreateFormattedResistanceStringFourBandYellowBrownOrangeRed" time="0.000" timestamp="2018-10-19T20:33:01"/>
	<testcase classname="create_formatted_resistance_string_tests.CreateFormattedResistanceStringTests" name="testCreateFormattedResistanceStringFourBandYellowBrownOrangeSilver" time="0.000" timestamp="2018-10-19T20:33:01"/>
	<testcase classname="create_formatted_resistance_string_tests.CreateFormattedResistanceStringTests" name="testCreateFormattedResistanceStringFourBandYellowBrownOrangeViolet" time="0.000" timestamp="2018-10-19T20:33:01"/>
	<testcase classname="create_formatted_resistance_string_tests.CreateFormattedResistanceStringTests" name="testCreateFormattedResistanceStringFourBandYellowBrownRedBlue" time="0.000" timestamp="2018-10-19T20:33:01"/>
	<testcase classname="create_formatted_resistance_string_tests.CreateFormattedResistanceStringTests" name="testCreateFormattedResistanceStringFourBandYellowBrownRedBrown" time="0.000" timestamp="2018-10-19T20:33:01"/>
	<testcase classname="create_formatted_resistance_string_tests.CreateFormattedResistanceStringTests" name="testCreateFormattedResistanceStringFourBandYellowBrownRedGold" time="0.000" timestamp="2018-10-19T20:33:01"/>
	<testcase classname="create_formatted_resistance_string_tests.CreateFormattedResistanceStringTests" name="testCreateFormattedResistanceStringFourBandYellowBrownRedGreen" time="0.000" timestamp="2018-10-19T20:33:01"/>
	<testcase classname="create_formatted_resistance_string_tests.CreateFormattedResistanceStringTests" name="testCreateFormattedResistanceStringFourBandYellowBrownRedGrey" time="0.000" timestamp="2018-10-19T20:33:01"/>
	<testcase classname="create_formatted_resistance_string_tests.CreateFormattedResistanceStringTests" name="testCreateFormattedResistanceStringFourBandYellowBrownRedNone" time="0.000" timestamp="2018-10-19T20:33:01"/>
	<testcase classname="create_formatted_resistance_string_tests.CreateFormattedResistanceStringTests" name="testCreateFormattedResistanceStringFourBandYellowBrownRedRed" time="0.000" timestamp="2018-10-19T20:33:01"/>
	<testcase classname="create_formatted_resistance_string_tests.CreateFormattedResistanceStringTests" name="testCreateFormattedResistanceStringFourBandYellowBrownRedSilver" time="0.000" timestamp="2018-10-19T20:33:01"/>
	<testcase classname="create_formatted_resistance_string_tests.CreateFormattedResistanceStringTests" name="testCreateFormattedResistanceStringFourBandYellowBrownRedViolet" time="0.000" timestamp="2018-10-19T20:33:01"/>
	<testcase classname="create_formatted_resistance_string_tests.CreateFormattedResistanceStringTests" name="testCreateFormattedResistanceStringFourBandYellowBrownSilverBlue" time="0.000" timestamp="2018-10-19T20:33:01"/>
	<testcase classname="create_formatted_resistance_string_tests.CreateFormattedResistanceStringTests" name="testCreateFormattedResistanceStringFourBandYellowBrownSilverBrown" time="0.000" timestamp="2018-10-19T20:33:01"/>
	<testcase classname="create_formatted_resistance_string_tests.CreateFormattedResistanceStringTests" name="testCreateFormattedResistanceStringFourBandYellowBrownSilverGold" time="0.000" timestamp="2018-10-19T20:33:01"/>
	<testcase classname="create_formatted_resistance_string_tests.CreateFormattedResistanceStringTests" name="testCreateFormattedResistanceStringFourBandYellowBrownSilverGreen" time="0.000" timestamp="2018-10-19T20:33:01"/>
	<testcase classname="create_formatted_resistance_string_tests.CreateFormattedResistanceStringTests" name="testCreateFormattedResistanceStringFourBandYellowBrownSilverGrey" time="0.000" timestamp="2018-10-19T20:33:01"/>
	<testcase classname="create_formatted_resistance_string_tests.CreateFormattedResistanceStringTests" name="testCreateFormattedResistanceStringFourBandYellowBrownSilverNone" time="0.000" timestamp="2018-10-19T20:33:01"/>
	<testcase classname="create_formatted_resistance_string_tests.CreateFormattedResistanceStringTests" name="testCreateFormattedResistanceStringFourBandYellowBrownSilverRed" time="0.000" timestamp="2018-10-19T20:33:01"/>
	<testcase classname="create_formatted_resistance_string_tests.CreateFormattedResistanceStringTests" name="testCreateFormattedResistanceStringFourBandYellowBrownSilverSilver" time="0.000" timestamp="2018-10-19T20:33:01"/>
	<testcase classname="create_formatted_resistance_string_tests.CreateFormattedResistanceStringTests" name="testCreateFormattedResistanceStringFourBandYellowBrownSilverViolet" time="0.000" timestamp="2018-10-19T20:33:01"/>
	<testcase classname="create_formatted_resistance_string_tests.CreateFormattedResistanceStringTests" name="testCreateFormattedResistanceStringFourBandYellowBrownVioletBlue" time="0.000" timestamp="2018-10-19T20:33:01"/>
	<testcase classname="create_formatted_resistance_string_tests.CreateFormattedResistanceStringTests" name="testCreateFormattedResistanceStringFourBandYellowBrownVioletBrown" time="0.000" timestamp="2018-10-19T20:33:01"/>
	<testcase classname="create_formatted_resistance_string_tests.CreateFormattedResistanceStringTests" name="testCreateFormattedResistanceStringFourBandYellowBrownVioletGold" time="0.000" timestamp="2018-10-19T20:33:01"/>
	<testcase classname="create_formatted_resistance_string_tests.CreateFormattedResistanceStringTests" name="testCreateFormattedResistanceStringFourBandYellowBrownVioletGreen" time="0.000" timestamp="2018-10-19T20:33:01"/>
	<testcase classname="create_formatted_resistance_string_tests.CreateFormattedResistanceStringTests" name="testCreateFormattedResistanceStringFourBandYellowBrownVioletGrey" time="0.000" timestamp="2018-10-19T20:33:01"/>
	<testcase classname="create_formatted_resistance_string_tests.CreateFormattedResistanceStringTests" name="testCreateFormattedResistanceStringFourBandYellowBrownVioletNone" time="0.000" timestamp="2018-10-19T20:33:01"/>
	<testcase classname="create_formatted_resistance_string_tests.CreateFormattedResistanceStringTests" name="testCreateFormattedResistanceStringFourBandYellowBrownVioletRed" time="0.000" timestamp="2018-10-19T20:33:01"/>
	<testcase classname="create_formatted_resistance_string_tests.CreateFormattedResistanceStringTests" name="testCreateFormattedResistanceStringFourBandYellowBrownVioletSilver" time="0.000" timestamp="2018-10-19T20:33:01"/>
	<testcase classname="create_formatted_resistance_string_tests.CreateFormattedResistanceStringTests" name="testCreateFormattedResistanceStringFourBandYellowBrownVioletViolet" time="0.000" timestamp="2018-10-19T20:33:01"/>
	<testcase classname="create_formatted_resistance_string_tests.CreateFormattedResistanceStringTests" name="testCreateFormattedResistanceStringFourBandYellowBrownWhiteBlue" time="0.000" timestamp="2018-10-19T20:33:01"/>
	<testcase classname="create_formatted_resistance_string_tests.CreateFormattedResistanceStringTests" name="testCreateFormattedResistanceStringFourBandYellowBrownWhiteBrown" time="0.000" timestamp="2018-10-19T20:33:01"/>
	<testcase classname="create_formatted_resistance_string_tests.CreateFormattedResistanceStringTests" name="testCreateFormattedResistanceStringFourBandYellowBrownWhiteGold" time="0.000" timestamp="2018-10-19T20:33:01"/>
	<testcase classname="create_formatted_resistance_string_tests.CreateFormattedResistanceStringTests" name="testCreateFormattedResistanceStringFourBandYellowBrownWhiteGreen" time="0.000" timestamp="2018-10-19T20:33:01"/>
	<testcase classname="create_formatted_resistance_string_tests.CreateFormattedResistanceStringTests" name="testCreateFormattedResistanceStringFourBandYellowBrownWhiteGrey" time="0.000" timestamp="2018-10-19T20:33:01"/>
	<testcase classname="create_formatted_resistance_string_tests.CreateFormattedResistanceStringTests" name="testCreateFormattedResistanceStringFourBandYellowBrownWhiteNone" time="0.000" timestamp="2018-10-19T20:33:01"/>
	<testcase classname="create_formatted_resistance_string_tests.CreateFormattedResistanceStringTests" name="testCreateFormattedResistanceStringFourBandYellowBrownWhiteRed" time="0.000" timestamp="2018-10-19T20:33:01"/>
	<testcase classname="create_formatted_resistance_string_tests.CreateFormattedResistanceStringTests" name="testCreateFormattedResistanceStringFourBandYellowBrownWhiteSilver" time="0.000" timestamp="2018-10-19T20:33:01"/>
	<testcase classname="create_formatted_resistance_string_tests.CreateFormattedResistanceStringTests" name="testCreateFormattedResistanceStringFourBandYellowBrownWhiteViolet" time="0.000" timestamp="2018-10-19T20:33:01"/>
	<testcase classname="create_formatted_resistance_string_tests.CreateFormattedResistanceStringTests" name="testCreateFormattedResistanceStringFourBandYellowBrownYellowBlue" time="0.000" timestamp="2018-10-19T20:33:01"/>
	<testcase classname="create_formatted_resistance_string_tests.CreateFormattedResistanceStringTests" name="testCreateFormattedResistanceStringFourBandYellowBrownYellowBrown" time="0.000" timestamp="2018-10-19T20:33:01"/>
	<testcase classname="create_formatted_resistance_string_tests.CreateFormattedResistanceStringTests" name="testCreateFormattedResistanceStringFourBandYellowBrownYellowGold" time="0.000" timestamp="2018-10-19T20:33:01"/>
	<testcase classname="create_formatted_resistance_string_tests.CreateFormattedResistanceStringTests" name="testCreateFormattedResistanceStringFourBandYellowBrownYellowGreen" time="0.000" timestamp="2018-10-19T20:33:01"/>
	<testcase classname="create_formatted_resistance_string_tests.CreateFormattedResistanceStringTests" name="testCreateFormattedResistanceStringFourBandYellowBrownYellowGrey" time="0.000" timestamp="2018-10-19T20:33:01"/>
	<testcase classname="create_formatted_resistance_string_tests.CreateFormattedResistanceStringTests" name="testCreateFormattedResistanceStringFourBandYellowBrownYellowNone" time="0.000" timestamp="2018-10-19T20:33:01"/>
	<testcase classname="create_formatted_resistance_string_tests.CreateFormattedResistanceStringTests" name="testCreateFormattedResistanceStringFourBandYellowBrownYellowRed" time="0.000" timestamp="2018-10-19T20:33:01"/>
	<testcase classname="create_formatted_resistance_string_tests.CreateFormattedResistanceStringTests" name="testCreateFormattedResistanceStringFourBandYellowBrownYellowSilver" time="0.000" timestamp="2018-10-19T20:33:01"/>
	<testcase classname="create_formatted_resistance_string_tests.CreateFormattedResistanceStringTests" name="testCreateFormattedResistanceStringFourBandYellowBrownYellowViolet" time="0.000" timestamp="2018-10-19T20:33:01"/>
	<testcase classname="create_formatted_resistance_string_tests.CreateFormattedResistanceStringTests" name="testCreateFormattedResistanceStringFourBandYellowGreenBlackBlue" time="0.000" timestamp="2018-10-19T20:33:01"/>
	<testcase classname="create_formatted_resistance_string_tests.CreateFormattedResistanceStringTests" name="testCreateFormattedResistanceStringFourBandYellowGreenBlackBrown" time="0.000" timestamp="2018-10-19T20:33:01"/>
	<testcase classname="create_formatted_resistance_string_tests.CreateFormattedResistanceStringTests" name="testCreateFormattedResistanceStringFourBandYellowGreenBlackGold" time="0.000" timestamp="2018-10-19T20:33:01"/>
	<testcase classname="create_formatted_resistance_string_tests.CreateFormattedResistanceStringTests" name="testCreateFormattedResistanceStringFourBandYellowGreenBlackGreen" time="0.000" timestamp="2018-10-19T20:33:01"/>
	<testcase classname="create_formatted_resistance_string_tests.CreateFormattedResistanceStringTests" name="testCreateFormattedResistanceStringFourBandYellowGreenBlackGrey" time="0.000" timestamp="2018-10-19T20:33:01"/>
	<testcase classname="create_formatted_resistance_string_tests.CreateFormattedResistanceStringTests" name="testCreateFormattedResistanceStringFourBandYellowGreenBlackNone" time="0.000" timestamp="2018-10-19T20:33:01"/>
	<testcase classname="create_formatted_resistance_string_tests.CreateFormattedResistanceStringTests" name="testCreateFormattedResistanceStringFourBandYellowGreenBlackRed" time="0.000" timestamp="2018-10-19T20:33:01"/>
	<testcase classname="create_formatted_resistance_string_tests.CreateFormattedResistanceStringTests" name="testCreateFormattedResistanceStringFourBandYellowGreenBlackSilver" time="0.000" timestamp="2018-10-19T20:33:01"/>
	<testcase classname="create_formatted_resistance_string_tests.CreateFormattedResistanceStringTests" name="testCreateFormattedResistanceStringFourBandYellowGreenBlackViolet" time="0.000" timestamp="2018-10-19T20:33:01"/>
	<testcase classname="create_formatted_resistance_string_tests.CreateFormattedResistanceStringTests" name="testCreateFormattedResistanceStringFourBandYellowGreenBlueBlue" time="0.000" timestamp="2018-10-19T20:33:01"/>
	<testcase classname="create_formatted_resistance_string_tests.CreateFormattedResistanceStringTests" name="testCreateFormattedResistanceStringFourBandYellowGreenBlueBrown" time="0.000" timestamp="2018-10-19T20:33:01"/>
	<testcase classname="create_formatted_resistance_string_tests.CreateFormattedResistanceStringTests" name="testCreateFormattedResistanceStringFourBandYellowGreenBlueGold" time="0.000" timestamp="2018-10-19T20:33:01"/>
	<testcase classname="create_formatted_resistance_string_tests.CreateFormattedResistanceStringTests" name="testCreateFormattedResistanceStringFourBandYellowGreenBlueGreen" time="0.000" timestamp="2018-10-19T20:33:01"/>
	<testcase classname="create_formatted_resistance_string_tests.CreateFormattedResistanceStringTests" name="testCreateFormattedResistanceStringFourBandYellowGreenBlueGrey" time="0.000" timestamp="2018-10-19T20:33:01"/>
	<testcase classname="create_formatted_resistance_string_tests.CreateFormattedResistanceStringTests" name="testCreateFormattedResistanceStringFourBandYellowGreenBlueNone" time="0.000" timestamp="2018-10-19T20:33:01"/>
	<testcase classname="create_formatted_resistance_string_tests.CreateFormattedResistanceStringTests" name="testCreateFormattedResistanceStringFourBandYellowGreenBlueRed" time="0.000" timestamp="2018-10-19T20:33:01"/>
	<testcase classname="create_formatted_resistance_string_tests.CreateFormattedResistanceStringTests" name="testCreateFormattedResistanceStringFourBandYellowGreenBlueSilver" time="0.000" timestamp="2018-10-19T20:33:01"/>
	<testcase classname="create_formatted_resistance_string_tests.CreateFormattedResistanceStringTests" name="testCreateFormattedResistanceStringFourBandYellowGreenBlueViolet" time="0.000" timestamp="2018-10-19T20:33:01"/>
	<testcase classname="create_formatted_resistance_string_tests.CreateFormattedResistanceStringTests" name="testCreateFormattedResistanceStringFourBandYellowGreenBrownBlue" time="0.000" timestamp="2018-10-19T20:33:01"/>
	<testcase classname="create_formatted_resistance_string_tests.CreateFormattedResistanceStringTests" name="testCreateFormattedResistanceStringFourBandYellowGreenBrownBrown" time="0.000" timestamp="2018-10-19T20:33:01"/>
	<testcase classname="create_formatted_resistance_string_tests.CreateFormattedResistanceStringTests" name="testCreateFormattedResistanceStringFourBandYellowGreenBrownGold" time="0.000" timestamp="2018-10-19T20:33:01"/>
	<testcase classname="create_formatted_resistance_string_tests.CreateFormattedResistanceStringTests" name="testCreateFormattedResistanceStringFourBandYellowGreenBrownGreen" time="0.000" timestamp="2018-10-19T20:33:01"/>
	<testcase classname="create_formatted_resistance_string_tests.CreateFormattedResistanceStringTests" name="testCreateFormattedResistanceStringFourBandYellowGreenBrownGrey" time="0.000" timestamp="2018-10-19T20:33:01"/>
	<testcase classname="create_formatted_resistance_string_tests.CreateFormattedResistanceStringTests" name="testCreateFormattedResistanceStringFourBandYellowGreenBrownNone" time="0.000" timestamp="2018-10-19T20:33:01"/>
	<testcase classname="create_formatted_resistance_string_tests.CreateFormattedResistanceStringTests" name="testCreateFormattedResistanceStringFourBandYellowGreenBrownRed" time="0.000" timestamp="2018-10-19T20:33:01"/>
	<testcase classname="create_formatted_resistance_string_tests.CreateFormattedResistanceStringTests" name="testCreateFormattedResistanceStringFourBandYellowGreenBrownSilver" time="0.000" timestamp="2018-10-19T20:33:02"/>
	<testcase classname="create_formatted_resistance_string_tests.CreateFormattedResistanceStringTests" name="testCreateFormattedResistanceStringFourBandYellowGreenBrownViolet" time="0.000" timestamp="2018-10-19T20:33:02"/>
	<testcase classname="create_formatted_resistance_string_tests.CreateFormattedResistanceStringTests" name="testCreateFormattedResistanceStringFourBandYellowGreenGoldBlue" time="0.000" timestamp="2018-10-19T20:33:02"/>
	<testcase classname="create_formatted_resistance_string_tests.CreateFormattedResistanceStringTests" name="testCreateFormattedResistanceStringFourBandYellowGreenGoldBrown" time="0.000" timestamp="2018-10-19T20:33:02"/>
	<testcase classname="create_formatted_resistance_string_tests.CreateFormattedResistanceStringTests" name="testCreateFormattedResistanceStringFourBandYellowGreenGoldGold" time="0.000" timestamp="2018-10-19T20:33:02"/>
	<testcase classname="create_formatted_resistance_string_tests.CreateFormattedResistanceStringTests" name="testCreateFormattedResistanceStringFourBandYellowGreenGoldGreen" time="0.000" timestamp="2018-10-19T20:33:02"/>
	<testcase classname="create_formatted_resistance_string_tests.CreateFormattedResistanceStringTests" name="testCreateFormattedResistanceStringFourBandYellowGreenGoldGrey" time="0.000" timestamp="2018-10-19T20:33:02"/>
	<testcase classname="create_formatted_resistance_string_tests.CreateFormattedResistanceStringTests" name="testCreateFormattedResistanceStringFourBandYellowGreenGoldNone" time="0.000" timestamp="2018-10-19T20:33:02"/>
	<testcase classname="create_formatted_resistance_string_tests.CreateFormattedResistanceStringTests" name="testCreateFormattedResistanceStringFourBandYellowGreenGoldRed" time="0.000" timestamp="2018-10-19T20:33:02"/>
	<testcase classname="create_formatted_resistance_string_tests.CreateFormattedResistanceStringTests" name="testCreateFormattedResistanceStringFourBandYellowGreenGoldSilver" time="0.000" timestamp="2018-10-19T20:33:02"/>
	<testcase classname="create_formatted_resistance_string_tests.CreateFormattedResistanceStringTests" name="testCreateFormattedResistanceStringFourBandYellowGreenGoldViolet" time="0.000" timestamp="2018-10-19T20:33:02"/>
	<testcase classname="create_formatted_resistance_string_tests.CreateFormattedResistanceStringTests" name="testCreateFormattedResistanceStringFourBandYellowGreenGreenBlue" time="0.000" timestamp="2018-10-19T20:33:02"/>
	<testcase classname="create_formatted_resistance_string_tests.CreateFormattedResistanceStringTests" name="testCreateFormattedResistanceStringFourBandYellowGreenGreenBrown" time="0.000" timestamp="2018-10-19T20:33:02"/>
	<testcase classname="create_formatted_resistance_string_tests.CreateFormattedResistanceStringTests" name="testCreateFormattedResistanceStringFourBandYellowGreenGreenGold" time="0.000" timestamp="2018-10-19T20:33:02"/>
	<testcase classname="create_formatted_resistance_string_tests.CreateFormattedResistanceStringTests" name="testCreateFormattedResistanceStringFourBandYellowGreenGreenGreen" time="0.000" timestamp="2018-10-19T20:33:02"/>
	<testcase classname="create_formatted_resistance_string_tests.CreateFormattedResistanceStringTests" name="testCreateFormattedResistanceStringFourBandYellowGreenGreenGrey" time="0.000" timestamp="2018-10-19T20:33:02"/>
	<testcase classname="create_formatted_resistance_string_tests.CreateFormattedResistanceStringTests" name="testCreateFormattedResistanceStringFourBandYellowGreenGreenNone" time="0.000" timestamp="2018-10-19T20:33:02"/>
	<testcase classname="create_formatted_resistance_string_tests.CreateFormattedResistanceStringTests" name="testCreateFormattedResistanceStringFourBandYellowGreenGreenRed" time="0.000" timestamp="2018-10-19T20:33:02"/>
	<testcase classname="create_formatted_resistance_string_tests.CreateFormattedResistanceStringTests" name="testCreateFormattedResistanceStringFourBandYellowGreenGreenSilver" time="0.000" timestamp="2018-10-19T20:33:02"/>
	<testcase classname="create_formatted_resistance_string_tests.CreateFormattedResistanceStringTests" name="testCreateFormattedResistanceStringFourBandYellowGreenGreenViolet" time="0.000" timestamp="2018-10-19T20:33:02"/>
	<testcase classname="create_formatted_resistance_string_tests.CreateFormattedResistanceStringTests" name="testCreateFormattedResistanceStringFourBandYellowGreenGreyBlue" time="0.000" timestamp="2018-10-19T20:33:02"/>
	<testcase classname="create_formatted_resistance_string_tests.CreateFormattedResistanceStringTests" name="testCreateFormattedResistanceStringFourBandYellowGreenGreyBrown" time="0.000" timestamp="2018-10-19T20:33:02"/>
	<testcase classname="create_formatted_resistance_string_tests.CreateFormattedResistanceStringTests" name="testCreateFormattedResistanceStringFourBandYellowGreenGreyGold" time="0.000" timestamp="2018-10-19T20:33:02"/>
	<testcase classname="create_formatted_resistance_string_tests.CreateFormattedResistanceStringTests" name="testCreateFormattedResistanceStringFourBandYellowGreenGreyGreen" time="0.000" timestamp="2018-10-19T20:33:02"/>
	<testcase classname="create_formatted_resistance_string_tests.CreateFormattedResistanceStringTests" name="testCreateFormattedResistanceStringFourBandYellowGreenGreyGrey" time="0.000" timestamp="2018-10-19T20:33:02"/>
	<testcase classname="create_formatted_resistance_string_tests.CreateFormattedResistanceStringTests" name="testCreateFormattedResistanceStringFourBandYellowGreenGreyNone" time="0.000" timestamp="2018-10-19T20:33:02"/>
	<testcase classname="create_formatted_resistance_string_tests.CreateFormattedResistanceStringTests" name="testCreateFormattedResistanceStringFourBandYellowGreenGreyRed" time="0.000" timestamp="2018-10-19T20:33:02"/>
	<testcase classname="create_formatted_resistance_string_tests.CreateFormattedResistanceStringTests" name="testCreateFormattedResistanceStringFourBandYellowGreenGreySilver" time="0.000" timestamp="2018-10-19T20:33:02"/>
	<testcase classname="create_formatted_resistance_string_tests.CreateFormattedResistanceStringTests" name="testCreateFormattedResistanceStringFourBandYellowGreenGreyViolet" time="0.000" timestamp="2018-10-19T20:33:02"/>
	<testcase classname="create_formatted_resistance_string_tests.CreateFormattedResistanceStringTests" name="testCreateFormattedResistanceStringFourBandYellowGreenOrangeBlue" time="0.000" timestamp="2018-10-19T20:33:02"/>
	<testcase classname="create_formatted_resistance_string_tests.CreateFormattedResistanceStringTests" name="testCreateFormattedResistanceStringFourBandYellowGreenOrangeBrown" time="0.000" timestamp="2018-10-19T20:33:02"/>
	<testcase classname="create_formatted_resistance_string_tests.CreateFormattedResistanceStringTests" name="testCreateFormattedResistanceStringFourBandYellowGreenOrangeGold" time="0.000" timestamp="2018-10-19T20:33:02"/>
	<testcase classname="create_formatted_resistance_string_tests.CreateFormattedResistanceStringTests" name="testCreateFormattedResistanceStringFourBandYellowGreenOrangeGreen" time="0.000" timestamp="2018-10-19T20:33:02"/>
	<testcase classname="create_formatted_resistance_string_tests.CreateFormattedResistanceStringTests" name="testCreateFormattedResistanceStringFourBandYellowGreenOrangeGrey" time="0.000" timestamp="2018-10-19T20:33:02"/>
	<testcase classname="create_formatted_resistance_string_tests.CreateFormattedResistanceStringTests" name="testCreateFormattedResistanceStringFourBandYellowGreenOrangeNone" time="0.000" timestamp="2018-10-19T20:33:02"/>
	<testcase classname="create_formatted_resistance_string_tests.CreateFormattedResistanceStringTests" name="testCreateFormattedResistanceStringFourBandYellowGreenOrangeRed" time="0.000" timestamp="2018-10-19T20:33:02"/>
	<testcase classname="create_formatted_resistance_string_tests.CreateFormattedResistanceStringTests" name="testCreateFormattedResistanceStringFourBandYellowGreenOrangeSilver" time="0.000" timestamp="2018-10-19T20:33:02"/>
	<testcase classname="create_formatted_resistance_string_tests.CreateFormattedResistanceStringTests" name="testCreateFormattedResistanceStringFourBandYellowGreenOrangeViolet" time="0.000" timestamp="2018-10-19T20:33:02"/>
	<testcase classname="create_formatted_resistance_string_tests.CreateFormattedResistanceStringTests" name="testCreateFormattedResistanceStringFourBandYellowGreenRedBlue" time="0.000" timestamp="2018-10-19T20:33:02"/>
	<testcase classname="create_formatted_resistance_string_tests.CreateFormattedResistanceStringTests" name="testCreateFormattedResistanceStringFourBandYellowGreenRedBrown" time="0.000" timestamp="2018-10-19T20:33:02"/>
	<testcase classname="create_formatted_resistance_string_tests.CreateFormattedResistanceStringTests" name="testCreateFormattedResistanceStringFourBandYellowGreenRedGold" time="0.000" timestamp="2018-10-19T20:33:02"/>
	<testcase classname="create_formatted_resistance_string_tests.CreateFormattedResistanceStringTests" name="testCreateFormattedResistanceStringFourBandYellowGreenRedGreen" time="0.000" timestamp="2018-10-19T20:33:02"/>
	<testcase classname="create_formatted_resistance_string_tests.CreateFormattedResistanceStringTests" name="testCreateFormattedResistanceStringFourBandYellowGreenRedGrey" time="0.000" timestamp="2018-10-19T20:33:02"/>
	<testcase classname="create_formatted_resistance_string_tests.CreateFormattedResistanceStringTests" name="testCreateFormattedResistanceStringFourBandYellowGreenRedNone" time="0.000" timestamp="2018-10-19T20:33:02"/>
	<testcase classname="create_formatted_resistance_string_tests.CreateFormattedResistanceStringTests" name="testCreateFormattedResistanceStringFourBandYellowGreenRedRed" time="0.000" timestamp="2018-10-19T20:33:02"/>
	<testcase classname="create_formatted_resistance_string_tests.CreateFormattedResistanceStringTests" name="testCreateFormattedResistanceStringFourBandYellowGreenRedSilver" time="0.000" timestamp="2018-10-19T20:33:02"/>
	<testcase classname="create_formatted_resistance_string_tests.CreateFormattedResistanceStringTests" name="testCreateFormattedResistanceStringFourBandYellowGreenRedViolet" time="0.000" timestamp="2018-10-19T20:33:02"/>
	<testcase classname="create_formatted_resistance_string_tests.CreateFormattedResistanceStringTests" name="testCreateFormattedResistanceStringFourBandYellowGreenSilverBlue" time="0.000" timestamp="2018-10-19T20:33:02"/>
	<testcase classname="create_formatted_resistance_string_tests.CreateFormattedResistanceStringTests" name="testCreateFormattedResistanceStringFourBandYellowGreenSilverBrown" time="0.000" timestamp="2018-10-19T20:33:02"/>
	<testcase classname="create_formatted_resistance_string_tests.CreateFormattedResistanceStringTests" name="testCreateFormattedResistanceStringFourBandYellowGreenSilverGold" time="0.000" timestamp="2018-10-19T20:33:02"/>
	<testcase classname="create_formatted_resistance_string_tests.CreateFormattedResistanceStringTests" name="testCreateFormattedResistanceStringFourBandYellowGreenSilverGreen" time="0.000" timestamp="2018-10-19T20:33:02"/>
	<testcase classname="create_formatted_resistance_string_tests.CreateFormattedResistanceStringTests" name="testCreateFormattedResistanceStringFourBandYellowGreenSilverGrey" time="0.000" timestamp="2018-10-19T20:33:02"/>
	<testcase classname="create_formatted_resistance_string_tests.CreateFormattedResistanceStringTests" name="testCreateFormattedResistanceStringFourBandYellowGreenSilverNone" time="0.000" timestamp="2018-10-19T20:33:02"/>
	<testcase classname="create_formatted_resistance_string_tests.CreateFormattedResistanceStringTests" name="testCreateFormattedResistanceStringFourBandYellowGreenSilverRed" time="0.000" timestamp="2018-10-19T20:33:02"/>
	<testcase classname="create_formatted_resistance_string_tests.CreateFormattedResistanceStringTests" name="testCreateFormattedResistanceStringFourBandYellowGreenSilverSilver" time="0.000" timestamp="2018-10-19T20:33:02"/>
	<testcase classname="create_formatted_resistance_string_tests.CreateFormattedResistanceStringTests" name="testCreateFormattedResistanceStringFourBandYellowGreenSilverViolet" time="0.000" timestamp="2018-10-19T20:33:02"/>
	<testcase classname="create_formatted_resistance_string_tests.CreateFormattedResistanceStringTests" name="testCreateFormattedResistanceStringFourBandYellowGreenVioletBlue" time="0.000" timestamp="2018-10-19T20:33:02"/>
	<testcase classname="create_formatted_resistance_string_tests.CreateFormattedResistanceStringTests" name="testCreateFormattedResistanceStringFourBandYellowGreenVioletBrown" time="0.000" timestamp="2018-10-19T20:33:02"/>
	<testcase classname="create_formatted_resistance_string_tests.CreateFormattedResistanceStringTests" name="testCreateFormattedResistanceStringFourBandYellowGreenVioletGold" time="0.000" timestamp="2018-10-19T20:33:02"/>
	<testcase classname="create_formatted_resistance_string_tests.CreateFormattedResistanceStringTests" name="testCreateFormattedResistanceStringFourBandYellowGreenVioletGreen" time="0.000" timestamp="2018-10-19T20:33:02"/>
	<testcase classname="create_formatted_resistance_string_tests.CreateFormattedResistanceStringTests" name="testCreateFormattedResistanceStringFourBandYellowGreenVioletGrey" time="0.000" timestamp="2018-10-19T20:33:02"/>
	<testcase classname="create_formatted_resistance_string_tests.CreateFormattedResistanceStringTests" name="testCreateFormattedResistanceStringFourBandYellowGreenVioletNone" time="0.000" timestamp="2018-10-19T20:33:02"/>
	<testcase classname="create_formatted_resistance_string_tests.CreateFormattedResistanceStringTests" name="testCreateFormattedResistanceStringFourBandYellowGreenVioletRed" time="0.000" timestamp="2018-10-19T20:33:02"/>
	<testcase classname="create_formatted_resistance_string_tests.CreateFormattedResistanceStringTests" name="testCreateFormattedResistanceStringFourBandYellowGreenVioletSilver" time="0.000" timestamp="2018-10-19T20:33:02"/>
	<testcase classname="create_formatted_resistance_string_tests.CreateFormattedResistanceStringTests" name="testCreateFormattedResistanceStringFourBandYellowGreenVioletViolet" time="0.000" timestamp="2018-10-19T20:33:02"/>
	<testcase classname="create_formatted_resistance_string_tests.CreateFormattedResistanceStringTests" name="testCreateFormattedResistanceStringFourBandYellowGreenWhiteBlue" time="0.000" timestamp="2018-10-19T20:33:02"/>
	<testcase classname="create_formatted_resistance_string_tests.CreateFormattedResistanceStringTests" name="testCreateFormattedResistanceStringFourBandYellowGreenWhiteBrown" time="0.000" timestamp="2018-10-19T20:33:02"/>
	<testcase classname="create_formatted_resistance_string_tests.CreateFormattedResistanceStringTests" name="testCreateFormattedResistanceStringFourBandYellowGreenWhiteGold" time="0.000" timestamp="2018-10-19T20:33:02"/>
	<testcase classname="create_formatted_resistance_string_tests.CreateFormattedResistanceStringTests" name="testCreateFormattedResistanceStringFourBandYellowGreenWhiteGreen" time="0.000" timestamp="2018-10-19T20:33:02"/>
	<testcase classname="create_formatted_resistance_string_tests.CreateFormattedResistanceStringTests" name="testCreateFormattedResistanceStringFourBandYellowGreenWhiteGrey" time="0.000" timestamp="2018-10-19T20:33:02"/>
	<testcase classname="create_formatted_resistance_string_tests.CreateFormattedResistanceStringTests" name="testCreateFormattedResistanceStringFourBandYellowGreenWhiteNone" time="0.000" timestamp="2018-10-19T20:33:02"/>
	<testcase classname="create_formatted_resistance_string_tests.CreateFormattedResistanceStringTests" name="testCreateFormattedResistanceStringFourBandYellowGreenWhiteRed" time="0.000" timestamp="2018-10-19T20:33:02"/>
	<testcase classname="create_formatted_resistance_string_tests.CreateFormattedResistanceStringTests" name="testCreateFormattedResistanceStringFourBandYellowGreenWhiteSilver" time="0.000" timestamp="2018-10-19T20:33:02"/>
	<testcase classname="create_formatted_resistance_string_tests.CreateFormattedResistanceStringTests" name="testCreateFormattedResistanceStringFourBandYellowGreenWhiteViolet" time="0.000" timestamp="2018-10-19T20:33:02"/>
	<testcase classname="create_formatted_resistance_string_tests.CreateFormattedResistanceStringTests" name="testCreateFormattedResistanceStringFourBandYellowGreenYellowBlue" time="0.000" timestamp="2018-10-19T20:33:02"/>
	<testcase classname="create_formatted_resistance_string_tests.CreateFormattedResistanceStringTests" name="testCreateFormattedResistanceStringFourBandYellowGreenYellowBrown" time="0.000" timestamp="2018-10-19T20:33:02"/>
	<testcase classname="create_formatted_resistance_string_tests.CreateFormattedResistanceStringTests" name="testCreateFormattedResistanceStringFourBandYellowGreenYellowGold" time="0.000" timestamp="2018-10-19T20:33:02"/>
	<testcase classname="create_formatted_resistance_string_tests.CreateFormattedResistanceStringTests" name="testCreateFormattedResistanceStringFourBandYellowGreenYellowGreen" time="0.000" timestamp="2018-10-19T20:33:02"/>
	<testcase classname="create_formatted_resistance_string_tests.CreateFormattedResistanceStringTests" name="testCreateFormattedResistanceStringFourBandYellowGreenYellowGrey" time="0.000" timestamp="2018-10-19T20:33:02"/>
	<testcase classname="create_formatted_resistance_string_tests.CreateFormattedResistanceStringTests" name="testCreateFormattedResistanceStringFourBandYellowGreenYellowNone" time="0.000" timestamp="2018-10-19T20:33:02"/>
	<testcase classname="create_formatted_resistance_string_tests.CreateFormattedResistanceStringTests" name="testCreateFormattedResistanceStringFourBandYellowGreenYellowRed" time="0.000" timestamp="2018-10-19T20:33:02"/>
	<testcase classname="create_formatted_resistance_string_tests.CreateFormattedResistanceStringTests" name="testCreateFormattedResistanceStringFourBandYellowGreenYellowSilver" time="0.000" timestamp="2018-10-19T20:33:02"/>
	<testcase classname="create_formatted_resistance_string_tests.CreateFormattedResistanceStringTests" name="testCreateFormattedResistanceStringFourBandYellowGreenYellowViolet" time="0.000" timestamp="2018-10-19T20:33:02"/>
	<testcase classname="create_formatted_resistance_string_tests.CreateFormattedResistanceStringTests" name="testCreateFormattedResistanceStringFourBandYellowGreyBlackBlue" time="0.000" timestamp="2018-10-19T20:33:02"/>
	<testcase classname="create_formatted_resistance_string_tests.CreateFormattedResistanceStringTests" name="testCreateFormattedResistanceStringFourBandYellowGreyBlackBrown" time="0.000" timestamp="2018-10-19T20:33:02"/>
	<testcase classname="create_formatted_resistance_string_tests.CreateFormattedResistanceStringTests" name="testCreateFormattedResistanceStringFourBandYellowGreyBlackGold" time="0.000" timestamp="2018-10-19T20:33:02"/>
	<testcase classname="create_formatted_resistance_string_tests.CreateFormattedResistanceStringTests" name="testCreateFormattedResistanceStringFourBandYellowGreyBlackGreen" time="0.000" timestamp="2018-10-19T20:33:02"/>
	<testcase classname="create_formatted_resistance_string_tests.CreateFormattedResistanceStringTests" name="testCreateFormattedResistanceStringFourBandYellowGreyBlackGrey" time="0.000" timestamp="2018-10-19T20:33:02"/>
	<testcase classname="create_formatted_resistance_string_tests.CreateFormattedResistanceStringTests" name="testCreateFormattedResistanceStringFourBandYellowGreyBlackNone" time="0.000" timestamp="2018-10-19T20:33:02"/>
	<testcase classname="create_formatted_resistance_string_tests.CreateFormattedResistanceStringTests" name="testCreateFormattedResistanceStringFourBandYellowGreyBlackRed" time="0.000" timestamp="2018-10-19T20:33:02"/>
	<testcase classname="create_formatted_resistance_string_tests.CreateFormattedResistanceStringTests" name="testCreateFormattedResistanceStringFourBandYellowGreyBlackSilver" time="0.000" timestamp="2018-10-19T20:33:02"/>
	<testcase classname="create_formatted_resistance_string_tests.CreateFormattedResistanceStringTests" name="testCreateFormattedResistanceStringFourBandYellowGreyBlackViolet" time="0.000" timestamp="2018-10-19T20:33:02"/>
	<testcase classname="create_formatted_resistance_string_tests.CreateFormattedResistanceStringTests" name="testCreateFormattedResistanceStringFourBandYellowGreyBlueBlue" time="0.000" timestamp="2018-10-19T20:33:02"/>
	<testcase classname="create_formatted_resistance_string_tests.CreateFormattedResistanceStringTests" name="testCreateFormattedResistanceStringFourBandYellowGreyBlueBrown" time="0.000" timestamp="2018-10-19T20:33:02"/>
	<testcase classname="create_formatted_resistance_string_tests.CreateFormattedResistanceStringTests" name="testCreateFormattedResistanceStringFourBandYellowGreyBlueGold" time="0.000" timestamp="2018-10-19T20:33:02"/>
	<testcase classname="create_formatted_resistance_string_tests.CreateFormattedResistanceStringTests" name="testCreateFormattedResistanceStringFourBandYellowGreyBlueGreen" time="0.000" timestamp="2018-10-19T20:33:02"/>
	<testcase classname="create_formatted_resistance_string_tests.CreateFormattedResistanceStringTests" name="testCreateFormattedResistanceStringFourBandYellowGreyBlueGrey" time="0.000" timestamp="2018-10-19T20:33:02"/>
	<testcase classname="create_formatted_resistance_string_tests.CreateFormattedResistanceStringTests" name="testCreateFormattedResistanceStringFourBandYellowGreyBlueNone" time="0.000" timestamp="2018-10-19T20:33:02"/>
	<testcase classname="create_formatted_resistance_string_tests.CreateFormattedResistanceStringTests" name="testCreateFormattedResistanceStringFourBandYellowGreyBlueRed" time="0.000" timestamp="2018-10-19T20:33:02"/>
	<testcase classname="create_formatted_resistance_string_tests.CreateFormattedResistanceStringTests" name="testCreateFormattedResistanceStringFourBandYellowGreyBlueSilver" time="0.000" timestamp="2018-10-19T20:33:02"/>
	<testcase classname="create_formatted_resistance_string_tests.CreateFormattedResistanceStringTests" name="testCreateFormattedResistanceStringFourBandYellowGreyBlueViolet" time="0.000" timestamp="2018-10-19T20:33:02"/>
	<testcase classname="create_formatted_resistance_string_tests.CreateFormattedResistanceStringTests" name="testCreateFormattedResistanceStringFourBandYellowGreyBrownBlue" time="0.000" timestamp="2018-10-19T20:33:02"/>
	<testcase classname="create_formatted_resistance_string_tests.CreateFormattedResistanceStringTests" name="testCreateFormattedResistanceStringFourBandYellowGreyBrownBrown" time="0.000" timestamp="2018-10-19T20:33:02"/>
	<testcase classname="create_formatted_resistance_string_tests.CreateFormattedResistanceStringTests" name="testCreateFormattedResistanceStringFourBandYellowGreyBrownGold" time="0.000" timestamp="2018-10-19T20:33:02"/>
	<testcase classname="create_formatted_resistance_string_tests.CreateFormattedResistanceStringTests" name="testCreateFormattedResistanceStringFourBandYellowGreyBrownGreen" time="0.000" timestamp="2018-10-19T20:33:02"/>
	<testcase classname="create_formatted_resistance_string_tests.CreateFormattedResistanceStringTests" name="testCreateFormattedResistanceStringFourBandYellowGreyBrownGrey" time="0.000" timestamp="2018-10-19T20:33:02"/>
	<testcase classname="create_formatted_resistance_string_tests.CreateFormattedResistanceStringTests" name="testCreateFormattedResistanceStringFourBandYellowGreyBrownNone" time="0.000" timestamp="2018-10-19T20:33:02"/>
	<testcase classname="create_formatted_resistance_string_tests.CreateFormattedResistanceStringTests" name="testCreateFormattedResistanceStringFourBandYellowGreyBrownRed" time="0.000" timestamp="2018-10-19T20:33:02"/>
	<testcase classname="create_formatted_resistance_string_tests.CreateFormattedResistanceStringTests" name="testCreateFormattedResistanceStringFourBandYellowGreyBrownSilver" time="0.000" timestamp="2018-10-19T20:33:02"/>
	<testcase classname="create_formatted_resistance_string_tests.CreateFormattedResistanceStringTests" name="testCreateFormattedResistanceStringFourBandYellowGreyBrownViolet" time="0.000" timestamp="2018-10-19T20:33:02"/>
	<testcase classname="create_formatted_resistance_string_tests.CreateFormattedResistanceStringTests" name="testCreateFormattedResistanceStringFourBandYellowGreyGoldBlue" time="0.000" timestamp="2018-10-19T20:33:02"/>
	<testcase classname="create_formatted_resistance_string_tests.CreateFormattedResistanceStringTests" name="testCreateFormattedResistanceStringFourBandYellowGreyGoldBrown" time="0.000" timestamp="2018-10-19T20:33:02"/>
	<testcase classname="create_formatted_resistance_string_tests.CreateFormattedResistanceStringTests" name="testCreateFormattedResistanceStringFourBandYellowGreyGoldGold" time="0.000" timestamp="2018-10-19T20:33:02"/>
	<testcase classname="create_formatted_resistance_string_tests.CreateFormattedResistanceStringTests" name="testCreateFormattedResistanceStringFourBandYellowGreyGoldGreen" time="0.000" timestamp="2018-10-19T20:33:02"/>
	<testcase classname="create_formatted_resistance_string_tests.CreateFormattedResistanceStringTests" name="testCreateFormattedResistanceStringFourBandYellowGreyGoldGrey" time="0.000" timestamp="2018-10-19T20:33:02"/>
	<testcase classname="create_formatted_resistance_string_tests.CreateFormattedResistanceStringTests" name="testCreateFormattedResistanceStringFourBandYellowGreyGoldNone" time="0.000" timestamp="2018-10-19T20:33:02"/>
	<testcase classname="create_formatted_resistance_string_tests.CreateFormattedResistanceStringTests" name="testCreateFormattedResistanceStringFourBandYellowGreyGoldRed" time="0.000" timestamp="2018-10-19T20:33:02"/>
	<testcase classname="create_formatted_resistance_string_tests.CreateFormattedResistanceStringTests" name="testCreateFormattedResistanceStringFourBandYellowGreyGoldSilver" time="0.000" timestamp="2018-10-19T20:33:02"/>
	<testcase classname="create_formatted_resistance_string_tests.CreateFormattedResistanceStringTests" name="testCreateFormattedResistanceStringFourBandYellowGreyGoldViolet" time="0.000" timestamp="2018-10-19T20:33:02"/>
	<testcase classname="create_formatted_resistance_string_tests.CreateFormattedResistanceStringTests" name="testCreateFormattedResistanceStringFourBandYellowGreyGreenBlue" time="0.000" timestamp="2018-10-19T20:33:02"/>
	<testcase classname="create_formatted_resistance_string_tests.CreateFormattedResistanceStringTests" name="testCreateFormattedResistanceStringFourBandYellowGreyGreenBrown" time="0.000" timestamp="2018-10-19T20:33:02"/>
	<testcase classname="create_formatted_resistance_string_tests.CreateFormattedResistanceStringTests" name="testCreateFormattedResistanceStringFourBandYellowGreyGreenGold" time="0.000" timestamp="2018-10-19T20:33:02"/>
	<testcase classname="create_formatted_resistance_string_tests.CreateFormattedResistanceStringTests" name="testCreateFormattedResistanceStringFourBandYellowGreyGreenGreen" time="0.000" timestamp="2018-10-19T20:33:02"/>
	<testcase classname="create_formatted_resistance_string_tests.CreateFormattedResistanceStringTests" name="testCreateFormattedResistanceStringFourBandYellowGreyGreenGrey" time="0.000" timestamp="2018-10-19T20:33:02"/>
	<testcase classname="create_formatted_resistance_string_tests.CreateFormattedResistanceStringTests" name="testCreateFormattedResistanceStringFourBandYellowGreyGreenNone" time="0.000" timestamp="2018-10-19T20:33:02"/>
	<testcase classname="create_formatted_resistance_string_tests.CreateFormattedResistanceStringTests" name="testCreateFormattedResistanceStringFourBandYellowGreyGreenRed" time="0.000" timestamp="2018-10-19T20:33:02"/>
	<testcase classname="create_formatted_resistance_string_tests.CreateFormattedResistanceStringTests" name="testCreateFormattedResistanceStringFourBandYellowGreyGreenSilver" time="0.000" timestamp="2018-10-19T20:33:02"/>
	<testcase classname="create_formatted_resistance_string_tests.CreateFormattedResistanceStringTests" name="testCreateFormattedResistanceStringFourBandYellowGreyGreenViolet" time="0.000" timestamp="2018-10-19T20:33:02"/>
	<testcase classname="create_formatted_resistance_string_tests.CreateFormattedResistanceStringTests" name="testCreateFormattedResistanceStringFourBandYellowGreyGreyBlue" time="0.000" timestamp="2018-10-19T20:33:02"/>
	<testcase classname="create_formatted_resistance_string_tests.CreateFormattedResistanceStringTests" name="testCreateFormattedResistanceStringFourBandYellowGreyGreyBrown" time="0.000" timestamp="2018-10-19T20:33:02"/>
	<testcase classname="create_formatted_resistance_string_tests.CreateFormattedResistanceStringTests" name="testCreateFormattedResistanceStringFourBandYellowGreyGreyGold" time="0.000" timestamp="2018-10-19T20:33:02"/>
	<testcase classname="create_formatted_resistance_string_tests.CreateFormattedResistanceStringTests" name="testCreateFormattedResistanceStringFourBandYellowGreyGreyGreen" time="0.000" timestamp="2018-10-19T20:33:02"/>
	<testcase classname="create_formatted_resistance_string_tests.CreateFormattedResistanceStringTests" name="testCreateFormattedResistanceStringFourBandYellowGreyGreyGrey" time="0.000" timestamp="2018-10-19T20:33:02"/>
	<testcase classname="create_formatted_resistance_string_tests.CreateFormattedResistanceStringTests" name="testCreateFormattedResistanceStringFourBandYellowGreyGreyNone" time="0.000" timestamp="2018-10-19T20:33:02"/>
	<testcase classname="create_formatted_resistance_string_tests.CreateFormattedResistanceStringTests" name="testCreateFormattedResistanceStringFourBandYellowGreyGreyRed" time="0.000" timestamp="2018-10-19T20:33:02"/>
	<testcase classname="create_formatted_resistance_string_tests.CreateFormattedResistanceStringTests" name="testCreateFormattedResistanceStringFourBandYellowGreyGreySilver" time="0.000" timestamp="2018-10-19T20:33:02"/>
	<testcase classname="create_formatted_resistance_string_tests.CreateFormattedResistanceStringTests" name="testCreateFormattedResistanceStringFourBandYellowGreyGreyViolet" time="0.000" timestamp="2018-10-19T20:33:02"/>
	<testcase classname="create_formatted_resistance_string_tests.CreateFormattedResistanceStringTests" name="testCreateFormattedResistanceStringFourBandYellowGreyOrangeBlue" time="0.000" timestamp="2018-10-19T20:33:02"/>
	<testcase classname="create_formatted_resistance_string_tests.CreateFormattedResistanceStringTests" name="testCreateFormattedResistanceStringFourBandYellowGreyOrangeBrown" time="0.000" timestamp="2018-10-19T20:33:02"/>
	<testcase classname="create_formatted_resistance_string_tests.CreateFormattedResistanceStringTests" name="testCreateFormattedResistanceStringFourBandYellowGreyOrangeGold" time="0.000" timestamp="2018-10-19T20:33:02"/>
	<testcase classname="create_formatted_resistance_string_tests.CreateFormattedResistanceStringTests" name="testCreateFormattedResistanceStringFourBandYellowGreyOrangeGreen" time="0.000" timestamp="2018-10-19T20:33:02"/>
	<testcase classname="create_formatted_resistance_string_tests.CreateFormattedResistanceStringTests" name="testCreateFormattedResistanceStringFourBandYellowGreyOrangeGrey" time="0.000" timestamp="2018-10-19T20:33:02"/>
	<testcase classname="create_formatted_resistance_string_tests.CreateFormattedResistanceStringTests" name="testCreateFormattedResistanceStringFourBandYellowGreyOrangeNone" time="0.000" timestamp="2018-10-19T20:33:02"/>
	<testcase classname="create_formatted_resistance_string_tests.CreateFormattedResistanceStringTests" name="testCreateFormattedResistanceStringFourBandYellowGreyOrangeRed" time="0.000" timestamp="2018-10-19T20:33:02"/>
	<testcase classname="create_formatted_resistance_string_tests.CreateFormattedResistanceStringTests" name="testCreateFormattedResistanceStringFourBandYellowGreyOrangeSilver" time="0.000" timestamp="2018-10-19T20:33:02"/>
	<testcase classname="create_formatted_resistance_string_tests.CreateFormattedResistanceStringTests" name="testCreateFormattedResistanceStringFourBandYellowGreyOrangeViolet" time="0.000" timestamp="2018-10-19T20:33:02"/>
	<testcase classname="create_formatted_resistance_string_tests.CreateFormattedResistanceStringTests" name="testCreateFormattedResistanceStringFourBandYellowGreyRedBlue" time="0.000" timestamp="2018-10-19T20:33:02"/>
	<testcase classname="create_formatted_resistance_string_tests.CreateFormattedResistanceStringTests" name="testCreateFormattedResistanceStringFourBandYellowGreyRedBrown" time="0.000" timestamp="2018-10-19T20:33:02"/>
	<testcase classname="create_formatted_resistance_string_tests.CreateFormattedResistanceStringTests" name="testCreateFormattedResistanceStringFourBandYellowGreyRedGold" time="0.000" timestamp="2018-10-19T20:33:02"/>
	<testcase classname="create_formatted_resistance_string_tests.CreateFormattedResistanceStringTests" name="testCreateFormattedResistanceStringFourBandYellowGreyRedGreen" time="0.000" timestamp="2018-10-19T20:33:02"/>
	<testcase classname="create_formatted_resistance_string_tests.CreateFormattedResistanceStringTests" name="testCreateFormattedResistanceStringFourBandYellowGreyRedGrey" time="0.000" timestamp="2018-10-19T20:33:02"/>
	<testcase classname="create_formatted_resistance_string_tests.CreateFormattedResistanceStringTests" name="testCreateFormattedResistanceStringFourBandYellowGreyRedNone" time="0.000" timestamp="2018-10-19T20:33:02"/>
	<testcase classname="create_formatted_resistance_string_tests.CreateFormattedResistanceStringTests" name="testCreateFormattedResistanceStringFourBandYellowGreyRedRed" time="0.000" timestamp="2018-10-19T20:33:02"/>
	<testcase classname="create_formatted_resistance_string_tests.CreateFormattedResistanceStringTests" name="testCreateFormattedResistanceStringFourBandYellowGreyRedSilver" time="0.000" timestamp="2018-10-19T20:33:02"/>
	<testcase classname="create_formatted_resistance_string_tests.CreateFormattedResistanceStringTests" name="testCreateFormattedResistanceStringFourBandYellowGreyRedViolet" time="0.000" timestamp="2018-10-19T20:33:02"/>
	<testcase classname="create_formatted_resistance_string_tests.CreateFormattedResistanceStringTests" name="testCreateFormattedResistanceStringFourBandYellowGreySilverBlue" time="0.000" timestamp="2018-10-19T20:33:02"/>
	<testcase classname="create_formatted_resistance_string_tests.CreateFormattedResistanceStringTests" name="testCreateFormattedResistanceStringFourBandYellowGreySilverBrown" time="0.000" timestamp="2018-10-19T20:33:02"/>
	<testcase classname="create_formatted_resistance_string_tests.CreateFormattedResistanceStringTests" name="testCreateFormattedResistanceStringFourBandYellowGreySilverGold" time="0.000" timestamp="2018-10-19T20:33:02"/>
	<testcase classname="create_formatted_resistance_string_tests.CreateFormattedResistanceStringTests" name="testCreateFormattedResistanceStringFourBandYellowGreySilverGreen" time="0.000" timestamp="2018-10-19T20:33:02"/>
	<testcase classname="create_formatted_resistance_string_tests.CreateFormattedResistanceStringTests" name="testCreateFormattedResistanceStringFourBandYellowGreySilverGrey" time="0.000" timestamp="2018-10-19T20:33:02"/>
	<testcase classname="create_formatted_resistance_string_tests.CreateFormattedResistanceStringTests" name="testCreateFormattedResistanceStringFourBandYellowGreySilverNone" time="0.000" timestamp="2018-10-19T20:33:02"/>
	<testcase classname="create_formatted_resistance_string_tests.CreateFormattedResistanceStringTests" name="testCreateFormattedResistanceStringFourBandYellowGreySilverRed" time="0.000" timestamp="2018-10-19T20:33:02"/>
	<testcase classname="create_formatted_resistance_string_tests.CreateFormattedResistanceStringTests" name="testCreateFormattedResistanceStringFourBandYellowGreySilverSilver" time="0.000" timestamp="2018-10-19T20:33:02"/>
	<testcase classname="create_formatted_resistance_string_tests.CreateFormattedResistanceStringTests" name="testCreateFormattedResistanceStringFourBandYellowGreySilverViolet" time="0.000" timestamp="2018-10-19T20:33:02"/>
	<testcase classname="create_formatted_resistance_string_tests.CreateFormattedResistanceStringTests" name="testCreateFormattedResistanceStringFourBandYellowGreyVioletBlue" time="0.000" timestamp="2018-10-19T20:33:02"/>
	<testcase classname="create_formatted_resistance_string_tests.CreateFormattedResistanceStringTests" name="testCreateFormattedResistanceStringFourBandYellowGreyVioletBrown" time="0.000" timestamp="2018-10-19T20:33:02"/>
	<testcase classname="create_formatted_resistance_string_tests.CreateFormattedResistanceStringTests" name="testCreateFormattedResistanceStringFourBandYellowGreyVioletGold" time="0.000" timestamp="2018-10-19T20:33:02"/>
	<testcase classname="create_formatted_resistance_string_tests.CreateFormattedResistanceStringTests" name="testCreateFormattedResistanceStringFourBandYellowGreyVioletGreen" time="0.000" timestamp="2018-10-19T20:33:02"/>
	<testcase classname="create_formatted_resistance_string_tests.CreateFormattedResistanceStringTests" name="testCreateFormattedResistanceStringFourBandYellowGreyVioletGrey" time="0.000" timestamp="2018-10-19T20:33:02"/>
	<testcase classname="create_formatted_resistance_string_tests.CreateFormattedResistanceStringTests" name="testCreateFormattedResistanceStringFourBandYellowGreyVioletNone" time="0.000" timestamp="2018-10-19T20:33:02"/>
	<testcase classname="create_formatted_resistance_string_tests.CreateFormattedResistanceStringTests" name="testCreateFormattedResistanceStringFourBandYellowGreyVioletRed" time="0.000" timestamp="2018-10-19T20:33:02"/>
	<testcase classname="create_formatted_resistance_string_tests.CreateFormattedResistanceStringTests" name="testCreateFormattedResistanceStringFourBandYellowGreyVioletSilver" time="0.000" timestamp="2018-10-19T20:33:02"/>
	<testcase classname="create_formatted_resistance_string_tests.CreateFormattedResistanceStringTests" name="testCreateFormattedResistanceStringFourBandYellowGreyVioletViolet" time="0.000" timestamp="2018-10-19T20:33:02"/>
	<testcase classname="create_formatted_resistance_string_tests.CreateFormattedResistanceStringTests" name="testCreateFormattedResistanceStringFourBandYellowGreyWhiteBlue" time="0.000" timestamp="2018-10-19T20:33:02"/>
	<testcase classname="create_formatted_resistance_string_tests.CreateFormattedResistanceStringTests" name="testCreateFormattedResistanceStringFourBandYellowGreyWhiteBrown" time="0.000" timestamp="2018-10-19T20:33:02"/>
	<testcase classname="create_formatted_resistance_string_tests.CreateFormattedResistanceStringTests" name="testCreateFormattedResistanceStringFourBandYellowGreyWhiteGold" time="0.000" timestamp="2018-10-19T20:33:02"/>
	<testcase classname="create_formatted_resistance_string_tests.CreateFormattedResistanceStringTests" name="testCreateFormattedResistanceStringFourBandYellowGreyWhiteGreen" time="0.000" timestamp="2018-10-19T20:33:02"/>
	<testcase classname="create_formatted_resistance_string_tests.CreateFormattedResistanceStringTests" name="testCreateFormattedResistanceStringFourBandYellowGreyWhiteGrey" time="0.000" timestamp="2018-10-19T20:33:02"/>
	<testcase classname="create_formatted_resistance_string_tests.CreateFormattedResistanceStringTests" name="testCreateFormattedResistanceStringFourBandYellowGreyWhiteNone" time="0.000" timestamp="2018-10-19T20:33:02"/>
	<testcase classname="create_formatted_resistance_string_tests.CreateFormattedResistanceStringTests" name="testCreateFormattedResistanceStringFourBandYellowGreyWhiteRed" time="0.000" timestamp="2018-10-19T20:33:02"/>
	<testcase classname="create_formatted_resistance_string_tests.CreateFormattedResistanceStringTests" name="testCreateFormattedResistanceStringFourBandYellowGreyWhiteSilver" time="0.000" timestamp="2018-10-19T20:33:02"/>
	<testcase classname="create_formatted_resistance_string_tests.CreateFormattedResistanceStringTests" name="testCreateFormattedResistanceStringFourBandYellowGreyWhiteViolet" time="0.000" timestamp="2018-10-19T20:33:02"/>
	<testcase classname="create_formatted_resistance_string_tests.CreateFormattedResistanceStringTests" name="testCreateFormattedResistanceStringFourBandYellowGreyYellowBlue" time="0.000" timestamp="2018-10-19T20:33:02"/>
	<testcase classname="create_formatted_resistance_string_tests.CreateFormattedResistanceStringTests" name="testCreateFormattedResistanceStringFourBandYellowGreyYellowBrown" time="0.000" timestamp="2018-10-19T20:33:02"/>
	<testcase classname="create_formatted_resistance_string_tests.CreateFormattedResistanceStringTests" name="testCreateFormattedResistanceStringFourBandYellowGreyYellowGold" time="0.000" timestamp="2018-10-19T20:33:02"/>
	<testcase classname="create_formatted_resistance_string_tests.CreateFormattedResistanceStringTests" name="testCreateFormattedResistanceStringFourBandYellowGreyYellowGreen" time="0.000" timestamp="2018-10-19T20:33:02"/>
	<testcase classname="create_formatted_resistance_string_tests.CreateFormattedResistanceStringTests" name="testCreateFormattedResistanceStringFourBandYellowGreyYellowGrey" time="0.000" timestamp="2018-10-19T20:33:02"/>
	<testcase classname="create_formatted_resistance_string_tests.CreateFormattedResistanceStringTests" name="testCreateFormattedResistanceStringFourBandYellowGreyYellowNone" time="0.000" timestamp="2018-10-19T20:33:02"/>
	<testcase classname="create_formatted_resistance_string_tests.CreateFormattedResistanceStringTests" name="testCreateFormattedResistanceStringFourBandYellowGreyYellowRed" time="0.000" timestamp="2018-10-19T20:33:02"/>
	<testcase classname="create_formatted_resistance_string_tests.CreateFormattedResistanceStringTests" name="testCreateFormattedResistanceStringFourBandYellowGreyYellowSilver" time="0.000" timestamp="2018-10-19T20:33:02"/>
	<testcase classname="create_formatted_resistance_string_tests.CreateFormattedResistanceStringTests" name="testCreateFormattedResistanceStringFourBandYellowGreyYellowViolet" time="0.000" timestamp="2018-10-19T20:33:02"/>
	<testcase classname="create_formatted_resistance_string_tests.CreateFormattedResistanceStringTests" name="testCreateFormattedResistanceStringFourBandYellowOrangeBlackBlue" time="0.000" timestamp="2018-10-19T20:33:02"/>
	<testcase classname="create_formatted_resistance_string_tests.CreateFormattedResistanceStringTests" name="testCreateFormattedResistanceStringFourBandYellowOrangeBlackBrown" time="0.000" timestamp="2018-10-19T20:33:02"/>
	<testcase classname="create_formatted_resistance_string_tests.CreateFormattedResistanceStringTests" name="testCreateFormattedResistanceStringFourBandYellowOrangeBlackGold" time="0.000" timestamp="2018-10-19T20:33:02"/>
	<testcase classname="create_formatted_resistance_string_tests.CreateFormattedResistanceStringTests" name="testCreateFormattedResistanceStringFourBandYellowOrangeBlackGreen" time="0.000" timestamp="2018-10-19T20:33:02"/>
	<testcase classname="create_formatted_resistance_string_tests.CreateFormattedResistanceStringTests" name="testCreateFormattedResistanceStringFourBandYellowOrangeBlackGrey" time="0.000" timestamp="2018-10-19T20:33:02"/>
	<testcase classname="create_formatted_resistance_string_tests.CreateFormattedResistanceStringTests" name="testCreateFormattedResistanceStringFourBandYellowOrangeBlackNone" time="0.000" timestamp="2018-10-19T20:33:02"/>
	<testcase classname="create_formatted_resistance_string_tests.CreateFormattedResistanceStringTests" name="testCreateFormattedResistanceStringFourBandYellowOrangeBlackRed" time="0.000" timestamp="2018-10-19T20:33:02"/>
	<testcase classname="create_formatted_resistance_string_tests.CreateFormattedResistanceStringTests" name="testCreateFormattedResistanceStringFourBandYellowOrangeBlackSilver" time="0.000" timestamp="2018-10-19T20:33:02"/>
	<testcase classname="create_formatted_resistance_string_tests.CreateFormattedResistanceStringTests" name="testCreateFormattedResistanceStringFourBandYellowOrangeBlackViolet" time="0.000" timestamp="2018-10-19T20:33:02"/>
	<testcase classname="create_formatted_resistance_string_tests.CreateFormattedResistanceStringTests" name="testCreateFormattedResistanceStringFourBandYellowOrangeBlueBlue" time="0.000" timestamp="2018-10-19T20:33:02"/>
	<testcase classname="create_formatted_resistance_string_tests.CreateFormattedResistanceStringTests" name="testCreateFormattedResistanceStringFourBandYellowOrangeBlueBrown" time="0.000" timestamp="2018-10-19T20:33:02"/>
	<testcase classname="create_formatted_resistance_string_tests.CreateFormattedResistanceStringTests" name="testCreateFormattedResistanceStringFourBandYellowOrangeBlueGold" time="0.000" timestamp="2018-10-19T20:33:02"/>
	<testcase classname="create_formatted_resistance_string_tests.CreateFormattedResistanceStringTests" name="testCreateFormattedResistanceStringFourBandYellowOrangeBlueGreen" time="0.000" timestamp="2018-10-19T20:33:02"/>
	<testcase classname="create_formatted_resistance_string_tests.CreateFormattedResistanceStringTests" name="testCreateFormattedResistanceStringFourBandYellowOrangeBlueGrey" time="0.000" timestamp="2018-10-19T20:33:02"/>
	<testcase classname="create_formatted_resistance_string_tests.CreateFormattedResistanceStringTests" name="testCreateFormattedResistanceStringFourBandYellowOrangeBlueNone" time="0.000" timestamp="2018-10-19T20:33:02"/>
	<testcase classname="create_formatted_resistance_string_tests.CreateFormattedResistanceStringTests" name="testCreateFormattedResistanceStringFourBandYellowOrangeBlueRed" time="0.000" timestamp="2018-10-19T20:33:02"/>
	<testcase classname="create_formatted_resistance_string_tests.CreateFormattedResistanceStringTests" name="testCreateFormattedResistanceStringFourBandYellowOrangeBlueSilver" time="0.000" timestamp="2018-10-19T20:33:02"/>
	<testcase classname="create_formatted_resistance_string_tests.CreateFormattedResistanceStringTests" name="testCreateFormattedResistanceStringFourBandYellowOrangeBlueViolet" time="0.000" timestamp="2018-10-19T20:33:02"/>
	<testcase classname="create_formatted_resistance_string_tests.CreateFormattedResistanceStringTests" name="testCreateFormattedResistanceStringFourBandYellowOrangeBrownBlue" time="0.000" timestamp="2018-10-19T20:33:02"/>
	<testcase classname="create_formatted_resistance_string_tests.CreateFormattedResistanceStringTests" name="testCreateFormattedResistanceStringFourBandYellowOrangeBrownBrown" time="0.000" timestamp="2018-10-19T20:33:02"/>
	<testcase classname="create_formatted_resistance_string_tests.CreateFormattedResistanceStringTests" name="testCreateFormattedResistanceStringFourBandYellowOrangeBrownGold" time="0.000" timestamp="2018-10-19T20:33:02"/>
	<testcase classname="create_formatted_resistance_string_tests.CreateFormattedResistanceStringTests" name="testCreateFormattedResistanceStringFourBandYellowOrangeBrownGreen" time="0.000" timestamp="2018-10-19T20:33:02"/>
	<testcase classname="create_formatted_resistance_string_tests.CreateFormattedResistanceStringTests" name="testCreateFormattedResistanceStringFourBandYellowOrangeBrownGrey" time="0.000" timestamp="2018-10-19T20:33:02"/>
	<testcase classname="create_formatted_resistance_string_tests.CreateFormattedResistanceStringTests" name="testCreateFormattedResistanceStringFourBandYellowOrangeBrownNone" time="0.000" timestamp="2018-10-19T20:33:02"/>
	<testcase classname="create_formatted_resistance_string_tests.CreateFormattedResistanceStringTests" name="testCreateFormattedResistanceStringFourBandYellowOrangeBrownRed" time="0.000" timestamp="2018-10-19T20:33:02"/>
	<testcase classname="create_formatted_resistance_string_tests.CreateFormattedResistanceStringTests" name="testCreateFormattedResistanceStringFourBandYellowOrangeBrownSilver" time="0.000" timestamp="2018-10-19T20:33:02"/>
	<testcase classname="create_formatted_resistance_string_tests.CreateFormattedResistanceStringTests" name="testCreateFormattedResistanceStringFourBandYellowOrangeBrownViolet" time="0.000" timestamp="2018-10-19T20:33:02"/>
	<testcase classname="create_formatted_resistance_string_tests.CreateFormattedResistanceStringTests" name="testCreateFormattedResistanceStringFourBandYellowOrangeGoldBlue" time="0.000" timestamp="2018-10-19T20:33:02"/>
	<testcase classname="create_formatted_resistance_string_tests.CreateFormattedResistanceStringTests" name="testCreateFormattedResistanceStringFourBandYellowOrangeGoldBrown" time="0.000" timestamp="2018-10-19T20:33:02"/>
	<testcase classname="create_formatted_resistance_string_tests.CreateFormattedResistanceStringTests" name="testCreateFormattedResistanceStringFourBandYellowOrangeGoldGold" time="0.000" timestamp="2018-10-19T20:33:02"/>
	<testcase classname="create_formatted_resistance_string_tests.CreateFormattedResistanceStringTests" name="testCreateFormattedResistanceStringFourBandYellowOrangeGoldGreen" time="0.000" timestamp="2018-10-19T20:33:02"/>
	<testcase classname="create_formatted_resistance_string_tests.CreateFormattedResistanceStringTests" name="testCreateFormattedResistanceStringFourBandYellowOrangeGoldGrey" time="0.000" timestamp="2018-10-19T20:33:02"/>
	<testcase classname="create_formatted_resistance_string_tests.CreateFormattedResistanceStringTests" name="testCreateFormattedResistanceStringFourBandYellowOrangeGoldNone" time="0.000" timestamp="2018-10-19T20:33:02"/>
	<testcase classname="create_formatted_resistance_string_tests.CreateFormattedResistanceStringTests" name="testCreateFormattedResistanceStringFourBandYellowOrangeGoldRed" time="0.000" timestamp="2018-10-19T20:33:02"/>
	<testcase classname="create_formatted_resistance_string_tests.CreateFormattedResistanceStringTests" name="testCreateFormattedResistanceStringFourBandYellowOrangeGoldSilver" time="0.000" timestamp="2018-10-19T20:33:02"/>
	<testcase classname="create_formatted_resistance_string_tests.CreateFormattedResistanceStringTests" name="testCreateFormattedResistanceStringFourBandYellowOrangeGoldViolet" time="0.000" timestamp="2018-10-19T20:33:02"/>
	<testcase classname="create_formatted_resistance_string_tests.CreateFormattedResistanceStringTests" name="testCreateFormattedResistanceStringFourBandYellowOrangeGreenBlue" time="0.000" timestamp="2018-10-19T20:33:02"/>
	<testcase classname="create_formatted_resistance_string_tests.CreateFormattedResistanceStringTests" name="testCreateFormattedResistanceStringFourBandYellowOrangeGreenBrown" time="0.000" timestamp="2018-10-19T20:33:02"/>
	<testcase classname="create_formatted_resistance_string_tests.CreateFormattedResistanceStringTests" name="testCreateFormattedResistanceStringFourBandYellowOrangeGreenGold" time="0.000" timestamp="2018-10-19T20:33:02"/>
	<testcase classname="create_formatted_resistance_string_tests.CreateFormattedResistanceStringTests" name="testCreateFormattedResistanceStringFourBandYellowOrangeGreenGreen" time="0.000" timestamp="2018-10-19T20:33:02"/>
	<testcase classname="create_formatted_resistance_string_tests.CreateFormattedResistanceStringTests" name="testCreateFormattedResistanceStringFourBandYellowOrangeGreenGrey" time="0.000" timestamp="2018-10-19T20:33:02"/>
	<testcase classname="create_formatted_resistance_string_tests.CreateFormattedResistanceStringTests" name="testCreateFormattedResistanceStringFourBandYellowOrangeGreenNone" time="0.000" timestamp="2018-10-19T20:33:02"/>
	<testcase classname="create_formatted_resistance_string_tests.CreateFormattedResistanceStringTests" name="testCreateFormattedResistanceStringFourBandYellowOrangeGreenRed" time="0.000" timestamp="2018-10-19T20:33:02"/>
	<testcase classname="create_formatted_resistance_string_tests.CreateFormattedResistanceStringTests" name="testCreateFormattedResistanceStringFourBandYellowOrangeGreenSilver" time="0.000" timestamp="2018-10-19T20:33:02"/>
	<testcase classname="create_formatted_resistance_string_tests.CreateFormattedResistanceStringTests" name="testCreateFormattedResistanceStringFourBandYellowOrangeGreenViolet" time="0.000" timestamp="2018-10-19T20:33:02"/>
	<testcase classname="create_formatted_resistance_string_tests.CreateFormattedResistanceStringTests" name="testCreateFormattedResistanceStringFourBandYellowOrangeGreyBlue" time="0.000" timestamp="2018-10-19T20:33:02"/>
	<testcase classname="create_formatted_resistance_string_tests.CreateFormattedResistanceStringTests" name="testCreateFormattedResistanceStringFourBandYellowOrangeGreyBrown" time="0.000" timestamp="2018-10-19T20:33:02"/>
	<testcase classname="create_formatted_resistance_string_tests.CreateFormattedResistanceStringTests" name="testCreateFormattedResistanceStringFourBandYellowOrangeGreyGold" time="0.000" timestamp="2018-10-19T20:33:02"/>
	<testcase classname="create_formatted_resistance_string_tests.CreateFormattedResistanceStringTests" name="testCreateFormattedResistanceStringFourBandYellowOrangeGreyGreen" time="0.000" timestamp="2018-10-19T20:33:02"/>
	<testcase classname="create_formatted_resistance_string_tests.CreateFormattedResistanceStringTests" name="testCreateFormattedResistanceStringFourBandYellowOrangeGreyGrey" time="0.000" timestamp="2018-10-19T20:33:02"/>
	<testcase classname="create_formatted_resistance_string_tests.CreateFormattedResistanceStringTests" name="testCreateFormattedResistanceStringFourBandYellowOrangeGreyNone" time="0.000" timestamp="2018-10-19T20:33:02"/>
	<testcase classname="create_formatted_resistance_string_tests.CreateFormattedResistanceStringTests" name="testCreateFormattedResistanceStringFourBandYellowOrangeGreyRed" time="0.000" timestamp="2018-10-19T20:33:02"/>
	<testcase classname="create_formatted_resistance_string_tests.CreateFormattedResistanceStringTests" name="testCreateFormattedResistanceStringFourBandYellowOrangeGreySilver" time="0.000" timestamp="2018-10-19T20:33:02"/>
	<testcase classname="create_formatted_resistance_string_tests.CreateFormattedResistanceStringTests" name="testCreateFormattedResistanceStringFourBandYellowOrangeGreyViolet" time="0.000" timestamp="2018-10-19T20:33:02"/>
	<testcase classname="create_formatted_resistance_string_tests.CreateFormattedResistanceStringTests" name="testCreateFormattedResistanceStringFourBandYellowOrangeOrangeBlue" time="0.000" timestamp="2018-10-19T20:33:02"/>
	<testcase classname="create_formatted_resistance_string_tests.CreateFormattedResistanceStringTests" name="testCreateFormattedResistanceStringFourBandYellowOrangeOrangeBrown" time="0.000" timestamp="2018-10-19T20:33:02"/>
	<testcase classname="create_formatted_resistance_string_tests.CreateFormattedResistanceStringTests" name="testCreateFormattedResistanceStringFourBandYellowOrangeOrangeGold" time="0.000" timestamp="2018-10-19T20:33:02"/>
	<testcase classname="create_formatted_resistance_string_tests.CreateFormattedResistanceStringTests" name="testCreateFormattedResistanceStringFourBandYellowOrangeOrangeGreen" time="0.000" timestamp="2018-10-19T20:33:02"/>
	<testcase classname="create_formatted_resistance_string_tests.CreateFormattedResistanceStringTests" name="testCreateFormattedResistanceStringFourBandYellowOrangeOrangeGrey" time="0.000" timestamp="2018-10-19T20:33:02"/>
	<testcase classname="create_formatted_resistance_string_tests.CreateFormattedResistanceStringTests" name="testCreateFormattedResistanceStringFourBandYellowOrangeOrangeNone" time="0.000" timestamp="2018-10-19T20:33:02"/>
	<testcase classname="create_formatted_resistance_string_tests.CreateFormattedResistanceStringTests" name="testCreateFormattedResistanceStringFourBandYellowOrangeOrangeRed" time="0.000" timestamp="2018-10-19T20:33:02"/>
	<testcase classname="create_formatted_resistance_string_tests.CreateFormattedResistanceStringTests" name="testCreateFormattedResistanceStringFourBandYellowOrangeOrangeSilver" time="0.000" timestamp="2018-10-19T20:33:02"/>
	<testcase classname="create_formatted_resistance_string_tests.CreateFormattedResistanceStringTests" name="testCreateFormattedResistanceStringFourBandYellowOrangeOrangeViolet" time="0.000" timestamp="2018-10-19T20:33:02"/>
	<testcase classname="create_formatted_resistance_string_tests.CreateFormattedResistanceStringTests" name="testCreateFormattedResistanceStringFourBandYellowOrangeRedBlue" time="0.000" timestamp="2018-10-19T20:33:02"/>
	<testcase classname="create_formatted_resistance_string_tests.CreateFormattedResistanceStringTests" name="testCreateFormattedResistanceStringFourBandYellowOrangeRedBrown" time="0.000" timestamp="2018-10-19T20:33:02"/>
	<testcase classname="create_formatted_resistance_string_tests.CreateFormattedResistanceStringTests" name="testCreateFormattedResistanceStringFourBandYellowOrangeRedGold" time="0.000" timestamp="2018-10-19T20:33:02"/>
	<testcase classname="create_formatted_resistance_string_tests.CreateFormattedResistanceStringTests" name="testCreateFormattedResistanceStringFourBandYellowOrangeRedGreen" time="0.000" timestamp="2018-10-19T20:33:02"/>
	<testcase classname="create_formatted_resistance_string_tests.CreateFormattedResistanceStringTests" name="testCreateFormattedResistanceStringFourBandYellowOrangeRedGrey" time="0.000" timestamp="2018-10-19T20:33:02"/>
	<testcase classname="create_formatted_resistance_string_tests.CreateFormattedResistanceStringTests" name="testCreateFormattedResistanceStringFourBandYellowOrangeRedNone" time="0.000" timestamp="2018-10-19T20:33:02"/>
	<testcase classname="create_formatted_resistance_string_tests.CreateFormattedResistanceStringTests" name="testCreateFormattedResistanceStringFourBandYellowOrangeRedRed" time="0.000" timestamp="2018-10-19T20:33:02"/>
	<testcase classname="create_formatted_resistance_string_tests.CreateFormattedResistanceStringTests" name="testCreateFormattedResistanceStringFourBandYellowOrangeRedSilver" time="0.000" timestamp="2018-10-19T20:33:02"/>
	<testcase classname="create_formatted_resistance_string_tests.CreateFormattedResistanceStringTests" name="testCreateFormattedResistanceStringFourBandYellowOrangeRedViolet" time="0.000" timestamp="2018-10-19T20:33:02"/>
	<testcase classname="create_formatted_resistance_string_tests.CreateFormattedResistanceStringTests" name="testCreateFormattedResistanceStringFourBandYellowOrangeSilverBlue" time="0.000" timestamp="2018-10-19T20:33:02"/>
	<testcase classname="create_formatted_resistance_string_tests.CreateFormattedResistanceStringTests" name="testCreateFormattedResistanceStringFourBandYellowOrangeSilverBrown" time="0.000" timestamp="2018-10-19T20:33:02"/>
	<testcase classname="create_formatted_resistance_string_tests.CreateFormattedResistanceStringTests" name="testCreateFormattedResistanceStringFourBandYellowOrangeSilverGold" time="0.000" timestamp="2018-10-19T20:33:02"/>
	<testcase classname="create_formatted_resistance_string_tests.CreateFormattedResistanceStringTests" name="testCreateFormattedResistanceStringFourBandYellowOrangeSilverGreen" time="0.000" timestamp="2018-10-19T20:33:02"/>
	<testcase classname="create_formatted_resistance_string_tests.CreateFormattedResistanceStringTests" name="testCreateFormattedResistanceStringFourBandYellowOrangeSilverGrey" time="0.000" timestamp="2018-10-19T20:33:02"/>
	<testcase classname="create_formatted_resistance_string_tests.CreateFormattedResistanceStringTests" name="testCreateFormattedResistanceStringFourBandYellowOrangeSilverNone" time="0.000" timestamp="2018-10-19T20:33:02"/>
	<testcase classname="create_formatted_resistance_string_tests.CreateFormattedResistanceStringTests" name="testCreateFormattedResistanceStringFourBandYellowOrangeSilverRed" time="0.000" timestamp="2018-10-19T20:33:02"/>
	<testcase classname="create_formatted_resistance_string_tests.CreateFormattedResistanceStringTests" name="testCreateFormattedResistanceStringFourBandYellowOrangeSilverSilver" time="0.000" timestamp="2018-10-19T20:33:02"/>
	<testcase classname="create_formatted_resistance_string_tests.CreateFormattedResistanceStringTests" name="testCreateFormattedResistanceStringFourBandYellowOrangeSilverViolet" time="0.000" timestamp="2018-10-19T20:33:02"/>
	<testcase classname="create_formatted_resistance_string_tests.CreateFormattedResistanceStringTests" name="testCreateFormattedResistanceStringFourBandYellowOrangeVioletBlue" time="0.000" timestamp="2018-10-19T20:33:02"/>
	<testcase classname="create_formatted_resistance_string_tests.CreateFormattedResistanceStringTests" name="testCreateFormattedResistanceStringFourBandYellowOrangeVioletBrown" time="0.000" timestamp="2018-10-19T20:33:02"/>
	<testcase classname="create_formatted_resistance_string_tests.CreateFormattedResistanceStringTests" name="testCreateFormattedResistanceStringFourBandYellowOrangeVioletGold" time="0.000" timestamp="2018-10-19T20:33:02"/>
	<testcase classname="create_formatted_resistance_string_tests.CreateFormattedResistanceStringTests" name="testCreateFormattedResistanceStringFourBandYellowOrangeVioletGreen" time="0.000" timestamp="2018-10-19T20:33:02"/>
	<testcase classname="create_formatted_resistance_string_tests.CreateFormattedResistanceStringTests" name="testCreateFormattedResistanceStringFourBandYellowOrangeVioletGrey" time="0.000" timestamp="2018-10-19T20:33:02"/>
	<testcase classname="create_formatted_resistance_string_tests.CreateFormattedResistanceStringTests" name="testCreateFormattedResistanceStringFourBandYellowOrangeVioletNone" time="0.000" timestamp="2018-10-19T20:33:02"/>
	<testcase classname="create_formatted_resistance_string_tests.CreateFormattedResistanceStringTests" name="testCreateFormattedResistanceStringFourBandYellowOrangeVioletRed" time="0.000" timestamp="2018-10-19T20:33:02"/>
	<testcase classname="create_formatted_resistance_string_tests.CreateFormattedResistanceStringTests" name="testCreateFormattedResistanceStringFourBandYellowOrangeVioletSilver" time="0.000" timestamp="2018-10-19T20:33:02"/>
	<testcase classname="create_formatted_resistance_string_tests.CreateFormattedResistanceStringTests" name="testCreateFormattedResistanceStringFourBandYellowOrangeVioletViolet" time="0.000" timestamp="2018-10-19T20:33:02"/>
	<testcase classname="create_formatted_resistance_string_tests.CreateFormattedResistanceStringTests" name="testCreateFormattedResistanceStringFourBandYellowOrangeWhiteBlue" time="0.000" timestamp="2018-10-19T20:33:02"/>
	<testcase classname="create_formatted_resistance_string_tests.CreateFormattedResistanceStringTests" name="testCreateFormattedResistanceStringFourBandYellowOrangeWhiteBrown" time="0.000" timestamp="2018-10-19T20:33:02"/>
	<testcase classname="create_formatted_resistance_string_tests.CreateFormattedResistanceStringTests" name="testCreateFormattedResistanceStringFourBandYellowOrangeWhiteGold" time="0.000" timestamp="2018-10-19T20:33:02"/>
	<testcase classname="create_formatted_resistance_string_tests.CreateFormattedResistanceStringTests" name="testCreateFormattedResistanceStringFourBandYellowOrangeWhiteGreen" time="0.000" timestamp="2018-10-19T20:33:02"/>
	<testcase classname="create_formatted_resistance_string_tests.CreateFormattedResistanceStringTests" name="testCreateFormattedResistanceStringFourBandYellowOrangeWhiteGrey" time="0.000" timestamp="2018-10-19T20:33:02"/>
	<testcase classname="create_formatted_resistance_string_tests.CreateFormattedResistanceStringTests" name="testCreateFormattedResistanceStringFourBandYellowOrangeWhiteNone" time="0.000" timestamp="2018-10-19T20:33:02"/>
	<testcase classname="create_formatted_resistance_string_tests.CreateFormattedResistanceStringTests" name="testCreateFormattedResistanceStringFourBandYellowOrangeWhiteRed" time="0.000" timestamp="2018-10-19T20:33:02"/>
	<testcase classname="create_formatted_resistance_string_tests.CreateFormattedResistanceStringTests" name="testCreateFormattedResistanceStringFourBandYellowOrangeWhiteSilver" time="0.000" timestamp="2018-10-19T20:33:02"/>
	<testcase classname="create_formatted_resistance_string_tests.CreateFormattedResistanceStringTests" name="testCreateFormattedResistanceStringFourBandYellowOrangeWhiteViolet" time="0.000" timestamp="2018-10-19T20:33:02"/>
	<testcase classname="create_formatted_resistance_string_tests.CreateFormattedResistanceStringTests" name="testCreateFormattedResistanceStringFourBandYellowOrangeYellowBlue" time="0.000" timestamp="2018-10-19T20:33:02"/>
	<testcase classname="create_formatted_resistance_string_tests.CreateFormattedResistanceStringTests" name="testCreateFormattedResistanceStringFourBandYellowOrangeYellowBrown" time="0.000" timestamp="2018-10-19T20:33:02"/>
	<testcase classname="create_formatted_resistance_string_tests.CreateFormattedResistanceStringTests" name="testCreateFormattedResistanceStringFourBandYellowOrangeYellowGold" time="0.000" timestamp="2018-10-19T20:33:02"/>
	<testcase classname="create_formatted_resistance_string_tests.CreateFormattedResistanceStringTests" name="testCreateFormattedResistanceStringFourBandYellowOrangeYellowGreen" time="0.000" timestamp="2018-10-19T20:33:02"/>
	<testcase classname="create_formatted_resistance_string_tests.CreateFormattedResistanceStringTests" name="testCreateFormattedResistanceStringFourBandYellowOrangeYellowGrey" time="0.000" timestamp="2018-10-19T20:33:02"/>
	<testcase classname="create_formatted_resistance_string_tests.CreateFormattedResistanceStringTests" name="testCreateFormattedResistanceStringFourBandYellowOrangeYellowNone" time="0.000" timestamp="2018-10-19T20:33:02"/>
	<testcase classname="create_formatted_resistance_string_tests.CreateFormattedResistanceStringTests" name="testCreateFormattedResistanceStringFourBandYellowOrangeYellowRed" time="0.000" timestamp="2018-10-19T20:33:02"/>
	<testcase classname="create_formatted_resistance_string_tests.CreateFormattedResistanceStringTests" name="testCreateFormattedResistanceStringFourBandYellowOrangeYellowSilver" time="0.000" timestamp="2018-10-19T20:33:02"/>
	<testcase classname="create_formatted_resistance_string_tests.CreateFormattedResistanceStringTests" name="testCreateFormattedResistanceStringFourBandYellowOrangeYellowViolet" time="0.000" timestamp="2018-10-19T20:33:02"/>
	<testcase classname="create_formatted_resistance_string_tests.CreateFormattedResistanceStringTests" name="testCreateFormattedResistanceStringFourBandYellowRedBlackBlue" time="0.000" timestamp="2018-10-19T20:33:02"/>
	<testcase classname="create_formatted_resistance_string_tests.CreateFormattedResistanceStringTests" name="testCreateFormattedResistanceStringFourBandYellowRedBlackBrown" time="0.000" timestamp="2018-10-19T20:33:02"/>
	<testcase classname="create_formatted_resistance_string_tests.CreateFormattedResistanceStringTests" name="testCreateFormattedResistanceStringFourBandYellowRedBlackGold" time="0.000" timestamp="2018-10-19T20:33:02"/>
	<testcase classname="create_formatted_resistance_string_tests.CreateFormattedResistanceStringTests" name="testCreateFormattedResistanceStringFourBandYellowRedBlackGreen" time="0.000" timestamp="2018-10-19T20:33:02"/>
	<testcase classname="create_formatted_resistance_string_tests.CreateFormattedResistanceStringTests" name="testCreateFormattedResistanceStringFourBandYellowRedBlackGrey" time="0.000" timestamp="2018-10-19T20:33:02"/>
	<testcase classname="create_formatted_resistance_string_tests.CreateFormattedResistanceStringTests" name="testCreateFormattedResistanceStringFourBandYellowRedBlackNone" time="0.000" timestamp="2018-10-19T20:33:02"/>
	<testcase classname="create_formatted_resistance_string_tests.CreateFormattedResistanceStringTests" name="testCreateFormattedResistanceStringFourBandYellowRedBlackRed" time="0.000" timestamp="2018-10-19T20:33:02"/>
	<testcase classname="create_formatted_resistance_string_tests.CreateFormattedResistanceStringTests" name="testCreateFormattedResistanceStringFourBandYellowRedBlackSilver" time="0.000" timestamp="2018-10-19T20:33:02"/>
	<testcase classname="create_formatted_resistance_string_tests.CreateFormattedResistanceStringTests" name="testCreateFormattedResistanceStringFourBandYellowRedBlackViolet" time="0.000" timestamp="2018-10-19T20:33:02"/>
	<testcase classname="create_formatted_resistance_string_tests.CreateFormattedResistanceStringTests" name="testCreateFormattedResistanceStringFourBandYellowRedBlueBlue" time="0.000" timestamp="2018-10-19T20:33:02"/>
	<testcase classname="create_formatted_resistance_string_tests.CreateFormattedResistanceStringTests" name="testCreateFormattedResistanceStringFourBandYellowRedBlueBrown" time="0.000" timestamp="2018-10-19T20:33:02"/>
	<testcase classname="create_formatted_resistance_string_tests.CreateFormattedResistanceStringTests" name="testCreateFormattedResistanceStringFourBandYellowRedBlueGold" time="0.000" timestamp="2018-10-19T20:33:02"/>
	<testcase classname="create_formatted_resistance_string_tests.CreateFormattedResistanceStringTests" name="testCreateFormattedResistanceStringFourBandYellowRedBlueGreen" time="0.000" timestamp="2018-10-19T20:33:02"/>
	<testcase classname="create_formatted_resistance_string_tests.CreateFormattedResistanceStringTests" name="testCreateFormattedResistanceStringFourBandYellowRedBlueGrey" time="0.000" timestamp="2018-10-19T20:33:02"/>
	<testcase classname="create_formatted_resistance_string_tests.CreateFormattedResistanceStringTests" name="testCreateFormattedResistanceStringFourBandYellowRedBlueNone" time="0.000" timestamp="2018-10-19T20:33:02"/>
	<testcase classname="create_formatted_resistance_string_tests.CreateFormattedResistanceStringTests" name="testCreateFormattedResistanceStringFourBandYellowRedBlueRed" time="0.000" timestamp="2018-10-19T20:33:02"/>
	<testcase classname="create_formatted_resistance_string_tests.CreateFormattedResistanceStringTests" name="testCreateFormattedResistanceStringFourBandYellowRedBlueSilver" time="0.000" timestamp="2018-10-19T20:33:02"/>
	<testcase classname="create_formatted_resistance_string_tests.CreateFormattedResistanceStringTests" name="testCreateFormattedResistanceStringFourBandYellowRedBlueViolet" time="0.000" timestamp="2018-10-19T20:33:02"/>
	<testcase classname="create_formatted_resistance_string_tests.CreateFormattedResistanceStringTests" name="testCreateFormattedResistanceStringFourBandYellowRedBrownBlue" time="0.000" timestamp="2018-10-19T20:33:02"/>
	<testcase classname="create_formatted_resistance_string_tests.CreateFormattedResistanceStringTests" name="testCreateFormattedResistanceStringFourBandYellowRedBrownBrown" time="0.000" timestamp="2018-10-19T20:33:02"/>
	<testcase classname="create_formatted_resistance_string_tests.CreateFormattedResistanceStringTests" name="testCreateFormattedResistanceStringFourBandYellowRedBrownGold" time="0.000" timestamp="2018-10-19T20:33:02"/>
	<testcase classname="create_formatted_resistance_string_tests.CreateFormattedResistanceStringTests" name="testCreateFormattedResistanceStringFourBandYellowRedBrownGreen" time="0.000" timestamp="2018-10-19T20:33:02"/>
	<testcase classname="create_formatted_resistance_string_tests.CreateFormattedResistanceStringTests" name="testCreateFormattedResistanceStringFourBandYellowRedBrownGrey" time="0.000" timestamp="2018-10-19T20:33:02"/>
	<testcase classname="create_formatted_resistance_string_tests.CreateFormattedResistanceStringTests" name="testCreateFormattedResistanceStringFourBandYellowRedBrownNone" time="0.000" timestamp="2018-10-19T20:33:02"/>
	<testcase classname="create_formatted_resistance_string_tests.CreateFormattedResistanceStringTests" name="testCreateFormattedResistanceStringFourBandYellowRedBrownRed" time="0.000" timestamp="2018-10-19T20:33:02"/>
	<testcase classname="create_formatted_resistance_string_tests.CreateFormattedResistanceStringTests" name="testCreateFormattedResistanceStringFourBandYellowRedBrownSilver" time="0.000" timestamp="2018-10-19T20:33:02"/>
	<testcase classname="create_formatted_resistance_string_tests.CreateFormattedResistanceStringTests" name="testCreateFormattedResistanceStringFourBandYellowRedBrownViolet" time="0.000" timestamp="2018-10-19T20:33:02"/>
	<testcase classname="create_formatted_resistance_string_tests.CreateFormattedResistanceStringTests" name="testCreateFormattedResistanceStringFourBandYellowRedGoldBlue" time="0.000" timestamp="2018-10-19T20:33:02"/>
	<testcase classname="create_formatted_resistance_string_tests.CreateFormattedResistanceStringTests" name="testCreateFormattedResistanceStringFourBandYellowRedGoldBrown" time="0.000" timestamp="2018-10-19T20:33:02"/>
	<testcase classname="create_formatted_resistance_string_tests.CreateFormattedResistanceStringTests" name="testCreateFormattedResistanceStringFourBandYellowRedGoldGold" time="0.000" timestamp="2018-10-19T20:33:02"/>
	<testcase classname="create_formatted_resistance_string_tests.CreateFormattedResistanceStringTests" name="testCreateFormattedResistanceStringFourBandYellowRedGoldGreen" time="0.000" timestamp="2018-10-19T20:33:02"/>
	<testcase classname="create_formatted_resistance_string_tests.CreateFormattedResistanceStringTests" name="testCreateFormattedResistanceStringFourBandYellowRedGoldGrey" time="0.000" timestamp="2018-10-19T20:33:02"/>
	<testcase classname="create_formatted_resistance_string_tests.CreateFormattedResistanceStringTests" name="testCreateFormattedResistanceStringFourBandYellowRedGoldNone" time="0.000" timestamp="2018-10-19T20:33:02"/>
	<testcase classname="create_formatted_resistance_string_tests.CreateFormattedResistanceStringTests" name="testCreateFormattedResistanceStringFourBandYellowRedGoldRed" time="0.000" timestamp="2018-10-19T20:33:02"/>
	<testcase classname="create_formatted_resistance_string_tests.CreateFormattedResistanceStringTests" name="testCreateFormattedResistanceStringFourBandYellowRedGoldSilver" time="0.000" timestamp="2018-10-19T20:33:02"/>
	<testcase classname="create_formatted_resistance_string_tests.CreateFormattedResistanceStringTests" name="testCreateFormattedResistanceStringFourBandYellowRedGoldViolet" time="0.000" timestamp="2018-10-19T20:33:02"/>
	<testcase classname="create_formatted_resistance_string_tests.CreateFormattedResistanceStringTests" name="testCreateFormattedResistanceStringFourBandYellowRedGreenBlue" time="0.000" timestamp="2018-10-19T20:33:02"/>
	<testcase classname="create_formatted_resistance_string_tests.CreateFormattedResistanceStringTests" name="testCreateFormattedResistanceStringFourBandYellowRedGreenBrown" time="0.000" timestamp="2018-10-19T20:33:02"/>
	<testcase classname="create_formatted_resistance_string_tests.CreateFormattedResistanceStringTests" name="testCreateFormattedResistanceStringFourBandYellowRedGreenGold" time="0.000" timestamp="2018-10-19T20:33:02"/>
	<testcase classname="create_formatted_resistance_string_tests.CreateFormattedResistanceStringTests" name="testCreateFormattedResistanceStringFourBandYellowRedGreenGreen" time="0.000" timestamp="2018-10-19T20:33:02"/>
	<testcase classname="create_formatted_resistance_string_tests.CreateFormattedResistanceStringTests" name="testCreateFormattedResistanceStringFourBandYellowRedGreenGrey" time="0.000" timestamp="2018-10-19T20:33:02"/>
	<testcase classname="create_formatted_resistance_string_tests.CreateFormattedResistanceStringTests" name="testCreateFormattedResistanceStringFourBandYellowRedGreenNone" time="0.000" timestamp="2018-10-19T20:33:02"/>
	<testcase classname="create_formatted_resistance_string_tests.CreateFormattedResistanceStringTests" name="testCreateFormattedResistanceStringFourBandYellowRedGreenRed" time="0.000" timestamp="2018-10-19T20:33:02"/>
	<testcase classname="create_formatted_resistance_string_tests.CreateFormattedResistanceStringTests" name="testCreateFormattedResistanceStringFourBandYellowRedGreenSilver" time="0.000" timestamp="2018-10-19T20:33:02"/>
	<testcase classname="create_formatted_resistance_string_tests.CreateFormattedResistanceStringTests" name="testCreateFormattedResistanceStringFourBandYellowRedGreenViolet" time="0.000" timestamp="2018-10-19T20:33:02"/>
	<testcase classname="create_formatted_resistance_string_tests.CreateFormattedResistanceStringTests" name="testCreateFormattedResistanceStringFourBandYellowRedGreyBlue" time="0.000" timestamp="2018-10-19T20:33:02"/>
	<testcase classname="create_formatted_resistance_string_tests.CreateFormattedResistanceStringTests" name="testCreateFormattedResistanceStringFourBandYellowRedGreyBrown" time="0.000" timestamp="2018-10-19T20:33:02"/>
	<testcase classname="create_formatted_resistance_string_tests.CreateFormattedResistanceStringTests" name="testCreateFormattedResistanceStringFourBandYellowRedGreyGold" time="0.000" timestamp="2018-10-19T20:33:02"/>
	<testcase classname="create_formatted_resistance_string_tests.CreateFormattedResistanceStringTests" name="testCreateFormattedResistanceStringFourBandYellowRedGreyGreen" time="0.000" timestamp="2018-10-19T20:33:02"/>
	<testcase classname="create_formatted_resistance_string_tests.CreateFormattedResistanceStringTests" name="testCreateFormattedResistanceStringFourBandYellowRedGreyGrey" time="0.000" timestamp="2018-10-19T20:33:02"/>
	<testcase classname="create_formatted_resistance_string_tests.CreateFormattedResistanceStringTests" name="testCreateFormattedResistanceStringFourBandYellowRedGreyNone" time="0.000" timestamp="2018-10-19T20:33:02"/>
	<testcase classname="create_formatted_resistance_string_tests.CreateFormattedResistanceStringTests" name="testCreateFormattedResistanceStringFourBandYellowRedGreyRed" time="0.000" timestamp="2018-10-19T20:33:02"/>
	<testcase classname="create_formatted_resistance_string_tests.CreateFormattedResistanceStringTests" name="testCreateFormattedResistanceStringFourBandYellowRedGreySilver" time="0.000" timestamp="2018-10-19T20:33:02"/>
	<testcase classname="create_formatted_resistance_string_tests.CreateFormattedResistanceStringTests" name="testCreateFormattedResistanceStringFourBandYellowRedGreyViolet" time="0.000" timestamp="2018-10-19T20:33:02"/>
	<testcase classname="create_formatted_resistance_string_tests.CreateFormattedResistanceStringTests" name="testCreateFormattedResistanceStringFourBandYellowRedOrangeBlue" time="0.000" timestamp="2018-10-19T20:33:02"/>
	<testcase classname="create_formatted_resistance_string_tests.CreateFormattedResistanceStringTests" name="testCreateFormattedResistanceStringFourBandYellowRedOrangeBrown" time="0.000" timestamp="2018-10-19T20:33:02"/>
	<testcase classname="create_formatted_resistance_string_tests.CreateFormattedResistanceStringTests" name="testCreateFormattedResistanceStringFourBandYellowRedOrangeGold" time="0.000" timestamp="2018-10-19T20:33:02"/>
	<testcase classname="create_formatted_resistance_string_tests.CreateFormattedResistanceStringTests" name="testCreateFormattedResistanceStringFourBandYellowRedOrangeGreen" time="0.000" timestamp="2018-10-19T20:33:02"/>
	<testcase classname="create_formatted_resistance_string_tests.CreateFormattedResistanceStringTests" name="testCreateFormattedResistanceStringFourBandYellowRedOrangeGrey" time="0.000" timestamp="2018-10-19T20:33:02"/>
	<testcase classname="create_formatted_resistance_string_tests.CreateFormattedResistanceStringTests" name="testCreateFormattedResistanceStringFourBandYellowRedOrangeNone" time="0.000" timestamp="2018-10-19T20:33:02"/>
	<testcase classname="create_formatted_resistance_string_tests.CreateFormattedResistanceStringTests" name="testCreateFormattedResistanceStringFourBandYellowRedOrangeRed" time="0.000" timestamp="2018-10-19T20:33:02"/>
	<testcase classname="create_formatted_resistance_string_tests.CreateFormattedResistanceStringTests" name="testCreateFormattedResistanceStringFourBandYellowRedOrangeSilver" time="0.000" timestamp="2018-10-19T20:33:02"/>
	<testcase classname="create_formatted_resistance_string_tests.CreateFormattedResistanceStringTests" name="testCreateFormattedResistanceStringFourBandYellowRedOrangeViolet" time="0.000" timestamp="2018-10-19T20:33:02"/>
	<testcase classname="create_formatted_resistance_string_tests.CreateFormattedResistanceStringTests" name="testCreateFormattedResistanceStringFourBandYellowRedRedBlue" time="0.000" timestamp="2018-10-19T20:33:02"/>
	<testcase classname="create_formatted_resistance_string_tests.CreateFormattedResistanceStringTests" name="testCreateFormattedResistanceStringFourBandYellowRedRedBrown" time="0.000" timestamp="2018-10-19T20:33:02"/>
	<testcase classname="create_formatted_resistance_string_tests.CreateFormattedResistanceStringTests" name="testCreateFormattedResistanceStringFourBandYellowRedRedGold" time="0.000" timestamp="2018-10-19T20:33:02"/>
	<testcase classname="create_formatted_resistance_string_tests.CreateFormattedResistanceStringTests" name="testCreateFormattedResistanceStringFourBandYellowRedRedGreen" time="0.000" timestamp="2018-10-19T20:33:02"/>
	<testcase classname="create_formatted_resistance_string_tests.CreateFormattedResistanceStringTests" name="testCreateFormattedResistanceStringFourBandYellowRedRedGrey" time="0.000" timestamp="2018-10-19T20:33:02"/>
	<testcase classname="create_formatted_resistance_string_tests.CreateFormattedResistanceStringTests" name="testCreateFormattedResistanceStringFourBandYellowRedRedNone" time="0.000" timestamp="2018-10-19T20:33:02"/>
	<testcase classname="create_formatted_resistance_string_tests.CreateFormattedResistanceStringTests" name="testCreateFormattedResistanceStringFourBandYellowRedRedRed" time="0.000" timestamp="2018-10-19T20:33:02"/>
	<testcase classname="create_formatted_resistance_string_tests.CreateFormattedResistanceStringTests" name="testCreateFormattedResistanceStringFourBandYellowRedRedSilver" time="0.000" timestamp="2018-10-19T20:33:02"/>
	<testcase classname="create_formatted_resistance_string_tests.CreateFormattedResistanceStringTests" name="testCreateFormattedResistanceStringFourBandYellowRedRedViolet" time="0.000" timestamp="2018-10-19T20:33:02"/>
	<testcase classname="create_formatted_resistance_string_tests.CreateFormattedResistanceStringTests" name="testCreateFormattedResistanceStringFourBandYellowRedSilverBlue" time="0.000" timestamp="2018-10-19T20:33:02"/>
	<testcase classname="create_formatted_resistance_string_tests.CreateFormattedResistanceStringTests" name="testCreateFormattedResistanceStringFourBandYellowRedSilverBrown" time="0.000" timestamp="2018-10-19T20:33:02"/>
	<testcase classname="create_formatted_resistance_string_tests.CreateFormattedResistanceStringTests" name="testCreateFormattedResistanceStringFourBandYellowRedSilverGold" time="0.000" timestamp="2018-10-19T20:33:02"/>
	<testcase classname="create_formatted_resistance_string_tests.CreateFormattedResistanceStringTests" name="testCreateFormattedResistanceStringFourBandYellowRedSilverGreen" time="0.000" timestamp="2018-10-19T20:33:02"/>
	<testcase classname="create_formatted_resistance_string_tests.CreateFormattedResistanceStringTests" name="testCreateFormattedResistanceStringFourBandYellowRedSilverGrey" time="0.000" timestamp="2018-10-19T20:33:02"/>
	<testcase classname="create_formatted_resistance_string_tests.CreateFormattedResistanceStringTests" name="testCreateFormattedResistanceStringFourBandYellowRedSilverNone" time="0.000" timestamp="2018-10-19T20:33:02"/>
	<testcase classname="create_formatted_resistance_string_tests.CreateFormattedResistanceStringTests" name="testCreateFormattedResistanceStringFourBandYellowRedSilverRed" time="0.000" timestamp="2018-10-19T20:33:02"/>
	<testcase classname="create_formatted_resistance_string_tests.CreateFormattedResistanceStringTests" name="testCreateFormattedResistanceStringFourBandYellowRedSilverSilver" time="0.000" timestamp="2018-10-19T20:33:02"/>
	<testcase classname="create_formatted_resistance_string_tests.CreateFormattedResistanceStringTests" name="testCreateFormattedResistanceStringFourBandYellowRedSilverViolet" time="0.000" timestamp="2018-10-19T20:33:02"/>
	<testcase classname="create_formatted_resistance_string_tests.CreateFormattedResistanceStringTests" name="testCreateFormattedResistanceStringFourBandYellowRedVioletBlue" time="0.000" timestamp="2018-10-19T20:33:02"/>
	<testcase classname="create_formatted_resistance_string_tests.CreateFormattedResistanceStringTests" name="testCreateFormattedResistanceStringFourBandYellowRedVioletBrown" time="0.000" timestamp="2018-10-19T20:33:02"/>
	<testcase classname="create_formatted_resistance_string_tests.CreateFormattedResistanceStringTests" name="testCreateFormattedResistanceStringFourBandYellowRedVioletGold" time="0.000" timestamp="2018-10-19T20:33:02"/>
	<testcase classname="create_formatted_resistance_string_tests.CreateFormattedResistanceStringTests" name="testCreateFormattedResistanceStringFourBandYellowRedVioletGreen" time="0.000" timestamp="2018-10-19T20:33:02"/>
	<testcase classname="create_formatted_resistance_string_tests.CreateFormattedResistanceStringTests" name="testCreateFormattedResistanceStringFourBandYellowRedVioletGrey" time="0.000" timestamp="2018-10-19T20:33:02"/>
	<testcase classname="create_formatted_resistance_string_tests.CreateFormattedResistanceStringTests" name="testCreateFormattedResistanceStringFourBandYellowRedVioletNone" time="0.000" timestamp="2018-10-19T20:33:02"/>
	<testcase classname="create_formatted_resistance_string_tests.CreateFormattedResistanceStringTests" name="testCreateFormattedResistanceStringFourBandYellowRedVioletRed" time="0.000" timestamp="2018-10-19T20:33:02"/>
	<testcase classname="create_formatted_resistance_string_tests.CreateFormattedResistanceStringTests" name="testCreateFormattedResistanceStringFourBandYellowRedVioletSilver" time="0.000" timestamp="2018-10-19T20:33:02"/>
	<testcase classname="create_formatted_resistance_string_tests.CreateFormattedResistanceStringTests" name="testCreateFormattedResistanceStringFourBandYellowRedVioletViolet" time="0.000" timestamp="2018-10-19T20:33:02"/>
	<testcase classname="create_formatted_resistance_string_tests.CreateFormattedResistanceStringTests" name="testCreateFormattedResistanceStringFourBandYellowRedWhiteBlue" time="0.000" timestamp="2018-10-19T20:33:02"/>
	<testcase classname="create_formatted_resistance_string_tests.CreateFormattedResistanceStringTests" name="testCreateFormattedResistanceStringFourBandYellowRedWhiteBrown" time="0.000" timestamp="2018-10-19T20:33:02"/>
	<testcase classname="create_formatted_resistance_string_tests.CreateFormattedResistanceStringTests" name="testCreateFormattedResistanceStringFourBandYellowRedWhiteGold" time="0.000" timestamp="2018-10-19T20:33:02"/>
	<testcase classname="create_formatted_resistance_string_tests.CreateFormattedResistanceStringTests" name="testCreateFormattedResistanceStringFourBandYellowRedWhiteGreen" time="0.000" timestamp="2018-10-19T20:33:02"/>
	<testcase classname="create_formatted_resistance_string_tests.CreateFormattedResistanceStringTests" name="testCreateFormattedResistanceStringFourBandYellowRedWhiteGrey" time="0.000" timestamp="2018-10-19T20:33:02"/>
	<testcase classname="create_formatted_resistance_string_tests.CreateFormattedResistanceStringTests" name="testCreateFormattedResistanceStringFourBandYellowRedWhiteNone" time="0.000" timestamp="2018-10-19T20:33:02"/>
	<testcase classname="create_formatted_resistance_string_tests.CreateFormattedResistanceStringTests" name="testCreateFormattedResistanceStringFourBandYellowRedWhiteRed" time="0.000" timestamp="2018-10-19T20:33:02"/>
	<testcase classname="create_formatted_resistance_string_tests.CreateFormattedResistanceStringTests" name="testCreateFormattedResistanceStringFourBandYellowRedWhiteSilver" time="0.000" timestamp="2018-10-19T20:33:02"/>
	<testcase classname="create_formatted_resistance_string_tests.CreateFormattedResistanceStringTests" name="testCreateFormattedResistanceStringFourBandYellowRedWhiteViolet" time="0.000" timestamp="2018-10-19T20:33:02"/>
	<testcase classname="create_formatted_resistance_string_tests.CreateFormattedResistanceStringTests" name="testCreateFormattedResistanceStringFourBandYellowRedYellowBlue" time="0.000" timestamp="2018-10-19T20:33:02"/>
	<testcase classname="create_formatted_resistance_string_tests.CreateFormattedResistanceStringTests" name="testCreateFormattedResistanceStringFourBandYellowRedYellowBrown" time="0.000" timestamp="2018-10-19T20:33:02"/>
	<testcase classname="create_formatted_resistance_string_tests.CreateFormattedResistanceStringTests" name="testCreateFormattedResistanceStringFourBandYellowRedYellowGold" time="0.000" timestamp="2018-10-19T20:33:02"/>
	<testcase classname="create_formatted_resistance_string_tests.CreateFormattedResistanceStringTests" name="testCreateFormattedResistanceStringFourBandYellowRedYellowGreen" time="0.000" timestamp="2018-10-19T20:33:02"/>
	<testcase classname="create_formatted_resistance_string_tests.CreateFormattedResistanceStringTests" name="testCreateFormattedResistanceStringFourBandYellowRedYellowGrey" time="0.000" timestamp="2018-10-19T20:33:02"/>
	<testcase classname="create_formatted_resistance_string_tests.CreateFormattedResistanceStringTests" name="testCreateFormattedResistanceStringFourBandYellowRedYellowNone" time="0.000" timestamp="2018-10-19T20:33:02"/>
	<testcase classname="create_formatted_resistance_string_tests.CreateFormattedResistanceStringTests" name="testCreateFormattedResistanceStringFourBandYellowRedYellowRed" time="0.000" timestamp="2018-10-19T20:33:02"/>
	<testcase classname="create_formatted_resistance_string_tests.CreateFormattedResistanceStringTests" name="testCreateFormattedResistanceStringFourBandYellowRedYellowSilver" time="0.000" timestamp="2018-10-19T20:33:02"/>
	<testcase classname="create_formatted_resistance_string_tests.CreateFormattedResistanceStringTests" name="testCreateFormattedResistanceStringFourBandYellowRedYellowViolet" time="0.000" timestamp="2018-10-19T20:33:02"/>
	<testcase classname="create_formatted_resistance_string_tests.CreateFormattedResistanceStringTests" name="testCreateFormattedResistanceStringFourBandYellowVioletBlackBlue" time="0.000" timestamp="2018-10-19T20:33:02"/>
	<testcase classname="create_formatted_resistance_string_tests.CreateFormattedResistanceStringTests" name="testCreateFormattedResistanceStringFourBandYellowVioletBlackBrown" time="0.000" timestamp="2018-10-19T20:33:02"/>
	<testcase classname="create_formatted_resistance_string_tests.CreateFormattedResistanceStringTests" name="testCreateFormattedResistanceStringFourBandYellowVioletBlackGold" time="0.000" timestamp="2018-10-19T20:33:02"/>
	<testcase classname="create_formatted_resistance_string_tests.CreateFormattedResistanceStringTests" name="testCreateFormattedResistanceStringFourBandYellowVioletBlackGreen" time="0.000" timestamp="2018-10-19T20:33:02"/>
	<testcase classname="create_formatted_resistance_string_tests.CreateFormattedResistanceStringTests" name="testCreateFormattedResistanceStringFourBandYellowVioletBlackGrey" time="0.000" timestamp="2018-10-19T20:33:02"/>
	<testcase classname="create_formatted_resistance_string_tests.CreateFormattedResistanceStringTests" name="testCreateFormattedResistanceStringFourBandYellowVioletBlackNone" time="0.000" timestamp="2018-10-19T20:33:02"/>
	<testcase classname="create_formatted_resistance_string_tests.CreateFormattedResistanceStringTests" name="testCreateFormattedResistanceStringFourBandYellowVioletBlackRed" time="0.000" timestamp="2018-10-19T20:33:02"/>
	<testcase classname="create_formatted_resistance_string_tests.CreateFormattedResistanceStringTests" name="testCreateFormattedResistanceStringFourBandYellowVioletBlackSilver" time="0.000" timestamp="2018-10-19T20:33:02"/>
	<testcase classname="create_formatted_resistance_string_tests.CreateFormattedResistanceStringTests" name="testCreateFormattedResistanceStringFourBandYellowVioletBlackViolet" time="0.000" timestamp="2018-10-19T20:33:02"/>
	<testcase classname="create_formatted_resistance_string_tests.CreateFormattedResistanceStringTests" name="testCreateFormattedResistanceStringFourBandYellowVioletBlueBlue" time="0.000" timestamp="2018-10-19T20:33:02"/>
	<testcase classname="create_formatted_resistance_string_tests.CreateFormattedResistanceStringTests" name="testCreateFormattedResistanceStringFourBandYellowVioletBlueBrown" time="0.000" timestamp="2018-10-19T20:33:02"/>
	<testcase classname="create_formatted_resistance_string_tests.CreateFormattedResistanceStringTests" name="testCreateFormattedResistanceStringFourBandYellowVioletBlueGold" time="0.000" timestamp="2018-10-19T20:33:02"/>
	<testcase classname="create_formatted_resistance_string_tests.CreateFormattedResistanceStringTests" name="testCreateFormattedResistanceStringFourBandYellowVioletBlueGreen" time="0.000" timestamp="2018-10-19T20:33:02"/>
	<testcase classname="create_formatted_resistance_string_tests.CreateFormattedResistanceStringTests" name="testCreateFormattedResistanceStringFourBandYellowVioletBlueGrey" time="0.000" timestamp="2018-10-19T20:33:02"/>
	<testcase classname="create_formatted_resistance_string_tests.CreateFormattedResistanceStringTests" name="testCreateFormattedResistanceStringFourBandYellowVioletBlueNone" time="0.000" timestamp="2018-10-19T20:33:02"/>
	<testcase classname="create_formatted_resistance_string_tests.CreateFormattedResistanceStringTests" name="testCreateFormattedResistanceStringFourBandYellowVioletBlueRed" time="0.000" timestamp="2018-10-19T20:33:02"/>
	<testcase classname="create_formatted_resistance_string_tests.CreateFormattedResistanceStringTests" name="testCreateFormattedResistanceStringFourBandYellowVioletBlueSilver" time="0.000" timestamp="2018-10-19T20:33:02"/>
	<testcase classname="create_formatted_resistance_string_tests.CreateFormattedResistanceStringTests" name="testCreateFormattedResistanceStringFourBandYellowVioletBlueViolet" time="0.000" timestamp="2018-10-19T20:33:02"/>
	<testcase classname="create_formatted_resistance_string_tests.CreateFormattedResistanceStringTests" name="testCreateFormattedResistanceStringFourBandYellowVioletBrownBlue" time="0.000" timestamp="2018-10-19T20:33:02"/>
	<testcase classname="create_formatted_resistance_string_tests.CreateFormattedResistanceStringTests" name="testCreateFormattedResistanceStringFourBandYellowVioletBrownBrown" time="0.000" timestamp="2018-10-19T20:33:02"/>
	<testcase classname="create_formatted_resistance_string_tests.CreateFormattedResistanceStringTests" name="testCreateFormattedResistanceStringFourBandYellowVioletBrownGold" time="0.000" timestamp="2018-10-19T20:33:02"/>
	<testcase classname="create_formatted_resistance_string_tests.CreateFormattedResistanceStringTests" name="testCreateFormattedResistanceStringFourBandYellowVioletBrownGreen" time="0.000" timestamp="2018-10-19T20:33:02"/>
	<testcase classname="create_formatted_resistance_string_tests.CreateFormattedResistanceStringTests" name="testCreateFormattedResistanceStringFourBandYellowVioletBrownGrey" time="0.000" timestamp="2018-10-19T20:33:02"/>
	<testcase classname="create_formatted_resistance_string_tests.CreateFormattedResistanceStringTests" name="testCreateFormattedResistanceStringFourBandYellowVioletBrownNone" time="0.000" timestamp="2018-10-19T20:33:02"/>
	<testcase classname="create_formatted_resistance_string_tests.CreateFormattedResistanceStringTests" name="testCreateFormattedResistanceStringFourBandYellowVioletBrownRed" time="0.000" timestamp="2018-10-19T20:33:02"/>
	<testcase classname="create_formatted_resistance_string_tests.CreateFormattedResistanceStringTests" name="testCreateFormattedResistanceStringFourBandYellowVioletBrownSilver" time="0.000" timestamp="2018-10-19T20:33:02"/>
	<testcase classname="create_formatted_resistance_string_tests.CreateFormattedResistanceStringTests" name="testCreateFormattedResistanceStringFourBandYellowVioletBrownViolet" time="0.000" timestamp="2018-10-19T20:33:02"/>
	<testcase classname="create_formatted_resistance_string_tests.CreateFormattedResistanceStringTests" name="testCreateFormattedResistanceStringFourBandYellowVioletGoldBlue" time="0.000" timestamp="2018-10-19T20:33:02"/>
	<testcase classname="create_formatted_resistance_string_tests.CreateFormattedResistanceStringTests" name="testCreateFormattedResistanceStringFourBandYellowVioletGoldBrown" time="0.000" timestamp="2018-10-19T20:33:02"/>
	<testcase classname="create_formatted_resistance_string_tests.CreateFormattedResistanceStringTests" name="testCreateFormattedResistanceStringFourBandYellowVioletGoldGold" time="0.000" timestamp="2018-10-19T20:33:02"/>
	<testcase classname="create_formatted_resistance_string_tests.CreateFormattedResistanceStringTests" name="testCreateFormattedResistanceStringFourBandYellowVioletGoldGreen" time="0.000" timestamp="2018-10-19T20:33:02"/>
	<testcase classname="create_formatted_resistance_string_tests.CreateFormattedResistanceStringTests" name="testCreateFormattedResistanceStringFourBandYellowVioletGoldGrey" time="0.000" timestamp="2018-10-19T20:33:02"/>
	<testcase classname="create_formatted_resistance_string_tests.CreateFormattedResistanceStringTests" name="testCreateFormattedResistanceStringFourBandYellowVioletGoldNone" time="0.000" timestamp="2018-10-19T20:33:02"/>
	<testcase classname="create_formatted_resistance_string_tests.CreateFormattedResistanceStringTests" name="testCreateFormattedResistanceStringFourBandYellowVioletGoldRed" time="0.000" timestamp="2018-10-19T20:33:02"/>
	<testcase classname="create_formatted_resistance_string_tests.CreateFormattedResistanceStringTests" name="testCreateFormattedResistanceStringFourBandYellowVioletGoldSilver" time="0.000" timestamp="2018-10-19T20:33:02"/>
	<testcase classname="create_formatted_resistance_string_tests.CreateFormattedResistanceStringTests" name="testCreateFormattedResistanceStringFourBandYellowVioletGoldViolet" time="0.000" timestamp="2018-10-19T20:33:02"/>
	<testcase classname="create_formatted_resistance_string_tests.CreateFormattedResistanceStringTests" name="testCreateFormattedResistanceStringFourBandYellowVioletGreenBlue" time="0.000" timestamp="2018-10-19T20:33:02"/>
	<testcase classname="create_formatted_resistance_string_tests.CreateFormattedResistanceStringTests" name="testCreateFormattedResistanceStringFourBandYellowVioletGreenBrown" time="0.000" timestamp="2018-10-19T20:33:02"/>
	<testcase classname="create_formatted_resistance_string_tests.CreateFormattedResistanceStringTests" name="testCreateFormattedResistanceStringFourBandYellowVioletGreenGold" time="0.000" timestamp="2018-10-19T20:33:02"/>
	<testcase classname="create_formatted_resistance_string_tests.CreateFormattedResistanceStringTests" name="testCreateFormattedResistanceStringFourBandYellowVioletGreenGreen" time="0.000" timestamp="2018-10-19T20:33:02"/>
	<testcase classname="create_formatted_resistance_string_tests.CreateFormattedResistanceStringTests" name="testCreateFormattedResistanceStringFourBandYellowVioletGreenGrey" time="0.000" timestamp="2018-10-19T20:33:02"/>
	<testcase classname="create_formatted_resistance_string_tests.CreateFormattedResistanceStringTests" name="testCreateFormattedResistanceStringFourBandYellowVioletGreenNone" time="0.000" timestamp="2018-10-19T20:33:02"/>
	<testcase classname="create_formatted_resistance_string_tests.CreateFormattedResistanceStringTests" name="testCreateFormattedResistanceStringFourBandYellowVioletGreenRed" time="0.000" timestamp="2018-10-19T20:33:02"/>
	<testcase classname="create_formatted_resistance_string_tests.CreateFormattedResistanceStringTests" name="testCreateFormattedResistanceStringFourBandYellowVioletGreenSilver" time="0.000" timestamp="2018-10-19T20:33:02"/>
	<testcase classname="create_formatted_resistance_string_tests.CreateFormattedResistanceStringTests" name="testCreateFormattedResistanceStringFourBandYellowVioletGreenViolet" time="0.000" timestamp="2018-10-19T20:33:02"/>
	<testcase classname="create_formatted_resistance_string_tests.CreateFormattedResistanceStringTests" name="testCreateFormattedResistanceStringFourBandYellowVioletGreyBlue" time="0.000" timestamp="2018-10-19T20:33:02"/>
	<testcase classname="create_formatted_resistance_string_tests.CreateFormattedResistanceStringTests" name="testCreateFormattedResistanceStringFourBandYellowVioletGreyBrown" time="0.000" timestamp="2018-10-19T20:33:02"/>
	<testcase classname="create_formatted_resistance_string_tests.CreateFormattedResistanceStringTests" name="testCreateFormattedResistanceStringFourBandYellowVioletGreyGold" time="0.000" timestamp="2018-10-19T20:33:02"/>
	<testcase classname="create_formatted_resistance_string_tests.CreateFormattedResistanceStringTests" name="testCreateFormattedResistanceStringFourBandYellowVioletGreyGreen" time="0.000" timestamp="2018-10-19T20:33:02"/>
	<testcase classname="create_formatted_resistance_string_tests.CreateFormattedResistanceStringTests" name="testCreateFormattedResistanceStringFourBandYellowVioletGreyGrey" time="0.000" timestamp="2018-10-19T20:33:02"/>
	<testcase classname="create_formatted_resistance_string_tests.CreateFormattedResistanceStringTests" name="testCreateFormattedResistanceStringFourBandYellowVioletGreyNone" time="0.000" timestamp="2018-10-19T20:33:02"/>
	<testcase classname="create_formatted_resistance_string_tests.CreateFormattedResistanceStringTests" name="testCreateFormattedResistanceStringFourBandYellowVioletGreyRed" time="0.000" timestamp="2018-10-19T20:33:02"/>
	<testcase classname="create_formatted_resistance_string_tests.CreateFormattedResistanceStringTests" name="testCreateFormattedResistanceStringFourBandYellowVioletGreySilver" time="0.000" timestamp="2018-10-19T20:33:02"/>
	<testcase classname="create_formatted_resistance_string_tests.CreateFormattedResistanceStringTests" name="testCreateFormattedResistanceStringFourBandYellowVioletGreyViolet" time="0.000" timestamp="2018-10-19T20:33:02"/>
	<testcase classname="create_formatted_resistance_string_tests.CreateFormattedResistanceStringTests" name="testCreateFormattedResistanceStringFourBandYellowVioletOrangeBlue" time="0.000" timestamp="2018-10-19T20:33:02"/>
	<testcase classname="create_formatted_resistance_string_tests.CreateFormattedResistanceStringTests" name="testCreateFormattedResistanceStringFourBandYellowVioletOrangeBrown" time="0.000" timestamp="2018-10-19T20:33:02"/>
	<testcase classname="create_formatted_resistance_string_tests.CreateFormattedResistanceStringTests" name="testCreateFormattedResistanceStringFourBandYellowVioletOrangeGold" time="0.000" timestamp="2018-10-19T20:33:02"/>
	<testcase classname="create_formatted_resistance_string_tests.CreateFormattedResistanceStringTests" name="testCreateFormattedResistanceStringFourBandYellowVioletOrangeGreen" time="0.000" timestamp="2018-10-19T20:33:02"/>
	<testcase classname="create_formatted_resistance_string_tests.CreateFormattedResistanceStringTests" name="testCreateFormattedResistanceStringFourBandYellowVioletOrangeGrey" time="0.000" timestamp="2018-10-19T20:33:02"/>
	<testcase classname="create_formatted_resistance_string_tests.CreateFormattedResistanceStringTests" name="testCreateFormattedResistanceStringFourBandYellowVioletOrangeNone" time="0.000" timestamp="2018-10-19T20:33:02"/>
	<testcase classname="create_formatted_resistance_string_tests.CreateFormattedResistanceStringTests" name="testCreateFormattedResistanceStringFourBandYellowVioletOrangeRed" time="0.000" timestamp="2018-10-19T20:33:02"/>
	<testcase classname="create_formatted_resistance_string_tests.CreateFormattedResistanceStringTests" name="testCreateFormattedResistanceStringFourBandYellowVioletOrangeSilver" time="0.000" timestamp="2018-10-19T20:33:02"/>
	<testcase classname="create_formatted_resistance_string_tests.CreateFormattedResistanceStringTests" name="testCreateFormattedResistanceStringFourBandYellowVioletOrangeViolet" time="0.000" timestamp="2018-10-19T20:33:02"/>
	<testcase classname="create_formatted_resistance_string_tests.CreateFormattedResistanceStringTests" name="testCreateFormattedResistanceStringFourBandYellowVioletRedBlue" time="0.000" timestamp="2018-10-19T20:33:02"/>
	<testcase classname="create_formatted_resistance_string_tests.CreateFormattedResistanceStringTests" name="testCreateFormattedResistanceStringFourBandYellowVioletRedBrown" time="0.000" timestamp="2018-10-19T20:33:02"/>
	<testcase classname="create_formatted_resistance_string_tests.CreateFormattedResistanceStringTests" name="testCreateFormattedResistanceStringFourBandYellowVioletRedGold" time="0.000" timestamp="2018-10-19T20:33:02"/>
	<testcase classname="create_formatted_resistance_string_tests.CreateFormattedResistanceStringTests" name="testCreateFormattedResistanceStringFourBandYellowVioletRedGreen" time="0.000" timestamp="2018-10-19T20:33:02"/>
	<testcase classname="create_formatted_resistance_string_tests.CreateFormattedResistanceStringTests" name="testCreateFormattedResistanceStringFourBandYellowVioletRedGrey" time="0.000" timestamp="2018-10-19T20:33:02"/>
	<testcase classname="create_formatted_resistance_string_tests.CreateFormattedResistanceStringTests" name="testCreateFormattedResistanceStringFourBandYellowVioletRedNone" time="0.000" timestamp="2018-10-19T20:33:02"/>
	<testcase classname="create_formatted_resistance_string_tests.CreateFormattedResistanceStringTests" name="testCreateFormattedResistanceStringFourBandYellowVioletRedRed" time="0.000" timestamp="2018-10-19T20:33:02"/>
	<testcase classname="create_formatted_resistance_string_tests.CreateFormattedResistanceStringTests" name="testCreateFormattedResistanceStringFourBandYellowVioletRedSilver" time="0.000" timestamp="2018-10-19T20:33:02"/>
	<testcase classname="create_formatted_resistance_string_tests.CreateFormattedResistanceStringTests" name="testCreateFormattedResistanceStringFourBandYellowVioletRedViolet" time="0.000" timestamp="2018-10-19T20:33:02"/>
	<testcase classname="create_formatted_resistance_string_tests.CreateFormattedResistanceStringTests" name="testCreateFormattedResistanceStringFourBandYellowVioletSilverBlue" time="0.000" timestamp="2018-10-19T20:33:02"/>
	<testcase classname="create_formatted_resistance_string_tests.CreateFormattedResistanceStringTests" name="testCreateFormattedResistanceStringFourBandYellowVioletSilverBrown" time="0.000" timestamp="2018-10-19T20:33:02"/>
	<testcase classname="create_formatted_resistance_string_tests.CreateFormattedResistanceStringTests" name="testCreateFormattedResistanceStringFourBandYellowVioletSilverGold" time="0.000" timestamp="2018-10-19T20:33:02"/>
	<testcase classname="create_formatted_resistance_string_tests.CreateFormattedResistanceStringTests" name="testCreateFormattedResistanceStringFourBandYellowVioletSilverGreen" time="0.000" timestamp="2018-10-19T20:33:02"/>
	<testcase classname="create_formatted_resistance_string_tests.CreateFormattedResistanceStringTests" name="testCreateFormattedResistanceStringFourBandYellowVioletSilverGrey" time="0.000" timestamp="2018-10-19T20:33:02"/>
	<testcase classname="create_formatted_resistance_string_tests.CreateFormattedResistanceStringTests" name="testCreateFormattedResistanceStringFourBandYellowVioletSilverNone" time="0.000" timestamp="2018-10-19T20:33:02"/>
	<testcase classname="create_formatted_resistance_string_tests.CreateFormattedResistanceStringTests" name="testCreateFormattedResistanceStringFourBandYellowVioletSilverRed" time="0.000" timestamp="2018-10-19T20:33:02"/>
	<testcase classname="create_formatted_resistance_string_tests.CreateFormattedResistanceStringTests" name="testCreateFormattedResistanceStringFourBandYellowVioletSilverSilver" time="0.000" timestamp="2018-10-19T20:33:02"/>
	<testcase classname="create_formatted_resistance_string_tests.CreateFormattedResistanceStringTests" name="testCreateFormattedResistanceStringFourBandYellowVioletSilverViolet" time="0.000" timestamp="2018-10-19T20:33:02"/>
	<testcase classname="create_formatted_resistance_string_tests.CreateFormattedResistanceStringTests" name="testCreateFormattedResistanceStringFourBandYellowVioletVioletBlue" time="0.000" timestamp="2018-10-19T20:33:02"/>
	<testcase classname="create_formatted_resistance_string_tests.CreateFormattedResistanceStringTests" name="testCreateFormattedResistanceStringFourBandYellowVioletVioletBrown" time="0.000" timestamp="2018-10-19T20:33:02"/>
	<testcase classname="create_formatted_resistance_string_tests.CreateFormattedResistanceStringTests" name="testCreateFormattedResistanceStringFourBandYellowVioletVioletGold" time="0.000" timestamp="2018-10-19T20:33:02"/>
	<testcase classname="create_formatted_resistance_string_tests.CreateFormattedResistanceStringTests" name="testCreateFormattedResistanceStringFourBandYellowVioletVioletGreen" time="0.000" timestamp="2018-10-19T20:33:02"/>
	<testcase classname="create_formatted_resistance_string_tests.CreateFormattedResistanceStringTests" name="testCreateFormattedResistanceStringFourBandYellowVioletVioletGrey" time="0.000" timestamp="2018-10-19T20:33:02"/>
	<testcase classname="create_formatted_resistance_string_tests.CreateFormattedResistanceStringTests" name="testCreateFormattedResistanceStringFourBandYellowVioletVioletNone" time="0.000" timestamp="2018-10-19T20:33:02"/>
	<testcase classname="create_formatted_resistance_string_tests.CreateFormattedResistanceStringTests" name="testCreateFormattedResistanceStringFourBandYellowVioletVioletRed" time="0.000" timestamp="2018-10-19T20:33:02"/>
	<testcase classname="create_formatted_resistance_string_tests.CreateFormattedResistanceStringTests" name="testCreateFormattedResistanceStringFourBandYellowVioletVioletSilver" time="0.000" timestamp="2018-10-19T20:33:02"/>
	<testcase classname="create_formatted_resistance_string_tests.CreateFormattedResistanceStringTests" name="testCreateFormattedResistanceStringFourBandYellowVioletVioletViolet" time="0.000" timestamp="2018-10-19T20:33:02"/>
	<testcase classname="create_formatted_resistance_string_tests.CreateFormattedResistanceStringTests" name="testCreateFormattedResistanceStringFourBandYellowVioletWhiteBlue" time="0.000" timestamp="2018-10-19T20:33:02"/>
	<testcase classname="create_formatted_resistance_string_tests.CreateFormattedResistanceStringTests" name="testCreateFormattedResistanceStringFourBandYellowVioletWhiteBrown" time="0.000" timestamp="2018-10-19T20:33:02"/>
	<testcase classname="create_formatted_resistance_string_tests.CreateFormattedResistanceStringTests" name="testCreateFormattedResistanceStringFourBandYellowVioletWhiteGold" time="0.000" timestamp="2018-10-19T20:33:02"/>
	<testcase classname="create_formatted_resistance_string_tests.CreateFormattedResistanceStringTests" name="testCreateFormattedResistanceStringFourBandYellowVioletWhiteGreen" time="0.000" timestamp="2018-10-19T20:33:02"/>
	<testcase classname="create_formatted_resistance_string_tests.CreateFormattedResistanceStringTests" name="testCreateFormattedResistanceStringFourBandYellowVioletWhiteGrey" time="0.000" timestamp="2018-10-19T20:33:02"/>
	<testcase classname="create_formatted_resistance_string_tests.CreateFormattedResistanceStringTests" name="testCreateFormattedResistanceStringFourBandYellowVioletWhiteNone" time="0.000" timestamp="2018-10-19T20:33:02"/>
	<testcase classname="create_formatted_resistance_string_tests.CreateFormattedResistanceStringTests" name="testCreateFormattedResistanceStringFourBandYellowVioletWhiteRed" time="0.000" timestamp="2018-10-19T20:33:02"/>
	<testcase classname="create_formatted_resistance_string_tests.CreateFormattedResistanceStringTests" name="testCreateFormattedResistanceStringFourBandYellowVioletWhiteSilver" time="0.000" timestamp="2018-10-19T20:33:02"/>
	<testcase classname="create_formatted_resistance_string_tests.CreateFormattedResistanceStringTests" name="testCreateFormattedResistanceStringFourBandYellowVioletWhiteViolet" time="0.000" timestamp="2018-10-19T20:33:02"/>
	<testcase classname="create_formatted_resistance_string_tests.CreateFormattedResistanceStringTests" name="testCreateFormattedResistanceStringFourBandYellowVioletYellowBlue" time="0.000" timestamp="2018-10-19T20:33:02"/>
	<testcase classname="create_formatted_resistance_string_tests.CreateFormattedResistanceStringTests" name="testCreateFormattedResistanceStringFourBandYellowVioletYellowBrown" time="0.000" timestamp="2018-10-19T20:33:02"/>
	<testcase classname="create_formatted_resistance_string_tests.CreateFormattedResistanceStringTests" name="testCreateFormattedResistanceStringFourBandYellowVioletYellowGold" time="0.000" timestamp="2018-10-19T20:33:02"/>
	<testcase classname="create_formatted_resistance_string_tests.CreateFormattedResistanceStringTests" name="testCreateFormattedResistanceStringFourBandYellowVioletYellowGreen" time="0.000" timestamp="2018-10-19T20:33:02"/>
	<testcase classname="create_formatted_resistance_string_tests.CreateFormattedResistanceStringTests" name="testCreateFormattedResistanceStringFourBandYellowVioletYellowGrey" time="0.000" timestamp="2018-10-19T20:33:02"/>
	<testcase classname="create_formatted_resistance_string_tests.CreateFormattedResistanceStringTests" name="testCreateFormattedResistanceStringFourBandYellowVioletYellowNone" time="0.000" timestamp="2018-10-19T20:33:02"/>
	<testcase classname="create_formatted_resistance_string_tests.CreateFormattedResistanceStringTests" name="testCreateFormattedResistanceStringFourBandYellowVioletYellowRed" time="0.000" timestamp="2018-10-19T20:33:02"/>
	<testcase classname="create_formatted_resistance_string_tests.CreateFormattedResistanceStringTests" name="testCreateFormattedResistanceStringFourBandYellowVioletYellowSilver" time="0.000" timestamp="2018-10-19T20:33:02"/>
	<testcase classname="create_formatted_resistance_string_tests.CreateFormattedResistanceStringTests" name="testCreateFormattedResistanceStringFourBandYellowVioletYellowViolet" time="0.000" timestamp="2018-10-19T20:33:02"/>
	<testcase classname="create_formatted_resistance_string_tests.CreateFormattedResistanceStringTests" name="testCreateFormattedResistanceStringFourBandYellowWhiteBlackBlue" time="0.000" timestamp="2018-10-19T20:33:02"/>
	<testcase classname="create_formatted_resistance_string_tests.CreateFormattedResistanceStringTests" name="testCreateFormattedResistanceStringFourBandYellowWhiteBlackBrown" time="0.000" timestamp="2018-10-19T20:33:02"/>
	<testcase classname="create_formatted_resistance_string_tests.CreateFormattedResistanceStringTests" name="testCreateFormattedResistanceStringFourBandYellowWhiteBlackGold" time="0.000" timestamp="2018-10-19T20:33:02"/>
	<testcase classname="create_formatted_resistance_string_tests.CreateFormattedResistanceStringTests" name="testCreateFormattedResistanceStringFourBandYellowWhiteBlackGreen" time="0.000" timestamp="2018-10-19T20:33:02"/>
	<testcase classname="create_formatted_resistance_string_tests.CreateFormattedResistanceStringTests" name="testCreateFormattedResistanceStringFourBandYellowWhiteBlackGrey" time="0.000" timestamp="2018-10-19T20:33:02"/>
	<testcase classname="create_formatted_resistance_string_tests.CreateFormattedResistanceStringTests" name="testCreateFormattedResistanceStringFourBandYellowWhiteBlackNone" time="0.000" timestamp="2018-10-19T20:33:02"/>
	<testcase classname="create_formatted_resistance_string_tests.CreateFormattedResistanceStringTests" name="testCreateFormattedResistanceStringFourBandYellowWhiteBlackRed" time="0.000" timestamp="2018-10-19T20:33:02"/>
	<testcase classname="create_formatted_resistance_string_tests.CreateFormattedResistanceStringTests" name="testCreateFormattedResistanceStringFourBandYellowWhiteBlackSilver" time="0.000" timestamp="2018-10-19T20:33:02"/>
	<testcase classname="create_formatted_resistance_string_tests.CreateFormattedResistanceStringTests" name="testCreateFormattedResistanceStringFourBandYellowWhiteBlackViolet" time="0.000" timestamp="2018-10-19T20:33:02"/>
	<testcase classname="create_formatted_resistance_string_tests.CreateFormattedResistanceStringTests" name="testCreateFormattedResistanceStringFourBandYellowWhiteBlueBlue" time="0.000" timestamp="2018-10-19T20:33:02"/>
	<testcase classname="create_formatted_resistance_string_tests.CreateFormattedResistanceStringTests" name="testCreateFormattedResistanceStringFourBandYellowWhiteBlueBrown" time="0.000" timestamp="2018-10-19T20:33:02"/>
	<testcase classname="create_formatted_resistance_string_tests.CreateFormattedResistanceStringTests" name="testCreateFormattedResistanceStringFourBandYellowWhiteBlueGold" time="0.000" timestamp="2018-10-19T20:33:02"/>
	<testcase classname="create_formatted_resistance_string_tests.CreateFormattedResistanceStringTests" name="testCreateFormattedResistanceStringFourBandYellowWhiteBlueGreen" time="0.000" timestamp="2018-10-19T20:33:02"/>
	<testcase classname="create_formatted_resistance_string_tests.CreateFormattedResistanceStringTests" name="testCreateFormattedResistanceStringFourBandYellowWhiteBlueGrey" time="0.000" timestamp="2018-10-19T20:33:02"/>
	<testcase classname="create_formatted_resistance_string_tests.CreateFormattedResistanceStringTests" name="testCreateFormattedResistanceStringFourBandYellowWhiteBlueNone" time="0.000" timestamp="2018-10-19T20:33:02"/>
	<testcase classname="create_formatted_resistance_string_tests.CreateFormattedResistanceStringTests" name="testCreateFormattedResistanceStringFourBandYellowWhiteBlueRed" time="0.000" timestamp="2018-10-19T20:33:02"/>
	<testcase classname="create_formatted_resistance_string_tests.CreateFormattedResistanceStringTests" name="testCreateFormattedResistanceStringFourBandYellowWhiteBlueSilver" time="0.000" timestamp="2018-10-19T20:33:02"/>
	<testcase classname="create_formatted_resistance_string_tests.CreateFormattedResistanceStringTests" name="testCreateFormattedResistanceStringFourBandYellowWhiteBlueViolet" time="0.000" timestamp="2018-10-19T20:33:02"/>
	<testcase classname="create_formatted_resistance_string_tests.CreateFormattedResistanceStringTests" name="testCreateFormattedResistanceStringFourBandYellowWhiteBrownBlue" time="0.000" timestamp="2018-10-19T20:33:02"/>
	<testcase classname="create_formatted_resistance_string_tests.CreateFormattedResistanceStringTests" name="testCreateFormattedResistanceStringFourBandYellowWhiteBrownBrown" time="0.000" timestamp="2018-10-19T20:33:02"/>
	<testcase classname="create_formatted_resistance_string_tests.CreateFormattedResistanceStringTests" name="testCreateFormattedResistanceStringFourBandYellowWhiteBrownGold" time="0.000" timestamp="2018-10-19T20:33:02"/>
	<testcase classname="create_formatted_resistance_string_tests.CreateFormattedResistanceStringTests" name="testCreateFormattedResistanceStringFourBandYellowWhiteBrownGreen" time="0.000" timestamp="2018-10-19T20:33:02"/>
	<testcase classname="create_formatted_resistance_string_tests.CreateFormattedResistanceStringTests" name="testCreateFormattedResistanceStringFourBandYellowWhiteBrownGrey" time="0.000" timestamp="2018-10-19T20:33:02"/>
	<testcase classname="create_formatted_resistance_string_tests.CreateFormattedResistanceStringTests" name="testCreateFormattedResistanceStringFourBandYellowWhiteBrownNone" time="0.000" timestamp="2018-10-19T20:33:02"/>
	<testcase classname="create_formatted_resistance_string_tests.CreateFormattedResistanceStringTests" name="testCreateFormattedResistanceStringFourBandYellowWhiteBrownRed" time="0.000" timestamp="2018-10-19T20:33:02"/>
	<testcase classname="create_formatted_resistance_string_tests.CreateFormattedResistanceStringTests" name="testCreateFormattedResistanceStringFourBandYellowWhiteBrownSilver" time="0.000" timestamp="2018-10-19T20:33:02"/>
	<testcase classname="create_formatted_resistance_string_tests.CreateFormattedResistanceStringTests" name="testCreateFormattedResistanceStringFourBandYellowWhiteBrownViolet" time="0.000" timestamp="2018-10-19T20:33:02"/>
	<testcase classname="create_formatted_resistance_string_tests.CreateFormattedResistanceStringTests" name="testCreateFormattedResistanceStringFourBandYellowWhiteGoldBlue" time="0.000" timestamp="2018-10-19T20:33:02"/>
	<testcase classname="create_formatted_resistance_string_tests.CreateFormattedResistanceStringTests" name="testCreateFormattedResistanceStringFourBandYellowWhiteGoldBrown" time="0.000" timestamp="2018-10-19T20:33:02"/>
	<testcase classname="create_formatted_resistance_string_tests.CreateFormattedResistanceStringTests" name="testCreateFormattedResistanceStringFourBandYellowWhiteGoldGold" time="0.000" timestamp="2018-10-19T20:33:02"/>
	<testcase classname="create_formatted_resistance_string_tests.CreateFormattedResistanceStringTests" name="testCreateFormattedResistanceStringFourBandYellowWhiteGoldGreen" time="0.000" timestamp="2018-10-19T20:33:02"/>
	<testcase classname="create_formatted_resistance_string_tests.CreateFormattedResistanceStringTests" name="testCreateFormattedResistanceStringFourBandYellowWhiteGoldGrey" time="0.000" timestamp="2018-10-19T20:33:02"/>
	<testcase classname="create_formatted_resistance_string_tests.CreateFormattedResistanceStringTests" name="testCreateFormattedResistanceStringFourBandYellowWhiteGoldNone" time="0.000" timestamp="2018-10-19T20:33:02"/>
	<testcase classname="create_formatted_resistance_string_tests.CreateFormattedResistanceStringTests" name="testCreateFormattedResistanceStringFourBandYellowWhiteGoldRed" time="0.000" timestamp="2018-10-19T20:33:02"/>
	<testcase classname="create_formatted_resistance_string_tests.CreateFormattedResistanceStringTests" name="testCreateFormattedResistanceStringFourBandYellowWhiteGoldSilver" time="0.000" timestamp="2018-10-19T20:33:02"/>
	<testcase classname="create_formatted_resistance_string_tests.CreateFormattedResistanceStringTests" name="testCreateFormattedResistanceStringFourBandYellowWhiteGoldViolet" time="0.000" timestamp="2018-10-19T20:33:02"/>
	<testcase classname="create_formatted_resistance_string_tests.CreateFormattedResistanceStringTests" name="testCreateFormattedResistanceStringFourBandYellowWhiteGreenBlue" time="0.000" timestamp="2018-10-19T20:33:02"/>
	<testcase classname="create_formatted_resistance_string_tests.CreateFormattedResistanceStringTests" name="testCreateFormattedResistanceStringFourBandYellowWhiteGreenBrown" time="0.000" timestamp="2018-10-19T20:33:02"/>
	<testcase classname="create_formatted_resistance_string_tests.CreateFormattedResistanceStringTests" name="testCreateFormattedResistanceStringFourBandYellowWhiteGreenGold" time="0.000" timestamp="2018-10-19T20:33:02"/>
	<testcase classname="create_formatted_resistance_string_tests.CreateFormattedResistanceStringTests" name="testCreateFormattedResistanceStringFourBandYellowWhiteGreenGreen" time="0.000" timestamp="2018-10-19T20:33:02"/>
	<testcase classname="create_formatted_resistance_string_tests.CreateFormattedResistanceStringTests" name="testCreateFormattedResistanceStringFourBandYellowWhiteGreenGrey" time="0.000" timestamp="2018-10-19T20:33:02"/>
	<testcase classname="create_formatted_resistance_string_tests.CreateFormattedResistanceStringTests" name="testCreateFormattedResistanceStringFourBandYellowWhiteGreenNone" time="0.000" timestamp="2018-10-19T20:33:02"/>
	<testcase classname="create_formatted_resistance_string_tests.CreateFormattedResistanceStringTests" name="testCreateFormattedResistanceStringFourBandYellowWhiteGreenRed" time="0.000" timestamp="2018-10-19T20:33:02"/>
	<testcase classname="create_formatted_resistance_string_tests.CreateFormattedResistanceStringTests" name="testCreateFormattedResistanceStringFourBandYellowWhiteGreenSilver" time="0.000" timestamp="2018-10-19T20:33:02"/>
	<testcase classname="create_formatted_resistance_string_tests.CreateFormattedResistanceStringTests" name="testCreateFormattedResistanceStringFourBandYellowWhiteGreenViolet" time="0.000" timestamp="2018-10-19T20:33:02"/>
	<testcase classname="create_formatted_resistance_string_tests.CreateFormattedResistanceStringTests" name="testCreateFormattedResistanceStringFourBandYellowWhiteGreyBlue" time="0.000" timestamp="2018-10-19T20:33:02"/>
	<testcase classname="create_formatted_resistance_string_tests.CreateFormattedResistanceStringTests" name="testCreateFormattedResistanceStringFourBandYellowWhiteGreyBrown" time="0.000" timestamp="2018-10-19T20:33:02"/>
	<testcase classname="create_formatted_resistance_string_tests.CreateFormattedResistanceStringTests" name="testCreateFormattedResistanceStringFourBandYellowWhiteGreyGold" time="0.000" timestamp="2018-10-19T20:33:02"/>
	<testcase classname="create_formatted_resistance_string_tests.CreateFormattedResistanceStringTests" name="testCreateFormattedResistanceStringFourBandYellowWhiteGreyGreen" time="0.000" timestamp="2018-10-19T20:33:02"/>
	<testcase classname="create_formatted_resistance_string_tests.CreateFormattedResistanceStringTests" name="testCreateFormattedResistanceStringFourBandYellowWhiteGreyGrey" time="0.000" timestamp="2018-10-19T20:33:02"/>
	<testcase classname="create_formatted_resistance_string_tests.CreateFormattedResistanceStringTests" name="testCreateFormattedResistanceStringFourBandYellowWhiteGreyNone" time="0.000" timestamp="2018-10-19T20:33:02"/>
	<testcase classname="create_formatted_resistance_string_tests.CreateFormattedResistanceStringTests" name="testCreateFormattedResistanceStringFourBandYellowWhiteGreyRed" time="0.000" timestamp="2018-10-19T20:33:02"/>
	<testcase classname="create_formatted_resistance_string_tests.CreateFormattedResistanceStringTests" name="testCreateFormattedResistanceStringFourBandYellowWhiteGreySilver" time="0.000" timestamp="2018-10-19T20:33:02"/>
	<testcase classname="create_formatted_resistance_string_tests.CreateFormattedResistanceStringTests" name="testCreateFormattedResistanceStringFourBandYellowWhiteGreyViolet" time="0.000" timestamp="2018-10-19T20:33:02"/>
	<testcase classname="create_formatted_resistance_string_tests.CreateFormattedResistanceStringTests" name="testCreateFormattedResistanceStringFourBandYellowWhiteOrangeBlue" time="0.000" timestamp="2018-10-19T20:33:02"/>
	<testcase classname="create_formatted_resistance_string_tests.CreateFormattedResistanceStringTests" name="testCreateFormattedResistanceStringFourBandYellowWhiteOrangeBrown" time="0.000" timestamp="2018-10-19T20:33:02"/>
	<testcase classname="create_formatted_resistance_string_tests.CreateFormattedResistanceStringTests" name="testCreateFormattedResistanceStringFourBandYellowWhiteOrangeGold" time="0.000" timestamp="2018-10-19T20:33:02"/>
	<testcase classname="create_formatted_resistance_string_tests.CreateFormattedResistanceStringTests" name="testCreateFormattedResistanceStringFourBandYellowWhiteOrangeGreen" time="0.000" timestamp="2018-10-19T20:33:02"/>
	<testcase classname="create_formatted_resistance_string_tests.CreateFormattedResistanceStringTests" name="testCreateFormattedResistanceStringFourBandYellowWhiteOrangeGrey" time="0.000" timestamp="2018-10-19T20:33:02"/>
	<testcase classname="create_formatted_resistance_string_tests.CreateFormattedResistanceStringTests" name="testCreateFormattedResistanceStringFourBandYellowWhiteOrangeNone" time="0.000" timestamp="2018-10-19T20:33:02"/>
	<testcase classname="create_formatted_resistance_string_tests.CreateFormattedResistanceStringTests" name="testCreateFormattedResistanceStringFourBandYellowWhiteOrangeRed" time="0.000" timestamp="2018-10-19T20:33:02"/>
	<testcase classname="create_formatted_resistance_string_tests.CreateFormattedResistanceStringTests" name="testCreateFormattedResistanceStringFourBandYellowWhiteOrangeSilver" time="0.000" timestamp="2018-10-19T20:33:02"/>
	<testcase classname="create_formatted_resistance_string_tests.CreateFormattedResistanceStringTests" name="testCreateFormattedResistanceStringFourBandYellowWhiteOrangeViolet" time="0.000" timestamp="2018-10-19T20:33:02"/>
	<testcase classname="create_formatted_resistance_string_tests.CreateFormattedResistanceStringTests" name="testCreateFormattedResistanceStringFourBandYellowWhiteRedBlue" time="0.000" timestamp="2018-10-19T20:33:02"/>
	<testcase classname="create_formatted_resistance_string_tests.CreateFormattedResistanceStringTests" name="testCreateFormattedResistanceStringFourBandYellowWhiteRedBrown" time="0.000" timestamp="2018-10-19T20:33:02"/>
	<testcase classname="create_formatted_resistance_string_tests.CreateFormattedResistanceStringTests" name="testCreateFormattedResistanceStringFourBandYellowWhiteRedGold" time="0.000" timestamp="2018-10-19T20:33:02"/>
	<testcase classname="create_formatted_resistance_string_tests.CreateFormattedResistanceStringTests" name="testCreateFormattedResistanceStringFourBandYellowWhiteRedGreen" time="0.000" timestamp="2018-10-19T20:33:02"/>
	<testcase classname="create_formatted_resistance_string_tests.CreateFormattedResistanceStringTests" name="testCreateFormattedResistanceStringFourBandYellowWhiteRedGrey" time="0.000" timestamp="2018-10-19T20:33:02"/>
	<testcase classname="create_formatted_resistance_string_tests.CreateFormattedResistanceStringTests" name="testCreateFormattedResistanceStringFourBandYellowWhiteRedNone" time="0.000" timestamp="2018-10-19T20:33:02"/>
	<testcase classname="create_formatted_resistance_string_tests.CreateFormattedResistanceStringTests" name="testCreateFormattedResistanceStringFourBandYellowWhiteRedRed" time="0.000" timestamp="2018-10-19T20:33:02"/>
	<testcase classname="create_formatted_resistance_string_tests.CreateFormattedResistanceStringTests" name="testCreateFormattedResistanceStringFourBandYellowWhiteRedSilver" time="0.000" timestamp="2018-10-19T20:33:02"/>
	<testcase classname="create_formatted_resistance_string_tests.CreateFormattedResistanceStringTests" name="testCreateFormattedResistanceStringFourBandYellowWhiteRedViolet" time="0.000" timestamp="2018-10-19T20:33:02"/>
	<testcase classname="create_formatted_resistance_string_tests.CreateFormattedResistanceStringTests" name="testCreateFormattedResistanceStringFourBandYellowWhiteSilverBlue" time="0.000" timestamp="2018-10-19T20:33:02"/>
	<testcase classname="create_formatted_resistance_string_tests.CreateFormattedResistanceStringTests" name="testCreateFormattedResistanceStringFourBandYellowWhiteSilverBrown" time="0.000" timestamp="2018-10-19T20:33:02"/>
	<testcase classname="create_formatted_resistance_string_tests.CreateFormattedResistanceStringTests" name="testCreateFormattedResistanceStringFourBandYellowWhiteSilverGold" time="0.000" timestamp="2018-10-19T20:33:02"/>
	<testcase classname="create_formatted_resistance_string_tests.CreateFormattedResistanceStringTests" name="testCreateFormattedResistanceStringFourBandYellowWhiteSilverGreen" time="0.000" timestamp="2018-10-19T20:33:02"/>
	<testcase classname="create_formatted_resistance_string_tests.CreateFormattedResistanceStringTests" name="testCreateFormattedResistanceStringFourBandYellowWhiteSilverGrey" time="0.000" timestamp="2018-10-19T20:33:02"/>
	<testcase classname="create_formatted_resistance_string_tests.CreateFormattedResistanceStringTests" name="testCreateFormattedResistanceStringFourBandYellowWhiteSilverNone" time="0.000" timestamp="2018-10-19T20:33:02"/>
	<testcase classname="create_formatted_resistance_string_tests.CreateFormattedResistanceStringTests" name="testCreateFormattedResistanceStringFourBandYellowWhiteSilverRed" time="0.000" timestamp="2018-10-19T20:33:02"/>
	<testcase classname="create_formatted_resistance_string_tests.CreateFormattedResistanceStringTests" name="testCreateFormattedResistanceStringFourBandYellowWhiteSilverSilver" time="0.000" timestamp="2018-10-19T20:33:02"/>
	<testcase classname="create_formatted_resistance_string_tests.CreateFormattedResistanceStringTests" name="testCreateFormattedResistanceStringFourBandYellowWhiteSilverViolet" time="0.000" timestamp="2018-10-19T20:33:02"/>
	<testcase classname="create_formatted_resistance_string_tests.CreateFormattedResistanceStringTests" name="testCreateFormattedResistanceStringFourBandYellowWhiteVioletBlue" time="0.000" timestamp="2018-10-19T20:33:02"/>
	<testcase classname="create_formatted_resistance_string_tests.CreateFormattedResistanceStringTests" name="testCreateFormattedResistanceStringFourBandYellowWhiteVioletBrown" time="0.000" timestamp="2018-10-19T20:33:02"/>
	<testcase classname="create_formatted_resistance_string_tests.CreateFormattedResistanceStringTests" name="testCreateFormattedResistanceStringFourBandYellowWhiteVioletGold" time="0.000" timestamp="2018-10-19T20:33:02"/>
	<testcase classname="create_formatted_resistance_string_tests.CreateFormattedResistanceStringTests" name="testCreateFormattedResistanceStringFourBandYellowWhiteVioletGreen" time="0.000" timestamp="2018-10-19T20:33:02"/>
	<testcase classname="create_formatted_resistance_string_tests.CreateFormattedResistanceStringTests" name="testCreateFormattedResistanceStringFourBandYellowWhiteVioletGrey" time="0.000" timestamp="2018-10-19T20:33:02"/>
	<testcase classname="create_formatted_resistance_string_tests.CreateFormattedResistanceStringTests" name="testCreateFormattedResistanceStringFourBandYellowWhiteVioletNone" time="0.000" timestamp="2018-10-19T20:33:02"/>
	<testcase classname="create_formatted_resistance_string_tests.CreateFormattedResistanceStringTests" name="testCreateFormattedResistanceStringFourBandYellowWhiteVioletRed" time="0.000" timestamp="2018-10-19T20:33:02"/>
	<testcase classname="create_formatted_resistance_string_tests.CreateFormattedResistanceStringTests" name="testCreateFormattedResistanceStringFourBandYellowWhiteVioletSilver" time="0.000" timestamp="2018-10-19T20:33:02"/>
	<testcase classname="create_formatted_resistance_string_tests.CreateFormattedResistanceStringTests" name="testCreateFormattedResistanceStringFourBandYellowWhiteVioletViolet" time="0.000" timestamp="2018-10-19T20:33:02"/>
	<testcase classname="create_formatted_resistance_string_tests.CreateFormattedResistanceStringTests" name="testCreateFormattedResistanceStringFourBandYellowWhiteWhiteBlue" time="0.000" timestamp="2018-10-19T20:33:02"/>
	<testcase classname="create_formatted_resistance_string_tests.CreateFormattedResistanceStringTests" name="testCreateFormattedResistanceStringFourBandYellowWhiteWhiteBrown" time="0.000" timestamp="2018-10-19T20:33:02"/>
	<testcase classname="create_formatted_resistance_string_tests.CreateFormattedResistanceStringTests" name="testCreateFormattedResistanceStringFourBandYellowWhiteWhiteGold" time="0.000" timestamp="2018-10-19T20:33:02"/>
	<testcase classname="create_formatted_resistance_string_tests.CreateFormattedResistanceStringTests" name="testCreateFormattedResistanceStringFourBandYellowWhiteWhiteGreen" time="0.000" timestamp="2018-10-19T20:33:02"/>
	<testcase classname="create_formatted_resistance_string_tests.CreateFormattedResistanceStringTests" name="testCreateFormattedResistanceStringFourBandYellowWhiteWhiteGrey" time="0.000" timestamp="2018-10-19T20:33:02"/>
	<testcase classname="create_formatted_resistance_string_tests.CreateFormattedResistanceStringTests" name="testCreateFormattedResistanceStringFourBandYellowWhiteWhiteNone" time="0.000" timestamp="2018-10-19T20:33:02"/>
	<testcase classname="create_formatted_resistance_string_tests.CreateFormattedResistanceStringTests" name="testCreateFormattedResistanceStringFourBandYellowWhiteWhiteRed" time="0.000" timestamp="2018-10-19T20:33:02"/>
	<testcase classname="create_formatted_resistance_string_tests.CreateFormattedResistanceStringTests" name="testCreateFormattedResistanceStringFourBandYellowWhiteWhiteSilver" time="0.000" timestamp="2018-10-19T20:33:02"/>
	<testcase classname="create_formatted_resistance_string_tests.CreateFormattedResistanceStringTests" name="testCreateFormattedResistanceStringFourBandYellowWhiteWhiteViolet" time="0.000" timestamp="2018-10-19T20:33:02"/>
	<testcase classname="create_formatted_resistance_string_tests.CreateFormattedResistanceStringTests" name="testCreateFormattedResistanceStringFourBandYellowWhiteYellowBlue" time="0.000" timestamp="2018-10-19T20:33:02"/>
	<testcase classname="create_formatted_resistance_string_tests.CreateFormattedResistanceStringTests" name="testCreateFormattedResistanceStringFourBandYellowWhiteYellowBrown" time="0.000" timestamp="2018-10-19T20:33:02"/>
	<testcase classname="create_formatted_resistance_string_tests.CreateFormattedResistanceStringTests" name="testCreateFormattedResistanceStringFourBandYellowWhiteYellowGold" time="0.000" timestamp="2018-10-19T20:33:02"/>
	<testcase classname="create_formatted_resistance_string_tests.CreateFormattedResistanceStringTests" name="testCreateFormattedResistanceStringFourBandYellowWhiteYellowGreen" time="0.000" timestamp="2018-10-19T20:33:02"/>
	<testcase classname="create_formatted_resistance_string_tests.CreateFormattedResistanceStringTests" name="testCreateFormattedResistanceStringFourBandYellowWhiteYellowGrey" time="0.000" timestamp="2018-10-19T20:33:02"/>
	<testcase classname="create_formatted_resistance_string_tests.CreateFormattedResistanceStringTests" name="testCreateFormattedResistanceStringFourBandYellowWhiteYellowNone" time="0.000" timestamp="2018-10-19T20:33:02"/>
	<testcase classname="create_formatted_resistance_string_tests.CreateFormattedResistanceStringTests" name="testCreateFormattedResistanceStringFourBandYellowWhiteYellowRed" time="0.000" timestamp="2018-10-19T20:33:02"/>
	<testcase classname="create_formatted_resistance_string_tests.CreateFormattedResistanceStringTests" name="testCreateFormattedResistanceStringFourBandYellowWhiteYellowSilver" time="0.000" timestamp="2018-10-19T20:33:02"/>
	<testcase classname="create_formatted_resistance_string_tests.CreateFormattedResistanceStringTests" name="testCreateFormattedResistanceStringFourBandYellowWhiteYellowViolet" time="0.000" timestamp="2018-10-19T20:33:02"/>
	<testcase classname="create_formatted_resistance_string_tests.CreateFormattedResistanceStringTests" name="testCreateFormattedResistanceStringFourBandYellowYellowBlackBlue" time="0.000" timestamp="2018-10-19T20:33:02"/>
	<testcase classname="create_formatted_resistance_string_tests.CreateFormattedResistanceStringTests" name="testCreateFormattedResistanceStringFourBandYellowYellowBlackBrown" time="0.000" timestamp="2018-10-19T20:33:02"/>
	<testcase classname="create_formatted_resistance_string_tests.CreateFormattedResistanceStringTests" name="testCreateFormattedResistanceStringFourBandYellowYellowBlackGold" time="0.000" timestamp="2018-10-19T20:33:02"/>
	<testcase classname="create_formatted_resistance_string_tests.CreateFormattedResistanceStringTests" name="testCreateFormattedResistanceStringFourBandYellowYellowBlackGreen" time="0.000" timestamp="2018-10-19T20:33:02"/>
	<testcase classname="create_formatted_resistance_string_tests.CreateFormattedResistanceStringTests" name="testCreateFormattedResistanceStringFourBandYellowYellowBlackGrey" time="0.000" timestamp="2018-10-19T20:33:02"/>
	<testcase classname="create_formatted_resistance_string_tests.CreateFormattedResistanceStringTests" name="testCreateFormattedResistanceStringFourBandYellowYellowBlackNone" time="0.000" timestamp="2018-10-19T20:33:02"/>
	<testcase classname="create_formatted_resistance_string_tests.CreateFormattedResistanceStringTests" name="testCreateFormattedResistanceStringFourBandYellowYellowBlackRed" time="0.000" timestamp="2018-10-19T20:33:02"/>
	<testcase classname="create_formatted_resistance_string_tests.CreateFormattedResistanceStringTests" name="testCreateFormattedResistanceStringFourBandYellowYellowBlackSilver" time="0.000" timestamp="2018-10-19T20:33:02"/>
	<testcase classname="create_formatted_resistance_string_tests.CreateFormattedResistanceStringTests" name="testCreateFormattedResistanceStringFourBandYellowYellowBlackViolet" time="0.000" timestamp="2018-10-19T20:33:02"/>
	<testcase classname="create_formatted_resistance_string_tests.CreateFormattedResistanceStringTests" name="testCreateFormattedResistanceStringFourBandYellowYellowBlueBlue" time="0.000" timestamp="2018-10-19T20:33:02"/>
	<testcase classname="create_formatted_resistance_string_tests.CreateFormattedResistanceStringTests" name="testCreateFormattedResistanceStringFourBandYellowYellowBlueBrown" time="0.000" timestamp="2018-10-19T20:33:02"/>
	<testcase classname="create_formatted_resistance_string_tests.CreateFormattedResistanceStringTests" name="testCreateFormattedResistanceStringFourBandYellowYellowBlueGold" time="0.000" timestamp="2018-10-19T20:33:02"/>
	<testcase classname="create_formatted_resistance_string_tests.CreateFormattedResistanceStringTests" name="testCreateFormattedResistanceStringFourBandYellowYellowBlueGreen" time="0.000" timestamp="2018-10-19T20:33:02"/>
	<testcase classname="create_formatted_resistance_string_tests.CreateFormattedResistanceStringTests" name="testCreateFormattedResistanceStringFourBandYellowYellowBlueGrey" time="0.000" timestamp="2018-10-19T20:33:02"/>
	<testcase classname="create_formatted_resistance_string_tests.CreateFormattedResistanceStringTests" name="testCreateFormattedResistanceStringFourBandYellowYellowBlueNone" time="0.000" timestamp="2018-10-19T20:33:02"/>
	<testcase classname="create_formatted_resistance_string_tests.CreateFormattedResistanceStringTests" name="testCreateFormattedResistanceStringFourBandYellowYellowBlueRed" time="0.000" timestamp="2018-10-19T20:33:02"/>
	<testcase classname="create_formatted_resistance_string_tests.CreateFormattedResistanceStringTests" name="testCreateFormattedResistanceStringFourBandYellowYellowBlueSilver" time="0.000" timestamp="2018-10-19T20:33:02"/>
	<testcase classname="create_formatted_resistance_string_tests.CreateFormattedResistanceStringTests" name="testCreateFormattedResistanceStringFourBandYellowYellowBlueViolet" time="0.000" timestamp="2018-10-19T20:33:02"/>
	<testcase classname="create_formatted_resistance_string_tests.CreateFormattedResistanceStringTests" name="testCreateFormattedResistanceStringFourBandYellowYellowBrownBlue" time="0.000" timestamp="2018-10-19T20:33:02"/>
	<testcase classname="create_formatted_resistance_string_tests.CreateFormattedResistanceStringTests" name="testCreateFormattedResistanceStringFourBandYellowYellowBrownBrown" time="0.000" timestamp="2018-10-19T20:33:02"/>
	<testcase classname="create_formatted_resistance_string_tests.CreateFormattedResistanceStringTests" name="testCreateFormattedResistanceStringFourBandYellowYellowBrownGold" time="0.000" timestamp="2018-10-19T20:33:02"/>
	<testcase classname="create_formatted_resistance_string_tests.CreateFormattedResistanceStringTests" name="testCreateFormattedResistanceStringFourBandYellowYellowBrownGreen" time="0.000" timestamp="2018-10-19T20:33:02"/>
	<testcase classname="create_formatted_resistance_string_tests.CreateFormattedResistanceStringTests" name="testCreateFormattedResistanceStringFourBandYellowYellowBrownGrey" time="0.000" timestamp="2018-10-19T20:33:02"/>
	<testcase classname="create_formatted_resistance_string_tests.CreateFormattedResistanceStringTests" name="testCreateFormattedResistanceStringFourBandYellowYellowBrownNone" time="0.000" timestamp="2018-10-19T20:33:02"/>
	<testcase classname="create_formatted_resistance_string_tests.CreateFormattedResistanceStringTests" name="testCreateFormattedResistanceStringFourBandYellowYellowBrownRed" time="0.000" timestamp="2018-10-19T20:33:02"/>
	<testcase classname="create_formatted_resistance_string_tests.CreateFormattedResistanceStringTests" name="testCreateFormattedResistanceStringFourBandYellowYellowBrownSilver" time="0.000" timestamp="2018-10-19T20:33:02"/>
	<testcase classname="create_formatted_resistance_string_tests.CreateFormattedResistanceStringTests" name="testCreateFormattedResistanceStringFourBandYellowYellowBrownViolet" time="0.000" timestamp="2018-10-19T20:33:02"/>
	<testcase classname="create_formatted_resistance_string_tests.CreateFormattedResistanceStringTests" name="testCreateFormattedResistanceStringFourBandYellowYellowGoldBlue" time="0.000" timestamp="2018-10-19T20:33:02"/>
	<testcase classname="create_formatted_resistance_string_tests.CreateFormattedResistanceStringTests" name="testCreateFormattedResistanceStringFourBandYellowYellowGoldBrown" time="0.000" timestamp="2018-10-19T20:33:02"/>
	<testcase classname="create_formatted_resistance_string_tests.CreateFormattedResistanceStringTests" name="testCreateFormattedResistanceStringFourBandYellowYellowGoldGold" time="0.000" timestamp="2018-10-19T20:33:02"/>
	<testcase classname="create_formatted_resistance_string_tests.CreateFormattedResistanceStringTests" name="testCreateFormattedResistanceStringFourBandYellowYellowGoldGreen" time="0.000" timestamp="2018-10-19T20:33:02"/>
	<testcase classname="create_formatted_resistance_string_tests.CreateFormattedResistanceStringTests" name="testCreateFormattedResistanceStringFourBandYellowYellowGoldGrey" time="0.000" timestamp="2018-10-19T20:33:02"/>
	<testcase classname="create_formatted_resistance_string_tests.CreateFormattedResistanceStringTests" name="testCreateFormattedResistanceStringFourBandYellowYellowGoldNone" time="0.000" timestamp="2018-10-19T20:33:02"/>
	<testcase classname="create_formatted_resistance_string_tests.CreateFormattedResistanceStringTests" name="testCreateFormattedResistanceStringFourBandYellowYellowGoldRed" time="0.000" timestamp="2018-10-19T20:33:02"/>
	<testcase classname="create_formatted_resistance_string_tests.CreateFormattedResistanceStringTests" name="testCreateFormattedResistanceStringFourBandYellowYellowGoldSilver" time="0.000" timestamp="2018-10-19T20:33:02"/>
	<testcase classname="create_formatted_resistance_string_tests.CreateFormattedResistanceStringTests" name="testCreateFormattedResistanceStringFourBandYellowYellowGoldViolet" time="0.000" timestamp="2018-10-19T20:33:02"/>
	<testcase classname="create_formatted_resistance_string_tests.CreateFormattedResistanceStringTests" name="testCreateFormattedResistanceStringFourBandYellowYellowGreenBlue" time="0.000" timestamp="2018-10-19T20:33:02"/>
	<testcase classname="create_formatted_resistance_string_tests.CreateFormattedResistanceStringTests" name="testCreateFormattedResistanceStringFourBandYellowYellowGreenBrown" time="0.000" timestamp="2018-10-19T20:33:02"/>
	<testcase classname="create_formatted_resistance_string_tests.CreateFormattedResistanceStringTests" name="testCreateFormattedResistanceStringFourBandYellowYellowGreenGold" time="0.000" timestamp="2018-10-19T20:33:02"/>
	<testcase classname="create_formatted_resistance_string_tests.CreateFormattedResistanceStringTests" name="testCreateFormattedResistanceStringFourBandYellowYellowGreenGreen" time="0.000" timestamp="2018-10-19T20:33:02"/>
	<testcase classname="create_formatted_resistance_string_tests.CreateFormattedResistanceStringTests" name="testCreateFormattedResistanceStringFourBandYellowYellowGreenGrey" time="0.000" timestamp="2018-10-19T20:33:02"/>
	<testcase classname="create_formatted_resistance_string_tests.CreateFormattedResistanceStringTests" name="testCreateFormattedResistanceStringFourBandYellowYellowGreenNone" time="0.000" timestamp="2018-10-19T20:33:02"/>
	<testcase classname="create_formatted_resistance_string_tests.CreateFormattedResistanceStringTests" name="testCreateFormattedResistanceStringFourBandYellowYellowGreenRed" time="0.000" timestamp="2018-10-19T20:33:02"/>
	<testcase classname="create_formatted_resistance_string_tests.CreateFormattedResistanceStringTests" name="testCreateFormattedResistanceStringFourBandYellowYellowGreenSilver" time="0.000" timestamp="2018-10-19T20:33:02"/>
	<testcase classname="create_formatted_resistance_string_tests.CreateFormattedResistanceStringTests" name="testCreateFormattedResistanceStringFourBandYellowYellowGreenViolet" time="0.000" timestamp="2018-10-19T20:33:02"/>
	<testcase classname="create_formatted_resistance_string_tests.CreateFormattedResistanceStringTests" name="testCreateFormattedResistanceStringFourBandYellowYellowGreyBlue" time="0.000" timestamp="2018-10-19T20:33:02"/>
	<testcase classname="create_formatted_resistance_string_tests.CreateFormattedResistanceStringTests" name="testCreateFormattedResistanceStringFourBandYellowYellowGreyBrown" time="0.000" timestamp="2018-10-19T20:33:02"/>
	<testcase classname="create_formatted_resistance_string_tests.CreateFormattedResistanceStringTests" name="testCreateFormattedResistanceStringFourBandYellowYellowGreyGold" time="0.000" timestamp="2018-10-19T20:33:02"/>
	<testcase classname="create_formatted_resistance_string_tests.CreateFormattedResistanceStringTests" name="testCreateFormattedResistanceStringFourBandYellowYellowGreyGreen" time="0.000" timestamp="2018-10-19T20:33:02"/>
	<testcase classname="create_formatted_resistance_string_tests.CreateFormattedResistanceStringTests" name="testCreateFormattedResistanceStringFourBandYellowYellowGreyGrey" time="0.000" timestamp="2018-10-19T20:33:02"/>
	<testcase classname="create_formatted_resistance_string_tests.CreateFormattedResistanceStringTests" name="testCreateFormattedResistanceStringFourBandYellowYellowGreyNone" time="0.000" timestamp="2018-10-19T20:33:02"/>
	<testcase classname="create_formatted_resistance_string_tests.CreateFormattedResistanceStringTests" name="testCreateFormattedResistanceStringFourBandYellowYellowGreyRed" time="0.000" timestamp="2018-10-19T20:33:02"/>
	<testcase classname="create_formatted_resistance_string_tests.CreateFormattedResistanceStringTests" name="testCreateFormattedResistanceStringFourBandYellowYellowGreySilver" time="0.000" timestamp="2018-10-19T20:33:02"/>
	<testcase classname="create_formatted_resistance_string_tests.CreateFormattedResistanceStringTests" name="testCreateFormattedResistanceStringFourBandYellowYellowGreyViolet" time="0.000" timestamp="2018-10-19T20:33:02"/>
	<testcase classname="create_formatted_resistance_string_tests.CreateFormattedResistanceStringTests" name="testCreateFormattedResistanceStringFourBandYellowYellowOrangeBlue" time="0.000" timestamp="2018-10-19T20:33:02"/>
	<testcase classname="create_formatted_resistance_string_tests.CreateFormattedResistanceStringTests" name="testCreateFormattedResistanceStringFourBandYellowYellowOrangeBrown" time="0.000" timestamp="2018-10-19T20:33:02"/>
	<testcase classname="create_formatted_resistance_string_tests.CreateFormattedResistanceStringTests" name="testCreateFormattedResistanceStringFourBandYellowYellowOrangeGold" time="0.000" timestamp="2018-10-19T20:33:02"/>
	<testcase classname="create_formatted_resistance_string_tests.CreateFormattedResistanceStringTests" name="testCreateFormattedResistanceStringFourBandYellowYellowOrangeGreen" time="0.000" timestamp="2018-10-19T20:33:02"/>
	<testcase classname="create_formatted_resistance_string_tests.CreateFormattedResistanceStringTests" name="testCreateFormattedResistanceStringFourBandYellowYellowOrangeGrey" time="0.000" timestamp="2018-10-19T20:33:02"/>
	<testcase classname="create_formatted_resistance_string_tests.CreateFormattedResistanceStringTests" name="testCreateFormattedResistanceStringFourBandYellowYellowOrangeNone" time="0.000" timestamp="2018-10-19T20:33:02"/>
	<testcase classname="create_formatted_resistance_string_tests.CreateFormattedResistanceStringTests" name="testCreateFormattedResistanceStringFourBandYellowYellowOrangeRed" time="0.000" timestamp="2018-10-19T20:33:02"/>
	<testcase classname="create_formatted_resistance_string_tests.CreateFormattedResistanceStringTests" name="testCreateFormattedResistanceStringFourBandYellowYellowOrangeSilver" time="0.000" timestamp="2018-10-19T20:33:02"/>
	<testcase classname="create_formatted_resistance_string_tests.CreateFormattedResistanceStringTests" name="testCreateFormattedResistanceStringFourBandYellowYellowOrangeViolet" time="0.000" timestamp="2018-10-19T20:33:02"/>
	<testcase classname="create_formatted_resistance_string_tests.CreateFormattedResistanceStringTests" name="testCreateFormattedResistanceStringFourBandYellowYellowRedBlue" time="0.000" timestamp="2018-10-19T20:33:02"/>
	<testcase classname="create_formatted_resistance_string_tests.CreateFormattedResistanceStringTests" name="testCreateFormattedResistanceStringFourBandYellowYellowRedBrown" time="0.000" timestamp="2018-10-19T20:33:02"/>
	<testcase classname="create_formatted_resistance_string_tests.CreateFormattedResistanceStringTests" name="testCreateFormattedResistanceStringFourBandYellowYellowRedGold" time="0.000" timestamp="2018-10-19T20:33:02"/>
	<testcase classname="create_formatted_resistance_string_tests.CreateFormattedResistanceStringTests" name="testCreateFormattedResistanceStringFourBandYellowYellowRedGreen" time="0.000" timestamp="2018-10-19T20:33:02"/>
	<testcase classname="create_formatted_resistance_string_tests.CreateFormattedResistanceStringTests" name="testCreateFormattedResistanceStringFourBandYellowYellowRedGrey" time="0.000" timestamp="2018-10-19T20:33:02"/>
	<testcase classname="create_formatted_resistance_string_tests.CreateFormattedResistanceStringTests" name="testCreateFormattedResistanceStringFourBandYellowYellowRedNone" time="0.000" timestamp="2018-10-19T20:33:02"/>
	<testcase classname="create_formatted_resistance_string_tests.CreateFormattedResistanceStringTests" name="testCreateFormattedResistanceStringFourBandYellowYellowRedRed" time="0.000" timestamp="2018-10-19T20:33:02"/>
	<testcase classname="create_formatted_resistance_string_tests.CreateFormattedResistanceStringTests" name="testCreateFormattedResistanceStringFourBandYellowYellowRedSilver" time="0.000" timestamp="2018-10-19T20:33:02"/>
	<testcase classname="create_formatted_resistance_string_tests.CreateFormattedResistanceStringTests" name="testCreateFormattedResistanceStringFourBandYellowYellowRedViolet" time="0.000" timestamp="2018-10-19T20:33:02"/>
	<testcase classname="create_formatted_resistance_string_tests.CreateFormattedResistanceStringTests" name="testCreateFormattedResistanceStringFourBandYellowYellowSilverBlue" time="0.000" timestamp="2018-10-19T20:33:02"/>
	<testcase classname="create_formatted_resistance_string_tests.CreateFormattedResistanceStringTests" name="testCreateFormattedResistanceStringFourBandYellowYellowSilverBrown" time="0.000" timestamp="2018-10-19T20:33:02"/>
	<testcase classname="create_formatted_resistance_string_tests.CreateFormattedResistanceStringTests" name="testCreateFormattedResistanceStringFourBandYellowYellowSilverGold" time="0.000" timestamp="2018-10-19T20:33:02"/>
	<testcase classname="create_formatted_resistance_string_tests.CreateFormattedResistanceStringTests" name="testCreateFormattedResistanceStringFourBandYellowYellowSilverGreen" time="0.000" timestamp="2018-10-19T20:33:02"/>
	<testcase classname="create_formatted_resistance_string_tests.CreateFormattedResistanceStringTests" name="testCreateFormattedResistanceStringFourBandYellowYellowSilverGrey" time="0.000" timestamp="2018-10-19T20:33:02"/>
	<testcase classname="create_formatted_resistance_string_tests.CreateFormattedResistanceStringTests" name="testCreateFormattedResistanceStringFourBandYellowYellowSilverNone" time="0.000" timestamp="2018-10-19T20:33:02"/>
	<testcase classname="create_formatted_resistance_string_tests.CreateFormattedResistanceStringTests" name="testCreateFormattedResistanceStringFourBandYellowYellowSilverRed" time="0.000" timestamp="2018-10-19T20:33:02"/>
	<testcase classname="create_formatted_resistance_string_tests.CreateFormattedResistanceStringTests" name="testCreateFormattedResistanceStringFourBandYellowYellowSilverSilver" time="0.000" timestamp="2018-10-19T20:33:02"/>
	<testcase classname="create_formatted_resistance_string_tests.CreateFormattedResistanceStringTests" name="testCreateFormattedResistanceStringFourBandYellowYellowSilverViolet" time="0.000" timestamp="2018-10-19T20:33:02"/>
	<testcase classname="create_formatted_resistance_string_tests.CreateFormattedResistanceStringTests" name="testCreateFormattedResistanceStringFourBandYellowYellowVioletBlue" time="0.000" timestamp="2018-10-19T20:33:02"/>
	<testcase classname="create_formatted_resistance_string_tests.CreateFormattedResistanceStringTests" name="testCreateFormattedResistanceStringFourBandYellowYellowVioletBrown" time="0.000" timestamp="2018-10-19T20:33:02"/>
	<testcase classname="create_formatted_resistance_string_tests.CreateFormattedResistanceStringTests" name="testCreateFormattedResistanceStringFourBandYellowYellowVioletGold" time="0.000" timestamp="2018-10-19T20:33:02"/>
	<testcase classname="create_formatted_resistance_string_tests.CreateFormattedResistanceStringTests" name="testCreateFormattedResistanceStringFourBandYellowYellowVioletGreen" time="0.000" timestamp="2018-10-19T20:33:02"/>
	<testcase classname="create_formatted_resistance_string_tests.CreateFormattedResistanceStringTests" name="testCreateFormattedResistanceStringFourBandYellowYellowVioletGrey" time="0.000" timestamp="2018-10-19T20:33:02"/>
	<testcase classname="create_formatted_resistance_string_tests.CreateFormattedResistanceStringTests" name="testCreateFormattedResistanceStringFourBandYellowYellowVioletNone" time="0.000" timestamp="2018-10-19T20:33:02"/>
	<testcase classname="create_formatted_resistance_string_tests.CreateFormattedResistanceStringTests" name="testCreateFormattedResistanceStringFourBandYellowYellowVioletRed" time="0.000" timestamp="2018-10-19T20:33:02"/>
	<testcase classname="create_formatted_resistance_string_tests.CreateFormattedResistanceStringTests" name="testCreateFormattedResistanceStringFourBandYellowYellowVioletSilver" time="0.000" timestamp="2018-10-19T20:33:02"/>
	<testcase classname="create_formatted_resistance_string_tests.CreateFormattedResistanceStringTests" name="testCreateFormattedResistanceStringFourBandYellowYellowVioletViolet" time="0.000" timestamp="2018-10-19T20:33:02"/>
	<testcase classname="create_formatted_resistance_string_tests.CreateFormattedResistanceStringTests" name="testCreateFormattedResistanceStringFourBandYellowYellowWhiteBlue" time="0.000" timestamp="2018-10-19T20:33:02"/>
	<testcase classname="create_formatted_resistance_string_tests.CreateFormattedResistanceStringTests" name="testCreateFormattedResistanceStringFourBandYellowYellowWhiteBrown" time="0.000" timestamp="2018-10-19T20:33:02"/>
	<testcase classname="create_formatted_resistance_string_tests.CreateFormattedResistanceStringTests" name="testCreateFormattedResistanceStringFourBandYellowYellowWhiteGold" time="0.000" timestamp="2018-10-19T20:33:02"/>
	<testcase classname="create_formatted_resistance_string_tests.CreateFormattedResistanceStringTests" name="testCreateFormattedResistanceStringFourBandYellowYellowWhiteGreen" time="0.000" timestamp="2018-10-19T20:33:02"/>
	<testcase classname="create_formatted_resistance_string_tests.CreateFormattedResistanceStringTests" name="testCreateFormattedResistanceStringFourBandYellowYellowWhiteGrey" time="0.000" timestamp="2018-10-19T20:33:02"/>
	<testcase classname="create_formatted_resistance_string_tests.CreateFormattedResistanceStringTests" name="testCreateFormattedResistanceStringFourBandYellowYellowWhiteNone" time="0.000" timestamp="2018-10-19T20:33:02"/>
	<testcase classname="create_formatted_resistance_string_tests.CreateFormattedResistanceStringTests" name="testCreateFormattedResistanceStringFourBandYellowYellowWhiteRed" time="0.000" timestamp="2018-10-19T20:33:02"/>
	<testcase classname="create_formatted_resistance_string_tests.CreateFormattedResistanceStringTests" name="testCreateFormattedResistanceStringFourBandYellowYellowWhiteSilver" time="0.000" timestamp="2018-10-19T20:33:02"/>
	<testcase classname="create_formatted_resistance_string_tests.CreateFormattedResistanceStringTests" name="testCreateFormattedResistanceStringFourBandYellowYellowWhiteViolet" time="0.000" timestamp="2018-10-19T20:33:02"/>
	<testcase classname="create_formatted_resistance_string_tests.CreateFormattedResistanceStringTests" name="testCreateFormattedResistanceStringFourBandYellowYellowYellowBlue" time="0.000" timestamp="2018-10-19T20:33:02"/>
	<testcase classname="create_formatted_resistance_string_tests.CreateFormattedResistanceStringTests" name="testCreateFormattedResistanceStringFourBandYellowYellowYellowBrown" time="0.000" timestamp="2018-10-19T20:33:02"/>
	<testcase classname="create_formatted_resistance_string_tests.CreateFormattedResistanceStringTests" name="testCreateFormattedResistanceStringFourBandYellowYellowYellowGold" time="0.000" timestamp="2018-10-19T20:33:02"/>
	<testcase classname="create_formatted_resistance_string_tests.CreateFormattedResistanceStringTests" name="testCreateFormattedResistanceStringFourBandYellowYellowYellowGreen" time="0.000" timestamp="2018-10-19T20:33:02"/>
	<testcase classname="create_formatted_resistance_string_tests.CreateFormattedResistanceStringTests" name="testCreateFormattedResistanceStringFourBandYellowYellowYellowGrey" time="0.000" timestamp="2018-10-19T20:33:02"/>
	<testcase classname="create_formatted_resistance_string_tests.CreateFormattedResistanceStringTests" name="testCreateFormattedResistanceStringFourBandYellowYellowYellowNone" time="0.000" timestamp="2018-10-19T20:33:02"/>
	<testcase classname="create_formatted_resistance_string_tests.CreateFormattedResistanceStringTests" name="testCreateFormattedResistanceStringFourBandYellowYellowYellowRed" time="0.000" timestamp="2018-10-19T20:33:02"/>
	<testcase classname="create_formatted_resistance_string_tests.CreateFormattedResistanceStringTests" name="testCreateFormattedResistanceStringFourBandYellowYellowYellowSilver" time="0.000" timestamp="2018-10-19T20:33:02"/>
	<testcase classname="create_formatted_resistance_string_tests.CreateFormattedResistanceStringTests" name="testCreateFormattedResistanceStringFourBandYellowYellowYellowViolet" time="0.000" timestamp="2018-10-19T20:33:02"/>
	<system-out>
<![CDATA[]]>	</system-out>
	<system-err>
<![CDATA[]]>	</system-err>
</testsuite>
