<?xml version="1.0" encoding="UTF-8"?>
<testsuite errors="0" failures="1" name="decode_significant_figures_tests.TestDecodeSignificantFiguresTests-20181018215209" skipped="0" tests="22" time="0.002" timestamp="2018-10-18T21:52:09">
	<testcase classname="decode_significant_figures_tests.TestDecodeSignificantFiguresTests" name="testDecodeSigFigWhenFiveBandsWithBlackBlackBlack" time="0.000" timestamp="2018-10-18T21:52:09"/>
	<testcase classname="decode_significant_figures_tests.TestDecodeSignificantFiguresTests" name="testDecodeSigFigWhenFiveBandsWithBlackBlackBlue" time="0.000" timestamp="2018-10-18T21:52:09"/>
	<testcase classname="decode_significant_figures_tests.TestDecodeSignificantFiguresTests" name="testDecodeSigFigWhenFiveBandsWithBlackBlackBrown" time="0.000" timestamp="2018-10-18T21:52:09"/>
	<testcase classname="decode_significant_figures_tests.TestDecodeSignificantFiguresTests" name="testDecodeSigFigWhenFiveBandsWithBlackBlackGreen" time="0.000" timestamp="2018-10-18T21:52:09"/>
	<testcase classname="decode_significant_figures_tests.TestDecodeSignificantFiguresTests" name="testDecodeSigFigWhenFiveBandsWithBlackBlackGrey" time="0.000" timestamp="2018-10-18T21:52:09"/>
	<testcase classname="decode_significant_figures_tests.TestDecodeSignificantFiguresTests" name="testDecodeSigFigWhenFiveBandsWithBlackBlackOrange" time="0.000" timestamp="2018-10-18T21:52:09"/>
	<testcase classname="decode_significant_figures_tests.TestDecodeSignificantFiguresTests" name="testDecodeSigFigWhenFiveBandsWithBlackBlackRed" time="0.000" timestamp="2018-10-18T21:52:09"/>
	<testcase classname="decode_significant_figures_tests.TestDecodeSignificantFiguresTests" name="testDecodeSigFigWhenFiveBandsWithBlackBlackViolet" time="0.000" timestamp="2018-10-18T21:52:09"/>
	<testcase classname="decode_significant_figures_tests.TestDecodeSignificantFiguresTests" name="testDecodeSigFigWhenFiveBandsWithBlackBlackWhite" time="0.000" timestamp="2018-10-18T21:52:09"/>
	<testcase classname="decode_significant_figures_tests.TestDecodeSignificantFiguresTests" name="testDecodeSigFigWhenFiveBandsWithBlackBlackYellow" time="0.000" timestamp="2018-10-18T21:52:09"/>
	<testcase classname="decode_significant_figures_tests.TestDecodeSignificantFiguresTests" name="testDecodeSigFigWhenFourBandsWithBlackBlack" time="0.000" timestamp="2018-10-18T21:52:09"/>
	<testcase classname="decode_significant_figures_tests.TestDecodeSignificantFiguresTests" name="testDecodeSigFigWhenFourBandsWithBlackBlue" time="0.000" timestamp="2018-10-18T21:52:09"/>
	<testcase classname="decode_significant_figures_tests.TestDecodeSignificantFiguresTests" name="testDecodeSigFigWhenFourBandsWithBlackBrown" time="0.000" timestamp="2018-10-18T21:52:09"/>
	<testcase classname="decode_significant_figures_tests.TestDecodeSignificantFiguresTests" name="testDecodeSigFigWhenFourBandsWithBlackGreen" time="0.000" timestamp="2018-10-18T21:52:09"/>
	<testcase classname="decode_significant_figures_tests.TestDecodeSignificantFiguresTests" name="testDecodeSigFigWhenFourBandsWithBlackGrey" time="0.000" timestamp="2018-10-18T21:52:09"/>
	<testcase classname="decode_significant_figures_tests.TestDecodeSignificantFiguresTests" name="testDecodeSigFigWhenFourBandsWithBlackOrange" time="0.000" timestamp="2018-10-18T21:52:09"/>
	<testcase classname="decode_significant_figures_tests.TestDecodeSignificantFiguresTests" name="testDecodeSigFigWhenFourBandsWithBlackRed" time="0.000" timestamp="2018-10-18T21:52:09"/>
	<testcase classname="decode_significant_figures_tests.TestDecodeSignificantFiguresTests" name="testDecodeSigFigWhenFourBandsWithBlackViolet" time="0.000" timestamp="2018-10-18T21:52:09"/>
	<testcase classname="decode_significant_figures_tests.TestDecodeSignificantFiguresTests" name="testDecodeSigFigWhenFourBandsWithBlackWhite" time="0.000" timestamp="2018-10-18T21:52:09"/>
	<testcase classname="decode_significant_figures_tests.TestDecodeSignificantFiguresTests" name="testDecodeSigFigWhenFourBandsWithBlackYellow" time="0.000" timestamp="2018-10-18T21:52:09"/>
	<testcase classname="decode_significant_figures_tests.TestDecodeSignificantFiguresTests" name="testDecodeSigFigWhenFourBandsWithBrownBrown" time="0.000" timestamp="2018-10-18T21:52:09"/>
	<testcase classname="decode_significant_figures_tests.TestDecodeSignificantFiguresTests" name="testDecodeSigFigWhenFourBandsWithBrownBlack" time="0.001" timestamp="2018-10-18T21:52:09">
		<failure message="10 != 1" type="AssertionError">
<![CDATA[Traceback (most recent call last):
  File "/Users/ras/Projects/Python/cs3280/project2/src/unittest/python/decode_significant_figures_tests.py", line 49, in testDecodeSigFigWhenFourBandsWithBrownBlack
    self.assertEquals(decodeSignificantFigures(colors), 1)
AssertionError: 10 != 1
]]>		</failure>
	</testcase>
	<system-out>
<![CDATA[]]>	</system-out>
	<system-err>
<![CDATA[]]>	</system-err>
</testsuite>
