<?xml version="1.0" encoding="UTF-8"?>
<testsuite errors="1" failures="0" name="validate_colors_list_tests.TestValidateColorsList-20181018092000" skipped="0" tests="24" time="0.002" timestamp="2018-10-18T09:20:01">
	<testcase classname="validate_colors_list_tests.TestValidateColorsList" name="testAllFourColorsInvalidInColorsListWithFourColors" time="0.000" timestamp="2018-10-18T09:20:00"/>
	<testcase classname="validate_colors_list_tests.TestValidateColorsList" name="testGoldInFirstBandInColorsListWithFourColors" time="0.000" timestamp="2018-10-18T09:20:00"/>
	<testcase classname="validate_colors_list_tests.TestValidateColorsList" name="testGoldInFirstBandSilverInSecondAndLastTwoValidColors" time="0.000" timestamp="2018-10-18T09:20:00"/>
	<testcase classname="validate_colors_list_tests.TestValidateColorsList" name="testGoldInFourthBandInColorsList" time="0.000" timestamp="2018-10-18T09:20:00"/>
	<testcase classname="validate_colors_list_tests.TestValidateColorsList" name="testGoldInSecondBandInColorsListWithFourColors" time="0.000" timestamp="2018-10-18T09:20:00"/>
	<testcase classname="validate_colors_list_tests.TestValidateColorsList" name="testGoldInThirdBandInColorsList" time="0.000" timestamp="2018-10-18T09:20:00"/>
	<testcase classname="validate_colors_list_tests.TestValidateColorsList" name="testInvalidFirstBandInColorsListWithFourColors" time="0.000" timestamp="2018-10-18T09:20:00"/>
	<testcase classname="validate_colors_list_tests.TestValidateColorsList" name="testInvalidFourthColorInColorsListWithFourColors" time="0.000" timestamp="2018-10-18T09:20:00"/>
	<testcase classname="validate_colors_list_tests.TestValidateColorsList" name="testInvalidSecondBandInColorsListWithFourColors" time="0.000" timestamp="2018-10-18T09:20:00"/>
	<testcase classname="validate_colors_list_tests.TestValidateColorsList" name="testInvalidThirdBandInColorsListWithFourColors" time="0.000" timestamp="2018-10-18T09:20:00"/>
	<testcase classname="validate_colors_list_tests.TestValidateColorsList" name="testSilverInFirstBandGoldInSecondAndLastTwoValidColors" time="0.000" timestamp="2018-10-18T09:20:00"/>
	<testcase classname="validate_colors_list_tests.TestValidateColorsList" name="testSilverInFirstBandInColorsListWithFourColors" time="0.000" timestamp="2018-10-18T09:20:00"/>
	<testcase classname="validate_colors_list_tests.TestValidateColorsList" name="testSilverInFourthBandInColorsList" time="0.000" timestamp="2018-10-18T09:20:00"/>
	<testcase classname="validate_colors_list_tests.TestValidateColorsList" name="testSilverInSecondBandInColorsListWithOthersValide" time="0.000" timestamp="2018-10-18T09:20:00"/>
	<testcase classname="validate_colors_list_tests.TestValidateColorsList" name="testSilverInThirdBandInColorsList" time="0.000" timestamp="2018-10-18T09:20:01"/>
	<testcase classname="validate_colors_list_tests.TestValidateColorsList" name="testValidFiveBandResistor" time="0.000" timestamp="2018-10-18T09:20:01"/>
	<testcase classname="validate_colors_list_tests.TestValidateColorsList" name="testValidFourBandResistor" time="0.000" timestamp="2018-10-18T09:20:01"/>
	<testcase classname="validate_colors_list_tests.TestValidateColorsList" name="testValidateColorsListWhenColorsListContainsOneColor" time="0.000" timestamp="2018-10-18T09:20:01"/>
	<testcase classname="validate_colors_list_tests.TestValidateColorsList" name="testValidateColorsListWhenColorsListContainsSixColors" time="0.000" timestamp="2018-10-18T09:20:01"/>
	<testcase classname="validate_colors_list_tests.TestValidateColorsList" name="testValidateColorsListWhenColorsListContainsThreeColors" time="0.000" timestamp="2018-10-18T09:20:01"/>
	<testcase classname="validate_colors_list_tests.TestValidateColorsList" name="testValidateColorsListWhenColorsListContainsTwoColors" time="0.000" timestamp="2018-10-18T09:20:01"/>
	<testcase classname="validate_colors_list_tests.TestValidateColorsList" name="testValidateColorsListWhenColorsListIsEmpty" time="0.000" timestamp="2018-10-18T09:20:01"/>
	<testcase classname="validate_colors_list_tests.TestValidateColorsList" name="testValidateColorsListWhenColorsListIsNone" time="0.000" timestamp="2018-10-18T09:20:01"/>
	<testcase classname="validate_colors_list_tests.TestValidateColorsList" name="testValidateColorsListWithFourColorsWhenFirstColorIsNone" time="0.001" timestamp="2018-10-18T09:20:01">
		<error message="none is not a valid color." type="ValueError">
<![CDATA[Traceback (most recent call last):
  File "/Users/ras/Projects/Python/cs3280/project2/src/unittest/python/validate_colors_list_tests.py", line 33, in testValidateColorsListWithFourColorsWhenFirstColorIsNone
    self.assertTrue(validateColorsList(colors))
  File "/Users/ras/Projects/Python/cs3280/project2/src/main/python/resistor.py", line 29, in validateColorsList
    colorsContainsOnlyValidColors(colors)
  File "/Users/ras/Projects/Python/cs3280/project2/src/main/python/resistor.py", line 154, in colorsContainsOnlyValidColors
    raise ValueError(str(band) + ' is not a valid color.')
ValueError: none is not a valid color.
]]>		</error>
	</testcase>
	<system-out>
<![CDATA[]]>	</system-out>
	<system-err>
<![CDATA[]]>	</system-err>
</testsuite>
