<?xml version="1.0" encoding="UTF-8"?>
<testsuite errors="0" failures="0" name="validate_colors_list_tests.TestValidateColorsList-20181017202759" skipped="0" tests="3" time="0.000" timestamp="2018-10-17T20:27:59">
	<testcase classname="validate_colors_list_tests.TestValidateColorsList" name="testValidateColorsLIstWhenColorsListContainsOneColor" time="0.000" timestamp="2018-10-17T20:27:59"/>
	<testcase classname="validate_colors_list_tests.TestValidateColorsList" name="testValidateColorsListWhenColorsListIsEmpty" time="0.000" timestamp="2018-10-17T20:27:59"/>
	<testcase classname="validate_colors_list_tests.TestValidateColorsList" name="testValidateColorsListWhenColorsListIsNone" time="0.000" timestamp="2018-10-17T20:27:59"/>
	<system-out>
<![CDATA[]]>	</system-out>
	<system-err>
<![CDATA[]]>	</system-err>
</testsuite>
