<?xml version="1.0" encoding="UTF-8"?>
<testsuite errors="0" failures="0" name="create_formatted_resistance_string_tests.CreateFormattedResistanceStringTests-20181024184212" skipped="0" tests="6" time="0.000" timestamp="2018-10-24T18:42:12">
	<testcase classname="create_formatted_resistance_string_tests.CreateFormattedResistanceStringTests" name="testCreateFormattedResistanceStringFourBandBlueOrangeGreenGrey" time="0.000" timestamp="2018-10-24T18:42:12"/>
	<testcase classname="create_formatted_resistance_string_tests.CreateFormattedResistanceStringTests" name="testCreateFormattedResistanceStringFourBandGreenBlueBrownRed" time="0.000" timestamp="2018-10-24T18:42:12"/>
	<testcase classname="create_formatted_resistance_string_tests.CreateFormattedResistanceStringTests" name="testCreateFormattedResistanceStringFourBandRedBrownBlackBrown" time="0.000" timestamp="2018-10-24T18:42:12"/>
	<testcase classname="create_formatted_resistance_string_tests.CreateFormattedResistanceStringTests" name="testCreateFormattedResistanceStringFourBandRedGreyYellowViolet" time="0.000" timestamp="2018-10-24T18:42:12"/>
	<testcase classname="create_formatted_resistance_string_tests.CreateFormattedResistanceStringTests" name="testCreateFormattedResistanceStringFourBandVioletGreyRedGreen" time="0.000" timestamp="2018-10-24T18:42:12"/>
	<testcase classname="create_formatted_resistance_string_tests.CreateFormattedResistanceStringTests" name="testCreateFormattedResistanceStringFourBandWhiteOrangeOrangeBlue" time="0.000" timestamp="2018-10-24T18:42:12"/>
	<system-out>
<![CDATA[]]>	</system-out>
	<system-err>
<![CDATA[]]>	</system-err>
</testsuite>
